start!
start to right
1953076
0 : 7.708858847504276 size: 0.0
1000 : 5.225085059778292 size: 0.0
2000 : 4.932930563521 size: 0.0
3000 : 4.703539071904281 size: 0.0
4000 : 4.733614365991264 size: 0.0
5000 : 4.60483719667821 size: 0.0
6000 : 4.659458886592238 size: 0.0
7000 : 4.6593863099135735 size: 0.0
8000 : 4.55931235709892 size: 0.0
9000 : 4.269230595749827 size: 0.0
10000 : 4.513864909712517 size: 0.0
11000 : 4.510658465169831 size: 0.0
12000 : 4.485132112198169 size: 0.0
13000 : 4.420151563257373 size: 0.0
14000 : 4.5507971520894 size: 0.0
15000 : 4.395320708125801 size: 0.0
16000 : 4.505421593451058 size: 0.0
17000 : 4.384144587542131 size: 0.0
18000 : 4.312454651425875 size: 0.0
19000 : 4.511275538921127 size: 0.0
20000 : 4.439199673736334 size: 0.0
21000 : 4.555042027877996 size: 0.0
22000 : 4.376606587954814 size: 0.0
23000 : 4.542662372703589 size: 0.0
24000 : 4.584558034384373 size: 0.0
25000 : 4.4769388587110654 size: 0.0
26000 : 4.4563040362952435 size: 0.0
27000 : 4.393437154133551 size: 0.0
28000 : 4.291348252581388 size: 0.0
29000 : 4.3791570906671105 size: 0.0
30000 : 4.4677109575963705 size: 0.0
31000 : 4.364237939670063 size: 0.0
32000 : 4.155018637138344 size: 0.0
33000 : 4.444313405877089 size: 0.0
34000 : 4.367993008869002 size: 0.0
35000 : 4.177228820636069 size: 0.0
36000 : 4.3083793505310295 size: 0.0
37000 : 4.46891483615241 size: 0.0
38000 : 4.342363810272124 size: 0.0
39000 : 4.376953648944256 size: 0.0
40000 : 4.168136097884952 size: 0.0
41000 : 4.448887112494134 size: 0.0
42000 : 4.232354763682427 size: 0.0
43000 : 4.380397773510435 size: 0.0
44000 : 4.252164069374107 size: 0.0
45000 : 4.377814250129173 size: 0.0
46000 : 4.3342654912082965 size: 0.0
47000 : 4.2599989110168135 size: 0.0
48000 : 4.388550439091935 size: 0.0
49000 : 4.421781958787552 size: 0.0
50000 : 4.411817971927165 size: 0.0
51000 : 4.213202775682345 size: 0.0
52000 : 4.369686694014699 size: 0.0
53000 : 4.267562708001759 size: 0.0
54000 : 4.4805577176505205 size: 0.0
55000 : 4.388762321717798 size: 0.0
56000 : 4.382785924600316 size: 0.0
57000 : 4.4022983882366065 size: 0.0
58000 : 4.1901175444570296 size: 0.0
59000 : 4.346936828958566 size: 0.0
60000 : 4.344608183865883 size: 0.0
61000 : 4.256078394507744 size: 0.0
62000 : 4.286968198429213 size: 0.0
63000 : 4.34495627675123 size: 0.0
64000 : 4.317357876801974 size: 0.0
65000 : 4.35869597072866 size: 0.0
66000 : 4.178084950272064 size: 0.0
67000 : 4.26336289166769 size: 0.0
68000 : 4.1013067354473804 size: 0.0
69000 : 4.307707930262062 size: 0.0
70000 : 4.136233316149902 size: 0.0
71000 : 4.157548157967234 size: 0.0
72000 : 4.1961561992941245 size: 0.0
73000 : 4.237550015599691 size: 0.0
74000 : 4.262247412194194 size: 0.0
75000 : 4.257445312616802 size: 0.0
76000 : 4.11268029211424 size: 0.0
77000 : 4.075436761139295 size: 0.0
78000 : 4.309749020362501 size: 0.0
79000 : 4.2646465701737295 size: 0.0
80000 : 4.0421285371813935 size: 0.0
81000 : 4.153115133158595 size: 0.0
82000 : 4.134419931079204 size: 0.0
83000 : 4.09008039592966 size: 0.0
84000 : 4.12559274954102 size: 0.0
85000 : 4.0289753040434055 size: 0.0
86000 : 4.153802031866141 size: 0.0
87000 : 4.1993007300825 size: 0.0
88000 : 4.094869080860284 size: 0.0
89000 : 4.050050402045436 size: 0.0
90000 : 4.016475604978697 size: 0.0
91000 : 4.200868523927766 size: 0.0
92000 : 4.12857492870698 size: 0.0
93000 : 4.207897110903227 size: 0.0
94000 : 4.043935386911358 size: 0.0
95000 : 4.2798921442421145 size: 0.0
96000 : 4.204628408640929 size: 0.0
97000 : 4.075464278363433 size: 0.0
98000 : 4.152347402605143 size: 0.0
99000 : 4.313976009955407 size: 0.0
100000 : 4.1809818260431975 size: 0.0
101000 : 4.126233900863436 size: 0.0
102000 : 4.108327755186203 size: 0.0
103000 : 4.12161031927764 size: 0.0
104000 : 4.032150791708936 size: 0.0
105000 : 4.216943742303912 size: 0.0
106000 : 4.147548398715467 size: 0.0
107000 : 4.2119235687252266 size: 0.0
108000 : 4.025233305525933 size: 0.0
109000 : 4.176105429960633 size: 0.0
110000 : 4.236090226859167 size: 0.0
111000 : 4.102783378487689 size: 0.0
112000 : 4.127839530891891 size: 0.0
113000 : 4.160951006697206 size: 0.0
114000 : 4.183893836287607 size: 0.0
115000 : 4.094218298509419 size: 0.0
116000 : 4.210670847096342 size: 0.0
117000 : 4.156666574898912 size: 0.0
118000 : 4.171970279103288 size: 0.0
119000 : 4.068259581153488 size: 0.0
120000 : 4.081178573921001 size: 0.0
121000 : 3.8602527563103526 size: 0.0
122000 : 4.1785806042718505 size: 0.0
123000 : 4.147617879706416 size: 0.0
124000 : 4.239903426194097 size: 0.0
125000 : 4.0936146394048905 size: 0.0
126000 : 4.031762454883288 size: 0.0
127000 : 4.163759827351098 size: 0.0
128000 : 4.101195978620225 size: 0.0
129000 : 4.2835171945570005 size: 0.0
130000 : 4.151412160949751 size: 0.0
131000 : 4.254169387083167 size: 0.0
132000 : 4.133224995621009 size: 0.0
133000 : 4.188725172915644 size: 0.0
134000 : 4.2308523232444895 size: 0.0
135000 : 4.174082226055884 size: 0.0
136000 : 4.337552423631586 size: 0.0
137000 : 4.320335928384314 size: 0.0
138000 : 4.083225167466268 size: 0.0
139000 : 4.086938960828999 size: 0.0
140000 : 4.106259147861626 size: 0.0
141000 : 4.068940288485603 size: 0.0
142000 : 4.167501137937967 size: 0.0
143000 : 4.153120636603423 size: 0.0
144000 : 4.293329836684629 size: 0.0
145000 : 4.244236701065237 size: 0.0
146000 : 4.1041561440068755 size: 0.0
147000 : 3.975156773108907 size: 0.0
148000 : 4.082583328213248 size: 0.0
149000 : 4.3686799075765474 size: 0.0
150000 : 4.374148611908684 size: 0.0
151000 : 4.064236219019204 size: 0.0
152000 : 4.2293629534880175 size: 0.0
153000 : 4.149543741430778 size: 0.0
154000 : 4.195229900736577 size: 0.0
155000 : 4.274575128608039 size: 0.0
156000 : 4.1352805322641215 size: 0.0
157000 : 4.133766053040624 size: 0.0
158000 : 4.313887266907562 size: 0.0
159000 : 4.390071453656166 size: 0.0
160000 : 4.126257290503953 size: 0.0
161000 : 4.063306136843337 size: 0.0
162000 : 4.208107961633185 size: 0.0
163000 : 4.206030411210762 size: 0.0
164000 : 4.150577357162463 size: 0.0
165000 : 4.266097071851107 size: 0.0
166000 : 4.0679606753062885 size: 0.0
167000 : 4.017020102051329 size: 0.0
168000 : 4.2820611894347955 size: 0.0
169000 : 4.099770242444572 size: 0.0
170000 : 4.335775842848173 size: 0.0
171000 : 4.0723806294334635 size: 0.0
172000 : 4.174403489647695 size: 0.0
173000 : 4.215620851753475 size: 0.0
174000 : 4.117216162548096 size: 0.0
175000 : 4.2632989141215685 size: 0.0
176000 : 4.132078215305056 size: 0.0
177000 : 4.203883723762693 size: 0.0
178000 : 4.173990387320322 size: 0.0
179000 : 4.221176579306948 size: 0.0
180000 : 4.184126356831573 size: 0.0
181000 : 4.192078490642167 size: 0.0
182000 : 4.240125971744313 size: 0.0
183000 : 4.193270674377948 size: 0.0
184000 : 4.183552278742993 size: 0.0
185000 : 4.128407761570342 size: 0.0
186000 : 4.25459246440429 size: 0.0
187000 : 4.137371841298613 size: 0.0
188000 : 4.208443671767669 size: 0.0
189000 : 4.2459090603622265 size: 0.0
190000 : 4.197964768850598 size: 0.0
191000 : 4.136343041081152 size: 0.0
192000 : 4.153491087233381 size: 0.0
193000 : 4.2797985856800445 size: 0.0
194000 : 4.320431206772892 size: 0.0
195000 : 4.191088558503801 size: 0.0
196000 : 4.25871660837198 size: 0.0
197000 : 4.148070194078185 size: 0.0
198000 : 4.146728729401455 size: 0.0
199000 : 4.194670613155972 size: 0.0
200000 : 4.217165943888827 size: 0.0
201000 : 3.9916299593391504 size: 0.0
202000 : 4.1500524661120295 size: 0.0
203000 : 4.4773158446817565 size: 0.0
204000 : 4.256145123776279 size: 0.0
205000 : 4.173803614161486 size: 0.0
206000 : 3.925048251918821 size: 0.0
207000 : 4.1904264252979795 size: 0.0
208000 : 4.304957927674765 size: 0.0
209000 : 4.254069293180365 size: 0.0
210000 : 4.146480730418911 size: 0.0
211000 : 3.9971402834727945 size: 0.0
212000 : 4.1719675273808745 size: 0.0
213000 : 4.17546496656882 size: 0.0
214000 : 4.161123333313371 size: 0.0
215000 : 4.105461836292226 size: 0.0
216000 : 4.065678121564038 size: 0.0
217000 : 4.292288309751004 size: 0.0
218000 : 4.339276721689137 size: 0.0
219000 : 4.148170287980987 size: 0.0
220000 : 4.115271382732139 size: 0.0
221000 : 4.177141109484129 size: 0.0
222000 : 4.08709443314538 size: 0.0
223000 : 4.158047939550642 size: 0.0
224000 : 4.373226096969455 size: 0.0
225000 : 4.1444403282490745 size: 0.0
226000 : 3.9862530937425755 size: 0.0
227000 : 4.172100641952642 size: 0.0
228000 : 4.135961239596236 size: 0.0
229000 : 4.056752909914861 size: 0.0
230000 : 4.260073207521986 size: 0.0
231000 : 4.257400597127578 size: 0.0
232000 : 4.462573147884495 size: 0.0
233000 : 4.360727085835349 size: 0.0
234000 : 4.373996923210623 size: 0.0
235000 : 4.236443823189341 size: 0.0
236000 : 4.050051777906643 size: 0.0
237000 : 4.212585701931049 size: 0.0
238000 : 4.232687722094497 size: 0.0
239000 : 3.97160533136859 size: 0.0
240000 : 4.207190606173483 size: 0.0
241000 : 4.20753697923232 size: 0.0
242000 : 4.194379618510712 size: 0.0
243000 : 4.259993407571986 size: 0.0
244000 : 4.117988020685168 size: 0.0
245000 : 4.123414417285191 size: 0.0
246000 : 4.120320793361471 size: 0.0
247000 : 4.237481222539346 size: 0.0
248000 : 4.112136826937514 size: 0.0
249000 : 4.2396451082525015 size: 0.0
250000 : 4.092556258171481 size: 0.0
251000 : 4.089543122128364 size: 0.0
252000 : 4.137882285806374 size: 0.0
253000 : 4.162962171816396 size: 0.0
254000 : 4.15781438711077 size: 0.0
255000 : 4.266559017251324 size: 0.0
256000 : 4.105738040429512 size: 0.0
257000 : 4.090220733772764 size: 0.0
258000 : 4.185189897544508 size: 0.0
259000 : 4.078195018893833 size: 0.0
260000 : 4.103427969463122 size: 0.0
261000 : 4.197698539707062 size: 0.0
262000 : 4.177879602986934 size: 0.0
263000 : 4.114526697853903 size: 0.0
264000 : 4.196138657063736 size: 0.0
265000 : 4.188898531427714 size: 0.0
266000 : 3.9703495140519895 size: 0.0
267000 : 4.06875007567375 size: 0.0
268000 : 3.987460755916934 size: 0.0
269000 : 4.193472582010061 size: 0.0
270000 : 4.101735316213331 size: 0.0
271000 : 3.9158550912996 size: 0.0
272000 : 3.9683668980528433 size: 0.0
273000 : 4.162175179206048 size: 0.0
274000 : 4.182709219788463 size: 0.0
275000 : 3.917660565168358 size: 0.0
276000 : 3.9269486602108548 size: 0.0
277000 : 4.222029957220529 size: 0.0
278000 : 4.022917387149414 size: 0.0
279000 : 4.028317642386506 size: 0.0
280000 : 4.150574261474747 size: 0.0
281000 : 4.250851841748024 size: 0.0
282000 : 4.104896357336189 size: 0.0
283000 : 4.129780183124227 size: 0.0
284000 : 4.336419401927702 size: 0.0
285000 : 4.1349437902337325 size: 0.0
286000 : 4.231592880539105 size: 0.0
287000 : 4.156465699162704 size: 0.0
288000 : 4.108014746761634 size: 0.0
289000 : 4.0698469810209525 size: 0.0
290000 : 4.323718483161484 size: 0.0
291000 : 4.06634025476986 size: 0.0
292000 : 4.2298699583427615 size: 0.0
293000 : 4.119125513937974 size: 0.0
294000 : 4.407386322979732 size: 0.0
295000 : 4.2734820068791555 size: 0.0
296000 : 4.384480985607219 size: 0.0
297000 : 3.9952890622189074 size: 0.0
298000 : 4.2886006577512035 size: 0.0
299000 : 4.325803600820544 size: 0.0
300000 : 4.304208427282305 size: 0.0
301000 : 4.327786560784992 size: 0.0
302000 : 4.118468540211678 size: 0.0
303000 : 4.092101192077298 size: 0.0
304000 : 4.356984743352575 size: 0.0
305000 : 4.248781514596938 size: 0.0
306000 : 4.043423222577088 size: 0.0
307000 : 4.1397245639624165 size: 0.0
308000 : 4.242969188928377 size: 0.0
309000 : 4.0451382335714925 size: 0.0
310000 : 4.139098203147974 size: 0.0
311000 : 4.078891892595129 size: 0.0
312000 : 4.106773032022404 size: 0.0
313000 : 4.106135320353005 size: 0.0
314000 : 4.146725289748438 size: 0.0
315000 : 3.9288710822821993 size: 0.0
316000 : 4.1308024480009555 size: 0.0
317000 : 3.9738858213190307 size: 0.0
318000 : 4.169854204567072 size: 0.0
319000 : 4.186064257341495 size: 0.0
320000 : 4.08781400855659 size: 0.0
321000 : 4.118282111018143 size: 0.0
322000 : 4.191614137484838 size: 0.0
323000 : 4.150875575079059 size: 0.0
324000 : 4.180705621905911 size: 0.0
325000 : 4.196566893864385 size: 0.0
326000 : 4.1358061112451585 size: 0.0
327000 : 4.009874910838582 size: 0.0
328000 : 3.997774899454478 size: 0.0
329000 : 4.109034259915949 size: 0.0
330000 : 4.15132616962432 size: 0.0
331000 : 4.072747984375706 size: 0.0
332000 : 4.046425695695851 size: 0.0
333000 : 4.158447971196549 size: 0.0
334000 : 4.157612823443959 size: 0.0
335000 : 4.009708775597849 size: 0.0
336000 : 4.084164192739979 size: 0.0
337000 : 4.1665373471625315 size: 0.0
338000 : 4.2117068705851395 size: 0.0
339000 : 4.165230966946578 size: 0.0
340000 : 4.105315995004294 size: 0.0
341000 : 4.028335528582196 size: 0.0
342000 : 4.140772282271473 size: 0.0
343000 : 4.273860368711054 size: 0.0
344000 : 4.123296093221398 size: 0.0
345000 : 4.103629189164632 size: 0.0
346000 : 4.010798801639017 size: 0.0
347000 : 4.130346350010868 size: 0.0
348000 : 4.173556991040148 size: 0.0
349000 : 4.2009586428368175 size: 0.0
350000 : 4.065460047562744 size: 0.0
351000 : 4.140125283538927 size: 0.0
352000 : 4.182827543852257 size: 0.0
353000 : 4.152099747587901 size: 0.0
354000 : 4.079453587932847 size: 0.0
355000 : 4.113934733569633 size: 0.0
356000 : 4.185401092239768 size: 0.0
357000 : 4.1555352730215365 size: 0.0
358000 : 4.192747159188722 size: 0.0
359000 : 4.362249820226089 size: 0.0
360000 : 4.193051224515448 size: 0.0
361000 : 4.199785721157934 size: 0.0
362000 : 4.07959770939427 size: 0.0
363000 : 4.1117739435441925 size: 0.0
364000 : 4.151019696540482 size: 0.0
365000 : 3.905496920203435 size: 0.0
366000 : 4.179415408059139 size: 0.0
367000 : 4.255903660134468 size: 0.0
368000 : 4.160799317999145 size: 0.0
369000 : 4.017282891541846 size: 0.0
370000 : 4.054347560559894 size: 0.0
371000 : 4.091997314556177 size: 0.0
372000 : 4.071326719748976 size: 0.0
373000 : 4.242149175649064 size: 0.0
374000 : 4.099354388394786 size: 0.0
375000 : 4.074611932345757 size: 0.0
376000 : 4.241950019739365 size: 0.0
377000 : 4.0291889064957775 size: 0.0
378000 : 4.200369774240263 size: 0.0
379000 : 4.005749734974986 size: 0.0
380000 : 4.114712439116834 size: 0.0
381000 : 4.19501905000662 size: 0.0
382000 : 4.045330510175157 size: 0.0
383000 : 4.214886829799593 size: 0.0
384000 : 4.350655781800824 size: 0.0
385000 : 4.133416928259372 size: 0.0
386000 : 4.2173382705049915 size: 0.0
387000 : 4.1820632529518225 size: 0.0
388000 : 4.290050815463278 size: 0.0
389000 : 4.164600478548515 size: 0.0
390000 : 4.089491183367804 size: 0.0
391000 : 4.201914522410314 size: 0.0
392000 : 4.10109726057863 size: 0.0
393000 : 4.2103103714601335 size: 0.0
394000 : 4.1991263396745255 size: 0.0
395000 : 4.011759840692038 size: 0.0
396000 : 4.261196942162724 size: 0.0
397000 : 4.192626771333118 size: 0.0
398000 : 3.960462231453887 size: 0.0
399000 : 4.101094852821517 size: 0.0
400000 : 4.126192281061927 size: 0.0
401000 : 4.172722531218162 size: 0.0
402000 : 4.084395337422738 size: 0.0
403000 : 4.081118036027897 size: 0.0
404000 : 4.152800404907516 size: 0.0
405000 : 4.010834230065095 size: 0.0
406000 : 4.0327513551257494 size: 0.0
407000 : 4.101062520083155 size: 0.0
408000 : 4.144294486961143 size: 0.0
409000 : 4.06404600620735 size: 0.0
410000 : 4.0013992618387615 size: 0.0
411000 : 4.06630241858667 size: 0.0
412000 : 4.083497931950537 size: 0.0
413000 : 4.040790512157681 size: 0.0
414000 : 4.227747348465813 size: 0.0
415000 : 4.12163611667527 size: 0.0
416000 : 4.11525968791188 size: 0.0
417000 : 4.171668277568373 size: 0.0
418000 : 4.0435652802467015 size: 0.0
419000 : 4.188686992767153 size: 0.0
420000 : 4.0720648692864785 size: 0.0
421000 : 4.036754423307232 size: 0.0
422000 : 3.9388189027734057 size: 0.0
423000 : 4.185485363738691 size: 0.0
424000 : 3.9783494590395243 size: 0.0
425000 : 4.165552918468993 size: 0.0
426000 : 4.173105708564284 size: 0.0
427000 : 4.06986245945953 size: 0.0
428000 : 4.00996812543535 size: 0.0
429000 : 4.003903673200625 size: 0.0
430000 : 4.144376694668256 size: 0.0
431000 : 4.208078380617236 size: 0.0
432000 : 4.136929501920594 size: 0.0
433000 : 4.112247583764669 size: 0.0
434000 : 4.053124075981656 size: 0.0
435000 : 4.028016672747496 size: 0.0
436000 : 3.989033021311122 size: 0.0
437000 : 4.036875155128138 size: 0.0
438000 : 4.098584938014826 size: 0.0
439000 : 4.322719951890575 size: 0.0
440000 : 4.195190688692181 size: 0.0
441000 : 4.426271049940373 size: 0.0
442000 : 4.271846107904149 size: 0.0
443000 : 4.116347650161238 size: 0.0
444000 : 4.150866631981215 size: 0.0
445000 : 4.208921095606464 size: 0.0
446000 : 4.10809179498922 size: 0.0
447000 : 4.213704965022864 size: 0.0
448000 : 4.107849643416805 size: 0.0
449000 : 4.214120131142047 size: 0.0
450000 : 4.186349060611324 size: 0.0
451000 : 4.328123646780684 size: 0.0
452000 : 4.085447183315416 size: 0.0
453000 : 4.107436885054734 size: 0.0
454000 : 4.02798158828672 size: 0.0
455000 : 3.952412411497602 size: 0.0
456000 : 4.221774391001347 size: 0.0
457000 : 4.02920541683026 size: 0.0
458000 : 4.08334108377295 size: 0.0
459000 : 4.072138477861048 size: 0.0
460000 : 3.9777495835533148 size: 0.0
461000 : 4.037317838471459 size: 0.0
462000 : 4.111701022900227 size: 0.0
463000 : 4.090199407924057 size: 0.0
464000 : 4.072239259694454 size: 0.0
465000 : 4.2327750892811355 size: 0.0
466000 : 4.037501171977278 size: 0.0
467000 : 4.164200102937306 size: 0.0
468000 : 4.003186849511829 size: 0.0
469000 : 4.125020391278948 size: 0.0
470000 : 4.195221645569336 size: 0.0
471000 : 4.118017257735814 size: 0.0
472000 : 3.913472099689245 size: 0.0
473000 : 4.135327655510458 size: 0.0
474000 : 3.972904144347906 size: 0.0
475000 : 3.9372824097705976 size: 0.0
476000 : 4.154538461577135 size: 0.0
477000 : 4.036174153843221 size: 0.0
478000 : 4.13330479557101 size: 0.0
479000 : 4.090930334190224 size: 0.0
480000 : 4.129854823594702 size: 0.0
481000 : 3.9975317159861583 size: 0.0
482000 : 4.12423546246041 size: 0.0
483000 : 3.980347553477248 size: 0.0
484000 : 4.142101708162643 size: 0.0
485000 : 3.9419472671926004 size: 0.0
486000 : 4.062487499425231 size: 0.0
487000 : 4.241908055972554 size: 0.0
488000 : 4.281672508643846 size: 0.0
489000 : 4.260862607889446 size: 0.0
490000 : 4.064851228978689 size: 0.0
491000 : 4.186300217538479 size: 0.0
492000 : 4.245703025146493 size: 0.0
493000 : 4.1484918955381005 size: 0.0
494000 : 4.1524265146245405 size: 0.0
495000 : 4.114393239316834 size: 0.0
496000 : 4.169011145612543 size: 0.0
497000 : 4.097011640724733 size: 0.0
498000 : 4.156322265631885 size: 0.0
499000 : 4.091094749604449 size: 0.0
500000 : 4.26025757292371 size: 0.0
501000 : 4.2766801962546 size: 0.0
502000 : 4.060465671381688 size: 0.0
503000 : 4.117604499373744 size: 0.0
504000 : 4.375224191407179 size: 0.0
505000 : 4.102850795686827 size: 0.0
506000 : 4.099485783140045 size: 0.0
507000 : 4.353311193930145 size: 0.0
508000 : 4.254223045670236 size: 0.0
509000 : 4.124189715075281 size: 0.0
510000 : 4.1345444465184285 size: 0.0
511000 : 4.370020684322674 size: 0.0
512000 : 4.2739766289830365 size: 0.0
513000 : 4.18625275032684 size: 0.0
514000 : 4.028711138691681 size: 0.0
515000 : 4.21658636235542 size: 0.0
516000 : 4.229481277551811 size: 0.0
517000 : 4.127101381354388 size: 0.0
518000 : 3.976679507499646 size: 0.0
519000 : 4.415948995200889 size: 0.0
520000 : 4.164178089157995 size: 0.0
521000 : 4.131190096896001 size: 0.0
522000 : 3.989461602077072 size: 0.0
523000 : 4.222013102920744 size: 0.0
524000 : 4.210730009128239 size: 0.0
525000 : 4.2927444077410915 size: 0.0
526000 : 4.185049903666706 size: 0.0
527000 : 4.117208251346156 size: 0.0
528000 : 4.001504859186391 size: 0.0
529000 : 4.29152814643419 size: 0.0
530000 : 4.274679694059764 size: 0.0
531000 : 4.097931747906848 size: 0.0
532000 : 4.130866425547077 size: 0.0
533000 : 4.2058570526986925 size: 0.0
534000 : 4.141632539491089 size: 0.0
535000 : 3.925050315710631 size: 0.0
536000 : 3.9775806965901674 size: 0.0
537000 : 4.004746044224551 size: 0.0
538000 : 4.075292639677872 size: 0.0
539000 : 4.285687959576191 size: 0.0
540000 : 4.248027542655555 size: 0.0
541000 : 4.340227441783107 size: 0.0
542000 : 4.146093081523866 size: 0.0
543000 : 4.104301297364204 size: 0.0
544000 : 4.059077083458622 size: 0.0
545000 : 4.230436469194703 size: 0.0
546000 : 4.071535162721822 size: 0.0
547000 : 4.191373017808329 size: 0.0
548000 : 4.256434054629729 size: 0.0
549000 : 4.152967916009456 size: 0.0
550000 : 4.2055915114857605 size: 0.0
551000 : 4.190680959621257 size: 0.0
552000 : 4.088546310683964 size: 0.0
553000 : 4.179864970708494 size: 0.0
554000 : 4.0896535349902186 size: 0.0
555000 : 4.125560416802657 size: 0.0
556000 : 4.122088431047039 size: 0.0
557000 : 4.130341190531341 size: 0.0
558000 : 4.193943814473426 size: 0.0
559000 : 4.238459115892152 size: 0.0
560000 : 4.236933629778998 size: 0.0
561000 : 4.142364841618463 size: 0.0
562000 : 3.9385688399990513 size: 0.0
563000 : 4.169014929230862 size: 0.0
564000 : 3.9438101832667463 size: 0.0
565000 : 4.198656139107066 size: 0.0
566000 : 4.174964497054809 size: 0.0
567000 : 4.09076213515768 size: 0.0
568000 : 4.15211556999178 size: 0.0
569000 : 4.202539507363548 size: 0.0
570000 : 4.200399699221514 size: 0.0
571000 : 3.9916836179262196 size: 0.0
572000 : 4.132983188013896 size: 0.0
573000 : 4.157958508572193 size: 0.0
574000 : 4.068872183355862 size: 0.0
575000 : 4.109740076715089 size: 0.0
576000 : 4.139479660667588 size: 0.0
577000 : 3.8923347439676026 size: 0.0
578000 : 4.133959705505495 size: 0.0
579000 : 3.9736601800810987 size: 0.0
580000 : 3.917441115305857 size: 0.0
581000 : 4.050293241548454 size: 0.0
582000 : 4.1121701915717805 size: 0.0
583000 : 4.1724645572418675 size: 0.0
584000 : 4.00575627031572 size: 0.0
585000 : 4.001210080922812 size: 0.0
586000 : 4.065279121814036 size: 0.0
587000 : 4.147713502060296 size: 0.0
588000 : 4.129995505403107 size: 0.0
589000 : 4.215620163822872 size: 0.0
590000 : 4.031504480906994 size: 0.0
591000 : 4.257408508329517 size: 0.0
592000 : 4.100022025045435 size: 0.0
593000 : 3.9444282889139473 size: 0.0
594000 : 4.139076533333966 size: 0.0
595000 : 4.094705697341964 size: 0.0
596000 : 3.9917262696236335 size: 0.0
597000 : 4.1451973958781725 size: 0.0
598000 : 3.987346559436761 size: 0.0
599000 : 3.9916898093016506 size: 0.0
600000 : 4.191281867003371 size: 0.0
601000 : 3.960859167412078 size: 0.0
602000 : 4.193797629220192 size: 0.0
603000 : 4.110596894281688 size: 0.0
604000 : 3.858548752205604 size: 0.0
605000 : 4.180902370058499 size: 0.0
606000 : 4.083828826570797 size: 0.0
607000 : 3.9640614843711437 size: 0.0
608000 : 4.1147162227351535 size: 0.0
609000 : 4.049669632456426 size: 0.0
610000 : 4.243261215469543 size: 0.0
611000 : 4.2194182286845265 size: 0.0
612000 : 4.063057449930191 size: 0.0
613000 : 4.297158858423439 size: 0.0
614000 : 3.989124172116079 size: 0.0
615000 : 4.166831781460809 size: 0.0
616000 : 4.128808137181551 size: 0.0
617000 : 4.1636910342907525 size: 0.0
618000 : 4.038958208995388 size: 0.0
619000 : 4.193928680000149 size: 0.0
620000 : 4.212478728722212 size: 0.0
621000 : 3.9829475871929922 size: 0.0
622000 : 4.227781057065381 size: 0.0
623000 : 4.155425892055588 size: 0.0
624000 : 4.094840187774939 size: 0.0
625000 : 4.225990373704597 size: 0.0
626000 : 4.17213022296859 size: 0.0
627000 : 3.9432447043107093 size: 0.0
628000 : 3.960838185528673 size: 0.0
629000 : 3.9959959109139533 size: 0.0
630000 : 3.9722963576597565 size: 0.0
631000 : 3.995546348264598 size: 0.0
632000 : 4.019368353166209 size: 0.0
633000 : 4.076557744057619 size: 0.0
634000 : 3.9449693463335618 size: 0.0
635000 : 4.149894242073236 size: 0.0
636000 : 3.9579378701045225 size: 0.0
637000 : 4.134296103570583 size: 0.0
638000 : 4.0309902527809145 size: 0.0
639000 : 4.000150323828196 size: 0.0
640000 : 4.19743093470232 size: 0.0
641000 : 4.101812364440917 size: 0.0
642000 : 3.9996412551816416 size: 0.0
643000 : 3.9879419633740483 size: 0.0
644000 : 4.18629643392016 size: 0.0
645000 : 4.046754870489603 size: 0.0
646000 : 3.953770386508815 size: 0.0
647000 : 4.055127329898906 size: 0.0
648000 : 4.23373475247295 size: 0.0
649000 : 4.227150224702017 size: 0.0
650000 : 4.233414176811742 size: 0.0
651000 : 4.115697899706278 size: 0.0
652000 : 4.015045741219423 size: 0.0
653000 : 4.153117884881008 size: 0.0
654000 : 4.213356528172216 size: 0.0
655000 : 4.082480826553334 size: 0.0
656000 : 4.0145834518539045 size: 0.0
657000 : 4.110819095866603 size: 0.0
658000 : 4.067383845495295 size: 0.0
659000 : 4.187499968510898 size: 0.0
660000 : 4.165323837578044 size: 0.0
661000 : 4.162162108524582 size: 0.0
662000 : 4.074431694527653 size: 0.0
663000 : 4.003254954641571 size: 0.0
664000 : 4.15475275196011 size: 0.0
665000 : 4.057874580763788 size: 0.0
666000 : 4.110669814925654 size: 0.0
667000 : 3.998796820365905 size: 0.0
668000 : 4.096280026527962 size: 0.0
669000 : 3.9715840055198828 size: 0.0
670000 : 4.144478164432265 size: 0.0
671000 : 4.084692179478128 size: 0.0
672000 : 3.946455276437016 size: 0.0
673000 : 4.070345042777851 size: 0.0
674000 : 4.2001489485165555 size: 0.0
675000 : 4.126106977667099 size: 0.0
676000 : 4.239840480543881 size: 0.0
677000 : 4.016599088522017 size: 0.0
678000 : 4.189872641162201 size: 0.0
679000 : 4.155725141868089 size: 0.0
680000 : 4.134546510310239 size: 0.0
681000 : 3.9882167916501268 size: 0.0
682000 : 3.984949809214337 size: 0.0
683000 : 4.04353707509196 size: 0.0
684000 : 4.066032061859513 size: 0.0
685000 : 4.128282214235212 size: 0.0
686000 : 3.951234330339192 size: 0.0
687000 : 4.168674747547454 size: 0.0
688000 : 4.056372140325851 size: 0.0
689000 : 4.080064814274014 size: 0.0
690000 : 4.083618663771443 size: 0.0
691000 : 4.165230279015974 size: 0.0
692000 : 4.185201936330069 size: 0.0
693000 : 4.030024742178971 size: 0.0
694000 : 3.927810637256979 size: 0.0
695000 : 4.131638971614753 size: 0.0
696000 : 4.211305119112724 size: 0.0
697000 : 4.071464305869666 size: 0.0
698000 : 4.159272456024785 size: 0.0
699000 : 4.020212444016644 size: 0.0
700000 : 4.163625680883424 size: 0.0
701000 : 4.189328144089569 size: 0.0
702000 : 4.215922853288391 size: 0.0
703000 : 4.057050783866155 size: 0.0
704000 : 4.043940202425582 size: 0.0
705000 : 4.192204725907901 size: 0.0
706000 : 4.138958897200776 size: 0.0
707000 : 4.177100177613224 size: 0.0
708000 : 4.250509940238109 size: 0.0
709000 : 4.072951611834328 size: 0.0
710000 : 4.079971943642548 size: 0.0
711000 : 4.198124024785297 size: 0.0
712000 : 4.122744028912128 size: 0.0
713000 : 4.127285402790811 size: 0.0
714000 : 4.142219344295833 size: 0.0
715000 : 4.125846939898994 size: 0.0
716000 : 3.9933570091191144 size: 0.0
717000 : 4.086992963381371 size: 0.0
718000 : 4.056998501140294 size: 0.0
719000 : 4.1081076173931 size: 0.0
720000 : 3.984713849017353 size: 0.0
721000 : 3.993916984630324 size: 0.0
722000 : 3.9432471120678216 size: 0.0
723000 : 3.958461385293749 size: 0.0
724000 : 4.002829813528638 size: 0.0
725000 : 4.238578815817152 size: 0.0
726000 : 4.064108951857565 size: 0.0
727000 : 4.0660138316985215 size: 0.0
728000 : 4.052999904507733 size: 0.0
729000 : 3.9970236792355096 size: 0.0
730000 : 4.048262814372368 size: 0.0
731000 : 4.0945364664135155 size: 0.0
732000 : 4.119217352673535 size: 0.0
733000 : 4.243888264214589 size: 0.0
734000 : 4.068996698795086 size: 0.0
735000 : 4.033278997898597 size: 0.0
736000 : 4.038802048748405 size: 0.0
737000 : 4.324703599785626 size: 0.0
738000 : 4.084894775040844 size: 0.0
739000 : 4.097474618020855 size: 0.0
740000 : 3.995565266356193 size: 0.0
741000 : 4.171629065523976 size: 0.0
742000 : 4.025345094248993 size: 0.0
743000 : 4.021341682102209 size: 0.0
744000 : 4.185421730157872 size: 0.0
745000 : 4.042340419807256 size: 0.0
746000 : 4.128967393116249 size: 0.0
747000 : 4.0794387974248725 size: 0.0
748000 : 4.099846258776253 size: 0.0
749000 : 4.235561208225113 size: 0.0
750000 : 4.237655268982019 size: 0.0
751000 : 4.137649077331804 size: 0.0
752000 : 4.135960895630935 size: 0.0
753000 : 3.992390810586567 size: 0.0
754000 : 4.0885621330878426 size: 0.0
755000 : 4.022520795156525 size: 0.0
756000 : 4.065490660474597 size: 0.0
757000 : 3.9706532354134136 size: 0.0
758000 : 3.960315014304748 size: 0.0
759000 : 3.9290148597783205 size: 0.0
760000 : 3.9583251750342656 size: 0.0
761000 : 3.933691412020582 size: 0.0
762000 : 4.056591934153654 size: 0.0
763000 : 4.107390449739001 size: 0.0
764000 : 4.070582722801343 size: 0.0
765000 : 4.3008296561234545 size: 0.0
766000 : 4.0857220115914945 size: 0.0
767000 : 4.006264307066369 size: 0.0
768000 : 4.106450392569386 size: 0.0
769000 : 3.949763878674315 size: 0.0
770000 : 4.102844604311396 size: 0.0
771000 : 4.1035105211355365 size: 0.0
772000 : 4.242191827346478 size: 0.0
773000 : 4.154885178601274 size: 0.0
774000 : 4.271859178585614 size: 0.0
775000 : 4.077929821646203 size: 0.0
776000 : 4.01490953095994 size: 0.0
777000 : 4.170895387535396 size: 0.0
778000 : 4.1461587788964955 size: 0.0
779000 : 4.149153684778621 size: 0.0
780000 : 4.187118510991284 size: 0.0
781000 : 4.095184153076665 size: 0.0
782000 : 4.109708087942029 size: 0.0
783000 : 4.220269542806298 size: 0.0
784000 : 4.137688977306804 size: 0.0
785000 : 4.127084183089302 size: 0.0
786000 : 4.067735034068357 size: 0.0
787000 : 4.225874457397916 size: 0.0
788000 : 4.0571133855510695 size: 0.0
789000 : 3.9541208871512734 size: 0.0
790000 : 4.016843303886241 size: 0.0
791000 : 4.203651203218726 size: 0.0
792000 : 4.1476952718993045 size: 0.0
793000 : 4.130942097913456 size: 0.0
794000 : 4.195480307476234 size: 0.0
795000 : 4.055137992823259 size: 0.0
796000 : 4.070204360969445 size: 0.0
797000 : 4.1101273816448325 size: 0.0
798000 : 3.873742043548126 size: 0.0
799000 : 3.946040798248437 size: 0.0
800000 : 4.147253620451888 size: 0.0
801000 : 4.01421781673817 size: 0.0
802000 : 4.2471917069723615 size: 0.0
803000 : 4.18404208533265 size: 0.0
804000 : 4.182073915876177 size: 0.0
805000 : 4.130473273207205 size: 0.0
806000 : 4.070698983073327 size: 0.0
807000 : 4.086959598747104 size: 0.0
808000 : 4.1831546548541985 size: 0.0
809000 : 4.078277914531549 size: 0.0
810000 : 4.2311030739494475 size: 0.0
811000 : 4.193665890509632 size: 0.0
812000 : 4.112971974690103 size: 0.0
813000 : 4.128688093291248 size: 0.0
814000 : 4.137236318969733 size: 0.0
815000 : 4.152228046645444 size: 0.0
816000 : 4.02918340305095 size: 0.0
817000 : 4.1776106221209846 size: 0.0
818000 : 4.074202269671402 size: 0.0
819000 : 4.076769970648783 size: 0.0
820000 : 4.197596038047148 size: 0.0
821000 : 4.0899221718908665 size: 0.0
822000 : 4.035316992311321 size: 0.0
823000 : 4.142039106477728 size: 0.0
824000 : 4.124981523199853 size: 0.0
825000 : 4.132535001225747 size: 0.0
826000 : 3.8033406014521334 size: 0.0
827000 : 4.054542244920671 size: 0.0
828000 : 4.022204691044238 size: 0.0
829000 : 4.154913727721318 size: 0.0
830000 : 4.111710997893977 size: 0.0
831000 : 4.0969803398822755 size: 0.0
832000 : 4.28328983349256 size: 0.0
833000 : 4.18216644254234 size: 0.0
834000 : 4.055606817529512 size: 0.0
835000 : 3.807673876323273 size: 0.0
836000 : 4.080555996724877 size: 0.0
837000 : 4.0738669035022195 size: 0.0
838000 : 4.053829892780797 size: 0.0
839000 : 4.124640309620541 size: 0.0
840000 : 4.285545901906578 size: 0.0
841000 : 4.175326004586923 size: 0.0
842000 : 4.3385144945805125 size: 0.0
843000 : 4.1670629261435685 size: 0.0
844000 : 3.958979053072846 size: 0.0
845000 : 4.130046068302461 size: 0.0
846000 : 4.165470022831277 size: 0.0
847000 : 4.025263918437786 size: 0.0
848000 : 4.188595497996894 size: 0.0
849000 : 4.02709450177357 size: 0.0
850000 : 4.10307265330644 size: 0.0
851000 : 4.145418565567183 size: 0.0
852000 : 4.133985846868426 size: 0.0
853000 : 4.133369461047734 size: 0.0
854000 : 4.223840590568813 size: 0.0
855000 : 3.976346205122274 size: 0.0
856000 : 3.941601582064366 size: 0.0
857000 : 4.170980690930223 size: 0.0
858000 : 4.025658102673564 size: 0.0
859000 : 4.1077633081260725 size: 0.0
860000 : 4.16506792739356 size: 0.0
861000 : 4.133275558520363 size: 0.0
862000 : 3.8662143629198606 size: 0.0
863000 : 4.25957583369569 size: 0.0
864000 : 4.111883324510141 size: 0.0
865000 : 4.088270794477282 size: 0.0
866000 : 4.11147847735001 size: 0.0
867000 : 4.060992626223931 size: 0.0
868000 : 4.014413876960154 size: 0.0
869000 : 3.930637688071862 size: 0.0
870000 : 4.141089762244966 size: 0.0
871000 : 4.047748242280987 size: 0.0
872000 : 4.075145078563432 size: 0.0
873000 : 3.915915285227402 size: 0.0
874000 : 4.10848253957198 size: 0.0
875000 : 4.212741174247428 size: 0.0
876000 : 4.25519853126593 size: 0.0
877000 : 3.9721002974377733 size: 0.0
878000 : 4.031505856768201 size: 0.0
879000 : 4.266591693954988 size: 0.0
880000 : 4.094790312806189 size: 0.0
881000 : 4.1273098243272335 size: 0.0
882000 : 4.169362678150906 size: 0.0
883000 : 4.03761915207577 size: 0.0
884000 : 4.129255292073794 size: 0.0
885000 : 4.209944048413796 size: 0.0
886000 : 4.1400093672322456 size: 0.0
887000 : 4.099275964305993 size: 0.0
888000 : 3.992291060649067 size: 0.0
889000 : 4.136133222247099 size: 0.0
890000 : 4.183601121815838 size: 0.0
891000 : 4.092843813163723 size: 0.0
892000 : 4.100712363405998 size: 0.0
893000 : 4.0722103666091085 size: 0.0
894000 : 4.0675496367707265 size: 0.0
895000 : 3.966429685473525 size: 0.0
896000 : 4.062111545350445 size: 0.0
897000 : 4.092711042557258 size: 0.0
898000 : 4.087979111901418 size: 0.0
899000 : 4.118591335824394 size: 0.0
900000 : 3.9778304153992203 size: 0.0
901000 : 4.058063417714436 size: 0.0
902000 : 4.083624855146874 size: 0.0
903000 : 3.9367444480386986 size: 0.0
904000 : 4.113244051243768 size: 0.0
905000 : 4.088091932520384 size: 0.0
906000 : 3.935730782294513 size: 0.0
907000 : 4.083784799012176 size: 0.0
908000 : 4.054197935653644 size: 0.0
909000 : 4.095995911188737 size: 0.0
910000 : 4.090631084377723 size: 0.0
911000 : 4.1372645241244745 size: 0.0
912000 : 4.1787168145313345 size: 0.0
913000 : 4.1057817240228305 size: 0.0
914000 : 4.095711795849511 size: 0.0
915000 : 4.191911323505529 size: 0.0
916000 : 4.3405944527600475 size: 0.0
917000 : 4.151026919811819 size: 0.0
918000 : 4.141398299120613 size: 0.0
919000 : 3.9809787298059147 size: 0.0
920000 : 4.097317769843269 size: 0.0
921000 : 3.99969078618509 size: 0.0
922000 : 4.1052506415969665 size: 0.0
923000 : 4.047797773284435 size: 0.0
924000 : 4.113062437564457 size: 0.0
925000 : 4.064860172076534 size: 0.0
926000 : 4.137136225066931 size: 0.0
927000 : 4.144951460687439 size: 0.0
928000 : 4.2676569544944325 size: 0.0
929000 : 4.197991254178831 size: 0.0
930000 : 4.047929168029694 size: 0.0
931000 : 4.121160068697681 size: 0.0
932000 : 4.143677413209847 size: 0.0
933000 : 4.020088616508023 size: 0.0
934000 : 4.046809560972577 size: 0.0
935000 : 4.028647849076163 size: 0.0
936000 : 4.231162579946646 size: 0.0
937000 : 4.0985598285478 size: 0.0
938000 : 3.9746824449578275 size: 0.0
939000 : 3.935601451341064 size: 0.0
940000 : 3.945655901075806 size: 0.0
941000 : 3.948230825324524 size: 0.0
942000 : 4.090735993794749 size: 0.0
943000 : 4.030659014195352 size: 0.0
944000 : 3.9404503301994906 size: 0.0
945000 : 4.078782855594482 size: 0.0
946000 : 4.10114713554738 size: 0.0
947000 : 4.086422668911109 size: 0.0
948000 : 3.901849856109238 size: 0.0
949000 : 3.984640240442784 size: 0.0
950000 : 3.9616950030952713 size: 0.0
951000 : 3.916252371223093 size: 0.0
952000 : 3.956169888453653 size: 0.0
953000 : 4.039672968892374 size: 0.0
954000 : 4.0694693071196575 size: 0.0
955000 : 4.05067710682518 size: 0.0
956000 : 4.0160821086735226 size: 0.0
957000 : 4.062635060539671 size: 0.0
958000 : 4.179882512938883 size: 0.0
959000 : 4.065589722481494 size: 0.0
960000 : 4.065508202704986 size: 0.0
961000 : 4.101664459361175 size: 0.0
962000 : 4.20219898171484 size: 0.0
963000 : 4.256653848457532 size: 0.0
964000 : 4.170665274748541 size: 0.0
965000 : 4.22564606443757 size: 0.0
966000 : 4.082477730865619 size: 0.0
967000 : 4.038636257472973 size: 0.0
968000 : 4.154212726436401 size: 0.0
969000 : 4.214991395251317 size: 0.0
970000 : 4.076427725173566 size: 0.0
971000 : 4.063461953125019 size: 0.0
972000 : 4.012949616670707 size: 0.0
973000 : 4.042720501465663 size: 0.0
974000 : 4.1127700670579905 size: 0.0
975000 : 4.209618657238364 size: 0.0
976000 : 4.311685201045915 size: 0.0
977000 : 4.177807370273571 size: 0.0
978000 : 4.1091288503739225 size: 0.0
979000 : 4.078877790017758 size: 0.0
980000 : 4.177581385070338 size: 0.0
981000 : 4.108574722272843 size: 0.0
982000 : 3.927565389996849 size: 0.0
983000 : 4.135580470007226 size: 0.0
984000 : 4.033946978514548 size: 0.0
985000 : 3.972618997112775 size: 0.0
986000 : 4.146076227224082 size: 0.0
987000 : 3.9577737986555994 size: 0.0
988000 : 4.031315987921649 size: 0.0
989000 : 3.9657617048575733 size: 0.0
990000 : 3.963425836493555 size: 0.0
991000 : 4.112029853728677 size: 0.0
992000 : 4.042886980671698 size: 0.0
993000 : 4.030169895536298 size: 0.0
994000 : 4.276329007681539 size: 0.0
995000 : 4.172521999447256 size: 0.0
996000 : 4.179758685430261 size: 0.0
997000 : 4.104485662765929 size: 0.0
998000 : 4.228357198945772 size: 0.0
999000 : 4.162372615289238 size: 0.0
1000000 : 4.166361236928048 size: 0.0
1001000 : 4.109440138971984 size: 0.0
1002000 : 3.9773203148567613 size: 0.0
1003000 : 4.236832503980291 size: 0.0
1004000 : 3.8429942972962694 size: 0.0
1005000 : 4.121910944951349 size: 0.0
1006000 : 4.092354006574066 size: 0.0
1007000 : 4.349606343665259 size: 0.0
1008000 : 4.124289808978083 size: 0.0
1009000 : 4.1626801202689805 size: 0.0
1010000 : 4.012440204058851 size: 0.0
1011000 : 4.148833797048016 size: 0.0
1012000 : 4.136204423064557 size: 0.0
1013000 : 3.882270319239111 size: 0.0
1014000 : 4.125192373929811 size: 0.0
1015000 : 3.994740093597353 size: 0.0
1016000 : 4.2490921152643955 size: 0.0
1017000 : 3.9535419935484692 size: 0.0
1018000 : 3.989510445149917 size: 0.0
1019000 : 3.9851603159789932 size: 0.0
1020000 : 4.082093177658289 size: 0.0
1021000 : 4.046969848803181 size: 0.0
1022000 : 3.963948663752178 size: 0.0
1023000 : 4.084006312666487 size: 0.0
1024000 : 4.134351138018859 size: 0.0
1025000 : 4.165214800577397 size: 0.0
1026000 : 4.024623799011275 size: 0.0
1027000 : 3.822888493514502 size: 0.0
1028000 : 4.084504030458084 size: 0.0
1029000 : 4.0216075672804426 size: 0.0
1030000 : 3.939843231441945 size: 0.0
1031000 : 4.319179517039912 size: 0.0
1032000 : 4.139122280719095 size: 0.0
1033000 : 3.9894072555593993 size: 0.0
1034000 : 4.182986799786956 size: 0.0
1035000 : 3.9785922985425426 size: 0.0
1036000 : 4.195291126560285 size: 0.0
1037000 : 3.961174927559062 size: 0.0
1038000 : 4.070977938933026 size: 0.0
1039000 : 4.001335972223243 size: 0.0
1040000 : 4.023025392254156 size: 0.0
1041000 : 4.067253826611243 size: 0.0
1042000 : 4.014420756266188 size: 0.0
1043000 : 3.991649221396047 size: 0.0
1044000 : 4.111855463320702 size: 0.0
1045000 : 3.914877885877398 size: 0.0
1046000 : 4.097657951526675 size: 0.0
1047000 : 4.131006075459577 size: 0.0
1048000 : 4.099844882915047 size: 0.0
1049000 : 4.077765062266676 size: 0.0
1050000 : 4.165537440030415 size: 0.0
1051000 : 4.056785586618525 size: 0.0
1052000 : 4.094493126785498 size: 0.0
1053000 : 4.1074227824773635 size: 0.0
1054000 : 4.142332164914798 size: 0.0
1055000 : 4.139517496850778 size: 0.0
1056000 : 4.152595401587687 size: 0.0
1057000 : 4.059758478721339 size: 0.0
1058000 : 4.1173712908991735 size: 0.0
1059000 : 4.287684678152708 size: 0.0
1060000 : 4.167952076448529 size: 0.0
1061000 : 3.936443134434387 size: 0.0
1062000 : 4.007153457371329 size: 0.0
1063000 : 4.15929722152651 size: 0.0
1064000 : 4.108274440564436 size: 0.0
1065000 : 4.152489804240058 size: 0.0
1066000 : 3.98731044308008 size: 0.0
1067000 : 4.181124915608716 size: 0.0
1068000 : 4.1881483431046505 size: 0.0
1069000 : 4.188526360971247 size: 0.0
1070000 : 4.177792235800296 size: 0.0
1071000 : 4.14038119372341 size: 0.0
1072000 : 4.141901520357038 size: 0.0
1073000 : 4.227048067007404 size: 0.0
1074000 : 4.005494856686408 size: 0.0
1075000 : 3.965014956187527 size: 0.0
1076000 : 3.896549694774948 size: 0.0
1077000 : 4.214466160235583 size: 0.0
1078000 : 4.04118710415057 size: 0.0
1079000 : 4.195510576422786 size: 0.0
1080000 : 4.012532042794413 size: 0.0
1081000 : 4.159953851287503 size: 0.0
1082000 : 4.153541650132735 size: 0.0
1083000 : 4.204860929184895 size: 0.0
1084000 : 3.9870865216686564 size: 0.0
1085000 : 4.1854227620537765 size: 0.0
1086000 : 4.118138333522022 size: 0.0
1087000 : 3.979266126568623 size: 0.0
1088000 : 4.097268582805122 size: 0.0
1089000 : 4.039649579251857 size: 0.0
1090000 : 4.1443729110499365 size: 0.0
1091000 : 4.199473744629269 size: 0.0
1092000 : 4.098864581805128 size: 0.0
1093000 : 4.0063502983918 size: 0.0
1094000 : 4.040988636171474 size: 0.0
1095000 : 4.025824581879599 size: 0.0
1096000 : 3.9906028789481973 size: 0.0
1097000 : 4.036564210495378 size: 0.0
1098000 : 3.9962452857577047 size: 0.0
1099000 : 3.9951748657387345 size: 0.0
1100000 : 4.053732206635107 size: 0.0
1101000 : 3.8727294096998457 size: 0.0
1102000 : 4.040810806110483 size: 0.0
1103000 : 3.9343580167753265 size: 0.0
1104000 : 4.020541962775697 size: 0.0
1105000 : 4.030950352805914 size: 0.0
1106000 : 3.923741871702867 size: 0.0
1107000 : 4.050709439563542 size: 0.0
1108000 : 4.169860739907804 size: 0.0
1109000 : 4.057842248025426 size: 0.0
1110000 : 4.016967819325466 size: 0.0
1111000 : 4.190253410751211 size: 0.0
1112000 : 4.119021292451552 size: 0.0
1113000 : 4.072912055824629 size: 0.0
1114000 : 4.0878477171561585 size: 0.0
1115000 : 4.2074052405217595 size: 0.0
1116000 : 4.082488393789972 size: 0.0
1117000 : 4.111884012440745 size: 0.0
1118000 : 4.078836170216249 size: 0.0
1119000 : 4.036888225809603 size: 0.0
1120000 : 4.058922987003449 size: 0.0
1121000 : 4.023651065137995 size: 0.0
1122000 : 3.884712472881363 size: 0.0
1123000 : 4.057856350602797 size: 0.0
1124000 : 4.095815329405331 size: 0.0
1125000 : 4.12708177533219 size: 0.0
1126000 : 4.050647869774533 size: 0.0
1127000 : 4.262660170556265 size: 0.0
1128000 : 4.134358705255496 size: 0.0
1129000 : 4.140600643585912 size: 0.0
1130000 : 4.1300577631227195 size: 0.0
1131000 : 4.013249898379114 size: 0.0
1132000 : 3.9413955468486326 size: 0.0
1133000 : 4.01830206073086 size: 0.0
1134000 : 3.9895757985572446 size: 0.0
1135000 : 4.238558865829652 size: 0.0
1136000 : 4.027367954188442 size: 0.0
1137000 : 4.064206981968558 size: 0.0
1138000 : 4.070635349492507 size: 0.0
1139000 : 4.12137091942764 size: 0.0
1140000 : 4.190540965743454 size: 0.0
1141000 : 4.03045332294492 size: 0.0
1142000 : 4.2046208414042905 size: 0.0
1143000 : 4.039207583839139 size: 0.0
1144000 : 4.0231464680403635 size: 0.0
1145000 : 4.136416649655721 size: 0.0
1146000 : 3.976743829011069 size: 0.0
1147000 : 4.006677065428439 size: 0.0
1148000 : 3.921759943634324 size: 0.0
1149000 : 3.8921455630516535 size: 0.0
1150000 : 3.964118926576532 size: 0.0
1151000 : 3.8576197019256426 size: 0.0
1152000 : 4.025321704608476 size: 0.0
1153000 : 4.027586716120339 size: 0.0
1154000 : 4.082794522908507 size: 0.0
1155000 : 4.101259612201044 size: 0.0
1156000 : 4.041654896960917 size: 0.0
1157000 : 3.8134703795879528 size: 0.0
1158000 : 4.011085668700656 size: 0.0
1159000 : 3.8759300068324025 size: 0.0
1160000 : 3.8736319746515737 size: 0.0
1161000 : 3.877370877481331 size: 0.0
1162000 : 4.1390944195296555 size: 0.0
1163000 : 3.9732694354983384 size: 0.0
1164000 : 4.15311822884631 size: 0.0
1165000 : 4.084638520891059 size: 0.0
1166000 : 4.025710041434125 size: 0.0
1167000 : 3.924410884214723 size: 0.0
1168000 : 4.0668266217064994 size: 0.0
1169000 : 4.089174391324915 size: 0.0
1170000 : 4.030936938159146 size: 0.0
1171000 : 4.097134092372147 size: 0.0
1172000 : 4.132250197955919 size: 0.0
1173000 : 3.9679596431356003 size: 0.0
1174000 : 4.139215839281165 size: 0.0
1175000 : 4.24770971871676 size: 0.0
1176000 : 4.2079610884493475 size: 0.0
1177000 : 4.013408122417908 size: 0.0
1178000 : 4.071284755982165 size: 0.0
1179000 : 3.9459926431061954 size: 0.0
1180000 : 4.186922106803999 size: 0.0
1181000 : 4.13991271298246 size: 0.0
1182000 : 3.941199486626649 size: 0.0
1183000 : 4.134966147978345 size: 0.0
1184000 : 4.204325375210108 size: 0.0
1185000 : 3.979574319478969 size: 0.0
1186000 : 3.925961479794902 size: 0.0
1187000 : 4.155512571311622 size: 0.0
1188000 : 4.109695705191166 size: 0.0
1189000 : 4.0462203484107215 size: 0.0
1190000 : 4.145269628591535 size: 0.0
1191000 : 4.001645884960099 size: 0.0
1192000 : 4.161396441762941 size: 0.0
1193000 : 3.9984738369475847 size: 0.0
1194000 : 4.005717746201927 size: 0.0
1195000 : 3.955970388578652 size: 0.0
1196000 : 4.06883400320737 size: 0.0
1197000 : 4.04017447030229 size: 0.0
1198000 : 4.103258738534674 size: 0.0
1199000 : 4.001889068428419 size: 0.0
1200000 : 3.990489370398628 size: 0.0
1201000 : 4.073749955299633 size: 0.0
1202000 : 4.261462827340957 size: 0.0
1203000 : 4.015383171180416 size: 0.0
1204000 : 4.180653683145351 size: 0.0
1205000 : 4.089057787087629 size: 0.0
1206000 : 4.078823443500085 size: 0.0
1207000 : 4.123930709203082 size: 0.0
1208000 : 4.095691157931408 size: 0.0
1209000 : 4.142781383598852 size: 0.0
1210000 : 4.230780090531127 size: 0.0
1211000 : 4.231403699623155 size: 0.0
1212000 : 4.073290073691226 size: 0.0
1213000 : 4.161182839310569 size: 0.0
1214000 : 3.9999057644986684 size: 0.0
1215000 : 3.9455073080654604 size: 0.0
1216000 : 4.067898761551978 size: 0.0
1217000 : 4.130206012167763 size: 0.0
1218000 : 4.096959014033569 size: 0.0
1219000 : 4.113264689161872 size: 0.0
1220000 : 4.058694938008404 size: 0.0
1221000 : 4.038295043893661 size: 0.0
1222000 : 4.067661425493788 size: 0.0
1223000 : 3.9710935109996224 size: 0.0
1224000 : 3.986535489255292 size: 0.0
1225000 : 4.3035645242374745 size: 0.0
1226000 : 4.238986758664999 size: 0.0
1227000 : 4.110960465605611 size: 0.0
1228000 : 4.075895266886495 size: 0.0
1229000 : 4.069697356114702 size: 0.0
1230000 : 4.035667492953779 size: 0.0
1231000 : 4.046804745458353 size: 0.0
1232000 : 4.040492294241084 size: 0.0
1233000 : 4.07387687849597 size: 0.0
1234000 : 3.9101776000293174 size: 0.0
1235000 : 4.022098061800704 size: 0.0
1236000 : 4.149648994813106 size: 0.0
1237000 : 3.987516134330512 size: 0.0
1238000 : 4.067314708469648 size: 0.0
1239000 : 3.9464903608977924 size: 0.0
1240000 : 4.071376938683028 size: 0.0
1241000 : 4.0538133824463145 size: 0.0
1242000 : 4.025586901856107 size: 0.0
1243000 : 4.00306542976032 size: 0.0
1244000 : 3.991971172918462 size: 0.0
1245000 : 4.219148215922671 size: 0.0
1246000 : 4.2039962004163565 size: 0.0
1247000 : 4.090737025690654 size: 0.0
1248000 : 4.037292729004433 size: 0.0
1249000 : 4.1904976261154365 size: 0.0
1250000 : 4.143361653062863 size: 0.0
1251000 : 4.100157891339617 size: 0.0
1252000 : 3.99324453246545 size: 0.0
1253000 : 3.915099055566407 size: 0.0
1254000 : 3.9907442486872067 size: 0.0
1255000 : 3.9458554009508067 size: 0.0
1256000 : 4.051007657480138 size: 0.0
1257000 : 3.967720243285599 size: 0.0
1258000 : 3.8711258434632008 size: 0.0
1259000 : 3.914853808306277 size: 0.0
1260000 : 4.082949307294284 size: 0.0
1261000 : 3.9280871853595665 size: 0.0
1262000 : 4.077244642765165 size: 0.0
1263000 : 4.084465162378989 size: 0.0
1264000 : 4.118455469530213 size: 0.0
1265000 : 4.12575819685115 size: 0.0
1266000 : 3.860099003820481 size: 0.0
1267000 : 3.867305764822236 size: 0.0
1268000 : 4.023773516785409 size: 0.0
1269000 : 4.046130917432272 size: 0.0
1270000 : 3.9786198157666806 size: 0.0
1271000 : 4.168903484473102 size: 0.0
1272000 : 4.054997311014854 size: 0.0
1273000 : 4.092555570240878 size: 0.0
1274000 : 4.148586142030774 size: 0.0
1275000 : 4.112897334219629 size: 0.0
1276000 : 4.153111005574974 size: 0.0
1277000 : 4.109982916218107 size: 0.0
1278000 : 4.032724869797517 size: 0.0
1279000 : 4.227361419397276 size: 0.0
1280000 : 4.021779893896608 size: 0.0
1281000 : 4.217472073007363 size: 0.0
1282000 : 4.097912485849952 size: 0.0
1283000 : 4.016933422795294 size: 0.0
1284000 : 4.047962532663962 size: 0.0
1285000 : 3.929182026914959 size: 0.0
1286000 : 4.230530371722074 size: 0.0
1287000 : 4.118819384819439 size: 0.0
1288000 : 4.0735177787209675 size: 0.0
1289000 : 3.8349950402393387 size: 0.0
1290000 : 4.057002972689216 size: 0.0
1291000 : 4.117002560095724 size: 0.0
1292000 : 3.9756049598970553 size: 0.0
1293000 : 4.057913792808185 size: 0.0
1294000 : 3.9563810831489126 size: 0.0
1295000 : 4.2967780888344285 size: 0.0
1296000 : 4.052696871076913 size: 0.0
1297000 : 4.193726772368037 size: 0.0
1298000 : 4.24644805399003 size: 0.0
1299000 : 4.1342231829266165 size: 0.0
1300000 : 3.923924517278083 size: 0.0
1301000 : 4.014351619240541 size: 0.0
1302000 : 4.04891910016806 size: 0.0
1303000 : 4.055970388853436 size: 0.0
1304000 : 4.250484486805781 size: 0.0
1305000 : 4.117213754790983 size: 0.0
1306000 : 3.84023569557643 size: 0.0
1307000 : 4.0719138685190215 size: 0.0
1308000 : 3.9820319515597986 size: 0.0
1309000 : 3.994590124725801 size: 0.0
1310000 : 4.133468867019933 size: 0.0
1311000 : 4.068850169576551 size: 0.0
1312000 : 3.98612445071973 size: 0.0
1313000 : 4.071411335213201 size: 0.0
1314000 : 4.152846152292645 size: 0.0
1315000 : 4.176926819101154 size: 0.0
1316000 : 3.9581549122099116 size: 0.0
1317000 : 4.053058722574328 size: 0.0
1318000 : 4.0468257273417585 size: 0.0
1319000 : 4.0702078006224625 size: 0.0
1320000 : 4.129605448750951 size: 0.0
1321000 : 4.0866926816729645 size: 0.0
1322000 : 3.929691439526815 size: 0.0
1323000 : 4.136228500635677 size: 0.0
1324000 : 4.06125954329807 size: 0.0
1325000 : 4.045729509925159 size: 0.0
1326000 : 4.090946500559405 size: 0.0
1327000 : 4.1474847651346485 size: 0.0
1328000 : 4.041053645613501 size: 0.0
1329000 : 4.022941464720535 size: 0.0
1330000 : 4.138472186298833 size: 0.0
1331000 : 3.920885927802639 size: 0.0
1332000 : 3.9993643631137523 size: 0.0
1333000 : 4.003583441504719 size: 0.0
1334000 : 4.0666601425004645 size: 0.0
1335000 : 4.055614040800847 size: 0.0
1336000 : 3.9708062999726814 size: 0.0
1337000 : 4.215782171479985 size: 0.0
1338000 : 4.16592508892546 size: 0.0
1339000 : 4.068323214734308 size: 0.0
1340000 : 4.394123708875795 size: 0.0
1341000 : 4.111505994574149 size: 0.0
1342000 : 4.043438013085063 size: 0.0
1343000 : 3.9531904610101054 size: 0.0
1344000 : 4.0133534319349335 size: 0.0
1345000 : 4.092901943299715 size: 0.0
1346000 : 4.009099613048493 size: 0.0
1347000 : 4.209212090251724 size: 0.0
1348000 : 3.973080942512993 size: 0.0
1349000 : 4.092348503129238 size: 0.0
1350000 : 4.151179640405784 size: 0.0
1351000 : 4.079754901537158 size: 0.0
1352000 : 4.233075714954844 size: 0.0
1353000 : 4.296226024525159 size: 0.0
1354000 : 4.2447261636895925 size: 0.0
1355000 : 4.197894943894347 size: 0.0
1356000 : 4.163950040162952 size: 0.0
1357000 : 4.070589602107377 size: 0.0
1358000 : 4.381525979700094 size: 0.0
1359000 : 4.15800769561034 size: 0.0
1360000 : 4.108044671742884 size: 0.0
1361000 : 4.155739932376063 size: 0.0
1362000 : 4.217147713727836 size: 0.0
1363000 : 4.171768371471175 size: 0.0
1364000 : 4.02457495593843 size: 0.0
1365000 : 4.0905306465096185 size: 0.0
1366000 : 4.217036268970077 size: 0.0
1367000 : 3.9399711865341867 size: 0.0
1368000 : 4.091839090517383 size: 0.0
1369000 : 4.0645275576297655 size: 0.0
1370000 : 4.097653823943054 size: 0.0
1371000 : 4.106258115965721 size: 0.0
1372000 : 4.035929594513695 size: 0.0
1373000 : 4.152013412297167 size: 0.0
1374000 : 4.09710279152969 size: 0.0
1375000 : 4.05471353964093 size: 0.0
1376000 : 3.9409490798869924 size: 0.0
1377000 : 4.070424842727851 size: 0.0
1378000 : 3.9484936148150425 size: 0.0
1379000 : 3.9068136193784406 size: 0.0
1380000 : 4.075387574101148 size: 0.0
1381000 : 3.8884960912003446 size: 0.0
1382000 : 4.211789078292252 size: 0.0
1383000 : 4.097053948456845 size: 0.0
1384000 : 4.091996970590875 size: 0.0
1385000 : 4.15803762059159 size: 0.0
1386000 : 3.9486841715921983 size: 0.0
1387000 : 4.152159253585099 size: 0.0
1388000 : 4.105936164443306 size: 0.0
1389000 : 3.992507758789154 size: 0.0
1390000 : 4.121732082994451 size: 0.0
1391000 : 4.1994592980865955 size: 0.0
1392000 : 4.15733799516788 size: 0.0
1393000 : 3.9933473780906663 size: 0.0
1394000 : 4.106443169298049 size: 0.0
1395000 : 4.050543304322809 size: 0.0
1396000 : 4.14886062634155 size: 0.0
1397000 : 4.149277512287242 size: 0.0
1398000 : 4.030063266292764 size: 0.0
1399000 : 4.119807597131296 size: 0.0
1400000 : 4.046667503302965 size: 0.0
1401000 : 4.074380787662998 size: 0.0
1402000 : 4.259768454264657 size: 0.0
1403000 : 4.1023300322200145 size: 0.0
1404000 : 3.8994665205335814 size: 0.0
1405000 : 4.105595982759899 size: 0.0
1406000 : 4.133780843548598 size: 0.0
1407000 : 4.028294940676592 size: 0.0
1408000 : 3.987648904936978 size: 0.0
1409000 : 4.032731405138249 size: 0.0
1410000 : 4.04522938437645 size: 0.0
1411000 : 4.104090446634246 size: 0.0
1412000 : 3.955054065014855 size: 0.0
1413000 : 3.978572692520344 size: 0.0
1414000 : 4.030842691666474 size: 0.0
1415000 : 4.028381275967326 size: 0.0
1416000 : 4.236624404972747 size: 0.0
1417000 : 4.078871254677026 size: 0.0
1418000 : 4.051730328579064 size: 0.0
1419000 : 4.087391963131372 size: 0.0
1420000 : 4.144974162397353 size: 0.0
1421000 : 4.0179918040287035 size: 0.0
1422000 : 4.09022382946048 size: 0.0
1423000 : 4.164604606132135 size: 0.0
1424000 : 4.107502238462063 size: 0.0
1425000 : 3.9859283904977465 size: 0.0
1426000 : 4.242801333861135 size: 0.0
1427000 : 4.137192635376414 size: 0.0
1428000 : 3.9004254957947926 size: 0.0
1429000 : 4.090263385470178 size: 0.0
1430000 : 4.251105688140697 size: 0.0
1431000 : 4.123664480059546 size: 0.0
1432000 : 4.151581735843502 size: 0.0
1433000 : 4.045477039393692 size: 0.0
1434000 : 4.09492411530856 size: 0.0
1435000 : 3.857787213027583 size: 0.0
1436000 : 4.13515464096369 size: 0.0
1437000 : 3.9732560208515713 size: 0.0
1438000 : 3.925729647181539 size: 0.0
1439000 : 4.015807624362745 size: 0.0
1440000 : 4.056341871379299 size: 0.0
1441000 : 4.018932205163621 size: 0.0
1442000 : 3.9526679777167844 size: 0.0
1443000 : 4.08093126286906 size: 0.0
1444000 : 3.973903363549419 size: 0.0
1445000 : 3.8249037862173125 size: 0.0
1446000 : 3.848443051640905 size: 0.0
1447000 : 3.9422674988885067 size: 0.0
1448000 : 4.044455806412869 size: 0.0
1449000 : 3.9477399868389615 size: 0.0
1450000 : 4.041786635671478 size: 0.0
1451000 : 4.044421065917395 size: 0.0
1452000 : 4.055127329898906 size: 0.0
1453000 : 4.017148745074174 size: 0.0
1454000 : 4.079726352417115 size: 0.0
1455000 : 3.9915167947548826 size: 0.0
1456000 : 3.9798164710513837 size: 0.0
1457000 : 4.105595982759899 size: 0.0
1458000 : 4.199353356773664 size: 0.0
1459000 : 4.106755833757318 size: 0.0
1460000 : 4.069870370661469 size: 0.0
1461000 : 4.209806118327804 size: 0.0
1462000 : 4.170194386250478 size: 0.0
1463000 : 4.027440186901805 size: 0.0
1464000 : 4.288554910366074 size: 0.0
1465000 : 4.046034951113091 size: 0.0
1466000 : 4.132646789948809 size: 0.0
1467000 : 3.9589735496280185 size: 0.0
1468000 : 4.03180269882359 size: 0.0
1469000 : 4.224014293046184 size: 0.0
1470000 : 4.0536310808364 size: 0.0
1471000 : 4.2015052037012595 size: 0.0
1472000 : 4.172792356174412 size: 0.0
1473000 : 4.1021140220105305 size: 0.0
1474000 : 3.9226518456616986 size: 0.0
1475000 : 4.074263839460411 size: 0.0
1476000 : 3.8406099298247076 size: 0.0
1477000 : 4.040252550425782 size: 0.0
1478000 : 4.131085187478974 size: 0.0
1479000 : 4.137751578991718 size: 0.0
1480000 : 4.073310367644027 size: 0.0
1481000 : 4.251173793270439 size: 0.0
1482000 : 4.127825084349219 size: 0.0
1483000 : 3.937497732049478 size: 0.0
1484000 : 4.050371665637248 size: 0.0
1485000 : 4.065776495640331 size: 0.0
1486000 : 4.076170095162574 size: 0.0
1487000 : 4.1549508759739044 size: 0.0
1488000 : 4.034054639653988 size: 0.0
1489000 : 3.9569324595275788 size: 0.0
1490000 : 4.186949624028137 size: 0.0
1491000 : 4.056499063522188 size: 0.0
1492000 : 3.9872898051619763 size: 0.0
1493000 : 4.058713168169396 size: 0.0
1494000 : 3.946014312920204 size: 0.0
1495000 : 4.036095729754428 size: 0.0
1496000 : 4.082597086825317 size: 0.0
1497000 : 3.9871769845430105 size: 0.0
1498000 : 4.193285808851225 size: 0.0
1499000 : 4.148578230828834 size: 0.0
1500000 : 4.169213741175259 size: 0.0
1501000 : 3.949795179516772 size: 0.0
1502000 : 4.118782236566852 size: 0.0
1503000 : 4.114494709080843 size: 0.0
1504000 : 4.115198462088173 size: 0.0
1505000 : 4.023921421865151 size: 0.0
1506000 : 4.07564486014684 size: 0.0
1507000 : 4.126428241258911 size: 0.0
1508000 : 4.031387188739106 size: 0.0
1509000 : 4.084364724510885 size: 0.0
1510000 : 4.22324621852743 size: 0.0
1511000 : 4.081695897734797 size: 0.0
1512000 : 4.063427556594847 size: 0.0
1513000 : 4.332264301082857 size: 0.0
1514000 : 4.175158837450284 size: 0.0
1515000 : 4.335936474644079 size: 0.0
1516000 : 4.116523760395721 size: 0.0
1517000 : 4.161389218491604 size: 0.0
1518000 : 4.121069261858026 size: 0.0
1519000 : 4.253727047705148 size: 0.0
1520000 : 4.133167553415621 size: 0.0
1521000 : 3.967467084823529 size: 0.0
1522000 : 4.076401583810635 size: 0.0
1523000 : 4.015683796854124 size: 0.0
1524000 : 4.1712623985123365 size: 0.0
1525000 : 4.155620232451063 size: 0.0
1526000 : 4.210281134409487 size: 0.0
1527000 : 3.9807936764735863 size: 0.0
1528000 : 4.041387979886778 size: 0.0
1529000 : 3.9331850950964418 size: 0.0
1530000 : 3.9923828993846278 size: 0.0
1531000 : 3.997348038515037 size: 0.0
1532000 : 4.146678854432705 size: 0.0
1533000 : 4.13788159787577 size: 0.0
1534000 : 4.038177063795169 size: 0.0
1535000 : 4.0370165248671475 size: 0.0
1536000 : 4.0726895102744125 size: 0.0
1537000 : 3.9392450757822437 size: 0.0
1538000 : 3.967344633176115 size: 0.0
1539000 : 3.8240538479567485 size: 0.0
1540000 : 3.987647529075771 size: 0.0
1541000 : 3.9651521983429157 size: 0.0
1542000 : 4.092369485012644 size: 0.0
1543000 : 4.038511054103145 size: 0.0
1544000 : 4.019616008183451 size: 0.0
1545000 : 3.9306511027186293 size: 0.0
1546000 : 4.221541182526777 size: 0.0
1547000 : 4.024448032742093 size: 0.0
1548000 : 3.9623561044051883 size: 0.0
1549000 : 4.000828623403199 size: 0.0
1550000 : 4.11242919744398 size: 0.0
1551000 : 3.988674609466724 size: 0.0
1552000 : 4.149850902445219 size: 0.0
1553000 : 4.045120691341104 size: 0.0
1554000 : 4.09995116819328 size: 0.0
1555000 : 3.9191544064737522 size: 0.0
1556000 : 4.10003681555341 size: 0.0
1557000 : 4.0017236211182885 size: 0.0
1558000 : 3.891830146869971 size: 0.0
1559000 : 4.113745208688382 size: 0.0
1560000 : 4.009053865663363 size: 0.0
1561000 : 4.0533590042827345 size: 0.0
1562000 : 4.103706237392219 size: 0.0
1563000 : 4.109060745244181 size: 0.0
1564000 : 3.9830421776509666 size: 0.0
1565000 : 4.124138464245323 size: 0.0
1566000 : 4.18807439056478 size: 0.0
1567000 : 4.021121888274406 size: 0.0
1568000 : 3.975599456452228 size: 0.0
1569000 : 4.068160863111893 size: 0.0
1570000 : 3.975058055067312 size: 0.0
1571000 : 3.838872905050993 size: 0.0
1572000 : 4.08577291845615 size: 0.0
1573000 : 4.104969277980155 size: 0.0
1574000 : 4.148956248695431 size: 0.0
1575000 : 3.8754591183343403 size: 0.0
1576000 : 4.2433902024576895 size: 0.0
1577000 : 4.087069323678354 size: 0.0
1578000 : 3.8786545559873713 size: 0.0
1579000 : 4.053828860884892 size: 0.0
1580000 : 4.078477070441248 size: 0.0
1581000 : 3.8251404343449 size: 0.0
1582000 : 4.186291618405936 size: 0.0
1583000 : 4.106458647736627 size: 0.0
1584000 : 4.175643828525717 size: 0.0
1585000 : 4.16350322923601 size: 0.0
1586000 : 3.983864254722091 size: 0.0
1587000 : 4.041014089603802 size: 0.0
1588000 : 3.9752307256487778 size: 0.0
1589000 : 4.020885584112121 size: 0.0
1590000 : 3.977445862191891 size: 0.0
1591000 : 3.991983555669324 size: 0.0
1592000 : 4.111160653411216 size: 0.0
1593000 : 4.022912915600491 size: 0.0
1594000 : 4.01173817087803 size: 0.0
1595000 : 4.183605249399458 size: 0.0
1596000 : 4.032876902460879 size: 0.0
1597000 : 4.13558115793783 size: 0.0
1598000 : 3.9845140051770507 size: 0.0
1599000 : 4.101342163873459 size: 0.0
1600000 : 4.115010657033431 size: 0.0
1601000 : 4.201736004418717 size: 0.0
1602000 : 3.8144561841426987 size: 0.0
1603000 : 3.8930326495648035 size: 0.0
1604000 : 4.029419019282631 size: 0.0
1605000 : 4.22060697276729 size: 0.0
1606000 : 3.9635513838286847 size: 0.0
1607000 : 4.094510669015886 size: 0.0
1608000 : 4.236079907900115 size: 0.0
1609000 : 4.041211181721691 size: 0.0
1610000 : 4.169719714134097 size: 0.0
1611000 : 4.214629543753903 size: 0.0
1612000 : 3.9208456838623373 size: 0.0
1613000 : 4.035803015282659 size: 0.0
1614000 : 4.12459834585373 size: 0.0
1615000 : 4.263128651297214 size: 0.0
1616000 : 4.208334978732323 size: 0.0
1617000 : 3.9616485677795383 size: 0.0
1618000 : 4.221180018959965 size: 0.0
1619000 : 4.104296481849979 size: 0.0
1620000 : 4.128420832251807 size: 0.0
1621000 : 4.2734479543142845 size: 0.0
1622000 : 4.183425355546656 size: 0.0
1623000 : 4.17389407703584 size: 0.0
1624000 : 4.190066293627073 size: 0.0
1625000 : 4.257841904609692 size: 0.0
1626000 : 4.210019720780176 size: 0.0
1627000 : 4.166806328028481 size: 0.0
1628000 : 4.1439680638898055 size: 0.0
1629000 : 4.0075276916196065 size: 0.0
1630000 : 4.148227730186376 size: 0.0
1631000 : 4.147632326249089 size: 0.0
1632000 : 3.961161512912295 size: 0.0
1633000 : 4.054675359492439 size: 0.0
1634000 : 4.255590995675199 size: 0.0
1635000 : 4.113117815978034 size: 0.0
1636000 : 4.147956341563314 size: 0.0
1637000 : 4.05694587444913 size: 0.0
1638000 : 3.9584018792965505 size: 0.0
1639000 : 4.008392764353446 size: 0.0
1640000 : 4.204187101158815 size: 0.0
1641000 : 4.058089215112066 size: 0.0
1642000 : 4.061955729068763 size: 0.0
1643000 : 3.9922604477372134 size: 0.0
1644000 : 4.100744008213757 size: 0.0
1645000 : 4.1605289612719885 size: 0.0
1646000 : 4.081534578008287 size: 0.0
1647000 : 4.007786353526504 size: 0.0
1648000 : 4.088215416063703 size: 0.0
1649000 : 3.9947056970671806 size: 0.0
1650000 : 4.049408562792416 size: 0.0
1651000 : 3.9213922447267793 size: 0.0
1652000 : 3.9185624421894825 size: 0.0
1653000 : 3.981932201622298 size: 0.0
1654000 : 4.028282901891032 size: 0.0
1655000 : 4.151347839438328 size: 0.0
1656000 : 4.005452892919598 size: 0.0
1657000 : 4.096876462361155 size: 0.0
1658000 : 3.991624799859624 size: 0.0
1659000 : 4.1070705620083965 size: 0.0
1660000 : 4.050127106307721 size: 0.0
1661000 : 4.007148985822407 size: 0.0
1662000 : 4.046721505855335 size: 0.0
1663000 : 4.084316225403342 size: 0.0
1664000 : 4.113316971887734 size: 0.0
1665000 : 3.9921397159163075 size: 0.0
1666000 : 4.059979992375651 size: 0.0
1667000 : 4.057368263839648 size: 0.0
1668000 : 3.9170403957293467 size: 0.0
1669000 : 3.9709652119420786 size: 0.0
1670000 : 4.133205045633509 size: 0.0
1671000 : 4.092943563101224 size: 0.0
1672000 : 4.16526329968494 size: 0.0
1673000 : 4.3107967386715575 size: 0.0
1674000 : 4.254695997960109 size: 0.0
1675000 : 4.2069663407967575 size: 0.0
1676000 : 4.07662584918736 size: 0.0
1677000 : 4.26616345715434 size: 0.0
1678000 : 4.016868069387965 size: 0.0
1679000 : 4.0421495190647985 size: 0.0
1680000 : 4.139825001830521 size: 0.0
1681000 : 4.123715042958899 size: 0.0
1682000 : 4.184451404041703 size: 0.0
1683000 : 4.023304004148554 size: 0.0
1684000 : 4.003750264676055 size: 0.0
1685000 : 4.1510967447680684 size: 0.0
1686000 : 4.085974826088263 size: 0.0
1687000 : 4.008100737812281 size: 0.0
1688000 : 3.9734087414455375 size: 0.0
1689000 : 4.026519047823783 size: 0.0
1690000 : 3.9109890141760877 size: 0.0
1691000 : 4.149692678406425 size: 0.0
1692000 : 4.073100204844673 size: 0.0
1693000 : 4.028951226472285 size: 0.0
1694000 : 4.059883682091168 size: 0.0
1695000 : 3.852692742943725 size: 0.0
1696000 : 3.976026661356971 size: 0.0
1697000 : 4.116113065825462 size: 0.0
1698000 : 4.0339442267921335 size: 0.0
1699000 : 4.06428127847373 size: 0.0
1700000 : 3.9933721435923903 size: 0.0
1701000 : 4.003165867628424 size: 0.0
1702000 : 4.07643632430611 size: 0.0
1703000 : 4.098224806343919 size: 0.0
1704000 : 4.051715194105788 size: 0.0
1705000 : 4.2550571615269215 size: 0.0
1706000 : 4.071322936130657 size: 0.0
1707000 : 4.238888384588705 size: 0.0
1708000 : 4.1061284410469705 size: 0.0
1709000 : 3.996242190069989 size: 0.0
1710000 : 4.141735385116305 size: 0.0
1711000 : 3.9343638641854555 size: 0.0
1712000 : 4.119585395546381 size: 0.0
1713000 : 4.0874404622389156 size: 0.0
1714000 : 4.123523454285838 size: 0.0
1715000 : 4.024918233309552 size: 0.0
1716000 : 3.9038077066066603 size: 0.0
1717000 : 4.0015843151710895 size: 0.0
1718000 : 4.111038889694405 size: 0.0
1719000 : 4.050059689108583 size: 0.0
1720000 : 4.163849602294848 size: 0.0
1721000 : 4.132574557235446 size: 0.0
1722000 : 4.097257919880768 size: 0.0
1723000 : 4.075507617991451 size: 0.0
1724000 : 4.07012765670716 size: 0.0
1725000 : 4.073981787912996 size: 0.0
1726000 : 4.166541818711454 size: 0.0
1727000 : 4.093291312021268 size: 0.0
1728000 : 3.8922336181688952 size: 0.0
1729000 : 3.983654435888038 size: 0.0
1730000 : 4.085187489512613 size: 0.0
1731000 : 3.911936638582342 size: 0.0
1732000 : 4.034817210727914 size: 0.0
1733000 : 4.141248674214363 size: 0.0
1734000 : 4.129003853438232 size: 0.0
1735000 : 4.010499207861214 size: 0.0
1736000 : 4.143577319307045 size: 0.0
1737000 : 4.166974871026326 size: 0.0
1738000 : 4.136121183461539 size: 0.0
1739000 : 4.192721705756394 size: 0.0
1740000 : 4.097729152344132 size: 0.0
1741000 : 3.936202358723179 size: 0.0
1742000 : 4.1018911324950125 size: 0.0
1743000 : 4.195539813473433 size: 0.0
1744000 : 4.150119539345867 size: 0.0
1745000 : 4.226706165497489 size: 0.0
1746000 : 4.1005403807551355 size: 0.0
1747000 : 4.172065557491866 size: 0.0
1748000 : 4.11413354551403 size: 0.0
1749000 : 3.9952047907199844 size: 0.0
1750000 : 3.950886925384449 size: 0.0
1751000 : 3.92883530989082 size: 0.0
1752000 : 4.2225950922112645 size: 0.0
1753000 : 4.075173627683475 size: 0.0
1754000 : 3.962660857662517 size: 0.0
1755000 : 3.9540496863338164 size: 0.0
1756000 : 4.034273745551187 size: 0.0
1757000 : 4.1755392630739925 size: 0.0
1758000 : 4.0856910547143395 size: 0.0
1759000 : 3.9965885631288267 size: 0.0
1760000 : 4.101207329475182 size: 0.0
1761000 : 4.13480792393955 size: 0.0
1762000 : 4.039719404208107 size: 0.0
1763000 : 4.23316858558631 size: 0.0
1764000 : 4.059998222536643 size: 0.0
1765000 : 4.089375611026424 size: 0.0
1766000 : 4.204481879422393 size: 0.0
1767000 : 4.143241265207259 size: 0.0
1768000 : 4.000647353689189 size: 0.0
1769000 : 4.0564622592349036 size: 0.0
1770000 : 4.24587982331158 size: 0.0
1771000 : 4.045357683433993 size: 0.0
1772000 : 4.0036673690383395 size: 0.0
1773000 : 4.072068308939496 size: 0.0
1774000 : 3.999892693817203 size: 0.0
1775000 : 4.130446787878971 size: 0.0
1776000 : 3.9400341321844023 size: 0.0
1777000 : 3.963884342240755 size: 0.0
1778000 : 4.049085579374095 size: 0.0
1779000 : 4.042720501465663 size: 0.0
1780000 : 4.159196095727802 size: 0.0
1781000 : 4.119351155175907 size: 0.0
1782000 : 4.111116281887293 size: 0.0
1783000 : 4.062142158262298 size: 0.0
1784000 : 3.9523972770243265 size: 0.0
1785000 : 4.025170015910415 size: 0.0
1786000 : 3.971771810574625 size: 0.0
1787000 : 4.051573136436176 size: 0.0
1788000 : 4.105280566578217 size: 0.0
1789000 : 3.917309376595296 size: 0.0
1790000 : 3.9809047772660437 size: 0.0
1791000 : 3.9970037292480094 size: 0.0
1792000 : 4.016714316898094 size: 0.0
1793000 : 3.953689898628211 size: 0.0
1794000 : 4.052952781261396 size: 0.0
1795000 : 4.173009054314499 size: 0.0
1796000 : 4.147978699307926 size: 0.0
1797000 : 4.1102006462541 size: 0.0
1798000 : 4.280090956186512 size: 0.0
1799000 : 4.300812457858368 size: 0.0
1800000 : 4.241360463212207 size: 0.0
1801000 : 4.129406636806553 size: 0.0
1802000 : 4.224060728361917 size: 0.0
1803000 : 3.9541136638799372 size: 0.0
1804000 : 4.1140798869269615 size: 0.0
1805000 : 4.099203387627329 size: 0.0
1806000 : 4.153503813949545 size: 0.0
1807000 : 4.08569311850615 size: 0.0
1808000 : 4.199392912783363 size: 0.0
1809000 : 4.311585451108415 size: 0.0
1810000 : 4.0536059713693735 size: 0.0
1811000 : 4.089544497989571 size: 0.0
1812000 : 4.028090281322066 size: 0.0
1813000 : 4.225042405333042 size: 0.0
1814000 : 4.23453412783416 size: 0.0
1815000 : 4.134238317399893 size: 0.0
1816000 : 4.08603605191197 size: 0.0
1817000 : 4.161627930411002 size: 0.0
1818000 : 4.127781744721202 size: 0.0
1819000 : 3.9902998455173773 size: 0.0
1820000 : 4.187079642912189 size: 0.0
1821000 : 4.037865431231806 size: 0.0
1822000 : 4.302280157800831 size: 0.0
1823000 : 4.128120550543401 size: 0.0
1824000 : 4.09818903395254 size: 0.0
1825000 : 4.187934052721675 size: 0.0
1826000 : 4.176699114071412 size: 0.0
1827000 : 4.159464044697846 size: 0.0
1828000 : 4.151751310737253 size: 0.0
1829000 : 4.145215282073862 size: 0.0
1830000 : 4.251154187248241 size: 0.0
1831000 : 4.1781726614240045 size: 0.0
1832000 : 3.99533343374283 size: 0.0
1833000 : 4.053571230873899 size: 0.0
1834000 : 4.112448459500877 size: 0.0
1835000 : 4.146623132053826 size: 0.0
1836000 : 4.105242042464424 size: 0.0
1837000 : 3.9865826125016284 size: 0.0
1838000 : 3.962724835208638 size: 0.0
1839000 : 4.365956734282786 size: 0.0
1840000 : 4.136878595055939 size: 0.0
1841000 : 3.915553089764685 size: 0.0
1842000 : 4.1668919753886104 size: 0.0
1843000 : 3.975150581733476 size: 0.0
1844000 : 4.017125011468354 size: 0.0
1845000 : 3.9141614061539034 size: 0.0
1846000 : 4.087292901124475 size: 0.0
1847000 : 3.9820574049921262 size: 0.0
1848000 : 4.075936886688004 size: 0.0
1849000 : 4.014337860628472 size: 0.0
1850000 : 4.066689723516412 size: 0.0
1851000 : 3.9873696051119767 size: 0.0
1852000 : 3.957436024729305 size: 0.0
1853000 : 4.014061656491187 size: 0.0
1854000 : 4.101337348359234 size: 0.0
1855000 : 4.118313755825902 size: 0.0
1856000 : 4.078620847937369 size: 0.0
1857000 : 4.081421069458718 size: 0.0
1858000 : 4.082981640032647 size: 0.0
1859000 : 3.996992034427751 size: 0.0
1860000 : 4.142869782681395 size: 0.0
1861000 : 3.9417192181975564 size: 0.0
1862000 : 4.088141463523833 size: 0.0
1863000 : 3.891972892470187 size: 0.0
1864000 : 4.099592756348882 size: 0.0
1865000 : 4.067536566089261 size: 0.0
1866000 : 4.0761381063895135 size: 0.0
1867000 : 4.0697534224588825 size: 0.0
1868000 : 4.094889030847784 size: 0.0
1869000 : 4.041801082214151 size: 0.0
1870000 : 3.9893432780132785 size: 0.0
1871000 : 3.959830367194617 size: 0.0
1872000 : 3.858861760630174 size: 0.0
1873000 : 4.030550665125309 size: 0.0
1874000 : 4.079684732615607 size: 0.0
1875000 : 4.098537814768489 size: 0.0
1876000 : 4.001443633362684 size: 0.0
1877000 : 4.071520372213847 size: 0.0
1878000 : 4.032863487814112 size: 0.0
1879000 : 4.0855827056442955 size: 0.0
1880000 : 4.2042438554335995 size: 0.0
1881000 : 3.988048592617583 size: 0.0
1882000 : 4.232641630744066 size: 0.0
1883000 : 4.039298390678795 size: 0.0
1884000 : 3.9464624997083524 size: 0.0
1885000 : 3.9750800688466223 size: 0.0
1886000 : 4.187474171113268 size: 0.0
1887000 : 4.099960455256427 size: 0.0
1888000 : 4.175408900224639 size: 0.0
1889000 : 4.2143309818720045 size: 0.0
1890000 : 4.057500690480813 size: 0.0
1891000 : 4.1592655767187505 size: 0.0
1892000 : 3.9399460770671606 size: 0.0
1893000 : 3.997136499854476 size: 0.0
1894000 : 4.0350820640102425 size: 0.0
1895000 : 4.1362450109701605 size: 0.0
1896000 : 3.992850348229673 size: 0.0
1897000 : 3.8563614768519305 size: 0.0
1898000 : 3.911389045821995 size: 0.0
1899000 : 4.076437356202015 size: 0.0
1900000 : 3.969502671479141 size: 0.0
1901000 : 3.9952907820454158 size: 0.0
1902000 : 3.9887096939274995 size: 0.0
1903000 : 4.1730149017246285 size: 0.0
1904000 : 4.182206686482642 size: 0.0
1905000 : 4.073342356417088 size: 0.0
1906000 : 4.125065794698775 size: 0.0
1907000 : 4.201513458868501 size: 0.0
1908000 : 3.939313868842589 size: 0.0
1909000 : 4.000669711433801 size: 0.0
1910000 : 4.203873404803641 size: 0.0
1911000 : 4.084056531600539 size: 0.0
1912000 : 4.148478480891334 size: 0.0
1913000 : 4.13762431183008 size: 0.0
1914000 : 4.036501608810464 size: 0.0
1915000 : 3.988218855441937 size: 0.0
1916000 : 3.896827962704044 size: 0.0
1917000 : 4.035905516942574 size: 0.0
1918000 : 4.0030093634161386 size: 0.0
1919000 : 4.1193057517560785 size: 0.0
1920000 : 3.832557702111311 size: 0.0
1921000 : 3.9944477230908864 size: 0.0
1922000 : 4.253245840248034 size: 0.0
1923000 : 4.038074906100557 size: 0.0
1924000 : 4.092395282410274 size: 0.0
1925000 : 4.04722679088357 size: 0.0
1926000 : 3.90372790665666 size: 0.0
1927000 : 4.106538447686627 size: 0.0
1928000 : 4.127405102715811 size: 0.0
1929000 : 4.026567202966024 size: 0.0
1930000 : 4.01140142884764 size: 0.0
1931000 : 4.149487675086596 size: 0.0
1932000 : 4.094232745052092 size: 0.0
1933000 : 4.123166418302647 size: 0.0
1934000 : 4.114586203851101 size: 0.0
1935000 : 3.8520698217823 size: 0.0
1936000 : 4.109418469157975 size: 0.0
1937000 : 4.14689314481568 size: 0.0
1938000 : 4.139064494548405 size: 0.0
1939000 : 4.080565627753326 size: 0.0
1940000 : 4.153731518979287 size: 0.0
1941000 : 4.07968542054621 size: 0.0
1942000 : 4.223069420362344 size: 0.0
1943000 : 3.978524881343404 size: 0.0
1944000 : 4.0729495480425175 size: 0.0
1945000 : 3.995507824150805 size: 0.0
1946000 : 4.010772316310784 size: 0.0
1947000 : 4.215316442461448 size: 0.0
1948000 : 3.9978395649312026 size: 0.0
1949000 : 4.120543682876989 size: 0.0
1950000 : 4.020344182727205 size: 0.0
1951000 : 4.292662887964583 size: 0.0
1952000 : 3.97984364431022 size: 0.0
1953000 : 3.891467951407254 size: 0.0
waiting for write process!
write end!
end join!
last series
Last encode part don't need inference.
490.0190849304199
30481.02196741104 
@@@@@@@@@@@@@
end
main
