start!
start to right
1953076
0 : 6.258325525319589 size: 0.0
1000 : 2.9495120933256165 size: 0.0
2000 : 2.310005612981918 size: 0.0
3000 : 2.1092261870586406 size: 0.0
4000 : 2.0480194534257263 size: 0.0
5000 : 2.0535662378813537 size: 0.0
6000 : 1.963452144343466 size: 0.0
7000 : 1.9970167944338044 size: 0.0
8000 : 2.0446735309531903 size: 0.0
9000 : 1.854014424119935 size: 0.0
10000 : 2.0788218901605573 size: 0.0
11000 : 1.7938903212742023 size: 0.0
12000 : 1.8773345836463284 size: 0.0
13000 : 1.9500478165352189 size: 0.0
14000 : 1.6627690284298884 size: 0.0
15000 : 1.959706534190325 size: 0.0
16000 : 1.7417708069475772 size: 0.0
17000 : 1.8406168036350714 size: 0.0
18000 : 1.840862910808456 size: 0.0
19000 : 1.8601364905426985 size: 0.0
20000 : 1.8708093898899427 size: 0.0
21000 : 1.7497258644632365 size: 0.0
22000 : 1.7815135898048604 size: 0.0
23000 : 1.9510086836055893 size: 0.0
24000 : 1.8210346870251812 size: 0.0
25000 : 1.806286314800441 size: 0.0
26000 : 1.7264368337966494 size: 0.0
27000 : 1.8477883081933997 size: 0.0
28000 : 1.9371262440279433 size: 0.0
29000 : 1.8898022939379768 size: 0.0
30000 : 1.8542410972537722 size: 0.0
31000 : 1.6703221624904812 size: 0.0
32000 : 1.7682330895052343 size: 0.0
33000 : 1.837785453253917 size: 0.0
34000 : 1.6494379652309086 size: 0.0
35000 : 1.6238849549483634 size: 0.0
36000 : 1.664464433402094 size: 0.0
37000 : 1.7336031788754518 size: 0.0
38000 : 1.7698877345891852 size: 0.0
39000 : 1.6838241764444186 size: 0.0
40000 : 1.661365478016197 size: 0.0
41000 : 1.7117928550409829 size: 0.0
42000 : 1.7083624890868734 size: 0.0
43000 : 1.602365109811202 size: 0.0
44000 : 1.831419687414881 size: 0.0
45000 : 1.6354979114652237 size: 0.0
46000 : 1.7266960116514996 size: 0.0
47000 : 1.6881230547853854 size: 0.0
48000 : 1.6968742199918885 size: 0.0
49000 : 1.819896505841771 size: 0.0
50000 : 1.6324006759058354 size: 0.0
51000 : 1.7250074859853286 size: 0.0
52000 : 1.7502633102471827 size: 0.0
53000 : 1.6355354036831118 size: 0.0
54000 : 1.6754463855729387 size: 0.0
55000 : 1.7116303314359176 size: 0.0
56000 : 1.7237943203661423 size: 0.0
57000 : 1.7077493709365474 size: 0.0
58000 : 1.8437147271250631 size: 0.0
59000 : 1.6522648440631407 size: 0.0
60000 : 1.4830547255148914 size: 0.0
61000 : 1.6982268635409246 size: 0.0
62000 : 1.7229841100979275 size: 0.0
63000 : 1.6159015202953118 size: 0.0
64000 : 1.7510243334772508 size: 0.0
65000 : 1.737325915336028 size: 0.0
66000 : 1.7408546553664312 size: 0.0
67000 : 1.5410624098591064 size: 0.0
68000 : 1.6546189425881508 size: 0.0
69000 : 1.6416399278754872 size: 0.0
70000 : 1.4135415738106054 size: 0.0
71000 : 1.6602534381957181 size: 0.0
72000 : 1.7120140247299924 size: 0.0
73000 : 1.6045057778664913 size: 0.0
74000 : 1.735317845904554 size: 0.0
75000 : 1.6117715289174923 size: 0.0
76000 : 1.6812721258882655 size: 0.0
77000 : 1.7721474146388718 size: 0.0
78000 : 1.7095498573084302 size: 0.0
79000 : 1.6117710129695397 size: 0.0
80000 : 1.7250098937424405 size: 0.0
81000 : 1.5829009732998036 size: 0.0
82000 : 1.4813988765523842 size: 0.0
83000 : 1.6654966732725724 size: 0.0
84000 : 1.624764474224876 size: 0.0
85000 : 1.8259305171472928 size: 0.0
86000 : 1.5993874021941632 size: 0.0
87000 : 1.732089731547859 size: 0.0
88000 : 1.7289441688635783 size: 0.0
89000 : 1.6274040639503182 size: 0.0
90000 : 1.64629876590471 size: 0.0
91000 : 1.7414749967880934 size: 0.0
92000 : 1.5011543516743442 size: 0.0
93000 : 1.5947235766680656 size: 0.0
94000 : 1.7241804214173293 size: 0.0
95000 : 1.7552865795135837 size: 0.0
96000 : 1.8058415676653097 size: 0.0
97000 : 1.6693662829169857 size: 0.0
98000 : 1.7789606793354529 size: 0.0
99000 : 1.7200528377966218 size: 0.0
100000 : 1.7891006044476732 size: 0.0
101000 : 1.6279717786808163 size: 0.0
102000 : 1.7268678223197116 size: 0.0
103000 : 1.638019693074825 size: 0.0
104000 : 1.4768750449040888 size: 0.0
105000 : 1.6357703319841903 size: 0.0
106000 : 1.6491889343524593 size: 0.0
107000 : 1.7630029251098454 size: 0.0
108000 : 1.7094915551897876 size: 0.0
109000 : 1.7399379878373324 size: 0.0
110000 : 1.6116507970965868 size: 0.0
111000 : 1.6330917021970022 size: 0.0
112000 : 1.7094313612619856 size: 0.0
113000 : 1.5513856684771465 size: 0.0
114000 : 1.561141728312641 size: 0.0
115000 : 1.5733973839957756 size: 0.0
116000 : 1.550432196660763 size: 0.0
117000 : 1.6284032831518311 size: 0.0
118000 : 1.7282944184086184 size: 0.0
119000 : 1.9249713701782143 size: 0.0
120000 : 1.6413761064890637 size: 0.0
121000 : 1.5879813408062908 size: 0.0
122000 : 1.676357205691908 size: 0.0
123000 : 1.5596355042563845 size: 0.0
124000 : 1.550305617429728 size: 0.0
125000 : 1.511665931295079 size: 0.0
126000 : 1.634256368708645 size: 0.0
127000 : 1.6136879315960566 size: 0.0
128000 : 1.6785946999796333 size: 0.0
129000 : 1.666564169586478 size: 0.0
130000 : 1.5219126576334852 size: 0.0
131000 : 1.6832765836840715 size: 0.0
132000 : 1.7194576058419857 size: 0.0
133000 : 1.7109511719476602 size: 0.0
134000 : 1.5325437651965697 size: 0.0
135000 : 1.50352152088082 size: 0.0
136000 : 1.6922559698682695 size: 0.0
137000 : 1.6332979093953868 size: 0.0
138000 : 1.5560262763453776 size: 0.0
139000 : 1.6806567719634782 size: 0.0
140000 : 1.5826627773283586 size: 0.0
141000 : 1.5886496653875437 size: 0.0
142000 : 1.564677863597031 size: 0.0
143000 : 1.5645361498927202 size: 0.0
144000 : 1.6913229639873388 size: 0.0
145000 : 1.5153183268514525 size: 0.0
146000 : 1.5358496157114545 size: 0.0
147000 : 1.5871456771057486 size: 0.0
148000 : 1.6436880692646123 size: 0.0
149000 : 1.6975600868035294 size: 0.0
150000 : 1.3660961179778042 size: 0.0
151000 : 1.5416937581704238 size: 0.0
152000 : 1.6095687751252414 size: 0.0
153000 : 1.6020097936545192 size: 0.0
154000 : 1.6330347759395665 size: 0.0
155000 : 1.707378748323938 size: 0.0
156000 : 1.5517829484006396 size: 0.0
157000 : 1.5892457572554344 size: 0.0
158000 : 1.5060238684508738 size: 0.0
159000 : 1.6430801105938124 size: 0.0
160000 : 1.721115690578954 size: 0.0
161000 : 1.5569092352749072 size: 0.0
162000 : 1.516948550398981 size: 0.0
163000 : 1.6455872736780903 size: 0.0
164000 : 1.7650068669576988 size: 0.0
165000 : 1.5908300614351825 size: 0.0
166000 : 1.4262735354453044 size: 0.0
167000 : 1.4305626967664975 size: 0.0
168000 : 1.6616071136406594 size: 0.0
169000 : 1.534764921132463 size: 0.0
170000 : 1.3962779553169966 size: 0.0
171000 : 1.610727766209406 size: 0.0
172000 : 1.6125170737089827 size: 0.0
173000 : 1.5308471563458081 size: 0.0
174000 : 1.7104866468076798 size: 0.0
175000 : 1.6975461562088094 size: 0.0
176000 : 1.615426160248327 size: 0.0
177000 : 1.5787257504848071 size: 0.0
178000 : 1.5114875852861342 size: 0.0
179000 : 1.7020087620333977 size: 0.0
180000 : 1.606231279802598 size: 0.0
181000 : 1.6578148961891344 size: 0.0
182000 : 1.5448867880663426 size: 0.0
183000 : 1.5584584549938794 size: 0.0
184000 : 1.4302184734907957 size: 0.0
185000 : 1.64185576610232 size: 0.0
186000 : 1.5982705468594602 size: 0.0
187000 : 1.5696330277336905 size: 0.0
188000 : 1.7866008366173822 size: 0.0
189000 : 1.4870569337831199 size: 0.0
190000 : 1.6875171599063956 size: 0.0
191000 : 1.75656355069624 size: 0.0
192000 : 1.4684047273664447 size: 0.0
193000 : 1.7154345876730028 size: 0.0
194000 : 1.57238767385256 size: 0.0
195000 : 1.5357825424776181 size: 0.0
196000 : 1.5938370061028677 size: 0.0
197000 : 1.7628030812695428 size: 0.0
198000 : 1.51768584002323 size: 0.0
199000 : 1.6050657533777006 size: 0.0
200000 : 1.6171920781073863 size: 0.0
201000 : 1.5746827823283243 size: 0.0
202000 : 1.5001377622250942 size: 0.0
203000 : 1.4870751639441113 size: 0.0
204000 : 1.76819834900976 size: 0.0
205000 : 1.3499905446637803 size: 0.0
206000 : 1.7842133734581047 size: 0.0
207000 : 1.5913730106639563 size: 0.0
208000 : 1.3387156200471908 size: 0.0
209000 : 1.662715713808121 size: 0.0
210000 : 1.5730150665629075 size: 0.0
211000 : 1.7035234132395465 size: 0.0
212000 : 1.5484580078115089 size: 0.0
213000 : 1.6205932070108493 size: 0.0
214000 : 1.3745373704474526 size: 0.0
215000 : 1.6534405174644389 size: 0.0
216000 : 1.6716170198688274 size: 0.0
217000 : 1.5066447258204885 size: 0.0
218000 : 1.5278020315296312 size: 0.0
219000 : 1.5303817712925734 size: 0.0
220000 : 1.5481484390399558 size: 0.0
221000 : 1.6897701326326986 size: 0.0
222000 : 1.6039427066675664 size: 0.0
223000 : 1.5018747869988085 size: 0.0
224000 : 1.6566837662944096 size: 0.0
225000 : 1.5485644650723929 size: 0.0
226000 : 1.5091439777028268 size: 0.0
227000 : 1.6658992846582423 size: 0.0
228000 : 1.693290961461162 size: 0.0
229000 : 1.5210044172542787 size: 0.0
230000 : 1.6158132931954192 size: 0.0
231000 : 1.4906928190050104 size: 0.0
232000 : 1.5638110710366826 size: 0.0
233000 : 1.7349675172447463 size: 0.0
234000 : 1.6668594637980094 size: 0.0
235000 : 1.6606410870907629 size: 0.0
236000 : 1.3923770448301263 size: 0.0
237000 : 1.4078368232901606 size: 0.0
238000 : 1.4354217226013244 size: 0.0
239000 : 1.6924632089625593 size: 0.0
240000 : 1.506204278251629 size: 0.0
241000 : 1.4334158889443114 size: 0.0
242000 : 1.5554004314788878 size: 0.0
243000 : 1.6361853261207224 size: 0.0
244000 : 1.608909909589786 size: 0.0
245000 : 1.5262024208939562 size: 0.0
246000 : 1.7456454040888656 size: 0.0
247000 : 1.5123863666195434 size: 0.0
248000 : 1.5710056212702266 size: 0.0
249000 : 1.6532630313687484 size: 0.0
250000 : 1.7772439485145402 size: 0.0
251000 : 1.5697214268162338 size: 0.0
252000 : 1.4982683108102155 size: 0.0
253000 : 1.6059373614522734 size: 0.0
254000 : 1.6100138662256744 size: 0.0
255000 : 1.4469949511258353 size: 0.0
256000 : 1.7062808110808299 size: 0.0
257000 : 1.7975354935592396 size: 0.0
258000 : 1.661009473928911 size: 0.0
259000 : 1.422126431793724 size: 0.0
260000 : 1.4739350014875892 size: 0.0
261000 : 1.5154512694405695 size: 0.0
262000 : 1.6486626674408191 size: 0.0
263000 : 1.604162500495369 size: 0.0
264000 : 1.430535093551034 size: 0.0
265000 : 1.4259199391151305 size: 0.0
266000 : 1.7427724339062023 size: 0.0
267000 : 1.5355273202237376 size: 0.0
268000 : 1.4111223798522436 size: 0.0
269000 : 1.4402595945700951 size: 0.0
270000 : 1.5276357243062468 size: 0.0
271000 : 1.6259955260397518 size: 0.0
272000 : 1.6255249815069912 size: 0.0
273000 : 1.5393073269070514 size: 0.0
274000 : 1.6381655343627568 size: 0.0
275000 : 1.6211973820633303 size: 0.0
276000 : 1.5065766206907467 size: 0.0
277000 : 1.6638705773086646 size: 0.0
278000 : 1.4682394520389657 size: 0.0
279000 : 1.4405966805657864 size: 0.0
280000 : 1.6733540446425417 size: 0.0
281000 : 1.3678309069770573 size: 0.0
282000 : 1.5172944075098662 size: 0.0
283000 : 1.5746922413741218 size: 0.0
284000 : 1.5938786259043767 size: 0.0
285000 : 1.564997751327636 size: 0.0
286000 : 1.5711480229051409 size: 0.0
287000 : 1.620883169760204 size: 0.0
288000 : 1.5777676351368504 size: 0.0
289000 : 1.6991471427056914 size: 0.0
290000 : 1.5742615968163611 size: 0.0
291000 : 1.618669237095647 size: 0.0
292000 : 1.5454751407149443 size: 0.0
293000 : 1.6079708843160752 size: 0.0
294000 : 1.6050495870085195 size: 0.0
295000 : 1.6213865629792794 size: 0.0
296000 : 1.5782729201650854 size: 0.0
297000 : 1.5873687386039175 size: 0.0
298000 : 1.614642607290996 size: 0.0
299000 : 1.5780195897203644 size: 0.0
300000 : 1.6759435874165831 size: 0.0
301000 : 1.5456079113214103 size: 0.0
302000 : 1.573471852483599 size: 0.0
303000 : 1.6148059908093157 size: 0.0
304000 : 1.4868913144903388 size: 0.0
305000 : 1.5679505214602996 size: 0.0
306000 : 1.5212193955678572 size: 0.0
307000 : 1.5541939731830852 size: 0.0
308000 : 1.6197566833970525 size: 0.0
309000 : 1.4067110248576127 size: 0.0
310000 : 1.6782858191386836 size: 0.0
311000 : 1.485621222613717 size: 0.0
312000 : 1.6929894758741995 size: 0.0
313000 : 1.6000142789565581 size: 0.0
314000 : 1.5434913208372418 size: 0.0
315000 : 1.6262246069307011 size: 0.0
316000 : 1.4691459725916634 size: 0.0
317000 : 1.633948003815648 size: 0.0
318000 : 1.5562183809663914 size: 0.0
319000 : 1.4886727107879758 size: 0.0
320000 : 1.601992767372084 size: 0.0
321000 : 1.502704087341269 size: 0.0
322000 : 1.7198750077356297 size: 0.0
323000 : 1.6827214236870862 size: 0.0
324000 : 1.537444926780858 size: 0.0
325000 : 1.6523160948930977 size: 0.0
326000 : 1.5504851673172289 size: 0.0
327000 : 1.613164760372132 size: 0.0
328000 : 1.3985630028076852 size: 0.0
329000 : 1.5783922761247842 size: 0.0
330000 : 1.4731311545774564 size: 0.0
331000 : 1.7083671326184466 size: 0.0
332000 : 1.6965280189157017 size: 0.0
333000 : 1.6641278633543555 size: 0.0
334000 : 1.6655078521448787 size: 0.0
335000 : 1.6118416978390444 size: 0.0
336000 : 1.6184951906529739 size: 0.0
337000 : 1.458602404197868 size: 0.0
338000 : 1.609812818506816 size: 0.0
339000 : 1.7018312759377072 size: 0.0
340000 : 1.6235516525709912 size: 0.0
341000 : 1.376872206915566 size: 0.0
342000 : 1.5396500883302209 size: 0.0
343000 : 1.4615838954332256 size: 0.0
344000 : 1.437133293942711 size: 0.0
345000 : 1.6066197886108968 size: 0.0
346000 : 1.564258225928926 size: 0.0
347000 : 1.5163773960154656 size: 0.0
348000 : 1.4921677422188098 size: 0.0
349000 : 1.6023467076675595 size: 0.0
350000 : 1.5641032695604986 size: 0.0
351000 : 1.4728805758551493 size: 0.0
352000 : 1.4049459669118076 size: 0.0
353000 : 1.5486834770667899 size: 0.0
354000 : 1.640374135565137 size: 0.0
355000 : 1.4908044357454204 size: 0.0
356000 : 1.612934131637325 size: 0.0
357000 : 1.618593908694569 size: 0.0
358000 : 1.4270232938117409 size: 0.0
359000 : 1.582930554315752 size: 0.0
360000 : 1.6098353482340788 size: 0.0
361000 : 1.5805745639815822 size: 0.0
362000 : 1.5268329092920192 size: 0.0
363000 : 1.51929043815578 size: 0.0
364000 : 1.6287223109691817 size: 0.0
365000 : 1.4738710239414683 size: 0.0
366000 : 1.5157157787575966 size: 0.0
367000 : 1.7617529552033744 size: 0.0
368000 : 1.5097070489017517 size: 0.0
369000 : 1.8263369121512816 size: 0.0
370000 : 1.3981159339067675 size: 0.0
371000 : 1.5379039484760109 size: 0.0
372000 : 1.396006136737308 size: 0.0
373000 : 1.6750153970498765 size: 0.0
374000 : 1.4891308725698744 size: 0.0
375000 : 1.4749987141831757 size: 0.0
376000 : 1.5018845900099076 size: 0.0
377000 : 1.4677823221529722 size: 0.0
378000 : 1.7055392218903094 size: 0.0
379000 : 1.6289390091092688 size: 0.0
380000 : 1.6924181495080333 size: 0.0
381000 : 1.492092241835081 size: 0.0
382000 : 1.6395794037354998 size: 0.0
383000 : 1.5952178548066454 size: 0.0
384000 : 1.6016488020703583 size: 0.0
385000 : 1.4696223645345534 size: 0.0
386000 : 1.505267832717681 size: 0.0
387000 : 1.5594052194868793 size: 0.0
388000 : 1.561867667081933 size: 0.0
389000 : 1.5251562504287577 size: 0.0
390000 : 1.5007469247744503 size: 0.0
391000 : 1.5735153640942674 size: 0.0
392000 : 1.613049360013403 size: 0.0
393000 : 1.6862721774968 size: 0.0
394000 : 1.6254192121767106 size: 0.0
395000 : 1.6372897987045634 size: 0.0
396000 : 1.466131804652642 size: 0.0
397000 : 1.5355992089717985 size: 0.0
398000 : 1.4604319556377465 size: 0.0
399000 : 1.4486636987871573 size: 0.0
400000 : 1.703498819720473 size: 0.0
401000 : 1.6184544307647193 size: 0.0
402000 : 1.5148156215629804 size: 0.0
403000 : 1.4479988138589217 size: 0.0
404000 : 1.6715583737848831 size: 0.0
405000 : 1.6370060273306397 size: 0.0
406000 : 1.5548917067976356 size: 0.0
407000 : 1.5248064377169028 size: 0.0
408000 : 1.5413157403038273 size: 0.0
409000 : 1.4450396803681762 size: 0.0
410000 : 1.376698934394822 size: 0.0
411000 : 1.6495781310913618 size: 0.0
412000 : 1.4406479313957434 size: 0.0
413000 : 1.7805353524867527 size: 0.0
414000 : 1.4057668401043757 size: 0.0
415000 : 1.5263200570271465 size: 0.0
416000 : 1.5138119308125453 size: 0.0
417000 : 1.5428711513982305 size: 0.0
418000 : 1.5071641134260942 size: 0.0
419000 : 1.5168893883670842 size: 0.0
420000 : 1.508046728390322 size: 0.0
421000 : 1.780919733711431 size: 0.0
422000 : 1.6047986643209107 size: 0.0
423000 : 1.5318434518422563 size: 0.0
424000 : 1.411892862128109 size: 0.0
425000 : 1.6974171692206623 size: 0.0
426000 : 1.6080131920481875 size: 0.0
427000 : 1.4406383003672951 size: 0.0
428000 : 1.5474335071603191 size: 0.0
429000 : 1.5548862033528081 size: 0.0
430000 : 1.4603277341513237 size: 0.0
431000 : 1.4754355501163672 size: 0.0
432000 : 1.3950209341218403 size: 0.0
433000 : 1.7387779648572628 size: 0.0
434000 : 1.5486353219245483 size: 0.0
435000 : 1.495136162772702 size: 0.0
436000 : 1.4860866076669519 size: 0.0
437000 : 1.7116996404442153 size: 0.0
438000 : 1.602085466020899 size: 0.0
439000 : 1.558915412897222 size: 0.0
440000 : 1.5713920662867153 size: 0.0
441000 : 1.6063829685006588 size: 0.0
442000 : 1.462264258800039 size: 0.0
443000 : 1.5014326196034402 size: 0.0
444000 : 1.5379128915738558 size: 0.0
445000 : 1.557585299075449 size: 0.0
446000 : 1.6426788750693495 size: 0.0
447000 : 1.4363582541265978 size: 0.0
448000 : 1.4794590842333026 size: 0.0
449000 : 1.5079887702369814 size: 0.0
450000 : 1.5753234177027882 size: 0.0
451000 : 1.5222409725139823 size: 0.0
452000 : 1.557477293970707 size: 0.0
453000 : 1.5487962976857559 size: 0.0
454000 : 1.7115441681278352 size: 0.0
455000 : 1.5619933863997135 size: 0.0
456000 : 1.691616022424409 size: 0.0
457000 : 1.46388897890274 size: 0.0
458000 : 1.5030308543779083 size: 0.0
459000 : 1.5186520385557771 size: 0.0
460000 : 1.5478094612351052 size: 0.0
461000 : 1.4884649557457337 size: 0.0
462000 : 1.6152412788986494 size: 0.0
463000 : 1.5150648244240807 size: 0.0
464000 : 1.548086697268296 size: 0.0
465000 : 1.704845099911427 size: 0.0
466000 : 1.6359082620701824 size: 0.0
467000 : 1.6315846182274913 size: 0.0
468000 : 1.6195415331008232 size: 0.0
469000 : 1.5546060436145526 size: 0.0
470000 : 1.489714237721601 size: 0.0
471000 : 1.4914146301906817 size: 0.0
472000 : 1.5096461670433463 size: 0.0
473000 : 1.4111433617356488 size: 0.0
474000 : 1.5516028825651862 size: 0.0
475000 : 1.5245857839758459 size: 0.0
476000 : 1.608225418639352 size: 0.0
477000 : 1.4297375240076577 size: 0.0
478000 : 1.47880675403858 size: 0.0
479000 : 1.51605733630221 size: 0.0
480000 : 1.529406973627483 size: 0.0
481000 : 1.6168997076009195 size: 0.0
482000 : 1.5785859285896557 size: 0.0
483000 : 1.6487825393484705 size: 0.0
484000 : 1.7621337247923847 size: 0.0
485000 : 1.73058299154365 size: 0.0
486000 : 1.5682807281499562 size: 0.0
487000 : 1.4845126224462555 size: 0.0
488000 : 1.4631061138760124 size: 0.0
489000 : 1.6378138298417424 size: 0.0
490000 : 1.5823146844430123 size: 0.0
491000 : 1.3952672132778758 size: 0.0
492000 : 1.6392639875538175 size: 0.0
493000 : 1.542459424932065 size: 0.0
494000 : 1.5456579582728114 size: 0.0
495000 : 1.4926768108653639 size: 0.0
496000 : 1.4660215637734388 size: 0.0
497000 : 1.7039758995939664 size: 0.0
498000 : 1.645610147370655 size: 0.0
499000 : 1.4628240623285975 size: 0.0
500000 : 1.5371737101404475 size: 0.0
501000 : 1.4912868470810905 size: 0.0
502000 : 1.5537788070639025 size: 0.0
503000 : 1.384184737247602 size: 0.0
504000 : 1.5143113684306508 size: 0.0
505000 : 1.5411312029194515 size: 0.0
506000 : 1.3733835388428142 size: 0.0
507000 : 1.3552781512645573 size: 0.0
508000 : 1.5075703364474322 size: 0.0
509000 : 1.658934675228902 size: 0.0
510000 : 1.4501449853590387 size: 0.0
511000 : 1.5249395522886706 size: 0.0
512000 : 1.7509883891032205 size: 0.0
513000 : 1.6149389333984328 size: 0.0
514000 : 1.4375826846094155 size: 0.0
515000 : 1.539038518023753 size: 0.0
516000 : 1.4889693808607143 size: 0.0
517000 : 1.5371198795707273 size: 0.0
518000 : 1.4961610073891933 size: 0.0
519000 : 1.6572077974315886 size: 0.0
520000 : 1.4064695612158011 size: 0.0
521000 : 1.518908120722912 size: 0.0
522000 : 1.4859149689813906 size: 0.0
523000 : 1.4841769123117712 size: 0.0
524000 : 1.5209691608108518 size: 0.0
525000 : 1.4798856012074424 size: 0.0
526000 : 1.5431277495133178 size: 0.0
527000 : 1.5112669315450773 size: 0.0
528000 : 1.4458354440937184 size: 0.0
529000 : 1.4587198683484073 size: 0.0
530000 : 1.610095901950136 size: 0.0
531000 : 1.5132182467017667 size: 0.0
532000 : 1.5606675721442123 size: 0.0
533000 : 1.5374619530632934 size: 0.0
534000 : 1.546425516843612 size: 0.0
535000 : 1.5237244948603248 size: 0.0
536000 : 1.437918050778598 size: 0.0
537000 : 1.783867000399267 size: 0.0
538000 : 1.6478674196632295 size: 0.0
539000 : 1.366999026894834 size: 0.0
540000 : 1.335551741210593 size: 0.0
541000 : 1.561660771952945 size: 0.0
542000 : 1.560182581068779 size: 0.0
543000 : 1.496304268937362 size: 0.0
544000 : 1.6059597191968855 size: 0.0
545000 : 1.4710369218379 size: 0.0
546000 : 1.5432472774556674 size: 0.0
547000 : 1.6832175936348255 size: 0.0
548000 : 1.4795904789785619 size: 0.0
549000 : 1.4519205342465462 size: 0.0
550000 : 1.7376114065364603 size: 0.0
551000 : 1.4653778327112592 size: 0.0
552000 : 1.4517048680023643 size: 0.0
553000 : 1.6329771617515276 size: 0.0
554000 : 1.6067642540376217 size: 0.0
555000 : 1.7904068126809762 size: 0.0
556000 : 1.4545668312953723 size: 0.0
557000 : 1.6899660208720313 size: 0.0
558000 : 1.4611061276291288 size: 0.0
559000 : 1.4645153397171824 size: 0.0
560000 : 1.6137854457590959 size: 0.0
561000 : 1.4577180694071314 size: 0.0
562000 : 1.4954978422874665 size: 0.0
563000 : 1.4707000078248598 size: 0.0
564000 : 1.6077545301412897 size: 0.0
565000 : 1.7560075307860006 size: 0.0
566000 : 1.619339797451361 size: 0.0
567000 : 1.4836066178415102 size: 0.0
568000 : 1.459186629262849 size: 0.0
569000 : 1.5191093404244214 size: 0.0
570000 : 1.3255758015559704 size: 0.0
571000 : 1.4694522736928501 size: 0.0
572000 : 1.4107789304984706 size: 0.0
573000 : 1.654495974992784 size: 0.0
574000 : 1.5605310179194272 size: 0.0
575000 : 1.4357633661372633 size: 0.0
576000 : 1.6931791727381011 size: 0.0
577000 : 1.484455524206169 size: 0.0
578000 : 1.494529235997807 size: 0.0
579000 : 1.5612676196130726 size: 0.0
580000 : 1.3079073359022306 size: 0.0
581000 : 1.4869503045395849 size: 0.0
582000 : 1.5758457290134584 size: 0.0
583000 : 1.582599487712841 size: 0.0
584000 : 1.631923596032342 size: 0.0
585000 : 1.4915843770670831 size: 0.0
586000 : 1.6090213543475451 size: 0.0
587000 : 1.6133486098259042 size: 0.0
588000 : 1.5681510532312055 size: 0.0
589000 : 1.525840225431239 size: 0.0
590000 : 1.5704122811247498 size: 0.0
591000 : 1.390987682985131 size: 0.0
592000 : 1.609581845806707 size: 0.0
593000 : 1.4702055577036293 size: 0.0
594000 : 1.5098805793964722 size: 0.0
595000 : 1.612882708824717 size: 0.0
596000 : 1.5802187318769472 size: 0.0
597000 : 1.5859531494046657 size: 0.0
598000 : 1.3900496896073253 size: 0.0
599000 : 1.5200791505926368 size: 0.0
600000 : 1.5447352713509326 size: 0.0
601000 : 1.4673091978804487 size: 0.0
602000 : 1.4675379348060962 size: 0.0
603000 : 1.5539382349812523 size: 0.0
604000 : 1.5913755904037192 size: 0.0
605000 : 1.5916182579240867 size: 0.0
606000 : 1.5687137804648288 size: 0.0
607000 : 1.5124663385521946 size: 0.0
608000 : 1.6463567240580506 size: 0.0
609000 : 1.583868031745605 size: 0.0
610000 : 1.4960695126189343 size: 0.0
611000 : 1.4894674426176129 size: 0.0
612000 : 1.5942623191984515 size: 0.0
613000 : 1.555220881591387 size: 0.0
614000 : 1.6582998872645676 size: 0.0
615000 : 1.5963783937346676 size: 0.0
616000 : 1.5503530846413662 size: 0.0
617000 : 1.6194331840307796 size: 0.0
618000 : 1.4607662899110239 size: 0.0
619000 : 1.5354370293320347 size: 0.0
620000 : 1.5555817011928972 size: 0.0
621000 : 1.5934240757581462 size: 0.0
622000 : 1.5428646160574977 size: 0.0
623000 : 1.7642960626616828 size: 0.0
624000 : 1.6558405353572292 size: 0.0
625000 : 1.5544065437395516 size: 0.0
626000 : 1.5664547883457458 size: 0.0
627000 : 1.6171145139318472 size: 0.0
628000 : 1.6012226290615204 size: 0.0
629000 : 1.553359513361099 size: 0.0
630000 : 1.608824606194958 size: 0.0
631000 : 1.5125920578699752 size: 0.0
632000 : 1.4304505640781349 size: 0.0
633000 : 1.7424809233129899 size: 0.0
634000 : 1.6143569441079129 size: 0.0
635000 : 1.6642929666991837 size: 0.0
636000 : 1.4694766952292726 size: 0.0
637000 : 1.5402967430974652 size: 0.0
638000 : 1.5080847365561627 size: 0.0
639000 : 1.5978699992656007 size: 0.0
640000 : 1.390044788101776 size: 0.0
641000 : 1.6036032129147633 size: 0.0
642000 : 1.6395923024343146 size: 0.0
643000 : 1.448144827129504 size: 0.0
644000 : 1.531753504915855 size: 0.0
645000 : 1.7154815389366884 size: 0.0
646000 : 1.4843910307120953 size: 0.0
647000 : 1.580340323611107 size: 0.0
648000 : 1.6432326592051276 size: 0.0
649000 : 1.6167027874656816 size: 0.0
650000 : 1.5131618363922839 size: 0.0
651000 : 1.708738787126961 size: 0.0
652000 : 1.3869238189365685 size: 0.0
653000 : 1.654203604486317 size: 0.0
654000 : 1.5324121984686596 size: 0.0
655000 : 1.4205042914307862 size: 0.0
656000 : 1.4172687818201042 size: 0.0
657000 : 1.5967233909322984 size: 0.0
658000 : 1.6147712503138414 size: 0.0
659000 : 1.5863332310630727 size: 0.0
660000 : 1.5151219226641672 size: 0.0
661000 : 1.4919768414763521 size: 0.0
662000 : 1.4306179891887498 size: 0.0
663000 : 1.4574982755793289 size: 0.0
664000 : 1.5645349460141642 size: 0.0
665000 : 1.4248576882720765 size: 0.0
666000 : 1.645325688066128 size: 0.0
667000 : 1.6545971007914912 size: 0.0
668000 : 1.573106045385214 size: 0.0
669000 : 1.456235578956694 size: 0.0
670000 : 1.5801857112079816 size: 0.0
671000 : 1.4577321719845022 size: 0.0
672000 : 1.572378902737366 size: 0.0
673000 : 1.6997965491953493 size: 0.0
674000 : 1.537639267176333 size: 0.0
675000 : 1.5323927644291122 size: 0.0
676000 : 1.5117163222117818 size: 0.0
677000 : 1.4892232272533876 size: 0.0
678000 : 1.632203067839994 size: 0.0
679000 : 1.4416459467187004 size: 0.0
680000 : 1.5695315579696814 size: 0.0
681000 : 1.5961154322614983 size: 0.0
682000 : 1.5813109936925769 size: 0.0
683000 : 1.5684958784461855 size: 0.0
684000 : 1.5333164832468964 size: 0.0
685000 : 1.5691607633744211 size: 0.0
686000 : 1.5423135836441333 size: 0.0
687000 : 1.4859306194026192 size: 0.0
688000 : 1.7347363725619867 size: 0.0
689000 : 1.5974114935184005 size: 0.0
690000 : 1.475143867540504 size: 0.0
691000 : 1.6943206215918776 size: 0.0
692000 : 1.572457842774112 size: 0.0
693000 : 1.6749942431838203 size: 0.0
694000 : 1.4780847708702578 size: 0.0
695000 : 1.5842319470348307 size: 0.0
696000 : 1.5825374019758796 size: 0.0
697000 : 1.6421935400286145 size: 0.0
698000 : 1.5507634352463249 size: 0.0
699000 : 1.6404713057628744 size: 0.0
700000 : 1.6754630678900724 size: 0.0
701000 : 1.5863961767132884 size: 0.0
702000 : 1.599902834198799 size: 0.0
703000 : 1.4166843847724724 size: 0.0
704000 : 1.59839609419459 size: 0.0
705000 : 1.65736550552243 size: 0.0
706000 : 1.5831995351817014 size: 0.0
707000 : 1.7161331812008076 size: 0.0
708000 : 1.7268000611552716 size: 0.0
709000 : 1.7342501776079975 size: 0.0
710000 : 1.477977969644072 size: 0.0
711000 : 1.5231265111832748 size: 0.0
712000 : 1.5588835961068124 size: 0.0
713000 : 1.5436459332403674 size: 0.0
714000 : 1.387723624254406 size: 0.0
715000 : 1.4737107361108641 size: 0.0
716000 : 1.7059377056923586 size: 0.0
717000 : 1.6513799933244515 size: 0.0
718000 : 1.530135148171236 size: 0.0
719000 : 1.5949318476582603 size: 0.0
720000 : 1.488247569675043 size: 0.0
721000 : 1.5970057864450151 size: 0.0
722000 : 1.6271006865541962 size: 0.0
723000 : 1.5900611270031748 size: 0.0
724000 : 1.5591866295376327 size: 0.0
725000 : 1.4042951845609426 size: 0.0
726000 : 1.589118318111145 size: 0.0
727000 : 1.506844569660791 size: 0.0
728000 : 1.471674977472601 size: 0.0
729000 : 1.6034800733367456 size: 0.0
730000 : 1.5685985520887507 size: 0.0
731000 : 1.4466587250433987 size: 0.0
732000 : 1.508564396169419 size: 0.0
733000 : 1.3815969143000693 size: 0.0
734000 : 1.5617956063512213 size: 0.0
735000 : 1.4152872837081882 size: 0.0
736000 : 1.6055194436106768 size: 0.0
737000 : 1.5889876112964891 size: 0.0
738000 : 1.5361868736897966 size: 0.0
739000 : 1.5065195224506605 size: 0.0
740000 : 1.5805537540808279 size: 0.0
741000 : 1.4968482500620413 size: 0.0
742000 : 1.402677859712229 size: 0.0
743000 : 1.4690304002502836 size: 0.0
744000 : 1.5265783749687423 size: 0.0
745000 : 1.5873401894838743 size: 0.0
746000 : 1.699306914588343 size: 0.0
747000 : 1.4383234998780072 size: 0.0
748000 : 1.4039789944573313 size: 0.0
749000 : 1.5993041625911457 size: 0.0
750000 : 1.6722335776721704 size: 0.0
751000 : 1.5091685712219003 size: 0.0
752000 : 1.457965552441723 size: 0.0
753000 : 1.5091857694869866 size: 0.0
754000 : 1.5742925536935166 size: 0.0
755000 : 1.558452779566401 size: 0.0
756000 : 1.5254315946527892 size: 0.0
757000 : 1.4770637098720854 size: 0.0
758000 : 1.5876808871152335 size: 0.0
759000 : 1.7334812431759898 size: 0.0
760000 : 1.4267796803867938 size: 0.0
761000 : 1.5159873393633088 size: 0.0
762000 : 1.4283565893125547 size: 0.0
763000 : 1.622707045772604 size: 0.0
764000 : 1.5038543073102395 size: 0.0
765000 : 1.4832414986737283 size: 0.0
766000 : 1.7805296770592742 size: 0.0
767000 : 1.4689714102010376 size: 0.0
768000 : 1.373140355374494 size: 0.0
769000 : 1.5163352602660043 size: 0.0
770000 : 1.527868588815515 size: 0.0
771000 : 1.6076466970191987 size: 0.0
772000 : 1.6038465683657341 size: 0.0
773000 : 1.6014295241905083 size: 0.0
774000 : 1.4202599900752355 size: 0.0
775000 : 1.767927304352 size: 0.0
776000 : 1.6520959570999934 size: 0.0
777000 : 1.5574540763128406 size: 0.0
778000 : 1.4439984973998528 size: 0.0
779000 : 1.5208477410593426 size: 0.0
780000 : 1.7072573285724288 size: 0.0
781000 : 1.4871339820107063 size: 0.0
782000 : 1.4222366726729272 size: 0.0
783000 : 1.4560003066903138 size: 0.0
784000 : 1.6095964643320304 size: 0.0
785000 : 1.5286351154904108 size: 0.0
786000 : 1.6232663333532098 size: 0.0
787000 : 1.5114590361660911 size: 0.0
788000 : 1.6186123108382113 size: 0.0
789000 : 1.5927256542129924 size: 0.0
790000 : 1.6365686754494955 size: 0.0
791000 : 1.566545939150703 size: 0.0
792000 : 1.503358481327802 size: 0.0
793000 : 1.4997662796992304 size: 0.0
794000 : 1.482630272332562 size: 0.0
795000 : 1.586989688841416 size: 0.0
796000 : 1.4046893687967204 size: 0.0
797000 : 1.6103411492102664 size: 0.0
798000 : 1.4475305051006222 size: 0.0
799000 : 1.6120716386432479 size: 0.0
800000 : 1.4970145572854254 size: 0.0
801000 : 1.6063981029739347 size: 0.0
802000 : 1.6416081110850775 size: 0.0
803000 : 1.573521039521746 size: 0.0
804000 : 1.5047204119399846 size: 0.0
805000 : 1.4177687353861623 size: 0.0
806000 : 1.4447636482135413 size: 0.0
807000 : 1.29808024723193 size: 0.0
808000 : 1.5931098634550198 size: 0.0
809000 : 1.625810988655376 size: 0.0
810000 : 1.4779690265462273 size: 0.0
811000 : 1.5274518748524746 size: 0.0
812000 : 1.6814728296418222 size: 0.0
813000 : 1.5023670013455779 size: 0.0
814000 : 1.7768212151587195 size: 0.0
815000 : 1.5223608444216337 size: 0.0
816000 : 1.5252609878631331 size: 0.0
817000 : 1.6090738090560583 size: 0.0
818000 : 1.5689389057548082 size: 0.0
819000 : 1.358426723645228 size: 0.0
820000 : 1.5385621260808628 size: 0.0
821000 : 1.451452053505596 size: 0.0
822000 : 1.6028843254341567 size: 0.0
823000 : 1.6023480835287665 size: 0.0
824000 : 1.643812756686488 size: 0.0
825000 : 1.4845790077494885 size: 0.0
826000 : 1.5951538772605243 size: 0.0
827000 : 1.5883136112877578 size: 0.0
828000 : 1.5368768680850582 size: 0.0
829000 : 1.4417487923439163 size: 0.0
830000 : 1.5385199903314015 size: 0.0
831000 : 1.541237144232383 size: 0.0
832000 : 1.532120859858098 size: 0.0
833000 : 1.5175107616846517 size: 0.0
834000 : 1.4854077921439963 size: 0.0
835000 : 1.5932333469983393 size: 0.0
836000 : 1.5504879190396426 size: 0.0
837000 : 1.5487080705858634 size: 0.0
838000 : 1.6723054664202313 size: 0.0
839000 : 1.51285415942989 size: 0.0
840000 : 1.614068701185067 size: 0.0
841000 : 1.627702625832216 size: 0.0
842000 : 1.5459259072428557 size: 0.0
843000 : 1.5565855639259834 size: 0.0
844000 : 1.468838123646619 size: 0.0
845000 : 1.481363964074259 size: 0.0
846000 : 1.593993338332502 size: 0.0
847000 : 1.4520471134775812 size: 0.0
848000 : 1.5115799399696477 size: 0.0
849000 : 1.5835144354154311 size: 0.0
850000 : 1.424559212381504 size: 0.0
851000 : 1.6583096902756667 size: 0.0
852000 : 1.5131812704318313 size: 0.0
853000 : 1.3460949656390868 size: 0.0
854000 : 1.5608027505077904 size: 0.0
855000 : 1.5827387936600399 size: 0.0
856000 : 1.5912376603177274 size: 0.0
857000 : 1.4846643111443163 size: 0.0
858000 : 1.5163497068086769 size: 0.0
859000 : 1.6724380650440465 size: 0.0
860000 : 1.286427304748744 size: 0.0
861000 : 1.6150177014525278 size: 0.0
862000 : 1.4261726676205735 size: 0.0
863000 : 1.5539351392935368 size: 0.0
864000 : 1.6585212289362279 size: 0.0
865000 : 1.5571218058313736 size: 0.0
866000 : 1.3719028542102107 size: 0.0
867000 : 1.5452381486220554 size: 0.0
868000 : 1.5032539158760774 size: 0.0
869000 : 1.304327431033196 size: 0.0
870000 : 1.4384030418540312 size: 0.0
871000 : 1.5813928574343876 size: 0.0
872000 : 1.5181704871333614 size: 0.0
873000 : 1.6394954762018787 size: 0.0
874000 : 1.3927007161790501 size: 0.0
875000 : 1.568610590874311 size: 0.0
876000 : 1.5077619251204932 size: 0.0
877000 : 1.5974489857362886 size: 0.0
878000 : 1.4720026044224948 size: 0.0
879000 : 1.3936964957275457 size: 0.0
880000 : 1.4946931354640793 size: 0.0
881000 : 1.4667399353060928 size: 0.0
882000 : 1.6253545466999861 size: 0.0
883000 : 1.6993710641171147 size: 0.0
884000 : 1.4758293903868431 size: 0.0
885000 : 1.55210197621799 size: 0.0
886000 : 1.5912362844565204 size: 0.0
887000 : 1.6075909746403192 size: 0.0
888000 : 1.4921305939662235 size: 0.0
889000 : 1.5822395280245851 size: 0.0
890000 : 1.6879321540429277 size: 0.0
891000 : 1.5211798395581588 size: 0.0
892000 : 1.4413884026990333 size: 0.0
893000 : 1.4546191140212346 size: 0.0
894000 : 1.43880247156066 size: 0.0
895000 : 1.4927600504683813 size: 0.0
896000 : 1.4763050943991296 size: 0.0
897000 : 1.4826235650091784 size: 0.0
898000 : 1.6463997197207663 size: 0.0
899000 : 1.4419068444000591 size: 0.0
900000 : 1.4680167345060982 size: 0.0
901000 : 1.5999434221044027 size: 0.0
902000 : 1.644362929186598 size: 0.0
903000 : 1.3771068772426684 size: 0.0
904000 : 1.5230967581846757 size: 0.0
905000 : 1.619244519062783 size: 0.0
906000 : 1.519429744102979 size: 0.0
907000 : 1.4987280204359716 size: 0.0
908000 : 1.5132196225629737 size: 0.0
909000 : 1.560051014340869 size: 0.0
910000 : 1.686028822045829 size: 0.0
911000 : 1.3981095705486855 size: 0.0
912000 : 1.4940621311180637 size: 0.0
913000 : 1.492811989228942 size: 0.0
914000 : 1.6972895580937222 size: 0.0
915000 : 1.3940790711343902 size: 0.0
916000 : 1.5742662403479344 size: 0.0
917000 : 1.4346959558146835 size: 0.0
918000 : 1.5652111817973569 size: 0.0
919000 : 1.3993935930200272 size: 0.0
920000 : 1.520795974281433 size: 0.0
921000 : 1.6706317312620342 size: 0.0
922000 : 1.5329450007210326 size: 0.0
923000 : 1.5421022169662228 size: 0.0
924000 : 1.5959274552241052 size: 0.0
925000 : 1.7026481935293056 size: 0.0
926000 : 1.5132373367760126 size: 0.0
927000 : 1.6286951377103454 size: 0.0
928000 : 1.5774580663652973 size: 0.0
929000 : 1.589891896074726 size: 0.0
930000 : 1.6087509976203889 size: 0.0
931000 : 1.7025080276688525 size: 0.0
932000 : 1.564997579344985 size: 0.0
933000 : 1.385806705627889 size: 0.0
934000 : 1.5777507808370659 size: 0.0
935000 : 1.6785477487159477 size: 0.0
936000 : 1.3605626621776188 size: 0.0
937000 : 1.47379363174858 size: 0.0
938000 : 1.4241879878296166 size: 0.0
939000 : 1.5510222691358733 size: 0.0
940000 : 1.5327289905115489 size: 0.0
941000 : 1.5666799136357252 size: 0.0
942000 : 1.4417449227342718 size: 0.0
943000 : 1.4465648225160275 size: 0.0
944000 : 1.5629755793187912 size: 0.0
945000 : 1.4652646681269916 size: 0.0
946000 : 1.5770540791184207 size: 0.0
947000 : 1.3325305219828862 size: 0.0
948000 : 1.6054874548376161 size: 0.0
949000 : 1.5373606552819352 size: 0.0
950000 : 1.51800280404877 size: 0.0
951000 : 1.5896241190873324 size: 0.0
952000 : 1.4002165300044058 size: 0.0
953000 : 1.5299999698076578 size: 0.0
954000 : 1.610386724612745 size: 0.0
955000 : 1.5235390975626948 size: 0.0
956000 : 1.48747158395435 size: 0.0
957000 : 1.524518022811406 size: 0.0
958000 : 1.5483064910960986 size: 0.0
959000 : 1.6298749386952642 size: 0.0
960000 : 1.49114719716859 size: 0.0
961000 : 1.5340095733298735 size: 0.0
962000 : 1.6202955050422057 size: 0.0
963000 : 1.6756775302556983 size: 0.0
964000 : 1.4860972705913054 size: 0.0
965000 : 1.5099799853686708 size: 0.0
966000 : 1.491074276524624 size: 0.0
967000 : 1.525099496153973 size: 0.0
968000 : 1.6514974574749908 size: 0.0
969000 : 1.4173717994279709 size: 0.0
970000 : 1.5031672366200426 size: 0.0
971000 : 1.6117928547661993 size: 0.0
972000 : 1.6129731716990707 size: 0.0
973000 : 1.5598171179356957 size: 0.0
974000 : 1.4172260441313647 size: 0.0
975000 : 1.4888969761647008 size: 0.0
976000 : 1.6215805594094526 size: 0.0
977000 : 1.5595287030301987 size: 0.0
978000 : 1.53284284302642 size: 0.0
979000 : 1.5122649468680343 size: 0.0
980000 : 1.4193269841943048 size: 0.0
981000 : 1.5313037702838488 size: 0.0
982000 : 1.4612081133410906 size: 0.0
983000 : 1.5856143435824661 size: 0.0
984000 : 1.646918935343721 size: 0.0
985000 : 1.4754642712190613 size: 0.0
986000 : 1.6309718440424672 size: 0.0
987000 : 1.516161557788633 size: 0.0
988000 : 1.490557984606734 size: 0.0
989000 : 1.5898760736708464 size: 0.0
990000 : 1.5712912844533096 size: 0.0
991000 : 1.452095096637172 size: 0.0
992000 : 1.4854234425652248 size: 0.0
993000 : 1.5645755339197678 size: 0.0
994000 : 1.6580613473278207 size: 0.0
995000 : 1.4065080853295944 size: 0.0
996000 : 1.6106244046362375 size: 0.0
997000 : 1.4578909119712486 size: 0.0
998000 : 1.6145578198441206 size: 0.0
999000 : 1.6383765570753654 size: 0.0
1000000 : 1.5340812900952832 size: 0.0
1001000 : 1.4364338405016521 size: 0.0
1002000 : 1.5715996493463067 size: 0.0
1003000 : 1.783655289756055 size: 0.0
1004000 : 1.4661522705880945 size: 0.0
1005000 : 1.368279523721833 size: 0.0
1006000 : 1.531006584263158 size: 0.0
1007000 : 1.5886658317567248 size: 0.0
1008000 : 1.5319870573557268 size: 0.0
1009000 : 1.4201930028327245 size: 0.0
1010000 : 1.4710329662369301 size: 0.0
1011000 : 1.5481615097214214 size: 0.0
1012000 : 1.5026879209720878 size: 0.0
1013000 : 1.603379119520689 size: 0.0
1014000 : 1.6071715089548648 size: 0.0
1015000 : 1.453786030060455 size: 0.0
1016000 : 1.4642270967943363 size: 0.0
1017000 : 1.5558532617986096 size: 0.0
1018000 : 1.4569092350001238 size: 0.0
1019000 : 1.6004839635760646 size: 0.0
1020000 : 1.4408681551801732 size: 0.0
1021000 : 1.649332367883279 size: 0.0
1022000 : 1.4178563605467769 size: 0.0
1023000 : 1.4551610313541032 size: 0.0
1024000 : 1.5193222549461896 size: 0.0
1025000 : 1.49145418620038 size: 0.0
1026000 : 1.67473902092994 size: 0.0
1027000 : 1.5089246998229768 size: 0.0
1028000 : 1.5095596597699623 size: 0.0
1029000 : 1.4170703138410083 size: 0.0
1030000 : 1.5593080492891418 size: 0.0
1031000 : 1.5319650435764163 size: 0.0
1032000 : 1.4663189217767805 size: 0.0
1033000 : 1.5700870619319682 size: 0.0
1034000 : 1.5195833246101993 size: 0.0
1035000 : 1.504276008770155 size: 0.0
1036000 : 1.398024181162532 size: 0.0
1037000 : 1.5116798618897989 size: 0.0
1038000 : 1.4984136361501945 size: 0.0
1039000 : 1.548885384698903 size: 0.0
1040000 : 1.4449646959323998 size: 0.0
1041000 : 1.6849774921011047 size: 0.0
1042000 : 1.62519787050505 size: 0.0
1043000 : 1.6314674980422539 size: 0.0
1044000 : 1.625031219316364 size: 0.0
1045000 : 1.3813987902862752 size: 0.0
1046000 : 1.5327907322832086 size: 0.0
1047000 : 1.558128248304223 size: 0.0
1048000 : 1.5405830942111518 size: 0.0
1049000 : 1.4842321187426981 size: 0.0
1050000 : 1.4437946979585803 size: 0.0
1051000 : 1.6762904764233733 size: 0.0
1052000 : 1.578288226621012 size: 0.0
1053000 : 1.4987949216871572 size: 0.0
1054000 : 1.5901997450197702 size: 0.0
1055000 : 1.5737846889255187 size: 0.0
1056000 : 1.653565892816918 size: 0.0
1057000 : 1.5637966244940102 size: 0.0
1058000 : 1.5227072174804714 size: 0.0
1059000 : 1.362856996731454 size: 0.0
1060000 : 1.6099829093485192 size: 0.0
1061000 : 1.5251230577771413 size: 0.0
1062000 : 1.376186082129949 size: 0.0
1063000 : 1.4434213236235571 size: 0.0
1064000 : 1.3588326027012645 size: 0.0
1065000 : 1.5186592618271135 size: 0.0
1066000 : 1.6070679753990453 size: 0.0
1067000 : 1.4979049114689422 size: 0.0
1068000 : 1.5466556296304665 size: 0.0
1069000 : 1.509892274216731 size: 0.0
1070000 : 1.5399063424800066 size: 0.0
1071000 : 1.5074169279228624 size: 0.0
1072000 : 1.5213934420105304 size: 0.0
1073000 : 1.4419348775721499 size: 0.0
1074000 : 1.4665923741916524 size: 0.0
1075000 : 1.4756159599171224 size: 0.0
1076000 : 1.5538013367911654 size: 0.0
1077000 : 1.325483618855108 size: 0.0
1078000 : 1.5490749095801537 size: 0.0
1079000 : 1.373785978245833 size: 0.0
1080000 : 1.598411056685215 size: 0.0
1081000 : 1.6396853450484314 size: 0.0
1082000 : 1.6507178601186296 size: 0.0
1083000 : 1.3994192184350058 size: 0.0
1084000 : 1.6094998100822455 size: 0.0
1085000 : 1.6676901400016768 size: 0.0
1086000 : 1.6664305390667575 size: 0.0
1087000 : 1.6506817437619485 size: 0.0
1088000 : 1.4089027717602083 size: 0.0
1089000 : 1.5661039437379856 size: 0.0
1090000 : 1.4826421391354714 size: 0.0
1091000 : 1.5516381390086131 size: 0.0
1092000 : 1.447698704133166 size: 0.0
1093000 : 1.5836422185250223 size: 0.0
1094000 : 1.5754131926465387 size: 0.0
1095000 : 1.549460666666039 size: 0.0
1096000 : 1.528361491092888 size: 0.0
1097000 : 1.570814548545118 size: 0.0
1098000 : 1.374765075477195 size: 0.0
1099000 : 1.5054537459632635 size: 0.0
1100000 : 1.5727808261924323 size: 0.0
1101000 : 1.4250620036613013 size: 0.0
1102000 : 1.5632204826136198 size: 0.0
1103000 : 1.7372887670834416 size: 0.0
1104000 : 1.3559715853128362 size: 0.0
1105000 : 1.718267657880666 size: 0.0
1106000 : 1.4975640418549323 size: 0.0
1107000 : 1.5062133933321247 size: 0.0
1108000 : 1.483679538485476 size: 0.0
1109000 : 1.5313080698501205 size: 0.0
1110000 : 1.57372913852929 size: 0.0
1111000 : 1.4964640408200136 size: 0.0
1112000 : 1.4958947782456578 size: 0.0
1113000 : 1.5453318791667756 size: 0.0
1114000 : 1.5055256347113242 size: 0.0
1115000 : 1.4282092861720908 size: 0.0
1116000 : 1.5527305728068936 size: 0.0
1117000 : 1.767621519198766 size: 0.0
1118000 : 1.4285703637475773 size: 0.0
1119000 : 1.5622793935480985 size: 0.0
1120000 : 1.4774547984201474 size: 0.0
1121000 : 1.5675432665430564 size: 0.0
1122000 : 1.5196323396656952 size: 0.0
1123000 : 1.5283981233975217 size: 0.0
1124000 : 1.6188959102294842 size: 0.0
1125000 : 1.4602064863824655 size: 0.0
1126000 : 1.5023592621262891 size: 0.0
1127000 : 1.4616454652222346 size: 0.0
1128000 : 1.4755389116895357 size: 0.0
1129000 : 1.4852696900753535 size: 0.0
1130000 : 1.5205521028825095 size: 0.0
1131000 : 1.603291236386098 size: 0.0
1132000 : 1.4556534176835234 size: 0.0
1133000 : 1.628716807524354 size: 0.0
1134000 : 1.6323442655963525 size: 0.0
1135000 : 1.556429231696349 size: 0.0
1136000 : 1.4233334060374794 size: 0.0
1137000 : 1.5197209107308896 size: 0.0
1138000 : 1.5405512774207422 size: 0.0
1139000 : 1.6815270041768442 size: 0.0
1140000 : 1.6059796691843855 size: 0.0
1141000 : 1.3946639841299746 size: 0.0
1142000 : 1.4179812199513033 size: 0.0
1143000 : 1.3545299407419786 size: 0.0
1144000 : 1.474082046654077 size: 0.0
1145000 : 1.4951050339128957 size: 0.0
1146000 : 1.5268186347319976 size: 0.0
1147000 : 1.5489992372137742 size: 0.0
1148000 : 1.5515258343375997 size: 0.0
1149000 : 1.588167941982477 size: 0.0
1150000 : 1.5645920442542507 size: 0.0
1151000 : 1.6275645237635732 size: 0.0
1152000 : 1.414366918552096 size: 0.0
1153000 : 1.3670176010211272 size: 0.0
1154000 : 1.5103229187744913 size: 0.0
1155000 : 1.459444947204445 size: 0.0
1156000 : 1.6320885273945194 size: 0.0
1157000 : 1.4373229048152873 size: 0.0
1158000 : 1.6126051288262244 size: 0.0
1159000 : 1.5438330503645061 size: 0.0
1160000 : 1.4826108382930145 size: 0.0
1161000 : 1.4637873371560801 size: 0.0
1162000 : 1.5213033231014783 size: 0.0
1163000 : 1.5110648519303136 size: 0.0
1164000 : 1.6785991715285555 size: 0.0
1165000 : 1.640110658144015 size: 0.0
1166000 : 1.5076616592350403 size: 0.0
1167000 : 1.415082108405709 size: 0.0
1168000 : 1.5864811361428146 size: 0.0
1169000 : 1.5985145902410345 size: 0.0
1170000 : 1.5247643019674415 size: 0.0
1171000 : 1.5782531421602362 size: 0.0
1172000 : 1.516364497316651 size: 0.0
1173000 : 1.4758084085034378 size: 0.0
1174000 : 1.4628041123410973 size: 0.0
1175000 : 1.572392833332086 size: 0.0
1176000 : 1.3496690230979922 size: 0.0
1177000 : 1.446729753878205 size: 0.0
1178000 : 1.6228566706788548 size: 0.0
1179000 : 1.503110310362607 size: 0.0
1180000 : 1.5459928084940413 size: 0.0
1181000 : 1.4157948905022097 size: 0.0
1182000 : 1.5406659898488675 size: 0.0
1183000 : 1.5311529414990421 size: 0.0
1184000 : 1.4903837661814099 size: 0.0
1185000 : 1.581561572414884 size: 0.0
1186000 : 1.5842384823755635 size: 0.0
1187000 : 1.606431467608202 size: 0.0
1188000 : 1.5447891019206526 size: 0.0
1189000 : 1.5088118792040108 size: 0.0
1190000 : 1.7863550734092992 size: 0.0
1191000 : 1.6419716824090016 size: 0.0
1192000 : 1.5681020381757098 size: 0.0
1193000 : 1.4245058977597365 size: 0.0
1194000 : 1.6866035880650125 size: 0.0
1195000 : 1.6948045807714056 size: 0.0
1196000 : 1.608079061403468 size: 0.0
1197000 : 1.6449744994930662 size: 0.0
1198000 : 1.6702229285009333 size: 0.0
1199000 : 1.7832172499443073 size: 0.0
1200000 : 1.5893219455697665 size: 0.0
1201000 : 1.4889566541445503 size: 0.0
1202000 : 1.3848677663455036 size: 0.0
1203000 : 1.5755361602419056 size: 0.0
1204000 : 1.428724976150703 size: 0.0
1205000 : 1.6267844104592595 size: 0.0
1206000 : 1.5700358111020112 size: 0.0
1207000 : 1.446688478041998 size: 0.0
1208000 : 1.5315177167015221 size: 0.0
1209000 : 1.7165184223387402 size: 0.0
1210000 : 1.58052228125572 size: 0.0
1211000 : 1.4688828391358433 size: 0.0
1212000 : 1.479152611149465 size: 0.0
1213000 : 1.6318243620427941 size: 0.0
1214000 : 1.5898461486895963 size: 0.0
1215000 : 1.5503109488919047 size: 0.0
1216000 : 1.355770193628676 size: 0.0
1217000 : 1.5562732434320166 size: 0.0
1218000 : 1.5273927128205778 size: 0.0
1219000 : 1.6350194557305233 size: 0.0
1220000 : 1.5860057760958297 size: 0.0
1221000 : 1.4964368675611774 size: 0.0
1222000 : 1.5363175805044522 size: 0.0
1223000 : 1.41311196114875 size: 0.0
1224000 : 1.5748795304809113 size: 0.0
1225000 : 1.5063466798865432 size: 0.0
1226000 : 1.5968019870037427 size: 0.0
1227000 : 1.529544903713475 size: 0.0
1228000 : 1.5388575922750451 size: 0.0
1229000 : 1.3862591059909837 size: 0.0
1230000 : 1.5132903074324784 size: 0.0
1231000 : 1.3697236620411282 size: 0.0
1232000 : 1.4727715388545022 size: 0.0
1233000 : 1.5917479328428372 size: 0.0
1234000 : 1.4253586737340398 size: 0.0
1235000 : 1.6589744032212514 size: 0.0
1236000 : 1.4047657290937035 size: 0.0
1237000 : 1.5732671931290725 size: 0.0
1238000 : 1.6833326500282526 size: 0.0
1239000 : 1.674655953309573 size: 0.0
1240000 : 1.5346665470561693 size: 0.0
1241000 : 1.457485548863165 size: 0.0
1242000 : 1.4540612023018356 size: 0.0
1243000 : 1.4823664509461383 size: 0.0
1244000 : 1.45039040460182 size: 0.0
1245000 : 1.7366474437783743 size: 0.0
1246000 : 1.4344869109025595 size: 0.0
1247000 : 1.4122601310790266 size: 0.0
1248000 : 1.526363224672513 size: 0.0
1249000 : 1.4652096336787155 size: 0.0
1250000 : 1.4596912263604804 size: 0.0
1251000 : 1.5627896660732084 size: 0.0
1252000 : 1.6147361658530655 size: 0.0
1253000 : 1.6881077483294586 size: 0.0
1254000 : 1.5520560568502098 size: 0.0
1255000 : 1.4192280081787332 size: 0.0
1256000 : 1.5584102998516378 size: 0.0
1257000 : 1.6546691615222027 size: 0.0
1258000 : 1.6844531169986239 size: 0.0
1259000 : 1.4797106948515149 size: 0.0
1260000 : 1.487779948847347 size: 0.0
1261000 : 1.5051691146760855 size: 0.0
1262000 : 1.4748141767988 size: 0.0
1263000 : 1.7505243799111925 size: 0.0
1264000 : 1.6671098705376657 size: 0.0
1265000 : 1.5208002738477044 size: 0.0
1266000 : 1.4648035826400283 size: 0.0
1267000 : 1.4463233588742161 size: 0.0
1268000 : 1.522059530817322 size: 0.0
1269000 : 1.5952486397011498 size: 0.0
1270000 : 1.7054812637369687 size: 0.0
1271000 : 1.4996859638012776 size: 0.0
1272000 : 1.5063215704195172 size: 0.0
1273000 : 1.4520214880626028 size: 0.0
1274000 : 1.4115511326008445 size: 0.0
1275000 : 1.5827393096079925 size: 0.0
1276000 : 1.529547311470587 size: 0.0
1277000 : 1.6404695859363658 size: 0.0
1278000 : 1.5103984191582203 size: 0.0
1279000 : 1.762623531382042 size: 0.0
1280000 : 1.4363199019954553 size: 0.0
1281000 : 1.6119553783712648 size: 0.0
1282000 : 1.6671800394592178 size: 0.0
1283000 : 1.689868506708992 size: 0.0
1284000 : 1.3899526054009133 size: 0.0
1285000 : 1.6485859631785342 size: 0.0
1286000 : 1.4698808544588002 size: 0.0
1287000 : 1.5549474291765153 size: 0.0
1288000 : 1.6293037843117488 size: 0.0
1289000 : 1.6079148179718938 size: 0.0
1290000 : 1.3380822939353885 size: 0.0
1291000 : 1.602243346094391 size: 0.0
1292000 : 1.5910694612851835 size: 0.0
1293000 : 1.4451117410988876 size: 0.0
1294000 : 1.709732846848948 size: 0.0
1295000 : 1.4807505019586313 size: 0.0
1296000 : 1.4903488537032847 size: 0.0
1297000 : 1.3522751621978417 size: 0.0
1298000 : 1.5103555954781553 size: 0.0
1299000 : 1.6001977844450288 size: 0.0
1300000 : 1.6040630945231704 size: 0.0
1301000 : 1.571423711094474 size: 0.0
1302000 : 1.642218133547688 size: 0.0
1303000 : 1.4602868022804185 size: 0.0
1304000 : 1.6369800579503595 size: 0.0
1305000 : 1.47431387926744 size: 0.0
1306000 : 1.491355296176134 size: 0.0
1307000 : 1.5367774621128594 size: 0.0
1308000 : 1.490396320914923 size: 0.0
1309000 : 1.6854236150974427 size: 0.0
1310000 : 1.6943106465981275 size: 0.0
1311000 : 1.5943804712795944 size: 0.0
1312000 : 1.6461500009117136 size: 0.0
1313000 : 1.5805666527796427 size: 0.0
1314000 : 1.2591606593330016 size: 0.0
1315000 : 1.56832733544834 size: 0.0
1316000 : 1.5845253494372027 size: 0.0
1317000 : 1.563904629598752 size: 0.0
1318000 : 1.4676406084486613 size: 0.0
1319000 : 1.4315272614638614 size: 0.0
1320000 : 1.5317758626604672 size: 0.0
1321000 : 1.5532671586775855 size: 0.0
1322000 : 1.5606902738541262 size: 0.0
1323000 : 1.3541762584204793 size: 0.0
1324000 : 1.526433393594065 size: 0.0
1325000 : 1.511127109649926 size: 0.0
1326000 : 1.4121207391405022 size: 0.0
1327000 : 1.5026125925710099 size: 0.0
1328000 : 1.417116061226138 size: 0.0
1329000 : 1.5244198207177633 size: 0.0
1330000 : 1.5249338768611922 size: 0.0
1331000 : 1.5951284238281966 size: 0.0
1332000 : 1.605200759758628 size: 0.0
1333000 : 1.538538048509742 size: 0.0
1334000 : 1.3746545766240157 size: 0.0
1335000 : 1.5221262600858567 size: 0.0
1336000 : 1.5802201077381541 size: 0.0
1337000 : 1.571493708033375 size: 0.0
1338000 : 1.4855495058483073 size: 0.0
1339000 : 1.5131344911507967 size: 0.0
1340000 : 1.5384412222773063 size: 0.0
1341000 : 1.509897261713606 size: 0.0
1342000 : 1.3448282274241568 size: 0.0
1343000 : 1.523610298380152 size: 0.0
1344000 : 1.4509727378576414 size: 0.0
1345000 : 1.44043398497807 size: 0.0
1346000 : 1.4528975676860978 size: 0.0
1347000 : 1.503809763803666 size: 0.0
1348000 : 1.5125640246978846 size: 0.0
1349000 : 1.4101761313071965 size: 0.0
1350000 : 1.5150988769889515 size: 0.0
1351000 : 1.569429056309767 size: 0.0
1352000 : 1.5818931549657476 size: 0.0
1353000 : 1.5407395984234369 size: 0.0
1354000 : 1.5074470248867635 size: 0.0
1355000 : 1.3566682870314815 size: 0.0
1356000 : 1.512831973667929 size: 0.0
1357000 : 1.5225926770349967 size: 0.0
1358000 : 1.538440534346703 size: 0.0
1359000 : 1.5886840619177163 size: 0.0
1360000 : 1.4409403019022102 size: 0.0
1361000 : 1.5637527689180402 size: 0.0
1362000 : 1.4661524425707453 size: 0.0
1363000 : 1.385102866629233 size: 0.0
1364000 : 1.5796744067869664 size: 0.0
1365000 : 1.5666233313435913 size: 0.0
1366000 : 1.5000058515318824 size: 0.0
1367000 : 1.4625497500004712 size: 0.0
1368000 : 1.5618281110722345 size: 0.0
1369000 : 1.5979346647423252 size: 0.0
1370000 : 1.6391061074803255 size: 0.0
1371000 : 1.537287046707366 size: 0.0
1372000 : 1.427395464268208 size: 0.0
1373000 : 1.5043368906285606 size: 0.0
1374000 : 1.5433425558442455 size: 0.0
1375000 : 1.510862256367597 size: 0.0
1376000 : 1.5812439204587403 size: 0.0
1377000 : 1.4424454080712361 size: 0.0
1378000 : 1.430460539071885 size: 0.0
1379000 : 1.4868467709837654 size: 0.0
1380000 : 1.4985627451084926 size: 0.0
1381000 : 1.6757877711349014 size: 0.0
1382000 : 1.6017597308801648 size: 0.0
1383000 : 1.4642284726555432 size: 0.0
1384000 : 1.367664771736324 size: 0.0
1385000 : 1.4657837117672956 size: 0.0
1386000 : 1.5972082100250806 size: 0.0
1387000 : 1.5883270259345252 size: 0.0
1388000 : 1.5926212607439185 size: 0.0
1389000 : 1.4320635893605773 size: 0.0
1390000 : 1.5658908572335666 size: 0.0
1391000 : 1.5676700177567424 size: 0.0
1392000 : 1.4675300236041564 size: 0.0
1393000 : 1.4258217370214878 size: 0.0
1394000 : 1.7256138968122707 size: 0.0
1395000 : 1.5888285273444411 size: 0.0
1396000 : 1.4741988228740128 size: 0.0
1397000 : 1.50876389604442 size: 0.0
1398000 : 1.6287035648602375 size: 0.0
1399000 : 1.7063800450703777 size: 0.0
1400000 : 1.486265469623849 size: 0.0
1401000 : 1.496089978554387 size: 0.0
1402000 : 1.535696207186885 size: 0.0
1403000 : 1.6197016489487766 size: 0.0
1404000 : 1.5275517967726258 size: 0.0
1405000 : 1.5411989640838915 size: 0.0
1406000 : 1.5699768210527651 size: 0.0
1407000 : 1.5713153620244305 size: 0.0
1408000 : 1.5195654384145096 size: 0.0
1409000 : 1.4839763805408652 size: 0.0
1410000 : 1.5343344485573533 size: 0.0
1411000 : 1.6011417972156148 size: 0.0
1412000 : 1.4721069978915684 size: 0.0
1413000 : 1.463046435896163 size: 0.0
1414000 : 1.5987885586038588 size: 0.0
1415000 : 1.50232159792575 size: 0.0
1416000 : 1.604292863344723 size: 0.0
1417000 : 1.6114678075560687 size: 0.0
1418000 : 1.499348189874983 size: 0.0
1419000 : 1.618713264654268 size: 0.0
1420000 : 1.5000407640100075 size: 0.0
1421000 : 1.4705065273426392 size: 0.0
1422000 : 1.5381015565418523 size: 0.0
1423000 : 1.7386488058864649 size: 0.0
1424000 : 1.5441032351090116 size: 0.0
1425000 : 1.394264210458044 size: 0.0
1426000 : 1.5741312339670073 size: 0.0
1427000 : 1.4750477292386717 size: 0.0
1428000 : 1.49947717686313 size: 0.0
1429000 : 1.557098932138809 size: 0.0
1430000 : 1.5931540629962917 size: 0.0
1431000 : 1.533151551884719 size: 0.0
1432000 : 1.5735633472538582 size: 0.0
1433000 : 1.565822580121174 size: 0.0
1434000 : 1.5865480373940002 size: 0.0
1435000 : 1.6504499111485855 size: 0.0
1436000 : 1.5137685911845278 size: 0.0
1437000 : 1.5882186768644815 size: 0.0
1438000 : 1.4459630552206586 size: 0.0
1439000 : 1.5860577148563904 size: 0.0
1440000 : 1.4286409626257563 size: 0.0
1441000 : 1.5143335541926122 size: 0.0
1442000 : 1.469519002961385 size: 0.0
1443000 : 1.6049892210980667 size: 0.0
1444000 : 1.5368023995972346 size: 0.0
1445000 : 1.627839524022303 size: 0.0
1446000 : 1.364391769907754 size: 0.0
1447000 : 1.5096456510953937 size: 0.0
1448000 : 1.574223072702568 size: 0.0
1449000 : 1.5417577357165446 size: 0.0
1450000 : 1.5842181884227617 size: 0.0
1451000 : 1.5763463705101202 size: 0.0
1452000 : 1.5176125754139624 size: 0.0
1453000 : 1.5200985846321844 size: 0.0
1454000 : 1.5525804319526904 size: 0.0
1455000 : 1.5458763762394072 size: 0.0
1456000 : 1.6303005957561496 size: 0.0
1457000 : 1.5453573325991032 size: 0.0
1458000 : 1.5929752010393943 size: 0.0
1459000 : 1.5862279776807446 size: 0.0
1460000 : 1.4988681862964248 size: 0.0
1461000 : 1.481994452472322 size: 0.0
1462000 : 1.4673511616472592 size: 0.0
1463000 : 1.561238038597124 size: 0.0
1464000 : 1.6942807216168774 size: 0.0
1465000 : 1.443864006966878 size: 0.0
1466000 : 1.6002289133048349 size: 0.0
1467000 : 1.4776331444290922 size: 0.0
1468000 : 1.5197264141757172 size: 0.0
1469000 : 1.503177727561745 size: 0.0
1470000 : 1.5541124534065762 size: 0.0
1471000 : 1.4600938377461503 size: 0.0
1472000 : 1.5349819632378519 size: 0.0
1473000 : 1.4335801323758854 size: 0.0
1474000 : 1.683837591091186 size: 0.0
1475000 : 1.4487763474234723 size: 0.0
1476000 : 1.5054465226919274 size: 0.0
1477000 : 1.709875936414466 size: 0.0
1478000 : 1.4248587201679817 size: 0.0
1479000 : 1.5625779554299963 size: 0.0
1480000 : 1.5818996903064804 size: 0.0
1481000 : 1.369323802377872 size: 0.0
1482000 : 1.457085517217258 size: 0.0
1483000 : 1.5163211576886335 size: 0.0
1484000 : 1.353637608757977 size: 0.0
1485000 : 1.6002634818176584 size: 0.0
1486000 : 1.4958992497945802 size: 0.0
1487000 : 1.47812105920959 size: 0.0
1488000 : 1.6141335386444422 size: 0.0
1489000 : 1.5885074357352802 size: 0.0
1490000 : 1.4247828758189511 size: 0.0
1491000 : 1.4711865467441507 size: 0.0
1492000 : 1.3784824804755946 size: 0.0
1493000 : 1.4580372692071328 size: 0.0
1494000 : 1.4793435118919227 size: 0.0
1495000 : 1.5306670905103548 size: 0.0
1496000 : 1.6046237579649831 size: 0.0
1497000 : 1.501316359331457 size: 0.0
1498000 : 1.517658150816441 size: 0.0
1499000 : 1.440479388397898 size: 0.0
1500000 : 1.5113190422882887 size: 0.0
1501000 : 1.6050741805275928 size: 0.0
1502000 : 1.4760679303235897 size: 0.0
1503000 : 1.5883194586978873 size: 0.0
1504000 : 1.5455977643450094 size: 0.0
1505000 : 1.5717877983663506 size: 0.0
1506000 : 1.5375917999646949 size: 0.0
1507000 : 1.5083310157121983 size: 0.0
1508000 : 1.5877785732609238 size: 0.0
1509000 : 1.5393288247384092 size: 0.0
1510000 : 1.56590152015792 size: 0.0
1511000 : 1.401920018161202 size: 0.0
1512000 : 1.4904305454624447 size: 0.0
1513000 : 1.4172636223405781 size: 0.0
1514000 : 1.5630202948080154 size: 0.0
1515000 : 1.4133033778391604 size: 0.0
1516000 : 1.538712438917717 size: 0.0
1517000 : 1.4789027203577614 size: 0.0
1518000 : 1.5538866401859934 size: 0.0
1519000 : 1.5798567083968809 size: 0.0
1520000 : 1.4399979229668074 size: 0.0
1521000 : 1.5390464292256925 size: 0.0
1522000 : 1.4647144956268814 size: 0.0
1523000 : 1.5204642197479186 size: 0.0
1524000 : 1.3278146717049026 size: 0.0
1525000 : 1.393750326297266 size: 0.0
1526000 : 1.5904298578066247 size: 0.0
1527000 : 1.3676600422134253 size: 0.0
1528000 : 1.6299948106029156 size: 0.0
1529000 : 1.6350105126326786 size: 0.0
1530000 : 1.4584072038891387 size: 0.0
1531000 : 1.4652634642484355 size: 0.0
1532000 : 1.380433193693006 size: 0.0
1533000 : 1.5340644357954987 size: 0.0
1534000 : 1.5044846237256517 size: 0.0
1535000 : 1.4192111538789487 size: 0.0
1536000 : 1.5688646092496354 size: 0.0
1537000 : 1.468656166002006 size: 0.0
1538000 : 1.2889835688798432 size: 0.0
1539000 : 1.4638306767840974 size: 0.0
1540000 : 1.6023255538015035 size: 0.0
1541000 : 1.6126476085409875 size: 0.0
1542000 : 1.5870813555943257 size: 0.0
1543000 : 1.6620050814947558 size: 0.0
1544000 : 1.5519274138273642 size: 0.0
1545000 : 1.6012124820851195 size: 0.0
1546000 : 1.5399042786881962 size: 0.0
1547000 : 1.484105883476965 size: 0.0
1548000 : 1.3881636418666383 size: 0.0
1549000 : 1.493109003266982 size: 0.0
1550000 : 1.4207546981704424 size: 0.0
1551000 : 1.4975184664524535 size: 0.0
1552000 : 1.4650964690944477 size: 0.0
1553000 : 1.6265188692463273 size: 0.0
1554000 : 1.5458756883088038 size: 0.0
1555000 : 1.52741111496422 size: 0.0
1556000 : 1.5083473540640302 size: 0.0
1557000 : 1.4772575343196077 size: 0.0
1558000 : 1.5470245324165672 size: 0.0
1559000 : 1.5207626096471656 size: 0.0
1560000 : 1.5097259669933465 size: 0.0
1561000 : 1.4914020754571686 size: 0.0
1562000 : 1.546520967214841 size: 0.0
1563000 : 1.4947191048443595 size: 0.0
1564000 : 1.5450438082265803 size: 0.0
1565000 : 1.5566731030952725 size: 0.0
1566000 : 1.549254975415607 size: 0.0
1567000 : 1.4302728200084682 size: 0.0
1568000 : 1.5341686572819215 size: 0.0
1569000 : 1.630065667455071 size: 0.0
1570000 : 1.5121338960880768 size: 0.0
1571000 : 1.4885652216311867 size: 0.0
1572000 : 1.5338258958587518 size: 0.0
1573000 : 1.663606927904892 size: 0.0
1574000 : 1.4730780119383398 size: 0.0
1575000 : 1.5450152591065371 size: 0.0
1576000 : 1.4935597697948935 size: 0.0
1577000 : 1.6318869637277083 size: 0.0
1578000 : 1.6690804477512518 size: 0.0
1579000 : 1.4067884170505007 size: 0.0
1580000 : 1.5268260299859848 size: 0.0
1581000 : 1.4202757264877894 size: 0.0
1582000 : 1.5507629192983723 size: 0.0
1583000 : 1.4514910935673417 size: 0.0
1584000 : 1.6138268935779538 size: 0.0
1585000 : 1.490090363779038 size: 0.0
1586000 : 1.5907626442360443 size: 0.0
1587000 : 1.5352117320594045 size: 0.0
1588000 : 1.4942688542644007 size: 0.0
1589000 : 1.6619075673317165 size: 0.0
1590000 : 1.7505986764163652 size: 0.0
1591000 : 1.4646193892209542 size: 0.0
1592000 : 1.476211707819711 size: 0.0
1593000 : 1.536084887977835 size: 0.0
1594000 : 1.4885545587068332 size: 0.0
1595000 : 1.523451042445453 size: 0.0
1596000 : 1.5268114114606615 size: 0.0
1597000 : 1.4246848457079593 size: 0.0
1598000 : 1.440426417741432 size: 0.0
1599000 : 1.541546884986587 size: 0.0
1600000 : 1.6691079649753897 size: 0.0
1601000 : 1.548945406644054 size: 0.0
1602000 : 1.5270078156479467 size: 0.0
1603000 : 1.571902510794476 size: 0.0
1604000 : 1.619388812506857 size: 0.0
1605000 : 1.482200315705405 size: 0.0
1606000 : 1.651554727697728 size: 0.0
1607000 : 1.5349639050595112 size: 0.0
1608000 : 1.47636098876066 size: 0.0
1609000 : 1.6045377666395517 size: 0.0
1610000 : 1.5797724368979582 size: 0.0
1611000 : 1.6192099505499598 size: 0.0
1612000 : 1.479447389413044 size: 0.0
1613000 : 1.526557221102686 size: 0.0
1614000 : 1.5080761374236196 size: 0.0
1615000 : 1.4557008848951616 size: 0.0
1616000 : 1.5610748270614554 size: 0.0
1617000 : 1.4441142417238833 size: 0.0
1618000 : 1.3854370289198594 size: 0.0
1619000 : 1.4482507684424357 size: 0.0
1620000 : 1.574750715475415 size: 0.0
1621000 : 1.5542527912496804 size: 0.0
1622000 : 1.4658676393009165 size: 0.0
1623000 : 1.3648194047691242 size: 0.0
1624000 : 1.463279644370733 size: 0.0
1625000 : 1.4501871211085 size: 0.0
1626000 : 1.5646883545387338 size: 0.0
1627000 : 1.5909671316079201 size: 0.0
1628000 : 1.4819495650004468 size: 0.0
1629000 : 1.3812318811236128 size: 0.0
1630000 : 1.4248824537738007 size: 0.0
1631000 : 1.5488707661735797 size: 0.0
1632000 : 1.5227605321022388 size: 0.0
1633000 : 1.534067875448516 size: 0.0
1634000 : 1.5047326227081959 size: 0.0
1635000 : 1.3666936716982272 size: 0.0
1636000 : 1.5016016785492383 size: 0.0
1637000 : 1.6000710332313428 size: 0.0
1638000 : 1.5527009917909451 size: 0.0
1639000 : 1.5378064343129716 size: 0.0
1640000 : 1.4426888495135324 size: 0.0
1641000 : 1.608350965974482 size: 0.0
1642000 : 1.6011132480955714 size: 0.0
1643000 : 1.5559834526653127 size: 0.0
1644000 : 1.6912586424759162 size: 0.0
1645000 : 1.5952856159710853 size: 0.0
1646000 : 1.4091911006743798 size: 0.0
1647000 : 1.6144374319885169 size: 0.0
1648000 : 1.6296276276433235 size: 0.0
1649000 : 1.6936665715706463 size: 0.0
1650000 : 1.5379636264558603 size: 0.0
1651000 : 1.4621232330263314 size: 0.0
1652000 : 1.574423432490823 size: 0.0
1653000 : 1.6406816405448796 size: 0.0
1654000 : 1.4565936468357905 size: 0.0
1655000 : 1.5484564599676511 size: 0.0
1656000 : 1.4235559515876959 size: 0.0
1657000 : 1.4802763457902026 size: 0.0
1658000 : 1.4631350069613573 size: 0.0
1659000 : 1.4697831683131102 size: 0.0
1660000 : 1.480753425663696 size: 0.0
1661000 : 1.5104708238542335 size: 0.0
1662000 : 1.6017537114873845 size: 0.0
1663000 : 1.722213971787364 size: 0.0
1664000 : 1.5667886066710703 size: 0.0
1665000 : 1.4972133692298228 size: 0.0
1666000 : 1.3236901837719106 size: 0.0
1667000 : 1.5349384516271836 size: 0.0
1668000 : 1.632770954553143 size: 0.0
1669000 : 1.4853326357255692 size: 0.0
1670000 : 1.414311540138518 size: 0.0
1671000 : 1.5883130953398052 size: 0.0
1672000 : 1.6843500993907572 size: 0.0
1673000 : 1.4370242569420641 size: 0.0
1674000 : 1.6651905441540367 size: 0.0
1675000 : 1.6857359355914097 size: 0.0
1676000 : 1.449699378310653 size: 0.0
1677000 : 1.5056915979694068 size: 0.0
1678000 : 1.5004234254081772 size: 0.0
1679000 : 1.5498847758830667 size: 0.0
1680000 : 1.5610870378296666 size: 0.0
1681000 : 1.6191939561634294 size: 0.0
1682000 : 1.425635393819278 size: 0.0
1683000 : 1.6633520496163134 size: 0.0
1684000 : 1.418850420268764 size: 0.0
1685000 : 1.3346729958560097 size: 0.0
1686000 : 1.6226862358718497 size: 0.0
1687000 : 1.4704055735265826 size: 0.0
1688000 : 1.5069701169959209 size: 0.0
1689000 : 1.5570846575787873 size: 0.0
1690000 : 1.613707537618255 size: 0.0
1691000 : 1.4369236470913094 size: 0.0
1692000 : 1.594351922159551 size: 0.0
1693000 : 1.5825454851604701 size: 0.0
1694000 : 1.6319679675562646 size: 0.0
1695000 : 1.5851818072155461 size: 0.0
1696000 : 1.51151063096135 size: 0.0
1697000 : 1.5699773370007177 size: 0.0
1698000 : 1.5141773939456287 size: 0.0
1699000 : 1.5331560234336412 size: 0.0
1700000 : 1.547437290778638 size: 0.0
1701000 : 1.4200896412595558 size: 0.0
1702000 : 1.5165314924706388 size: 0.0
1703000 : 1.457406608826419 size: 0.0
1704000 : 1.4611592702682454 size: 0.0
1705000 : 1.620825555572165 size: 0.0
1706000 : 1.654512141361965 size: 0.0
1707000 : 1.5050867349863224 size: 0.0
1708000 : 1.602027679850209 size: 0.0
1709000 : 1.662082473687644 size: 0.0
1710000 : 1.512430738143466 size: 0.0
1711000 : 1.6294109295032364 size: 0.0
1712000 : 1.4695743813749627 size: 0.0
1713000 : 1.5105330815738458 size: 0.0
1714000 : 1.5717833268174282 size: 0.0
1715000 : 1.5370806675263307 size: 0.0
1716000 : 1.5332449384641373 size: 0.0
1717000 : 1.4323127922216774 size: 0.0
1718000 : 1.6554917545412795 size: 0.0
1719000 : 1.5882542772732102 size: 0.0
1720000 : 1.4778967938328649 size: 0.0
1721000 : 1.669923850671083 size: 0.0
1722000 : 1.6270793607054892 size: 0.0
1723000 : 1.5226339528712038 size: 0.0
1724000 : 1.3536629761989794 size: 0.0
1725000 : 1.4389941462250466 size: 0.0
1726000 : 1.5881089519332312 size: 0.0
1727000 : 1.4344280928359645 size: 0.0
1728000 : 1.6424093782554474 size: 0.0
1729000 : 1.6186346685828237 size: 0.0
1730000 : 1.53139371721025 size: 0.0
1731000 : 1.6707638139378969 size: 0.0
1732000 : 1.5648531139182604 size: 0.0
1733000 : 1.6127320520225612 size: 0.0
1734000 : 1.5329518800270672 size: 0.0
1735000 : 1.7033701766976277 size: 0.0
1736000 : 1.4779024692603433 size: 0.0
1737000 : 1.5054241649473152 size: 0.0
1738000 : 1.444392853618281 size: 0.0
1739000 : 1.543968572693386 size: 0.0
1740000 : 1.5672092762350809 size: 0.0
1741000 : 1.4511844485008534 size: 0.0
1742000 : 1.5637833818298936 size: 0.0
1743000 : 1.5151929514989735 size: 0.0
1744000 : 1.441120453728989 size: 0.0
1745000 : 1.579555910740522 size: 0.0
1746000 : 1.502083401954305 size: 0.0
1747000 : 1.4862286653365644 size: 0.0
1748000 : 1.471566112454605 size: 0.0
1749000 : 1.4091023576265345 size: 0.0
1750000 : 1.464653613768476 size: 0.0
1751000 : 1.4234707341841932 size: 0.0
1752000 : 1.5242301238538616 size: 0.0
1753000 : 1.6400403172398121 size: 0.0
1754000 : 1.6223766671002966 size: 0.0
1755000 : 1.5799886190900927 size: 0.0
1756000 : 1.5768523434689585 size: 0.0
1757000 : 1.517351161784651 size: 0.0
1758000 : 1.4446497956986701 size: 0.0
1759000 : 1.4859758508397962 size: 0.0
1760000 : 1.530651784054428 size: 0.0
1761000 : 1.6928565332850825 size: 0.0
1762000 : 1.534654508270609 size: 0.0
1763000 : 1.3914808432364802 size: 0.0
1764000 : 1.6283685426563568 size: 0.0
1765000 : 1.4260931256445495 size: 0.0
1766000 : 1.4501035375401807 size: 0.0
1767000 : 1.4075322420154825 size: 0.0
1768000 : 1.6616846778161984 size: 0.0
1769000 : 1.5819292713224287 size: 0.0
1770000 : 1.6172730819359427 size: 0.0
1771000 : 1.5478357745806872 size: 0.0
1772000 : 1.4465139156513722 size: 0.0
1773000 : 1.5981348525479293 size: 0.0
1774000 : 1.4770944947665898 size: 0.0
1775000 : 1.5285492961476301 size: 0.0
1776000 : 1.5631957171118955 size: 0.0
1777000 : 1.6014892021703575 size: 0.0
1778000 : 1.5860453321055283 size: 0.0
1779000 : 1.5549747744180025 size: 0.0
1780000 : 1.636455166899926 size: 0.0
1781000 : 1.4487496901125887 size: 0.0
1782000 : 1.374209313540932 size: 0.0
1783000 : 1.6391446315941187 size: 0.0
1784000 : 1.3824319760613335 size: 0.0
1785000 : 1.597311571598249 size: 0.0
1786000 : 1.5115751244554234 size: 0.0
1787000 : 1.674165974737265 size: 0.0
1788000 : 1.4742012306311247 size: 0.0
1789000 : 1.4165397473630967 size: 0.0
1790000 : 1.6469608991105316 size: 0.0
1791000 : 1.4321461410329914 size: 0.0
1792000 : 1.6122603036112444 size: 0.0
1793000 : 1.562080753586352 size: 0.0
1794000 : 1.5907122533193414 size: 0.0
1795000 : 1.44717725273575 size: 0.0
1796000 : 1.4222450998228195 size: 0.0
1797000 : 1.620539720406431 size: 0.0
1798000 : 1.5424601128626685 size: 0.0
1799000 : 1.4008354095735356 size: 0.0
1800000 : 1.4761224488239133 size: 0.0
1801000 : 1.557005029611438 size: 0.0
1802000 : 1.53931902172731 size: 0.0
1803000 : 1.546823140732407 size: 0.0
1804000 : 1.6944669788277618 size: 0.0
1805000 : 1.5303669807845992 size: 0.0
1806000 : 1.4872856707087674 size: 0.0
1807000 : 1.518395268458039 size: 0.0
1808000 : 1.6825370582853614 size: 0.0
1809000 : 1.5014345114125998 size: 0.0
1810000 : 1.4397568032902979 size: 0.0
1811000 : 1.4869742101280548 size: 0.0
1812000 : 1.4961886965959823 size: 0.0
1813000 : 1.632436276314564 size: 0.0
1814000 : 1.440862135787393 size: 0.0
1815000 : 1.4855780549683504 size: 0.0
1816000 : 1.4324407473139193 size: 0.0
1817000 : 1.5299851792996837 size: 0.0
1818000 : 1.6069252297988292 size: 0.0
1819000 : 1.5336625123404324 size: 0.0
1820000 : 1.686245692168567 size: 0.0
1821000 : 1.6739960558782125 size: 0.0
1822000 : 1.3804630326829308 size: 0.0
1823000 : 1.5311696238161758 size: 0.0
1824000 : 1.7849064635410818 size: 0.0
1825000 : 1.512174999941633 size: 0.0
1826000 : 1.6358797129501392 size: 0.0
1827000 : 1.5048657372799636 size: 0.0
1828000 : 1.5430040939873475 size: 0.0
1829000 : 1.4705206299200098 size: 0.0
1830000 : 1.387706511980645 size: 0.0
1831000 : 1.5639173563149158 size: 0.0
1832000 : 1.497812384802778 size: 0.0
1833000 : 1.5740973533847873 size: 0.0
1834000 : 1.4969039724409208 size: 0.0
1835000 : 1.4947517815480236 size: 0.0
1836000 : 1.5169416710929466 size: 0.0
1837000 : 1.5168589474378815 size: 0.0
1838000 : 1.5173124656882069 size: 0.0
1839000 : 1.596570842320983 size: 0.0
1840000 : 1.5141765340323743 size: 0.0
1841000 : 1.4109611461170597 size: 0.0
1842000 : 1.5453284395137583 size: 0.0
1843000 : 1.505449446396992 size: 0.0
1844000 : 1.5702734911255036 size: 0.0
1845000 : 1.669820833063216 size: 0.0
1846000 : 1.5929024523780793 size: 0.0
1847000 : 1.5193358415756077 size: 0.0
1848000 : 1.4131120471400755 size: 0.0
1849000 : 1.562890619889265 size: 0.0
1850000 : 1.5415038893238713 size: 0.0
1851000 : 1.3980439591673812 size: 0.0
1852000 : 1.3741416383678173 size: 0.0
1853000 : 1.558323620595603 size: 0.0
1854000 : 1.6742380354679764 size: 0.0
1855000 : 1.4779719502512918 size: 0.0
1856000 : 1.388329777107372 size: 0.0
1857000 : 1.5335318055257765 size: 0.0
1858000 : 1.4803647448727462 size: 0.0
1859000 : 1.4775597078371738 size: 0.0
1860000 : 1.5286149935202598 size: 0.0
1861000 : 1.4076489322440928 size: 0.0
1862000 : 1.5288602407803902 size: 0.0
1863000 : 1.565960338224515 size: 0.0
1864000 : 1.313227103258719 size: 0.0
1865000 : 1.6793328495171365 size: 0.0
1866000 : 1.392241006553294 size: 0.0
1867000 : 1.6501570246941661 size: 0.0
1868000 : 1.471385530671199 size: 0.0
1869000 : 1.7115085677191066 size: 0.0
1870000 : 1.4644539419108242 size: 0.0
1871000 : 1.4038711613352404 size: 0.0
1872000 : 1.3863560182147447 size: 0.0
1873000 : 1.4761807509425557 size: 0.0
1874000 : 1.641881047551997 size: 0.0
1875000 : 1.5461064890262617 size: 0.0
1876000 : 1.5272575344569996 size: 0.0
1877000 : 1.734135637162523 size: 0.0
1878000 : 1.3842647091802531 size: 0.0
1879000 : 1.6170204394218253 size: 0.0
1880000 : 1.7084698062610117 size: 0.0
1881000 : 1.3701060654653214 size: 0.0
1882000 : 1.4594605976256736 size: 0.0
1883000 : 1.5394001975385172 size: 0.0
1884000 : 1.504910624751839 size: 0.0
1885000 : 1.544927719937248 size: 0.0
1886000 : 1.3107467694679757 size: 0.0
1887000 : 1.5842496612478696 size: 0.0
1888000 : 1.4625669482655574 size: 0.0
1889000 : 1.3121745694354388 size: 0.0
1890000 : 1.4768289535536576 size: 0.0
1891000 : 1.394196879250231 size: 0.0
1892000 : 1.4779865687766152 size: 0.0
1893000 : 1.4640590697444433 size: 0.0
1894000 : 1.5843179383602621 size: 0.0
1895000 : 1.4675212524889625 size: 0.0
1896000 : 1.5761006073020372 size: 0.0
1897000 : 1.543108659439072 size: 0.0
1898000 : 1.6117278453241732 size: 0.0
1899000 : 1.4928912732309896 size: 0.0
1900000 : 1.6176053524174097 size: 0.0
1901000 : 1.6448891960982381 size: 0.0
1902000 : 1.4501671711209998 size: 0.0
1903000 : 1.4378631883129729 size: 0.0
1904000 : 1.590222618712335 size: 0.0
1905000 : 1.5126658384271954 size: 0.0
1906000 : 1.4144860165378184 size: 0.0
1907000 : 1.6349049152850488 size: 0.0
1908000 : 1.634929680786773 size: 0.0
1909000 : 1.4021216678193384 size: 0.0
1910000 : 1.5123698562850605 size: 0.0
1911000 : 1.4189225669908008 size: 0.0
1912000 : 1.5575636292614403 size: 0.0
1913000 : 1.5513013969782237 size: 0.0
1914000 : 1.4777610995213342 size: 0.0
1915000 : 1.4986795213284283 size: 0.0
1916000 : 1.568166875635085 size: 0.0
1917000 : 1.5577663968068074 size: 0.0
1918000 : 1.419185700446621 size: 0.0
1919000 : 1.6325079930799737 size: 0.0
1920000 : 1.5112714030939998 size: 0.0
1921000 : 1.6207930508511519 size: 0.0
1922000 : 1.58472811698257 size: 0.0
1923000 : 1.5429439000595455 size: 0.0
1924000 : 1.5776032197226255 size: 0.0
1925000 : 1.6566982128370822 size: 0.0
1926000 : 1.504931606635244 size: 0.0
1927000 : 1.6411920850526405 size: 0.0
1928000 : 1.4453726387802466 size: 0.0
1929000 : 1.4250692269326377 size: 0.0
1930000 : 1.4521822918411593 size: 0.0
1931000 : 1.5430558607652571 size: 0.0
1932000 : 1.54580517542195 size: 0.0
1933000 : 1.5184607938480177 size: 0.0
1934000 : 1.4331019346151614 size: 0.0
1935000 : 1.5486967197309065 size: 0.0
1936000 : 1.5355716917476603 size: 0.0
1937000 : 1.56395605241136 size: 0.0
1938000 : 1.6106937136445352 size: 0.0
1939000 : 1.4837901233299806 size: 0.0
1940000 : 1.5850383736847264 size: 0.0
1941000 : 1.5840317592292266 size: 0.0
1942000 : 1.5393484307606076 size: 0.0
1943000 : 1.6601254831034762 size: 0.0
1944000 : 1.7076289830809435 size: 0.0
1945000 : 1.503462358848923 size: 0.0
1946000 : 1.416329928529044 size: 0.0
1947000 : 1.4925593467148244 size: 0.0
1948000 : 1.4374519777947599 size: 0.0
1949000 : 1.6064589848323403 size: 0.0
1950000 : 1.5974890576939396 size: 0.0
1951000 : 1.5563783248316938 size: 0.0
1952000 : 1.4776372720127129 size: 0.0
1953000 : 1.43276880422044 size: 0.0
waiting for write process!
write end!
end join!
last series
Last encode part don't need inference.
185.1332130432129
29800.13320183754 
@@@@@@@@@@@@@
end
main
