start!
start to right
1953076
0 : 6.547055503032899 size: 0.0
1000 : 2.4514157679140993 size: 0.0
2000 : 1.930661932129963 size: 0.0
3000 : 1.904649900152265 size: 0.0
4000 : 1.8804789424520532 size: 0.0
5000 : 1.6699935036446825 size: 0.0
6000 : 1.6597211518912978 size: 0.0
7000 : 1.6956887435794912 size: 0.0
8000 : 1.6607547676229832 size: 0.0
9000 : 1.7455005946968392 size: 0.0
10000 : 1.6530783220017218 size: 0.0
11000 : 1.588358326776982 size: 0.0
12000 : 1.5584524356010991 size: 0.0
13000 : 1.6377682544392635 size: 0.0
14000 : 1.6155274580296852 size: 0.0
15000 : 1.6017611067413717 size: 0.0
16000 : 1.590170164003822 size: 0.0
17000 : 1.6502818840986924 size: 0.0
18000 : 1.4447801585480242 size: 0.0
19000 : 1.5693643908330428 size: 0.0
20000 : 1.5182508030313142 size: 0.0
21000 : 1.5361363107904429 size: 0.0
22000 : 1.3993260898295636 size: 0.0
23000 : 1.534331008904336 size: 0.0
24000 : 1.566996189730662 size: 0.0
25000 : 1.6534269308350207 size: 0.0
26000 : 1.5327131681076696 size: 0.0
27000 : 1.3361528205753588 size: 0.0
28000 : 1.648523705458922 size: 0.0
29000 : 1.4094146781205013 size: 0.0
30000 : 1.418678007661274 size: 0.0
31000 : 1.4981011436735767 size: 0.0
32000 : 1.5079932417859039 size: 0.0
33000 : 1.6467939039565438 size: 0.0
34000 : 1.5144709683306514 size: 0.0
35000 : 1.6531435034263988 size: 0.0
36000 : 1.5882188488471325 size: 0.0
37000 : 1.4832867301109052 size: 0.0
38000 : 1.357597509294093 size: 0.0
39000 : 1.5674859963203192 size: 0.0
40000 : 1.5216328418605314 size: 0.0
41000 : 1.4483269567567678 size: 0.0
42000 : 1.4165314921958552 size: 0.0
43000 : 1.508688911608644 size: 0.0
44000 : 1.4793579584345953 size: 0.0
45000 : 1.6616674795511122 size: 0.0
46000 : 1.4874648766309664 size: 0.0
47000 : 1.498231162557629 size: 0.0
48000 : 1.3971616021771296 size: 0.0
49000 : 1.5183349025475863 size: 0.0
50000 : 1.4774563462640051 size: 0.0
51000 : 1.7345107313240546 size: 0.0
52000 : 1.4177800002497938 size: 0.0
53000 : 1.3464059962631723 size: 0.0
54000 : 1.4230977898057973 size: 0.0
55000 : 1.4248891610971843 size: 0.0
56000 : 1.582660885519199 size: 0.0
57000 : 1.4763467142006383 size: 0.0
58000 : 1.2501930539603876 size: 0.0
59000 : 1.527700733748273 size: 0.0
60000 : 1.4188278045501754 size: 0.0
61000 : 1.4485864785769198 size: 0.0
62000 : 1.3551774554224771 size: 0.0
63000 : 1.6193630151092275 size: 0.0
64000 : 1.3395081161023668 size: 0.0
65000 : 1.403215907435453 size: 0.0
66000 : 1.4621160097549952 size: 0.0
67000 : 1.4718669101109638 size: 0.0
68000 : 1.496169262556435 size: 0.0
69000 : 1.515085978290137 size: 0.0
70000 : 1.4563444439746902 size: 0.0
71000 : 1.428600202737502 size: 0.0
72000 : 1.4915480887277512 size: 0.0
73000 : 1.4155453436758079 size: 0.0
74000 : 1.5494947192309099 size: 0.0
75000 : 1.5123609131872158 size: 0.0
76000 : 1.5821473453237227 size: 0.0
77000 : 1.48069237182264 size: 0.0
78000 : 1.512584834598639 size: 0.0
79000 : 1.4806101641155274 size: 0.0
80000 : 1.4099361295179174 size: 0.0
81000 : 1.4807995170141273 size: 0.0
82000 : 1.5472684038154907 size: 0.0
83000 : 1.5201248979777664 size: 0.0
84000 : 1.4918650527532913 size: 0.0
85000 : 1.407525964648726 size: 0.0
86000 : 1.3558077718378894 size: 0.0
87000 : 1.254273772308735 size: 0.0
88000 : 1.4526745061879287 size: 0.0
89000 : 1.464801518848218 size: 0.0
90000 : 1.4322723762987246 size: 0.0
91000 : 1.4033115297893328 size: 0.0
92000 : 1.2809366726286233 size: 0.0
93000 : 1.5138430596723513 size: 0.0
94000 : 1.3321528480815914 size: 0.0
95000 : 1.5045518689421389 size: 0.0
96000 : 1.5763161015635683 size: 0.0
97000 : 1.311486552840662 size: 0.0
98000 : 1.4617847711694334 size: 0.0
99000 : 1.4065104930867065 size: 0.0
100000 : 1.244139264650017 size: 0.0
101000 : 1.4772477313085086 size: 0.0
102000 : 1.3988170211830095 size: 0.0
103000 : 1.4389091867955204 size: 0.0
104000 : 1.3959799953743768 size: 0.0
105000 : 1.3368079884838207 size: 0.0
106000 : 1.475067163278219 size: 0.0
107000 : 1.404099468304261 size: 0.0
108000 : 1.4548774319628306 size: 0.0
109000 : 1.4300975696872391 size: 0.0
110000 : 1.472092379366245 size: 0.0
111000 : 1.353704166043861 size: 0.0
112000 : 1.3133377740945493 size: 0.0
113000 : 1.213803674820953 size: 0.0
114000 : 1.3831254101096124 size: 0.0
115000 : 1.4658889651496236 size: 0.0
116000 : 1.2758714395954118 size: 0.0
117000 : 1.3006899979674476 size: 0.0
118000 : 1.3946239121723236 size: 0.0
119000 : 1.2852609184105923 size: 0.0
120000 : 1.513193997147995 size: 0.0
121000 : 1.2952646332633293 size: 0.0
122000 : 1.3136134622838824 size: 0.0
123000 : 1.3194404064777652 size: 0.0
124000 : 1.1928696885839558 size: 0.0
125000 : 1.5592093312475466 size: 0.0
126000 : 1.2960248825714684 size: 0.0
127000 : 1.298393857595778 size: 0.0
128000 : 1.2915386291323867 size: 0.0
129000 : 1.346530769676373 size: 0.0
130000 : 1.4110461915379113 size: 0.0
131000 : 1.3395598828802764 size: 0.0
132000 : 1.4313454758018995 size: 0.0
133000 : 1.5257822672778985 size: 0.0
134000 : 1.3960194653927498 size: 0.0
135000 : 1.4816092113343895 size: 0.0
136000 : 1.3231816310733093 size: 0.0
137000 : 1.347065549729231 size: 0.0
138000 : 1.5073555301165045 size: 0.0
139000 : 1.4119851308202969 size: 0.0
140000 : 1.3287134530383116 size: 0.0
141000 : 1.380821272544678 size: 0.0
142000 : 1.2890301761782272 size: 0.0
143000 : 1.4824386836595007 size: 0.0
144000 : 1.4142344059196061 size: 0.0
145000 : 1.427743901118856 size: 0.0
146000 : 1.2648580145994595 size: 0.0
147000 : 1.4183624194969406 size: 0.0
148000 : 1.3286989205043136 size: 0.0
149000 : 1.327562201173436 size: 0.0
150000 : 1.245188186837629 size: 0.0
151000 : 1.3746697110972916 size: 0.0
152000 : 1.558125496581809 size: 0.0
153000 : 1.2794108425501685 size: 0.0
154000 : 1.4489964852165769 size: 0.0
155000 : 1.4415312342905748 size: 0.0
156000 : 1.4370526340794565 size: 0.0
157000 : 1.4666310702880965 size: 0.0
158000 : 1.4023484269445012 size: 0.0
159000 : 1.211286278768949 size: 0.0
160000 : 1.4856535553520793 size: 0.0
161000 : 1.2282969107831383 size: 0.0
162000 : 1.3665780993568473 size: 0.0
163000 : 1.4590084552365552 size: 0.0
164000 : 1.3763024283932577 size: 0.0
165000 : 1.270255948070765 size: 0.0
166000 : 1.3916518799827633 size: 0.0
167000 : 1.4374645325282729 size: 0.0
168000 : 1.282029536383531 size: 0.0
169000 : 1.4584861439258847 size: 0.0
170000 : 1.429870122631473 size: 0.0
171000 : 1.4151179667884137 size: 0.0
172000 : 1.4184839252397752 size: 0.0
173000 : 1.342169031676516 size: 0.0
174000 : 1.6324345564880554 size: 0.0
175000 : 1.422467645373036 size: 0.0
176000 : 1.39131333213454 size: 0.0
177000 : 1.3524419853691787 size: 0.0
178000 : 1.3545628754196188 size: 0.0
179000 : 1.329186147354208 size: 0.0
180000 : 1.3807750092115958 size: 0.0
181000 : 1.459975169717055 size: 0.0
182000 : 1.3670840723156856 size: 0.0
183000 : 1.4073586255294366 size: 0.0
184000 : 1.4657176704293642 size: 0.0
185000 : 1.4011651003152397 size: 0.0
186000 : 1.4065429118163941 size: 0.0
187000 : 1.384366350926913 size: 0.0
188000 : 1.537672975775902 size: 0.0
189000 : 1.2321642846530902 size: 0.0
190000 : 1.3235590470006278 size: 0.0
191000 : 1.4173737772284558 size: 0.0
192000 : 1.2577432643159159 size: 0.0
193000 : 1.1545743977076597 size: 0.0
194000 : 1.4108063617312832 size: 0.0
195000 : 1.2683060087752824 size: 0.0
196000 : 1.4774960742563545 size: 0.0
197000 : 1.3288113111666526 size: 0.0
198000 : 1.4150662860018295 size: 0.0
199000 : 1.4270417819467087 size: 0.0
200000 : 1.304251930649467 size: 0.0
201000 : 1.3664865185952628 size: 0.0
202000 : 1.4118377416885075 size: 0.0
203000 : 1.4594231054077853 size: 0.0
204000 : 1.2818232431938212 size: 0.0
205000 : 1.3288185344379888 size: 0.0
206000 : 1.2953223334426938 size: 0.0
207000 : 1.3481836949338155 size: 0.0
208000 : 1.3307204905738805 size: 0.0
209000 : 1.4234727979760036 size: 0.0
210000 : 1.4474422780007297 size: 0.0
211000 : 1.4408506129497853 size: 0.0
212000 : 1.2637801133351767 size: 0.0
213000 : 1.5734175059659266 size: 0.0
214000 : 1.2378236317537072 size: 0.0
215000 : 1.3747329147214837 size: 0.0
216000 : 1.2470701069946954 size: 0.0
217000 : 1.2940345273530331 size: 0.0
218000 : 1.2946891793135424 size: 0.0
219000 : 1.2304674178283523 size: 0.0
220000 : 1.3960388994322972 size: 0.0
221000 : 1.2119711996760099 size: 0.0
222000 : 1.3630040418979419 size: 0.0
223000 : 1.253332769234539 size: 0.0
224000 : 1.2733972111887741 size: 0.0
225000 : 1.338082809883341 size: 0.0
226000 : 1.1775294380662713 size: 0.0
227000 : 1.2456259686754003 size: 0.0
228000 : 1.5012996770143232 size: 0.0
229000 : 1.3933167580344408 size: 0.0
230000 : 1.2681670467933852 size: 0.0
231000 : 1.391377739637288 size: 0.0
232000 : 1.3484349615867262 size: 0.0
233000 : 1.345091790836604 size: 0.0
234000 : 1.3350044924155477 size: 0.0
235000 : 1.3996378943755778 size: 0.0
236000 : 1.1956377493495927 size: 0.0
237000 : 1.3205069568870909 size: 0.0
238000 : 1.3679710728375105 size: 0.0
239000 : 1.252233026173597 size: 0.0
240000 : 1.3630488433784915 size: 0.0
241000 : 1.3407906767211761 size: 0.0
242000 : 1.51844927101041 size: 0.0
243000 : 1.414060359476933 size: 0.0
244000 : 1.2946013821702769 size: 0.0
245000 : 1.211890883778057 size: 0.0
246000 : 1.1981564352714786 size: 0.0
247000 : 1.300423596841261 size: 0.0
248000 : 1.3291055734822788 size: 0.0
249000 : 1.2825417007178006 size: 0.0
250000 : 1.2667828444279159 size: 0.0
251000 : 1.3235615407490653 size: 0.0
252000 : 1.4656743308013467 size: 0.0
253000 : 1.2796323562044798 size: 0.0
254000 : 1.3504139659502046 size: 0.0
255000 : 1.325329522399935 size: 0.0
256000 : 1.29344488483455 size: 0.0
257000 : 1.5294215921528063 size: 0.0
258000 : 1.3918357294365358 size: 0.0
259000 : 1.2854522491096774 size: 0.0
260000 : 1.336905932603487 size: 0.0
261000 : 1.4389324044533869 size: 0.0
262000 : 1.3071474305593933 size: 0.0
263000 : 1.2624046820849013 size: 0.0
264000 : 1.4258744497039773 size: 0.0
265000 : 1.5321927486061586 size: 0.0
266000 : 1.2071043486305688 size: 0.0
267000 : 1.2971202400748136 size: 0.0
268000 : 1.357326206662357 size: 0.0
269000 : 1.2559350387247443 size: 0.0
270000 : 1.1738299192635615 size: 0.0
271000 : 1.3854120914354844 size: 0.0
272000 : 1.3684675867505516 size: 0.0
273000 : 1.281280035991071 size: 0.0
274000 : 1.4516230042605536 size: 0.0
275000 : 1.5019864037392185 size: 0.0
276000 : 1.2942821823702755 size: 0.0
277000 : 1.3283308776314673 size: 0.0
278000 : 1.286151874533387 size: 0.0
279000 : 1.2946466995987793 size: 0.0
280000 : 1.2987361890623206 size: 0.0
281000 : 1.2746219856368937 size: 0.0
282000 : 1.3709452548102066 size: 0.0
283000 : 1.3268712608735946 size: 0.0
284000 : 1.2046083644185968 size: 0.0
285000 : 1.45039040460182 size: 0.0
286000 : 1.3839815397456074 size: 0.0
287000 : 1.2969830839107506 size: 0.0
288000 : 1.2353902492266495 size: 0.0
289000 : 1.4130827240981034 size: 0.0
290000 : 1.2554564969987185 size: 0.0
291000 : 1.4962064108090212 size: 0.0
292000 : 1.3247613777128098 size: 0.0
293000 : 1.3936097304801855 size: 0.0
294000 : 1.3453113266904304 size: 0.0
295000 : 1.3384534324959505 size: 0.0
296000 : 1.253179876657922 size: 0.0
297000 : 1.3840169681716852 size: 0.0
298000 : 1.3822080546499103 size: 0.0
299000 : 1.1952703944073497 size: 0.0
300000 : 1.2765453536128177 size: 0.0
301000 : 1.403377141170637 size: 0.0
302000 : 1.3573843367983487 size: 0.0
303000 : 1.2396514633670772 size: 0.0
304000 : 1.4134067394123289 size: 0.0
305000 : 1.2840690786401132 size: 0.0
306000 : 1.4204148604523374 size: 0.0
307000 : 1.3402552087377146 size: 0.0
308000 : 1.2921434061241457 size: 0.0
309000 : 1.3699954806208168 size: 0.0
310000 : 1.21511263477667 size: 0.0
311000 : 1.3188051885568035 size: 0.0
312000 : 1.2531759210569522 size: 0.0
313000 : 1.4399466721368503 size: 0.0
314000 : 1.298898540684735 size: 0.0
315000 : 1.4626548314001484 size: 0.0
316000 : 1.3236789189082792 size: 0.0
317000 : 1.2735836403823093 size: 0.0
318000 : 1.3470289174245973 size: 0.0
319000 : 1.2163727516595417 size: 0.0
320000 : 1.439193560108722 size: 0.0
321000 : 1.367019148864985 size: 0.0
322000 : 1.339273961723217 size: 0.0
323000 : 1.291299745230338 size: 0.0
324000 : 1.258146907597491 size: 0.0
325000 : 1.2744008159478841 size: 0.0
326000 : 1.3658071011330293 size: 0.0
327000 : 1.2775013191776388 size: 0.0
328000 : 1.192532860562241 size: 0.0
329000 : 1.4154404342587816 size: 0.0
330000 : 1.396421560830467 size: 0.0
331000 : 1.369686771762518 size: 0.0
332000 : 1.446163071043612 size: 0.0
333000 : 1.345585896992533 size: 0.0
334000 : 1.4096963857026146 size: 0.0
335000 : 1.2670237921217746 size: 0.0
336000 : 1.3523257250971954 size: 0.0
337000 : 1.3191074480656948 size: 0.0
338000 : 1.3416181712458024 size: 0.0
339000 : 1.3369994911655563 size: 0.0
340000 : 1.5151951872734348 size: 0.0
341000 : 1.2546299483786718 size: 0.0
342000 : 1.3041664552719883 size: 0.0
343000 : 1.3709225531002927 size: 0.0
344000 : 1.447402721991031 size: 0.0
345000 : 1.3060911991091195 size: 0.0
346000 : 1.2381495388770924 size: 0.0
347000 : 1.2586764421794974 size: 0.0
348000 : 1.3626547451340394 size: 0.0
349000 : 1.2758447822845282 size: 0.0
350000 : 1.282356217428845 size: 0.0
351000 : 1.363656286101339 size: 0.0
352000 : 1.2238141829883993 size: 0.0
353000 : 1.3920274041009222 size: 0.0
354000 : 1.4291283614583017 size: 0.0
355000 : 1.340281006135344 size: 0.0
356000 : 1.4011479880414788 size: 0.0
357000 : 1.3940099341087433 size: 0.0
358000 : 1.272854175968675 size: 0.0
359000 : 1.212681230050097 size: 0.0
360000 : 1.238203283455487 size: 0.0
361000 : 1.2844442587929703 size: 0.0
362000 : 1.3286493035095397 size: 0.0
363000 : 1.4216005948387112 size: 0.0
364000 : 1.2975471870055806 size: 0.0
365000 : 1.3824888163274438 size: 0.0
366000 : 1.2051645563114872 size: 0.0
367000 : 1.2681898344946245 size: 0.0
368000 : 1.3803942396225857 size: 0.0
369000 : 1.32431792044756 size: 0.0
370000 : 1.4551630951459136 size: 0.0
371000 : 1.4221470697118277 size: 0.0
372000 : 1.2931169139193546 size: 0.0
373000 : 1.3027486302982754 size: 0.0
374000 : 1.233586237210424 size: 0.0
375000 : 1.186729563982852 size: 0.0
376000 : 1.2413725797455868 size: 0.0
377000 : 1.3571550839247486 size: 0.0
378000 : 1.364374657633993 size: 0.0
379000 : 1.2876893994321006 size: 0.0
380000 : 1.2908633392537738 size: 0.0
381000 : 1.3235239625398518 size: 0.0
382000 : 1.2418952350215589 size: 0.0
383000 : 1.2306227181620815 size: 0.0
384000 : 1.3503792254547302 size: 0.0
385000 : 1.2404863531456907 size: 0.0
386000 : 1.2540390159903072 size: 0.0
387000 : 1.2615738338985831 size: 0.0
388000 : 1.297306669268349 size: 0.0
389000 : 1.566042029983675 size: 0.0
390000 : 1.181522531254004 size: 0.0
391000 : 1.551791203567881 size: 0.0
392000 : 1.3575872763263668 size: 0.0
393000 : 1.3581564529093972 size: 0.0
394000 : 1.1807494692383758 size: 0.0
395000 : 1.361233222533333 size: 0.0
396000 : 1.3035498114773199 size: 0.0
397000 : 1.300686730297081 size: 0.0
398000 : 1.3904599542209586 size: 0.0
399000 : 1.375023995358069 size: 0.0
400000 : 1.3358023199329003 size: 0.0
401000 : 1.2573735016165608 size: 0.0
402000 : 1.2806235782127275 size: 0.0
403000 : 1.2418204225684335 size: 0.0
404000 : 1.33649291626744 size: 0.0
405000 : 1.2670502774500076 size: 0.0
406000 : 1.3707837631010464 size: 0.0
407000 : 1.220228602691886 size: 0.0
408000 : 1.3227853830457215 size: 0.0
409000 : 1.3006491520878676 size: 0.0
410000 : 1.274903521236356 size: 0.0
411000 : 1.2441886236708144 size: 0.0
412000 : 1.367402670176409 size: 0.0
413000 : 1.420627860965431 size: 0.0
414000 : 1.3476619855624232 size: 0.0
415000 : 1.3408574919810363 size: 0.0
416000 : 1.4504731282568848 size: 0.0
417000 : 1.2173035217660113 size: 0.0
418000 : 1.2671323131744692 size: 0.0
419000 : 1.2259038581877078 size: 0.0
420000 : 1.2240160046291868 size: 0.0
421000 : 1.2918063201284546 size: 0.0
422000 : 1.367347635728133 size: 0.0
423000 : 1.3098453224034783 size: 0.0
424000 : 1.3835258717121466 size: 0.0
425000 : 1.2261733550016098 size: 0.0
426000 : 1.154795137440042 size: 0.0
427000 : 1.1391917534665374 size: 0.0
428000 : 1.297678237785538 size: 0.0
429000 : 1.125580530529302 size: 0.0
430000 : 1.269541790113057 size: 0.0
431000 : 1.4287131953391188 size: 0.0
432000 : 1.2322330777134354 size: 0.0
433000 : 1.3114665168618365 size: 0.0
434000 : 1.4487035987621575 size: 0.0
435000 : 1.3512498016333978 size: 0.0
436000 : 1.4017322131064598 size: 0.0
437000 : 1.2261138490044112 size: 0.0
438000 : 1.1827252059314877 size: 0.0
439000 : 1.298468756040229 size: 0.0
440000 : 1.450098034095353 size: 0.0
441000 : 1.4145799190651895 size: 0.0
442000 : 1.1660555295226336 size: 0.0
443000 : 1.248348110073257 size: 0.0
444000 : 1.2152113528182653 size: 0.0
445000 : 1.397233834890492 size: 0.0
446000 : 1.192196032540526 size: 0.0
447000 : 1.0795611548374555 size: 0.0
448000 : 1.2165491198680016 size: 0.0
449000 : 1.2931862229276523 size: 0.0
450000 : 1.3125375388200846 size: 0.0
451000 : 1.2699749284192552 size: 0.0
452000 : 1.4641851330275257 size: 0.0
453000 : 1.2699118967777139 size: 0.0
454000 : 1.3539520790350796 size: 0.0
455000 : 1.136692501584199 size: 0.0
456000 : 1.2823563034201704 size: 0.0
457000 : 1.3152186623557105 size: 0.0
458000 : 1.2214972327159754 size: 0.0
459000 : 1.2432872625976426 size: 0.0
460000 : 1.3145394168761277 size: 0.0
461000 : 1.3218325131686162 size: 0.0
462000 : 1.408523378032405 size: 0.0
463000 : 1.308587097329766 size: 0.0
464000 : 1.2853281636270797 size: 0.0
465000 : 1.2680597296192468 size: 0.0
466000 : 1.2475372978657642 size: 0.0
467000 : 1.3016199081606628 size: 0.0
468000 : 1.267029639531904 size: 0.0
469000 : 1.327643548967294 size: 0.0
470000 : 1.3364116544649072 size: 0.0
471000 : 1.320768886464355 size: 0.0
472000 : 1.2425798979546436 size: 0.0
473000 : 1.235964413306555 size: 0.0
474000 : 1.37883736667565 size: 0.0
475000 : 1.3269675711580777 size: 0.0
476000 : 1.5448582389462995 size: 0.0
477000 : 1.35776433246543 size: 0.0
478000 : 1.2598681959586513 size: 0.0
479000 : 1.532010790961546 size: 0.0
480000 : 1.1310028855370302 size: 0.0
481000 : 1.389914253269771 size: 0.0
482000 : 1.2772608874317326 size: 0.0
483000 : 1.3433478867568551 size: 0.0
484000 : 1.3310108832798624 size: 0.0
485000 : 1.3265145688557052 size: 0.0
486000 : 1.2820469926225937 size: 0.0
487000 : 1.1318388072115488 size: 0.0
488000 : 1.3016581743004798 size: 0.0
489000 : 1.3726629315356988 size: 0.0
490000 : 1.3529833867540948 size: 0.0
491000 : 1.3996593062156102 size: 0.0
492000 : 1.355151314059546 size: 0.0
493000 : 1.3081693514708201 size: 0.0
494000 : 1.2938089721064265 size: 0.0
495000 : 1.3895460384142737 size: 0.0
496000 : 1.3519924227198235 size: 0.0
497000 : 1.3223713348137693 size: 0.0
498000 : 1.297405559292595 size: 0.0
499000 : 1.347546929168996 size: 0.0
500000 : 1.203182198286317 size: 0.0
501000 : 1.422473234809189 size: 0.0
502000 : 1.3399857119238128 size: 0.0
503000 : 1.3082396063836976 size: 0.0
504000 : 1.5038637663560368 size: 0.0
505000 : 1.3635917926072654 size: 0.0
506000 : 1.2886220613477297 size: 0.0
507000 : 1.4158402079307122 size: 0.0
508000 : 1.3654197102119607 size: 0.0
509000 : 1.2096670621110754 size: 0.0
510000 : 1.2485245642730423 size: 0.0
511000 : 1.2374842239922297 size: 0.0
512000 : 1.31385612980425 size: 0.0
513000 : 1.2737702415584955 size: 0.0
514000 : 1.3731894564213154 size: 0.0
515000 : 1.2349885837455594 size: 0.0
516000 : 1.3183546800028683 size: 0.0
517000 : 1.35101504531497 size: 0.0
518000 : 1.2495305767892642 size: 0.0
519000 : 1.3066726724516866 size: 0.0
520000 : 1.3424491054234462 size: 0.0
521000 : 1.227756455302802 size: 0.0
522000 : 1.2412706800249507 size: 0.0
523000 : 1.3019148584068925 size: 0.0
524000 : 1.388398398185066 size: 0.0
525000 : 1.497475298807087 size: 0.0
526000 : 1.4084405683860144 size: 0.0
527000 : 1.359959519021043 size: 0.0
528000 : 1.2909347120538819 size: 0.0
529000 : 1.330953785039776 size: 0.0
530000 : 1.2993769964194355 size: 0.0
531000 : 1.3449867954282522 size: 0.0
532000 : 1.414217035671869 size: 0.0
533000 : 1.2503455165803776 size: 0.0
534000 : 1.2676897089459156 size: 0.0
535000 : 1.329136100402807 size: 0.0
536000 : 1.2064220074632706 size: 0.0
537000 : 1.3197944327645663 size: 0.0
538000 : 1.4261666482277933 size: 0.0
539000 : 1.2351186026296117 size: 0.0
540000 : 1.214458842729415 size: 0.0
541000 : 1.1549227485669822 size: 0.0
542000 : 1.336652000219488 size: 0.0
543000 : 1.3625254141805907 size: 0.0
544000 : 1.329343597471073 size: 0.0
545000 : 1.2059291911772232 size: 0.0
546000 : 1.260461536104128 size: 0.0
547000 : 1.2638967175724618 size: 0.0
548000 : 1.353305510259161 size: 0.0
549000 : 1.4177685634035113 size: 0.0
550000 : 1.3090342522220093 size: 0.0
551000 : 1.3949283214643506 size: 0.0
552000 : 1.309585370626699 size: 0.0
553000 : 1.3395185210527438 size: 0.0
554000 : 1.2713662680647353 size: 0.0
555000 : 1.2092214550626899 size: 0.0
556000 : 1.2636854368858768 size: 0.0
557000 : 1.138712437818583 size: 0.0
558000 : 1.2690300557354148 size: 0.0
559000 : 1.292818008072155 size: 0.0
560000 : 1.2268515685852872 size: 0.0
561000 : 1.4069644412936588 size: 0.0
562000 : 1.2142497978172913 size: 0.0
563000 : 1.4205975060275537 size: 0.0
564000 : 1.3419726274892307 size: 0.0
565000 : 1.302097933938736 size: 0.0
566000 : 1.1628820196575875 size: 0.0
567000 : 1.4384240237374364 size: 0.0
568000 : 1.353972286996556 size: 0.0
569000 : 1.3760486679919095 size: 0.0
570000 : 1.2890827168780656 size: 0.0
571000 : 1.3493580784652324 size: 0.0
572000 : 1.2443806423005028 size: 0.0
573000 : 1.3202017736731348 size: 0.0
574000 : 1.3250370659021429 size: 0.0
575000 : 1.272731036390657 size: 0.0
576000 : 1.3029062523977912 size: 0.0
577000 : 1.235663271684894 size: 0.0
578000 : 1.3763065559768783 size: 0.0
579000 : 1.3722632438550937 size: 0.0
580000 : 1.5049838893611063 size: 0.0
581000 : 1.526008424463783 size: 0.0
582000 : 1.4284222866851843 size: 0.0
583000 : 1.3368498662593056 size: 0.0
584000 : 1.3120535796405568 size: 0.0
585000 : 1.3354686735902264 size: 0.0
586000 : 1.3844494185472798 size: 0.0
587000 : 1.4487804750070932 size: 0.0
588000 : 1.3303052384633722 size: 0.0
589000 : 1.3602583388769172 size: 0.0
590000 : 1.2433061806892374 size: 0.0
591000 : 1.2370147973466996 size: 0.0
592000 : 1.3207332860556265 size: 0.0
593000 : 1.2565856490929583 size: 0.0
594000 : 1.3561696233353047 size: 0.0
595000 : 1.4913294987785046 size: 0.0
596000 : 1.2318940999085848 size: 0.0
597000 : 1.2596981911082734 size: 0.0
598000 : 1.4239827265358118 size: 0.0
599000 : 1.0462110531040685 size: 0.0
600000 : 1.2399988683218202 size: 0.0
601000 : 1.1383123201813505 size: 0.0
602000 : 1.228336896749464 size: 0.0
603000 : 1.3157929984182668 size: 0.0
604000 : 1.3070653948349318 size: 0.0
605000 : 1.349051433398744 size: 0.0
606000 : 1.1770275066997282 size: 0.0
607000 : 1.2798320280621316 size: 0.0
608000 : 1.2036181743062542 size: 0.0
609000 : 1.4128686916891047 size: 0.0
610000 : 1.493685661095325 size: 0.0
611000 : 1.341964114348013 size: 0.0
612000 : 1.2792109127185405 size: 0.0
613000 : 1.261855455489371 size: 0.0
614000 : 1.2658352200216618 size: 0.0
615000 : 1.232395859292477 size: 0.0
616000 : 1.2377817539782223 size: 0.0
617000 : 1.204357441730988 size: 0.0
618000 : 1.3467705134916759 size: 0.0
619000 : 1.2349776628472295 size: 0.0
620000 : 1.2434441967665548 size: 0.0
621000 : 1.300965170208828 size: 0.0
622000 : 1.1918538730566346 size: 0.0
623000 : 1.1365463163309657 size: 0.0
624000 : 1.304411186584166 size: 0.0
625000 : 1.2749295766079618 size: 0.0
626000 : 1.2379930346648071 size: 0.0
627000 : 1.3554159953592237 size: 0.0
628000 : 1.3704636173964653 size: 0.0
629000 : 1.3389237190547347 size: 0.0
630000 : 1.3317130024520099 size: 0.0
631000 : 1.2501923660297842 size: 0.0
632000 : 1.144019822424209 size: 0.0
633000 : 1.367727975360516 size: 0.0
634000 : 1.2058225619336882 size: 0.0
635000 : 1.3579336493852046 size: 0.0
636000 : 1.293643008848344 size: 0.0
637000 : 1.3704943162996444 size: 0.0
638000 : 1.2654946943729535 size: 0.0
639000 : 1.2674190082534575 size: 0.0
640000 : 1.329023709740468 size: 0.0
641000 : 1.3260285458843668 size: 0.0
642000 : 1.187980393802577 size: 0.0
643000 : 1.2987911375192713 size: 0.0
644000 : 1.1894427622828634 size: 0.0
645000 : 1.2651736027637925 size: 0.0
646000 : 1.3179849173035132 size: 0.0
647000 : 1.2426356203335234 size: 0.0
648000 : 1.4678170626484466 size: 0.0
649000 : 1.2506265362318874 size: 0.0
650000 : 1.4297003757550713 size: 0.0
651000 : 1.3027687522684264 size: 0.0
652000 : 1.1486760807136687 size: 0.0
653000 : 1.17158915730547 size: 0.0
654000 : 1.4329542875093957 size: 0.0
655000 : 1.2593143258315476 size: 0.0
656000 : 1.3026476764822188 size: 0.0
657000 : 1.4015530931755862 size: 0.0
658000 : 1.238950548073486 size: 0.0
659000 : 1.2228624309985245 size: 0.0
660000 : 1.1871012184913663 size: 0.0
661000 : 1.3153598601120688 size: 0.0
662000 : 1.2120346612741784 size: 0.0
663000 : 1.1929170698042686 size: 0.0
664000 : 1.3070460467867098 size: 0.0
665000 : 1.347051189177884 size: 0.0
666000 : 1.2553093658409054 size: 0.0
667000 : 1.2215036820653828 size: 0.0
668000 : 1.2841155999471716 size: 0.0
669000 : 1.2573283561707094 size: 0.0
670000 : 1.2196750765300841 size: 0.0
671000 : 1.3917095801621278 size: 0.0
672000 : 1.2754653025653995 size: 0.0
673000 : 1.4297947082390696 size: 0.0
674000 : 1.2702408995888144 size: 0.0
675000 : 1.311177757991038 size: 0.0
676000 : 1.3420728933746837 size: 0.0
677000 : 1.2420440860058806 size: 0.0
678000 : 1.3219848897972806 size: 0.0
679000 : 1.3720408702875282 size: 0.0
680000 : 1.1641680199294142 size: 0.0
681000 : 1.1259952666918578 size: 0.0
682000 : 1.3681866530903672 size: 0.0
683000 : 1.3698022581125724 size: 0.0
684000 : 1.3086866752846156 size: 0.0
685000 : 1.184444516492163 size: 0.0
686000 : 1.256475580196406 size: 0.0
687000 : 1.292963505394785 size: 0.0
688000 : 1.3533545253146568 size: 0.0
689000 : 1.4628557071363562 size: 0.0
690000 : 1.2508394507536555 size: 0.0
691000 : 1.3505359876409917 size: 0.0
692000 : 1.4277549080085112 size: 0.0
693000 : 1.3582387466078352 size: 0.0
694000 : 1.31618030334801 size: 0.0
695000 : 1.3494427799207822 size: 0.0
696000 : 1.2408141520782352 size: 0.0
697000 : 1.3627657599351715 size: 0.0
698000 : 1.1830001201988918 size: 0.0
699000 : 1.3580131913612286 size: 0.0
700000 : 1.2219064654337035 size: 0.0
701000 : 1.4311862198672005 size: 0.0
702000 : 1.4281426428948816 size: 0.0
703000 : 1.2971726087920015 size: 0.0
704000 : 1.3375576608589315 size: 0.0
705000 : 1.345314852334773 size: 0.0
706000 : 1.3292772981591654 size: 0.0
707000 : 1.5285274543509706 size: 0.0
708000 : 1.2605131308993869 size: 0.0
709000 : 1.3378830520343639 size: 0.0
710000 : 1.2747862290684675 size: 0.0
711000 : 1.232908539574699 size: 0.0
712000 : 1.3312769404407472 size: 0.0
713000 : 1.3750674209774119 size: 0.0
714000 : 1.3764929851704137 size: 0.0
715000 : 1.3776041650776383 size: 0.0
716000 : 1.1914289039263526 size: 0.0
717000 : 1.260829492985649 size: 0.0
718000 : 1.3080219623390308 size: 0.0
719000 : 1.358936566213711 size: 0.0
720000 : 1.2058696851800246 size: 0.0
721000 : 1.3064410978122998 size: 0.0
722000 : 1.298840324557418 size: 0.0
723000 : 1.3206019773016926 size: 0.0
724000 : 1.2747998156978857 size: 0.0
725000 : 1.2808373526477501 size: 0.0
726000 : 1.1985122673761137 size: 0.0
727000 : 1.2501720720769824 size: 0.0
728000 : 1.3001650209256888 size: 0.0
729000 : 1.443263271567414 size: 0.0
730000 : 1.2253479242687937 size: 0.0
731000 : 1.2909376357589466 size: 0.0
732000 : 1.3423737770223683 size: 0.0
733000 : 1.3159032392974699 size: 0.0
734000 : 1.2141156513496183 size: 0.0
735000 : 1.262037241151333 size: 0.0
736000 : 1.2684997472314794 size: 0.0
737000 : 1.3296861869115917 size: 0.0
738000 : 1.34219869868379 size: 0.0
739000 : 1.2434196892388067 size: 0.0
740000 : 1.2025035547460123 size: 0.0
741000 : 1.2791879530346504 size: 0.0
742000 : 1.3081093295256692 size: 0.0
743000 : 1.3312072014758223 size: 0.0
744000 : 1.2667947112308255 size: 0.0
745000 : 1.2719430978757291 size: 0.0
746000 : 1.2678352922598708 size: 0.0
747000 : 1.2906374400418654 size: 0.0
748000 : 1.4601562674484136 size: 0.0
749000 : 1.3536548930143888 size: 0.0
750000 : 1.2969902211907613 size: 0.0
751000 : 1.311612530132419 size: 0.0
752000 : 1.2977323263292344 size: 0.0
753000 : 1.2046937538047502 size: 0.0
754000 : 1.3316055132952205 size: 0.0
755000 : 1.400305273052251 size: 0.0
756000 : 1.1242351962429278 size: 0.0
757000 : 1.3820048571479158 size: 0.0
758000 : 1.3372965911949217 size: 0.0
759000 : 1.4183041173782982 size: 0.0
760000 : 1.4100557434515926 size: 0.0
761000 : 1.394879908348133 size: 0.0
762000 : 1.3453438314114434 size: 0.0
763000 : 1.3404551385693426 size: 0.0
764000 : 1.3067453351216762 size: 0.0
765000 : 1.1800438244218856 size: 0.0
766000 : 1.3881488513586642 size: 0.0
767000 : 1.3247004958544042 size: 0.0
768000 : 1.2911773795742494 size: 0.0
769000 : 1.3051418548763567 size: 0.0
770000 : 1.405896858988428 size: 0.0
771000 : 1.2157376197299055 size: 0.0
772000 : 1.330755661025982 size: 0.0
773000 : 1.239831787176507 size: 0.0
774000 : 1.1243702886151805 size: 0.0
775000 : 1.3090759580148434 size: 0.0
776000 : 1.1815005174746935 size: 0.0
777000 : 1.2414538415481196 size: 0.0
778000 : 1.4002701026001496 size: 0.0
779000 : 1.3564022298705967 size: 0.0
780000 : 1.1573495957533073 size: 0.0
781000 : 1.242035572864663 size: 0.0
782000 : 1.3566233995596062 size: 0.0
783000 : 1.1723700445317125 size: 0.0
784000 : 1.2541186439576568 size: 0.0
785000 : 1.193502584739131 size: 0.0
786000 : 1.3751476508840392 size: 0.0
787000 : 1.2689141394287333 size: 0.0
788000 : 1.3966119456249722 size: 0.0
789000 : 1.2690764050598224 size: 0.0
790000 : 1.183661135517483 size: 0.0
791000 : 1.1489656135063964 size: 0.0
792000 : 1.5100269366323564 size: 0.0
793000 : 1.3000184917071538 size: 0.0
794000 : 1.205711891097858 size: 0.0
795000 : 1.3511663900477293 size: 0.0
796000 : 1.3674647559133706 size: 0.0
797000 : 1.2434824629063717 size: 0.0
798000 : 1.325731961802954 size: 0.0
799000 : 1.2832497532914027 size: 0.0
800000 : 1.4226790120509463 size: 0.0
801000 : 1.2237601804360283 size: 0.0
802000 : 1.43470524287783 size: 0.0
803000 : 1.2789408999566858 size: 0.0
804000 : 1.2707057686940966 size: 0.0
805000 : 1.246563102139952 size: 0.0
806000 : 1.3376151030643197 size: 0.0
807000 : 1.381021804315584 size: 0.0
808000 : 1.178434754740413 size: 0.0
809000 : 1.2575745493354193 size: 0.0
810000 : 1.2614353878646387 size: 0.0
811000 : 1.4470855859828402 size: 0.0
812000 : 1.3755182734966487 size: 0.0
813000 : 1.3130494451803778 size: 0.0
814000 : 1.3543914947080342 size: 0.0
815000 : 1.3399988685966038 size: 0.0
816000 : 1.313385327297513 size: 0.0
817000 : 1.2917907556985515 size: 0.0
818000 : 1.5022273514330773 size: 0.0
819000 : 1.2524238409247292 size: 0.0
820000 : 1.3649831322527457 size: 0.0
821000 : 1.464172234328711 size: 0.0
822000 : 1.20651556602534 size: 0.0
823000 : 1.2775837848587275 size: 0.0
824000 : 1.2099530692594602 size: 0.0
825000 : 1.2534277896491408 size: 0.0
826000 : 1.2485145032879668 size: 0.0
827000 : 1.3463350534196912 size: 0.0
828000 : 1.2673460016181661 size: 0.0
829000 : 1.314293481685394 size: 0.0
830000 : 1.1953109823129533 size: 0.0
831000 : 1.3387513924385703 size: 0.0
832000 : 1.3916013170834096 size: 0.0
833000 : 1.245696653544905 size: 0.0
834000 : 1.34140439681078 size: 0.0
835000 : 1.2964042762992718 size: 0.0
836000 : 1.4474023780257295 size: 0.0
837000 : 1.3236006668021365 size: 0.0
838000 : 1.0508993861579141 size: 0.0
839000 : 1.3122154153150187 size: 0.0
840000 : 1.3284368189443987 size: 0.0
841000 : 1.2455834029693118 size: 0.0
842000 : 1.3460083723743774 size: 0.0
843000 : 1.2445761865745337 size: 0.0
844000 : 1.4492099156862974 size: 0.0
845000 : 1.2318101723749637 size: 0.0
846000 : 1.3876440822783818 size: 0.0
847000 : 1.2580861977217364 size: 0.0
848000 : 1.337573483262811 size: 0.0
849000 : 1.0903275267554438 size: 0.0
850000 : 1.3929461354218313 size: 0.0
851000 : 1.3166362293554472 size: 0.0
852000 : 1.2366645546782173 size: 0.0
853000 : 1.294625717715374 size: 0.0
854000 : 1.4576620030629504 size: 0.0
855000 : 1.417160518741386 size: 0.0
856000 : 1.2510517633361458 size: 0.0
857000 : 1.2461933394405968 size: 0.0
858000 : 1.3244691791889938 size: 0.0
859000 : 1.445838367798783 size: 0.0
860000 : 1.307552621684826 size: 0.0
861000 : 1.396740502656492 size: 0.0
862000 : 1.2308726949451105 size: 0.0
863000 : 1.279064469491331 size: 0.0
864000 : 1.3903002683296326 size: 0.0
865000 : 1.3152594222439649 size: 0.0
866000 : 1.5778388359543076 size: 0.0
867000 : 1.3293481550113209 size: 0.0
868000 : 1.3368101382669564 size: 0.0
869000 : 1.3067820534176353 size: 0.0
870000 : 1.17811521097511 size: 0.0
871000 : 1.22612459792009 size: 0.0
872000 : 1.3626637742232097 size: 0.0
873000 : 1.3874819026386183 size: 0.0
874000 : 1.335434105077403 size: 0.0
875000 : 1.394313655470167 size: 0.0
876000 : 1.3312758225535166 size: 0.0
877000 : 1.4203971462392986 size: 0.0
878000 : 1.2871996788337687 size: 0.0
879000 : 1.3707525482499148 size: 0.0
880000 : 1.2201707305298706 size: 0.0
881000 : 1.286583808961029 size: 0.0
882000 : 1.2618420408426037 size: 0.0
883000 : 1.3880668156342026 size: 0.0
884000 : 1.417299652705934 size: 0.0
885000 : 1.3134404477371144 size: 0.0
886000 : 1.397700251839632 size: 0.0
887000 : 1.3393122278630338 size: 0.0
888000 : 1.2338823913352097 size: 0.0
889000 : 1.360655188843783 size: 0.0
890000 : 1.2162318978684852 size: 0.0
891000 : 1.270496121842695 size: 0.0
892000 : 1.225447416232318 size: 0.0
893000 : 1.3773025934993504 size: 0.0
894000 : 1.3352688297499238 size: 0.0
895000 : 1.1592288501792853 size: 0.0
896000 : 1.4793994062534532 size: 0.0
897000 : 1.2843423590723342 size: 0.0
898000 : 1.2924357766306125 size: 0.0
899000 : 1.336527054823636 size: 0.0
900000 : 1.3556744852834706 size: 0.0
901000 : 1.3001990734905597 size: 0.0
902000 : 1.3082232680318657 size: 0.0
903000 : 1.2016546483813535 size: 0.0
904000 : 1.332925738114569 size: 0.0
905000 : 1.3635637594351748 size: 0.0
906000 : 1.2736492517636135 size: 0.0
907000 : 1.3274682986460649 size: 0.0
908000 : 1.2650191623433178 size: 0.0
909000 : 1.4307065602539442 size: 0.0
910000 : 1.1589863546415686 size: 0.0
911000 : 1.263662391210661 size: 0.0
912000 : 1.2475333422647943 size: 0.0
913000 : 1.199300463865018 size: 0.0
914000 : 1.3190656562815353 size: 0.0
915000 : 1.2200954881201183 size: 0.0
916000 : 1.3745282553669569 size: 0.0
917000 : 1.3095556176280998 size: 0.0
918000 : 1.4039477796061999 size: 0.0
919000 : 1.167392092693814 size: 0.0
920000 : 1.1967820359171084 size: 0.0
921000 : 1.177901694514064 size: 0.0
922000 : 1.3320816472641344 size: 0.0
923000 : 1.3227647451276179 size: 0.0
924000 : 1.194122324221515 size: 0.0
925000 : 1.251609159107592 size: 0.0
926000 : 1.3417468142686477 size: 0.0
927000 : 1.2630704269263913 size: 0.0
928000 : 1.2992586723556419 size: 0.0
929000 : 1.3465015326257264 size: 0.0
930000 : 1.11243434868 size: 0.0
931000 : 1.3863487949434086 size: 0.0
932000 : 1.1967697391575718 size: 0.0
933000 : 1.3357637098277815 size: 0.0
934000 : 1.3446453238749643 size: 0.0
935000 : 1.27162235023187 size: 0.0
936000 : 1.3105680794937293 size: 0.0
937000 : 1.3174012941778104 size: 0.0
938000 : 1.4197277037708151 size: 0.0
939000 : 1.275018319655807 size: 0.0
940000 : 1.4347251068740046 size: 0.0
941000 : 1.1814708504674196 size: 0.0
942000 : 1.376292711373484 size: 0.0
943000 : 1.2735501897567165 size: 0.0
944000 : 1.3418886139642843 size: 0.0
945000 : 1.244029453727441 size: 0.0
946000 : 1.2940991928297576 size: 0.0
947000 : 1.226410433085824 size: 0.0
948000 : 1.3579738933255063 size: 0.0
949000 : 1.2879508130614121 size: 0.0
950000 : 1.2151069593491914 size: 0.0
951000 : 1.2237895034780004 size: 0.0
952000 : 1.1352781162635033 size: 0.0
953000 : 1.1991158404893167 size: 0.0
954000 : 1.1316816150686604 size: 0.0
955000 : 1.3555283000302372 size: 0.0
956000 : 1.2516764043240793 size: 0.0
957000 : 1.208994437963551 size: 0.0
958000 : 1.2502251287247736 size: 0.0
959000 : 1.2242198900617847 size: 0.0
960000 : 1.3268752164745645 size: 0.0
961000 : 1.2513354487187438 size: 0.0
962000 : 1.3742214383178177 size: 0.0
963000 : 1.2145843040732194 size: 0.0
964000 : 1.3163691402986573 size: 0.0
965000 : 1.2471352884193725 size: 0.0
966000 : 1.350882704665131 size: 0.0
967000 : 1.1754701178048401 size: 0.0
968000 : 1.2219367343802554 size: 0.0
969000 : 1.4670051325537232 size: 0.0
970000 : 1.2431821811979653 size: 0.0
971000 : 1.4630392126248268 size: 0.0
972000 : 1.1672757464305052 size: 0.0
973000 : 1.243693571610306 size: 0.0
974000 : 1.312358590871862 size: 0.0
975000 : 1.5037929095038813 size: 0.0
976000 : 1.1597632862668414 size: 0.0
977000 : 1.2064135803133782 size: 0.0
978000 : 1.3799146660006547 size: 0.0
979000 : 1.1982716636475566 size: 0.0
980000 : 1.2210692538893033 size: 0.0
981000 : 1.2383125784301103 size: 0.0
982000 : 1.2887146740052193 size: 0.0
983000 : 1.219343150013919 size: 0.0
984000 : 1.3661944920540978 size: 0.0
985000 : 1.1790981778161165 size: 0.0
986000 : 1.1980629627007346 size: 0.0
987000 : 1.1401233834862612 size: 0.0
988000 : 1.4379474598118955 size: 0.0
989000 : 1.3330537791981363 size: 0.0
990000 : 1.2697361305085322 size: 0.0
991000 : 1.27075727749803 size: 0.0
992000 : 1.107088955908533 size: 0.0
993000 : 1.1831485412265863 size: 0.0
994000 : 1.469064968763107 size: 0.0
995000 : 1.1951970438067567 size: 0.0
996000 : 1.2530429784678352 size: 0.0
997000 : 1.19648235614798 size: 0.0
998000 : 1.2438552353021168 size: 0.0
999000 : 1.2704618972951731 size: 0.0
1000000 : 1.3427091431915508 size: 0.0
1001000 : 1.2712981629349935 size: 0.0
1002000 : 1.2672306872507626 size: 0.0
1003000 : 1.4113923066227727 size: 0.0
1004000 : 1.1648561225155163 size: 0.0
1005000 : 1.2438300398437654 size: 0.0
1006000 : 1.3327743073904843 size: 0.0
1007000 : 1.255532341347749 size: 0.0
1008000 : 1.4084305933922643 size: 0.0
1009000 : 1.290821289495638 size: 0.0
1010000 : 1.22545979898318 size: 0.0
1011000 : 1.3475685129916792 size: 0.0
1012000 : 1.3663060228031823 size: 0.0
1013000 : 1.2000419670642128 size: 0.0
1014000 : 1.1135825048571601 size: 0.0
1015000 : 1.2551752193732324 size: 0.0
1016000 : 1.3028110600005385 size: 0.0
1017000 : 1.2360654531139368 size: 0.0
1018000 : 1.1872585826169058 size: 0.0
1019000 : 1.2903952884694507 size: 0.0
1020000 : 1.322532568548953 size: 0.0
1021000 : 1.2508180389136232 size: 0.0
1022000 : 1.4764086279549489 size: 0.0
1023000 : 1.3275243649902462 size: 0.0
1024000 : 1.3283821284614243 size: 0.0
1025000 : 1.3779706601066268 size: 0.0
1026000 : 1.3978674189762708 size: 0.0
1027000 : 1.203119596601403 size: 0.0
1028000 : 1.2687601289648855 size: 0.0
1029000 : 1.0577355245470599 size: 0.0
1030000 : 1.2374558468548371 size: 0.0
1031000 : 1.2738005105050474 size: 0.0
1032000 : 1.2704612093645697 size: 0.0
1033000 : 1.4101608248512696 size: 0.0
1034000 : 1.1487029100072033 size: 0.0
1035000 : 1.268688670173452 size: 0.0
1036000 : 1.36706197254505 size: 0.0
1037000 : 1.1937292578729681 size: 0.0
1038000 : 1.2866495063336587 size: 0.0
1039000 : 1.3816025897275477 size: 0.0
1040000 : 1.328937976389013 size: 0.0
1041000 : 1.34373854534829 size: 0.0
1042000 : 1.3402081714827037 size: 0.0
1043000 : 1.4705185661281994 size: 0.0
1044000 : 1.1701879286575652 size: 0.0
1045000 : 1.1835252692233014 size: 0.0
1046000 : 1.3585288813398406 size: 0.0
1047000 : 1.3001737060495573 size: 0.0
1048000 : 1.3087109248383872 size: 0.0
1049000 : 1.0959768128709853 size: 0.0
1050000 : 1.2920245661123995 size: 0.0
1051000 : 1.1064279405899418 size: 0.0
1052000 : 1.2636221472703593 size: 0.0
1053000 : 1.30679589802103 size: 0.0
1054000 : 1.2208372492932895 size: 0.0
1055000 : 1.2605331668782123 size: 0.0
1056000 : 1.3588880671061676 size: 0.0
1057000 : 1.1963824342278286 size: 0.0
1058000 : 1.2801653304395038 size: 0.0
1059000 : 1.4302920820653648 size: 0.0
1060000 : 1.3367995613339283 size: 0.0
1061000 : 1.3437506701251758 size: 0.0
1062000 : 1.161344494758874 size: 0.0
1063000 : 1.3050872503847077 size: 0.0
1064000 : 1.163477079629573 size: 0.0
1065000 : 1.2274936658122837 size: 0.0
1066000 : 1.2292107405984978 size: 0.0
1067000 : 1.3460510240717913 size: 0.0
1068000 : 1.2647214603746744 size: 0.0
1069000 : 1.2986282699489042 size: 0.0
1070000 : 1.4282263124545262 size: 0.0
1071000 : 1.1662016287845416 size: 0.0
1072000 : 1.3481492124123176 size: 0.0
1073000 : 1.2370104117891025 size: 0.0
1074000 : 1.3317188498621393 size: 0.0
1075000 : 1.241513519527969 size: 0.0
1076000 : 1.3244684912583904 size: 0.0
1077000 : 1.1330319368519097 size: 0.0
1078000 : 1.2956257108388158 size: 0.0
1079000 : 1.1382859208444431 size: 0.0
1080000 : 1.1937393188580436 size: 0.0
1081000 : 1.1669089934275403 size: 0.0
1082000 : 1.3479817013103772 size: 0.0
1083000 : 1.143052076047804 size: 0.0
1084000 : 1.338326939256241 size: 0.0
1085000 : 1.348838948833603 size: 0.0
1086000 : 1.2455523601008311 size: 0.0
1087000 : 1.369326382117635 size: 0.0
1088000 : 1.2510272558083977 size: 0.0
1089000 : 1.3172485735838442 size: 0.0
1090000 : 1.3353850040305817 size: 0.0
1091000 : 1.1705067844922648 size: 0.0
1092000 : 1.2829308114653777 size: 0.0
1093000 : 1.2003980571428243 size: 0.0
1094000 : 1.2112637490416858 size: 0.0
1095000 : 1.177609152024946 size: 0.0
1096000 : 1.351856384442991 size: 0.0
1097000 : 1.2906622915349153 size: 0.0
1098000 : 1.4030059166187496 size: 0.0
1099000 : 1.3452837234749668 size: 0.0
1100000 : 1.2893964132332394 size: 0.0
1101000 : 1.3270815956556 size: 0.0
1102000 : 1.3456497885473284 size: 0.0
1103000 : 1.2127053936125434 size: 0.0
1104000 : 1.4295577161461808 size: 0.0
1105000 : 1.2720474913448028 size: 0.0
1106000 : 1.3809655659887519 size: 0.0
1107000 : 1.1187581507522255 size: 0.0
1108000 : 1.2886132042412102 size: 0.0
1109000 : 1.1778811425872857 size: 0.0
1110000 : 1.2314094527984534 size: 0.0
1111000 : 1.2684106602183325 size: 0.0
1112000 : 1.1574048881755596 size: 0.0
1113000 : 1.3087147944480315 size: 0.0
1114000 : 1.1936026786419331 size: 0.0
1115000 : 1.4033016407869083 size: 0.0
1116000 : 1.223064252639312 size: 0.0
1117000 : 1.337746497809579 size: 0.0
1118000 : 1.1063230311729155 size: 0.0
1119000 : 1.4685230514302383 size: 0.0
1120000 : 1.300614755557695 size: 0.0
1121000 : 1.2326600246442023 size: 0.0
1122000 : 1.322493872452509 size: 0.0
1123000 : 1.3336276853040654 size: 0.0
1124000 : 1.3718773147865575 size: 0.0
1125000 : 1.39860978208872 size: 0.0
1126000 : 1.4070712425198448 size: 0.0
1127000 : 1.2121400006478318 size: 0.0
1128000 : 1.3561067636764144 size: 0.0
1129000 : 1.2511589945189587 size: 0.0
1130000 : 1.3729217654252475 size: 0.0
1131000 : 1.4910646454961758 size: 0.0
1132000 : 1.1343580090813874 size: 0.0
1133000 : 1.3011051640866305 size: 0.0
1134000 : 1.3547928162238225 size: 0.0
1135000 : 1.3157068351101846 size: 0.0
1136000 : 1.2452782197553558 size: 0.0
1137000 : 1.3454133983937175 size: 0.0
1138000 : 1.4448764688325073 size: 0.0
1139000 : 1.1366690259523564 size: 0.0
1140000 : 1.1889184731717082 size: 0.0
1141000 : 1.2314309506298113 size: 0.0
1142000 : 1.352063881511257 size: 0.0
1143000 : 1.367677928409115 size: 0.0
1144000 : 1.2048080362762486 size: 0.0
1145000 : 1.1651298329043644 size: 0.0
1146000 : 1.3596081584653303 size: 0.0
1147000 : 1.3596397172817636 size: 0.0
1148000 : 1.2960131017598844 size: 0.0
1149000 : 1.3533711216404651 size: 0.0
1150000 : 1.294287255858476 size: 0.0
1151000 : 1.360892610893299 size: 0.0
1152000 : 1.3262614963849606 size: 0.0
1153000 : 1.3099638184499227 size: 0.0
1154000 : 1.3934905465031375 size: 0.0
1155000 : 1.5259327520974033 size: 0.0
1156000 : 1.3402699992456888 size: 0.0
1157000 : 1.2377623199386747 size: 0.0
1158000 : 1.1398706549808184 size: 0.0
1159000 : 1.4045408617777002 size: 0.0
1160000 : 1.1948685569436088 size: 0.0
1161000 : 1.1799999688459155 size: 0.0
1162000 : 1.1426207435594402 size: 0.0
1163000 : 1.1744620414968077 size: 0.0
1164000 : 1.0645026119018843 size: 0.0
1165000 : 1.2868334417787566 size: 0.0
1166000 : 1.2568550599155348 size: 0.0
1167000 : 1.1473676367059045 size: 0.0
1168000 : 1.1826368068489441 size: 0.0
1169000 : 1.4171970650546943 size: 0.0
1170000 : 1.378307316145691 size: 0.0
1171000 : 1.2290757342175707 size: 0.0
1172000 : 1.2653880651294185 size: 0.0
1173000 : 1.4234179355103784 size: 0.0
1174000 : 1.3501395676307528 size: 0.0
1175000 : 1.335056173202132 size: 0.0
1176000 : 1.2167556710316878 size: 0.0
1177000 : 1.4330367531904844 size: 0.0
1178000 : 1.2505476821864667 size: 0.0
1179000 : 1.112592400736143 size: 0.0
1180000 : 1.3696651019485093 size: 0.0
1181000 : 1.2407125103315753 size: 0.0
1182000 : 1.2621748272720232 size: 0.0
1183000 : 1.2749189136836083 size: 0.0
1184000 : 1.192816889910141 size: 0.0
1185000 : 1.354363375544618 size: 0.0
1186000 : 1.2285830039228487 size: 0.0
1187000 : 1.2104960184882343 size: 0.0
1188000 : 1.3542564023357813 size: 0.0
1189000 : 1.2374876636452468 size: 0.0
1190000 : 1.3619858186135085 size: 0.0
1191000 : 1.3964041905827298 size: 0.0
1192000 : 1.2848882320061727 size: 0.0
1193000 : 1.2613903284101127 size: 0.0
1194000 : 1.2641306999689605 size: 0.0
1195000 : 1.2212897356477095 size: 0.0
1196000 : 1.30114695587079 size: 0.0
1197000 : 1.2840687346748114 size: 0.0
1198000 : 1.2491504951308574 size: 0.0
1199000 : 1.2534018202688606 size: 0.0
1200000 : 1.2570394253172599 size: 0.0
1201000 : 1.199329356950363 size: 0.0
1202000 : 1.2933711902686553 size: 0.0
1203000 : 1.2067762917240479 size: 0.0
1204000 : 1.2627503672131357 size: 0.0
1205000 : 1.2855927589354321 size: 0.0
1206000 : 1.3016733087737558 size: 0.0
1207000 : 1.3806736254389123 size: 0.0
1208000 : 1.1993002058910416 size: 0.0
1209000 : 1.1930723701379977 size: 0.0
1210000 : 1.1670458056263016 size: 0.0
1211000 : 1.4200627259746958 size: 0.0
1212000 : 1.2660365257144968 size: 0.0
1213000 : 1.3352753650906566 size: 0.0
1214000 : 1.1566792933715695 size: 0.0
1215000 : 1.2908356500469849 size: 0.0
1216000 : 1.1752483461765524 size: 0.0
1217000 : 1.2861756941305316 size: 0.0
1218000 : 1.3343171637513744 size: 0.0
1219000 : 1.1254027864596354 size: 0.0
1220000 : 1.2378858034819942 size: 0.0
1221000 : 1.2041490847494676 size: 0.0
1222000 : 1.3938830109124065 size: 0.0
1223000 : 1.360482174297015 size: 0.0
1224000 : 1.2876257658512815 size: 0.0
1225000 : 1.244894956417908 size: 0.0
1226000 : 1.3294764540688644 size: 0.0
1227000 : 1.2580617761853137 size: 0.0
1228000 : 1.2000485883962713 size: 0.0
1229000 : 1.2648775346303323 size: 0.0
1230000 : 1.35861943020552 size: 0.0
1231000 : 1.384650380274813 size: 0.0
1232000 : 1.333077254829979 size: 0.0
1233000 : 1.383757790316835 size: 0.0
1234000 : 1.3066399957480228 size: 0.0
1235000 : 1.2452138122526077 size: 0.0
1236000 : 1.3369343097408792 size: 0.0
1237000 : 1.177627038220636 size: 0.0
1238000 : 1.2498932022086084 size: 0.0
1239000 : 1.2119017186850614 size: 0.0
1240000 : 1.3464463261947994 size: 0.0
1241000 : 1.1624619520328552 size: 0.0
1242000 : 1.329582997321074 size: 0.0
1243000 : 1.2301148533940836 size: 0.0
1244000 : 1.2722798399061184 size: 0.0
1245000 : 1.2104670394115637 size: 0.0
1246000 : 1.1695220978247498 size: 0.0
1247000 : 1.255643356148881 size: 0.0
1248000 : 1.2275038127886846 size: 0.0
1249000 : 1.2966551129955552 size: 0.0
1250000 : 1.1964949968728185 size: 0.0
1251000 : 1.2262742228263408 size: 0.0
1252000 : 1.3217000865274517 size: 0.0
1253000 : 1.320962624920552 size: 0.0
1254000 : 1.2243743304822594 size: 0.0
1255000 : 1.3465740233130652 size: 0.0
1256000 : 1.2911146059066845 size: 0.0
1257000 : 1.2857301730734716 size: 0.0
1258000 : 1.1714482175230878 size: 0.0
1259000 : 1.3501977837580699 size: 0.0
1260000 : 1.3108159064936225 size: 0.0
1261000 : 1.3014494733536577 size: 0.0
1262000 : 1.1904516985041502 size: 0.0
1263000 : 1.3345845107821408 size: 0.0
1264000 : 1.2722331466164092 size: 0.0
1265000 : 1.20723815113294 size: 0.0
1266000 : 1.390602957795151 size: 0.0
1267000 : 1.2957261487069198 size: 0.0
1268000 : 1.2777432987674027 size: 0.0
1269000 : 1.304188727025275 size: 0.0
1270000 : 1.209769821744966 size: 0.0
1271000 : 1.369946121600019 size: 0.0
1272000 : 1.2147199123934247 size: 0.0
1273000 : 1.298473141597826 size: 0.0
1274000 : 1.2922330090852452 size: 0.0
1275000 : 1.3749400678244479 size: 0.0
1276000 : 1.2245849232382409 size: 0.0
1277000 : 1.3261288977611454 size: 0.0
1278000 : 1.1539114905799088 size: 0.0
1279000 : 1.2698602159911296 size: 0.0
1280000 : 1.228474826835456 size: 0.0
1281000 : 1.2994330627636168 size: 0.0
1282000 : 1.1145415661096965 size: 0.0
1283000 : 1.408729929196091 size: 0.0
1284000 : 1.3188570413260385 size: 0.0
1285000 : 1.2772712923821097 size: 0.0
1286000 : 1.3799320362483918 size: 0.0
1287000 : 1.1334268090182906 size: 0.0
1288000 : 1.2935209871575568 size: 0.0
1289000 : 1.320276758108911 size: 0.0
1290000 : 1.2875770947610872 size: 0.0
1291000 : 1.2707399932416183 size: 0.0
1292000 : 1.1495602435217545 size: 0.0
1293000 : 1.4461916201636553 size: 0.0
1294000 : 1.0762393099360403 size: 0.0
1295000 : 1.1832089931283647 size: 0.0
1296000 : 1.2776273824607212 size: 0.0
1297000 : 1.174433406385439 size: 0.0
1298000 : 1.3408862990750559 size: 0.0
1299000 : 1.4599020770904383 size: 0.0
1300000 : 1.2932324862607345 size: 0.0
1301000 : 1.2854253338248172 size: 0.0
1302000 : 1.3670730654260304 size: 0.0
1303000 : 1.21852511453509 size: 0.0
1304000 : 1.144013631048778 size: 0.0
1305000 : 1.2704320583052484 size: 0.0
1306000 : 1.1815481566689825 size: 0.0
1307000 : 1.2626827780313465 size: 0.0
1308000 : 1.110389646943892 size: 0.0
1309000 : 1.2419397785281323 size: 0.0
1310000 : 1.2951418376506134 size: 0.0
1311000 : 1.362365212341312 size: 0.0
1312000 : 1.14300942435039 size: 0.0
1313000 : 1.3084996441518022 size: 0.0
1314000 : 1.2978189195939438 size: 0.0
1315000 : 1.3428449234944069 size: 0.0
1316000 : 1.2980202252867787 size: 0.0
1317000 : 1.3368748037436808 size: 0.0
1318000 : 1.2648745249339421 size: 0.0
1319000 : 1.1701998814518002 size: 0.0
1320000 : 1.1322371190309473 size: 0.0
1321000 : 1.351433049147892 size: 0.0
1322000 : 1.3197711291153744 size: 0.0
1323000 : 1.2211240303636033 size: 0.0
1324000 : 1.3302935436431136 size: 0.0
1325000 : 1.3426270214757636 size: 0.0
1326000 : 1.3699430259123035 size: 0.0
1327000 : 1.209067616581493 size: 0.0
1328000 : 1.2380764462504756 size: 0.0
1329000 : 1.2491640817602756 size: 0.0
1330000 : 1.2443199324247483 size: 0.0
1331000 : 1.2267128645773664 size: 0.0
1332000 : 1.412719668722132 size: 0.0
1333000 : 1.2065475547984004 size: 0.0
1334000 : 1.2537348646722564 size: 0.0
1335000 : 1.3090109485728174 size: 0.0
1336000 : 1.1765954002894354 size: 0.0
1337000 : 1.2934501303054013 size: 0.0
1338000 : 1.226241976079304 size: 0.0
1339000 : 1.1839010513154367 size: 0.0
1340000 : 1.1963531111858565 size: 0.0
1341000 : 1.3110427516101106 size: 0.0
1342000 : 1.1961214505551443 size: 0.0
1343000 : 1.309636965421958 size: 0.0
1344000 : 1.289186594399187 size: 0.0
1345000 : 1.4169272242754907 size: 0.0
1346000 : 1.2091302182664072 size: 0.0
1347000 : 1.1688665859509861 size: 0.0
1348000 : 1.4146893860224636 size: 0.0
1349000 : 1.3593943840303078 size: 0.0
1350000 : 1.2054632041847104 size: 0.0
1351000 : 1.2453057369794938 size: 0.0
1352000 : 1.2191224962728617 size: 0.0
1353000 : 1.1457265782513715 size: 0.0
1354000 : 1.3366587075428715 size: 0.0
1355000 : 1.1585298266948534 size: 0.0
1356000 : 1.3811140730077718 size: 0.0
1357000 : 1.477118228372409 size: 0.0
1358000 : 1.279393214328455 size: 0.0
1359000 : 1.3638162299666414 size: 0.0
1360000 : 1.180886281437137 size: 0.0
1361000 : 1.2382198797812953 size: 0.0
1362000 : 1.2535576365505423 size: 0.0
1363000 : 1.3488383468943248 size: 0.0
1364000 : 1.2283195265017268 size: 0.0
1365000 : 1.2993571324232607 size: 0.0
1366000 : 1.141090097966761 size: 0.0
1367000 : 1.3639418632930966 size: 0.0
1368000 : 1.1861449089612437 size: 0.0
1369000 : 1.3650414343713881 size: 0.0
1370000 : 1.4253803435480485 size: 0.0
1371000 : 1.4286585048561444 size: 0.0
1372000 : 1.3321198274126258 size: 0.0
1373000 : 1.3534229744097002 size: 0.0
1374000 : 1.2013903970383029 size: 0.0
1375000 : 1.0753746671588276 size: 0.0
1376000 : 1.182504810164407 size: 0.0
1377000 : 1.321027806345229 size: 0.0
1378000 : 1.2978680206407651 size: 0.0
1379000 : 1.226784151386149 size: 0.0
1380000 : 1.2474844991919494 size: 0.0
1381000 : 1.2704224272768 size: 0.0
1382000 : 1.3614570579534309 size: 0.0
1383000 : 1.1282868495232794 size: 0.0
1384000 : 1.290552824577641 size: 0.0
1385000 : 1.2413454064867504 size: 0.0
1386000 : 1.266942100362615 size: 0.0
1387000 : 1.275611745792609 size: 0.0
1388000 : 1.2310339286802945 size: 0.0
1389000 : 1.2559474214756063 size: 0.0
1390000 : 1.285467383582953 size: 0.0
1391000 : 1.3327139414800313 size: 0.0
1392000 : 1.3344440009563858 size: 0.0
1393000 : 1.2881456694048397 size: 0.0
1394000 : 1.1468775721422708 size: 0.0
1395000 : 1.258618913982784 size: 0.0
1396000 : 1.2797032990479607 size: 0.0
1397000 : 1.317935644274041 size: 0.0
1398000 : 1.3216548550902747 size: 0.0
1399000 : 1.3331052880020697 size: 0.0
1400000 : 1.2205633669217903 size: 0.0
1401000 : 1.3681150223162828 size: 0.0
1402000 : 1.2088721582987876 size: 0.0
1403000 : 1.2894677860333474 size: 0.0
1404000 : 1.2822077104098248 size: 0.0
1405000 : 1.1652442013671882 size: 0.0
1406000 : 1.332328786333424 size: 0.0
1407000 : 1.3332210323261005 size: 0.0
1408000 : 1.2434199472127831 size: 0.0
1409000 : 1.3578649423161848 size: 0.0
1410000 : 1.1121528130805376 size: 0.0
1411000 : 1.2808991804107352 size: 0.0
1412000 : 1.3279698860473061 size: 0.0
1413000 : 1.2188887718503392 size: 0.0
1414000 : 1.168067640546403 size: 0.0
1415000 : 1.3963402990279343 size: 0.0
1416000 : 1.2660046229327617 size: 0.0
1417000 : 1.1449513664526074 size: 0.0
1418000 : 1.2766923127879801 size: 0.0
1419000 : 1.147168824761507 size: 0.0
1420000 : 1.3176534207439752 size: 0.0
1421000 : 1.3408745182634716 size: 0.0
1422000 : 1.378727727735725 size: 0.0
1423000 : 1.2780495998685895 size: 0.0
1424000 : 1.394001678941502 size: 0.0
1425000 : 1.2011601122687976 size: 0.0
1426000 : 1.1734180208147449 size: 0.0
1427000 : 1.4699706294025505 size: 0.0
1428000 : 1.2928808677310455 size: 0.0
1429000 : 1.121445809628584 size: 0.0
1430000 : 1.1308977181460276 size: 0.0
1431000 : 1.2877329110427689 size: 0.0
1432000 : 1.1869998347186828 size: 0.0
1433000 : 1.216942874147152 size: 0.0
1434000 : 1.1405443970155735 size: 0.0
1435000 : 1.320750140355411 size: 0.0
1436000 : 1.2246784818003102 size: 0.0
1437000 : 1.3396530114857186 size: 0.0
1438000 : 1.2436803289461895 size: 0.0
1439000 : 1.2982364074789132 size: 0.0
1440000 : 1.2764358866555436 size: 0.0
1441000 : 1.197880833073471 size: 0.0
1442000 : 1.5507892326439543 size: 0.0
1443000 : 1.2318548878641882 size: 0.0
1444000 : 1.3528181114266158 size: 0.0
1445000 : 1.2670057339434342 size: 0.0
1446000 : 1.3141345697159967 size: 0.0
1447000 : 1.1963322152937768 size: 0.0
1448000 : 1.2066222812602003 size: 0.0
1449000 : 1.0474303241073604 size: 0.0
1450000 : 1.2043833251199427 size: 0.0
1451000 : 1.242436034467197 size: 0.0
1452000 : 1.392323128269081 size: 0.0
1453000 : 1.238046005321273 size: 0.0
1454000 : 1.3447629600081543 size: 0.0
1455000 : 1.324570648953003 size: 0.0
1456000 : 1.4079017467408612 size: 0.0
1457000 : 1.2126581843748814 size: 0.0
1458000 : 1.335258854756174 size: 0.0
1459000 : 1.193703890431966 size: 0.0
1460000 : 1.162675382502576 size: 0.0
1461000 : 1.0675137701445159 size: 0.0
1462000 : 1.3954335205012602 size: 0.0
1463000 : 1.195068142809935 size: 0.0
1464000 : 1.3103794145257328 size: 0.0
1465000 : 1.2749048111062375 size: 0.0
1466000 : 1.2546350218668723 size: 0.0
1467000 : 1.1084637852195303 size: 0.0
1468000 : 1.347498086096151 size: 0.0
1469000 : 1.425770142226229 size: 0.0
1470000 : 1.2746929284803745 size: 0.0
1471000 : 1.2886697005420187 size: 0.0
1472000 : 1.3635395958727285 size: 0.0
1473000 : 1.3243818120023554 size: 0.0
1474000 : 1.206495444055189 size: 0.0
1475000 : 1.3744515511046722 size: 0.0
1476000 : 1.1171531226630482 size: 0.0
1477000 : 1.3112978878726655 size: 0.0
1478000 : 1.3236074601168457 size: 0.0
1479000 : 1.2580870576349905 size: 0.0
1480000 : 1.318163865251736 size: 0.0
1481000 : 1.308142178211984 size: 0.0
1482000 : 1.208996243781385 size: 0.0
1483000 : 1.2028476920303888 size: 0.0
1484000 : 1.3903663096675638 size: 0.0
1485000 : 1.3931155383329312 size: 0.0
1486000 : 1.4563556228469963 size: 0.0
1487000 : 1.4128138292234793 size: 0.0
1488000 : 1.3214076300296596 size: 0.0
1489000 : 1.159170204095341 size: 0.0
1490000 : 1.2055284716007129 size: 0.0
1491000 : 1.2387063327092607 size: 0.0
1492000 : 1.2205226930248614 size: 0.0
1493000 : 1.262158402928866 size: 0.0
1494000 : 1.3343961037881205 size: 0.0
1495000 : 1.365888362935562 size: 0.0
1496000 : 1.2522078307152456 size: 0.0
1497000 : 1.1090016609601037 size: 0.0
1498000 : 1.297919013496746 size: 0.0
1499000 : 1.2816760260446827 size: 0.0
1500000 : 1.2853340110372091 size: 0.0
1501000 : 1.2544966618242532 size: 0.0
1502000 : 1.1766147483376574 size: 0.0
1503000 : 1.3971301293520217 size: 0.0
1504000 : 1.3032440263240856 size: 0.0
1505000 : 1.2477598434159807 size: 0.0
1506000 : 1.2994154345419033 size: 0.0
1507000 : 1.2696438618163441 size: 0.0
1508000 : 1.2946756786754496 size: 0.0
1509000 : 1.212116095059362 size: 0.0
1510000 : 1.34804206722083 size: 0.0
1511000 : 1.21423758704908 size: 0.0
1512000 : 1.3743057958080658 size: 0.0
1513000 : 1.3914756837569544 size: 0.0
1514000 : 1.4054441146600316 size: 0.0
1515000 : 1.5385915351141604 size: 0.0
1516000 : 1.2023373335139533 size: 0.0
1517000 : 1.2029620604932125 size: 0.0
1518000 : 1.3838556484451758 size: 0.0
1519000 : 1.3567576320186046 size: 0.0
1520000 : 1.299885205152735 size: 0.0
1521000 : 1.1938335653507164 size: 0.0
1522000 : 1.2777970433457972 size: 0.0
1523000 : 1.3325210629370887 size: 0.0
1524000 : 1.368390108566338 size: 0.0
1525000 : 1.3280225127384702 size: 0.0
1526000 : 1.4964308481683972 size: 0.0
1527000 : 1.2289645474337878 size: 0.0
1528000 : 1.2877771105840408 size: 0.0
1529000 : 1.2498092746749874 size: 0.0
1530000 : 1.3128839118789224 size: 0.0
1531000 : 1.250913919241479 size: 0.0
1532000 : 1.103155626691975 size: 0.0
1533000 : 1.2215329191160296 size: 0.0
1534000 : 1.3351671020119384 size: 0.0
1535000 : 1.308278560454118 size: 0.0
1536000 : 1.2843263646858039 size: 0.0
1537000 : 1.2797082865448357 size: 0.0
1538000 : 1.1993215317397485 size: 0.0
1539000 : 1.0780889833460698 size: 0.0
1540000 : 1.1703108102616067 size: 0.0
1541000 : 1.3285368268558755 size: 0.0
1542000 : 1.1304254537867584 size: 0.0
1543000 : 1.3678398500749023 size: 0.0
1544000 : 1.3021834093162148 size: 0.0
1545000 : 1.1756693597058645 size: 0.0
1546000 : 1.2225254309941587 size: 0.0
1547000 : 1.178628665179261 size: 0.0
1548000 : 1.394608261751095 size: 0.0
1549000 : 1.2651056696167018 size: 0.0
1550000 : 1.0429782952158004 size: 0.0
1551000 : 1.285734472639743 size: 0.0
1552000 : 1.282169272287357 size: 0.0
1553000 : 1.2874242021844702 size: 0.0
1554000 : 1.1788087310147144 size: 0.0
1555000 : 1.2594858785257832 size: 0.0
1556000 : 1.5024765542941774 size: 0.0
1557000 : 1.3674829000830366 size: 0.0
1558000 : 1.150905233842827 size: 0.0
1559000 : 1.1116646403260635 size: 0.0
1560000 : 1.2565349142109536 size: 0.0
1561000 : 1.229075218269618 size: 0.0
1562000 : 1.2303827163728025 size: 0.0
1563000 : 1.2688186890575044 size: 0.0
1564000 : 1.371522600569153 size: 0.0
1565000 : 1.2659734940729555 size: 0.0
1566000 : 1.3221150806639836 size: 0.0
1567000 : 1.3802706700879406 size: 0.0
1568000 : 1.2359623495147445 size: 0.0
1569000 : 1.2974709126999229 size: 0.0
1570000 : 1.2795756879210205 size: 0.0
1571000 : 1.1936295939267931 size: 0.0
1572000 : 1.4525367480845877 size: 0.0
1573000 : 1.33768492802057 size: 0.0
1574000 : 1.2470959043923249 size: 0.0
1575000 : 1.116389261719241 size: 0.0
1576000 : 1.2187239264794874 size: 0.0
1577000 : 1.2993328828694892 size: 0.0
1578000 : 1.3914584854918681 size: 0.0
1579000 : 1.235596886381661 size: 0.0
1580000 : 1.1283789462328164 size: 0.0
1581000 : 1.413048585541907 size: 0.0
1582000 : 1.3946504834918818 size: 0.0
1583000 : 1.1706159934755627 size: 0.0
1584000 : 1.2882154083697646 size: 0.0
1585000 : 1.2672934609183275 size: 0.0
1586000 : 1.3291820197705873 size: 0.0
1587000 : 1.1978553796411433 size: 0.0
1588000 : 1.114340776364814 size: 0.0
1589000 : 1.2838224555187758 size: 0.0
1590000 : 1.3094575875171082 size: 0.0
1591000 : 1.3119155635632394 size: 0.0
1592000 : 1.4068749243238847 size: 0.0
1593000 : 1.2174183201854623 size: 0.0
1594000 : 1.3201331525954407 size: 0.0
1595000 : 1.2752774115193317 size: 0.0
1596000 : 1.3164764574727956 size: 0.0
1597000 : 1.232382100680408 size: 0.0
1598000 : 1.2953176899111205 size: 0.0
1599000 : 1.41489593718615 size: 0.0
1600000 : 1.1871671738379723 size: 0.0
1601000 : 1.2039293769129904 size: 0.0
1602000 : 1.2874153450779509 size: 0.0
1603000 : 1.410009394127185 size: 0.0
1604000 : 1.316834525351892 size: 0.0
1605000 : 1.2082896530603153 size: 0.0
1606000 : 1.1491352743914724 size: 0.0
1607000 : 1.1743634094465378 size: 0.0
1608000 : 1.3917347756204792 size: 0.0
1609000 : 1.3148900035099116 size: 0.0
1610000 : 1.2945613102126259 size: 0.0
1611000 : 1.0990141124765478 size: 0.0
1612000 : 1.3232094062714237 size: 0.0
1613000 : 1.3350182510276167 size: 0.0
1614000 : 1.2725276669060117 size: 0.0
1615000 : 1.2460714037411351 size: 0.0
1616000 : 1.2661620730496266 size: 0.0
1617000 : 1.1975435750951289 size: 0.0
1618000 : 1.2169651459004387 size: 0.0
1619000 : 1.3114243811123751 size: 0.0
1620000 : 1.3138004074253704 size: 0.0
1621000 : 1.2076074838756679 size: 0.0
1622000 : 1.1991662314060194 size: 0.0
1623000 : 1.1150484849731146 size: 0.0
1624000 : 1.221674374846364 size: 0.0
1625000 : 1.1545937457558817 size: 0.0
1626000 : 1.318941226833636 size: 0.0
1627000 : 1.115614049920477 size: 0.0
1628000 : 1.201686637154414 size: 0.0
1629000 : 1.3372878200797278 size: 0.0
1630000 : 1.3290384142571168 size: 0.0
1631000 : 1.1081522386474922 size: 0.0
1632000 : 1.124463245237972 size: 0.0
1633000 : 1.1211383046488412 size: 0.0
1634000 : 1.3935987235905303 size: 0.0
1635000 : 1.1630239053445495 size: 0.0
1636000 : 1.309850223909028 size: 0.0
1637000 : 1.2966310354244344 size: 0.0
1638000 : 1.206924798743068 size: 0.0
1639000 : 1.3047274626791028 size: 0.0
1640000 : 1.2751704383104951 size: 0.0
1641000 : 1.15039453136109 size: 0.0
1642000 : 1.3979475628915727 size: 0.0
1643000 : 1.1862999513209964 size: 0.0
1644000 : 1.2498527862856557 size: 0.0
1645000 : 1.3247157163190055 size: 0.0
1646000 : 1.421466620353689 size: 0.0
1647000 : 1.2080858536190429 size: 0.0
1648000 : 1.382795031437305 size: 0.0
1649000 : 1.229888266251572 size: 0.0
1650000 : 1.171868629113122 size: 0.0
1651000 : 1.2415234945217188 size: 0.0
1652000 : 1.1864551656634001 size: 0.0
1653000 : 1.200322040811143 size: 0.0
1654000 : 1.2919129493719896 size: 0.0
1655000 : 1.2618150395664183 size: 0.0
1656000 : 1.2492716569083901 size: 0.0
1657000 : 1.3555476480784594 size: 0.0
1658000 : 1.1707593410150567 size: 0.0
1659000 : 1.3649102116087797 size: 0.0
1660000 : 1.2297546357318514 size: 0.0
1661000 : 1.2379874452286541 size: 0.0
1662000 : 1.2971740706445336 size: 0.0
1663000 : 1.3542237256321175 size: 0.0
1664000 : 1.2956660407704432 size: 0.0
1665000 : 1.418392774434818 size: 0.0
1666000 : 1.2720982262268072 size: 0.0
1667000 : 1.4093420154505119 size: 0.0
1668000 : 1.304374468288207 size: 0.0
1669000 : 1.2789189721687009 size: 0.0
1670000 : 1.3539463176162758 size: 0.0
1671000 : 1.177846316100486 size: 0.0
1672000 : 1.2989153089931942 size: 0.0
1673000 : 1.249725519124017 size: 0.0
1674000 : 1.1959344194223311 size: 0.0
1675000 : 1.2454264688003995 size: 0.0
1676000 : 1.357059891527496 size: 0.0
1677000 : 1.185472628779021 size: 0.0
1678000 : 1.1502363933136215 size: 0.0
1679000 : 1.2604048678206687 size: 0.0
1680000 : 1.2764171405465996 size: 0.0
1681000 : 1.1676244412551295 size: 0.0
1682000 : 1.1865635147334437 size: 0.0
1683000 : 1.2996472671552664 size: 0.0
1684000 : 1.2886282527231607 size: 0.0
1685000 : 1.1967541747276687 size: 0.0
1686000 : 1.2755588611274689 size: 0.0
1687000 : 1.1978167695360245 size: 0.0
1688000 : 1.3899293017517214 size: 0.0
1689000 : 1.217619969843599 size: 0.0
1690000 : 1.2194673214878418 size: 0.0
1691000 : 1.22765937109639 size: 0.0
1692000 : 1.239801518229955 size: 0.0
1693000 : 1.3046729441787792 size: 0.0
1694000 : 1.2943267258768492 size: 0.0
1695000 : 1.2335889029415124 size: 0.0
1696000 : 1.1290256010000606 size: 0.0
1697000 : 1.2025634047085125 size: 0.0
1698000 : 1.3185559856957032 size: 0.0
1699000 : 1.245121629551745 size: 0.0
1700000 : 1.4032052445110996 size: 0.0
1701000 : 1.3251393095880808 size: 0.0
1702000 : 1.0770206271189102 size: 0.0
1703000 : 1.1647626499447725 size: 0.0
1704000 : 1.296093761623139 size: 0.0
1705000 : 1.2035699331726872 size: 0.0
1706000 : 1.368952835799961 size: 0.0
1707000 : 1.3285007964905198 size: 0.0
1708000 : 1.342845353451034 size: 0.0
1709000 : 1.1464749607566012 size: 0.0
1710000 : 1.501233635676392 size: 0.0
1711000 : 1.3474850154146853 size: 0.0
1712000 : 1.3114330662362437 size: 0.0
1713000 : 1.2399644717916476 size: 0.0
1714000 : 1.2348632943844058 size: 0.0
1715000 : 1.206901667076527 size: 0.0
1716000 : 1.2340917802126352 size: 0.0
1717000 : 1.2515980662266113 size: 0.0
1718000 : 1.2124647038926608 size: 0.0
1719000 : 1.3284068939631486 size: 0.0
1720000 : 1.1920018641277021 size: 0.0
1721000 : 1.394870191328359 size: 0.0
1722000 : 1.4060339291611657 size: 0.0
1723000 : 1.2736020425259518 size: 0.0
1724000 : 1.2993052796540256 size: 0.0
1725000 : 1.2108767880772444 size: 0.0
1726000 : 1.094274270618769 size: 0.0
1727000 : 1.228546801574842 size: 0.0
1728000 : 1.152473543636045 size: 0.0
1729000 : 1.3193419464101463 size: 0.0
1730000 : 1.2869199490521406 size: 0.0
1731000 : 1.2980305442458304 size: 0.0
1732000 : 1.368573700046134 size: 0.0
1733000 : 1.4120921040291337 size: 0.0
1734000 : 1.1497691164512274 size: 0.0
1735000 : 1.176243695768421 size: 0.0
1736000 : 1.2610113646389363 size: 0.0
1737000 : 1.2069841327576156 size: 0.0
1738000 : 1.3458129140916717 size: 0.0
1739000 : 1.2534906493080311 size: 0.0
1740000 : 1.2924625199328217 size: 0.0
1741000 : 1.2075705076057324 size: 0.0
1742000 : 1.2710673622175357 size: 0.0
1743000 : 1.1232506815580636 size: 0.0
1744000 : 1.1568609070508806 size: 0.0
1745000 : 1.4246222440230452 size: 0.0
1746000 : 1.151839873558941 size: 0.0
1747000 : 1.278782245961265 size: 0.0
1748000 : 1.310359722512209 size: 0.0
1749000 : 1.1151869310070592 size: 0.0
1750000 : 1.2826172011015293 size: 0.0
1751000 : 1.2331689213081054 size: 0.0
1752000 : 1.2871074961329063 size: 0.0
1753000 : 1.2989309594144227 size: 0.0
1754000 : 1.3800758997358384 size: 0.0
1755000 : 1.327205423164221 size: 0.0
1756000 : 1.3828623626451177 size: 0.0
1757000 : 1.1200778596236212 size: 0.0
1758000 : 1.2350572908145792 size: 0.0
1759000 : 1.2635339201704665 size: 0.0
1760000 : 1.4115830353825796 size: 0.0
1761000 : 1.213683028991373 size: 0.0
1762000 : 1.2957773995368769 size: 0.0
1763000 : 1.2903060294736528 size: 0.0
1764000 : 1.1364645385804804 size: 0.0
1765000 : 1.2769018736480564 size: 0.0
1766000 : 1.3384929025143235 size: 0.0
1767000 : 1.2309149166858975 size: 0.0
1768000 : 1.2911394573997341 size: 0.0
1769000 : 1.3574393712466248 size: 0.0
1770000 : 1.319250623622538 size: 0.0
1771000 : 1.2819677086205459 size: 0.0
1772000 : 1.0830785440129016 size: 0.0
1773000 : 1.395842495245012 size: 0.0
1774000 : 1.3181090027861109 size: 0.0
1775000 : 1.1605411637966938 size: 0.0
1776000 : 1.1691967926406428 size: 0.0
1777000 : 1.3579954771481897 size: 0.0
1778000 : 1.2604755526901732 size: 0.0
1779000 : 1.3442046183321281 size: 0.0
1780000 : 1.4719639083260505 size: 0.0
1781000 : 1.1943151167731323 size: 0.0
1782000 : 1.3581903334916172 size: 0.0
1783000 : 1.42360857827886 size: 0.0
1784000 : 1.2560423558988827 size: 0.0
1785000 : 1.2973141505136614 size: 0.0
1786000 : 1.287780378254407 size: 0.0
1787000 : 1.3739868539820408 size: 0.0
1788000 : 1.143587028083313 size: 0.0
1789000 : 1.4061381506475885 size: 0.0
1790000 : 1.3703905247698487 size: 0.0
1791000 : 1.2072379791502892 size: 0.0
1792000 : 1.2583204380922115 size: 0.0
1793000 : 1.0986761665676024 size: 0.0
1794000 : 1.0156959993788295 size: 0.0
1795000 : 1.2753063905960023 size: 0.0
1796000 : 1.2373709734166365 size: 0.0
1797000 : 1.2852265218804197 size: 0.0
1798000 : 1.2460373511762641 size: 0.0
1799000 : 1.259181641216407 size: 0.0
1800000 : 1.4142015572332913 size: 0.0
1801000 : 1.2915780991507597 size: 0.0
1802000 : 1.1662051544288843 size: 0.0
1803000 : 1.3339019976321917 size: 0.0
1804000 : 1.1969627896831652 size: 0.0
1805000 : 1.482678943422756 size: 0.0
1806000 : 1.2479381894249253 size: 0.0
1807000 : 1.0315874542925294 size: 0.0
1808000 : 1.2336274270553056 size: 0.0
1809000 : 1.1479497979790751 size: 0.0
1810000 : 1.0148331624194509 size: 0.0
1811000 : 1.1381633832057032 size: 0.0
1812000 : 1.220940610866458 size: 0.0
1813000 : 1.3452781340388138 size: 0.0
1814000 : 1.3609495371507347 size: 0.0
1815000 : 1.1732745872839254 size: 0.0
1816000 : 1.2513556566802202 size: 0.0
1817000 : 1.3126790805417448 size: 0.0
1818000 : 1.2709359674722764 size: 0.0
1819000 : 1.1946339726078319 size: 0.0
1820000 : 1.1582482910953908 size: 0.0
1821000 : 1.0934977689501233 size: 0.0
1822000 : 1.1311188878350371 size: 0.0
1823000 : 1.598412432546422 size: 0.0
1824000 : 1.259726224280364 size: 0.0
1825000 : 1.286232964353269 size: 0.0
1826000 : 1.2446965744301377 size: 0.0
1827000 : 1.2856005841460465 size: 0.0
1828000 : 1.2542911425564722 size: 0.0
1829000 : 1.305344020482446 size: 0.0
1830000 : 1.3259275920683105 size: 0.0
1831000 : 1.2594458065681322 size: 0.0
1832000 : 1.3867406574133996 size: 0.0
1833000 : 1.2557793944257134 size: 0.0
1834000 : 1.2715502895011583 size: 0.0
1835000 : 1.1319795750112802 size: 0.0
1836000 : 1.3161715322328158 size: 0.0
1837000 : 1.2520337842725724 size: 0.0
1838000 : 1.3169143253018922 size: 0.0
1839000 : 1.2022885764324338 size: 0.0
1840000 : 1.1415839461487136 size: 0.0
1841000 : 1.1708001009033113 size: 0.0
1842000 : 1.4084832200834283 size: 0.0
1843000 : 1.3436930559371367 size: 0.0
1844000 : 1.3448026020091781 size: 0.0
1845000 : 1.32521592785904 size: 0.0
1846000 : 1.3080739870909168 size: 0.0
1847000 : 1.1742561782637249 size: 0.0
1848000 : 1.3025429390478434 size: 0.0
1849000 : 1.301848817068961 size: 0.0
1850000 : 1.2177879109021663 size: 0.0
1851000 : 1.1512773183079688 size: 0.0
1852000 : 1.244329047505244 size: 0.0
1853000 : 1.5600439630521836 size: 0.0
1854000 : 1.335123160444643 size: 0.0
1855000 : 1.3831701255988367 size: 0.0
1856000 : 1.3302471083273808 size: 0.0
1857000 : 1.4081995347008303 size: 0.0
1858000 : 1.1466078173543925 size: 0.0
1859000 : 1.2444257877463543 size: 0.0
1860000 : 1.289741152456894 size: 0.0
1861000 : 1.3266528429069988 size: 0.0
1862000 : 1.2428131064292136 size: 0.0
1863000 : 1.350820102980217 size: 0.0
1864000 : 1.347328081245773 size: 0.0
1865000 : 1.3054001728179527 size: 0.0
1866000 : 1.2761939070657797 size: 0.0
1867000 : 1.2111678687138299 size: 0.0
1868000 : 1.3644671843001572 size: 0.0
1869000 : 1.2400426379064646 size: 0.0
1870000 : 1.1201325501065955 size: 0.0
1871000 : 1.151128295340996 size: 0.0
1872000 : 1.2073770271235118 size: 0.0
1873000 : 1.375705132646811 size: 0.0
1874000 : 1.4129447940121114 size: 0.0
1875000 : 1.2436535856439803 size: 0.0
1876000 : 1.2458166114438818 size: 0.0
1877000 : 1.255862806011382 size: 0.0
1878000 : 1.24302361319387 size: 0.0
1879000 : 1.290273352769989 size: 0.0
1880000 : 1.4094864808772365 size: 0.0
1881000 : 1.2563436695031942 size: 0.0
1882000 : 1.106517887516343 size: 0.0
1883000 : 1.2551608588218854 size: 0.0
1884000 : 1.4861077615330078 size: 0.0
1885000 : 1.1642569349599103 size: 0.0
1886000 : 1.280505856088212 size: 0.0
1887000 : 1.2927710568084696 size: 0.0
1888000 : 1.3538277355785058 size: 0.0
1889000 : 1.3446142810064834 size: 0.0
1890000 : 1.3339308047262113 size: 0.0
1891000 : 1.212705135638567 size: 0.0
1892000 : 1.4809795828495806 size: 0.0
1893000 : 1.1624033919402363 size: 0.0
1894000 : 1.3324548496165065 size: 0.0
1895000 : 1.2636092485715444 size: 0.0
1896000 : 1.1512144586490785 size: 0.0
1897000 : 1.285188513714579 size: 0.0
1898000 : 1.276449903241589 size: 0.0
1899000 : 1.1811775340563733 size: 0.0
1900000 : 1.3353849180392563 size: 0.0
1901000 : 1.309204601037689 size: 0.0
1902000 : 1.4017283434968153 size: 0.0
1903000 : 1.1780390226607778 size: 0.0
1904000 : 1.2762000124498853 size: 0.0
1905000 : 1.2512960646916964 size: 0.0
1906000 : 1.207337815079115 size: 0.0
1907000 : 1.3222119068964193 size: 0.0
1908000 : 1.2845786632346197 size: 0.0
1909000 : 1.3288462236447778 size: 0.0
1910000 : 1.2042593256286707 size: 0.0
1911000 : 1.0926235811357876 size: 0.0
1912000 : 1.2875677217066153 size: 0.0
1913000 : 1.2113297903796172 size: 0.0
1914000 : 1.1586959619355868 size: 0.0
1915000 : 1.2033295874181065 size: 0.0
1916000 : 1.1833429676133869 size: 0.0
1917000 : 1.3190862082083132 size: 0.0
1918000 : 1.2803759231954852 size: 0.0
1919000 : 1.2291669710138533 size: 0.0
1920000 : 1.3467125553383352 size: 0.0
1921000 : 1.3483647066738487 size: 0.0
1922000 : 1.2333955944419426 size: 0.0
1923000 : 1.3365331602077417 size: 0.0
1924000 : 1.2620985529663655 size: 0.0
1925000 : 1.2738213204058018 size: 0.0
1926000 : 1.141714996928671 size: 0.0
1927000 : 1.169629157024912 size: 0.0
1928000 : 1.2349651081137165 size: 0.0
1929000 : 1.414202073181244 size: 0.0
1930000 : 1.1245210314086618 size: 0.0
1931000 : 1.27276749671264 size: 0.0
1932000 : 1.2506546553953035 size: 0.0
1933000 : 1.1340799991262676 size: 0.0
1934000 : 1.4182306807863798 size: 0.0
1935000 : 1.3385895567641084 size: 0.0
1936000 : 1.3029511398696663 size: 0.0
1937000 : 1.246368589761826 size: 0.0
1938000 : 1.3532478100797964 size: 0.0
1939000 : 1.1038364200154156 size: 0.0
1940000 : 1.3748164122984776 size: 0.0
1941000 : 1.1248469385320468 size: 0.0
1942000 : 1.2901034339109365 size: 0.0
1943000 : 1.2573022148077782 size: 0.0
1944000 : 1.239945209734751 size: 0.0
1945000 : 1.1807724289222659 size: 0.0
1946000 : 1.235342524041035 size: 0.0
1947000 : 1.2351618562663036 size: 0.0
1948000 : 1.29855569327024 size: 0.0
1949000 : 1.1841149117417846 size: 0.0
1950000 : 1.3419452822477436 size: 0.0
1951000 : 1.1712046900894661 size: 0.0
1952000 : 1.4037025323460695 size: 0.0
1953000 : 1.2955640550584815 size: 0.0
waiting for write process!
write end!
end join!
last series
Last encode part don't need inference.
155.6869134902954
30136.167719364166 
@@@@@@@@@@@@@
end
main
