start!
start to right
1722780
0 : 5.862788130045042 size: 0.0
1000 : 1.8260460894886725 size: 0.0
2000 : 1.499132523630801 size: 0.0
3000 : 1.3698311511979173 size: 0.0
4000 : 1.3070867206836387 size: 0.0
5000 : 1.3296021733866452 size: 0.0
6000 : 1.2696172045054606 size: 0.0
7000 : 1.2326657860630064 size: 0.0
8000 : 1.2466760087502433 size: 0.0
9000 : 1.2700238574834255 size: 0.0
10000 : 1.1435114417082586 size: 0.0
11000 : 1.1924113548194064 size: 0.0
12000 : 1.193284510737837 size: 0.0
13000 : 1.2697867793992113 size: 0.0
14000 : 1.208335056480143 size: 0.0
15000 : 1.2145625482678852 size: 0.0
16000 : 1.202149872424513 size: 0.0
17000 : 1.2023370755399772 size: 0.0
18000 : 1.2459953014181282 size: 0.0
19000 : 1.1180720259666082 size: 0.0
20000 : 1.0968224515652776 size: 0.0
21000 : 1.1467227877564945 size: 0.0
22000 : 1.2328525592218433 size: 0.0
23000 : 1.1386093342193906 size: 0.0
24000 : 1.2795203954987682 size: 0.0
25000 : 1.16896796972367 size: 0.0
26000 : 1.1122440498768202 size: 0.0
27000 : 1.1270075565748363 size: 0.0
28000 : 1.1481515336285373 size: 0.0
29000 : 1.1585744561927522 size: 0.0
30000 : 1.109478912816248 size: 0.0
31000 : 1.1317428408923675 size: 0.0
32000 : 1.2093157015553628 size: 0.0
33000 : 1.1360676026222891 size: 0.0
34000 : 1.1006359948655096 size: 0.0
35000 : 1.1087207272999193 size: 0.0
36000 : 1.1096610424435118 size: 0.0
37000 : 1.0754277238066188 size: 0.0
38000 : 1.1368932913290815 size: 0.0
39000 : 1.109245274385051 size: 0.0
40000 : 1.0964975763377978 size: 0.0
41000 : 1.1073195846433401 size: 0.0
42000 : 1.054095597732874 size: 0.0
43000 : 0.9981686454901227 size: 0.0
44000 : 1.105485561654539 size: 0.0
45000 : 1.066405943898983 size: 0.0
46000 : 1.1159548335431617 size: 0.0
47000 : 1.031676713288327 size: 0.0
48000 : 1.075365380095681 size: 0.0
49000 : 1.0253953909308648 size: 0.0
50000 : 1.0819057943166681 size: 0.0
51000 : 1.1057061294042705 size: 0.0
52000 : 1.0552237179312087 size: 0.0
53000 : 0.9951142336107992 size: 0.0
54000 : 1.0375760621782233 size: 0.0
55000 : 0.983970703739469 size: 0.0
56000 : 0.9692114966077244 size: 0.0
57000 : 1.053008839362072 size: 0.0
58000 : 1.0659550053884208 size: 0.0
59000 : 0.973330137130587 size: 0.0
60000 : 0.9773704395559816 size: 0.0
61000 : 1.1491900508657722 size: 0.0
62000 : 1.0219932301314967 size: 0.0
63000 : 1.0566835926630576 size: 0.0
64000 : 1.0755136291407248 size: 0.0
65000 : 1.0532672432949932 size: 0.0
66000 : 1.0169664352207533 size: 0.0
67000 : 1.0779574166181598 size: 0.0
68000 : 1.0314148697023886 size: 0.0
69000 : 1.0455722235474387 size: 0.0
70000 : 1.0361955574397474 size: 0.0
71000 : 1.1177592755160142 size: 0.0
72000 : 1.0748447886115193 size: 0.0
73000 : 1.0722876645671657 size: 0.0
74000 : 1.0663925292522156 size: 0.0
75000 : 1.084717710658275 size: 0.0
76000 : 1.0599868634381795 size: 0.0
77000 : 1.1359701744505752 size: 0.0
78000 : 1.0370650157311845 size: 0.0
79000 : 1.102995510844022 size: 0.0
80000 : 0.9888275797911601 size: 0.0
81000 : 1.019740687361821 size: 0.0
82000 : 1.1023121377808185 size: 0.0
83000 : 1.0549816523501192 size: 0.0
84000 : 1.082721594021036 size: 0.0
85000 : 1.1030952607815223 size: 0.0
86000 : 1.0725424568644188 size: 0.0
87000 : 1.1143457638616892 size: 0.0
88000 : 1.0692176882579392 size: 0.0
89000 : 1.079612663641389 size: 0.0
90000 : 1.0755125972448196 size: 0.0
91000 : 1.1048934253876184 size: 0.0
92000 : 1.1034474812504893 size: 0.0
93000 : 1.0752734553687948 size: 0.0
94000 : 1.0705902817944752 size: 0.0
95000 : 1.0894376885198795 size: 0.0
96000 : 1.0264270288620654 size: 0.0
97000 : 1.0404443888293131 size: 0.0
98000 : 1.0094095175418414 size: 0.0
99000 : 1.0906778554152512 size: 0.0
100000 : 1.049314909995515 size: 0.0
101000 : 1.0447668287934482 size: 0.0
102000 : 1.0007311869879785 size: 0.0
103000 : 1.0665664897035634 size: 0.0
104000 : 1.0276320253053357 size: 0.0
105000 : 1.0070620403488895 size: 0.0
106000 : 0.9992072487186833 size: 0.0
107000 : 1.0307052692849286 size: 0.0
108000 : 1.0116280077466462 size: 0.0
109000 : 1.0427985733456486 size: 0.0
110000 : 0.9867753108184143 size: 0.0
111000 : 1.0320010725678543 size: 0.0
112000 : 0.9924704303104107 size: 0.0
113000 : 1.0246067644853334 size: 0.0
114000 : 0.9787291024977978 size: 0.0
115000 : 0.9709504131905984 size: 0.0
116000 : 0.9595683433825214 size: 0.0
117000 : 1.0585134020769125 size: 0.0
118000 : 0.9823422000184491 size: 0.0
119000 : 1.0353266150962632 size: 0.0
120000 : 1.010091170778536 size: 0.0
121000 : 1.0396982420985448 size: 0.0
122000 : 0.9386291976659982 size: 0.0
123000 : 0.979859544461919 size: 0.0
124000 : 1.0000032704182018 size: 0.0
125000 : 1.029942956184979 size: 0.0
126000 : 1.1246828670831237 size: 0.0
127000 : 1.0326321629051955 size: 0.0
128000 : 1.0782391242002731 size: 0.0
129000 : 1.0232745008804247 size: 0.0
130000 : 0.997347256349602 size: 0.0
131000 : 0.9460785401967953 size: 0.0
132000 : 1.1101594481657122 size: 0.0
133000 : 1.0417101811396634 size: 0.0
134000 : 0.9860110199179799 size: 0.0
135000 : 1.0852960023218012 size: 0.0
136000 : 0.9718649309365613 size: 0.0
137000 : 0.9999870180576952 size: 0.0
138000 : 0.9761593377286056 size: 0.0
139000 : 0.9613205886208371 size: 0.0
140000 : 0.9921826173441918 size: 0.0
141000 : 0.984518468482467 size: 0.0
142000 : 0.9362046722454597 size: 0.0
143000 : 0.9445150459178014 size: 0.0
144000 : 0.9682139972327202 size: 0.0
145000 : 1.0117572527087695 size: 0.0
146000 : 0.9971313321314437 size: 0.0
147000 : 1.0214802918752983 size: 0.0
148000 : 0.9512397395491882 size: 0.0
149000 : 1.0650079829214447 size: 0.0
150000 : 0.9778241297889576 size: 0.0
151000 : 1.0048431201874575 size: 0.0
152000 : 1.063744684359532 size: 0.0
153000 : 1.000252903235929 size: 0.0
154000 : 1.0202175952526638 size: 0.0
155000 : 0.9588062882565482 size: 0.0
156000 : 1.0403817871443992 size: 0.0
157000 : 1.0367460739051593 size: 0.0
158000 : 0.9812625789276578 size: 0.0
159000 : 0.9884834425067837 size: 0.0
160000 : 1.0724217250435133 size: 0.0
161000 : 0.9695127242207107 size: 0.0
162000 : 1.0455089339319212 size: 0.0
163000 : 1.0035865289489283 size: 0.0
164000 : 0.9912576086565262 size: 0.0
165000 : 1.048804809453056 size: 0.0
166000 : 0.9804748983867061 size: 0.0
167000 : 0.9703468400773954 size: 0.0
168000 : 1.0266399433838336 size: 0.0
169000 : 1.0344665298592983 size: 0.0
170000 : 1.0684152172090131 size: 0.0
171000 : 1.0944338705187695 size: 0.0
172000 : 1.0319789727972186 size: 0.0
173000 : 1.068522620374477 size: 0.0
174000 : 1.0450198152728674 size: 0.0
175000 : 1.050847103432052 size: 0.0
176000 : 1.0098773963435137 size: 0.0
177000 : 1.0237938024947049 size: 0.0
178000 : 1.0641159089114194 size: 0.0
179000 : 1.1314367117738318 size: 0.0
180000 : 1.0798412285843857 size: 0.0
181000 : 1.059434197189632 size: 0.0
182000 : 1.0505091575231065 size: 0.0
183000 : 1.0576435138288482 size: 0.0
184000 : 1.0422042872955923 size: 0.0
185000 : 1.0110081822729367 size: 0.0
186000 : 1.0274418984848068 size: 0.0
187000 : 0.9975645564289671 size: 0.0
188000 : 1.0275213544695054 size: 0.0
189000 : 0.9646014156600214 size: 0.0
190000 : 1.0625150084058628 size: 0.0
191000 : 1.037482503616154 size: 0.0
192000 : 0.9780465893478487 size: 0.0
193000 : 0.9544815265266267 size: 0.0
194000 : 0.9932463300397782 size: 0.0
195000 : 0.928325459078831 size: 0.0
196000 : 0.9853444151632357 size: 0.0
197000 : 1.0085374795106414 size: 0.0
198000 : 0.9802674013184401 size: 0.0
199000 : 1.0283226216398753 size: 0.0
200000 : 0.9143833415213356 size: 0.0
201000 : 0.9609437746327967 size: 0.0
202000 : 1.0196447210426396 size: 0.0
203000 : 1.019309096899481 size: 0.0
204000 : 1.0484115711218582 size: 0.0
205000 : 1.0479684578219102 size: 0.0
206000 : 0.9357388572355978 size: 0.0
207000 : 1.0267998012578106 size: 0.0
208000 : 1.073545889640878 size: 0.0
209000 : 1.0004205863205204 size: 0.0
210000 : 1.0516606673619584 size: 0.0
211000 : 0.9397166439674036 size: 0.0
212000 : 1.0737640496334975 size: 0.0
213000 : 1.0052151186612737 size: 0.0
214000 : 0.9676764654574485 size: 0.0
215000 : 1.01921424846753 size: 0.0
216000 : 0.9962088171922155 size: 0.0
217000 : 0.9224312696684608 size: 0.0
218000 : 1.0877437454002064 size: 0.0
219000 : 0.9743035589344705 size: 0.0
220000 : 1.0166812019942972 size: 0.0
221000 : 0.9937823999625176 size: 0.0
222000 : 1.0148743522643324 size: 0.0
223000 : 1.0721368357823589 size: 0.0
224000 : 0.9848733546825225 size: 0.0
225000 : 1.0587847047086485 size: 0.0
226000 : 0.9882013049680433 size: 0.0
227000 : 0.9777161246842158 size: 0.0
228000 : 0.9490886665435215 size: 0.0
229000 : 0.9555953721649396 size: 0.0
230000 : 1.0048168928332009 size: 0.0
231000 : 1.00168526074364 size: 0.0
232000 : 0.895728813338874 size: 0.0
233000 : 1.0118112552611405 size: 0.0
234000 : 0.904671309244462 size: 0.0
235000 : 0.9846233778994934 size: 0.0
236000 : 0.9872775001589337 size: 0.0
237000 : 0.9560285964624631 size: 0.0
238000 : 0.9652831548880416 size: 0.0
239000 : 0.9536434550689722 size: 0.0
240000 : 0.9948581514436645 size: 0.0
241000 : 0.9684398104533031 size: 0.0
242000 : 0.9424882303773833 size: 0.0
243000 : 1.0305139385858437 size: 0.0
244000 : 0.9871356144719718 size: 0.0
245000 : 1.0090095718872598 size: 0.0
246000 : 1.0250947652571567 size: 0.0
247000 : 0.9457367246782055 size: 0.0
248000 : 1.0384186051848001 size: 0.0
249000 : 1.0206907195251873 size: 0.0
250000 : 0.9827861732316514 size: 0.0
251000 : 0.9765536939470341 size: 0.0
252000 : 0.9506942105806513 size: 0.0
253000 : 0.9570691774915084 size: 0.0
254000 : 0.9609940795581741 size: 0.0
255000 : 0.9317414644815935 size: 0.0
256000 : 1.022027970626971 size: 0.0
257000 : 0.9540160554820665 size: 0.0
258000 : 1.0093552570154942 size: 0.0
259000 : 0.9467148760049876 size: 0.0
260000 : 0.9805518606229672 size: 0.0
261000 : 0.9993661606880805 size: 0.0
262000 : 0.998165291828431 size: 0.0
263000 : 1.040029738658083 size: 0.0
264000 : 1.008798893139953 size: 0.0
265000 : 0.8834876901897373 size: 0.0
266000 : 0.9481991722732591 size: 0.0
267000 : 0.9236474449840372 size: 0.0
268000 : 0.8939494808330474 size: 0.0
269000 : 1.0036587616622907 size: 0.0
270000 : 0.9546269378579312 size: 0.0
271000 : 0.9785931502122907 size: 0.0
272000 : 0.9454864039298746 size: 0.0
273000 : 0.9095952585299897 size: 0.0
274000 : 0.9392025018326493 size: 0.0
275000 : 0.9403620948560918 size: 0.0
276000 : 0.9902386974414895 size: 0.0
277000 : 0.9786536881053944 size: 0.0
278000 : 0.9367431499253112 size: 0.0
279000 : 0.9934761848526564 size: 0.0
280000 : 0.9661981885819572 size: 0.0
281000 : 1.016238432659651 size: 0.0
282000 : 0.913374405300049 size: 0.0
283000 : 0.9111124894759013 size: 0.0
284000 : 0.8932355808493159 size: 0.0
285000 : 0.9747578511067246 size: 0.0
286000 : 0.9825515029045491 size: 0.0
287000 : 0.9121171261309164 size: 0.0
288000 : 0.8901114300050674 size: 0.0
289000 : 0.9328903085893571 size: 0.0
290000 : 0.9035052668716121 size: 0.0
291000 : 0.8158876734936491 size: 0.0
292000 : 0.929429931662672 size: 0.0
293000 : 0.8763060386550081 size: 0.0
294000 : 0.8535548837289944 size: 0.0
295000 : 0.8727981945166848 size: 0.0
296000 : 0.880419949654972 size: 0.0
297000 : 0.8836877920040161 size: 0.0
298000 : 0.8424451484485586 size: 0.0
299000 : 0.9743827569451928 size: 0.0
300000 : 0.9507463213238627 size: 0.0
301000 : 0.9978464359937312 size: 0.0
302000 : 0.9032978557946716 size: 0.0
303000 : 0.8752922869194972 size: 0.0
304000 : 0.9445844409174246 size: 0.0
305000 : 0.8967285484883395 size: 0.0
306000 : 0.9642325988652461 size: 0.0
307000 : 0.9768256845093736 size: 0.0
308000 : 0.9656304738514591 size: 0.0
309000 : 0.891148055433143 size: 0.0
310000 : 0.8895831852929423 size: 0.0
311000 : 0.9364200805156654 size: 0.0
312000 : 1.0313766035625715 size: 0.0
313000 : 0.9518570712744602 size: 0.0
314000 : 0.9108543435169563 size: 0.0
315000 : 0.9146550741096989 size: 0.0
316000 : 0.9676516139643988 size: 0.0
317000 : 0.911606767614481 size: 0.0
318000 : 0.8630461762734856 size: 0.0
319000 : 0.910549504268302 size: 0.0
320000 : 0.9193701504657537 size: 0.0
321000 : 0.9247166611244512 size: 0.0
322000 : 0.8539428765893408 size: 0.0
323000 : 0.874881420366586 size: 0.0
324000 : 0.9228647519399605 size: 0.0
325000 : 0.9018084860381996 size: 0.0
326000 : 0.9283724103425165 size: 0.0
327000 : 0.9263265047278525 size: 0.0
328000 : 0.9021562349582443 size: 0.0
329000 : 0.8868329247316697 size: 0.0
330000 : 0.8827468749211457 size: 0.0
331000 : 0.9358190011508998 size: 0.0
332000 : 0.9341302175107524 size: 0.0
333000 : 0.9614427822942752 size: 0.0
334000 : 0.8822458894591824 size: 0.0
335000 : 0.9381719817886793 size: 0.0
336000 : 0.9229403383150147 size: 0.0
337000 : 0.8647631650683744 size: 0.0
338000 : 0.8915083590867007 size: 0.0
339000 : 0.8689746762227029 size: 0.0
340000 : 0.8819036439839654 size: 0.0
341000 : 0.9013424990456869 size: 0.0
342000 : 0.8462181038431869 size: 0.0
343000 : 0.9272295856275331 size: 0.0
344000 : 0.9681157951390775 size: 0.0
345000 : 0.8726492575410376 size: 0.0
346000 : 0.893647823263434 size: 0.0
347000 : 0.9005387381268796 size: 0.0
348000 : 0.9209918608720645 size: 0.0
349000 : 0.8728647518025687 size: 0.0
350000 : 0.9625954960116831 size: 0.0
351000 : 0.9289973093044265 size: 0.0
352000 : 0.9436442117651577 size: 0.0
353000 : 0.9257752143405118 size: 0.0
354000 : 0.9199183451653788 size: 0.0
355000 : 0.9294927913215623 size: 0.0
356000 : 0.9399401354221999 size: 0.0
357000 : 0.9537989273853522 size: 0.0
358000 : 0.9376206054100131 size: 0.0
359000 : 0.9113131932294583 size: 0.0
360000 : 0.9253728609288183 size: 0.0
361000 : 0.9556152361611143 size: 0.0
362000 : 0.9283116144754365 size: 0.0
363000 : 0.9735658393535945 size: 0.0
364000 : 0.9285998573982825 size: 0.0
365000 : 0.8709986540493818 size: 0.0
366000 : 0.8797747567402601 size: 0.0
367000 : 0.8276786320541524 size: 0.0
368000 : 1.0021993168870689 size: 0.0
369000 : 0.9588102438575181 size: 0.0
370000 : 0.912204149352253 size: 0.0
371000 : 0.9129299161388941 size: 0.0
372000 : 0.9241302862763344 size: 0.0
373000 : 0.9407863760557703 size: 0.0
374000 : 0.9235475230638859 size: 0.0
375000 : 0.9781840034858881 size: 0.0
376000 : 0.9126617951861989 size: 0.0
377000 : 0.9520032565276936 size: 0.0
378000 : 0.9086526216206106 size: 0.0
379000 : 0.9709933228619886 size: 0.0
380000 : 0.9314145254623033 size: 0.0
381000 : 0.9375640231178793 size: 0.0
382000 : 0.9590445702193187 size: 0.0
383000 : 0.8772949388974692 size: 0.0
384000 : 0.997339087173686 size: 0.0
385000 : 0.9235488129337673 size: 0.0
386000 : 0.8807487804834216 size: 0.0
387000 : 0.9112054460986927 size: 0.0
388000 : 0.8899456387296357 size: 0.0
389000 : 0.9258671390673979 size: 0.0
390000 : 0.8361204864630788 size: 0.0
391000 : 0.862940234960554 size: 0.0
392000 : 0.8596920846250337 size: 0.0
393000 : 0.9021843541216603 size: 0.0
394000 : 0.9735382361381311 size: 0.0
395000 : 0.9318562629010444 size: 0.0
396000 : 0.9330147380372563 size: 0.0
397000 : 0.8547635777992582 size: 0.0
398000 : 0.8650897601223628 size: 0.0
399000 : 0.9253356266849064 size: 0.0
400000 : 0.9671409974739871 size: 0.0
401000 : 0.8724255941035906 size: 0.0
402000 : 0.9603564538801002 size: 0.0
403000 : 0.9216626792017549 size: 0.0
404000 : 0.8598924444132888 size: 0.0
405000 : 0.8839461959369375 size: 0.0
406000 : 0.9772804066382549 size: 0.0
407000 : 0.953565890893433 size: 0.0
408000 : 0.9462910247619363 size: 0.0
409000 : 0.934542545916196 size: 0.0
410000 : 0.8769641302685346 size: 0.0
411000 : 0.9789263665983374 size: 0.0
412000 : 0.9248638782735897 size: 0.0
413000 : 0.8492960773456786 size: 0.0
414000 : 0.9316178089556232 size: 0.0
415000 : 0.9433415222996391 size: 0.0
416000 : 0.9216278527149552 size: 0.0
417000 : 0.8666797397295896 size: 0.0
418000 : 0.8925241746140218 size: 0.0
419000 : 0.9245255883993426 size: 0.0
420000 : 0.9224900877350559 size: 0.0
421000 : 0.9127237089405096 size: 0.0
422000 : 0.9483994460701889 size: 0.0
423000 : 1.0175993313759282 size: 0.0
424000 : 0.9685313912148875 size: 0.0
425000 : 0.9932182108763622 size: 0.0
426000 : 0.9343777865366695 size: 0.0
427000 : 0.9909106336584105 size: 0.0
428000 : 1.0018785692432097 size: 0.0
429000 : 0.9634300418249949 size: 0.0
430000 : 1.011004484645943 size: 0.0
431000 : 1.007095061017855 size: 0.0
432000 : 0.9075128066020173 size: 0.0
433000 : 0.9766954936426705 size: 0.0
434000 : 0.9539110600737147 size: 0.0
435000 : 0.9367047118028433 size: 0.0
436000 : 0.9793658682626173 size: 0.0
437000 : 1.1118915714338768 size: 0.0
438000 : 0.9964781420234667 size: 0.0
439000 : 0.9866567287806444 size: 0.0
440000 : 0.9848950244965312 size: 0.0
441000 : 0.9949680483575659 size: 0.0
442000 : 0.9407984148413308 size: 0.0
443000 : 0.899351025940021 size: 0.0
444000 : 0.9829661530757793 size: 0.0
445000 : 0.9858905460710505 size: 0.0
446000 : 0.9599015597685681 size: 0.0
447000 : 0.93645688480295 size: 0.0
448000 : 0.9455858099020733 size: 0.0
449000 : 0.884976629989582 size: 0.0
450000 : 0.8665060372522181 size: 0.0
451000 : 0.8827786057202299 size: 0.0
452000 : 0.990420999051404 size: 0.0
453000 : 0.9417266911993627 size: 0.0
454000 : 0.9730806762955105 size: 0.0
455000 : 0.980407309204917 size: 0.0
456000 : 0.9310531039215151 size: 0.0
457000 : 0.8934884813374095 size: 0.0
458000 : 0.9103794994179241 size: 0.0
459000 : 0.8667439752496868 size: 0.0
460000 : 0.9480029400686246 size: 0.0
461000 : 0.9309813011647798 size: 0.0
462000 : 0.9412642298511926 size: 0.0
463000 : 0.9487374779704597 size: 0.0
464000 : 0.9215568238801488 size: 0.0
465000 : 0.8728304412637216 size: 0.0
466000 : 0.8857154674576887 size: 0.0
467000 : 0.8941114884901601 size: 0.0
468000 : 0.9087200388197488 size: 0.0
469000 : 0.8955067837366101 size: 0.0
470000 : 0.922428517946047 size: 0.0
471000 : 0.8880471222467612 size: 0.0
472000 : 0.9565063642665599 size: 0.0
473000 : 0.9957033601813298 size: 0.0
474000 : 0.9688991761137576 size: 0.0
475000 : 0.9538500062326584 size: 0.0
476000 : 1.0034317445631518 size: 0.0
477000 : 0.9203636942397881 size: 0.0
478000 : 0.9925786073978035 size: 0.0
479000 : 0.869460871176692 size: 0.0
480000 : 0.9474757272524047 size: 0.0
481000 : 0.9504014961088828 size: 0.0
482000 : 0.8294977785436538 size: 0.0
483000 : 0.9490659648336076 size: 0.0
484000 : 0.850927074815136 size: 0.0
485000 : 0.9088554751573032 size: 0.0
486000 : 0.9727980228088174 size: 0.0
487000 : 0.874395655369224 size: 0.0
488000 : 0.8412168483560964 size: 0.0
489000 : 0.8594062494592997 size: 0.0
490000 : 0.9566527215024442 size: 0.0
491000 : 0.8922241508795916 size: 0.0
492000 : 0.9852116445567696 size: 0.0
493000 : 0.9089924593387155 size: 0.0
494000 : 0.9794881479273807 size: 0.0
495000 : 0.8795643359669294 size: 0.0
496000 : 0.9479019002612428 size: 0.0
497000 : 0.9194776396225429 size: 0.0
498000 : 0.968967625208801 size: 0.0
499000 : 0.9644583260945037 size: 0.0
500000 : 0.9531711907097029 size: 0.0
501000 : 0.8709483491240044 size: 0.0
502000 : 0.8775971984063606 size: 0.0
503000 : 0.9572649797395157 size: 0.0
504000 : 0.8846127147003563 size: 0.0
505000 : 0.9345985262690519 size: 0.0
506000 : 0.9325804818438277 size: 0.0
507000 : 0.9607888182643692 size: 0.0
508000 : 0.9540709179476917 size: 0.0
509000 : 0.9657827644887981 size: 0.0
510000 : 0.9717159079695887 size: 0.0
511000 : 0.935792515822667 size: 0.0
512000 : 0.8913668173650405 size: 0.0
513000 : 0.9741506663578535 size: 0.0
514000 : 0.9502540209857679 size: 0.0
515000 : 0.9124263509371677 size: 0.0
516000 : 0.9563385951906432 size: 0.0
517000 : 0.9268059063671327 size: 0.0
518000 : 0.8839443901191034 size: 0.0
519000 : 0.8684803120927977 size: 0.0
520000 : 0.9081308262578928 size: 0.0
521000 : 0.8960125847127975 size: 0.0
522000 : 0.9482626338714275 size: 0.0
523000 : 0.8732589360383463 size: 0.0
524000 : 0.870127819896738 size: 0.0
525000 : 0.9497126196008518 size: 0.0
526000 : 0.9315184889747499 size: 0.0
527000 : 0.8572760723457129 size: 0.0
528000 : 0.9288247247142857 size: 0.0
529000 : 0.7929086415552421 size: 0.0
530000 : 0.8548004680778681 size: 0.0
531000 : 0.8974447702378576 size: 0.0
532000 : 0.8292512414136419 size: 0.0
533000 : 0.8307798232145106 size: 0.0
534000 : 0.9289983412003318 size: 0.0
535000 : 0.8823780581263704 size: 0.0
536000 : 0.8661203661576583 size: 0.0
537000 : 0.8073291288561123 size: 0.0
538000 : 0.8179459618591752 size: 0.0
539000 : 0.851785182251616 size: 0.0
540000 : 0.8638084893734349 size: 0.0
541000 : 0.9752171307758538 size: 0.0
542000 : 0.8886829421070009 size: 0.0
543000 : 0.837527390538462 size: 0.0
544000 : 0.9166351103690824 size: 0.0
545000 : 0.9576939044707676 size: 0.0
546000 : 1.0085654266914066 size: 0.0
547000 : 1.0265231671638977 size: 0.0
548000 : 0.984249573607843 size: 0.0
549000 : 0.9832986815312226 size: 0.0
550000 : 0.9840529114465815 size: 0.0
551000 : 0.9935657878137559 size: 0.0
552000 : 0.9617107312643194 size: 0.0
553000 : 0.9986599999236377 size: 0.0
554000 : 1.001038262011094 size: 0.0
555000 : 0.9839441324199107 size: 0.0
556000 : 0.984811870884839 size: 0.0
557000 : 0.9604686725597882 size: 0.0
558000 : 0.9459763825021827 size: 0.0
559000 : 0.9256347905060823 size: 0.0
560000 : 0.9237228593764405 size: 0.0
561000 : 0.9263130040897598 size: 0.0
562000 : 0.8770112535148711 size: 0.0
563000 : 0.9024911711707996 size: 0.0
564000 : 0.94692263104723 size: 0.0
565000 : 0.9429303977727516 size: 0.0
566000 : 0.9637448560673992 size: 0.0
567000 : 1.0255275595980529 size: 0.0
568000 : 1.0092991046799875 size: 0.0
569000 : 0.9651576075529118 size: 0.0
570000 : 1.0168736505806126 size: 0.0
571000 : 0.9219888442991162 size: 0.0
572000 : 0.9241915980913671 size: 0.0
573000 : 0.945393189333107 size: 0.0
574000 : 0.9280169222031831 size: 0.0
575000 : 0.9675666545348726 size: 0.0
576000 : 0.989982873248331 size: 0.0
577000 : 0.920633363036341 size: 0.0
578000 : 0.9279388420796914 size: 0.0
579000 : 0.8934602761826681 size: 0.0
580000 : 0.9136848339848563 size: 0.0
581000 : 0.9843910293381777 size: 0.0
582000 : 0.946419151836829 size: 0.0
583000 : 0.9772040463412718 size: 0.0
584000 : 0.9454806425110707 size: 0.0
585000 : 0.9582935219830008 size: 0.0
586000 : 0.9243573033754734 size: 0.0
587000 : 1.0034404296870203 size: 0.0
588000 : 0.9567190208143518 size: 0.0
589000 : 1.0177789672547546 size: 0.0
590000 : 0.9930720256231288 size: 0.0
591000 : 1.0023918514647099 size: 0.0
592000 : 1.0239526284727767 size: 0.0
593000 : 0.9643907369127145 size: 0.0
594000 : 1.0099142866221236 size: 0.0
595000 : 0.9654209989827082 size: 0.0
596000 : 0.9562087482892418 size: 0.0
597000 : 1.0311662687805663 size: 0.0
598000 : 0.9639086695423461 size: 0.0
599000 : 0.967505944659118 size: 0.0
600000 : 1.0589468843484122 size: 0.0
601000 : 1.0130857326953593 size: 0.0
602000 : 1.0508121909539268 size: 0.0
603000 : 1.005611624662838 size: 0.0
604000 : 1.0183728233481837 size: 0.0
605000 : 0.9501313113643773 size: 0.0
606000 : 0.9771341353936961 size: 0.0
607000 : 0.9419547401944068 size: 0.0
608000 : 0.8927090559636993 size: 0.0
609000 : 0.9725814106600558 size: 0.0
610000 : 0.9334764254634975 size: 0.0
611000 : 0.9791594030902565 size: 0.0
612000 : 0.9306958099643476 size: 0.0
613000 : 0.9258883789247795 size: 0.0
614000 : 0.92407258609697 size: 0.0
615000 : 0.9307095685764166 size: 0.0
616000 : 0.9650537300317906 size: 0.0
617000 : 0.9426263324460261 size: 0.0
618000 : 0.9703961131068675 size: 0.0
619000 : 0.952731689045423 size: 0.0
620000 : 0.915474743423711 size: 0.0
621000 : 0.9708537589408135 size: 0.0
622000 : 0.9616526011283277 size: 0.0
623000 : 0.9276623799684294 size: 0.0
624000 : 0.9377625770883005 size: 0.0
625000 : 0.8786831828552338 size: 0.0
626000 : 0.8992714839639969 size: 0.0
627000 : 0.9190438993770669 size: 0.0
628000 : 0.9046615062333628 size: 0.0
629000 : 0.9099448992591938 size: 0.0
630000 : 0.9377889764252079 size: 0.0
631000 : 0.8697160934305724 size: 0.0
632000 : 0.8959732866770754 size: 0.0
633000 : 0.8406226482973654 size: 0.0
634000 : 0.8564809105594487 size: 0.0
635000 : 0.8655115475736039 size: 0.0
636000 : 0.8686213378665052 size: 0.0
637000 : 0.8580472425521817 size: 0.0
638000 : 0.8915063812862157 size: 0.0
639000 : 0.8743592810385665 size: 0.0
640000 : 0.8335239783916776 size: 0.0
641000 : 0.8816539251749126 size: 0.0
642000 : 0.8981635717271388 size: 0.0
643000 : 0.928373700212398 size: 0.0
644000 : 1.0116659299211614 size: 0.0
645000 : 0.9475472720351636 size: 0.0
646000 : 0.8674178032757672 size: 0.0
647000 : 0.931483232531323 size: 0.0
648000 : 0.9792459103636405 size: 0.0
649000 : 0.9993196393810221 size: 0.0
650000 : 0.9305835912846596 size: 0.0
651000 : 0.8784229731044784 size: 0.0
652000 : 0.8681988624846607 size: 0.0
653000 : 0.9035977075464509 size: 0.0
654000 : 0.8319936767643002 size: 0.0
655000 : 0.8814286279022823 size: 0.0
656000 : 0.8197387090117692 size: 0.0
657000 : 0.8631220206225161 size: 0.0
658000 : 0.8743686540930385 size: 0.0
659000 : 0.8788506079658488 size: 0.0
660000 : 0.8623172278078035 size: 0.0
661000 : 0.9086215787521298 size: 0.0
662000 : 0.824118333207316 size: 0.0
663000 : 0.8617275852893204 size: 0.0
664000 : 0.900032335211414 size: 0.0
665000 : 0.866316254396991 size: 0.0
666000 : 0.8621976998654539 size: 0.0
667000 : 0.9121086129896987 size: 0.0
668000 : 0.8721154233927595 size: 0.0
669000 : 0.9261113544316232 size: 0.0
670000 : 0.8198156712480302 size: 0.0
671000 : 0.8809688322852006 size: 0.0
672000 : 0.875462463752526 size: 0.0
673000 : 0.921990392142974 size: 0.0
674000 : 0.8064766968471108 size: 0.0
675000 : 0.8862851599886717 size: 0.0
676000 : 0.8143049171577587 size: 0.0
677000 : 0.8400497740873414 size: 0.0
678000 : 0.9080544659609098 size: 0.0
679000 : 0.769526138317911 size: 0.0
680000 : 0.8027302267807154 size: 0.0
681000 : 0.8500736109102294 size: 0.0
682000 : 0.8169084765178453 size: 0.0
683000 : 0.8002924586960605 size: 0.0
684000 : 0.8132384527397584 size: 0.0
685000 : 0.7952599883578384 size: 0.0
686000 : 0.8587223604481437 size: 0.0
687000 : 0.8277933444822779 size: 0.0
688000 : 0.8137053856368509 size: 0.0
689000 : 0.7883077616793602 size: 0.0
690000 : 0.8702746930805748 size: 0.0
691000 : 0.8509623312585629 size: 0.0
692000 : 0.8674510819187092 size: 0.0
693000 : 0.8633384607886269 size: 0.0
694000 : 0.8017770129383083 size: 0.0
695000 : 0.8914871192293191 size: 0.0
696000 : 0.867497259260466 size: 0.0
697000 : 0.9073932786596677 size: 0.0
698000 : 0.9084520898497045 size: 0.0
699000 : 0.9392534086973047 size: 0.0
700000 : 0.8918593756771116 size: 0.0
701000 : 0.8775310710771039 size: 0.0
702000 : 0.7972580827955625 size: 0.0
703000 : 0.8996856181872745 size: 0.0
704000 : 0.8663320768008703 size: 0.0
705000 : 0.9305382738561573 size: 0.0
706000 : 0.8896833651870699 size: 0.0
707000 : 0.9140116870128211 size: 0.0
708000 : 0.9395754462110453 size: 0.0
709000 : 0.9062188951282509 size: 0.0
710000 : 0.9085108219249742 size: 0.0
711000 : 0.8460658132058478 size: 0.0
712000 : 0.9097017157908737 size: 0.0
713000 : 0.8334860562171623 size: 0.0
714000 : 0.8636210282839945 size: 0.0
715000 : 0.850416372333399 size: 0.0
716000 : 0.8839789586319269 size: 0.0
717000 : 0.9148277446911651 size: 0.0
718000 : 0.8774754346895498 size: 0.0
719000 : 0.9365255918719697 size: 0.0
720000 : 0.8924148796393985 size: 0.0
721000 : 0.9038279063246307 size: 0.0
722000 : 0.9087125575744363 size: 0.0
723000 : 0.8436854873265811 size: 0.0
724000 : 0.8359988087375934 size: 0.0
725000 : 0.8603145758298315 size: 0.0
726000 : 0.8834953434177006 size: 0.0
727000 : 0.9277345266904663 size: 0.0
728000 : 0.8901365394720935 size: 0.0
729000 : 0.9177565232440333 size: 0.0
730000 : 0.8893056912857752 size: 0.0
731000 : 0.9275116371749481 size: 0.0
732000 : 0.9461317688272373 size: 0.0
733000 : 0.9347375742422744 size: 0.0
734000 : 0.9162294892870225 size: 0.0
735000 : 0.9524324392329218 size: 0.0
736000 : 0.9239737820640493 size: 0.0
737000 : 0.9618548527257424 size: 0.0
738000 : 0.9185017240702219 size: 0.0
739000 : 0.9983817319945417 size: 0.0
740000 : 0.9509142623824303 size: 0.0
741000 : 0.9151730858540976 size: 0.0
742000 : 0.9936693213695753 size: 0.0
743000 : 0.9611888499102762 size: 0.0
744000 : 0.9597760984247636 size: 0.0
745000 : 0.8840637460788022 size: 0.0
746000 : 0.9938860195096625 size: 0.0
747000 : 0.9744767454638894 size: 0.0
748000 : 0.9056885866243155 size: 0.0
749000 : 0.9510161621030665 size: 0.0
750000 : 1.006520552972648 size: 0.0
751000 : 1.0148758141168648 size: 0.0
752000 : 0.9479527211345727 size: 0.0
753000 : 0.9606727299750369 size: 0.0
754000 : 0.9470453406686206 size: 0.0
755000 : 0.919240475547003 size: 0.0
756000 : 1.0357202833840882 size: 0.0
757000 : 0.9264727759724114 size: 0.0
758000 : 0.9731657217163622 size: 0.0
759000 : 0.9898952480877165 size: 0.0
760000 : 1.0671449533497406 size: 0.0
761000 : 0.9976417766392045 size: 0.0
762000 : 0.9936931409667199 size: 0.0
763000 : 0.997623546478213 size: 0.0
764000 : 0.9426728537530845 size: 0.0
765000 : 0.985110862723364 size: 0.0
766000 : 0.9030444393586252 size: 0.0
767000 : 0.962935333729788 size: 0.0
768000 : 0.954224068498285 size: 0.0
769000 : 0.9174227049187086 size: 0.0
770000 : 0.8939970340360109 size: 0.0
771000 : 0.8882320035964387 size: 0.0
772000 : 0.9271735192833519 size: 0.0
773000 : 0.9248477119044087 size: 0.0
774000 : 0.9056042291340672 size: 0.0
775000 : 0.9648642051505398 size: 0.0
776000 : 0.9536626311345434 size: 0.0
777000 : 0.9690349564166139 size: 0.0
778000 : 0.9385964349710088 size: 0.0
779000 : 0.9632198790256405 size: 0.0
780000 : 1.0145300429973052 size: 0.0
781000 : 0.9829069910438826 size: 0.0
782000 : 0.9708383664935613 size: 0.0
783000 : 0.9742918641142119 size: 0.0
784000 : 0.9455030862470083 size: 0.0
785000 : 0.9915201401730682 size: 0.0
786000 : 0.9330463828450151 size: 0.0
787000 : 0.919986536286446 size: 0.0
788000 : 0.9319996104405386 size: 0.0
789000 : 0.981341948921031 size: 0.0
790000 : 0.9853471668856495 size: 0.0
791000 : 0.9568345931557316 size: 0.0
792000 : 0.9974868202707772 size: 0.0
793000 : 1.0951294543501842 size: 0.0
794000 : 0.9572236179119833 size: 0.0
795000 : 0.9870887491996118 size: 0.0
796000 : 0.9947620131418322 size: 0.0
797000 : 0.9558823252179042 size: 0.0
798000 : 0.9540878582388017 size: 0.0
799000 : 0.9942667890986727 size: 0.0
800000 : 0.995782128235425 size: 0.0
801000 : 0.9388946528876049 size: 0.0
802000 : 0.9351748401320932 size: 0.0
803000 : 0.9548049399015741 size: 0.0
804000 : 0.9344671315237927 size: 0.0
805000 : 0.9372326985409921 size: 0.0
806000 : 0.9925278725157989 size: 0.0
807000 : 0.9435362926517412 size: 0.0
808000 : 1.0042047205874547 size: 0.0
809000 : 0.868845947208532 size: 0.0
810000 : 0.9806398297488835 size: 0.0
811000 : 0.88645722863086 size: 0.0
812000 : 0.9294371549340081 size: 0.0
813000 : 0.9366274056012804 size: 0.0
814000 : 0.9740769717919587 size: 0.0
815000 : 0.9608266544475591 size: 0.0
816000 : 0.9422532160849793 size: 0.0
817000 : 0.9391711149988669 size: 0.0
818000 : 0.9005736506050047 size: 0.0
819000 : 0.9801076294357886 size: 0.0
820000 : 0.9675884103402067 size: 0.0
821000 : 0.9518632626498913 size: 0.0
822000 : 0.9465267269849438 size: 0.0
823000 : 0.9480093034267065 size: 0.0
824000 : 0.914445599240948 size: 0.0
825000 : 0.918796760307777 size: 0.0
826000 : 0.8701761470216305 size: 0.0
827000 : 0.96616086834672 size: 0.0
828000 : 0.914305261397844 size: 0.0
829000 : 0.9162423879858372 size: 0.0
830000 : 0.9659333352996284 size: 0.0
831000 : 0.9528589562070615 size: 0.0
832000 : 0.9403317399182145 size: 0.0
833000 : 0.9180834622633236 size: 0.0
834000 : 0.9218283844858612 size: 0.0
835000 : 0.9183632780362774 size: 0.0
836000 : 1.0018008330850199 size: 0.0
837000 : 0.8881472161495634 size: 0.0
838000 : 0.8924640666775453 size: 0.0
839000 : 0.8768486439184803 size: 0.0
840000 : 0.9262258088857723 size: 0.0
841000 : 0.8767153573640616 size: 0.0
842000 : 0.9689393340627341 size: 0.0
843000 : 0.9771691338631466 size: 0.0
844000 : 0.9785568618729586 size: 0.0
845000 : 0.9686227140024957 size: 0.0
846000 : 0.94050028291606 size: 0.0
847000 : 1.0334256908562764 size: 0.0
848000 : 0.9674625190397752 size: 0.0
849000 : 0.9586213209155453 size: 0.0
850000 : 0.9534535002310942 size: 0.0
851000 : 0.9323968043727062 size: 0.0
852000 : 0.9293997487074455 size: 0.0
853000 : 0.9241010492256878 size: 0.0
854000 : 0.9439662492788983 size: 0.0
855000 : 0.8702887096666202 size: 0.0
856000 : 0.9136779546788218 size: 0.0
857000 : 0.9123529143452493 size: 0.0
858000 : 0.9367110751609252 size: 0.0
859000 : 0.8978008603164691 size: 0.0
860000 : 0.9420015194754415 size: 0.0
861000 : 0.9195309542443104 size: 0.0
862000 : 0.9462729665835956 size: 0.0
863000 : 0.9510652631498878 size: 0.0
864000 : 0.9323759944719519 size: 0.0
865000 : 0.9380181433074826 size: 0.0
866000 : 0.9248081558947102 size: 0.0
867000 : 0.9250569287991833 size: 0.0
868000 : 0.850243787743258 size: 0.0
869000 : 0.9696178056203879 size: 0.0
870000 : 0.9702055563297115 size: 0.0
871000 : 0.9665554825391247 size: 0.0
872000 : 0.9412603602415482 size: 0.0
873000 : 0.9433235501126239 size: 0.0
874000 : 0.9619921808724564 size: 0.0
875000 : 1.0011860810995108 size: 0.0
876000 : 0.9291340355118625 size: 0.0
877000 : 0.9215600915505152 size: 0.0
878000 : 0.9320440679557866 size: 0.0
879000 : 0.9509491748605554 size: 0.0
880000 : 0.9570117352861203 size: 0.0
881000 : 0.9437142946953843 size: 0.0
882000 : 1.0089565152394686 size: 0.0
883000 : 0.9530623256917068 size: 0.0
884000 : 0.9632884141120094 size: 0.0
885000 : 0.9491826550622181 size: 0.0
886000 : 0.9064555432558382 size: 0.0
887000 : 0.936019360939155 size: 0.0
888000 : 0.9236073730263861 size: 0.0
889000 : 0.9641387823292005 size: 0.0
890000 : 0.9238088507018719 size: 0.0
891000 : 0.9375100205655084 size: 0.0
892000 : 0.8728579584878596 size: 0.0
893000 : 0.9174086023413379 size: 0.0
894000 : 0.9251943429372227 size: 0.0
895000 : 0.9414339767275942 size: 0.0
896000 : 0.9800512191263056 size: 0.0
897000 : 0.8802925105106826 size: 0.0
898000 : 0.9314871881322928 size: 0.0
899000 : 1.0027004743316832 size: 0.0
900000 : 0.9993369236374338 size: 0.0
901000 : 0.9325911447681812 size: 0.0
902000 : 0.8911017061087355 size: 0.0
903000 : 0.9268040145579731 size: 0.0
904000 : 0.9325886510197436 size: 0.0
905000 : 0.914692566327587 size: 0.0
906000 : 0.9894285731646002 size: 0.0
907000 : 0.9142435196261842 size: 0.0
908000 : 0.9894525647443956 size: 0.0
909000 : 0.887094682326283 size: 0.0
910000 : 0.9980705293878055 size: 0.0
911000 : 0.9445472926648383 size: 0.0
912000 : 0.9551299011203794 size: 0.0
913000 : 0.9693231993394599 size: 0.0
914000 : 1.0226314577488487 size: 0.0
915000 : 1.035341147630261 size: 0.0
916000 : 0.9641660415793623 size: 0.0
917000 : 0.9120107548613577 size: 0.0
918000 : 0.9785576357948875 size: 0.0
919000 : 0.9639340369833483 size: 0.0
920000 : 0.8561259383680678 size: 0.0
921000 : 0.8729556446335497 size: 0.0
922000 : 0.9410509713641227 size: 0.0
923000 : 0.9156461241352958 size: 0.0
924000 : 0.9018552653192343 size: 0.0
925000 : 0.9055555580438731 size: 0.0
926000 : 0.9553812537646155 size: 0.0
927000 : 0.8911984463498459 size: 0.0
928000 : 0.8618729966206249 size: 0.0
929000 : 0.903957925208683 size: 0.0
930000 : 0.9061591311570761 size: 0.0
931000 : 0.8956735209166216 size: 0.0
932000 : 0.9720108582158185 size: 0.0
933000 : 0.8965476227396318 size: 0.0
934000 : 0.874202518852305 size: 0.0
935000 : 0.8967098883707209 size: 0.0
936000 : 0.9002405202102834 size: 0.0
937000 : 0.837220229524021 size: 0.0
938000 : 0.9122835193456262 size: 0.0
939000 : 0.826871861438955 size: 0.0
940000 : 0.9098314767009497 size: 0.0
941000 : 0.8689653031682308 size: 0.0
942000 : 0.9505856895279569 size: 0.0
943000 : 0.8653817866635279 size: 0.0
944000 : 0.8773313132281267 size: 0.0
945000 : 0.9337610567506754 size: 0.0
946000 : 0.8910073736247373 size: 0.0
947000 : 0.9476023924747652 size: 0.0
948000 : 0.9314796208956548 size: 0.0
949000 : 0.8959675252582715 size: 0.0
950000 : 0.9358554614728828 size: 0.0
951000 : 0.8553095367244221 size: 0.0
952000 : 0.8107603547234762 size: 0.0
953000 : 0.8180036620385397 size: 0.0
954000 : 0.814455487968589 size: 0.0
955000 : 0.9074553643966291 size: 0.0
956000 : 0.8047385541861658 size: 0.0
957000 : 0.8642634694762925 size: 0.0
958000 : 0.8041495995982861 size: 0.0
959000 : 0.85641839486586 size: 0.0
960000 : 0.8572925826801957 size: 0.0
961000 : 0.8735619694691665 size: 0.0
962000 : 0.8659221561525389 size: 0.0
963000 : 0.8391046434295248 size: 0.0
964000 : 0.9147173318293113 size: 0.0
965000 : 0.8487993054586613 size: 0.0
966000 : 0.9206499593621492 size: 0.0
967000 : 0.9900000715134173 size: 0.0
968000 : 0.8989691384637801 size: 0.0
969000 : 0.887269502690885 size: 0.0
970000 : 0.7968163453568214 size: 0.0
971000 : 0.8477312072054779 size: 0.0
972000 : 0.8961606617751905 size: 0.0
973000 : 0.905022927774151 size: 0.0
974000 : 0.8804606235519009 size: 0.0
975000 : 0.8653154013602948 size: 0.0
976000 : 0.8074389397786882 size: 0.0
977000 : 0.9070810441570263 size: 0.0
978000 : 0.927689209261964 size: 0.0
979000 : 0.8834191551033684 size: 0.0
980000 : 0.8947518658906478 size: 0.0
981000 : 0.8870740444081794 size: 0.0
982000 : 0.8461040793456649 size: 0.0
983000 : 0.8612936730611935 size: 0.0
984000 : 0.8680036621759314 size: 0.0
985000 : 0.8408185365366981 size: 0.0
986000 : 0.8412175362866998 size: 0.0
987000 : 0.8366588781516048 size: 0.0
988000 : 0.8945180554767997 size: 0.0
989000 : 0.8734780419355455 size: 0.0
990000 : 0.9076525425058434 size: 0.0
991000 : 0.9302981860755528 size: 0.0
992000 : 0.9007297248606627 size: 0.0
993000 : 0.8162428176676808 size: 0.0
994000 : 0.8441956738603656 size: 0.0
995000 : 0.8841494794302573 size: 0.0
996000 : 0.9047585044484494 size: 0.0
997000 : 0.9017046085170786 size: 0.0
998000 : 0.8797299552597103 size: 0.0
999000 : 0.9557914323869232 size: 0.0
1000000 : 0.9580650430313296 size: 0.0
1001000 : 0.9230531589339807 size: 0.0
1002000 : 0.9320763147028234 size: 0.0
1003000 : 0.9302677451463501 size: 0.0
1004000 : 0.9746427947132974 size: 0.0
1005000 : 0.8965963798211514 size: 0.0
1006000 : 0.912412850299075 size: 0.0
1007000 : 0.8605895760885612 size: 0.0
1008000 : 0.9362263420594684 size: 0.0
1009000 : 0.916418756194297 size: 0.0
1010000 : 0.8955007643438299 size: 0.0
1011000 : 0.9374129363590964 size: 0.0
1012000 : 0.9169455390538898 size: 0.0
1013000 : 0.858599650826753 size: 0.0
1014000 : 0.9049175884004975 size: 0.0
1015000 : 0.9835735098073013 size: 0.0
1016000 : 0.9192419373995354 size: 0.0
1017000 : 0.8664489390121316 size: 0.0
1018000 : 0.8518511375982218 size: 0.0
1019000 : 0.8652491020483872 size: 0.0
1020000 : 0.9086725716081107 size: 0.0
1021000 : 0.9103825951056396 size: 0.0
1022000 : 0.8788901639755472 size: 0.0
1023000 : 0.8400127978174059 size: 0.0
1024000 : 0.9157804425856196 size: 0.0
1025000 : 0.874111798003975 size: 0.0
1026000 : 0.9220916899243322 size: 0.0
1027000 : 0.9128222549994539 size: 0.0
1028000 : 0.8626736618517167 size: 0.0
1029000 : 0.8604617069876447 size: 0.0
1030000 : 0.8683209701667733 size: 0.0
1031000 : 0.8737536441335532 size: 0.0
1032000 : 0.9236632673879165 size: 0.0
1033000 : 0.8923140978059929 size: 0.0
1034000 : 0.8409649797639078 size: 0.0
1035000 : 0.8604228389085496 size: 0.0
1036000 : 0.9116374665176601 size: 0.0
1037000 : 0.8834034186908145 size: 0.0
1038000 : 0.8062624064641357 size: 0.0
1039000 : 0.8348398176534289 size: 0.0
1040000 : 0.8444753176506686 size: 0.0
1041000 : 0.8856139117023542 size: 0.0
1042000 : 0.9259832273567303 size: 0.0
1043000 : 0.838547161666753 size: 0.0
1044000 : 0.8531227773187015 size: 0.0
1045000 : 0.8868032577243959 size: 0.0
1046000 : 0.8337788566802562 size: 0.0
1047000 : 0.8735973978952443 size: 0.0
1048000 : 0.9112741531677123 size: 0.0
1049000 : 0.9284725902366441 size: 0.0
1050000 : 0.8825644873199057 size: 0.0
1051000 : 0.8693646468835343 size: 0.0
1052000 : 0.8544454098951619 size: 0.0
1053000 : 0.9100351041595712 size: 0.0
1054000 : 0.8715099584703969 size: 0.0
1055000 : 0.9111469719973994 size: 0.0
1056000 : 0.831455629041076 size: 0.0
1057000 : 0.8707737007420533 size: 0.0
1058000 : 0.851261151114437 size: 0.0
1059000 : 0.8961267811929705 size: 0.0
1060000 : 0.8247223362771462 size: 0.0
1061000 : 0.8571881032197965 size: 0.0
1062000 : 0.8800432216582569 size: 0.0
1063000 : 0.8954419462772348 size: 0.0
1064000 : 0.889907028624517 size: 0.0
1065000 : 0.8373352859174482 size: 0.0
1066000 : 0.8331897301097256 size: 0.0
1067000 : 0.841037384459921 size: 0.0
1068000 : 0.7736022131346849 size: 0.0
1069000 : 0.8634857639290909 size: 0.0
1070000 : 0.8654206547426229 size: 0.0
1071000 : 0.8486913863452449 size: 0.0
1072000 : 0.8245330693698716 size: 0.0
1073000 : 0.8362545469394264 size: 0.0
1074000 : 0.8852334000873202 size: 0.0
1075000 : 0.8350143800440546 size: 0.0
1076000 : 0.9018927575371225 size: 0.0
1077000 : 0.8912117750052877 size: 0.0
1078000 : 0.8182246597448983 size: 0.0
1079000 : 0.8855820089206191 size: 0.0
1080000 : 0.8814140953682844 size: 0.0
1081000 : 0.8609034444263858 size: 0.0
1082000 : 0.8711973800024538 size: 0.0
1083000 : 0.8383395786071616 size: 0.0
1084000 : 0.868977083979815 size: 0.0
1085000 : 0.9107747155496068 size: 0.0
1086000 : 0.8849065470593555 size: 0.0
1087000 : 0.8771818603045269 size: 0.0
1088000 : 0.8816849680433932 size: 0.0
1089000 : 0.9015595411510757 size: 0.0
1090000 : 0.9245141515530603 size: 0.0
1091000 : 0.8816404245368198 size: 0.0
1092000 : 0.8647979055638487 size: 0.0
1093000 : 0.8430052959424188 size: 0.0
1094000 : 0.8451315174550357 size: 0.0
1095000 : 0.8995957572521988 size: 0.0
1096000 : 0.8198701037570283 size: 0.0
1097000 : 0.9068339910790618 size: 0.0
1098000 : 0.9044595986012499 size: 0.0
1099000 : 0.9314839204619264 size: 0.0
1100000 : 0.8165087028459147 size: 0.0
1101000 : 0.8753769883750472 size: 0.0
1102000 : 0.8172345556238811 size: 0.0
1103000 : 0.8805850529998002 size: 0.0
1104000 : 0.8814889938127352 size: 0.0
1105000 : 0.8621563380379214 size: 0.0
1106000 : 0.8827843671390339 size: 0.0
1107000 : 0.837084879177792 size: 0.0
1108000 : 0.8827401675977621 size: 0.0
1109000 : 0.8478781663806402 size: 0.0
1110000 : 0.8410029019384231 size: 0.0
1111000 : 0.9041732474875633 size: 0.0
1112000 : 0.9241533319515501 size: 0.0
1113000 : 0.8866385843361948 size: 0.0
1114000 : 0.8508743621326466 size: 0.0
1115000 : 0.8857240665902318 size: 0.0
1116000 : 0.8241731096816157 size: 0.0
1117000 : 0.8940357301324551 size: 0.0
1118000 : 0.8793185727588465 size: 0.0
1119000 : 0.827983127337505 size: 0.0
1120000 : 0.8728195203653918 size: 0.0
1121000 : 0.8735867349708908 size: 0.0
1122000 : 0.8506695307954689 size: 0.0
1123000 : 0.8319381263680716 size: 0.0
1124000 : 0.8842168966293956 size: 0.0
1125000 : 0.8348464389854872 size: 0.0
1126000 : 0.7948050942463063 size: 0.0
1127000 : 0.8914706088948362 size: 0.0
1128000 : 0.8071029716702277 size: 0.0
1129000 : 0.8225778846035378 size: 0.0
1130000 : 0.776479740857596 size: 0.0
1131000 : 0.8757019495938525 size: 0.0
1132000 : 0.85260820522732 size: 0.0
1133000 : 0.8178967748210284 size: 0.0
1134000 : 0.8237265567286505 size: 0.0
1135000 : 0.805603884893982 size: 0.0
1136000 : 0.8385623821313544 size: 0.0
1137000 : 0.8230025097685181 size: 0.0
1138000 : 0.8188029514084246 size: 0.0
1139000 : 0.8186059452818613 size: 0.0
1140000 : 0.7500490171163724 size: 0.0
1141000 : 0.7956532266890363 size: 0.0
1142000 : 0.761059862372562 size: 0.0
1143000 : 0.8213314403414096 size: 0.0
1144000 : 0.803456509515309 size: 0.0
1145000 : 0.8070385641674795 size: 0.0
1146000 : 0.8183083293045431 size: 0.0
1147000 : 0.74842997244115 size: 0.0
1148000 : 0.8500669895781711 size: 0.0
1149000 : 0.771942408571208 size: 0.0
1150000 : 0.8542600985888572 size: 0.0
1151000 : 0.8199425084530415 size: 0.0
1152000 : 0.8085361030998675 size: 0.0
1153000 : 0.830062913534389 size: 0.0
1154000 : 0.840522296420587 size: 0.0
1155000 : 0.808803106165332 size: 0.0
1156000 : 0.8839032002742218 size: 0.0
1157000 : 0.8061123516012579 size: 0.0
1158000 : 0.8820166365855823 size: 0.0
1159000 : 0.8034546177061496 size: 0.0
1160000 : 0.8912934667644475 size: 0.0
1161000 : 0.8792948391530274 size: 0.0
1162000 : 0.8562432305359563 size: 0.0
1163000 : 0.8166097426532966 size: 0.0
1164000 : 0.8671277545350872 size: 0.0
1165000 : 0.85314539303729 size: 0.0
1166000 : 0.9149943958798512 size: 0.0
1167000 : 0.8594347125880174 size: 0.0
1168000 : 0.7970898837630187 size: 0.0
1169000 : 0.8320249776067573 size: 0.0
1170000 : 0.8214340279926493 size: 0.0
1171000 : 0.8481043235665248 size: 0.0
1172000 : 0.8996331634787614 size: 0.0
1173000 : 0.7909973983562038 size: 0.0
1174000 : 0.7601712280155539 size: 0.0
1175000 : 0.7820704668805187 size: 0.0
1176000 : 0.7898608510079769 size: 0.0
1177000 : 0.8265621206847511 size: 0.0
1178000 : 0.8498929431354979 size: 0.0
1179000 : 0.824727495756672 size: 0.0
1180000 : 0.8066445519143529 size: 0.0
1181000 : 0.7972775168351101 size: 0.0
1182000 : 0.762799208912063 size: 0.0
1183000 : 0.766537423811217 size: 0.0
1184000 : 0.8074758300572983 size: 0.0
1185000 : 0.8070301370175873 size: 0.0
1186000 : 0.764566846597631 size: 0.0
1187000 : 0.7910567323707514 size: 0.0
1188000 : 0.7929158648265783 size: 0.0
1189000 : 0.7139668419870416 size: 0.0
1190000 : 0.7666638310596012 size: 0.0
1191000 : 0.757526564801911 size: 0.0
1192000 : 0.8186746523508809 size: 0.0
1193000 : 0.8099215953352182 size: 0.0
1194000 : 0.7819290971415095 size: 0.0
1195000 : 0.7884684794665915 size: 0.0
1196000 : 0.7761963134489741 size: 0.0
1197000 : 0.8525427658286666 size: 0.0
1198000 : 0.7946098079462516 size: 0.0
1199000 : 0.7584251741526692 size: 0.0
1200000 : 0.7984670348398026 size: 0.0
1201000 : 0.7932687732261489 size: 0.0
1202000 : 0.802292014986317 size: 0.0
1203000 : 0.7886550806427777 size: 0.0
1204000 : 0.8025645214966091 size: 0.0
1205000 : 0.8008273247402439 size: 0.0
1206000 : 0.8479258915662545 size: 0.0
1207000 : 0.86714426486957 size: 0.0
1208000 : 0.8019177807380394 size: 0.0
1209000 : 0.7778560320211256 size: 0.0
1210000 : 0.8084925054978738 size: 0.0
1211000 : 0.8389640476124445 size: 0.0
1212000 : 0.830527352683044 size: 0.0
1213000 : 0.8761393014749966 size: 0.0
1214000 : 0.8587985487624759 size: 0.0
1215000 : 0.8099254649448627 size: 0.0
1216000 : 0.8276395060010812 size: 0.0
1217000 : 0.8196627786714132 size: 0.0
1218000 : 0.8333747834420541 size: 0.0
1219000 : 0.845913952525136 size: 0.0
1220000 : 0.8482540344641009 size: 0.0
1221000 : 0.8360393106518715 size: 0.0
1222000 : 0.8200903275414582 size: 0.0
1223000 : 0.8315362889043306 size: 0.0
1224000 : 0.7963861307556881 size: 0.0
1225000 : 0.7882670877824312 size: 0.0
1226000 : 0.7816279555198488 size: 0.0
1227000 : 0.7921873463175235 size: 0.0
1228000 : 0.7619910624356587 size: 0.0
1229000 : 0.8154197087006514 size: 0.0
1230000 : 0.7993179190049464 size: 0.0
1231000 : 0.7968844504865631 size: 0.0
1232000 : 0.8012711259707953 size: 0.0
1233000 : 0.802805899147095 size: 0.0
1234000 : 0.7641157361044179 size: 0.0
1235000 : 0.8560665183621947 size: 0.0
1236000 : 0.7585827962521849 size: 0.0
1237000 : 0.7871154059609283 size: 0.0
1238000 : 0.7167697722351409 size: 0.0
1239000 : 0.7644451688721455 size: 0.0
1240000 : 0.6992445681295698 size: 0.0
1241000 : 0.76991464712621 size: 0.0
1242000 : 0.8495937793143221 size: 0.0
1243000 : 0.8896868908314126 size: 0.0
1244000 : 0.819200317323243 size: 0.0
1245000 : 0.8300650633175247 size: 0.0
1246000 : 0.8319311610707116 size: 0.0
1247000 : 0.8031335260969886 size: 0.0
1248000 : 0.851455491509912 size: 0.0
1249000 : 0.7830171453821931 size: 0.0
1250000 : 0.882005027756649 size: 0.0
1251000 : 0.8851672727580634 size: 0.0
1252000 : 0.8265950553623913 size: 0.0
1253000 : 0.8543410164260882 size: 0.0
1254000 : 0.8135349508298458 size: 0.0
1255000 : 0.811214990861032 size: 0.0
1256000 : 0.7826715462452842 size: 0.0
1257000 : 0.8180324691325592 size: 0.0
1258000 : 0.7935933904796524 size: 0.0
1259000 : 0.7867137404798383 size: 0.0
1260000 : 0.837783730679573 size: 0.0
1261000 : 0.8365782182883502 size: 0.0
1262000 : 0.8309328877737785 size: 0.0
1263000 : 0.8491106800480485 size: 0.0
1264000 : 0.8323272371156487 size: 0.0
1265000 : 0.8197295939312734 size: 0.0
1266000 : 0.812016086048751 size: 0.0
1267000 : 0.8277867231502197 size: 0.0
1268000 : 0.8117535545322089 size: 0.0
1269000 : 0.825385673361524 size: 0.0
1270000 : 0.8868810798739113 size: 0.0
1271000 : 0.7987842568393191 size: 0.0
1272000 : 0.8312560431747497 size: 0.0
1273000 : 0.8053790175779789 size: 0.0
1274000 : 0.8422314600048616 size: 0.0
1275000 : 0.853348934504586 size: 0.0
1276000 : 0.8688192898976483 size: 0.0
1277000 : 0.8673459145277066 size: 0.0
1278000 : 0.8284752556929489 size: 0.0
1279000 : 0.7747987824280629 size: 0.0
1280000 : 0.8671182094979643 size: 0.0
1281000 : 0.849476573137759 size: 0.0
1282000 : 0.8600154979999811 size: 0.0
1283000 : 0.8089489474532636 size: 0.0
1284000 : 0.862125553143417 size: 0.0
1285000 : 0.8948480901838055 size: 0.0
1286000 : 0.8460729504858586 size: 0.0
1287000 : 0.8342161225700749 size: 0.0
1288000 : 0.8383075898341011 size: 0.0
1289000 : 0.8636852638040917 size: 0.0
1290000 : 0.8589741430490069 size: 0.0
1291000 : 0.8633334732917519 size: 0.0
1292000 : 0.9242996031961089 size: 0.0
1293000 : 0.8442618011896225 size: 0.0
1294000 : 0.8784255528442414 size: 0.0
1295000 : 0.9356371294976125 size: 0.0
1296000 : 0.854703555854107 size: 0.0
1297000 : 0.790724977837237 size: 0.0
1298000 : 0.893090513483313 size: 0.0
1299000 : 0.8393050892091054 size: 0.0
1300000 : 0.8110853159422815 size: 0.0
1301000 : 0.8514351115657848 size: 0.0
1302000 : 0.8853881844730968 size: 0.0
1303000 : 0.9344879414245472 size: 0.0
1304000 : 0.8640438476311407 size: 0.0
1305000 : 0.8789392650223685 size: 0.0
1306000 : 0.8489016351359248 size: 0.0
1307000 : 0.8982707169186263 size: 0.0
1308000 : 0.9355945637915238 size: 0.0
1309000 : 0.8310659163542209 size: 0.0
1310000 : 0.8123834409909939 size: 0.0
1311000 : 0.8996802867250978 size: 0.0
1312000 : 0.882872508247601 size: 0.0
1313000 : 0.8624111303351746 size: 0.0
1314000 : 0.8561961072896199 size: 0.0
1315000 : 0.863871692997627 size: 0.0
1316000 : 0.9100767239610801 size: 0.0
1317000 : 0.8616960264728871 size: 0.0
1318000 : 0.8957652736608569 size: 0.0
1319000 : 0.903064131372149 size: 0.0
1320000 : 0.9164298490752777 size: 0.0
1321000 : 0.8738149559485857 size: 0.0
1322000 : 0.8479748206304251 size: 0.0
1323000 : 0.8976470218352723 size: 0.0
1324000 : 0.8624920481724055 size: 0.0
1325000 : 0.8790542354244704 size: 0.0
1326000 : 0.8566588266117663 size: 0.0
1327000 : 0.9226575128456708 size: 0.0
1328000 : 0.8380395548727314 size: 0.0
1329000 : 0.8179291075593906 size: 0.0
1330000 : 0.8263476583191252 size: 0.0
1331000 : 0.7677523952482374 size: 0.0
1332000 : 0.8682936249252862 size: 0.0
1333000 : 0.8047064794217799 size: 0.0
1334000 : 0.7720711375853787 size: 0.0
1335000 : 0.7940151779308934 size: 0.0
1336000 : 0.7914894407203222 size: 0.0
1337000 : 0.818145461734176 size: 0.0
1338000 : 0.7877121857594224 size: 0.0
1339000 : 0.8183825398183905 size: 0.0
1340000 : 0.799313275473373 size: 0.0
1341000 : 0.7560494918049758 size: 0.0
1342000 : 0.7714517420682964 size: 0.0
1343000 : 0.7912890809320671 size: 0.0
1344000 : 0.7756674667975709 size: 0.0
1345000 : 0.8472456141907667 size: 0.0
1346000 : 0.7863257476194918 size: 0.0
1347000 : 0.7680733148747474 size: 0.0
1348000 : 0.8110415463576369 size: 0.0
1349000 : 0.8087911533710971 size: 0.0
1350000 : 0.7992308097922843 size: 0.0
1351000 : 0.8271245039530725 size: 0.0
1352000 : 0.811504609645085 size: 0.0
1353000 : 0.7866867392036528 size: 0.0
1354000 : 0.896480291531819 size: 0.0
1355000 : 0.8058469823709766 size: 0.0
1356000 : 0.8763242688159996 size: 0.0
1357000 : 0.8778796799104028 size: 0.0
1358000 : 0.8380644063657812 size: 0.0
1359000 : 0.8398658386422436 size: 0.0
1360000 : 0.8042954408862177 size: 0.0
1361000 : 0.8499229541080735 size: 0.0
1362000 : 0.9334415989766978 size: 0.0
1363000 : 0.8930378008008236 size: 0.0
1364000 : 0.9050594740874593 size: 0.0
1365000 : 0.8986864849770871 size: 0.0
1366000 : 0.8947795550974367 size: 0.0
1367000 : 0.8932525211404259 size: 0.0
1368000 : 0.8255360721897035 size: 0.0
1369000 : 0.8833799430589717 size: 0.0
1370000 : 0.8403763691413298 size: 0.0
1371000 : 0.8855971433938951 size: 0.0
1372000 : 0.9120456673394829 size: 0.0
1373000 : 0.8830669346344014 size: 0.0
1374000 : 0.9079278867298747 size: 0.0
1375000 : 0.8642500548295252 size: 0.0
1376000 : 0.8331415749674841 size: 0.0
1377000 : 0.8534906482088971 size: 0.0
1378000 : 0.8606244885666864 size: 0.0
1379000 : 0.9019011846870147 size: 0.0
1380000 : 0.8088089535754613 size: 0.0
1381000 : 0.8596931165209388 size: 0.0
1382000 : 0.8516497459140615 size: 0.0
1383000 : 0.8118702447608194 size: 0.0
1384000 : 0.9131391330336687 size: 0.0
1385000 : 0.8826867669846692 size: 0.0
1386000 : 0.8581193892742187 size: 0.0
1387000 : 0.918597432415427 size: 0.0
1388000 : 0.9197159215853133 size: 0.0
1389000 : 0.9009433273130343 size: 0.0
1390000 : 0.8548155165598187 size: 0.0
1391000 : 0.9093418420939433 size: 0.0
1392000 : 0.8347181399279434 size: 0.0
1393000 : 0.8390171902515611 size: 0.0
1394000 : 0.8793658679878338 size: 0.0
1395000 : 0.85764824280218 size: 0.0
1396000 : 0.8588270118911937 size: 0.0
1397000 : 0.762354289794281 size: 0.0
1398000 : 0.8434515049300824 size: 0.0
1399000 : 0.8723068400831697 size: 0.0
1400000 : 0.8038917976046428 size: 0.0
1401000 : 0.8749855558616835 size: 0.0
1402000 : 0.8139075512429401 size: 0.0
1403000 : 0.8370768819845269 size: 0.0
1404000 : 0.8485481247970762 size: 0.0
1405000 : 0.7718895239060677 size: 0.0
1406000 : 0.8608518496311269 size: 0.0
1407000 : 0.8810936056984016 size: 0.0
1408000 : 0.8462294546981438 size: 0.0
1409000 : 0.7689119882716798 size: 0.0
1410000 : 0.8127490761067283 size: 0.0
1411000 : 0.8800190580958107 size: 0.0
1412000 : 0.8582525038459865 size: 0.0
1413000 : 0.9191185398475413 size: 0.0
1414000 : 0.8572615398117149 size: 0.0
1415000 : 0.8981603900480978 size: 0.0
1416000 : 0.8313957790785758 size: 0.0
1417000 : 0.8796082775342249 size: 0.0
1418000 : 0.8524461975702072 size: 0.0
1419000 : 0.8156471557564174 size: 0.0
1420000 : 0.8836024026178627 size: 0.0
1421000 : 0.9068804263947947 size: 0.0
1422000 : 0.8683705011702219 size: 0.0
1423000 : 0.9098751602942688 size: 0.0
1424000 : 0.9212414076984664 size: 0.0
1425000 : 0.9264807731656765 size: 0.0
1426000 : 0.819569048126693 size: 0.0
1427000 : 0.8507387538124412 size: 0.0
1428000 : 0.9051225057290005 size: 0.0
1429000 : 0.8683611281157498 size: 0.0
1430000 : 0.8376685882948204 size: 0.0
1431000 : 0.8584059983618816 size: 0.0
1432000 : 0.7901110857649822 size: 0.0
1433000 : 0.811668251137381 size: 0.0
1434000 : 0.8594950784984703 size: 0.0
1435000 : 0.8521818602358311 size: 0.0
1436000 : 0.8367810718250428 size: 0.0
1437000 : 0.8679803585267395 size: 0.0
1438000 : 0.7821353903312195 size: 0.0
1439000 : 0.8077700923729245 size: 0.0
1440000 : 0.8727662057436243 size: 0.0
1441000 : 0.8421664505628355 size: 0.0
1442000 : 0.9047954807183849 size: 0.0
1443000 : 0.889075234533619 size: 0.0
1444000 : 0.9064574350649977 size: 0.0
1445000 : 0.8877090043551649 size: 0.0
1446000 : 0.8283857387231749 size: 0.0
1447000 : 0.8874037351498835 size: 0.0
1448000 : 0.8992112900361949 size: 0.0
1449000 : 0.9059959196214074 size: 0.0
1450000 : 0.8974958490851639 size: 0.0
1451000 : 0.8951643662787422 size: 0.0
1452000 : 0.8765344316153539 size: 0.0
1453000 : 1.0110612389207279 size: 0.0
1454000 : 0.896555447950246 size: 0.0
1455000 : 0.9419175919418205 size: 0.0
1456000 : 0.9239546059984781 size: 0.0
1457000 : 0.892279443301844 size: 0.0
1458000 : 0.9083716879604262 size: 0.0
1459000 : 0.8369681029578562 size: 0.0
1460000 : 0.8773292494363164 size: 0.0
1461000 : 0.9123652111047861 size: 0.0
1462000 : 0.7696313057089136 size: 0.0
1463000 : 0.9280962062052308 size: 0.0
1464000 : 0.8541630143824452 size: 0.0
1465000 : 0.8779186339808233 size: 0.0
1466000 : 0.8926105958960804 size: 0.0
1467000 : 0.8481093110633997 size: 0.0
1468000 : 0.8147136339275342 size: 0.0
1469000 : 0.8695992312193112 size: 0.0
1470000 : 0.9015022709283385 size: 0.0
1471000 : 0.9041262962238777 size: 0.0
1472000 : 0.8290888897912274 size: 0.0
1473000 : 0.8385209343124964 size: 0.0
1474000 : 0.8976834821572552 size: 0.0
1475000 : 0.904762804014721 size: 0.0
1476000 : 0.896370050652616 size: 0.0
1477000 : 0.902225543966542 size: 0.0
1478000 : 0.9532915785653069 size: 0.0
1479000 : 0.9538026250123457 size: 0.0
1480000 : 0.8641675031571111 size: 0.0
1481000 : 0.8619562362236425 size: 0.0
1482000 : 0.8571000481025548 size: 0.0
1483000 : 0.8397897363192368 size: 0.0
1484000 : 0.8549195660635907 size: 0.0
1485000 : 0.824655521017286 size: 0.0
1486000 : 0.844904758329873 size: 0.0
1487000 : 0.8714391016182415 size: 0.0
1488000 : 0.9164436076873467 size: 0.0
1489000 : 0.8717449727628009 size: 0.0
1490000 : 0.900452918784099 size: 0.0
1491000 : 0.915442840641976 size: 0.0
1492000 : 0.8425220246934942 size: 0.0
1493000 : 0.8098129882911984 size: 0.0
1494000 : 0.8620070570969725 size: 0.0
1495000 : 0.8498721332347435 size: 0.0
1496000 : 0.8063797846233496 size: 0.0
1497000 : 0.8406234222192943 size: 0.0
1498000 : 0.9855529441274068 size: 0.0
1499000 : 0.8663686231141787 size: 0.0
1500000 : 0.8986785737751474 size: 0.0
1501000 : 0.8290434003800742 size: 0.0
1502000 : 0.8226530410219648 size: 0.0
1503000 : 0.8405242742210719 size: 0.0
1504000 : 0.858511939674813 size: 0.0
1505000 : 0.8820024480168861 size: 0.0
1506000 : 0.8720422447748174 size: 0.0
1507000 : 0.9100030293951854 size: 0.0
1508000 : 0.8544915872369185 size: 0.0
1509000 : 0.9330450069838082 size: 0.0
1510000 : 0.844344438853362 size: 0.0
1511000 : 0.771499123288609 size: 0.0
1512000 : 0.8349800695052075 size: 0.0
1513000 : 0.7956263114041762 size: 0.0
1514000 : 0.8317654557866053 size: 0.0
1515000 : 0.8279674769162765 size: 0.0
1516000 : 0.8029740981796388 size: 0.0
1517000 : 0.8513160995713877 size: 0.0
1518000 : 0.8389073793289852 size: 0.0
1519000 : 0.8674090321605733 size: 0.0
1520000 : 0.8559940276748561 size: 0.0
1521000 : 0.9421398795180607 size: 0.0
1522000 : 0.9060191372792739 size: 0.0
1523000 : 0.848379839773207 size: 0.0
1524000 : 0.923560507754026 size: 0.0
1525000 : 0.9181918113333671 size: 0.0
1526000 : 0.8934149587541658 size: 0.0
1527000 : 0.8453171727266421 size: 0.0
1528000 : 0.7938873088299769 size: 0.0
1529000 : 0.8321825137149477 size: 0.0
1530000 : 0.8201968707936677 size: 0.0
1531000 : 0.8464813232903324 size: 0.0
1532000 : 0.8339007923797179 size: 0.0
1533000 : 0.8812684260630036 size: 0.0
1534000 : 0.7994285038494512 size: 0.0
1535000 : 0.8361267638298353 size: 0.0
1536000 : 0.8626353957118997 size: 0.0
1537000 : 0.8137214660147066 size: 0.0
1538000 : 0.8273252936979547 size: 0.0
1539000 : 0.8645038152308733 size: 0.0
1540000 : 0.8867976682882429 size: 0.0
1541000 : 0.8903657923456936 size: 0.0
1542000 : 0.9012708682716025 size: 0.0
1543000 : 0.8377779692607691 size: 0.0
1544000 : 0.8394376018415952 size: 0.0
1545000 : 0.9006040915342074 size: 0.0
1546000 : 0.8422607830468336 size: 0.0
1547000 : 0.8552627574433874 size: 0.0
1548000 : 0.8395584196538264 size: 0.0
1549000 : 0.9178653882620295 size: 0.0
1550000 : 0.8450932513152187 size: 0.0
1551000 : 0.8166897145859479 size: 0.0
1552000 : 0.8303864129006618 size: 0.0
1553000 : 0.8284260686548022 size: 0.0
1554000 : 0.8735093427780025 size: 0.0
1555000 : 0.8999265658811334 size: 0.0
1556000 : 0.8602199853718571 size: 0.0
1557000 : 0.7743820684650223 size: 0.0
1558000 : 0.9156389008639596 size: 0.0
1559000 : 0.8814526194820776 size: 0.0
1560000 : 0.9195687904275002 size: 0.0
1561000 : 0.8429589466180112 size: 0.0
1562000 : 0.9233054574827965 size: 0.0
1563000 : 0.8899819270689677 size: 0.0
1564000 : 0.8963740062535858 size: 0.0
1565000 : 0.9454290477158118 size: 0.0
1566000 : 0.8984147523887239 size: 0.0
1567000 : 0.903655923673768 size: 0.0
1568000 : 0.8686850574386499 size: 0.0
1569000 : 0.8484433013713754 size: 0.0
1570000 : 1.0199413051240527 size: 0.0
1571000 : 0.9039032347257087 size: 0.0
1572000 : 0.8772259738544732 size: 0.0
1573000 : 0.8891803159332963 size: 0.0
1574000 : 0.8837225324994904 size: 0.0
1575000 : 0.930219675995434 size: 0.0
1576000 : 0.8631508277165356 size: 0.0
1577000 : 0.8619515926920692 size: 0.0
1578000 : 0.8658377986622907 size: 0.0
1579000 : 0.8585562252074102 size: 0.0
1580000 : 0.8473495777032133 size: 0.0
1581000 : 0.8098866828570931 size: 0.0
1582000 : 0.8841754488105377 size: 0.0
1583000 : 0.9143744844148162 size: 0.0
1584000 : 0.8610679458319361 size: 0.0
1585000 : 0.8573709207776637 size: 0.0
1586000 : 0.998068035639368 size: 0.0
1587000 : 0.8787712379724756 size: 0.0
1588000 : 0.9402551216472551 size: 0.0
1589000 : 0.9007829534911047 size: 0.0
1590000 : 0.8891796280026928 size: 0.0
1591000 : 0.9203302436141952 size: 0.0
1592000 : 0.913007050357806 size: 0.0
1593000 : 0.9204293916124177 size: 0.0
1594000 : 0.8957996701910295 size: 0.0
1595000 : 0.8962569720596737 size: 0.0
1596000 : 0.90855983698047 size: 0.0
1597000 : 0.923594388336246 size: 0.0
1598000 : 0.8823380721600448 size: 0.0
1599000 : 0.8789021167697822 size: 0.0
1600000 : 0.9965664551146848 size: 0.0
1601000 : 0.9234858672835515 size: 0.0
1602000 : 0.9515606591756981 size: 0.0
1603000 : 0.9376040090842049 size: 0.0
1604000 : 0.9250909813640541 size: 0.0
1605000 : 0.8433310310831529 size: 0.0
1606000 : 0.9094959385491164 size: 0.0
1607000 : 0.8027089869233338 size: 0.0
1608000 : 0.8548091532017368 size: 0.0
1609000 : 0.902166553917296 size: 0.0
1610000 : 0.858578496960697 size: 0.0
1611000 : 0.8901312940012421 size: 0.0
1612000 : 0.859163925904234 size: 0.0
1613000 : 0.892836151142687 size: 0.0
1614000 : 0.8842146608549344 size: 0.0
1615000 : 0.8526733006606716 size: 0.0
1616000 : 0.8879797910389484 size: 0.0
1617000 : 0.9260484947727328 size: 0.0
1618000 : 0.9087030125373133 size: 0.0
1619000 : 0.9329569518665664 size: 0.0
1620000 : 0.8930948130495846 size: 0.0
1621000 : 0.9542803068251171 size: 0.0
1622000 : 0.8687550543775511 size: 0.0
1623000 : 0.8724529393450777 size: 0.0
1624000 : 0.9115093394427672 size: 0.0
1625000 : 0.8888624060031763 size: 0.0
1626000 : 0.8978742109170621 size: 0.0
1627000 : 0.8796412982031906 size: 0.0
1628000 : 0.8212258429937799 size: 0.0
1629000 : 0.849850291438084 size: 0.0
1630000 : 0.9128687763065123 size: 0.0
1631000 : 0.8190580876709795 size: 0.0
1632000 : 0.8508053110983251 size: 0.0
1633000 : 0.8279170000082483 size: 0.0
1634000 : 0.8943913042631139 size: 0.0
1635000 : 0.8830982354768584 size: 0.0
1636000 : 0.9560580054957606 size: 0.0
1637000 : 0.9555387038814803 size: 0.0
1638000 : 0.9304425655109522 size: 0.0
1639000 : 0.8665176460811513 size: 0.0
1640000 : 0.826612941558081 size: 0.0
1641000 : 0.8793921813334158 size: 0.0
1642000 : 0.8544174627143967 size: 0.0
1643000 : 0.8969405171055279 size: 0.0
1644000 : 0.8830190374661361 size: 0.0
1645000 : 0.8614475115423903 size: 0.0
1646000 : 0.8855068525021921 size: 0.0
1647000 : 0.8594616278728775 size: 0.0
1648000 : 0.8852578216237427 size: 0.0
1649000 : 0.8928458681624607 size: 0.0
1650000 : 0.8497638701560254 size: 0.0
1651000 : 0.9286272026397697 size: 0.0
1652000 : 0.8646150880059815 size: 0.0
1653000 : 0.8806787835445204 size: 0.0
1654000 : 0.8819261737112284 size: 0.0
1655000 : 0.8594695390748172 size: 0.0
1656000 : 0.828121057423497 size: 0.0
1657000 : 0.8507751281430987 size: 0.0
1658000 : 0.8365031478612486 size: 0.0
1659000 : 0.8740707801417442 size: 0.0
1660000 : 0.8567753448577258 size: 0.0
1661000 : 0.8445317279601516 size: 0.0
1662000 : 0.856239790882939 size: 0.0
1663000 : 0.8413501349105151 size: 0.0
1664000 : 0.8195926957411866 size: 0.0
1665000 : 0.8144533381854533 size: 0.0
1666000 : 0.8044682834503349 size: 0.0
1667000 : 0.8450200726972765 size: 0.0
1668000 : 0.8861079318669576 size: 0.0
1669000 : 0.8746417625426087 size: 0.0
1670000 : 0.8386426120379818 size: 0.0
1671000 : 0.8790136475188667 size: 0.0
1672000 : 0.8851940160602726 size: 0.0
1673000 : 0.8845996440188908 size: 0.0
1674000 : 0.8840713993067656 size: 0.0
1675000 : 0.8523579704703146 size: 0.0
1676000 : 0.8601928121130207 size: 0.0
1677000 : 0.8871586598724039 size: 0.0
1678000 : 0.9271110035897633 size: 0.0
1679000 : 0.8693871766107973 size: 0.0
1680000 : 0.92190388486959 size: 0.0
1681000 : 0.893468445358584 size: 0.0
1682000 : 0.9430372849902627 size: 0.0
1683000 : 0.9317060360555157 size: 0.0
1684000 : 0.9225462400705626 size: 0.0
1685000 : 0.8940322044881124 size: 0.0
1686000 : 0.8986820994194901 size: 0.0
1687000 : 0.8593285133011096 size: 0.0
1688000 : 0.828750341943004 size: 0.0
1689000 : 0.7904714754098652 size: 0.0
1690000 : 0.8784741379431101 size: 0.0
1691000 : 0.9307687306083134 size: 0.0
1692000 : 0.9473594669804214 size: 0.0
1693000 : 0.9005923107226234 size: 0.0
1694000 : 0.941622899669567 size: 0.0
1695000 : 0.8857459943782168 size: 0.0
1696000 : 0.9330168018290667 size: 0.0
1697000 : 0.8542859819778121 size: 0.0
1698000 : 0.9075404098174807 size: 0.0
1699000 : 0.8688886848972714 size: 0.0
1700000 : 0.8445592451842897 size: 0.0
1701000 : 0.877254608965842 size: 0.0
1702000 : 0.9161342968897699 size: 0.0
1703000 : 0.9430797647050259 size: 0.0
1704000 : 0.9067139471887595 size: 0.0
1705000 : 0.8685883171975396 size: 0.0
1706000 : 0.9667026996882633 size: 0.0
1707000 : 0.852090365465572 size: 0.0
1708000 : 0.885448636374875 size: 0.0
1709000 : 0.8969091302717455 size: 0.0
1710000 : 0.8623508504160472 size: 0.0
1711000 : 0.9437756925017422 size: 0.0
1712000 : 0.8304217553354142 size: 0.0
1713000 : 0.8562936214526591 size: 0.0
1714000 : 0.8265536935348587 size: 0.0
1715000 : 0.8438962520652136 size: 0.0
1716000 : 0.8401330996816844 size: 0.0
1717000 : 0.7990571933062384 size: 0.0
1718000 : 0.8771035222070589 size: 0.0
1719000 : 0.8885863738485416 size: 0.0
1720000 : 0.8962913685898463 size: 0.0
1721000 : 0.9346429837843 size: 0.0
1722000 : 0.824343974445248 size: 0.0
waiting for write process!
write end!
end join!
last series
Last encode part don't need inference.
372.08484172821045
25838.90399670601 
@@@@@@@@@@@@@
end
main
