FLAGS.seq_len change from 1 to 16 due to FLAGS.vocab_dim = 16 and FLAGS.hidden_dim = 256.
mlpCompressor(
  (input_map): Embedding(256, 16)
  (output_logit_map): Linear(in_features=256, out_features=256, bias=True)
  (layers): ModuleList(
    (0): BELayer(
      (V_map): dense_baens()
      (layernorm1): LayerNorm((16,), eps=1e-05, elementwise_affine=True)
      (layernorm2): LayerNorm((16,), eps=1e-05, elementwise_affine=True)
    )
    (1): LinearLayer(
      (U_map): Linear(in_features=256, out_features=4096, bias=True)
      (V_map): Linear(in_features=4096, out_features=256, bias=True)
      (layernorm1): LayerNorm((256,), eps=1e-05, elementwise_affine=True)
      (layernorm2): LayerNorm((256,), eps=1e-05, elementwise_affine=True)
    )
    (2): BELayer(
      (V_map): dense_baens()
      (layernorm1): LayerNorm((32,), eps=1e-05, elementwise_affine=False)
      (layernorm2): LayerNorm((32,), eps=1e-05, elementwise_affine=True)
    )
    (3): LinearLayer(
      (U_map): Linear(in_features=256, out_features=4096, bias=True)
      (V_map): Linear(in_features=4096, out_features=256, bias=True)
      (layernorm1): LayerNorm((256,), eps=1e-05, elementwise_affine=True)
      (layernorm2): LayerNorm((256,), eps=1e-05, elementwise_affine=True)
    )
    (4): BELayer(
      (V_map): dense_baens()
      (layernorm1): LayerNorm((64,), eps=1e-05, elementwise_affine=False)
      (layernorm2): LayerNorm((64,), eps=1e-05, elementwise_affine=True)
    )
    (5): LinearLayer(
      (U_map): Linear(in_features=256, out_features=4096, bias=True)
      (V_map): Linear(in_features=4096, out_features=256, bias=True)
      (layernorm1): LayerNorm((256,), eps=1e-05, elementwise_affine=True)
      (layernorm2): LayerNorm((256,), eps=1e-05, elementwise_affine=True)
    )
    (6): BELayer(
      (V_map): dense_baens()
      (layernorm1): LayerNorm((128,), eps=1e-05, elementwise_affine=False)
      (layernorm2): LayerNorm((128,), eps=1e-05, elementwise_affine=True)
    )
    (7): LinearLayer(
      (U_map): Linear(in_features=256, out_features=4096, bias=True)
      (V_map): Linear(in_features=4096, out_features=256, bias=True)
      (layernorm1): LayerNorm((256,), eps=1e-05, elementwise_affine=True)
      (layernorm2): LayerNorm((256,), eps=1e-05, elementwise_affine=True)
    )
  )
)
1953108
999 : 5.293738814176216 size: 0.0
1999 : 5.15320078326656 size: 0.0
2999 : 4.740339919535905 size: 0.0
3999 : 4.699322745235729 size: 0.0
4999 : 4.695817394845843 size: 0.0
5999 : 4.68970547539948 size: 0.0
6999 : 4.779103777144477 size: 0.0
7999 : 4.49987652882194 size: 0.0
8999 : 4.50185604913337 size: 0.0
9999 : 4.502649921049753 size: 0.0
10999 : 4.555397000069377 size: 0.0
11999 : 4.541894986115439 size: 0.0
12999 : 4.5102735679972 size: 0.0
13999 : 4.415919758150242 size: 0.0
14999 : 4.509544705522843 size: 0.0
15999 : 4.4815304515238 size: 0.0
16999 : 4.343280821766525 size: 0.0
17999 : 4.276515780840375 size: 0.0
18999 : 4.602473811090054 size: 0.0
19999 : 4.408653491151289 size: 0.0
20999 : 4.311100460032981 size: 0.0
21999 : 4.583563974662385 size: 0.0
22999 : 4.782045712370136 size: 0.0
23999 : 4.36830360953646 size: 0.0
24999 : 4.488165542194087 size: 0.0
25999 : 4.272045951744451 size: 0.0
26999 : 4.386537554146237 size: 0.0
27999 : 4.356827551209687 size: 0.0
28999 : 4.5069873235045135 size: 0.0
29999 : 4.368715679967927 size: 0.0
30999 : 4.586231425577268 size: 0.0
31999 : 4.225430398193389 size: 0.0
32999 : 4.5114808862062565 size: 0.0
33999 : 4.366477497749599 size: 0.0
34999 : 4.2673573607166295 size: 0.0
35999 : 4.3615852792631555 size: 0.0
36999 : 4.4387532067746935 size: 0.0
37999 : 4.341030256797334 size: 0.0
38999 : 4.400863021032505 size: 0.0
39999 : 4.30680880496335 size: 0.0
40999 : 4.3227223596476865 size: 0.0
41999 : 4.2672514194036975 size: 0.0
42999 : 4.278232167695986 size: 0.0
43999 : 4.328104040758485 size: 0.0
44999 : 4.31635659380865 size: 0.0
45999 : 4.445446083615671 size: 0.0
46999 : 4.262105010559279 size: 0.0
47999 : 4.305680942738992 size: 0.0
48999 : 4.433318211042128 size: 0.0
49999 : 4.165658515816623 size: 0.0
50999 : 4.245161623761577 size: 0.0
51999 : 4.42857458556603 size: 0.0
52999 : 4.339382319036766 size: 0.0
53999 : 4.3866139144432195 size: 0.0
54999 : 4.4160477132424845 size: 0.0
55999 : 4.274919093909765 size: 0.0
56999 : 4.3447877337533845 size: 0.0
57999 : 4.256944843102791 size: 0.0
58999 : 4.314090894366184 size: 0.0
59999 : 4.3035954811146295 size: 0.0
60999 : 4.15338927350407 size: 0.0
61999 : 4.162274585178246 size: 0.0
62999 : 4.513125384313807 size: 0.0
63999 : 4.425168297183041 size: 0.0
64999 : 4.290881835632248 size: 0.0
65999 : 3.9257729868095566 size: 0.0
66999 : 4.132879654458077 size: 0.0
67999 : 4.215491520800027 size: 0.0
68999 : 4.199945665023236 size: 0.0
69999 : 4.291640279122553 size: 0.0
70999 : 4.302239569895227 size: 0.0
71999 : 4.202517149618936 size: 0.0
72999 : 4.159835871189012 size: 0.0
73999 : 4.256869170736412 size: 0.0
74999 : 4.10951099582414 size: 0.0
75999 : 4.186063913376193 size: 0.0
76999 : 4.265239566353904 size: 0.0
77999 : 4.142536480304023 size: 0.0
78999 : 4.214027604475882 size: 0.0
79999 : 4.114394959143342 size: 0.0
80999 : 3.9103719404247923 size: 0.0
81999 : 4.290925863190869 size: 0.0
82999 : 4.21517920030606 size: 0.0
83999 : 4.08024952364104 size: 0.0
84999 : 4.173516403134545 size: 0.0
85999 : 4.05969862875884 size: 0.0
86999 : 4.041193983456605 size: 0.0
87999 : 4.223611853643165 size: 0.0
88999 : 4.0243610095207565 size: 0.0
89999 : 4.2005104560486695 size: 0.0
90999 : 4.3856222624783445 size: 0.0
91999 : 4.326085308402658 size: 0.0
92999 : 4.33004434902552 size: 0.0
93999 : 4.116345586369428 size: 0.0
94999 : 4.197528276882708 size: 0.0
95999 : 4.288802909348618 size: 0.0
96999 : 4.084320696952265 size: 0.0
97999 : 4.117447651196157 size: 0.0
98999 : 4.205963681942227 size: 0.0
99999 : 4.065332092470502 size: 0.0
100999 : 4.270118714158882 size: 0.0
101999 : 4.213739705518338 size: 0.0
102999 : 4.119265163850475 size: 0.0
103999 : 4.279041174085645 size: 0.0
104999 : 4.148386986121074 size: 0.0
105999 : 4.308575066787712 size: 0.0
106999 : 4.1298936916737965 size: 0.0
107999 : 4.267836160416631 size: 0.0
108999 : 4.121748593328934 size: 0.0
109999 : 4.09315200607407 size: 0.0
110999 : 4.181417974045785 size: 0.0
111999 : 4.193004445234413 size: 0.0
112999 : 4.187629299464347 size: 0.0
113999 : 4.410078195431036 size: 0.0
114999 : 4.190617326040437 size: 0.0
115999 : 4.190382397739358 size: 0.0
116999 : 4.151658096140485 size: 0.0
117999 : 4.435547450162611 size: 0.0
118999 : 4.373727942344673 size: 0.0
119999 : 4.085442367801192 size: 0.0
120999 : 4.232168334488891 size: 0.0
121999 : 4.14781806751202 size: 0.0
122999 : 4.113137422000233 size: 0.0
123999 : 4.1138019629631675 size: 0.0
124999 : 4.231100322227034 size: 0.0
125999 : 4.3431535546048865 size: 0.0
126999 : 4.247620287738312 size: 0.0
127999 : 4.129249788628966 size: 0.0
128999 : 4.25851745246228 size: 0.0
129999 : 4.216555405478264 size: 0.0
130999 : 4.153743213799546 size: 0.0
131999 : 4.1861867089889095 size: 0.0
132999 : 4.071519340317942 size: 0.0
133999 : 4.349653810876897 size: 0.0
134999 : 4.213993895876314 size: 0.0
135999 : 4.253062850707516 size: 0.0
136999 : 4.3898533796548715 size: 0.0
137999 : 4.242681289970833 size: 0.0
138999 : 4.156253816536841 size: 0.0
139999 : 4.203890603068727 size: 0.0
140999 : 4.185642899846881 size: 0.0
141999 : 4.1604089173816865 size: 0.0
142999 : 4.3648821866801955 size: 0.0
143999 : 4.347176916739171 size: 0.0
144999 : 4.3089451734523685 size: 0.0
145999 : 4.312594645303677 size: 0.0
146999 : 4.344820066491747 size: 0.0
147999 : 4.35826945375452 size: 0.0
148999 : 4.210502648063798 size: 0.0
149999 : 4.347989018816545 size: 0.0
150999 : 4.2468518692542565 size: 0.0
151999 : 4.383151559716049 size: 0.0
152999 : 4.281775354269062 size: 0.0
153999 : 4.252258659832082 size: 0.0
154999 : 4.358834932710557 size: 0.0
155999 : 4.2983077025312015 size: 0.0
156999 : 4.2347002630748936 size: 0.0
157999 : 4.212084888451736 size: 0.0
158999 : 4.342034635478373 size: 0.0
159999 : 4.106158022062918 size: 0.0
160999 : 4.215835830067054 size: 0.0
161999 : 4.203461678337475 size: 0.0
162999 : 4.345377634245844 size: 0.0
163999 : 4.139352393505949 size: 0.0
164999 : 4.388249469452925 size: 0.0
165999 : 4.206471030762272 size: 0.0
166999 : 4.026773926112361 size: 0.0
167999 : 4.376598676752875 size: 0.0
168999 : 4.144191641335927 size: 0.0
169999 : 4.3684948542442195 size: 0.0
170999 : 4.204407582917221 size: 0.0
171999 : 4.425119110144894 size: 0.0
172999 : 4.244819034321058 size: 0.0
173999 : 4.416871854105419 size: 0.0
174999 : 4.169475498769872 size: 0.0
175999 : 4.17238338143066 size: 0.0
176999 : 4.307518749346112 size: 0.0
177999 : 4.264125118776313 size: 0.0
178999 : 4.254875891812912 size: 0.0
179999 : 4.314079887476528 size: 0.0
180999 : 4.223836462985192 size: 0.0
181999 : 4.303950453306011 size: 0.0
182999 : 4.1572932796786555 size: 0.0
183999 : 4.164329433890755 size: 0.0
184999 : 4.273071312308895 size: 0.0
185999 : 4.374599550419245 size: 0.0
186999 : 4.269240570743577 size: 0.0
187999 : 4.216137487636668 size: 0.0
188999 : 4.284863818713256 size: 0.0
189999 : 4.3777382337974915 size: 0.0
190999 : 4.195261545544336 size: 0.0
191999 : 4.2037430419542865 size: 0.0
192999 : 4.207633633482105 size: 0.0
193999 : 4.265333468881276 size: 0.0
194999 : 4.0834755742059246 size: 0.0
195999 : 4.287733521225553 size: 0.0
196999 : 4.162255667086652 size: 0.0
197999 : 4.211875413582986 size: 0.0
198999 : 4.343528820749069 size: 0.0
199999 : 4.186375545939557 size: 0.0
200999 : 4.2866785796451605 size: 0.0
201999 : 4.281263533900094 size: 0.0
202999 : 4.200736785217205 size: 0.0
203999 : 4.45068433119565 size: 0.0
204999 : 4.202146355023676 size: 0.0
205999 : 4.18059176939104 size: 0.0
206999 : 4.133156546525965 size: 0.0
207999 : 4.320247529301771 size: 0.0
208999 : 4.301738756415915 size: 0.0
209999 : 4.344493987385711 size: 0.0
210999 : 4.458903726045686 size: 0.0
211999 : 4.181772946237166 size: 0.0
212999 : 4.305487290274121 size: 0.0
213999 : 4.249311221161594 size: 0.0
214999 : 4.212265470235142 size: 0.0
215999 : 4.2866995615285655 size: 0.0
216999 : 4.158255350627583 size: 0.0
217999 : 4.20655427036529 size: 0.0
218999 : 4.138497983696463 size: 0.0
219999 : 4.38946641869043 size: 0.0
220999 : 4.304264837591788 size: 0.0
221999 : 4.229303447490819 size: 0.0
222999 : 4.589153754780729 size: 0.0
223999 : 4.399582782179483 size: 0.0
224999 : 4.359630180488146 size: 0.0
225999 : 4.281840363711088 size: 0.0
226999 : 4.29089421838311 size: 0.0
227999 : 4.185787709238908 size: 0.0
228999 : 4.105062492576923 size: 0.0
229999 : 4.3020380062284165 size: 0.0
230999 : 4.300901544871515 size: 0.0
231999 : 4.247205121619129 size: 0.0
232999 : 4.217849402943356 size: 0.0
233999 : 4.230789377594274 size: 0.0
234999 : 4.244500866416962 size: 0.0
235999 : 4.108463965445687 size: 0.0
236999 : 4.190878395704447 size: 0.0
237999 : 4.284266350984159 size: 0.0
238999 : 4.3318395039352255 size: 0.0
239999 : 4.230566488078756 size: 0.0
240999 : 4.2448585903307565 size: 0.0
241999 : 4.33499572954386 size: 0.0
242999 : 4.353581550657302 size: 0.0
243999 : 4.32369578145157 size: 0.0
244999 : 4.366341975420719 size: 0.0
245999 : 4.157537151077579 size: 0.0
246999 : 4.231471460787596 size: 0.0
247999 : 4.120184239136686 size: 0.0
248999 : 4.35782092300107 size: 0.0
249999 : 4.138920717052284 size: 0.0
250999 : 4.246389579888738 size: 0.0
251999 : 4.202794385652127 size: 0.0
252999 : 4.1766089951623595 size: 0.0
253999 : 4.097652104116546 size: 0.0
254999 : 4.319103844673533 size: 0.0
255999 : 4.135902765494943 size: 0.0
256999 : 4.1428580878611365 size: 0.0
257999 : 4.12248330321342 size: 0.0
258999 : 4.246104088688305 size: 0.0
259999 : 4.23687205998999 size: 0.0
260999 : 4.170679721291213 size: 0.0
261999 : 4.18697817314818 size: 0.0
262999 : 4.225143875097051 size: 0.0
263999 : 4.223813073344675 size: 0.0
264999 : 4.192502943824497 size: 0.0
265999 : 4.1616141717989334 size: 0.0
266999 : 4.200051262370866 size: 0.0
267999 : 4.278161998774435 size: 0.0
268999 : 4.120514445826342 size: 0.0
269999 : 4.19046838906479 size: 0.0
270999 : 4.160563357802161 size: 0.0
271999 : 4.237869903330296 size: 0.0
272999 : 4.179869098292115 size: 0.0
273999 : 4.118391491984092 size: 0.0
274999 : 4.270912586075265 size: 0.0
275999 : 4.222087399425917 size: 0.0
276999 : 4.242803741618248 size: 0.0
277999 : 3.9771658744362863 size: 0.0
278999 : 4.226924927429386 size: 0.0
279999 : 4.371808271995742 size: 0.0
280999 : 4.276207931895331 size: 0.0
281999 : 4.179990518043624 size: 0.0
282999 : 4.149922447227977 size: 0.0
283999 : 4.298133656088528 size: 0.0
284999 : 4.198636189119567 size: 0.0
285999 : 4.280316941389745 size: 0.0
286999 : 4.304434068520237 size: 0.0
287999 : 4.319913882959097 size: 0.0
288999 : 4.1592346198415955 size: 0.0
289999 : 4.31287635288579 size: 0.0
290999 : 4.330250384241253 size: 0.0
291999 : 4.238405801270384 size: 0.0
292999 : 4.3493246360831455 size: 0.0
293999 : 4.271140635070309 size: 0.0
294999 : 4.217939865817709 size: 0.0
295999 : 4.242832978668894 size: 0.0
296999 : 4.160591562956903 size: 0.0
297999 : 4.385406596234163 size: 0.0
298999 : 4.158298346290298 size: 0.0
299999 : 4.27053284838216 size: 0.0
300999 : 4.213266065297862 size: 0.0
301999 : 4.352342243675184 size: 0.0
302999 : 4.182284422640833 size: 0.0
303999 : 4.128634434704179 size: 0.0
304999 : 4.303699702601053 size: 0.0
305999 : 4.121332051348544 size: 0.0
306999 : 4.038867058190431 size: 0.0
307999 : 4.156689620574127 size: 0.0
308999 : 4.196496380977531 size: 0.0
309999 : 4.297954794131631 size: 0.0
310999 : 4.111802148698934 size: 0.0
311999 : 4.201673746699106 size: 0.0
312999 : 4.156049845112918 size: 0.0
313999 : 4.275835417473562 size: 0.0
314999 : 4.186144745222099 size: 0.0
315999 : 4.004127594612049 size: 0.0
316999 : 4.042961277176871 size: 0.0
317999 : 4.008886698526725 size: 0.0
318999 : 4.320078298373321 size: 0.0
319999 : 4.227064233376585 size: 0.0
320999 : 4.138240353685471 size: 0.0
321999 : 4.104321591317006 size: 0.0
322999 : 4.187699812351201 size: 0.0
323999 : 4.194255791002091 size: 0.0
324999 : 4.228332433444048 size: 0.0
325999 : 4.320246841371167 size: 0.0
326999 : 4.141026128664146 size: 0.0
327999 : 4.190732554416515 size: 0.0
328999 : 4.107215715365725 size: 0.0
329999 : 4.210640234184488 size: 0.0
330999 : 4.216793085501757 size: 0.0
331999 : 4.21113485628837 size: 0.0
332999 : 4.269443510271595 size: 0.0
333999 : 4.147173820501888 size: 0.0
334999 : 4.142324597678161 size: 0.0
335999 : 4.210881353860998 size: 0.0
336999 : 4.334929344240627 size: 0.0
337999 : 4.198720116653187 size: 0.0
338999 : 4.205898328534899 size: 0.0
339999 : 4.266426246644858 size: 0.0
340999 : 4.053677516152133 size: 0.0
341999 : 4.367766335735165 size: 0.0
342999 : 4.249239676378836 size: 0.0
343999 : 4.08437366760873 size: 0.0
344999 : 4.1039803777376935 size: 0.0
345999 : 4.361697067986216 size: 0.0
346999 : 4.294501726467608 size: 0.0
347999 : 4.231150885126387 size: 0.0
348999 : 4.173898548584762 size: 0.0
349999 : 4.119905283276986 size: 0.0
350999 : 4.304291322920021 size: 0.0
351999 : 4.15962226873664 size: 0.0
352999 : 4.088343027190644 size: 0.0
353999 : 4.198962956156206 size: 0.0
354999 : 4.3905392464665125 size: 0.0
355999 : 4.364583624798297 size: 0.0
356999 : 4.294154321512865 size: 0.0
357999 : 4.220547810735393 size: 0.0
358999 : 4.1199080349994 size: 0.0
359999 : 4.141169218229664 size: 0.0
360999 : 4.205589103728648 size: 0.0
361999 : 4.1601093236038835 size: 0.0
362999 : 4.237558270766932 size: 0.0
363999 : 4.155994810664642 size: 0.0
364999 : 4.267952764653916 size: 0.0
365999 : 4.252632550115057 size: 0.0
366999 : 4.0687053601845244 size: 0.0
367999 : 4.221602408350484 size: 0.0
368999 : 4.251208533765913 size: 0.0
369999 : 4.381330263443412 size: 0.0
370999 : 4.031153980264536 size: 0.0
371999 : 4.231997383733934 size: 0.0
372999 : 4.237887789525985 size: 0.0
373999 : 4.123078363185405 size: 0.0
374999 : 4.202183847241565 size: 0.0
375999 : 4.258206507829521 size: 0.0
376999 : 4.121345809960613 size: 0.0
377999 : 4.223937932749201 size: 0.0
378999 : 4.150787175996515 size: 0.0
379999 : 4.092606477105533 size: 0.0
380999 : 4.183134704866698 size: 0.0
381999 : 4.196047162293477 size: 0.0
382999 : 4.103534254741356 size: 0.0
383999 : 4.354472420788771 size: 0.0
384999 : 4.244158276976443 size: 0.0
385999 : 4.317445931919215 size: 0.0
386999 : 4.320538867912332 size: 0.0
387999 : 4.3576011291732675 size: 0.0
388999 : 4.434064959712174 size: 0.0
389999 : 4.004463992677136 size: 0.0
390999 : 4.261097880155827 size: 0.0
391999 : 4.2666340016871 size: 0.0
392999 : 4.23328415792769 size: 0.0
393999 : 4.280757216975954 size: 0.0
394999 : 4.065583187140762 size: 0.0
395999 : 4.1770819474522325 size: 0.0
396999 : 4.127417141501372 size: 0.0
397999 : 4.31085899639117 size: 0.0
398999 : 4.148630513554696 size: 0.0
399999 : 4.204781817165498 size: 0.0
400999 : 4.131317364057639 size: 0.0
401999 : 4.104734005713775 size: 0.0
402999 : 4.109961590369401 size: 0.0
403999 : 4.245874663832054 size: 0.0
404999 : 4.058562855332542 size: 0.0
405999 : 3.9111912657735024 size: 0.0
406999 : 4.248147242580555 size: 0.0
407999 : 4.138958897200776 size: 0.0
408999 : 4.348838269146506 size: 0.0
409999 : 4.228436998895772 size: 0.0
410999 : 4.126845815135206 size: 0.0
411999 : 4.2304450683272465 size: 0.0
412999 : 4.164601166479119 size: 0.0
413999 : 4.170766400547248 size: 0.0
414999 : 4.036267712405291 size: 0.0
415999 : 4.3841383961667 size: 0.0
416999 : 4.194804759623644 size: 0.0
417999 : 3.9807998678490173 size: 0.0
418999 : 4.2232097582054475 size: 0.0
419999 : 4.214883390146576 size: 0.0
420999 : 4.115284453413604 size: 0.0
421999 : 4.3439570575497175 size: 0.0
422999 : 4.142966092965879 size: 0.0
423999 : 4.080423226118412 size: 0.0
424999 : 4.254166635360754 size: 0.0
425999 : 4.263627400984716 size: 0.0
426999 : 4.2758467683285195 size: 0.0
427999 : 4.237319902812836 size: 0.0
428999 : 4.343661591355535 size: 0.0
429999 : 4.1740529890052365 size: 0.0
430999 : 4.099595508071296 size: 0.0
431999 : 4.218431048268574 size: 0.0
432999 : 4.343932636013295 size: 0.0
433999 : 4.343902367066743 size: 0.0
434999 : 4.13032089657854 size: 0.0
435999 : 4.1813594999444925 size: 0.0
436999 : 4.1289323086554734 size: 0.0
437999 : 4.064278526751316 size: 0.0
438999 : 4.208882227527369 size: 0.0
439999 : 4.182671039639972 size: 0.0
440999 : 4.2503747618745304 size: 0.0
441999 : 4.188932583992585 size: 0.0
442999 : 4.069933660276987 size: 0.0
443999 : 4.261337623971129 size: 0.0
444999 : 4.007883351741591 size: 0.0
445999 : 4.235721152090416 size: 0.0
446999 : 4.227678555405467 size: 0.0
447999 : 4.174233226823341 size: 0.0
448999 : 4.159509792082976 size: 0.0
449999 : 4.289918388822114 size: 0.0
450999 : 4.244927383391102 size: 0.0
451999 : 4.2453377339960605 size: 0.0
452999 : 4.370881973438195 size: 0.0
453999 : 4.100393851536601 size: 0.0
454999 : 3.965698415242056 size: 0.0
455999 : 4.1625686755112214 size: 0.0
456999 : 4.248121789148228 size: 0.0
457999 : 4.116883548101327 size: 0.0
458999 : 4.059618484843537 size: 0.0
459999 : 4.0938220504818315 size: 0.0
460999 : 4.201569525212682 size: 0.0
461999 : 4.325103975396835 size: 0.0
462999 : 4.143958432861357 size: 0.0
463999 : 4.14790165108034 size: 0.0
464999 : 4.099219897961811 size: 0.0
465999 : 4.101904203176478 size: 0.0
466999 : 4.067650418604132 size: 0.0
467999 : 4.188775391849696 size: 0.0
468999 : 4.01051434233449 size: 0.0
469999 : 4.27908004216474 size: 0.0
470999 : 4.205628315773045 size: 0.0
471999 : 4.022076391986695 size: 0.0
472999 : 4.227479399495768 size: 0.0
473999 : 4.25976914219526 size: 0.0
474999 : 4.061284652765097 size: 0.0
475999 : 4.161800600992469 size: 0.0
476999 : 4.129395629916898 size: 0.0
477999 : 4.281574478532854 size: 0.0
478999 : 4.091137401301863 size: 0.0
479999 : 4.124857007760628 size: 0.0
480999 : 4.125535651300933 size: 0.0
481999 : 4.116807531769646 size: 0.0
482999 : 4.067965490820513 size: 0.0
483999 : 4.012943769260578 size: 0.0
484999 : 4.176732822670981 size: 0.0
485999 : 4.149328075186595 size: 0.0
486999 : 4.445355620741317 size: 0.0
487999 : 4.278889141422282 size: 0.0
488999 : 4.246512719466755 size: 0.0
489999 : 4.09029571820854 size: 0.0
490999 : 4.154133958382306 size: 0.0
491999 : 4.142933072296913 size: 0.0
492999 : 4.2628940669614375 size: 0.0
493999 : 4.45570932028856 size: 0.0
494999 : 4.110497488309489 size: 0.0
495999 : 4.387536773347749 size: 0.0
496999 : 4.245083543638085 size: 0.0
497999 : 4.284209596709374 size: 0.0
498999 : 4.201081782414835 size: 0.0
499999 : 4.0585291467329725 size: 0.0
500999 : 4.245011998855326 size: 0.0
501999 : 4.260688217481471 size: 0.0
502999 : 4.3245825239994184 size: 0.0
503999 : 4.372117496801994 size: 0.0
504999 : 4.371392073980654 size: 0.0
505999 : 4.283636894482001 size: 0.0
506999 : 4.185755032535244 size: 0.0
507999 : 4.471468778517723 size: 0.0
508999 : 4.238214900527926 size: 0.0
509999 : 4.135940601678133 size: 0.0
510999 : 4.294437748921487 size: 0.0
511999 : 4.287462132602491 size: 0.0
512999 : 4.37071755802397 size: 0.0
513999 : 4.277311028617965 size: 0.0
514999 : 4.298527152393703 size: 0.0
515999 : 4.070811115761689 size: 0.0
516999 : 4.301744259860743 size: 0.0
517999 : 4.22435034714597 size: 0.0
518999 : 4.4682396322651226 size: 0.0
519999 : 4.132263612602686 size: 0.0
520999 : 4.2878621642483985 size: 0.0
521999 : 4.2937955657031655 size: 0.0
522999 : 4.28790034439689 size: 0.0
523999 : 4.2643153315881674 size: 0.0
524999 : 4.302469682682082 size: 0.0
525999 : 4.284443837079849 size: 0.0
526999 : 4.227135090228741 size: 0.0
527999 : 4.13083925228824 size: 0.0
528999 : 4.351978672351261 size: 0.0
529999 : 4.33318200050786 size: 0.0
530999 : 4.150635831263757 size: 0.0
531999 : 4.301733940901691 size: 0.0
532999 : 4.273168310523982 size: 0.0
533999 : 4.19765829576676 size: 0.0
534999 : 4.174180944097478 size: 0.0
535999 : 4.1259597605179605 size: 0.0
536999 : 4.27863942261323 size: 0.0
537999 : 4.405834351538346 size: 0.0
538999 : 4.2762323534317535 size: 0.0
539999 : 4.343264655397344 size: 0.0
540999 : 4.311857527662079 size: 0.0
541999 : 4.146847397430551 size: 0.0
542999 : 4.274012057409115 size: 0.0
543999 : 4.2149680056108005 size: 0.0
544999 : 4.224475206550497 size: 0.0
545999 : 4.15299061771937 size: 0.0
546999 : 4.170646700622248 size: 0.0
547999 : 4.20821665466853 size: 0.0
548999 : 4.19553946950813 size: 0.0
549999 : 4.231856013994925 size: 0.0
550999 : 4.299336846713965 size: 0.0
551999 : 4.32392898992614 size: 0.0
552999 : 4.153806503415063 size: 0.0
553999 : 4.223765950098338 size: 0.0
554999 : 4.214251869852608 size: 0.0
555999 : 4.296247006408564 size: 0.0
556999 : 4.08107676019169 size: 0.0
557999 : 4.1919715174333305 size: 0.0
558999 : 4.283290865388465 size: 0.0
559999 : 4.319263788538835 size: 0.0
560999 : 4.2361927285190815 size: 0.0
561999 : 4.004104892902135 size: 0.0
562999 : 4.224197626552004 size: 0.0
563999 : 4.099688378702761 size: 0.0
564999 : 4.131698477611951 size: 0.0
565999 : 4.332754451637816 size: 0.0
566999 : 4.060739467761861 size: 0.0
567999 : 4.205271623755155 size: 0.0
568999 : 4.362089532395485 size: 0.0
569999 : 4.177076100042103 size: 0.0
570999 : 4.194124740222133 size: 0.0
571999 : 4.261678493585139 size: 0.0
572999 : 4.311483637379103 size: 0.0
573999 : 4.317548777544431 size: 0.0
574999 : 4.360854009031686 size: 0.0
575999 : 4.188458599806807 size: 0.0
576999 : 4.2579306476575365 size: 0.0
577999 : 4.26881852531836 size: 0.0
578999 : 4.196716518770636 size: 0.0
579999 : 4.054451782046317 size: 0.0
580999 : 4.2872901499516285 size: 0.0
581999 : 4.2110612477138005 size: 0.0
582999 : 4.050117475279272 size: 0.0
583999 : 4.054961882588776 size: 0.0
584999 : 4.229867550585649 size: 0.0
585999 : 4.141476723209407 size: 0.0
586999 : 4.078346363626592 size: 0.0
587999 : 4.195675679767614 size: 0.0
588999 : 4.242861871754239 size: 0.0
589999 : 4.094699505966533 size: 0.0
590999 : 4.259147252929741 size: 0.0
591999 : 4.018152435824609 size: 0.0
592999 : 4.263491534690535 size: 0.0
593999 : 4.280567348129401 size: 0.0
594999 : 4.218398715530212 size: 0.0
595999 : 4.0956178933221405 size: 0.0
596999 : 4.170690728180869 size: 0.0
597999 : 4.316522385084082 size: 0.0
598999 : 4.150929233666129 size: 0.0
599999 : 4.224529209102867 size: 0.0
600999 : 4.085933550252056 size: 0.0
601999 : 4.217759627999605 size: 0.0
602999 : 4.126050911322918 size: 0.0
603999 : 4.093607072168252 size: 0.0
604999 : 4.318419353723098 size: 0.0
605999 : 4.1746807256808856 size: 0.0
606999 : 4.097275462111156 size: 0.0
607999 : 4.317679484359087 size: 0.0
608999 : 4.253246528178638 size: 0.0
609999 : 4.315594366700027 size: 0.0
610999 : 4.205114087646965 size: 0.0
611999 : 4.17262656489898 size: 0.0
612999 : 4.137922185781374 size: 0.0
613999 : 4.2707997654562995 size: 0.0
614999 : 4.177497113571415 size: 0.0
615999 : 4.257505162579302 size: 0.0
616999 : 4.0366735914613265 size: 0.0
617999 : 4.230324680471642 size: 0.0
618999 : 4.209832259690735 size: 0.0
619999 : 4.138745294748404 size: 0.0
620999 : 3.957396812684908 size: 0.0
621999 : 4.242472159067384 size: 0.0
622999 : 4.217129483566844 size: 0.0
623999 : 4.069553922583882 size: 0.0
624999 : 4.405412650078429 size: 0.0
625999 : 4.116807875734947 size: 0.0
626999 : 4.014828699114035 size: 0.0
627999 : 4.081536297834796 size: 0.0
628999 : 4.15084186647949 size: 0.0
629999 : 4.052361160942429 size: 0.0
630999 : 4.043235073557044 size: 0.0
631999 : 4.163389032755838 size: 0.0
632999 : 4.119659348086253 size: 0.0
633999 : 4.181536986040182 size: 0.0
634999 : 4.233877498073166 size: 0.0
635999 : 4.214286610348082 size: 0.0
636999 : 4.334391382508728 size: 0.0
637999 : 4.250813317634231 size: 0.0
638999 : 4.1543547841060136 size: 0.0
639999 : 4.1878023140111145 size: 0.0
640999 : 4.336930878331368 size: 0.0
641999 : 4.146557090715894 size: 0.0
642999 : 4.115016848408862 size: 0.0
643999 : 4.152625326568938 size: 0.0
644999 : 4.21160333702932 size: 0.0
645999 : 4.039966715260047 size: 0.0
646999 : 4.158642999522627 size: 0.0
647999 : 4.133064707790405 size: 0.0
648999 : 4.072777221426352 size: 0.0
649999 : 4.1268251772171025 size: 0.0
650999 : 4.1103719409743595 size: 0.0
651999 : 4.077327194437579 size: 0.0
652999 : 4.134450887956359 size: 0.0
653999 : 4.157860822426503 size: 0.0
654999 : 4.339266746695387 size: 0.0
655999 : 4.1456146257891655 size: 0.0
656999 : 4.170612648057377 size: 0.0
657999 : 4.022898469057819 size: 0.0
658999 : 4.082743272078551 size: 0.0
659999 : 4.172970874166007 size: 0.0
660999 : 4.1370664001106805 size: 0.0
661999 : 4.177271816298785 size: 0.0
662999 : 4.107119749046544 size: 0.0
663999 : 4.156807256707317 size: 0.0
664999 : 4.122196780117083 size: 0.0
665999 : 4.005665807441366 size: 0.0
666999 : 4.145373162147354 size: 0.0
667999 : 4.220965384611688 size: 0.0
668999 : 4.1796468967072 size: 0.0
669999 : 4.256400689995461 size: 0.0
670999 : 4.185629829165416 size: 0.0
671999 : 4.223363854660621 size: 0.0
672999 : 4.251495400827553 size: 0.0
673999 : 4.284367476782866 size: 0.0
674999 : 4.2517279213715184 size: 0.0
675999 : 4.146981199932922 size: 0.0
676999 : 4.046312187146282 size: 0.0
677999 : 4.0830979003046295 size: 0.0
678999 : 4.182529325935661 size: 0.0
679999 : 4.1270040391739995 size: 0.0
680999 : 4.073203394435191 size: 0.0
681999 : 4.166513957522015 size: 0.0
682999 : 4.1307315911488 size: 0.0
683999 : 4.1176337364243905 size: 0.0
684999 : 4.12506269901106 size: 0.0
685999 : 4.321318637251344 size: 0.0
686999 : 4.185623637789985 size: 0.0
687999 : 4.070138663596816 size: 0.0
688999 : 4.22695760413305 size: 0.0
689999 : 3.9793493661716406 size: 0.0
690999 : 4.204580253498687 size: 0.0
691999 : 4.080182794372505 size: 0.0
692999 : 4.249899057862244 size: 0.0
693999 : 4.235597668547096 size: 0.0
694999 : 4.090204223438281 size: 0.0
695999 : 4.048060562774953 size: 0.0
696999 : 4.058985932653664 size: 0.0
697999 : 4.102489288154713 size: 0.0
698999 : 4.193286840747129 size: 0.0
699999 : 4.033748166570151 size: 0.0
700999 : 4.046405745708351 size: 0.0
701999 : 4.285594401014121 size: 0.0
702999 : 4.238580191678359 size: 0.0
703999 : 4.1752217831005005 size: 0.0
704999 : 4.209126442891594 size: 0.0
705999 : 4.112424725895058 size: 0.0
706999 : 4.296811797433997 size: 0.0
707999 : 4.060585371306688 size: 0.0
708999 : 4.245159216004465 size: 0.0
709999 : 4.080258810704186 size: 0.0
710999 : 4.204149264975625 size: 0.0
711999 : 4.3995077977437065 size: 0.0
712999 : 4.190460821828152 size: 0.0
713999 : 4.073305208164501 size: 0.0
714999 : 4.027029836296846 size: 0.0
715999 : 4.258044156207107 size: 0.0
716999 : 4.250034236225822 size: 0.0
717999 : 4.164357639045496 size: 0.0
718999 : 4.034049480174462 size: 0.0
719999 : 4.030747413277896 size: 0.0
720999 : 4.084438333085455 size: 0.0
721999 : 3.990621453074491 size: 0.0
722999 : 4.340451019229228 size: 0.0
723999 : 4.0184950252651275 size: 0.0
724999 : 4.141897048808115 size: 0.0
725999 : 4.235112677471663 size: 0.0
726999 : 4.119701311853063 size: 0.0
727999 : 4.032591411260447 size: 0.0
728999 : 4.277252898481973 size: 0.0
729999 : 4.214392551661014 size: 0.0
730999 : 4.152764632516137 size: 0.0
731999 : 4.0562510645396435 size: 0.0
732999 : 4.075653803244684 size: 0.0
733999 : 4.169088193840129 size: 0.0
734999 : 4.0282151407265925 size: 0.0
735999 : 4.353637273036181 size: 0.0
736999 : 4.186328078727919 size: 0.0
737999 : 4.201176028907509 size: 0.0
738999 : 4.113743832827176 size: 0.0
739999 : 4.135626217392356 size: 0.0
740999 : 4.082560970468636 size: 0.0
741999 : 4.139840824234399 size: 0.0
742999 : 4.364015738085149 size: 0.0
743999 : 4.273185164823766 size: 0.0
744999 : 4.4384102733688735 size: 0.0
745999 : 4.364438815406271 size: 0.0
746999 : 4.119882925532374 size: 0.0
747999 : 4.168723246654998 size: 0.0
748999 : 4.217089583591844 size: 0.0
749999 : 4.326622582203953 size: 0.0
750999 : 4.192099816490875 size: 0.0
751999 : 4.1296126720222865 size: 0.0
752999 : 4.069861083598323 size: 0.0
753999 : 4.377023129935204 size: 0.0
754999 : 4.096759514158568 size: 0.0
755999 : 4.083615568083727 size: 0.0
756999 : 4.002655423120663 size: 0.0
757999 : 4.016262346491627 size: 0.0
758999 : 4.075301926741019 size: 0.0
759999 : 4.057044248525423 size: 0.0
760999 : 4.334372464417133 size: 0.0
761999 : 4.074400049719894 size: 0.0
762999 : 4.151647433216132 size: 0.0
763999 : 4.308502834074349 size: 0.0
764999 : 4.092974176013078 size: 0.0
765999 : 4.242301208312426 size: 0.0
766999 : 4.22634568986128 size: 0.0
767999 : 4.048694490826033 size: 0.0
768999 : 4.121374015115355 size: 0.0
769999 : 4.192438966278376 size: 0.0
770999 : 4.171761836130442 size: 0.0
771999 : 4.036108800435893 size: 0.0
772999 : 4.02316779388907 size: 0.0
773999 : 4.097388970660726 size: 0.0
774999 : 4.096910170960724 size: 0.0
775999 : 4.187917198421891 size: 0.0
776999 : 4.307484696781241 size: 0.0
777999 : 4.214500900731057 size: 0.0
778999 : 4.201685785484666 size: 0.0
779999 : 4.140997579544103 size: 0.0
780999 : 4.167092163194215 size: 0.0
781999 : 4.22453368065179 size: 0.0
782999 : 4.359986528540735 size: 0.0
783999 : 4.147807060622365 size: 0.0
784999 : 4.258493030925858 size: 0.0
785999 : 4.168325966731505 size: 0.0
786999 : 4.226101474497055 size: 0.0
787999 : 4.1861526564240386 size: 0.0
788999 : 4.159366358552156 size: 0.0
789999 : 4.021869668840358 size: 0.0
790999 : 4.294694347036574 size: 0.0
791999 : 4.1550530336685165 size: 0.0
792999 : 4.404175406888123 size: 0.0
793999 : 4.211276569992681 size: 0.0
794999 : 4.253644152067432 size: 0.0
795999 : 4.08355434226002 size: 0.0
796999 : 4.2162165996560645 size: 0.0
797999 : 4.342027068241735 size: 0.0
798999 : 4.13870264305099 size: 0.0
799999 : 4.25654997093641 size: 0.0
800999 : 4.085082236130285 size: 0.0
801999 : 4.051004905757725 size: 0.0
802999 : 4.379936172075518 size: 0.0
803999 : 4.225182055245543 size: 0.0
804999 : 4.208699581952152 size: 0.0
805999 : 4.059380116889441 size: 0.0
806999 : 4.297070459340895 size: 0.0
807999 : 4.063416549705192 size: 0.0
808999 : 4.121399124582381 size: 0.0
809999 : 4.094024990009849 size: 0.0
810999 : 4.179849148304615 size: 0.0
811999 : 4.235759332238907 size: 0.0
812999 : 4.076980821378742 size: 0.0
813999 : 4.277088139102447 size: 0.0
814999 : 4.115459187786881 size: 0.0
815999 : 4.280083044984572 size: 0.0
816999 : 4.271367652169448 size: 0.0
817999 : 4.16500016622912 size: 0.0
818999 : 4.203585505846096 size: 0.0
819999 : 4.135347261532656 size: 0.0
820999 : 4.361862515296346 size: 0.0
821999 : 4.122425173077429 size: 0.0
822999 : 4.297113798968913 size: 0.0
823999 : 4.307026878964645 size: 0.0
824999 : 4.049756999643064 size: 0.0
825999 : 4.190375862398626 size: 0.0
826999 : 4.260326365984056 size: 0.0
827999 : 4.1240896211724785 size: 0.0
828999 : 4.21538248379938 size: 0.0
829999 : 4.281218474445568 size: 0.0
830999 : 4.32384334256601 size: 0.0
831999 : 4.208892890451723 size: 0.0
832999 : 4.230089752170564 size: 0.0
833999 : 4.240046171794313 size: 0.0
834999 : 4.023307099836269 size: 0.0
835999 : 4.08157310212208 size: 0.0
836999 : 4.044016218757263 size: 0.0
837999 : 4.274219812451357 size: 0.0
838999 : 4.265551886847871 size: 0.0
839999 : 4.18736685393913 size: 0.0
840999 : 4.297317082462232 size: 0.0
841999 : 4.369084410771377 size: 0.0
842999 : 4.144062310382478 size: 0.0
843999 : 4.047828386196288 size: 0.0
844999 : 4.326746753677876 size: 0.0
845999 : 4.151375700627768 size: 0.0
846999 : 3.97864767695612 size: 0.0
847999 : 4.292924989524498 size: 0.0
848999 : 3.9786820734862927 size: 0.0
849999 : 4.13900361269 size: 0.0
850999 : 4.367932127010596 size: 0.0
851999 : 4.066407328003696 size: 0.0
852999 : 4.029818706963237 size: 0.0
853999 : 4.509298426366808 size: 0.0
854999 : 4.25723755757456 size: 0.0
855999 : 4.164863268039033 size: 0.0
856999 : 4.199239848224095 size: 0.0
857999 : 4.286397216028349 size: 0.0
858999 : 4.027230368067752 size: 0.0
859999 : 4.151212661074751 size: 0.0
860999 : 4.160591562956903 size: 0.0
861999 : 4.081519099569709 size: 0.0
862999 : 4.3740124016492 size: 0.0
863999 : 4.318899185319006 size: 0.0
864999 : 4.4217620088000515 size: 0.0
865999 : 4.199167959476034 size: 0.0
866999 : 4.145536889630976 size: 0.0
867999 : 4.241122439223413 size: 0.0
868999 : 4.243193110339801 size: 0.0
869999 : 4.257459071228871 size: 0.0
870999 : 4.058261197762929 size: 0.0
871999 : 4.291177989757033 size: 0.0
872999 : 4.2258957832466235 size: 0.0
873999 : 4.120992557595741 size: 0.0
874999 : 4.137249389651199 size: 0.0
875999 : 4.235285004087827 size: 0.0
876999 : 4.107071937869604 size: 0.0
877999 : 4.127781744721202 size: 0.0
878999 : 4.171894262771606 size: 0.0
879999 : 4.138851923991939 size: 0.0
880999 : 4.189872641162201 size: 0.0
881999 : 4.239475189393449 size: 0.0
882999 : 4.140434164379877 size: 0.0
883999 : 4.2844600034490306 size: 0.0
884999 : 4.206961525282534 size: 0.0
885999 : 4.208804491369179 size: 0.0
886999 : 4.190125455658969 size: 0.0
887999 : 4.199152825002758 size: 0.0
888999 : 4.13933863489388 size: 0.0
889999 : 4.225617515317527 size: 0.0
890999 : 4.202305610958375 size: 0.0
891999 : 4.106462431354946 size: 0.0
892999 : 4.196851697134214 size: 0.0
893999 : 4.217072041361456 size: 0.0
894999 : 4.096494660876239 size: 0.0
895999 : 4.2530607869157055 size: 0.0
896999 : 4.194627273527955 size: 0.0
897999 : 4.176263997964729 size: 0.0
898999 : 4.1754161234959755 size: 0.0
899999 : 4.085966914886323 size: 0.0
900999 : 4.190159852189142 size: 0.0
901999 : 4.152954157397387 size: 0.0
902999 : 4.153703657789848 size: 0.0
903999 : 4.191156663633543 size: 0.0
904999 : 4.210021784571986 size: 0.0
905999 : 4.211186107118327 size: 0.0
906999 : 4.244357432886142 size: 0.0
907999 : 4.242178756665012 size: 0.0
908999 : 4.1052413545338196 size: 0.0
909999 : 4.289396593459396 size: 0.0
910999 : 4.244871661012223 size: 0.0
911999 : 4.28499796518093 size: 0.0
912999 : 4.420795466302203 size: 0.0
913999 : 4.132388472007213 size: 0.0
914999 : 4.154607598602782 size: 0.0
915999 : 4.383082766655704 size: 0.0
916999 : 4.189736774868019 size: 0.0
917999 : 4.142435010540014 size: 0.0
918999 : 4.283092741374671 size: 0.0
919999 : 4.315608469277397 size: 0.0
920999 : 4.140133194740867 size: 0.0
921999 : 4.305912775352355 size: 0.0
922999 : 4.227472864155035 size: 0.0
923999 : 4.147408060872364 size: 0.0
924999 : 4.0937360591564 size: 0.0
925999 : 4.09458324569455 size: 0.0
926999 : 4.249031577371292 size: 0.0
927999 : 4.210945675372421 size: 0.0
928999 : 4.26690298255305 size: 0.0
929999 : 4.107062994771759 size: 0.0
930999 : 4.244825569661791 size: 0.0
931999 : 4.225116701838215 size: 0.0
932999 : 4.1220282371192365 size: 0.0
933999 : 4.199162799996508 size: 0.0
934999 : 4.209437387524354 size: 0.0
935999 : 4.230670021634575 size: 0.0
936999 : 4.231969522544494 size: 0.0
937999 : 4.064556106749809 size: 0.0
938999 : 4.205860836317012 size: 0.0
939999 : 4.03070235382337 size: 0.0
940999 : 3.9655952256515383 size: 0.0
941999 : 4.174034758844245 size: 0.0
942999 : 4.129995161437805 size: 0.0
943999 : 3.9959773367876603 size: 0.0
944999 : 4.1477881425307705 size: 0.0
945999 : 3.99194881517385 size: 0.0
946999 : 4.181804591044925 size: 0.0
947999 : 4.124599033784334 size: 0.0
948999 : 4.089309569688493 size: 0.0
949999 : 4.00055792271074 size: 0.0
950999 : 4.192976928010275 size: 0.0
951999 : 3.973644701642521 size: 0.0
952999 : 4.134169524339548 size: 0.0
953999 : 4.089725423738279 size: 0.0
954999 : 4.2263154209147284 size: 0.0
955999 : 4.242748707169971 size: 0.0
956999 : 4.200741600731429 size: 0.0
957999 : 4.171406176008458 size: 0.0
958999 : 4.252036114281865 size: 0.0
959999 : 4.243493392048207 size: 0.0
960999 : 4.185743681680287 size: 0.0
961999 : 4.168971245637542 size: 0.0
962999 : 4.27366430848907 size: 0.0
963999 : 4.195527774687872 size: 0.0
964999 : 4.19738312352538 size: 0.0
965999 : 4.287387148166715 size: 0.0
966999 : 4.102824310358594 size: 0.0
967999 : 4.190796875927938 size: 0.0
968999 : 4.089122452564354 size: 0.0
969999 : 4.155859288335762 size: 0.0
970999 : 4.06322496103213 size: 0.0
971999 : 4.2173004343218015 size: 0.0
972999 : 4.273311056124198 size: 0.0
973999 : 4.217589709140553 size: 0.0
974999 : 4.048152057545212 size: 0.0
975999 : 4.166908141757792 size: 0.0
976999 : 4.241829287918459 size: 0.0
977999 : 4.1994190541462935 size: 0.0
978999 : 4.212853650901093 size: 0.0
979999 : 4.407048549053437 size: 0.0
980999 : 4.338927940873187 size: 0.0
981999 : 3.9781293212464197 size: 0.0
982999 : 4.218518759420514 size: 0.0
983999 : 4.133046821594715 size: 0.0
984999 : 4.219582988064053 size: 0.0
985999 : 4.01607557333279 size: 0.0
986999 : 4.036193071934816 size: 0.0
987999 : 4.229919145380908 size: 0.0
988999 : 4.30296361685536 size: 0.0
989999 : 4.108732602346335 size: 0.0
990999 : 4.165950886323089 size: 0.0
991999 : 4.2880881494516325 size: 0.0
992999 : 4.193474645801872 size: 0.0
993999 : 4.29040785144647 size: 0.0
994999 : 4.262184466543977 size: 0.0
995999 : 4.129678713360218 size: 0.0
996999 : 4.1791309487546116 size: 0.0
997999 : 4.174979287562784 size: 0.0
998999 : 4.345981981280976 size: 0.0
999999 : 4.101803421343073 size: 0.0
1000999 : 4.138367276881807 size: 0.0
1001999 : 4.274398330442953 size: 0.0
1002999 : 4.330358045380693 size: 0.0
1003999 : 4.298927528004912 size: 0.0
1004999 : 4.175534103594467 size: 0.0
1005999 : 4.175021251329595 size: 0.0
1006999 : 4.165138784245715 size: 0.0
1007999 : 4.241213246063069 size: 0.0
1008999 : 4.280404308576384 size: 0.0
1009999 : 4.146528541595851 size: 0.0
1010999 : 4.198101667040685 size: 0.0
1011999 : 4.24313910778743 size: 0.0
1012999 : 4.121387429762122 size: 0.0
1013999 : 4.122449938579153 size: 0.0
1014999 : 3.9910080700736303 size: 0.0
1015999 : 4.150742804472594 size: 0.0
1016999 : 4.205744576045028 size: 0.0
1017999 : 4.129521521217329 size: 0.0
1018999 : 4.363262110109067 size: 0.0
1019999 : 4.030068769737591 size: 0.0
1020999 : 4.11166972205777 size: 0.0
1021999 : 4.066564864111887 size: 0.0
1022999 : 4.144848615062223 size: 0.0
1023999 : 4.0742779420377815 size: 0.0
1024999 : 4.305507240261621 size: 0.0
1025999 : 4.058701129383835 size: 0.0
1026999 : 4.021847655061047 size: 0.0
1027999 : 4.1262407801694705 size: 0.0
1028999 : 4.006332068230808 size: 0.0
1029999 : 4.235897606290201 size: 0.0
1030999 : 4.114271475600023 size: 0.0
1031999 : 4.228599350518187 size: 0.0
1032999 : 4.3582041003471925 size: 0.0
1033999 : 4.259193688245474 size: 0.0
1034999 : 4.265548447194854 size: 0.0
1035999 : 4.027429867942752 size: 0.0
1036999 : 4.214904028064679 size: 0.0
1037999 : 4.250137769781642 size: 0.0
1038999 : 4.138637289643662 size: 0.0
1039999 : 4.112206307928462 size: 0.0
1040999 : 4.186721575033093 size: 0.0
1041999 : 4.2345392873136865 size: 0.0
1042999 : 4.23587559251089 size: 0.0
1043999 : 4.230063266842331 size: 0.0
1044999 : 4.227541313250079 size: 0.0
1045999 : 4.1510630361685 size: 0.0
1046999 : 4.231408171172078 size: 0.0
1047999 : 3.9687593624621123 size: 0.0
1048999 : 4.235017743048386 size: 0.0
1049999 : 4.196329213840893 size: 0.0
1050999 : 4.277050302919257 size: 0.0
1051999 : 4.334462239360883 size: 0.0
1052999 : 4.23137859015613 size: 0.0
1053999 : 4.283430171335664 size: 0.0
1054999 : 4.339521281018664 size: 0.0
1055999 : 4.021727955136047 size: 0.0
1056999 : 4.206283913638134 size: 0.0
1057999 : 4.171434037197898 size: 0.0
1058999 : 4.261510638517898 size: 0.0
1059999 : 4.156639745605377 size: 0.0
1060999 : 4.143516093483338 size: 0.0
1061999 : 4.207954553108615 size: 0.0
1062999 : 4.126686559200507 size: 0.0
1063999 : 4.2946857479040315 size: 0.0
1064999 : 4.193004445234413 size: 0.0
1065999 : 4.272962963238852 size: 0.0
1066999 : 4.181058530305482 size: 0.0
1067999 : 4.250707032355997 size: 0.0
1068999 : 4.314673915552609 size: 0.0
1069999 : 4.305293293843947 size: 0.0
1070999 : 4.201374840851906 size: 0.0
1071999 : 4.283056968983291 size: 0.0
1072999 : 4.368916555704135 size: 0.0
1073999 : 4.13427168203416 size: 0.0
1074999 : 4.1388250946984035 size: 0.0
1075999 : 4.1994104550137505 size: 0.0
1076999 : 4.197222491729474 size: 0.0
1077999 : 4.11526553532201 size: 0.0
1078999 : 4.2927261775801 size: 0.0
1079999 : 4.299730686984441 size: 0.0
1080999 : 4.229354010390173 size: 0.0
1081999 : 4.276349645599642 size: 0.0
1082999 : 4.337488446085465 size: 0.0
1083999 : 4.1883192938596085 size: 0.0
1084999 : 4.202872809740921 size: 0.0
1085999 : 4.208750488816809 size: 0.0
1086999 : 4.146756246625594 size: 0.0
1087999 : 4.211785294673933 size: 0.0
1088999 : 4.17544501658132 size: 0.0
1089999 : 4.0349087054981725 size: 0.0
1090999 : 4.295693910203389 size: 0.0
1091999 : 4.336466869139341 size: 0.0
1092999 : 4.1819301383800545 size: 0.0
1093999 : 4.010792610263586 size: 0.0
1094999 : 3.9816886741886766 size: 0.0
1095999 : 4.0393379466884936 size: 0.0
1096999 : 4.134530687906359 size: 0.0
1097999 : 4.119285457803277 size: 0.0
1098999 : 3.971448827156305 size: 0.0
1099999 : 4.25052610660729 size: 0.0
1100999 : 4.302612084316996 size: 0.0
1101999 : 4.181503965371217 size: 0.0
1102999 : 3.9978495399249527 size: 0.0
1103999 : 4.182883610196439 size: 0.0
1104999 : 4.225158665605025 size: 0.0
1105999 : 4.123403410395536 size: 0.0
1106999 : 4.243973223644115 size: 0.0
1107999 : 4.109259557188579 size: 0.0
1108999 : 4.234451576161747 size: 0.0
1109999 : 4.189475361238708 size: 0.0
1110999 : 4.056399657549989 size: 0.0
1111999 : 4.231935126014322 size: 0.0
1112999 : 4.164568489775454 size: 0.0
1113999 : 4.281265597691904 size: 0.0
1114999 : 4.1238426540858395 size: 0.0
1115999 : 3.9506007462534134 size: 0.0
1116999 : 4.166561080768351 size: 0.0
1117999 : 4.109723222415305 size: 0.0
1118999 : 4.009529913640951 size: 0.0
1119999 : 4.1330743388188536 size: 0.0
1120999 : 3.9655542937806327 size: 0.0
1121999 : 4.0674203058172775 size: 0.0
1122999 : 4.139389541758535 size: 0.0
1123999 : 4.2220168865390635 size: 0.0
1124999 : 4.234479437351186 size: 0.0
1125999 : 4.142035666824711 size: 0.0
1126999 : 4.110016280852375 size: 0.0
1127999 : 4.275027099014507 size: 0.0
1128999 : 4.251647089525614 size: 0.0
1129999 : 4.186442963138695 size: 0.0
1130999 : 4.3973132991186965 size: 0.0
1131999 : 4.241453677808975 size: 0.0
1132999 : 4.196586843851885 size: 0.0
1133999 : 4.079280573386079 size: 0.0
1134999 : 4.095111576398001 size: 0.0
1135999 : 4.176495830578092 size: 0.0
1136999 : 4.156744655022403 size: 0.0
1137999 : 4.275351114328733 size: 0.0
1138999 : 4.2651535750284735 size: 0.0
1139999 : 4.297022304198653 size: 0.0
1140999 : 4.08746522774064 size: 0.0
1141999 : 4.205214181549767 size: 0.0
1142999 : 4.300112832434658 size: 0.0
1143999 : 4.071539634270744 size: 0.0
1144999 : 4.167523839647881 size: 0.0
1145999 : 4.222231176922039 size: 0.0
1146999 : 4.207760900643744 size: 0.0
1147999 : 4.110491296934058 size: 0.0
1148999 : 4.054062069359462 size: 0.0
1149999 : 3.8591967828340548 size: 0.0
1150999 : 4.098369959701247 size: 0.0
1151999 : 4.222410382844237 size: 0.0
1152999 : 4.176387137542746 size: 0.0
1153999 : 4.078093893095126 size: 0.0
1154999 : 4.208910432682111 size: 0.0
1155999 : 4.114210593741617 size: 0.0
1156999 : 4.105249609701061 size: 0.0
1157999 : 4.031867020335013 size: 0.0
1158999 : 4.162582434123291 size: 0.0
1159999 : 4.069950514576772 size: 0.0
1160999 : 4.11457588489205 size: 0.0
1161999 : 4.0751124018597675 size: 0.0
1162999 : 4.0257251759074 size: 0.0
1163999 : 4.119800717825262 size: 0.0
1164999 : 4.157642060494606 size: 0.0
1165999 : 4.1575502217590445 size: 0.0
1166999 : 4.127694377534563 size: 0.0
1167999 : 4.096508419488308 size: 0.0
1168999 : 4.096523897926886 size: 0.0
1169999 : 4.147621663324735 size: 0.0
1170999 : 4.092700723598206 size: 0.0
1171999 : 4.132369553915618 size: 0.0
1172999 : 4.127971957533056 size: 0.0
1173999 : 4.233419336291267 size: 0.0
1174999 : 4.221090587981516 size: 0.0
1175999 : 4.088088148902065 size: 0.0
1176999 : 4.044715500215672 size: 0.0
1177999 : 4.079595989567761 size: 0.0
1178999 : 4.2374323794665 size: 0.0
1179999 : 4.232933313319929 size: 0.0
1180999 : 4.2390273465706025 size: 0.0
1181999 : 4.186633519915851 size: 0.0
1182999 : 4.182192583905271 size: 0.0
1183999 : 4.10633963574223 size: 0.0
1184999 : 4.181378418036087 size: 0.0
1185999 : 4.060550974776516 size: 0.0
1186999 : 4.0152476488515365 size: 0.0
1187999 : 4.194279180642608 size: 0.0
1188999 : 4.122633616050274 size: 0.0
1189999 : 4.292416952773849 size: 0.0
1190999 : 4.115839613410589 size: 0.0
1191999 : 4.176786825223352 size: 0.0
1192999 : 4.162978338185577 size: 0.0
1193999 : 4.091603818251002 size: 0.0
1194999 : 3.954971513342441 size: 0.0
1195999 : 4.180247116158712 size: 0.0
1196999 : 4.341555491813069 size: 0.0
1197999 : 4.080918536152896 size: 0.0
1198999 : 4.1170686014336555 size: 0.0
1199999 : 4.309210370699999 size: 0.0
1200999 : 4.325602381119035 size: 0.0
1201999 : 4.322727519127212 size: 0.0
1202999 : 4.101654484367425 size: 0.0
1203999 : 4.152797653185102 size: 0.0
1204999 : 4.288785023152928 size: 0.0
1205999 : 4.373256365916007 size: 0.0
1206999 : 4.311010341123929 size: 0.0
1207999 : 4.208653146636419 size: 0.0
1208999 : 4.08377963953265 size: 0.0
1209999 : 4.1700354742810815 size: 0.0
1210999 : 4.409776193896121 size: 0.0
1211999 : 4.153620418186829 size: 0.0
1212999 : 4.322738182051566 size: 0.0
1213999 : 4.157500002824993 size: 0.0
1214999 : 4.209602490869183 size: 0.0
1215999 : 4.301387911808155 size: 0.0
1216999 : 4.040783976816948 size: 0.0
1217999 : 4.165333812571794 size: 0.0
1218999 : 4.244316844980538 size: 0.0
1219999 : 4.134972683319077 size: 0.0
1220999 : 4.24216431012234 size: 0.0
1221999 : 4.193363888974716 size: 0.0
1222999 : 4.094166015783557 size: 0.0
1223999 : 4.187640306354002 size: 0.0
1224999 : 4.371419247239491 size: 0.0
1225999 : 4.364357639595063 size: 0.0
1226999 : 4.167894978208443 size: 0.0
1227999 : 4.155475767024337 size: 0.0
1228999 : 4.23245107396691 size: 0.0
1229999 : 4.28470112312554 size: 0.0
1230999 : 4.1373140551279235 size: 0.0
1231999 : 4.159972769379098 size: 0.0
1232999 : 4.32527251839468 size: 0.0
1233999 : 3.9734025500701065 size: 0.0
1234999 : 4.0761449856955485 size: 0.0
1235999 : 4.007897798284263 size: 0.0
1236999 : 4.1648343749536885 size: 0.0
1237999 : 4.160513138868109 size: 0.0
1238999 : 4.059492593543106 size: 0.0
1239999 : 4.007483664060985 size: 0.0
1240999 : 4.087231331335467 size: 0.0
1241999 : 3.982393459091912 size: 0.0
1242999 : 4.140453426436773 size: 0.0
1243999 : 4.162272177421134 size: 0.0
1244999 : 4.3786903297526685 size: 0.0
1245999 : 4.0829066555968705 size: 0.0
1246999 : 4.164234155502177 size: 0.0
1247999 : 4.168065928963401 size: 0.0
1248999 : 4.239826034001209 size: 0.0
1249999 : 4.044849646683344 size: 0.0
1250999 : 4.292790499091523 size: 0.0
1251999 : 4.166165864636668 size: 0.0
1252999 : 4.225718297150933 size: 0.0
1253999 : 4.217920947726115 size: 0.0
1254999 : 4.097933467733357 size: 0.0
1255999 : 4.261811264191605 size: 0.0
1256999 : 4.088335115988704 size: 0.0
1257999 : 4.002717336874974 size: 0.0
1258999 : 4.122821421105016 size: 0.0
1259999 : 4.150060033348668 size: 0.0
1260999 : 4.130181590631341 size: 0.0
1261999 : 4.160306415721772 size: 0.0
1262999 : 3.9841442424776954 size: 0.0
1263999 : 4.071742573798762 size: 0.0
1264999 : 4.1468570284589985 size: 0.0
1265999 : 4.0819886122065645 size: 0.0
1266999 : 3.9968888448372333 size: 0.0
1267999 : 4.197347695099302 size: 0.0
1268999 : 4.18660531476111 size: 0.0
1269999 : 4.154108504949979 size: 0.0
1270999 : 4.1191547509886215 size: 0.0
1271999 : 4.267001700594645 size: 0.0
1272999 : 4.121002876554793 size: 0.0
1273999 : 4.23596123987102 size: 0.0
1274999 : 4.399803951868492 size: 0.0
1275999 : 4.159091874241379 size: 0.0
1276999 : 4.223856412972692 size: 0.0
1277999 : 4.150042491118279 size: 0.0
1278999 : 4.198575307261161 size: 0.0
1279999 : 4.2134655651728625 size: 0.0
1280999 : 4.044478852088084 size: 0.0
1281999 : 4.2895868062712506 size: 0.0
1282999 : 4.192622299784196 size: 0.0
1283999 : 4.056107974974126 size: 0.0
1284999 : 4.0908952497294475 size: 0.0
1285999 : 4.08198964410247 size: 0.0
1286999 : 4.289902910383536 size: 0.0
1287999 : 4.235962271766925 size: 0.0
1288999 : 4.000770837232508 size: 0.0
1289999 : 4.0934295860725625 size: 0.0
1290999 : 4.11170549444915 size: 0.0
1291999 : 4.273515371513423 size: 0.0
1292999 : 4.164697476763601 size: 0.0
1293999 : 4.182231795949669 size: 0.0
1294999 : 4.002884847976914 size: 0.0
1295999 : 4.329180996118188 size: 0.0
1296999 : 4.266268022606064 size: 0.0
1297999 : 4.1408679046253525 size: 0.0
1298999 : 4.146092737558565 size: 0.0
1299999 : 4.050785455895223 size: 0.0
1300999 : 4.0902217656686695 size: 0.0
1301999 : 4.177259089582621 size: 0.0
1302999 : 4.227090374739516 size: 0.0
1303999 : 4.1310091711472925 size: 0.0
1304999 : 4.151171729203845 size: 0.0
1305999 : 4.081245303189536 size: 0.0
1306999 : 3.9511036235245363 size: 0.0
1307999 : 4.043468969962218 size: 0.0
1308999 : 4.10514573217994 size: 0.0
1309999 : 4.1679555161015465 size: 0.0
1310999 : 4.254988024501274 size: 0.0
1311999 : 4.248559313012023 size: 0.0
1312999 : 4.11989393242203 size: 0.0
1313999 : 4.253691619279071 size: 0.0
1314999 : 4.286793808021239 size: 0.0
1315999 : 4.083324573438467 size: 0.0
1316999 : 4.099883750994142 size: 0.0
1317999 : 4.215877793833864 size: 0.0
1318999 : 4.116684048226326 size: 0.0
1319999 : 4.206414964418091 size: 0.0
1320999 : 4.291416357711129 size: 0.0
1321999 : 4.348731295937669 size: 0.0
1322999 : 4.202750702058808 size: 0.0
1323999 : 4.1154609076133895 size: 0.0
1324999 : 4.2214300817343196 size: 0.0
1325999 : 4.219444026082156 size: 0.0
1326999 : 4.179886296557202 size: 0.0
1327999 : 3.9988480711958623 size: 0.0
1328999 : 4.148269349987884 size: 0.0
1329999 : 4.138981942875991 size: 0.0
1330999 : 4.144188889613513 size: 0.0
1331999 : 4.289001721293015 size: 0.0
1332999 : 4.028059668410212 size: 0.0
1333999 : 4.176852866561283 size: 0.0
1334999 : 4.1268313685925335 size: 0.0
1335999 : 4.1793786037718546 size: 0.0
1336999 : 4.253338022948896 size: 0.0
1337999 : 4.044244611717609 size: 0.0
1338999 : 4.113357903758639 size: 0.0
1339999 : 4.170821091030223 size: 0.0
1340999 : 4.316196305978046 size: 0.0
1341999 : 4.153461162252131 size: 0.0
1342999 : 4.288238806253788 size: 0.0
1343999 : 4.240831444578153 size: 0.0
1344999 : 4.072327658776997 size: 0.0
1345999 : 4.339003613239567 size: 0.0
1346999 : 4.242379288435918 size: 0.0
1347999 : 4.038311898193446 size: 0.0
1348999 : 4.331603543738241 size: 0.0
1349999 : 4.133044069872302 size: 0.0
1350999 : 4.174249393192522 size: 0.0
1351999 : 4.452718885955357 size: 0.0
1352999 : 4.413888299078251 size: 0.0
1353999 : 4.169515742710174 size: 0.0
1354999 : 4.242523409897341 size: 0.0
1355999 : 4.249181202277542 size: 0.0
1356999 : 4.265441817951319 size: 0.0
1357999 : 4.225181367314939 size: 0.0
1358999 : 4.145634575776666 size: 0.0
1359999 : 4.152028202805142 size: 0.0
1360999 : 4.390849503168669 size: 0.0
1361999 : 4.211959341116606 size: 0.0
1362999 : 4.278139984995124 size: 0.0
1363999 : 4.2573655126668015 size: 0.0
1364999 : 4.089146874100776 size: 0.0
1365999 : 4.1878091933171495 size: 0.0
1366999 : 4.27754114140482 size: 0.0
1367999 : 4.218840366977627 size: 0.0
1368999 : 4.317310065625033 size: 0.0
1369999 : 4.201136128932508 size: 0.0
1370999 : 4.168565710546808 size: 0.0
1371999 : 4.238372092670815 size: 0.0
1372999 : 4.301018837039403 size: 0.0
1373999 : 4.224416732449203 size: 0.0
1374999 : 4.142586011307472 size: 0.0
1375999 : 4.163034404529758 size: 0.0
1376999 : 4.024464887041877 size: 0.0
1377999 : 4.237506675971673 size: 0.0
1378999 : 4.147485453065252 size: 0.0
1379999 : 4.078499084220558 size: 0.0
1380999 : 4.150168382418712 size: 0.0
1381999 : 4.122944904648335 size: 0.0
1382999 : 4.264889409676748 size: 0.0
1383999 : 4.187100624795594 size: 0.0
1384999 : 4.200310268243065 size: 0.0
1385999 : 4.2082644658454695 size: 0.0
1386999 : 4.173714183183037 size: 0.0
1387999 : 4.218274544056289 size: 0.0
1388999 : 4.304728846783815 size: 0.0
1389999 : 4.0621077617321255 size: 0.0
1390999 : 4.059887465709487 size: 0.0
1391999 : 4.058598283758619 size: 0.0
1392999 : 4.171650735337985 size: 0.0
1393999 : 4.23129087900419 size: 0.0
1394999 : 4.046741111877534 size: 0.0
1395999 : 4.137472623132019 size: 0.0
1396999 : 4.141831007470184 size: 0.0
1397999 : 4.344256307362219 size: 0.0
1398999 : 4.145711624004252 size: 0.0
1399999 : 4.160684433588369 size: 0.0
1400999 : 4.169198262736681 size: 0.0
1401999 : 4.198776870927972 size: 0.0
1402999 : 4.088389806471678 size: 0.0
1403999 : 4.017764442964262 size: 0.0
1404999 : 4.01702044601663 size: 0.0
1405999 : 4.0160975871121005 size: 0.0
1406999 : 4.050495493145869 size: 0.0
1407999 : 4.176031133455461 size: 0.0
1408999 : 4.075885979823349 size: 0.0
1409999 : 4.139231661685043 size: 0.0
1410999 : 4.070040977451125 size: 0.0
1411999 : 4.051423511529925 size: 0.0
1412999 : 4.187264696244518 size: 0.0
1413999 : 4.266545258639255 size: 0.0
1414999 : 4.222622609435402 size: 0.0
1415999 : 4.201668587219579 size: 0.0
1416999 : 4.192586527392816 size: 0.0
1417999 : 4.212126852218547 size: 0.0
1418999 : 4.1567869627545155 size: 0.0
1419999 : 4.391880367177941 size: 0.0
1420999 : 4.260362482340737 size: 0.0
1421999 : 4.093026114773638 size: 0.0
1422999 : 4.157487964039433 size: 0.0
1423999 : 4.087858380080513 size: 0.0
1424999 : 4.188147999139349 size: 0.0
1425999 : 4.2880076615710285 size: 0.0
1426999 : 4.401820964397811 size: 0.0
1427999 : 4.186343213201194 size: 0.0
1428999 : 4.264057701577175 size: 0.0
1429999 : 4.100427904101472 size: 0.0
1430999 : 4.078749146994912 size: 0.0
1431999 : 4.092130429127945 size: 0.0
1432999 : 4.095267736644984 size: 0.0
1433999 : 4.163902572951313 size: 0.0
1434999 : 4.072054550327427 size: 0.0
1435999 : 4.048821070057069 size: 0.0
1436999 : 4.146124382366323 size: 0.0
1437999 : 4.033357078022088 size: 0.0
1438999 : 3.9945595118139474 size: 0.0
1439999 : 4.194763483787438 size: 0.0
1440999 : 4.102786474175404 size: 0.0
1441999 : 4.079714657596857 size: 0.0
1442999 : 4.023018856913423 size: 0.0
1443999 : 3.9741606495951096 size: 0.0
1444999 : 4.021519512163201 size: 0.0
1445999 : 4.014129073690325 size: 0.0
1446999 : 4.03683181550012 size: 0.0
1447999 : 4.073828035423125 size: 0.0
1448999 : 4.182067380535443 size: 0.0
1449999 : 4.077161747127449 size: 0.0
1450999 : 4.211650804240959 size: 0.0
1451999 : 4.074899143372698 size: 0.0
1452999 : 4.044245987578816 size: 0.0
1453999 : 4.232972181399024 size: 0.0
1454999 : 4.145514875851665 size: 0.0
1455999 : 4.06635814096555 size: 0.0
1456999 : 4.299927435137028 size: 0.0
1457999 : 4.128653696761075 size: 0.0
1458999 : 4.286482175457875 size: 0.0
1459999 : 4.1851634122162755 size: 0.0
1460999 : 4.170868214276559 size: 0.0
1461999 : 4.2775676267330525 size: 0.0
1462999 : 4.2467132512376615 size: 0.0
1463999 : 4.1696522969349585 size: 0.0
1464999 : 4.13817259252103 size: 0.0
1465999 : 4.064001634683427 size: 0.0
1466999 : 4.133505327341916 size: 0.0
1467999 : 4.048867505372802 size: 0.0
1468999 : 4.167944853177193 size: 0.0
1469999 : 4.219860912027848 size: 0.0
1470999 : 4.3561127913127 size: 0.0
1471999 : 4.207153801886198 size: 0.0
1472999 : 4.155307224026492 size: 0.0
1473999 : 4.302753454056005 size: 0.0
1474999 : 3.9817161914128145 size: 0.0
1475999 : 4.082651089377689 size: 0.0
1476999 : 4.165216864369207 size: 0.0
1477999 : 4.079333200077243 size: 0.0
1478999 : 4.171501110431734 size: 0.0
1479999 : 4.2742057098739865 size: 0.0
1480999 : 4.324050409677649 size: 0.0
1481999 : 4.153847435285969 size: 0.0
1482999 : 4.1307188644326365 size: 0.0
1483999 : 4.223010258330447 size: 0.0
1484999 : 4.202290476485099 size: 0.0
1485999 : 4.286784520958092 size: 0.0
1486999 : 4.270962461044015 size: 0.0
1487999 : 4.202909270062904 size: 0.0
1488999 : 4.123815136861701 size: 0.0
1489999 : 4.136735505490421 size: 0.0
1490999 : 3.9895641037369862 size: 0.0
1491999 : 4.160706447367679 size: 0.0
1492999 : 4.032798134406784 size: 0.0
1493999 : 4.255676987000631 size: 0.0
1494999 : 4.074662839210412 size: 0.0
1495999 : 4.124622423424851 size: 0.0
1496999 : 4.002635129167861 size: 0.0
1497999 : 4.145891517857055 size: 0.0
1498999 : 4.159663888538149 size: 0.0
1499999 : 4.057874236798487 size: 0.0
1500999 : 4.108565779174998 size: 0.0
1501999 : 4.110434542659274 size: 0.0
1502999 : 4.106970812070896 size: 0.0
1503999 : 4.167802107576977 size: 0.0
1504999 : 4.160669643080395 size: 0.0
1505999 : 4.060247941345695 size: 0.0
1506999 : 4.2065274410717555 size: 0.0
1507999 : 4.091350315823631 size: 0.0
1508999 : 4.105287789849553 size: 0.0
1509999 : 4.297169521347792 size: 0.0
1510999 : 4.1538601620021325 size: 0.0
1511999 : 4.2955387818523105 size: 0.0
1512999 : 4.261496535940527 size: 0.0
1513999 : 4.024622767115369 size: 0.0
1514999 : 4.054192776174117 size: 0.0
1515999 : 4.312831981361868 size: 0.0
1516999 : 4.278005150596847 size: 0.0
1517999 : 4.257759008971976 size: 0.0
1518999 : 4.0835956180962265 size: 0.0
1519999 : 4.273731381722906 size: 0.0
1520999 : 4.347712126748656 size: 0.0
1521999 : 4.228972552870559 size: 0.0
1522999 : 3.941254865040227 size: 0.0
1523999 : 4.223273391786267 size: 0.0
1524999 : 4.112444675882558 size: 0.0
1525999 : 4.292339904546263 size: 0.0
1526999 : 4.268356579918142 size: 0.0
1527999 : 4.105344544124337 size: 0.0
1528999 : 4.010254992496989 size: 0.0
1529999 : 3.8420102125680327 size: 0.0
1530999 : 4.082645929898162 size: 0.0
1531999 : 4.114735828757352 size: 0.0
1532999 : 4.188523609248834 size: 0.0
1533999 : 4.150333829728841 size: 0.0
1534999 : 4.304250391049115 size: 0.0
1535999 : 4.020712913530654 size: 0.0
1536999 : 4.053688523041788 size: 0.0
1537999 : 4.335042852790196 size: 0.0
1538999 : 4.085370479053131 size: 0.0
1539999 : 4.008643859023707 size: 0.0
1540999 : 4.088068198914565 size: 0.0
1541999 : 4.1639008531248045 size: 0.0
1542999 : 4.182511439739971 size: 0.0
1543999 : 4.180021130955478 size: 0.0
1544999 : 4.164224524473728 size: 0.0
1545999 : 4.177010058704171 size: 0.0
1546999 : 3.947631293803616 size: 0.0
1547999 : 4.252374232173461 size: 0.0
1548999 : 4.080867629288241 size: 0.0
1549999 : 4.244760560219765 size: 0.0
1550999 : 4.076618625916025 size: 0.0
1551999 : 4.0448850751094225 size: 0.0
1552999 : 4.16249850658967 size: 0.0
1553999 : 3.9615808066150984 size: 0.0
1554999 : 4.0800077160339265 size: 0.0
1555999 : 4.217286331744431 size: 0.0
1556999 : 4.199367459351035 size: 0.0
1557999 : 4.128068955748142 size: 0.0
1558999 : 4.199594476450174 size: 0.0
1559999 : 4.250073104304917 size: 0.0
1560999 : 4.095236091837225 size: 0.0
1561999 : 4.2289735847664645 size: 0.0
1562999 : 4.215876417972658 size: 0.0
1563999 : 4.081044083488026 size: 0.0
1564999 : 4.211070190811646 size: 0.0
1565999 : 3.958266700932972 size: 0.0
1566999 : 4.193357009668682 size: 0.0
1567999 : 4.125716577049641 size: 0.0
1568999 : 4.14777816753702 size: 0.0
1569999 : 4.245369034838517 size: 0.0
1570999 : 4.161327648702596 size: 0.0
1571999 : 4.061305634648502 size: 0.0
1572999 : 4.132205482466694 size: 0.0
1573999 : 3.9977184891449955 size: 0.0
1574999 : 4.000831719090914 size: 0.0
1575999 : 4.188722765158532 size: 0.0
1576999 : 3.972697421201569 size: 0.0
1577999 : 3.986772481348181 size: 0.0
1578999 : 4.073294201274846 size: 0.0
1579999 : 4.167511800862321 size: 0.0
1580999 : 4.146573945015679 size: 0.0
1581999 : 4.121635772709968 size: 0.0
1582999 : 4.206622719460333 size: 0.0
1583999 : 4.17321646539144 size: 0.0
1584999 : 4.307549706223267 size: 0.0
1585999 : 4.2341592056552795 size: 0.0
1586999 : 3.9721763137694546 size: 0.0
1587999 : 4.169601046105002 size: 0.0
1588999 : 4.069532940700476 size: 0.0
1589999 : 4.092076770540875 size: 0.0
1590999 : 4.116659626689904 size: 0.0
1591999 : 3.981572757881995 size: 0.0
1592999 : 4.147555621986804 size: 0.0
1593999 : 4.020867009985827 size: 0.0
1594999 : 4.15456941845429 size: 0.0
1595999 : 4.1387136499406445 size: 0.0
1596999 : 4.201947199113977 size: 0.0
1597999 : 4.174457148234764 size: 0.0
1598999 : 4.068734597235172 size: 0.0
1599999 : 4.32416632598433 size: 0.0
1600999 : 4.0467885790891716 size: 0.0
1601999 : 4.197572992371932 size: 0.0
1602999 : 4.1842150998794185 size: 0.0
1603999 : 4.265945727118347 size: 0.0
1604999 : 4.197768020698011 size: 0.0
1605999 : 4.149260314022156 size: 0.0
1606999 : 4.031535781749451 size: 0.0
1607999 : 4.271739134695312 size: 0.0
1608999 : 4.375008525162998 size: 0.0
1609999 : 4.070992385475699 size: 0.0
1610999 : 4.4445232247111415 size: 0.0
1611999 : 4.237151703780293 size: 0.0
1612999 : 4.223547876097045 size: 0.0
1613999 : 4.193255539904673 size: 0.0
1614999 : 4.212195645278892 size: 0.0
1615999 : 4.158802943387929 size: 0.0
1616999 : 4.1766647175412395 size: 0.0
1617999 : 4.185676264481149 size: 0.0
1618999 : 4.215805217155201 size: 0.0
1619999 : 4.049079044033363 size: 0.0
1620999 : 4.3428346987701865 size: 0.0
1621999 : 4.4406880115969 size: 0.0
1622999 : 4.281967630872726 size: 0.0
1623999 : 4.284771636012394 size: 0.0
1624999 : 4.084036237647737 size: 0.0
1625999 : 4.073683569996399 size: 0.0
1626999 : 4.147187235148656 size: 0.0
1627999 : 4.220332488456513 size: 0.0
1628999 : 4.042300175866955 size: 0.0
1629999 : 4.162830777071137 size: 0.0
1630999 : 4.252602625133807 size: 0.0
1631999 : 4.259216389955387 size: 0.0
1632999 : 4.306425627617228 size: 0.0
1633999 : 4.226317484706539 size: 0.0
1634999 : 4.106314870240506 size: 0.0
1635999 : 4.167792820513831 size: 0.0
1636999 : 4.293266547069111 size: 0.0
1637999 : 4.34496831553679 size: 0.0
1638999 : 4.260800350169834 size: 0.0
1639999 : 4.177629196247278 size: 0.0
1640999 : 4.203108425972603 size: 0.0
1641999 : 4.319841306280432 size: 0.0
1642999 : 4.181155872485871 size: 0.0
1643999 : 4.027563326479822 size: 0.0
1644999 : 4.189949689389787 size: 0.0
1645999 : 4.1754161234959755 size: 0.0
1646999 : 4.158909228666163 size: 0.0
1647999 : 4.165859735518132 size: 0.0
1648999 : 4.175864998214727 size: 0.0
1649999 : 4.091270515873631 size: 0.0
1650999 : 4.054831863704724 size: 0.0
1651999 : 4.133795634056572 size: 0.0
1652999 : 4.155649813467011 size: 0.0
1653999 : 4.283761409921226 size: 0.0
1654999 : 4.172892794042516 size: 0.0
1655999 : 4.245503181306191 size: 0.0
1656999 : 4.060737747935352 size: 0.0
1657999 : 4.1085860731278 size: 0.0
1658999 : 3.875331163242098 size: 0.0
1659999 : 4.094548849164378 size: 0.0
1660999 : 4.096959014033569 size: 0.0
1661999 : 4.116389613928049 size: 0.0
1662999 : 4.217320384309302 size: 0.0
1663999 : 4.222832084304153 size: 0.0
1664999 : 4.10083619091462 size: 0.0
1665999 : 4.172220341877642 size: 0.0
1666999 : 4.196429651708996 size: 0.0
1667999 : 4.200734377460092 size: 0.0
1668999 : 4.118133861973099 size: 0.0
1669999 : 4.173997266626357 size: 0.0
1670999 : 4.161321113361863 size: 0.0
1671999 : 4.48879775041866 size: 0.0
1672999 : 4.358784025845901 size: 0.0
1673999 : 4.271597764956303 size: 0.0
1674999 : 4.230520396728324 size: 0.0
1675999 : 4.18921463554 size: 0.0
1676999 : 4.189259694994526 size: 0.0
1677999 : 4.151532892770657 size: 0.0
1678999 : 4.276234761188865 size: 0.0
1679999 : 4.181496398134579 size: 0.0
1680999 : 4.142723941393464 size: 0.0
1681999 : 4.157610071721545 size: 0.0
1682999 : 4.0986028242105155 size: 0.0
1683999 : 4.115875729767271 size: 0.0
1684999 : 4.233081218399671 size: 0.0
1685999 : 4.067288567106717 size: 0.0
1686999 : 4.206087165485546 size: 0.0
1687999 : 4.154877955329939 size: 0.0
1688999 : 4.155758850467658 size: 0.0
1689999 : 4.196208138054685 size: 0.0
1690999 : 4.092402161716308 size: 0.0
1691999 : 4.082552027370792 size: 0.0
1692999 : 4.07319135564963 size: 0.0
1693999 : 4.245506276993906 size: 0.0
1694999 : 4.106946390534474 size: 0.0
1695999 : 3.984984893675113 size: 0.0
1696999 : 4.178353931138013 size: 0.0
1697999 : 4.107813527060124 size: 0.0
1698999 : 4.097164017353397 size: 0.0
1699999 : 4.038606676457024 size: 0.0
1700999 : 4.053935146163125 size: 0.0
1701999 : 4.155466479961191 size: 0.0
1702999 : 4.13458262666692 size: 0.0
1703999 : 4.118400779047239 size: 0.0
1704999 : 4.228527805735427 size: 0.0
1705999 : 4.263666956994415 size: 0.0
1706999 : 4.062249819401738 size: 0.0
1707999 : 4.001542351404279 size: 0.0
1708999 : 4.16210191459678 size: 0.0
1709999 : 4.1955074807350705 size: 0.0
1710999 : 4.326524896058263 size: 0.0
1711999 : 4.146722538026024 size: 0.0
1712999 : 4.16832287104379 size: 0.0
1713999 : 4.308859870057541 size: 0.0
1714999 : 4.161469362406907 size: 0.0
1715999 : 4.329166893540817 size: 0.0
1716999 : 4.248890895562886 size: 0.0
1717999 : 4.152981330656224 size: 0.0
1718999 : 4.188297968010901 size: 0.0
1719999 : 4.239120905132672 size: 0.0
1720999 : 4.0831388321755355 size: 0.0
1721999 : 4.200397979395005 size: 0.0
1722999 : 4.296818676740032 size: 0.0
1723999 : 4.108408243066807 size: 0.0
1724999 : 4.245635263982053 size: 0.0
1725999 : 4.202548106496092 size: 0.0
1726999 : 4.165306983278259 size: 0.0
1727999 : 4.244408339750798 size: 0.0
1728999 : 4.201794134554709 size: 0.0
1729999 : 4.022027204948548 size: 0.0
1730999 : 4.016295711125895 size: 0.0
1731999 : 4.110763029522421 size: 0.0
1732999 : 4.263003103962085 size: 0.0
1733999 : 4.097184999236802 size: 0.0
1734999 : 4.155459600655156 size: 0.0
1735999 : 4.052632205600188 size: 0.0
1736999 : 4.251736520504062 size: 0.0
1737999 : 4.236205455235245 size: 0.0
1738999 : 4.210966657255827 size: 0.0
1739999 : 4.211206401071129 size: 0.0
1740999 : 4.2628545109517395 size: 0.0
1741999 : 4.16716302004637 size: 0.0
1742999 : 4.140037916352289 size: 0.0
1743999 : 4.275251708356534 size: 0.0
1744999 : 4.300675903633583 size: 0.0
1745999 : 4.112302618212945 size: 0.0
1746999 : 4.228395035128962 size: 0.0
1747999 : 4.231678871864536 size: 0.0
1748999 : 4.235974310552486 size: 0.0
1749999 : 4.104084943189418 size: 0.0
1750999 : 4.186911443879645 size: 0.0
1751999 : 4.301507955698457 size: 0.0
1752999 : 4.2988147073859455 size: 0.0
1753999 : 4.060704383301085 size: 0.0
1754999 : 4.0673033576146915 size: 0.0
1755999 : 4.046412968979688 size: 0.0
1756999 : 4.252864038763119 size: 0.0
1757999 : 4.153374482996096 size: 0.0
1758999 : 4.26259756887135 size: 0.0
1759999 : 4.197106575422793 size: 0.0
1760999 : 4.227190468642318 size: 0.0
1761999 : 4.361171489005179 size: 0.0
1762999 : 4.202744510683377 size: 0.0
1763999 : 4.243774067734416 size: 0.0
1764999 : 4.215691708605631 size: 0.0
1765999 : 4.115191582782138 size: 0.0
1766999 : 4.324704631681531 size: 0.0
1767999 : 4.138751486123835 size: 0.0
1768999 : 4.064059420854117 size: 0.0
1769999 : 4.054131206385109 size: 0.0
1770999 : 4.009151207843751 size: 0.0
1771999 : 4.171332223468587 size: 0.0
1772999 : 4.1482139715743065 size: 0.0
1773999 : 4.101949262631004 size: 0.0
1774999 : 4.138074562410039 size: 0.0
1775999 : 4.069294916711683 size: 0.0
1776999 : 4.116772447308869 size: 0.0
1777999 : 4.083932016161315 size: 0.0
1778999 : 4.083646524960882 size: 0.0
1779999 : 4.263405543365104 size: 0.0
1780999 : 4.266800136927833 size: 0.0
1781999 : 4.089756036650132 size: 0.0
1782999 : 4.045136513744984 size: 0.0
1783999 : 4.047328260647579 size: 0.0
1784999 : 4.009138481127588 size: 0.0
1785999 : 4.247183107839819 size: 0.0
1786999 : 4.141514903357899 size: 0.0
1787999 : 4.10278372245299 size: 0.0
1788999 : 4.3025288447139785 size: 0.0
1789999 : 4.123311227694673 size: 0.0
1790999 : 4.20790364624396 size: 0.0
1791999 : 4.079054244217543 size: 0.0
1792999 : 4.152973763419586 size: 0.0
1793999 : 4.018876482784742 size: 0.0
1794999 : 4.136048950748177 size: 0.0
1795999 : 4.314818724944635 size: 0.0
1796999 : 4.3539017823532085 size: 0.0
1797999 : 4.191623424547984 size: 0.0
1798999 : 4.288379144096892 size: 0.0
1799999 : 4.259187840835344 size: 0.0
1800999 : 4.263084279773292 size: 0.0
1801999 : 4.23979232540164 size: 0.0
1802999 : 4.224773080501791 size: 0.0
1803999 : 4.257533711699345 size: 0.0
1804999 : 4.2530693860482485 size: 0.0
1805999 : 4.244987921284205 size: 0.0
1806999 : 4.25060005914716 size: 0.0
1807999 : 4.186901812851197 size: 0.0
1808999 : 4.277293486387577 size: 0.0
1809999 : 4.179024319511077 size: 0.0
1810999 : 4.190688182892592 size: 0.0
1811999 : 4.182454341499885 size: 0.0
1812999 : 4.30580992972714 size: 0.0
1813999 : 4.194054915265883 size: 0.0
1814999 : 4.2047446689129115 size: 0.0
1815999 : 4.107457179007536 size: 0.0
1816999 : 4.389830677944958 size: 0.0
1817999 : 4.203541822252777 size: 0.0
1818999 : 4.252086677181219 size: 0.0
1819999 : 4.199361611940906 size: 0.0
1820999 : 4.221222670657379 size: 0.0
1821999 : 4.252598841515488 size: 0.0
1822999 : 4.174499112001575 size: 0.0
1823999 : 4.388735148458961 size: 0.0
1824999 : 4.125032086099207 size: 0.0
1825999 : 4.140906428739146 size: 0.0
1826999 : 4.396705512430548 size: 0.0
1827999 : 4.118246682592066 size: 0.0
1828999 : 4.244262842428168 size: 0.0
1829999 : 4.216143679012099 size: 0.0
1830999 : 4.169789539090347 size: 0.0
1831999 : 3.9864161332955934 size: 0.0
1832999 : 4.212187734076952 size: 0.0
1833999 : 4.008094890402152 size: 0.0
1834999 : 4.158871736448274 size: 0.0
1835999 : 4.2362329724593835 size: 0.0
1836999 : 4.101548543054494 size: 0.0
1837999 : 4.08377963953265 size: 0.0
1838999 : 4.222430332831737 size: 0.0
1839999 : 4.243531228231397 size: 0.0
1840999 : 4.190983649086775 size: 0.0
1841999 : 4.040344389161342 size: 0.0
1842999 : 4.100976872723026 size: 0.0
1843999 : 4.123942747988642 size: 0.0
1844999 : 4.131415050203329 size: 0.0
1845999 : 4.165632374453692 size: 0.0
1846999 : 3.957730459027582 size: 0.0
1847999 : 4.132884813937602 size: 0.0
1848999 : 4.078315750714738 size: 0.0
1849999 : 4.2307260879787565 size: 0.0
1850999 : 4.117568726982364 size: 0.0
1851999 : 4.151923981318719 size: 0.0
1852999 : 4.205805801868735 size: 0.0
1853999 : 4.159168922468965 size: 0.0
1854999 : 4.134635597323386 size: 0.0
1855999 : 4.282274103956564 size: 0.0
1856999 : 3.9905161996921628 size: 0.0
1857999 : 4.033735095888685 size: 0.0
1858999 : 4.198198321290469 size: 0.0
1859999 : 4.254084427653641 size: 0.0
1860999 : 4.282490114166047 size: 0.0
1861999 : 4.0514764821863904 size: 0.0
1862999 : 4.209066592929094 size: 0.0
1863999 : 4.1152913327196385 size: 0.0
1864999 : 4.309731134166811 size: 0.0
1865999 : 4.1068762216129215 size: 0.0
1866999 : 4.191955695029452 size: 0.0
1867999 : 4.179650680325519 size: 0.0
1868999 : 4.211922536829322 size: 0.0
1869999 : 4.124061416017737 size: 0.0
1870999 : 4.292586871632902 size: 0.0
1871999 : 3.984557344805068 size: 0.0
1872999 : 4.11671672492999 size: 0.0
1873999 : 4.151266319661819 size: 0.0
1874999 : 4.046314250938092 size: 0.0
1875999 : 4.118176513670513 size: 0.0
1876999 : 4.273921250569459 size: 0.0
1877999 : 3.967344633176115 size: 0.0
1878999 : 4.173935008906745 size: 0.0
1879999 : 4.171607395709968 size: 0.0
1880999 : 4.126467453303308 size: 0.0
1881999 : 4.264272335925452 size: 0.0
1882999 : 4.240693514492161 size: 0.0
1883999 : 4.087173889130078 size: 0.0
1884999 : 4.126703757465593 size: 0.0
1885999 : 4.207076753658611 size: 0.0
1886999 : 4.158933994167887 size: 0.0
1887999 : 4.231041848125741 size: 0.0
1888999 : 4.176028037767745 size: 0.0
1889999 : 4.130382810332851 size: 0.0
1890999 : 4.182956530840404 size: 0.0
1891999 : 4.228483778176807 size: 0.0
1892999 : 4.022051626484971 size: 0.0
1893999 : 4.009856680677591 size: 0.0
1894999 : 4.008271688567239 size: 0.0
1895999 : 4.10735433338232 size: 0.0
1896999 : 4.242304647965444 size: 0.0
1897999 : 4.17415927428347 size: 0.0
1898999 : 4.1458529937432615 size: 0.0
1899999 : 4.117618601951114 size: 0.0
1900999 : 4.291000159696042 size: 0.0
1901999 : 4.095130494489595 size: 0.0
1902999 : 4.04240508528398 size: 0.0
1903999 : 4.20602800345365 size: 0.0
1904999 : 4.10918010120388 size: 0.0
1905999 : 4.195231276597784 size: 0.0
1906999 : 4.42983659425806 size: 0.0
1907999 : 4.131647226781994 size: 0.0
1908999 : 4.2191891477935775 size: 0.0
1909999 : 4.14043691610229 size: 0.0
1910999 : 4.213026665447861 size: 0.0
1911999 : 4.233261456217775 size: 0.0
1912999 : 4.167719555904562 size: 0.0
1913999 : 4.13833391224754 size: 0.0
1914999 : 4.139466589986122 size: 0.0
1915999 : 4.2470369225865845 size: 0.0
1916999 : 4.290721891766945 size: 0.0
1917999 : 4.200691381797377 size: 0.0
1918999 : 4.182428888067557 size: 0.0
1919999 : 4.199796040116985 size: 0.0
1920999 : 4.118220541229134 size: 0.0
1921999 : 4.228003258650296 size: 0.0
1922999 : 4.3281951915634425 size: 0.0
1923999 : 4.265423243825026 size: 0.0
1924999 : 4.366742351031927 size: 0.0
1925999 : 4.301527561720656 size: 0.0
1926999 : 4.307081913412921 size: 0.0
1927999 : 4.138302955370384 size: 0.0
1928999 : 4.246390267819341 size: 0.0
1929999 : 4.256110039315503 size: 0.0
1930999 : 4.1809818260431975 size: 0.0
1931999 : 4.15836645142004 size: 0.0
1932999 : 4.028491688829179 size: 0.0
1933999 : 4.138508302655515 size: 0.0
1934999 : 4.209350364303018 size: 0.0
1935999 : 4.130488063715179 size: 0.0
1936999 : 4.162800164159283 size: 0.0
1937999 : 4.1734599928250615 size: 0.0
1938999 : 4.091883806006607 size: 0.0
1939999 : 4.2744310071466165 size: 0.0
1940999 : 3.981002463411734 size: 0.0
1941999 : 4.3142824830392446 size: 0.0
1942999 : 4.11523973792438 size: 0.0
1943999 : 4.180409123815824 size: 0.0
1944999 : 4.267050199702188 size: 0.0
1945999 : 4.151637114257079 size: 0.0
1946999 : 4.249899057862244 size: 0.0
1947999 : 4.320829174626988 size: 0.0
1948999 : 4.234638005355282 size: 0.0
1949999 : 4.214237767275237 size: 0.0
1950999 : 4.145234888096061 size: 0.0
1951999 : 3.9613517257241493 size: 0.0
1952999 : 4.1811366104289736 size: 0.0
last series
Last encode part don't need inference.
500.0308437347412
40247.51335692406 
