FLAGS.seq_len change from 1 to 16 due to FLAGS.vocab_dim = 16 and FLAGS.hidden_dim = 256.
mlpCompressor(
  (input_map): Embedding(256, 16)
  (output_logit_map): Linear(in_features=256, out_features=256, bias=True)
  (layers): ModuleList(
    (0): BELayer(
      (V_map): dense_baens()
      (layernorm1): LayerNorm((16,), eps=1e-05, elementwise_affine=True)
      (layernorm2): LayerNorm((16,), eps=1e-05, elementwise_affine=True)
    )
    (1): LinearLayer(
      (U_map): Linear(in_features=256, out_features=4096, bias=True)
      (V_map): Linear(in_features=4096, out_features=256, bias=True)
      (layernorm1): LayerNorm((256,), eps=1e-05, elementwise_affine=True)
      (layernorm2): LayerNorm((256,), eps=1e-05, elementwise_affine=True)
    )
    (2): BELayer(
      (V_map): dense_baens()
      (layernorm1): LayerNorm((32,), eps=1e-05, elementwise_affine=False)
      (layernorm2): LayerNorm((32,), eps=1e-05, elementwise_affine=True)
    )
    (3): LinearLayer(
      (U_map): Linear(in_features=256, out_features=4096, bias=True)
      (V_map): Linear(in_features=4096, out_features=256, bias=True)
      (layernorm1): LayerNorm((256,), eps=1e-05, elementwise_affine=True)
      (layernorm2): LayerNorm((256,), eps=1e-05, elementwise_affine=True)
    )
    (4): BELayer(
      (V_map): dense_baens()
      (layernorm1): LayerNorm((64,), eps=1e-05, elementwise_affine=False)
      (layernorm2): LayerNorm((64,), eps=1e-05, elementwise_affine=True)
    )
    (5): LinearLayer(
      (U_map): Linear(in_features=256, out_features=4096, bias=True)
      (V_map): Linear(in_features=4096, out_features=256, bias=True)
      (layernorm1): LayerNorm((256,), eps=1e-05, elementwise_affine=True)
      (layernorm2): LayerNorm((256,), eps=1e-05, elementwise_affine=True)
    )
    (6): BELayer(
      (V_map): dense_baens()
      (layernorm1): LayerNorm((128,), eps=1e-05, elementwise_affine=False)
      (layernorm2): LayerNorm((128,), eps=1e-05, elementwise_affine=True)
    )
    (7): LinearLayer(
      (U_map): Linear(in_features=256, out_features=4096, bias=True)
      (V_map): Linear(in_features=4096, out_features=256, bias=True)
      (layernorm1): LayerNorm((256,), eps=1e-05, elementwise_affine=True)
      (layernorm2): LayerNorm((256,), eps=1e-05, elementwise_affine=True)
    )
  )
)
2399959
999 : 4.986026079391272 size: 0.0
1999 : 4.675737388461704 size: 0.0
2999 : 4.597133405815462 size: 0.0
3999 : 4.6224282701390615 size: 0.0
4999 : 4.737704113428781 size: 0.0
5999 : 4.490251347783752 size: 0.0
6999 : 4.364992599542049 size: 0.0
7999 : 4.53328415875204 size: 0.0
8999 : 4.423858133348768 size: 0.0
9999 : 4.388043090271889 size: 0.0
10999 : 4.442025692655312 size: 0.0
11999 : 4.36877793768754 size: 0.0
12999 : 4.430084937205907 size: 0.0
13999 : 4.356123110271752 size: 0.0
14999 : 4.20745924307413 size: 0.0
15999 : 4.312398929046996 size: 0.0
16999 : 4.344113561762002 size: 0.0
17999 : 4.2497284510725875 size: 0.0
18999 : 4.305936508958174 size: 0.0
19999 : 4.299269773480129 size: 0.0
20999 : 4.4407812261936686 size: 0.0
21999 : 4.300261425445004 size: 0.0
22999 : 4.273311744054801 size: 0.0
23999 : 4.271765276058243 size: 0.0
24999 : 4.219360786479139 size: 0.0
25999 : 4.282273072060659 size: 0.0
26999 : 4.321044496905869 size: 0.0
27999 : 4.384374012398382 size: 0.0
28999 : 4.34944708773056 size: 0.0
29999 : 4.256911822433826 size: 0.0
30999 : 4.162208199875013 size: 0.0
31999 : 4.262546662006694 size: 0.0
32999 : 4.288183771805512 size: 0.0
33999 : 4.1639503841282535 size: 0.0
34999 : 4.364181873325882 size: 0.0
35999 : 4.272467997169668 size: 0.0
36999 : 4.2076367291698205 size: 0.0
37999 : 4.333477810667344 size: 0.0
38999 : 4.5166045933407615 size: 0.0
39999 : 4.339380943175559 size: 0.0
40999 : 4.277773661948786 size: 0.0
41999 : 4.261013608656904 size: 0.0
42999 : 4.359425865098921 size: 0.0
43999 : 4.2563305210739095 size: 0.0
44999 : 4.221420450705871 size: 0.0
45999 : 4.36977681292375 size: 0.0
46999 : 4.27872128635504 size: 0.0
47999 : 4.288086429625124 size: 0.0
48999 : 4.131178402075742 size: 0.0
49999 : 4.261966736507985 size: 0.0
50999 : 4.206819811578223 size: 0.0
51999 : 4.266419367338823 size: 0.0
52999 : 4.293040217900576 size: 0.0
53999 : 4.133165833589112 size: 0.0
54999 : 4.162203728326091 size: 0.0
55999 : 4.367973746812105 size: 0.0
56999 : 4.392168954066088 size: 0.0
57999 : 4.356986463179084 size: 0.0
58999 : 4.184827702081791 size: 0.0
59999 : 4.355241871168731 size: 0.0
60999 : 4.329167925436723 size: 0.0
61999 : 4.318143837516416 size: 0.0
62999 : 4.398513050091116 size: 0.0
63999 : 4.340027253977502 size: 0.0
64999 : 4.3791106553513774 size: 0.0
65999 : 4.19822239886159 size: 0.0
66999 : 4.429815956339957 size: 0.0
67999 : 4.23133697035462 size: 0.0
68999 : 4.186372106286539 size: 0.0
69999 : 4.1694022341606045 size: 0.0
70999 : 4.313130887209067 size: 0.0
71999 : 4.079414031923148 size: 0.0
72999 : 4.14344076508226 size: 0.0
73999 : 4.304349109090711 size: 0.0
74999 : 4.2788657517817645 size: 0.0
75999 : 4.279542675495561 size: 0.0
76999 : 4.2146924894041184 size: 0.0
77999 : 4.104106269038125 size: 0.0
78999 : 4.084441772738471 size: 0.0
79999 : 4.301766273640053 size: 0.0
80999 : 4.166477497200032 size: 0.0
81999 : 4.200676591289403 size: 0.0
82999 : 4.290619390107031 size: 0.0
83999 : 4.096662515943481 size: 0.0
84999 : 4.247029699315249 size: 0.0
85999 : 4.12250325320092 size: 0.0
86999 : 4.332767522319282 size: 0.0
87999 : 4.22301094626105 size: 0.0
88999 : 4.23845877192685 size: 0.0
89999 : 4.173841794309977 size: 0.0
90999 : 4.280036265703537 size: 0.0
91999 : 4.335549857644939 size: 0.0
92999 : 4.139743482054011 size: 0.0
93999 : 4.215675198271148 size: 0.0
94999 : 4.191025268888284 size: 0.0
95999 : 4.457853599979518 size: 0.0
96999 : 4.303566244063983 size: 0.0
97999 : 4.147938455367624 size: 0.0
98999 : 4.216896619057576 size: 0.0
99999 : 4.254224077566142 size: 0.0
100999 : 4.320974671949618 size: 0.0
101999 : 4.148120069046936 size: 0.0
102999 : 4.136080595555935 size: 0.0
103999 : 4.16907443522806 size: 0.0
104999 : 4.266196821788607 size: 0.0
105999 : 4.382771822022945 size: 0.0
106999 : 4.147331012644777 size: 0.0
107999 : 4.1739659657839 size: 0.0
108999 : 4.301407861795655 size: 0.0
109999 : 4.0811913006371645 size: 0.0
110999 : 4.295228181184853 size: 0.0
111999 : 4.163962422913814 size: 0.0
112999 : 4.445315032835714 size: 0.0
113999 : 4.181449962818846 size: 0.0
114999 : 4.291029396746688 size: 0.0
115999 : 4.363642535732776 size: 0.0
116999 : 4.31645634374615 size: 0.0
117999 : 4.1815314825953545 size: 0.0
118999 : 4.1314233053705705 size: 0.0
119999 : 4.195628556521277 size: 0.0
120999 : 4.373204083190145 size: 0.0
121999 : 4.252701343175402 size: 0.0
122999 : 4.1626925030198425 size: 0.0
123999 : 4.132763394186093 size: 0.0
124999 : 4.201134065140698 size: 0.0
125999 : 3.967315052160166 size: 0.0
126999 : 4.048104590333574 size: 0.0
127999 : 4.063335029928683 size: 0.0
128999 : 4.131809578404408 size: 0.0
129999 : 4.267232501312103 size: 0.0
130999 : 4.282754279517773 size: 0.0
131999 : 4.257449440200423 size: 0.0
132999 : 4.187685365808528 size: 0.0
133999 : 4.267374215016414 size: 0.0
134999 : 4.276283260296409 size: 0.0
135999 : 4.2502578136719436 size: 0.0
136999 : 4.3179973082978815 size: 0.0
137999 : 4.288877893784394 size: 0.0
138999 : 4.190256162473625 size: 0.0
139999 : 4.29276194997148 size: 0.0
140999 : 4.257243748949991 size: 0.0
141999 : 4.237634287098613 size: 0.0
142999 : 4.212658278609713 size: 0.0
143999 : 4.308484947878659 size: 0.0
144999 : 4.2470462096497315 size: 0.0
145999 : 4.315012033444205 size: 0.0
146999 : 4.321893059305226 size: 0.0
147999 : 4.281010031472722 size: 0.0
148999 : 4.220218979906944 size: 0.0
149999 : 4.241633227696475 size: 0.0
150999 : 4.147291456635078 size: 0.0
151999 : 4.066285908252187 size: 0.0
152999 : 4.183450465013682 size: 0.0
153999 : 4.175609088030243 size: 0.0
154999 : 4.073992106872048 size: 0.0
155999 : 4.072666808564499 size: 0.0
156999 : 4.231074180864103 size: 0.0
157999 : 4.141062588986129 size: 0.0
158999 : 4.214112563905409 size: 0.0
159999 : 4.164909359389465 size: 0.0
160999 : 4.034811363317784 size: 0.0
161999 : 4.074371500599851 size: 0.0
162999 : 4.2685247789506855 size: 0.0
163999 : 4.270386663128927 size: 0.0
164999 : 4.137257988783742 size: 0.0
165999 : 4.15286507038424 size: 0.0
166999 : 4.102851827582732 size: 0.0
167999 : 4.262914016948938 size: 0.0
168999 : 4.151001122414189 size: 0.0
169999 : 4.1000495422695735 size: 0.0
170999 : 4.264321178998297 size: 0.0
171999 : 4.335703610134811 size: 0.0
172999 : 4.282917663036093 size: 0.0
173999 : 4.2283929713371515 size: 0.0
174999 : 4.155431051535113 size: 0.0
175999 : 4.350648558529487 size: 0.0
176999 : 4.282004091194709 size: 0.0
177999 : 4.071524155832166 size: 0.0
178999 : 4.297919709670856 size: 0.0
179999 : 4.3240111976332525 size: 0.0
180999 : 4.359430336647844 size: 0.0
181999 : 4.339076189918231 size: 0.0
182999 : 4.291786464375786 size: 0.0
183999 : 4.319018541278705 size: 0.0
184999 : 4.198838784682283 size: 0.0
185999 : 4.199479248074096 size: 0.0
186999 : 4.087593526798184 size: 0.0
187999 : 4.379697116190819 size: 0.0
188999 : 4.161465922753889 size: 0.0
189999 : 4.23397793594127 size: 0.0
190999 : 4.096462672103178 size: 0.0
191999 : 4.1793135943298285 size: 0.0
192999 : 4.165612768431493 size: 0.0
193999 : 4.117147025522448 size: 0.0
194999 : 4.000857516488543 size: 0.0
195999 : 4.104195356051272 size: 0.0
196999 : 4.229180307912801 size: 0.0
197999 : 4.18300950149687 size: 0.0
198999 : 4.158925395035344 size: 0.0
199999 : 4.196205386332271 size: 0.0
200999 : 4.276394705054168 size: 0.0
201999 : 4.263005855684498 size: 0.0
202999 : 4.1992532628708625 size: 0.0
203999 : 4.344777414794333 size: 0.0
204999 : 4.163325055209716 size: 0.0
205999 : 4.198751761460946 size: 0.0
206999 : 4.182908719663464 size: 0.0
207999 : 4.23720501840206 size: 0.0
208999 : 4.314123227104546 size: 0.0
209999 : 4.288985210958533 size: 0.0
210999 : 4.221897530579365 size: 0.0
211999 : 4.25124774581031 size: 0.0
212999 : 4.259550036298061 size: 0.0
213999 : 4.095618581252744 size: 0.0
214999 : 4.4006201815294865 size: 0.0
215999 : 4.21278141818773 size: 0.0
216999 : 4.179320129670561 size: 0.0
217999 : 4.318401123562107 size: 0.0
218999 : 4.1799530258257365 size: 0.0
219999 : 4.1047312539913605 size: 0.0
220999 : 4.2947569487214885 size: 0.0
221999 : 4.170774311749188 size: 0.0
222999 : 4.176188325598349 size: 0.0
223999 : 4.2148472737898945 size: 0.0
224999 : 4.143764436431184 size: 0.0
225999 : 4.102706674225404 size: 0.0
226999 : 4.205405426257527 size: 0.0
227999 : 4.138360741541074 size: 0.0
228999 : 4.183375136612605 size: 0.0
229999 : 4.130343254323152 size: 0.0
230999 : 4.247987298715253 size: 0.0
231999 : 4.089165792192372 size: 0.0
232999 : 4.080211343492548 size: 0.0
233999 : 4.245240735780974 size: 0.0
234999 : 4.307691075962277 size: 0.0
235999 : 4.1561041916305905 size: 0.0
236999 : 4.242570533143677 size: 0.0
237999 : 4.22716879882831 size: 0.0
238999 : 4.245472224429035 size: 0.0
239999 : 4.295485123265242 size: 0.0
240999 : 4.162709013354326 size: 0.0
241999 : 4.212323256405832 size: 0.0
242999 : 4.08385531189903 size: 0.0
243999 : 4.28803793051758 size: 0.0
244999 : 4.319462256517931 size: 0.0
245999 : 4.123245530322044 size: 0.0
246999 : 4.282150620413245 size: 0.0
247999 : 4.249892522521511 size: 0.0
248999 : 4.288748562830945 size: 0.0
249999 : 4.208282008075858 size: 0.0
250999 : 4.13473603519149 size: 0.0
251999 : 4.118077795628918 size: 0.0
252999 : 4.183411252969285 size: 0.0
253999 : 4.218751623929783 size: 0.0
254999 : 4.3188279845015485 size: 0.0
255999 : 4.260288529800866 size: 0.0
256999 : 4.191377833322552 size: 0.0
257999 : 4.129624022877244 size: 0.0
258999 : 4.179971255986728 size: 0.0
259999 : 4.3029336918741095 size: 0.0
260999 : 4.16315238462825 size: 0.0
261999 : 4.298152230214822 size: 0.0
262999 : 4.221183458612982 size: 0.0
263999 : 4.254234396525193 size: 0.0
264999 : 4.442040827128587 size: 0.0
265999 : 4.16500601363925 size: 0.0
266999 : 4.219752218992502 size: 0.0
267999 : 4.162896818409068 size: 0.0
268999 : 4.061958136825875 size: 0.0
269999 : 4.192489873143031 size: 0.0
270999 : 4.2460019309936925 size: 0.0
271999 : 4.159684526456252 size: 0.0
272999 : 4.149238988173448 size: 0.0
273999 : 4.320301187888839 size: 0.0
274999 : 4.133600949695795 size: 0.0
275999 : 4.267592976948311 size: 0.0
276999 : 4.095609294189598 size: 0.0
277999 : 4.062909200885146 size: 0.0
278999 : 4.04324023303657 size: 0.0
279999 : 4.176106461856539 size: 0.0
280999 : 4.130262422477246 size: 0.0
281999 : 4.1534553148420015 size: 0.0
282999 : 4.317203092416197 size: 0.0
283999 : 4.283256812823594 size: 0.0
284999 : 4.199916427972589 size: 0.0
285999 : 4.3597306183562505 size: 0.0
286999 : 4.19826608245491 size: 0.0
287999 : 4.047535327759218 size: 0.0
288999 : 4.247246053490034 size: 0.0
289999 : 4.066881312189474 size: 0.0
290999 : 4.199887878852546 size: 0.0
291999 : 4.206196202486193 size: 0.0
292999 : 4.157956100815081 size: 0.0
293999 : 4.1554269239514925 size: 0.0
294999 : 4.138605988801205 size: 0.0
295999 : 4.175909025773348 size: 0.0
296999 : 4.074574096162567 size: 0.0
297999 : 4.127957510990383 size: 0.0
298999 : 4.182123446879625 size: 0.0
299999 : 4.254988024501274 size: 0.0
300999 : 4.164148164176746 size: 0.0
301999 : 4.027216953420984 size: 0.0
302999 : 4.035139850180932 size: 0.0
303999 : 4.176539858136713 size: 0.0
304999 : 4.108727442866809 size: 0.0
305999 : 4.1625686755112214 size: 0.0
306999 : 4.244686607679894 size: 0.0
307999 : 4.207829693704089 size: 0.0
308999 : 4.161734559654537 size: 0.0
309999 : 4.3932555404542395 size: 0.0
310999 : 4.154692558032308 size: 0.0
311999 : 4.072147764924194 size: 0.0
312999 : 4.342547143777944 size: 0.0
313999 : 4.105978472175418 size: 0.0
314999 : 4.262227462206694 size: 0.0
315999 : 4.088109474750772 size: 0.0
316999 : 4.145131698505543 size: 0.0
317999 : 4.103744073575408 size: 0.0
318999 : 4.231092067059792 size: 0.0
319999 : 4.207596141264217 size: 0.0
320999 : 4.205919310418305 size: 0.0
321999 : 4.183205561718854 size: 0.0
322999 : 4.1488169427482315 size: 0.0
323999 : 4.164225556369634 size: 0.0
324999 : 4.170986882305654 size: 0.0
325999 : 4.168124059099392 size: 0.0
326999 : 4.207184758763353 size: 0.0
327999 : 4.151065443925612 size: 0.0
328999 : 4.182609813816264 size: 0.0
329999 : 4.240117716577072 size: 0.0
330999 : 4.215137924469853 size: 0.0
331999 : 4.17557262770826 size: 0.0
332999 : 4.212879104333421 size: 0.0
333999 : 4.22201619860846 size: 0.0
334999 : 4.076445267403955 size: 0.0
335999 : 4.158630960737066 size: 0.0
336999 : 4.0901567562266425 size: 0.0
337999 : 4.125213699778518 size: 0.0
338999 : 4.201219712500827 size: 0.0
339999 : 4.134040193386099 size: 0.0
340999 : 4.239566684163708 size: 0.0
341999 : 4.255143840782956 size: 0.0
342999 : 4.0910314599889315 size: 0.0
343999 : 4.16822140127978 size: 0.0
344999 : 4.372109241634752 size: 0.0
345999 : 4.32651629692572 size: 0.0
346999 : 4.205688853666149 size: 0.0
347999 : 4.1979761197055545 size: 0.0
348999 : 4.310211997658624 size: 0.0
349999 : 4.250628952232505 size: 0.0
350999 : 4.136275623882014 size: 0.0
351999 : 4.3576970954924485 size: 0.0
352999 : 4.121000812762983 size: 0.0
353999 : 4.178408277655686 size: 0.0
354999 : 4.209453897858837 size: 0.0
355999 : 4.147096772274302 size: 0.0
356999 : 4.115116942311664 size: 0.0
357999 : 4.1301870940761685 size: 0.0
358999 : 4.137966557305297 size: 0.0
359999 : 4.102210676260316 size: 0.0
360999 : 4.08663799118999 size: 0.0
361999 : 4.239995264929658 size: 0.0
362999 : 4.162767831420921 size: 0.0
363999 : 4.156048125286409 size: 0.0
364999 : 4.216848807880636 size: 0.0
365999 : 4.05807029702047 size: 0.0
366999 : 4.17726287320094 size: 0.0
367999 : 4.1121547131332035 size: 0.0
368999 : 4.082632859216697 size: 0.0
369999 : 4.000098729032937 size: 0.0
370999 : 4.210514686849359 size: 0.0
371999 : 4.126380774047273 size: 0.0
372999 : 4.159280711192026 size: 0.0
373999 : 4.056124141343307 size: 0.0
374999 : 4.1188792347819385 size: 0.0
375999 : 4.101421963823459 size: 0.0
376999 : 4.136662928811757 size: 0.0
377999 : 4.327439499795552 size: 0.0
378999 : 4.039448015585045 size: 0.0
379999 : 4.069249169326553 size: 0.0
380999 : 4.085901217513694 size: 0.0
381999 : 4.194255791002091 size: 0.0
382999 : 4.196948695349301 size: 0.0
383999 : 4.082615316986309 size: 0.0
384999 : 4.289035085927282 size: 0.0
385999 : 4.165324869473949 size: 0.0
386999 : 4.0589061327036635 size: 0.0
387999 : 4.336289039078348 size: 0.0
388999 : 4.26747499684982 size: 0.0
389999 : 4.163208107007129 size: 0.0
390999 : 4.194465265870842 size: 0.0
391999 : 4.101083845931862 size: 0.0
392999 : 4.179113406524224 size: 0.0
393999 : 4.19121582566544 size: 0.0
394999 : 4.202317993709237 size: 0.0
395999 : 4.269450733542931 size: 0.0
396999 : 4.2003769975116 size: 0.0
397999 : 4.256871578493524 size: 0.0
398999 : 4.2582092595519345 size: 0.0
399999 : 4.320449780899185 size: 0.0
400999 : 4.290855006338713 size: 0.0
401999 : 4.373460681305232 size: 0.0
402999 : 4.1007787487092315 size: 0.0
403999 : 4.166054075913607 size: 0.0
404999 : 4.238918997500559 size: 0.0
405999 : 4.26491383121317 size: 0.0
406999 : 4.387271232134817 size: 0.0
407999 : 4.231949228591692 size: 0.0
408999 : 4.165866270858865 size: 0.0
409999 : 4.237434787223613 size: 0.0
410999 : 4.301387567842853 size: 0.0
411999 : 4.305662368612699 size: 0.0
412999 : 4.207261463025638 size: 0.0
413999 : 4.171037445205008 size: 0.0
414999 : 4.084264286642782 size: 0.0
415999 : 4.075652427383477 size: 0.0
416999 : 4.114777792524163 size: 0.0
417999 : 4.045679634956408 size: 0.0
418999 : 4.186869824078136 size: 0.0
419999 : 4.149877387773452 size: 0.0
420999 : 4.246704996070419 size: 0.0
421999 : 4.263000352239671 size: 0.0
422999 : 4.116649995661455 size: 0.0
423999 : 4.239527816084613 size: 0.0
424999 : 4.271469809864061 size: 0.0
425999 : 4.142690920724498 size: 0.0
426999 : 4.208864685296981 size: 0.0
427999 : 4.092771236485059 size: 0.0
428999 : 4.276800584110204 size: 0.0
429999 : 4.21591872570477 size: 0.0
430999 : 4.199137002598879 size: 0.0
431999 : 4.094133683045195 size: 0.0
432999 : 4.201087285859663 size: 0.0
433999 : 4.10374028995709 size: 0.0
434999 : 4.279756965878536 size: 0.0
435999 : 4.3329147394684195 size: 0.0
436999 : 4.235458362599897 size: 0.0
437999 : 4.191582492677079 size: 0.0
438999 : 4.173955302859547 size: 0.0
439999 : 4.177977289132624 size: 0.0
440999 : 4.325552162184983 size: 0.0
441999 : 4.346743520458997 size: 0.0
442999 : 4.245671036373433 size: 0.0
443999 : 4.235684691768433 size: 0.0
444999 : 4.321725892168587 size: 0.0
445999 : 4.156637337848265 size: 0.0
446999 : 4.176744861456541 size: 0.0
447999 : 4.197602573387881 size: 0.0
448999 : 4.309673691961423 size: 0.0
449999 : 4.1016751222855286 size: 0.0
450999 : 4.062254290950661 size: 0.0
451999 : 4.223126862567732 size: 0.0
452999 : 4.080482388150308 size: 0.0
453999 : 4.123356975079803 size: 0.0
454999 : 4.07177593843303 size: 0.0
455999 : 4.165620679633433 size: 0.0
456999 : 4.120100655568367 size: 0.0
457999 : 4.1679861290134 size: 0.0
458999 : 4.148346742180773 size: 0.0
459999 : 4.162122896480185 size: 0.0
460999 : 4.18500071662856 size: 0.0
461999 : 4.218347808665556 size: 0.0
462999 : 4.093220111203811 size: 0.0
463999 : 4.14369805112795 size: 0.0
464999 : 4.131485907055485 size: 0.0
465999 : 4.2012768107409135 size: 0.0
466999 : 4.28898865061155 size: 0.0
467999 : 4.092970392394759 size: 0.0
468999 : 4.129014516362586 size: 0.0
469999 : 4.202309738541996 size: 0.0
470999 : 4.2584613861181 size: 0.0
471999 : 4.116086236531927 size: 0.0
472999 : 4.163309232805837 size: 0.0
473999 : 4.156320545805376 size: 0.0
474999 : 4.1834944925723025 size: 0.0
475999 : 4.166195445652616 size: 0.0
476999 : 4.2139199433364425 size: 0.0
477999 : 4.129224679161941 size: 0.0
478999 : 4.1953341222230005 size: 0.0
479999 : 4.18934018287513 size: 0.0
480999 : 4.216846056158222 size: 0.0
481999 : 4.192219516415875 size: 0.0
482999 : 4.167590568916416 size: 0.0
483999 : 4.380462438987159 size: 0.0
484999 : 4.265619648012311 size: 0.0
485999 : 4.121987649213633 size: 0.0
486999 : 4.097304699161803 size: 0.0
487999 : 4.301224872255137 size: 0.0
488999 : 4.204998859270887 size: 0.0
489999 : 4.1604949087071175 size: 0.0
490999 : 4.227119611790163 size: 0.0
491999 : 4.208305397716376 size: 0.0
492999 : 4.10877938162737 size: 0.0
493999 : 4.171548577643373 size: 0.0
494999 : 4.219645933714268 size: 0.0
495999 : 4.068410237955645 size: 0.0
496999 : 4.064619052400024 size: 0.0
497999 : 4.176537450379601 size: 0.0
498999 : 4.155030675923904 size: 0.0
499999 : 4.075876692760202 size: 0.0
500999 : 4.1346651783393344 size: 0.0
501999 : 4.112643831792257 size: 0.0
502999 : 4.164976432623301 size: 0.0
503999 : 4.171272029540785 size: 0.0
504999 : 4.1159214771524 size: 0.0
505999 : 4.2172608783121035 size: 0.0
506999 : 3.9898544104516427 size: 0.0
507999 : 4.213148085199371 size: 0.0
508999 : 4.150771353592637 size: 0.0
509999 : 4.259201943412715 size: 0.0
510999 : 4.248633265551893 size: 0.0
511999 : 4.0902798958046604 size: 0.0
512999 : 4.213492394466398 size: 0.0
513999 : 4.1907236113186705 size: 0.0
514999 : 4.296498789009427 size: 0.0
515999 : 4.320276078421814 size: 0.0
516999 : 4.20910958859181 size: 0.0
517999 : 4.10342143412239 size: 0.0
518999 : 4.258863137590515 size: 0.0
519999 : 4.257207976558611 size: 0.0
520999 : 4.189522828450346 size: 0.0
521999 : 4.328073427846632 size: 0.0
522999 : 4.361911702334493 size: 0.0
523999 : 4.108258274195255 size: 0.0
524999 : 4.331456670554405 size: 0.0
525999 : 4.1739260658088995 size: 0.0
526999 : 4.093555477372994 size: 0.0
527999 : 4.237626719861975 size: 0.0
528999 : 4.26695492131361 size: 0.0
529999 : 4.092422799634411 size: 0.0
530999 : 4.134456047435886 size: 0.0
531999 : 4.137422060232665 size: 0.0
532999 : 4.266474401787099 size: 0.0
533999 : 3.9783769762636623 size: 0.0
534999 : 3.8962129527445586 size: 0.0
535999 : 4.1534955587823035 size: 0.0
536999 : 4.145273756175156 size: 0.0
537999 : 4.173191011959112 size: 0.0
538999 : 4.241612589778372 size: 0.0
539999 : 4.052219447238118 size: 0.0
540999 : 3.98423676914386 size: 0.0
541999 : 4.150335893520651 size: 0.0
542999 : 4.067104201704992 size: 0.0
543999 : 3.87141271052484 size: 0.0
544999 : 3.9581009096575404 size: 0.0
545999 : 4.128371301248359 size: 0.0
546999 : 4.053567103290279 size: 0.0
547999 : 4.204295106263556 size: 0.0
548999 : 4.231600447775743 size: 0.0
549999 : 4.117362691766631 size: 0.0
550999 : 4.13692675019818 size: 0.0
551999 : 4.0304275255472914 size: 0.0
552999 : 4.025863793923996 size: 0.0
553999 : 4.203682504061183 size: 0.0
554999 : 4.149952716174529 size: 0.0
555999 : 4.069468619189054 size: 0.0
556999 : 4.03038349798867 size: 0.0
557999 : 4.115422039534295 size: 0.0
558999 : 4.021456222547684 size: 0.0
559999 : 4.016249963740765 size: 0.0
560999 : 4.180098179183064 size: 0.0
561999 : 4.11220183637954 size: 0.0
562999 : 4.1800297300880205 size: 0.0
563999 : 4.016515848918998 size: 0.0
564999 : 4.144266281806401 size: 0.0
565999 : 4.242346955697556 size: 0.0
566999 : 4.2087838534510755 size: 0.0
567999 : 4.284156282087607 size: 0.0
568999 : 4.20959010811832 size: 0.0
569999 : 4.237900860207451 size: 0.0
570999 : 4.187692589079864 size: 0.0
571999 : 4.249949620761598 size: 0.0
572999 : 4.204908396396533 size: 0.0
573999 : 4.2240844619677365 size: 0.0
574999 : 4.111465406668545 size: 0.0
575999 : 4.0227973432591115 size: 0.0
576999 : 4.056002721591798 size: 0.0
577999 : 4.033896759580496 size: 0.0
578999 : 4.14406265434778 size: 0.0
579999 : 4.152238709569798 size: 0.0
580999 : 4.166205076681065 size: 0.0
581999 : 4.180594521113454 size: 0.0
582999 : 4.335390945675543 size: 0.0
583999 : 4.244448239725798 size: 0.0
584999 : 4.423833711812345 size: 0.0
585999 : 4.316979514970075 size: 0.0
586999 : 4.2128478034909635 size: 0.0
587999 : 4.114989675150025 size: 0.0
588999 : 4.264755607174377 size: 0.0
589999 : 4.147289392843268 size: 0.0
590999 : 4.215646649151105 size: 0.0
591999 : 4.273583476643164 size: 0.0
592999 : 4.195699413373433 size: 0.0
593999 : 4.316378263622659 size: 0.0
594999 : 4.1676435395728815 size: 0.0
595999 : 4.233053701175534 size: 0.0
596999 : 4.280438705106556 size: 0.0
597999 : 4.373318623635619 size: 0.0
598999 : 4.25680519319029 size: 0.0
599999 : 4.263998539545279 size: 0.0
600999 : 4.156180207962271 size: 0.0
601999 : 4.2813443657459995 size: 0.0
602999 : 4.100305796419359 size: 0.0
603999 : 4.112079040766823 size: 0.0
604999 : 4.217116756850681 size: 0.0
605999 : 4.1119851382394526 size: 0.0
606999 : 4.062221270281695 size: 0.0
607999 : 3.9656423488978745 size: 0.0
608999 : 4.152825514374542 size: 0.0
609999 : 4.139738666539787 size: 0.0
610999 : 4.032227839936523 size: 0.0
611999 : 4.033424495221227 size: 0.0
612999 : 4.114643646056489 size: 0.0
613999 : 4.063604354759934 size: 0.0
614999 : 4.177414905864302 size: 0.0
615999 : 4.008866748539225 size: 0.0
616999 : 4.100413801524101 size: 0.0
617999 : 4.121356816850269 size: 0.0
618999 : 4.153133707284888 size: 0.0
619999 : 4.170509458466859 size: 0.0
620999 : 4.144759872014378 size: 0.0
621999 : 4.294121988774503 size: 0.0
622999 : 4.180343426443194 size: 0.0
623999 : 4.2782510857875815 size: 0.0
624999 : 4.327364859325077 size: 0.0
625999 : 4.256516606302143 size: 0.0
626999 : 4.11155002213277 size: 0.0
627999 : 4.251010753717421 size: 0.0
628999 : 4.069115366824182 size: 0.0
629999 : 4.174293420751143 size: 0.0
630999 : 4.209933041524141 size: 0.0
631999 : 4.081682483088029 size: 0.0
632999 : 4.085603343562399 size: 0.0
633999 : 4.175204584835414 size: 0.0
634999 : 4.227414734019043 size: 0.0
635999 : 4.289790089764571 size: 0.0
636999 : 4.126742625544688 size: 0.0
637999 : 4.044184761755109 size: 0.0
638999 : 4.152045057104926 size: 0.0
639999 : 4.269773029030648 size: 0.0
640999 : 4.209196955778448 size: 0.0
641999 : 4.129030682731767 size: 0.0
642999 : 4.238427815049694 size: 0.0
643999 : 4.099305545321941 size: 0.0
644999 : 4.136268744575979 size: 0.0
645999 : 4.0074255339249945 size: 0.0
646999 : 4.229175148433275 size: 0.0
647999 : 4.106047609201065 size: 0.0
648999 : 4.045121035306406 size: 0.0
649999 : 3.8629718020204935 size: 0.0
650999 : 4.1972809658307675 size: 0.0
651999 : 4.033639817500107 size: 0.0
652999 : 4.021735178407383 size: 0.0
653999 : 4.047730012119995 size: 0.0
654999 : 4.154007723116573 size: 0.0
655999 : 4.147120161914819 size: 0.0
656999 : 4.115833766000461 size: 0.0
657999 : 4.103811146809245 size: 0.0
658999 : 4.160493532845911 size: 0.0
659999 : 4.108937949631465 size: 0.0
660999 : 4.175518625155889 size: 0.0
661999 : 4.329369833068836 size: 0.0
662999 : 4.149962691168279 size: 0.0
663999 : 4.109976724842676 size: 0.0
664999 : 4.0044213409797225 size: 0.0
665999 : 4.086311568118652 size: 0.0
666999 : 4.15218539494803 size: 0.0
667999 : 4.007309273653011 size: 0.0
668999 : 4.076016686638004 size: 0.0
669999 : 4.287148092282016 size: 0.0
670999 : 4.09364250059433 size: 0.0
671999 : 4.111043361243327 size: 0.0
672999 : 4.081690050324667 size: 0.0
673999 : 4.12920851279276 size: 0.0
674999 : 4.162748569364024 size: 0.0
675999 : 4.142771752570404 size: 0.0
676999 : 4.0601361526226345 size: 0.0
677999 : 4.257684712466803 size: 0.0
678999 : 4.049410282618925 size: 0.0
679999 : 4.214554559318127 size: 0.0
680999 : 4.162136311126953 size: 0.0
681999 : 4.202293228207513 size: 0.0
682999 : 4.164965769698948 size: 0.0
683999 : 4.25297789127799 size: 0.0
684999 : 4.259190936523059 size: 0.0
685999 : 4.255125610621964 size: 0.0
686999 : 4.1756328216360625 size: 0.0
687999 : 4.207435853433613 size: 0.0
688999 : 4.2088791318396535 size: 0.0
689999 : 4.2420679998378565 size: 0.0
690999 : 4.167594352534735 size: 0.0
691999 : 4.1658631751711495 size: 0.0
692999 : 4.1762581505546 size: 0.0
693999 : 4.288084365833313 size: 0.0
694999 : 4.32398677609683 size: 0.0
695999 : 4.285140022850542 size: 0.0
696999 : 4.134865366144939 size: 0.0
697999 : 4.261179055967034 size: 0.0
698999 : 4.288620951704005 size: 0.0
699999 : 4.275596361588863 size: 0.0
700999 : 4.162016611201952 size: 0.0
701999 : 4.182609469850963 size: 0.0
702999 : 4.14060614703074 size: 0.0
703999 : 4.132313831536738 size: 0.0
704999 : 4.261912046025011 size: 0.0
705999 : 4.010321377800222 size: 0.0
706999 : 4.088617511501421 size: 0.0
707999 : 4.097001665730983 size: 0.0
708999 : 4.102530907956222 size: 0.0
709999 : 4.239207928354008 size: 0.0
710999 : 4.213425665197863 size: 0.0
711999 : 4.2314552944184145 size: 0.0
712999 : 4.1579643559823225 size: 0.0
713999 : 4.110939827687508 size: 0.0
714999 : 4.104149264700841 size: 0.0
715999 : 4.13130360544557 size: 0.0
716999 : 4.239751049565433 size: 0.0
717999 : 4.069251233118363 size: 0.0
718999 : 4.085026513751405 size: 0.0
719999 : 4.2879271736904245 size: 0.0
720999 : 4.0739597741336855 size: 0.0
721999 : 4.348116629943485 size: 0.0
722999 : 4.2566232355456775 size: 0.0
723999 : 4.195182777490241 size: 0.0
724999 : 4.112493862920704 size: 0.0
725999 : 4.222461633674195 size: 0.0
726999 : 4.205781380332312 size: 0.0
727999 : 4.283876638297303 size: 0.0
728999 : 4.184970447682008 size: 0.0
729999 : 4.197535500154045 size: 0.0
730999 : 4.090904192827293 size: 0.0
731999 : 4.076762403412146 size: 0.0
732999 : 4.157837088820684 size: 0.0
733999 : 4.039440448348407 size: 0.0
734999 : 4.069498200205002 size: 0.0
735999 : 4.136758551165636 size: 0.0
736999 : 4.147493708232493 size: 0.0
737999 : 4.182948275673163 size: 0.0
738999 : 4.263609858754329 size: 0.0
739999 : 4.142490732918894 size: 0.0
740999 : 4.21537250880563 size: 0.0
741999 : 4.2287383125000835 size: 0.0
742999 : 4.286949968268222 size: 0.0
743999 : 4.355114604007093 size: 0.0
744999 : 4.244020346890451 size: 0.0
745999 : 4.282434047821867 size: 0.0
746999 : 4.091938840454883 size: 0.0
747999 : 4.100798010766129 size: 0.0
748999 : 4.262935342797645 size: 0.0
749999 : 4.245245551295198 size: 0.0
750999 : 4.022823484622043 size: 0.0
751999 : 4.177783636667753 size: 0.0
752999 : 4.252212912446952 size: 0.0
753999 : 4.2186611610554285 size: 0.0
754999 : 4.012845051218983 size: 0.0
755999 : 4.253473889243078 size: 0.0
756999 : 4.156784554997404 size: 0.0
757999 : 4.162252571398936 size: 0.0
758999 : 4.1203066907841 size: 0.0
759999 : 4.111346394674148 size: 0.0
760999 : 4.208242108100857 size: 0.0
761999 : 4.105245826082743 size: 0.0
762999 : 4.183512034802691 size: 0.0
763999 : 4.131076244381129 size: 0.0
764999 : 4.126017546688651 size: 0.0
765999 : 4.111304430907337 size: 0.0
766999 : 4.05089242910406 size: 0.0
767999 : 4.24047406462966 size: 0.0
768999 : 4.078857152099655 size: 0.0
769999 : 4.10358103402239 size: 0.0
770999 : 4.26540810935175 size: 0.0
771999 : 4.011819002723935 size: 0.0
772999 : 3.978280665979179 size: 0.0
773999 : 4.031590472232425 size: 0.0
774999 : 4.178694456786722 size: 0.0
775999 : 4.16981602441858 size: 0.0
776999 : 4.148257999132928 size: 0.0
777999 : 4.205946139711839 size: 0.0
778999 : 4.171430253579579 size: 0.0
779999 : 4.07297396957894 size: 0.0
780999 : 4.156400001790074 size: 0.0
781999 : 4.0382403534106865 size: 0.0
782999 : 4.064461172326532 size: 0.0
783999 : 4.184950841659809 size: 0.0
784999 : 4.254251938755582 size: 0.0
785999 : 4.166200261166841 size: 0.0
786999 : 4.216658939034083 size: 0.0
787999 : 4.076522659596843 size: 0.0
788999 : 4.140653958207679 size: 0.0
789999 : 4.13900361269 size: 0.0
790999 : 4.186989524003137 size: 0.0
791999 : 4.099845914810952 size: 0.0
792999 : 4.174023064023986 size: 0.0
793999 : 4.155619200555157 size: 0.0
794999 : 4.051487145110744 size: 0.0
795999 : 4.129736499530908 size: 0.0
796999 : 4.084289052144506 size: 0.0
797999 : 4.046394738818696 size: 0.0
798999 : 4.210667751408627 size: 0.0
799999 : 4.18695031195874 size: 0.0
800999 : 4.0131484286151045 size: 0.0
801999 : 4.232421492950961 size: 0.0
802999 : 4.086640742912404 size: 0.0
803999 : 4.079672693830046 size: 0.0
804999 : 4.078319534333057 size: 0.0
805999 : 4.039563931891727 size: 0.0
806999 : 4.060618735940955 size: 0.0
807999 : 4.209699489084269 size: 0.0
808999 : 4.127032244328741 size: 0.0
809999 : 4.236390508567574 size: 0.0
810999 : 4.207508774077579 size: 0.0
811999 : 4.084805000097094 size: 0.0
812999 : 4.2482335778712885 size: 0.0
813999 : 4.174129693267521 size: 0.0
814999 : 4.056753941810767 size: 0.0
815999 : 4.165162861816836 size: 0.0
816999 : 4.136369870374686 size: 0.0
817999 : 4.1217503131554425 size: 0.0
818999 : 4.054986992055802 size: 0.0
819999 : 4.30945389813362 size: 0.0
820999 : 4.055456504692658 size: 0.0
821999 : 4.14827450946741 size: 0.0
822999 : 4.2277311820966315 size: 0.0
823999 : 4.229312734553965 size: 0.0
824999 : 4.222950064402645 size: 0.0
825999 : 4.205153299691362 size: 0.0
826999 : 4.165654732198304 size: 0.0
827999 : 4.196599570568049 size: 0.0
828999 : 4.136864148513267 size: 0.0
829999 : 4.006230598466799 size: 0.0
830999 : 4.0793459267934065 size: 0.0
831999 : 4.183865975098167 size: 0.0
832999 : 4.190931366360912 size: 0.0
833999 : 4.241071532358758 size: 0.0
834999 : 4.36413371818364 size: 0.0
835999 : 4.105106520135544 size: 0.0
836999 : 4.178526945684782 size: 0.0
837999 : 4.306798486004299 size: 0.0
838999 : 4.2282808386487885 size: 0.0
839999 : 4.309301521504956 size: 0.0
840999 : 4.170599921341213 size: 0.0
841999 : 4.189666605946467 size: 0.0
842999 : 4.248670069839178 size: 0.0
843999 : 4.357048032968093 size: 0.0
844999 : 4.1099602145081935 size: 0.0
845999 : 4.115642177327399 size: 0.0
846999 : 4.207757804956028 size: 0.0
847999 : 4.154770982121102 size: 0.0
848999 : 4.3284923775841335 size: 0.0
849999 : 4.370660459783884 size: 0.0
850999 : 4.164803074111231 size: 0.0
851999 : 4.001792070213332 size: 0.0
852999 : 4.0312007595455706 size: 0.0
853999 : 4.149802059372374 size: 0.0
854999 : 4.14614570821503 size: 0.0
855999 : 4.136371934166497 size: 0.0
856999 : 4.079334919903752 size: 0.0
857999 : 4.297030215400593 size: 0.0
858999 : 4.312143018862511 size: 0.0
859999 : 4.083442553536959 size: 0.0
860999 : 3.9819889558970827 size: 0.0
861999 : 3.9939386544443325 size: 0.0
862999 : 4.036495761400334 size: 0.0
863999 : 4.23116533166906 size: 0.0
864999 : 4.140464089361126 size: 0.0
865999 : 4.048116285153832 size: 0.0
866999 : 4.22741404608844 size: 0.0
867999 : 4.075157805279596 size: 0.0
868999 : 4.07279269986493 size: 0.0
869999 : 4.140227097268237 size: 0.0
870999 : 4.133224307690406 size: 0.0
871999 : 4.04849843060405 size: 0.0
872999 : 4.126165107803091 size: 0.0
873999 : 4.183673698494502 size: 0.0
874999 : 4.163135186363164 size: 0.0
875999 : 4.100934908956215 size: 0.0
876999 : 4.084358533135454 size: 0.0
877999 : 4.234065303127909 size: 0.0
878999 : 4.045798302985504 size: 0.0
879999 : 4.008305053201506 size: 0.0
880999 : 4.004707520110758 size: 0.0
881999 : 4.0154915202504595 size: 0.0
882999 : 4.129565892741252 size: 0.0
883999 : 4.110124629922418 size: 0.0
884999 : 4.1836578760906225 size: 0.0
885999 : 4.0164250420793435 size: 0.0
886999 : 4.089569951421899 size: 0.0
887999 : 4.21057660060367 size: 0.0
888999 : 4.084402904659377 size: 0.0
889999 : 4.197308483054906 size: 0.0
890999 : 4.197996069693055 size: 0.0
891999 : 4.06793900549228 size: 0.0
892999 : 4.0698215275886245 size: 0.0
893999 : 4.237569277656587 size: 0.0
894999 : 4.009818156563798 size: 0.0
895999 : 4.131588408715399 size: 0.0
896999 : 4.219032643581292 size: 0.0
897999 : 4.18699812313568 size: 0.0
898999 : 4.212621474322428 size: 0.0
899999 : 4.160698192200438 size: 0.0
900999 : 3.9204803927119047 size: 0.0
901999 : 4.105741136117227 size: 0.0
902999 : 4.3008296561234545 size: 0.0
903999 : 4.289969639652071 size: 0.0
904999 : 3.9647487270439914 size: 0.0
905999 : 4.041744327939366 size: 0.0
906999 : 4.108627004998705 size: 0.0
907999 : 4.085465413476407 size: 0.0
908999 : 4.195451070425587 size: 0.0
909999 : 3.981769506034582 size: 0.0
910999 : 4.250858033123455 size: 0.0
911999 : 4.241833071536778 size: 0.0
912999 : 4.129618519432416 size: 0.0
913999 : 4.132704232154197 size: 0.0
914999 : 4.19812058513228 size: 0.0
915999 : 4.164976088657999 size: 0.0
916999 : 3.954273951710541 size: 0.0
917999 : 3.9684910695267663 size: 0.0
918999 : 4.017110564925682 size: 0.0
919999 : 3.913546396194418 size: 0.0
920999 : 4.115970664190547 size: 0.0
921999 : 4.215457468235156 size: 0.0
922999 : 4.171529659551777 size: 0.0
923999 : 4.066016239455634 size: 0.0
924999 : 3.9859390534220998 size: 0.0
925999 : 4.077735137285425 size: 0.0
926999 : 4.205991887096968 size: 0.0
927999 : 4.065893443842918 size: 0.0
928999 : 4.223433679616871 size: 0.0
929999 : 4.004258645392007 size: 0.0
930999 : 4.009191795749355 size: 0.0
931999 : 4.1793005236483625 size: 0.0
932999 : 4.113173538356914 size: 0.0
933999 : 4.172555364081523 size: 0.0
934999 : 4.136286630771669 size: 0.0
935999 : 4.14472031600468 size: 0.0
936999 : 4.124532992446403 size: 0.0
937999 : 4.119974420302634 size: 0.0
938999 : 4.104107644899332 size: 0.0
939999 : 4.36774741764357 size: 0.0
940999 : 4.160209073541384 size: 0.0
941999 : 4.159468172281467 size: 0.0
942999 : 4.096950758866328 size: 0.0
943999 : 3.9927784594816123 size: 0.0
944999 : 4.331667865249664 size: 0.0
945999 : 4.206557366053006 size: 0.0
946999 : 4.150747276021516 size: 0.0
947999 : 4.090733586037636 size: 0.0
948999 : 4.3011849722801365 size: 0.0
949999 : 4.1063134943792985 size: 0.0
950999 : 4.2494759805411215 size: 0.0
951999 : 4.148326448227971 size: 0.0
952999 : 4.101799293759451 size: 0.0
953999 : 4.038656207460473 size: 0.0
954999 : 4.180167316208711 size: 0.0
955999 : 4.215268631284508 size: 0.0
956999 : 4.143220283323854 size: 0.0
957999 : 4.276794048769472 size: 0.0
958999 : 4.089432365301208 size: 0.0
959999 : 4.076251614939083 size: 0.0
960999 : 4.060882901292681 size: 0.0
961999 : 4.283248213691051 size: 0.0
962999 : 4.106219935817229 size: 0.0
963999 : 4.033637409742995 size: 0.0
964999 : 4.203158300941353 size: 0.0
965999 : 4.099420429732717 size: 0.0
966999 : 3.9877520945274956 size: 0.0
967999 : 3.9238529724953244 size: 0.0
968999 : 4.138112054627927 size: 0.0
969999 : 4.227474583981544 size: 0.0
970999 : 4.294291563668254 size: 0.0
971999 : 4.131749728441908 size: 0.0
972999 : 4.191627208166303 size: 0.0
973999 : 4.024363073312567 size: 0.0
974999 : 4.2687693382802125 size: 0.0
975999 : 4.038090384539134 size: 0.0
976999 : 4.122611258305662 size: 0.0
977999 : 4.088089868728574 size: 0.0
978999 : 4.085633268543649 size: 0.0
979999 : 4.241772189678373 size: 0.0
980999 : 4.210995894306473 size: 0.0
981999 : 4.187153939417362 size: 0.0
982999 : 4.1884372739581 size: 0.0
983999 : 4.256817575941152 size: 0.0
984999 : 4.245228696995413 size: 0.0
985999 : 4.1700323785933655 size: 0.0
986999 : 4.021635772435184 size: 0.0
987999 : 4.108061526042668 size: 0.0
988999 : 4.1767823536744295 size: 0.0
989999 : 4.039458678509399 size: 0.0
990999 : 4.113120223735147 size: 0.0
991999 : 4.129008668952457 size: 0.0
992999 : 4.262715892935144 size: 0.0
993999 : 4.148799744483145 size: 0.0
994999 : 4.110685637329533 size: 0.0
995999 : 4.242652396885489 size: 0.0
996999 : 3.956598469219603 size: 0.0
997999 : 4.1544318323336 size: 0.0
998999 : 4.032184844273807 size: 0.0
999999 : 4.027999818447712 size: 0.0
1000999 : 4.086825796244732 size: 0.0
1001999 : 4.250710815974316 size: 0.0
1002999 : 4.064169489750669 size: 0.0
1003999 : 4.149366943265691 size: 0.0
1004999 : 4.158505413401937 size: 0.0
1005999 : 4.035665429161969 size: 0.0
1006999 : 4.179405089100087 size: 0.0
1007999 : 4.027927585734349 size: 0.0
1008999 : 4.130248663865178 size: 0.0
1009999 : 4.086850217781155 size: 0.0
1010999 : 4.046990830686586 size: 0.0
1011999 : 4.167129311446802 size: 0.0
1012999 : 4.067158548222665 size: 0.0
1013999 : 4.09777042818034 size: 0.0
1014999 : 4.220201437676556 size: 0.0
1015999 : 4.103604423662907 size: 0.0
1016999 : 4.131536469954838 size: 0.0
1017999 : 4.0877121948272785 size: 0.0
1018999 : 4.16256042034398 size: 0.0
1019999 : 4.039459022474701 size: 0.0
1020999 : 4.166673213456713 size: 0.0
1021999 : 4.1037241235879085 size: 0.0
1022999 : 4.3245089154248495 size: 0.0
1023999 : 4.0753655603218375 size: 0.0
1024999 : 4.096397662661152 size: 0.0
1025999 : 3.879811655262376 size: 0.0
1026999 : 4.156658663696972 size: 0.0
1027999 : 4.189945905771468 size: 0.0
1028999 : 4.064813392795499 size: 0.0
1029999 : 4.270632254354359 size: 0.0
1030999 : 4.0909045367925945 size: 0.0
1031999 : 4.041961026079453 size: 0.0
1032999 : 4.131288127006992 size: 0.0
1033999 : 4.0626983501551885 size: 0.0
1034999 : 4.0272754275222775 size: 0.0
1035999 : 3.990588432405525 size: 0.0
1036999 : 3.872691573516656 size: 0.0
1037999 : 4.049690270374529 size: 0.0
1038999 : 4.116410939776756 size: 0.0
1039999 : 4.127640374982192 size: 0.0
1040999 : 4.058168327131463 size: 0.0
1041999 : 4.148847211694783 size: 0.0
1042999 : 4.109609713865735 size: 0.0
1043999 : 3.9911683579042343 size: 0.0
1044999 : 4.095262233200156 size: 0.0
1045999 : 4.0753198129367085 size: 0.0
1046999 : 4.103968682917435 size: 0.0
1047999 : 4.1137524319597185 size: 0.0
1048999 : 4.064411641323084 size: 0.0
1049999 : 4.242216936813504 size: 0.0
1050999 : 4.176401240120117 size: 0.0
1051999 : 4.055814916537056 size: 0.0
1052999 : 4.173498860904156 size: 0.0
1053999 : 4.183881109571443 size: 0.0
1054999 : 4.213766190846571 size: 0.0
1055999 : 4.068800982538405 size: 0.0
1056999 : 4.127435027697062 size: 0.0
1057999 : 3.980353744852679 size: 0.0
1058999 : 4.221108818142508 size: 0.0
1059999 : 4.190485931295178 size: 0.0
1060999 : 4.139788197543235 size: 0.0
1061999 : 4.008361807476291 size: 0.0
1062999 : 3.931926182092126 size: 0.0
1063999 : 4.029038937624225 size: 0.0
1064999 : 4.255371201847397 size: 0.0
1065999 : 4.091488589874925 size: 0.0
1066999 : 4.290843311518454 size: 0.0
1067999 : 4.011591297694193 size: 0.0
1068999 : 4.09562374073227 size: 0.0
1069999 : 4.181925666831132 size: 0.0
1070999 : 4.259051974541163 size: 0.0
1071999 : 4.076034572833694 size: 0.0
1072999 : 3.9769601831858545 size: 0.0
1073999 : 3.925522924035202 size: 0.0
1074999 : 4.248714785328403 size: 0.0
1075999 : 4.365987691159941 size: 0.0
1076999 : 4.035202795831148 size: 0.0
1077999 : 4.216553685651755 size: 0.0
1078999 : 4.134283032889117 size: 0.0
1079999 : 4.177095018133698 size: 0.0
1080999 : 4.132522962440187 size: 0.0
1081999 : 4.24128135119281 size: 0.0
1082999 : 4.162157636975659 size: 0.0
1083999 : 4.130255887136514 size: 0.0
1084999 : 4.083615224118425 size: 0.0
1085999 : 4.131315300265829 size: 0.0
1086999 : 4.031763830744495 size: 0.0
1087999 : 4.067279967974174 size: 0.0
1088999 : 4.248549338018273 size: 0.0
1089999 : 4.113552588119416 size: 0.0
1090999 : 3.9665012302562834 size: 0.0
1091999 : 4.192605101519109 size: 0.0
1092999 : 4.132737940753766 size: 0.0
1093999 : 4.161704978638588 size: 0.0
1094999 : 4.092536652149282 size: 0.0
1095999 : 4.119313318992717 size: 0.0
1096999 : 4.067040568124173 size: 0.0
1097999 : 4.126835840141456 size: 0.0
1098999 : 4.078151335300514 size: 0.0
1099999 : 4.044004867902307 size: 0.0
1100999 : 4.1709380392328095 size: 0.0
1101999 : 4.209177349756249 size: 0.0
1102999 : 4.1202578477112555 size: 0.0
1103999 : 4.031215894018846 size: 0.0
1104999 : 4.165990442332788 size: 0.0
1105999 : 4.259960730868322 size: 0.0
1106999 : 4.170664930783239 size: 0.0
1107999 : 4.275871189864942 size: 0.0
1108999 : 4.286989524277921 size: 0.0
1109999 : 4.265071711286662 size: 0.0
1110999 : 4.400565491046512 size: 0.0
1111999 : 4.061464890583201 size: 0.0
1112999 : 4.171603268126347 size: 0.0
1113999 : 4.22385194142377 size: 0.0
1114999 : 4.256643185533178 size: 0.0
1115999 : 4.2544170421004095 size: 0.0
1116999 : 4.160123082215953 size: 0.0
1117999 : 4.28903267817017 size: 0.0
1118999 : 4.326395909070116 size: 0.0
1119999 : 4.2759389510293815 size: 0.0
1120999 : 4.2988883159605145 size: 0.0
1121999 : 4.234246228876616 size: 0.0
1122999 : 4.316897307262963 size: 0.0
1123999 : 4.216553685651755 size: 0.0
1124999 : 4.190165011668668 size: 0.0
1125999 : 4.338518278198832 size: 0.0
1126999 : 4.090551628393024 size: 0.0
1127999 : 4.072461117314067 size: 0.0
1128999 : 4.423270984578722 size: 0.0
1129999 : 4.195119831840025 size: 0.0
1130999 : 4.039511649165865 size: 0.0
1131999 : 4.162920895980188 size: 0.0
1132999 : 4.181943553026822 size: 0.0
1133999 : 4.168255453844651 size: 0.0
1134999 : 4.188012132845167 size: 0.0
1135999 : 4.0845539054268345 size: 0.0
1136999 : 3.95368370725278 size: 0.0
1137999 : 4.115252120675242 size: 0.0
1138999 : 4.218063693326331 size: 0.0
1139999 : 4.139954676749271 size: 0.0
1140999 : 4.157772767309261 size: 0.0
1141999 : 4.1385038311065925 size: 0.0
1142999 : 4.156262071704083 size: 0.0
1143999 : 4.113717003533641 size: 0.0
1144999 : 4.005774500476711 size: 0.0
1145999 : 4.084605500222093 size: 0.0
1146999 : 4.027684058300728 size: 0.0
1147999 : 4.070819026963629 size: 0.0
1148999 : 4.15213139239566 size: 0.0
1149999 : 4.030033341311514 size: 0.0
1150999 : 4.218049590748961 size: 0.0
1151999 : 4.267879844009951 size: 0.0
1152999 : 4.103100858461182 size: 0.0
1153999 : 4.268053546487322 size: 0.0
1154999 : 4.250672635825825 size: 0.0
1155999 : 4.319589179714268 size: 0.0
1156999 : 4.231538534021432 size: 0.0
1157999 : 4.21187438168708 size: 0.0
1158999 : 4.305035663832955 size: 0.0
1159999 : 4.2348698379686445 size: 0.0
1160999 : 4.207660118810338 size: 0.0
1161999 : 4.274651832870324 size: 0.0
1162999 : 4.158003568026719 size: 0.0
1163999 : 4.07918907861582 size: 0.0
1164999 : 4.124538839856532 size: 0.0
1165999 : 4.025457570902658 size: 0.0
1166999 : 4.093276865478596 size: 0.0
1167999 : 4.016234485302187 size: 0.0
1168999 : 4.004316087597394 size: 0.0
1169999 : 4.116573635364472 size: 0.0
1170999 : 4.066146258339686 size: 0.0
1171999 : 4.064876682411017 size: 0.0
1172999 : 4.134149918317349 size: 0.0
1173999 : 4.019572324590133 size: 0.0
1174999 : 4.153267509787259 size: 0.0
1175999 : 4.1342231829266165 size: 0.0
1176999 : 4.062285591793118 size: 0.0
1177999 : 4.072450454389713 size: 0.0
1178999 : 4.056261039533394 size: 0.0
1179999 : 4.322457850330659 size: 0.0
1180999 : 4.09486220155425 size: 0.0
1181999 : 4.016776230652405 size: 0.0
1182999 : 4.202578375442644 size: 0.0
1183999 : 4.052994745028207 size: 0.0
1184999 : 4.163701009284503 size: 0.0
1185999 : 4.1363440729770575 size: 0.0
1186999 : 4.210026944051512 size: 0.0
1187999 : 4.131619709557856 size: 0.0
1188999 : 4.309485886906681 size: 0.0
1189999 : 4.271339103049405 size: 0.0
1190999 : 4.057005380446328 size: 0.0
1191999 : 4.212154369442685 size: 0.0
1192999 : 4.168006766931503 size: 0.0
1193999 : 4.197845412890899 size: 0.0
1194999 : 4.210806713390524 size: 0.0
1195999 : 4.03085782613975 size: 0.0
1196999 : 3.986474263431585 size: 0.0
1197999 : 4.154255378133815 size: 0.0
1198999 : 4.279855683920132 size: 0.0
1199999 : 4.088151782482885 size: 0.0
1200999 : 4.210710403106041 size: 0.0
1201999 : 4.123701628312132 size: 0.0
1202999 : 4.092977959631397 size: 0.0
1203999 : 4.017594180139908 size: 0.0
1204999 : 4.0938375289204085 size: 0.0
1205999 : 4.109250270125432 size: 0.0
1206999 : 4.082359062836523 size: 0.0
1207999 : 4.286721919273178 size: 0.0
1208999 : 4.1020242470667805 size: 0.0
1209999 : 4.2240349309642875 size: 0.0
1210999 : 4.190190121135694 size: 0.0
1211999 : 4.243493048082906 size: 0.0
1212999 : 4.109675411238364 size: 0.0
1213999 : 4.22997933930871 size: 0.0
1214999 : 4.0496070307715115 size: 0.0
1215999 : 4.112971630724801 size: 0.0
1216999 : 4.132582124472084 size: 0.0
1217999 : 4.18447857730054 size: 0.0
1218999 : 4.128277054755686 size: 0.0
1219999 : 4.212987453403464 size: 0.0
1220999 : 4.074493608281964 size: 0.0
1221999 : 4.121126704063414 size: 0.0
1222999 : 4.215725761170502 size: 0.0
1223999 : 4.275968876010632 size: 0.0
1224999 : 4.0972001337100785 size: 0.0
1225999 : 4.132920930294284 size: 0.0
1226999 : 4.080245396057419 size: 0.0
1227999 : 4.16737215094982 size: 0.0
1228999 : 4.259935621401295 size: 0.0
1229999 : 4.083483829373166 size: 0.0
1230999 : 4.113742456965968 size: 0.0
1231999 : 4.196121802763952 size: 0.0
1232999 : 4.079522724958494 size: 0.0
1233999 : 4.2422994884859175 size: 0.0
1234999 : 4.142096204717815 size: 0.0
1235999 : 4.05684440468512 size: 0.0
1236999 : 4.235464210010027 size: 0.0
1237999 : 4.129092940451379 size: 0.0
1238999 : 4.069789882780865 size: 0.0
1239999 : 4.06507067884119 size: 0.0
1240999 : 4.088111194577281 size: 0.0
1241999 : 4.06548137341145 size: 0.0
1242999 : 4.163614673993769 size: 0.0
1243999 : 4.050060033073884 size: 0.0
1244999 : 4.112341830257342 size: 0.0
1245999 : 4.135006047953344 size: 0.0
1246999 : 4.126307853403307 size: 0.0
1247999 : 4.227462889161285 size: 0.0
1248999 : 4.190173954766513 size: 0.0
1249999 : 4.162082308574582 size: 0.0
1250999 : 4.268498637587755 size: 0.0
1251999 : 4.039267089836338 size: 0.0
1252999 : 4.120506534624403 size: 0.0
1253999 : 4.050782360207508 size: 0.0
1254999 : 4.047962532663962 size: 0.0
1255999 : 4.233541100008079 size: 0.0
1256999 : 4.213792676174804 size: 0.0
1257999 : 4.196181652726453 size: 0.0
1258999 : 4.137262804297966 size: 0.0
1259999 : 4.084506094249894 size: 0.0
1260999 : 4.362397725305831 size: 0.0
1261999 : 4.215006529724594 size: 0.0
1262999 : 4.217928514962753 size: 0.0
1263999 : 3.999860017113539 size: 0.0
1264999 : 4.173656397012347 size: 0.0
1265999 : 4.121228517792725 size: 0.0
1266999 : 3.998405731817843 size: 0.0
1267999 : 4.276173191399857 size: 0.0
1268999 : 4.240774346338067 size: 0.0
1269999 : 4.005347295571968 size: 0.0
1270999 : 4.173140105094457 size: 0.0
1271999 : 4.094562951741748 size: 0.0
1272999 : 4.190772798356817 size: 0.0
1273999 : 4.2971457877419725 size: 0.0
1274999 : 4.243719377251441 size: 0.0
1275999 : 4.0164033722653345 size: 0.0
1276999 : 4.1781300097265905 size: 0.0
1277999 : 4.1482449284514615 size: 0.0
1278999 : 4.115579919607787 size: 0.0
1279999 : 4.055395966799554 size: 0.0
1280999 : 4.000252481522808 size: 0.0
1281999 : 3.9908343675962588 size: 0.0
1282999 : 4.049356624031855 size: 0.0
1283999 : 4.109789263753236 size: 0.0
1284999 : 4.05299543295881 size: 0.0
1285999 : 3.9636002269015296 size: 0.0
1286999 : 4.041345672154666 size: 0.0
1287999 : 4.058701473349137 size: 0.0
1288999 : 4.106570780424989 size: 0.0
1289999 : 4.179944082727891 size: 0.0
1290999 : 4.060111731086212 size: 0.0
1291999 : 4.151351279091346 size: 0.0
1292999 : 4.168819900904783 size: 0.0
1293999 : 4.163752260114459 size: 0.0
1294999 : 4.105204894211837 size: 0.0
1295999 : 4.21542238377438 size: 0.0
1296999 : 4.221742402228286 size: 0.0
1297999 : 4.173912307196831 size: 0.0
1298999 : 4.168091382395728 size: 0.0
1299999 : 4.206958085629516 size: 0.0
1300999 : 4.186370730425333 size: 0.0
1301999 : 4.222253190701349 size: 0.0
1302999 : 4.1542866789762725 size: 0.0
1303999 : 4.174157898422263 size: 0.0
1304999 : 4.1217317390291495 size: 0.0
1305999 : 4.08605600189947 size: 0.0
1306999 : 4.225745126444467 size: 0.0
1307999 : 4.147655715889606 size: 0.0
1308999 : 4.157838464681891 size: 0.0
1309999 : 4.138121341691074 size: 0.0
1310999 : 4.077953899217323 size: 0.0
1311999 : 4.207971751373702 size: 0.0
1312999 : 4.114032763680625 size: 0.0
1313999 : 4.177000427675724 size: 0.0
1314999 : 4.164514487223084 size: 0.0
1315999 : 3.9369790323744756 size: 0.0
1316999 : 4.098097195216979 size: 0.0
1317999 : 4.085512536722744 size: 0.0
1318999 : 4.219625983726769 size: 0.0
1319999 : 4.278938328460429 size: 0.0
1320999 : 4.120444964835394 size: 0.0
1321999 : 4.173306928265793 size: 0.0
1322999 : 4.222224297616004 size: 0.0
1323999 : 4.179252712471422 size: 0.0
1324999 : 4.210493704965954 size: 0.0
1325999 : 4.243295955965017 size: 0.0
1326999 : 4.200297885492203 size: 0.0
1327999 : 4.286806190772101 size: 0.0
1328999 : 4.120756597398757 size: 0.0
1329999 : 3.8631633906935545 size: 0.0
1330999 : 4.040216434069101 size: 0.0
1331999 : 4.052832393405793 size: 0.0
1332999 : 4.184379171328342 size: 0.0
1333999 : 4.150852185438542 size: 0.0
1334999 : 3.935185597291278 size: 0.0
1335999 : 4.05546304003339 size: 0.0
1336999 : 4.102843228450189 size: 0.0
1337999 : 4.04838079447086 size: 0.0
1338999 : 4.256593310564428 size: 0.0
1339999 : 4.1245811475886445 size: 0.0
1340999 : 4.044042704085497 size: 0.0
1341999 : 4.164118927126099 size: 0.0
1342999 : 4.134755297248386 size: 0.0
1343999 : 3.996601977775594 size: 0.0
1344999 : 4.215018568510154 size: 0.0
1345999 : 4.190403723588066 size: 0.0
1346999 : 4.004193979915282 size: 0.0
1347999 : 4.024901379009767 size: 0.0
1348999 : 4.209656837386855 size: 0.0
1349999 : 4.056427862704731 size: 0.0
1350999 : 4.163317487973078 size: 0.0
1351999 : 4.218522543038833 size: 0.0
1352999 : 4.218981392751335 size: 0.0
1353999 : 4.136220589433737 size: 0.0
1354999 : 4.073663620008899 size: 0.0
1355999 : 4.119771824739916 size: 0.0
1356999 : 3.935873527894729 size: 0.0
1357999 : 4.388304159935899 size: 0.0
1358999 : 4.178814844642326 size: 0.0
1359999 : 4.253999124258813 size: 0.0
1360999 : 4.247740331628614 size: 0.0
1361999 : 4.361413984542896 size: 0.0
1362999 : 4.130161984609143 size: 0.0
1363999 : 4.133538691976183 size: 0.0
1364999 : 4.028354102708489 size: 0.0
1365999 : 4.183913442309805 size: 0.0
1366999 : 4.23722703218137 size: 0.0
1367999 : 4.104867120285542 size: 0.0
1368999 : 4.004718183035112 size: 0.0
1369999 : 4.021039680567294 size: 0.0
1370999 : 3.9658380651545566 size: 0.0
1371999 : 4.2097816967913815 size: 0.0
1372999 : 4.084304874548385 size: 0.0
1373999 : 4.246384420409211 size: 0.0
1374999 : 4.069191727121165 size: 0.0
1375999 : 4.152712005824973 size: 0.0
1376999 : 4.173447266108898 size: 0.0
1377999 : 4.406886885361626 size: 0.0
1378999 : 4.106549798541584 size: 0.0
1379999 : 4.168152264254133 size: 0.0
1380999 : 4.105439478547614 size: 0.0
1381999 : 4.205693669180373 size: 0.0
1382999 : 4.296508420037875 size: 0.0
1383999 : 4.129920177002029 size: 0.0
1384999 : 4.1491777623497414 size: 0.0
1385999 : 4.073089197955018 size: 0.0
1386999 : 4.182828919713464 size: 0.0
1387999 : 4.106460711528437 size: 0.0
1388999 : 4.122074328469668 size: 0.0
1389999 : 4.135411239078778 size: 0.0
1390999 : 4.254302845620237 size: 0.0
1391999 : 4.174178192375065 size: 0.0
1392999 : 4.185771198904425 size: 0.0
1393999 : 4.125936026912141 size: 0.0
1394999 : 4.19616514239197 size: 0.0
1395999 : 4.182130670150961 size: 0.0
1396999 : 4.143693579579028 size: 0.0
1397999 : 4.09059668784755 size: 0.0
1398999 : 4.059434119441812 size: 0.0
1399999 : 3.9547238583251985 size: 0.0
1400999 : 4.0522160075851 size: 0.0
1401999 : 4.015919069120505 size: 0.0
1402999 : 4.067238692137967 size: 0.0
1403999 : 4.1405125884686695 size: 0.0
1404999 : 4.261730088380398 size: 0.0
1405999 : 3.9434978627727792 size: 0.0
1406999 : 4.1627946607144555 size: 0.0
1407999 : 4.076793360289301 size: 0.0
1408999 : 4.053535114517218 size: 0.0
1409999 : 4.058062729783832 size: 0.0
1410999 : 4.1634843111444155 size: 0.0
1411999 : 4.198830873480343 size: 0.0
1412999 : 4.180626853851816 size: 0.0
1413999 : 4.162942221828896 size: 0.0
1414999 : 4.181187173328327 size: 0.0
1415999 : 4.209407462543104 size: 0.0
1416999 : 4.326246628129167 size: 0.0
1417999 : 4.2226470309718245 size: 0.0
1418999 : 4.109013278032543 size: 0.0
1419999 : 4.165058984295715 size: 0.0
1420999 : 4.0996137382322875 size: 0.0
1421999 : 4.1680731522347365 size: 0.0
1422999 : 4.547164190572574 size: 0.0
1423999 : 4.356535524668521 size: 0.0
1424999 : 4.198677120990472 size: 0.0
1425999 : 4.173503332453079 size: 0.0
1426999 : 3.9939248958322637 size: 0.0
1427999 : 4.104503204996317 size: 0.0
1428999 : 4.074950738167957 size: 0.0
1429999 : 4.352904970908807 size: 0.0
1430999 : 4.312980918337515 size: 0.0
1431999 : 4.055669419214426 size: 0.0
1432999 : 4.107881632189866 size: 0.0
1433999 : 4.437390072283955 size: 0.0
1434999 : 4.176492734890377 size: 0.0
1435999 : 4.062970770674156 size: 0.0
1436999 : 4.0814049030895365 size: 0.0
1437999 : 4.19165231763333 size: 0.0
1438999 : 4.09886286197862 size: 0.0
1439999 : 4.195466204898863 size: 0.0
1440999 : 4.1896686697382775 size: 0.0
1441999 : 3.9084883864325426 size: 0.0
1442999 : 4.0729643385504914 size: 0.0
1443999 : 3.939549829039573 size: 0.0
1444999 : 4.057150877768958 size: 0.0
1445999 : 3.9531767023980366 size: 0.0
1446999 : 4.020591149813844 size: 0.0
1447999 : 4.02056844810393 size: 0.0
1448999 : 4.00178966245622 size: 0.0
1449999 : 4.077859308759349 size: 0.0
1450999 : 4.278581980407841 size: 0.0
1451999 : 4.243458995518035 size: 0.0
1452999 : 4.188165197404435 size: 0.0
1453999 : 4.062317580566178 size: 0.0
1454999 : 4.056633209989861 size: 0.0
1455999 : 4.275675129642958 size: 0.0
1456999 : 4.069682909572029 size: 0.0
1457999 : 4.179014344517327 size: 0.0
1458999 : 4.047536015689822 size: 0.0
1459999 : 4.125959072587357 size: 0.0
1460999 : 4.0700808774261255 size: 0.0
1461999 : 4.30365326728532 size: 0.0
1462999 : 4.167401731965768 size: 0.0
1463999 : 4.273415965541224 size: 0.0
1464999 : 4.001886660671307 size: 0.0
1465999 : 4.203160708698465 size: 0.0
1466999 : 4.091489965736131 size: 0.0
1467999 : 4.0837534981697186 size: 0.0
1468999 : 4.080188641782635 size: 0.0
1469999 : 4.209076567922844 size: 0.0
1470999 : 4.13990273798871 size: 0.0
1471999 : 4.070488820273972 size: 0.0
1472999 : 4.0633130161493725 size: 0.0
1473999 : 4.111154806001086 size: 0.0
1474999 : 4.140415590253583 size: 0.0
1475999 : 4.1305733671100064 size: 0.0
1476999 : 4.100530749726688 size: 0.0
1477999 : 4.268396823858444 size: 0.0
1478999 : 4.258625113601721 size: 0.0
1479999 : 4.187511319365854 size: 0.0
1480999 : 4.1689261861830165 size: 0.0
1481999 : 4.1586564141693945 size: 0.0
1482999 : 4.08444933997511 size: 0.0
1483999 : 4.1318677085404 size: 0.0
1484999 : 4.126554132559343 size: 0.0
1485999 : 4.144777070279464 size: 0.0
1486999 : 4.3658311869476565 size: 0.0
1487999 : 4.328807105835212 size: 0.0
1488999 : 4.30207068293208 size: 0.0
1489999 : 4.0554080055851145 size: 0.0
1490999 : 4.017693930077409 size: 0.0
1491999 : 4.355830395799984 size: 0.0
1492999 : 4.306200330344598 size: 0.0
1493999 : 4.104407926607739 size: 0.0
1494999 : 4.138420591503575 size: 0.0
1495999 : 4.177638827275726 size: 0.0
1496999 : 4.159256977586208 size: 0.0
1497999 : 4.244023098612865 size: 0.0
1498999 : 4.0477276043628825 size: 0.0
1499999 : 4.143627538241097 size: 0.0
1500999 : 4.215283765757785 size: 0.0
1501999 : 4.097473242159649 size: 0.0
1502999 : 4.204337413995669 size: 0.0
1503999 : 4.159618485118321 size: 0.0
1504999 : 4.201620432077338 size: 0.0
1505999 : 4.327046691420981 size: 0.0
1506999 : 4.18054189442229 size: 0.0
1507999 : 4.331835376351605 size: 0.0
1508999 : 3.8888090996249147 size: 0.0
1509999 : 4.065653012097012 size: 0.0
1510999 : 3.9365456360943014 size: 0.0
1511999 : 4.180625134025308 size: 0.0
1512999 : 4.0793435190362946 size: 0.0
1513999 : 4.016591521285378 size: 0.0
1514999 : 4.002271557843938 size: 0.0
1515999 : 4.191268108391302 size: 0.0
1516999 : 4.000096321275825 size: 0.0
1517999 : 4.0250128237675264 size: 0.0
1518999 : 3.9727104918830345 size: 0.0
1519999 : 4.111458871327812 size: 0.0
1520999 : 4.3682602699084425 size: 0.0
1521999 : 4.176479320243609 size: 0.0
1522999 : 4.195891002046494 size: 0.0
1523999 : 4.1171398022511125 size: 0.0
1524999 : 4.03970392576953 size: 0.0
1525999 : 4.104819997039206 size: 0.0
1526999 : 4.137412773169519 size: 0.0
1527999 : 4.0990726808126725 size: 0.0
1528999 : 4.090846750621904 size: 0.0
1529999 : 4.299164864063102 size: 0.0
1530999 : 4.223669983779157 size: 0.0
1531999 : 3.9867518434300777 size: 0.0
1532999 : 4.099430060761166 size: 0.0
1533999 : 4.085906033027918 size: 0.0
1534999 : 3.9864157893302914 size: 0.0
1535999 : 4.164898008534507 size: 0.0
1536999 : 3.9889088498371987 size: 0.0
1537999 : 4.0353816577880455 size: 0.0
1538999 : 4.135458362325114 size: 0.0
1539999 : 4.036122215082661 size: 0.0
1540999 : 4.018253905588618 size: 0.0
1541999 : 3.9901715464598335 size: 0.0
1542999 : 4.0413429204322515 size: 0.0
1543999 : 4.190012979005306 size: 0.0
1544999 : 4.207234633732103 size: 0.0
1545999 : 4.086576077435679 size: 0.0
1546999 : 4.1126121869844985 size: 0.0
1547999 : 4.133833470239762 size: 0.0
1548999 : 4.140796703807895 size: 0.0
1549999 : 4.08129208247057 size: 0.0
1550999 : 4.182113815851176 size: 0.0
1551999 : 4.144139358610064 size: 0.0
1552999 : 4.10064081862324 size: 0.0
1553999 : 4.075244484535631 size: 0.0
1554999 : 4.004782504546534 size: 0.0
1555999 : 4.127938592898788 size: 0.0
1556999 : 4.187454909056371 size: 0.0
1557999 : 4.168225184898099 size: 0.0
1558999 : 4.270053016786253 size: 0.0
1559999 : 4.2512680397631115 size: 0.0
1560999 : 4.133083281916698 size: 0.0
1561999 : 4.174404177578299 size: 0.0
1562999 : 4.066816990678051 size: 0.0
1563999 : 4.271199109171603 size: 0.0
1564999 : 4.154102313574548 size: 0.0
1565999 : 4.013642018823081 size: 0.0
1566999 : 4.090354192309833 size: 0.0
1567999 : 3.9417367604279443 size: 0.0
1568999 : 4.098771711173662 size: 0.0
1569999 : 4.257148470561413 size: 0.0
1570999 : 4.303553173382517 size: 0.0
1571999 : 4.08317770025463 size: 0.0
1572999 : 4.084541178710671 size: 0.0
1573999 : 4.230986469712162 size: 0.0
1574999 : 4.108651426535127 size: 0.0
1575999 : 4.1447591840837745 size: 0.0
1576999 : 4.179703307016683 size: 0.0
1577999 : 4.29069678229992 size: 0.0
1578999 : 4.231506545248371 size: 0.0
1579999 : 4.171621154322036 size: 0.0
1580999 : 4.2547444970676525 size: 0.0
1581999 : 4.156086649400202 size: 0.0
1582999 : 4.148656998882929 size: 0.0
1583999 : 4.275742202876795 size: 0.0
1584999 : 4.198595601213963 size: 0.0
1585999 : 4.291721110968458 size: 0.0
1586999 : 4.31450881220778 size: 0.0
1587999 : 4.36511642705067 size: 0.0
1588999 : 4.3624438166562625 size: 0.0
1589999 : 4.2653912550519655 size: 0.0
1590999 : 4.249024354099956 size: 0.0
1591999 : 4.292714482759842 size: 0.0
1592999 : 4.158022486118314 size: 0.0
1593999 : 4.115249368952829 size: 0.0
1594999 : 4.178796614481334 size: 0.0
1595999 : 4.288218512300986 size: 0.0
1596999 : 4.231397164282423 size: 0.0
1597999 : 4.273282850969457 size: 0.0
1598999 : 4.088494371923403 size: 0.0
1599999 : 4.364053230303036 size: 0.0
1600999 : 4.1361490446509785 size: 0.0
1601999 : 4.203011771722818 size: 0.0
1602999 : 4.23566611764214 size: 0.0
1603999 : 4.136963898450767 size: 0.0
1604999 : 4.125573143518821 size: 0.0
1605999 : 4.247394990465681 size: 0.0
1606999 : 4.272708084950273 size: 0.0
1607999 : 4.200819680854921 size: 0.0
1608999 : 4.203258738809457 size: 0.0
1609999 : 4.199044475932714 size: 0.0
1610999 : 4.178007902044477 size: 0.0
1611999 : 4.241493921749276 size: 0.0
1612999 : 4.1917262701732 size: 0.0
1613999 : 4.216958532811886 size: 0.0
1614999 : 4.246362406629901 size: 0.0
1615999 : 4.270575500079574 size: 0.0
1616999 : 4.0567611650821025 size: 0.0
1617999 : 4.225496783496622 size: 0.0
1618999 : 4.1473492428057686 size: 0.0
1619999 : 3.9882725140290063 size: 0.0
1620999 : 4.069133596985173 size: 0.0
1621999 : 4.165702199409942 size: 0.0
1622999 : 4.1280947531457715 size: 0.0
1623999 : 4.120080361615565 size: 0.0
1624999 : 4.182239019221004 size: 0.0
1625999 : 4.300945572430136 size: 0.0
1626999 : 4.206261555893522 size: 0.0
1627999 : 4.140622657365222 size: 0.0
1628999 : 4.0832526846904065 size: 0.0
1629999 : 4.194126804013943 size: 0.0
1630999 : 4.143920596678167 size: 0.0
1631999 : 4.054849405935112 size: 0.0
1632999 : 4.30271045839329 size: 0.0
1633999 : 4.166165864636668 size: 0.0
1634999 : 4.190053910876211 size: 0.0
1635999 : 4.126783901380895 size: 0.0
1636999 : 4.107360524757752 size: 0.0
1637999 : 4.2098219407316835 size: 0.0
1638999 : 4.030315048893627 size: 0.0
1639999 : 4.03650676828999 size: 0.0
1640999 : 4.184251904166703 size: 0.0
1641999 : 4.2502082826684955 size: 0.0
1642999 : 3.981945960234367 size: 0.0
1643999 : 4.09874728963724 size: 0.0
1644999 : 4.1543520323836 size: 0.0
1645999 : 4.136628532281584 size: 0.0
1646999 : 4.153878392163124 size: 0.0
1647999 : 4.066771931223525 size: 0.0
1648999 : 4.223476675279587 size: 0.0
1649999 : 4.085411754889338 size: 0.0
1650999 : 4.070687288253068 size: 0.0
1651999 : 4.111148958590958 size: 0.0
1652999 : 4.182160595132211 size: 0.0
1653999 : 4.168679563061679 size: 0.0
1654999 : 4.028664359410645 size: 0.0
1655999 : 4.059675239118322 size: 0.0
1656999 : 4.095732777732917 size: 0.0
1657999 : 4.037766025259607 size: 0.0
1658999 : 3.9665648638371027 size: 0.0
1659999 : 4.156006505484901 size: 0.0
1660999 : 4.1257747071856326 size: 0.0
1661999 : 4.247700087688312 size: 0.0
1662999 : 4.123833710987995 size: 0.0
1663999 : 4.221052063867723 size: 0.0
1664999 : 4.185892274690632 size: 0.0
1665999 : 4.220518229719445 size: 0.0
1666999 : 4.276542266168608 size: 0.0
1667999 : 4.14823667328422 size: 0.0
1668999 : 4.214663596318773 size: 0.0
1669999 : 4.156447125036411 size: 0.0
1670999 : 4.298902762503188 size: 0.0
1671999 : 4.1867030009068 size: 0.0
1672999 : 4.036026936694083 size: 0.0
1673999 : 4.289907381932459 size: 0.0
1674999 : 4.230400696803324 size: 0.0
1675999 : 4.070916713109319 size: 0.0
1676999 : 4.165993538020504 size: 0.0
1677999 : 4.103011427482732 size: 0.0
1678999 : 4.164905231805844 size: 0.0
1679999 : 4.03841646364517 size: 0.0
1680999 : 4.210416656738367 size: 0.0
1681999 : 4.181496398134579 size: 0.0
1682999 : 4.2218775805918645 size: 0.0
1683999 : 4.220612132246816 size: 0.0
1684999 : 4.126016170827444 size: 0.0
1685999 : 4.155768481496106 size: 0.0
1686999 : 4.375235886227438 size: 0.0
1687999 : 4.1297543857265975 size: 0.0
1688999 : 4.2683459169937885 size: 0.0
1689999 : 4.188332020575772 size: 0.0
1690999 : 4.329913298245562 size: 0.0
1691999 : 4.227799975156977 size: 0.0
1692999 : 4.19826023504478 size: 0.0
1693999 : 4.174941107414292 size: 0.0
1694999 : 4.262265642355185 size: 0.0
1695999 : 4.1471562782715 size: 0.0
1696999 : 4.168408518403919 size: 0.0
1697999 : 4.141236635428802 size: 0.0
1698999 : 4.09042332933548 size: 0.0
1699999 : 4.409826068864871 size: 0.0
1700999 : 4.151238802437682 size: 0.0
1701999 : 4.2124119994536775 size: 0.0
1702999 : 4.124920297376146 size: 0.0
1703999 : 4.196596130915032 size: 0.0
1704999 : 4.288934992024481 size: 0.0
1705999 : 4.188644341069739 size: 0.0
1706999 : 4.174630850712136 size: 0.0
1707999 : 4.259088434863146 size: 0.0
1708999 : 4.075985041830246 size: 0.0
1709999 : 4.113829824152607 size: 0.0
1710999 : 4.122325423139928 size: 0.0
1711999 : 4.115511470512743 size: 0.0
1712999 : 4.100675903084015 size: 0.0
1713999 : 4.068640006777197 size: 0.0
1714999 : 4.255713791287915 size: 0.0
1715999 : 4.102803672440491 size: 0.0
1716999 : 4.363984781207993 size: 0.0
1717999 : 4.000122462638756 size: 0.0
1718999 : 4.1586502227939635 size: 0.0
1719999 : 4.024837745428949 size: 0.0
1720999 : 4.237494981151414 size: 0.0
1721999 : 4.1243001279371345 size: 0.0
1722999 : 4.211337451851087 size: 0.0
1723999 : 4.116669601683654 size: 0.0
1724999 : 4.024902754870975 size: 0.0
1725999 : 4.136150764477487 size: 0.0
1726999 : 4.321615823272035 size: 0.0
1727999 : 4.184589334127695 size: 0.0
1728999 : 4.259161011541809 size: 0.0
1729999 : 4.197774556038744 size: 0.0
1730999 : 4.382083547454192 size: 0.0
1731999 : 4.238729128654006 size: 0.0
1732999 : 4.242130257557469 size: 0.0
1733999 : 4.3193380850440075 size: 0.0
1734999 : 4.089972046859616 size: 0.0
1735999 : 4.2291283691522406 size: 0.0
1736999 : 4.153805127553857 size: 0.0
1737999 : 4.207259055268526 size: 0.0
1738999 : 4.097318457773872 size: 0.0
1739999 : 4.202779595144153 size: 0.0
1740999 : 4.192215732797556 size: 0.0
1741999 : 4.214354715477824 size: 0.0
1742999 : 4.246239954982487 size: 0.0
1743999 : 4.138554050040645 size: 0.0
1744999 : 4.124133304765798 size: 0.0
1745999 : 4.096377024743049 size: 0.0
1746999 : 4.172665089012773 size: 0.0
1747999 : 4.21577116459033 size: 0.0
1748999 : 4.254381957639634 size: 0.0
1749999 : 4.092850692469758 size: 0.0
1750999 : 4.141458149083114 size: 0.0
1751999 : 4.28945506756069 size: 0.0
1752999 : 4.176298050529599 size: 0.0
1753999 : 4.176316968621195 size: 0.0
1754999 : 4.262661202452169 size: 0.0
1755999 : 4.1184565014261185 size: 0.0
1756999 : 4.146937172374301 size: 0.0
1757999 : 4.162499194520273 size: 0.0
1758999 : 4.277830072258269 size: 0.0
1759999 : 4.173534977260838 size: 0.0
1760999 : 4.214693177334722 size: 0.0
1761999 : 4.1800489921449175 size: 0.0
1762999 : 4.322979989658679 size: 0.0
1763999 : 4.205837790641795 size: 0.0
1764999 : 4.173959086477866 size: 0.0
1765999 : 4.204149264975625 size: 0.0
1766999 : 4.279041862016248 size: 0.0
1767999 : 4.090926206606603 size: 0.0
1768999 : 4.179307746919699 size: 0.0
1769999 : 4.099560767575821 size: 0.0
1770999 : 4.060589154925007 size: 0.0
1771999 : 4.1320479463585045 size: 0.0
1772999 : 4.332874151562816 size: 0.0
1773999 : 4.100450261846084 size: 0.0
1774999 : 4.180826009761516 size: 0.0
1775999 : 4.091876926700572 size: 0.0
1776999 : 4.033547290833942 size: 0.0
1777999 : 4.035134346736105 size: 0.0
1778999 : 4.1477410192844335 size: 0.0
1779999 : 4.051305875396735 size: 0.0
1780999 : 4.198703950284006 size: 0.0
1781999 : 4.198793725227756 size: 0.0
1782999 : 4.140386697168238 size: 0.0
1783999 : 4.173341324795966 size: 0.0
1784999 : 4.321952565302424 size: 0.0
1785999 : 4.143620314969761 size: 0.0
1786999 : 3.9468515244646043 size: 0.0
1787999 : 4.1964303396396 size: 0.0
1788999 : 4.098520272538101 size: 0.0
1789999 : 4.2315419736744495 size: 0.0
1790999 : 4.124581835519248 size: 0.0
1791999 : 4.238185319511978 size: 0.0
1792999 : 4.231131623069491 size: 0.0
1793999 : 4.23621027074947 size: 0.0
1794999 : 4.142346955422773 size: 0.0
1795999 : 4.1475281047626655 size: 0.0
1796999 : 4.326625677891669 size: 0.0
1797999 : 4.223853317284976 size: 0.0
1798999 : 4.083388207019286 size: 0.0
1799999 : 4.0734806304683815 size: 0.0
1800999 : 4.092985870833336 size: 0.0
1801999 : 4.194955416425801 size: 0.0
1802999 : 4.257512385850639 size: 0.0
1803999 : 4.180411531572936 size: 0.0
1804999 : 4.1675042336256825 size: 0.0
1805999 : 4.124571172594894 size: 0.0
1806999 : 4.149248619201897 size: 0.0
1807999 : 4.244348833753599 size: 0.0
1808999 : 4.03644313470917 size: 0.0
1809999 : 4.205907271632745 size: 0.0
1810999 : 4.349593616949095 size: 0.0
1811999 : 4.2034713093659235 size: 0.0
1812999 : 4.1337478228796325 size: 0.0
1813999 : 4.1194450577032775 size: 0.0
1814999 : 4.161306322853888 size: 0.0
1815999 : 4.176925443239947 size: 0.0
1816999 : 4.023734304741012 size: 0.0
1817999 : 4.15828080405991 size: 0.0
1818999 : 4.044869252705543 size: 0.0
1819999 : 4.0378416976259865 size: 0.0
1820999 : 4.13039863273673 size: 0.0
1821999 : 4.000564458051473 size: 0.0
1822999 : 4.133298604195579 size: 0.0
1823999 : 4.221357849020957 size: 0.0
1824999 : 4.190255474543021 size: 0.0
1825999 : 4.15777448713577 size: 0.0
1826999 : 4.154594183956015 size: 0.0
1827999 : 4.109571877682545 size: 0.0
1828999 : 4.24476365590748 size: 0.0
1829999 : 4.2057487036286485 size: 0.0
1830999 : 4.051951154302771 size: 0.0
1831999 : 4.142710870711999 size: 0.0
1832999 : 4.137315087023828 size: 0.0
1833999 : 4.334839569296876 size: 0.0
1834999 : 4.094978805791534 size: 0.0
1835999 : 4.060882901292681 size: 0.0
1836999 : 4.308359744508832 size: 0.0
1837999 : 4.156752222259041 size: 0.0
1838999 : 4.188105003476633 size: 0.0
1839999 : 4.214291081897004 size: 0.0
1840999 : 4.133559673859589 size: 0.0
1841999 : 4.15896254328793 size: 0.0
1842999 : 4.333001762689756 size: 0.0
1843999 : 4.251428671559018 size: 0.0
1844999 : 4.068204546705212 size: 0.0
1845999 : 4.202692915888118 size: 0.0
1846999 : 4.244190609714805 size: 0.0
1847999 : 4.170719277300912 size: 0.0
1848999 : 4.169364054012113 size: 0.0
1849999 : 4.27153550723669 size: 0.0
1850999 : 4.28505403152511 size: 0.0
1851999 : 4.102707706121309 size: 0.0
1852999 : 4.07114613796557 size: 0.0
1853999 : 4.074240449819894 size: 0.0
1854999 : 4.235916524381795 size: 0.0
1855999 : 4.04763920528034 size: 0.0
1856999 : 4.18530375005938 size: 0.0
1857999 : 4.070555549542507 size: 0.0
1858999 : 4.122448906683247 size: 0.0
1859999 : 4.137893636661331 size: 0.0
1860999 : 4.111404868775441 size: 0.0
1861999 : 4.238457396065643 size: 0.0
1862999 : 4.251838334233373 size: 0.0
1863999 : 4.1654118926952854 size: 0.0
1864999 : 4.156290276858824 size: 0.0
1865999 : 4.306418404345892 size: 0.0
1866999 : 4.1252491282045956 size: 0.0
1867999 : 4.281664253476604 size: 0.0
1868999 : 4.195561827252742 size: 0.0
1869999 : 4.079817847187375 size: 0.0
1870999 : 4.071579190280442 size: 0.0
1871999 : 4.293209792794326 size: 0.0
1872999 : 4.234440913237393 size: 0.0
1873999 : 4.122166167205229 size: 0.0
1874999 : 4.172381661604152 size: 0.0
1875999 : 4.1691483877679305 size: 0.0
1876999 : 4.1085172800674545 size: 0.0
1877999 : 3.9761188440578334 size: 0.0
1878999 : 4.100673151361602 size: 0.0
1879999 : 4.091912699091952 size: 0.0
1880999 : 4.125988997568608 size: 0.0
1881999 : 4.202598325430143 size: 0.0
1882999 : 4.195272552433992 size: 0.0
1883999 : 4.019329141121813 size: 0.0
1884999 : 4.062183090133203 size: 0.0
1885999 : 4.1970611720029645 size: 0.0
1886999 : 4.111495331649795 size: 0.0
1887999 : 3.9615584488704862 size: 0.0
1888999 : 4.098295663196074 size: 0.0
1889999 : 4.010489576832766 size: 0.0
1890999 : 4.070329564339273 size: 0.0
1891999 : 4.0606152962879385 size: 0.0
1892999 : 4.184868977917999 size: 0.0
1893999 : 3.976500301577447 size: 0.0
1894999 : 4.119930048778711 size: 0.0
1895999 : 4.133066771582215 size: 0.0
1896999 : 4.0366209647701625 size: 0.0
1897999 : 4.207288292319173 size: 0.0
1898999 : 4.029403196878753 size: 0.0
1899999 : 4.215481889771579 size: 0.0
1900999 : 4.235122652465413 size: 0.0
1901999 : 4.148731983318705 size: 0.0
1902999 : 4.27908210595655 size: 0.0
1903999 : 4.164753199142481 size: 0.0
1904999 : 4.243970127956399 size: 0.0
1905999 : 4.075845735883047 size: 0.0
1906999 : 3.957211415387278 size: 0.0
1907999 : 4.041011337881389 size: 0.0
1908999 : 4.1760098076067536 size: 0.0
1909999 : 4.13415404590097 size: 0.0
1910999 : 4.046751086871284 size: 0.0
1911999 : 4.130587125722076 size: 0.0
1912999 : 4.122167199101134 size: 0.0
1913999 : 4.079781386865392 size: 0.0
1914999 : 4.253781394222821 size: 0.0
1915999 : 4.016322196454127 size: 0.0
1916999 : 4.121420450431088 size: 0.0
1917999 : 4.111470222182769 size: 0.0
1918999 : 4.098170459826246 size: 0.0
1919999 : 4.133319586078984 size: 0.0
1920999 : 4.0597498795887965 size: 0.0
1921999 : 4.147161093785725 size: 0.0
1922999 : 4.181463721430915 size: 0.0
1923999 : 4.234441601167997 size: 0.0
1924999 : 4.135456986463907 size: 0.0
1925999 : 4.201221432327336 size: 0.0
1926999 : 4.038513805825559 size: 0.0
1927999 : 4.2449383902807565 size: 0.0
1928999 : 4.127350412232837 size: 0.0
1929999 : 4.067859893472884 size: 0.0
1930999 : 4.07443513418067 size: 0.0
1931999 : 4.177459965318829 size: 0.0
1932999 : 4.115224947416406 size: 0.0
1933999 : 4.161748662231908 size: 0.0
1934999 : 4.173090574091008 size: 0.0
1935999 : 4.228018393123572 size: 0.0
1936999 : 4.230740190556127 size: 0.0
1937999 : 4.032145632229411 size: 0.0
1938999 : 4.297285437654473 size: 0.0
1939999 : 4.223235555603077 size: 0.0
1940999 : 4.0947555723107145 size: 0.0
1941999 : 4.16232308428579 size: 0.0
1942999 : 4.270209520998538 size: 0.0
1943999 : 4.115928356458435 size: 0.0
1944999 : 4.173303832578078 size: 0.0
1945999 : 4.145342549235501 size: 0.0
1946999 : 4.236023497590632 size: 0.0
1947999 : 4.055336804767657 size: 0.0
1948999 : 4.132502668487385 size: 0.0
1949999 : 4.021151813255656 size: 0.0
1950999 : 4.160190155449789 size: 0.0
1951999 : 4.164007826333641 size: 0.0
1952999 : 4.17570608624533 size: 0.0
1953999 : 4.2465615625396005 size: 0.0
1954999 : 4.266855171376109 size: 0.0
1955999 : 4.091500972625787 size: 0.0
1956999 : 4.131922055058072 size: 0.0
1957999 : 4.21304455164355 size: 0.0
1958999 : 4.08835609787211 size: 0.0
1959999 : 4.2194863338142685 size: 0.0
1960999 : 4.087830862856374 size: 0.0
1961999 : 4.209790295923924 size: 0.0
1962999 : 4.317653342996156 size: 0.0
1963999 : 4.145608090448433 size: 0.0
1964999 : 4.211458183671993 size: 0.0
1965999 : 4.233994446275753 size: 0.0
1966999 : 4.125960104483262 size: 0.0
1967999 : 4.233945259237606 size: 0.0
1968999 : 4.113050742744198 size: 0.0
1969999 : 3.932938471975105 size: 0.0
1970999 : 4.165916145827615 size: 0.0
1971999 : 3.9991112046516823 size: 0.0
1972999 : 4.095111232432699 size: 0.0
1973999 : 4.146992894753181 size: 0.0
1974999 : 4.379180824272929 size: 0.0
1975999 : 4.00484132261313 size: 0.0
1976999 : 4.205914838869382 size: 0.0
1977999 : 4.151962849397814 size: 0.0
1978999 : 4.294119581017391 size: 0.0
1979999 : 4.164530309626963 size: 0.0
1980999 : 4.303569683717001 size: 0.0
1981999 : 4.1527261084023435 size: 0.0
1982999 : 4.317926795411028 size: 0.0
1983999 : 4.161723552764882 size: 0.0
1984999 : 4.172512712384109 size: 0.0
1985999 : 4.130454355115609 size: 0.0
1986999 : 4.143064811007474 size: 0.0
1987999 : 4.036952203355725 size: 0.0
1988999 : 4.11952313782677 size: 0.0
1989999 : 4.200285846706643 size: 0.0
1990999 : 4.103505017690709 size: 0.0
1991999 : 4.228208261970124 size: 0.0
1992999 : 4.129539063447718 size: 0.0
1993999 : 4.005007457853863 size: 0.0
1994999 : 4.290494186737202 size: 0.0
1995999 : 4.195243659348646 size: 0.0
1996999 : 3.9353548282197273 size: 0.0
1997999 : 4.0996323123585805 size: 0.0
1998999 : 3.986579516813913 size: 0.0
1999999 : 4.09470879302968 size: 0.0
2000999 : 4.283921353786528 size: 0.0
2001999 : 4.060119642288152 size: 0.0
2002999 : 4.165003949847439 size: 0.0
2003999 : 4.2420710955255725 size: 0.0
2004999 : 4.175000269446189 size: 0.0
2005999 : 4.207372563818096 size: 0.0
2006999 : 4.257542998762492 size: 0.0
2007999 : 4.2756857925673115 size: 0.0
2008999 : 4.217634080664475 size: 0.0
2009999 : 4.263557232063165 size: 0.0
2010999 : 4.196906387617188 size: 0.0
2011999 : 4.2064748143805915 size: 0.0
2012999 : 4.3614335905650945 size: 0.0
2013999 : 4.355374985740499 size: 0.0
2014999 : 4.094241344184635 size: 0.0
2015999 : 4.300825184574531 size: 0.0
2016999 : 4.092144187740014 size: 0.0
2017999 : 4.183250965138681 size: 0.0
2018999 : 4.092500879757903 size: 0.0
2019999 : 4.081074008469276 size: 0.0
2020999 : 4.098688127605343 size: 0.0
2021999 : 3.961209668054537 size: 0.0
2022999 : 4.162959420093982 size: 0.0
2023999 : 4.196267644051884 size: 0.0
2024999 : 4.247515378321285 size: 0.0
2025999 : 4.0119933931319105 size: 0.0
2026999 : 4.043621346590882 size: 0.0
2027999 : 4.078217376638445 size: 0.0
2028999 : 4.250455593720436 size: 0.0
2029999 : 3.9781692212214197 size: 0.0
2030999 : 4.108914559990947 size: 0.0
2031999 : 4.002442852564196 size: 0.0
2032999 : 4.171484600097251 size: 0.0
2033999 : 4.099553888269787 size: 0.0
2034999 : 4.188444841194738 size: 0.0
2035999 : 4.102766180222602 size: 0.0
2036999 : 4.112184294149151 size: 0.0
2037999 : 4.097782123000598 size: 0.0
2038999 : 4.113249898653898 size: 0.0
2039999 : 4.072460773348765 size: 0.0
2040999 : 4.25538392856356 size: 0.0
2041999 : 4.098432905351463 size: 0.0
2042999 : 4.165388503054769 size: 0.0
2043999 : 4.2127394544209205 size: 0.0
2044999 : 4.230946569737163 size: 0.0
2045999 : 4.05740059657801 size: 0.0
2046999 : 4.134572307707868 size: 0.0
2047999 : 4.1855558766255445 size: 0.0
2048999 : 4.19183977872277 size: 0.0
2049999 : 4.017410846634089 size: 0.0
2050999 : 3.9580912786290923 size: 0.0
2051999 : 4.270594418171169 size: 0.0
2052999 : 4.133585127291916 size: 0.0
2053999 : 4.12788699810353 size: 0.0
2054999 : 4.1903985641085395 size: 0.0
2055999 : 4.0954042908697685 size: 0.0
2056999 : 4.179861187090175 size: 0.0
2057999 : 4.067866428813616 size: 0.0
2058999 : 4.09847830877129 size: 0.0
2059999 : 4.153583957864846 size: 0.0
2060999 : 4.247143207864818 size: 0.0
2061999 : 4.177975569306115 size: 0.0
2062999 : 4.134741538636318 size: 0.0
2063999 : 4.141441294783329 size: 0.0
2064999 : 4.214709343703903 size: 0.0
2065999 : 4.200547948266557 size: 0.0
2066999 : 4.163590596422648 size: 0.0
2067999 : 4.064374149105196 size: 0.0
2068999 : 4.0140919254377385 size: 0.0
2069999 : 4.161012232520913 size: 0.0
2070999 : 4.091702192327296 size: 0.0
2071999 : 4.183977075890624 size: 0.0
2072999 : 4.204808302493731 size: 0.0
2073999 : 4.096627775448007 size: 0.0
2074999 : 4.083626918938684 size: 0.0
2075999 : 4.132753763157645 size: 0.0
2076999 : 4.159649785960778 size: 0.0
2077999 : 4.180026634400305 size: 0.0
2078999 : 4.333817648385449 size: 0.0
2079999 : 4.181647398902037 size: 0.0
2080999 : 4.2536723572221735 size: 0.0
2081999 : 4.294101006891098 size: 0.0
2082999 : 4.170296887910393 size: 0.0
2083999 : 4.212705745821351 size: 0.0
2084999 : 4.108457086139652 size: 0.0
2085999 : 4.283992210638684 size: 0.0
2086999 : 4.106920937102146 size: 0.0
2087999 : 4.3195547831840955 size: 0.0
2088999 : 4.207033070065292 size: 0.0
2089999 : 4.186710224178136 size: 0.0
2090999 : 4.227497973622061 size: 0.0
2091999 : 4.2662604553694266 size: 0.0
2092999 : 4.207047860573266 size: 0.0
2093999 : 4.15671610590236 size: 0.0
2094999 : 4.273801206679157 size: 0.0
2095999 : 4.196836562660938 size: 0.0
2096999 : 4.233350199265621 size: 0.0
2097999 : 4.363972054491829 size: 0.0
2098999 : 4.249182922104051 size: 0.0
2099999 : 4.1804624384375915 size: 0.0
2100999 : 4.124240277974635 size: 0.0
2101999 : 4.109188700336423 size: 0.0
2102999 : 4.142368281271479 size: 0.0
2103999 : 4.2878490935669324 size: 0.0
2104999 : 4.183832954429201 size: 0.0
2105999 : 4.0822672241009625 size: 0.0
2106999 : 4.153168447780362 size: 0.0
2107999 : 4.223988151683253 size: 0.0
2108999 : 4.105208333864854 size: 0.0
2109999 : 4.102441820943075 size: 0.0
2110999 : 4.222533866387557 size: 0.0
2111999 : 4.210379852451083 size: 0.0
2112999 : 4.073501612351786 size: 0.0
2113999 : 4.094641375830541 size: 0.0
2114999 : 4.080985609386733 size: 0.0
2115999 : 4.173863808089288 size: 0.0
2116999 : 4.120768636184318 size: 0.0
2117999 : 4.040790512157681 size: 0.0
2118999 : 4.086186364748825 size: 0.0
2119999 : 4.049020569932069 size: 0.0
2120999 : 4.112211467407988 size: 0.0
2121999 : 4.074348454924635 size: 0.0
2122999 : 4.202013584417211 size: 0.0
2123999 : 4.085075012858948 size: 0.0
2124999 : 4.156657287835765 size: 0.0
2125999 : 4.123467043976355 size: 0.0
2126999 : 3.990804442615009 size: 0.0
2127999 : 4.11058347963492 size: 0.0
2128999 : 4.046919629869129 size: 0.0
2129999 : 4.193489092344544 size: 0.0
2130999 : 3.9344756529085165 size: 0.0
2131999 : 4.108402051691376 size: 0.0
2132999 : 4.063311984253467 size: 0.0
2133999 : 4.069565273438839 size: 0.0
2134999 : 4.26598425123214 size: 0.0
2135999 : 4.131051134914103 size: 0.0
2136999 : 4.085870260636538 size: 0.0
2137999 : 4.170799765181515 size: 0.0
2138999 : 4.01750681295327 size: 0.0
2139999 : 4.114432795326532 size: 0.0
2140999 : 4.015110750661449 size: 0.0
2141999 : 4.317883111817708 size: 0.0
2142999 : 4.1114557756400965 size: 0.0
2143999 : 3.8928472522671735 size: 0.0
2144999 : 4.188121857776418 size: 0.0
2145999 : 4.136710052058093 size: 0.0
2146999 : 4.057787557542452 size: 0.0
2147999 : 4.1396100235169415 size: 0.0
2148999 : 3.9832605956175624 size: 0.0
2149999 : 4.220170480799401 size: 0.0
2150999 : 4.274816592249851 size: 0.0
2151999 : 4.051453436511175 size: 0.0
2152999 : 4.144684199647998 size: 0.0
2153999 : 4.115262439634294 size: 0.0
2154999 : 4.100993039092207 size: 0.0
2155999 : 4.142125097803159 size: 0.0
2156999 : 4.133232218892346 size: 0.0
2157999 : 4.119777672150046 size: 0.0
2158999 : 4.160105196020263 size: 0.0
2159999 : 4.17662894514986 size: 0.0
2160999 : 4.0816054348604425 size: 0.0
2161999 : 4.010473754428887 size: 0.0
2162999 : 4.0250995030235615 size: 0.0
2163999 : 4.241232164154663 size: 0.0
2164999 : 4.088373640102497 size: 0.0
2165999 : 4.1527508739040675 size: 0.0
2166999 : 4.0735270657841145 size: 0.0
2167999 : 4.24950762534888 size: 0.0
2168999 : 4.249554748595217 size: 0.0
2169999 : 4.247120506154904 size: 0.0
2170999 : 4.3408538025975485 size: 0.0
2171999 : 4.280295271575737 size: 0.0
2172999 : 4.172157740192729 size: 0.0
2173999 : 4.125149378267095 size: 0.0
2174999 : 4.071044324236259 size: 0.0
2175999 : 4.099982125070436 size: 0.0
2176999 : 4.375280601716662 size: 0.0
2177999 : 4.358445220023702 size: 0.0
2178999 : 4.189108006296465 size: 0.0
2179999 : 4.286057722275546 size: 0.0
2180999 : 4.299868273105131 size: 0.0
2181999 : 4.269488913691423 size: 0.0
2182999 : 4.247480981791113 size: 0.0
2183999 : 4.191317983360052 size: 0.0
2184999 : 4.083182515768854 size: 0.0
2185999 : 4.169855580428279 size: 0.0
2186999 : 4.095635091587227 size: 0.0
2187999 : 4.265117114706491 size: 0.0
2188999 : 4.124629302730886 size: 0.0
2189999 : 4.156067387343306 size: 0.0
2190999 : 4.048645303787887 size: 0.0
2191999 : 4.029296911600519 size: 0.0
2192999 : 4.1288115768345675 size: 0.0
2193999 : 4.176034573108478 size: 0.0
2194999 : 4.086626296369731 size: 0.0
2195999 : 3.9841418347205835 size: 0.0
2196999 : 4.06821796135198 size: 0.0
2197999 : 4.115100775942483 size: 0.0
2198999 : 4.110881009620913 size: 0.0
2199999 : 4.191591779740226 size: 0.0
2200999 : 4.0705342236938 size: 0.0
2201999 : 4.140222969684617 size: 0.0
2202999 : 4.129765392616253 size: 0.0
2203999 : 4.19249159296954 size: 0.0
2204999 : 4.128675022609783 size: 0.0
2205999 : 4.133591318667347 size: 0.0
2206999 : 4.07003994555522 size: 0.0
2207999 : 4.279276790317327 size: 0.0
2208999 : 4.166850699552404 size: 0.0
2209999 : 4.204975469630369 size: 0.0
2210999 : 4.110248113465738 size: 0.0
2211999 : 4.144233261137436 size: 0.0
2212999 : 4.226486027704384 size: 0.0
2213999 : 4.135268837443863 size: 0.0
2214999 : 3.9237470311823928 size: 0.0
2215999 : 4.2101927353269435 size: 0.0
2216999 : 4.289214291849482 size: 0.0
2217999 : 3.885678327448608 size: 0.0
2218999 : 4.1910844309201805 size: 0.0
2219999 : 4.130990940986301 size: 0.0
2220999 : 4.164715706924593 size: 0.0
2221999 : 4.175489044139941 size: 0.0
2222999 : 4.219304720134957 size: 0.0
2223999 : 4.076800927525939 size: 0.0
2224999 : 4.107802520170469 size: 0.0
2225999 : 4.189793873108106 size: 0.0
2226999 : 4.152395557747385 size: 0.0
2227999 : 4.260250005687073 size: 0.0
2228999 : 4.01906566370069 size: 0.0
2229999 : 4.144070909515022 size: 0.0
2230999 : 4.147385359162449 size: 0.0
2231999 : 4.183761409646442 size: 0.0
2232999 : 4.069922997352633 size: 0.0
2233999 : 3.995160419196062 size: 0.0
2234999 : 4.1494068432406905 size: 0.0
2235999 : 4.282506968465833 size: 0.0
2236999 : 4.089655254816727 size: 0.0
2237999 : 4.196942160008568 size: 0.0
2238999 : 4.244669753380109 size: 0.0
2239999 : 4.373156959943809 size: 0.0
2240999 : 4.201324621917854 size: 0.0
2241999 : 4.152455407709885 size: 0.0
2242999 : 4.342291577558762 size: 0.0
2243999 : 4.156057068384254 size: 0.0
2244999 : 4.290444311768453 size: 0.0
2245999 : 4.197689252643916 size: 0.0
2246999 : 4.34852422882603 size: 0.0
2247999 : 4.296169270250374 size: 0.0
2248999 : 4.243183135346051 size: 0.0
2249999 : 4.219252437409095 size: 0.0
2250999 : 4.146128853915246 size: 0.0
2251999 : 4.2380195282365465 size: 0.0
2252999 : 4.326511825376797 size: 0.0
2253999 : 4.226858886091455 size: 0.0
2254999 : 4.156451940550635 size: 0.0
2255999 : 4.158731054639869 size: 0.0
2256999 : 4.1020273427544955 size: 0.0
2257999 : 4.0558926526952455 size: 0.0
2258999 : 4.027046002666027 size: 0.0
2259999 : 4.269011145887326 size: 0.0
2260999 : 4.002709769638336 size: 0.0
2261999 : 4.024659227437352 size: 0.0
2262999 : 4.056502503175205 size: 0.0
2263999 : 4.040635727771904 size: 0.0
2264999 : 4.1828560929723 size: 0.0
2265999 : 4.062251195262945 size: 0.0
2266999 : 4.093157165553595 size: 0.0
2267999 : 4.215096648633645 size: 0.0
2268999 : 4.068866335945732 size: 0.0
2269999 : 4.10317240324394 size: 0.0
2270999 : 4.169747919288839 size: 0.0
2271999 : 4.170011052744659 size: 0.0
2272999 : 3.964864299385371 size: 0.0
2273999 : 4.149809970574314 size: 0.0
2274999 : 4.143732447658123 size: 0.0
2275999 : 4.125506758215588 size: 0.0
2276999 : 4.249762159672157 size: 0.0
2277999 : 4.151890960649753 size: 0.0
2278999 : 4.061221019184277 size: 0.0
2279999 : 4.2730561778356195 size: 0.0
2280999 : 4.115198806053475 size: 0.0
2281999 : 4.113868692231701 size: 0.0
2282999 : 3.97739185963952 size: 0.0
2283999 : 4.196022396791753 size: 0.0
2284999 : 4.264235187672866 size: 0.0
2285999 : 4.257985338140512 size: 0.0
2286999 : 4.007154833232536 size: 0.0
2287999 : 4.1868540016742575 size: 0.0
2288999 : 4.1793197857052595 size: 0.0
2289999 : 4.283599058298811 size: 0.0
2290999 : 4.230552041536083 size: 0.0
2291999 : 4.067584721231503 size: 0.0
2292999 : 4.189009976185473 size: 0.0
2293999 : 4.080269817593842 size: 0.0
2294999 : 4.11895318732181 size: 0.0
2295999 : 4.160916610167034 size: 0.0
2296999 : 4.256304379710978 size: 0.0
2297999 : 3.978081166104178 size: 0.0
2298999 : 4.089685867728581 size: 0.0
2299999 : 4.051588958840054 size: 0.0
2300999 : 4.108618405866162 size: 0.0
2301999 : 4.0763764743436095 size: 0.0
2302999 : 3.991643717951219 size: 0.0
2303999 : 4.046524413737447 size: 0.0
2304999 : 4.154528486583385 size: 0.0
2305999 : 4.082239018946221 size: 0.0
2306999 : 4.21303044906618 size: 0.0
2307999 : 4.222348813055229 size: 0.0
2308999 : 4.236387412879858 size: 0.0
2309999 : 4.172819529433249 size: 0.0
2310999 : 4.29530935699606 size: 0.0
2311999 : 4.071380034370743 size: 0.0
2312999 : 4.206258116240504 size: 0.0
2313999 : 4.219188803828276 size: 0.0
2314999 : 4.18135124477725 size: 0.0
2315999 : 4.173034163781526 size: 0.0
2316999 : 4.347100556442188 size: 0.0
2317999 : 4.125650535711709 size: 0.0
2318999 : 4.1420143409760035 size: 0.0
2319999 : 4.147993145850599 size: 0.0
2320999 : 4.184102623225754 size: 0.0
2321999 : 4.1230762993935945 size: 0.0
2322999 : 4.082379012824023 size: 0.0
2323999 : 4.0685915076696535 size: 0.0
2324999 : 4.248056091775598 size: 0.0
2325999 : 4.13256148655398 size: 0.0
2326999 : 4.050217569182075 size: 0.0
2327999 : 4.218472324104781 size: 0.0
2328999 : 4.179942706866684 size: 0.0
2329999 : 4.042023627764367 size: 0.0
2330999 : 4.064011609677177 size: 0.0
2331999 : 4.2024356298424275 size: 0.0
2332999 : 4.189630145624484 size: 0.0
2333999 : 4.016871165075681 size: 0.0
2334999 : 4.0052527051139934 size: 0.0
2335999 : 4.046345207815247 size: 0.0
2336999 : 4.033868898391056 size: 0.0
2337999 : 4.079531324091037 size: 0.0
2338999 : 3.9929666085016557 size: 0.0
2339999 : 3.8894929026447453 size: 0.0
2340999 : 4.1508373949305675 size: 0.0
2341999 : 4.170001765681512 size: 0.0
2342999 : 4.238239322064349 size: 0.0
2343999 : 4.07354220025739 size: 0.0
2344999 : 4.085980329533091 size: 0.0
2345999 : 4.170166525061039 size: 0.0
2346999 : 4.190743905271472 size: 0.0
2347999 : 4.121493371075053 size: 0.0
2348999 : 4.110436950416386 size: 0.0
2349999 : 4.219514538969009 size: 0.0
2350999 : 4.244589953430109 size: 0.0
2351999 : 4.180146678290607 size: 0.0
2352999 : 4.153287115809458 size: 0.0
2353999 : 4.192550755001437 size: 0.0
2354999 : 4.190778301801645 size: 0.0
2355999 : 4.197153354703827 size: 0.0
2356999 : 4.156702347290291 size: 0.0
2357999 : 4.076141890007833 size: 0.0
2358999 : 3.9769361056147337 size: 0.0
2359999 : 4.10743998074245 size: 0.0
2360999 : 4.125412855688217 size: 0.0
2361999 : 4.093645940247348 size: 0.0
2362999 : 4.05452607855149 size: 0.0
2363999 : 4.298469366223013 size: 0.0
2364999 : 4.217015287086672 size: 0.0
2365999 : 4.186559223410678 size: 0.0
2366999 : 4.2440705658245035 size: 0.0
2367999 : 4.090569170623412 size: 0.0
2368999 : 4.010246737329748 size: 0.0
2369999 : 4.052224606717644 size: 0.0
2370999 : 3.7949423446452006 size: 0.0
2371999 : 4.1283396564406 size: 0.0
2372999 : 4.093700974695624 size: 0.0
2373999 : 4.024324549198774 size: 0.0
2374999 : 3.9727290660093275 size: 0.0
2375999 : 4.298977402973661 size: 0.0
2376999 : 4.090705380882896 size: 0.0
2377999 : 4.087105096069733 size: 0.0
2378999 : 4.147519161664821 size: 0.0
2379999 : 4.064353855152394 size: 0.0
2380999 : 4.168544384698101 size: 0.0
2381999 : 4.098724931892628 size: 0.0
2382999 : 4.120410912270523 size: 0.0
2383999 : 4.110464467640523 size: 0.0
2384999 : 4.211219471752595 size: 0.0
2385999 : 3.919099715990778 size: 0.0
2386999 : 4.150077919544358 size: 0.0
2387999 : 4.281523227702897 size: 0.0
2388999 : 3.978866094922716 size: 0.0
2389999 : 4.114791895101534 size: 0.0
2390999 : 4.059858572624142 size: 0.0
2391999 : 4.116681296503912 size: 0.0
2392999 : 4.0858946821729605 size: 0.0
2393999 : 4.23628215949753 size: 0.0
2394999 : 3.9920385901176 size: 0.0
2395999 : 4.062247755609928 size: 0.0
2396999 : 4.161786498415098 size: 0.0
2397999 : 4.001356954106649 size: 0.0
2398999 : 4.114550775425024 size: 0.0
last series
Last encode part don't need inference.
609.8403043746948
48425.35925769806 
