start!
start to right
1953060
0 : 7.92675605063323 size: 0.0
1000 : 5.573262560588841 size: 0.0
2000 : 5.318267667772873 size: 0.0
3000 : 5.0390390435891295 size: 0.0
4000 : 4.989018577516284 size: 0.0
5000 : 4.819929706736894 size: 0.0
6000 : 5.011726822770909 size: 0.0
7000 : 4.8474620653482186 size: 0.0
8000 : 4.826895692027441 size: 0.0
9000 : 4.744653932350148 size: 0.0
10000 : 4.718993088945512 size: 0.0
11000 : 4.65328608528747 size: 0.0
12000 : 4.821602409999185 size: 0.0
13000 : 4.77058719627375 size: 0.0
14000 : 4.540353677598406 size: 0.0
15000 : 4.711326446335349 size: 0.0
16000 : 4.702871779218933 size: 0.0
17000 : 4.642851553894322 size: 0.0
18000 : 4.545855402599508 size: 0.0
19000 : 4.778725415312579 size: 0.0
20000 : 4.6457855779180415 size: 0.0
21000 : 4.6535643532165665 size: 0.0
22000 : 4.726729212546622 size: 0.0
23000 : 4.761610389829316 size: 0.0
24000 : 4.765220993601529 size: 0.0
25000 : 4.638590855701847 size: 0.0
26000 : 4.500355328521942 size: 0.0
27000 : 4.647191708071496 size: 0.0
28000 : 4.549897682825388 size: 0.0
29000 : 4.540780538537848 size: 0.0
30000 : 4.661552603383842 size: 0.0
31000 : 4.49444290895058 size: 0.0
32000 : 4.415384204175456 size: 0.0
33000 : 4.702164930523887 size: 0.0
34000 : 4.59112742768203 size: 0.0
35000 : 4.630974088060435 size: 0.0
36000 : 4.59040785227082 size: 0.0
37000 : 4.55356985638661 size: 0.0
38000 : 4.430551354155047 size: 0.0
39000 : 4.554496154944157 size: 0.0
40000 : 4.61953758574336 size: 0.0
41000 : 4.623192561039496 size: 0.0
42000 : 4.657815764345894 size: 0.0
43000 : 4.476487576235201 size: 0.0
44000 : 4.489994749668664 size: 0.0
45000 : 4.495775774494767 size: 0.0
46000 : 4.4987851269195644 size: 0.0
47000 : 4.472712901014064 size: 0.0
48000 : 4.6175267645894715 size: 0.0
49000 : 4.516626951085374 size: 0.0
50000 : 4.459878179745474 size: 0.0
51000 : 4.640697299209614 size: 0.0
52000 : 4.609142954325211 size: 0.0
53000 : 4.503472342086179 size: 0.0
54000 : 4.535017399907436 size: 0.0
55000 : 4.61324095692997 size: 0.0
56000 : 4.595724179974291 size: 0.0
57000 : 4.4494618785133175 size: 0.0
58000 : 4.528744160734564 size: 0.0
59000 : 4.672146390711689 size: 0.0
60000 : 4.3381189344835285 size: 0.0
61000 : 4.478414125890167 size: 0.0
62000 : 4.677093987611711 size: 0.0
63000 : 4.551210942347375 size: 0.0
64000 : 4.370407989252417 size: 0.0
65000 : 4.551932237585095 size: 0.0
66000 : 4.558357509421329 size: 0.0
67000 : 4.377968346584346 size: 0.0
68000 : 4.368314616426115 size: 0.0
69000 : 4.377215062573567 size: 0.0
70000 : 4.28830484759172 size: 0.0
71000 : 4.388070263530726 size: 0.0
72000 : 4.489142403650988 size: 0.0
73000 : 4.493789374877301 size: 0.0
74000 : 4.312493863470271 size: 0.0
75000 : 4.31267685301079 size: 0.0
76000 : 4.286046027455287 size: 0.0
77000 : 4.340540106242375 size: 0.0
78000 : 4.487788900188698 size: 0.0
79000 : 4.377733418283268 size: 0.0
80000 : 4.405553675852137 size: 0.0
81000 : 4.419947935798751 size: 0.0
82000 : 4.409467313055171 size: 0.0
83000 : 4.455577237612697 size: 0.0
84000 : 4.286518291814557 size: 0.0
85000 : 4.326055727386709 size: 0.0
86000 : 4.410323098725865 size: 0.0
87000 : 4.5172285463980915 size: 0.0
88000 : 4.433716178896224 size: 0.0
89000 : 4.332716271489324 size: 0.0
90000 : 4.455391152384464 size: 0.0
91000 : 4.444083637055535 size: 0.0
92000 : 4.3180561263644766 size: 0.0
93000 : 4.331257170679404 size: 0.0
94000 : 4.479703995771637 size: 0.0
95000 : 4.3701049558215965 size: 0.0
96000 : 4.35791860914676 size: 0.0
97000 : 4.390840904036126 size: 0.0
98000 : 4.4918353079981985 size: 0.0
99000 : 4.55209493317281 size: 0.0
100000 : 4.489568576659826 size: 0.0
101000 : 4.316383767067487 size: 0.0
102000 : 4.346602494685289 size: 0.0
103000 : 4.360131681898062 size: 0.0
104000 : 4.359218797987283 size: 0.0
105000 : 4.443120878176006 size: 0.0
106000 : 4.500163395883579 size: 0.0
107000 : 4.404985445173686 size: 0.0
108000 : 4.3113897348517325 size: 0.0
109000 : 4.324136744968382 size: 0.0
110000 : 4.364571586012737 size: 0.0
111000 : 4.23391017477683 size: 0.0
112000 : 4.343249176958766 size: 0.0
113000 : 4.581803216282852 size: 0.0
114000 : 4.5179615364560695 size: 0.0
115000 : 4.378203618850726 size: 0.0
116000 : 4.3633092333554035 size: 0.0
117000 : 4.522131427808889 size: 0.0
118000 : 4.550596620318494 size: 0.0
119000 : 4.433006234513463 size: 0.0
120000 : 4.494110638469113 size: 0.0
121000 : 4.39901214374392 size: 0.0
122000 : 4.378762906431333 size: 0.0
123000 : 4.340055803097545 size: 0.0
124000 : 4.439987354277285 size: 0.0
125000 : 4.3904154189578914 size: 0.0
126000 : 4.520667167519443 size: 0.0
127000 : 4.612475634133631 size: 0.0
128000 : 4.401995010840484 size: 0.0
129000 : 4.3612942846178955 size: 0.0
130000 : 4.259166514986637 size: 0.0
131000 : 4.304876063932954 size: 0.0
132000 : 4.456233867373691 size: 0.0
133000 : 4.549287144414825 size: 0.0
134000 : 4.39716436214305 size: 0.0
135000 : 4.495623397866102 size: 0.0
136000 : 4.624420173201354 size: 0.0
137000 : 4.419203594885817 size: 0.0
138000 : 4.350951935925609 size: 0.0
139000 : 4.388260820307882 size: 0.0
140000 : 4.407408680724344 size: 0.0
141000 : 4.41268614034872 size: 0.0
142000 : 4.423231772534326 size: 0.0
143000 : 4.3201880233045715 size: 0.0
144000 : 4.419331206012757 size: 0.0
145000 : 4.5017459802368185 size: 0.0
146000 : 4.5112555889336265 size: 0.0
147000 : 4.4530404935124706 size: 0.0
148000 : 4.4891957182727555 size: 0.0
149000 : 4.429712422784138 size: 0.0
150000 : 4.449868101534656 size: 0.0
151000 : 4.539478973836118 size: 0.0
152000 : 4.519754971539267 size: 0.0
153000 : 4.548663191357495 size: 0.0
154000 : 4.437466432580939 size: 0.0
155000 : 4.4695618348849555 size: 0.0
156000 : 4.4351869745264025 size: 0.0
157000 : 4.52339928391105 size: 0.0
158000 : 4.575977475967526 size: 0.0
159000 : 4.550650622870865 size: 0.0
160000 : 4.299109485649525 size: 0.0
161000 : 4.201578812275829 size: 0.0
162000 : 4.422534210902426 size: 0.0
163000 : 4.285477796776837 size: 0.0
164000 : 4.203626781682304 size: 0.0
165000 : 4.373497485592517 size: 0.0
166000 : 4.245934857759856 size: 0.0
167000 : 4.254381613674332 size: 0.0
168000 : 4.287544684274906 size: 0.0
169000 : 4.319228360112757 size: 0.0
170000 : 4.414488862495063 size: 0.0
171000 : 4.290241372240435 size: 0.0
172000 : 4.525634714406964 size: 0.0
173000 : 4.487525766732878 size: 0.0
174000 : 4.498172524717191 size: 0.0
175000 : 4.345045019799075 size: 0.0
176000 : 4.460527586235132 size: 0.0
177000 : 4.438634194780297 size: 0.0
178000 : 4.675341484399419 size: 0.0
179000 : 4.585993057623172 size: 0.0
180000 : 4.362597913111435 size: 0.0
181000 : 4.306301456143306 size: 0.0
182000 : 4.524217921329156 size: 0.0
183000 : 4.483811285439543 size: 0.0
184000 : 4.36711176976598 size: 0.0
185000 : 4.488260132652062 size: 0.0
186000 : 4.52984175401237 size: 0.0
187000 : 4.448295836140468 size: 0.0
188000 : 4.40737394022887 size: 0.0
189000 : 4.373857617263424 size: 0.0
190000 : 4.31112212984699 size: 0.0
191000 : 4.361842565308846 size: 0.0
192000 : 4.415642178151749 size: 0.0
193000 : 4.508021627166802 size: 0.0
194000 : 4.583281923114971 size: 0.0
195000 : 4.453047716783807 size: 0.0
196000 : 4.224627583179161 size: 0.0
197000 : 4.3551015333256275 size: 0.0
198000 : 4.547143552654471 size: 0.0
199000 : 4.373567654514069 size: 0.0
200000 : 4.427716048172923 size: 0.0
201000 : 4.399040004933359 size: 0.0
202000 : 4.391913043881605 size: 0.0
203000 : 4.502633754680572 size: 0.0
204000 : 4.5066443900986926 size: 0.0
205000 : 4.565035939719634 size: 0.0
206000 : 4.391723519000354 size: 0.0
207000 : 4.221973202945744 size: 0.0
208000 : 4.517900310632362 size: 0.0
209000 : 4.345913532185932 size: 0.0
210000 : 4.378117971490597 size: 0.0
211000 : 4.4641842813577775 size: 0.0
212000 : 4.44469039184778 size: 0.0
213000 : 4.3950297134805405 size: 0.0
214000 : 4.543691516886352 size: 0.0
215000 : 4.313064157940532 size: 0.0
216000 : 4.271820310506519 size: 0.0
217000 : 4.581347462258066 size: 0.0
218000 : 4.555450314691144 size: 0.0
219000 : 4.391292874442593 size: 0.0
220000 : 4.531845695860223 size: 0.0
221000 : 4.3562170127991235 size: 0.0
222000 : 4.542749739890227 size: 0.0
223000 : 4.53572390463718 size: 0.0
224000 : 4.501211802123239 size: 0.0
225000 : 4.515409313917265 size: 0.0
226000 : 4.366584126993134 size: 0.0
227000 : 4.669728314640558 size: 0.0
228000 : 4.458674645154736 size: 0.0
229000 : 4.443196206577084 size: 0.0
230000 : 4.467819650631715 size: 0.0
231000 : 4.479220724522713 size: 0.0
232000 : 4.70423250595256 size: 0.0
233000 : 4.6919814938009985 size: 0.0
234000 : 4.495489251398429 size: 0.0
235000 : 4.511889860950008 size: 0.0
236000 : 4.457507570885982 size: 0.0
237000 : 4.343589014676871 size: 0.0
238000 : 4.387797155081156 size: 0.0
239000 : 4.427454978508913 size: 0.0
240000 : 4.437749172058957 size: 0.0
241000 : 4.503324093041136 size: 0.0
242000 : 4.497590535426671 size: 0.0
243000 : 4.437448202419947 size: 0.0
244000 : 4.3599968474997866 size: 0.0
245000 : 4.359184745422412 size: 0.0
246000 : 4.522722704162555 size: 0.0
247000 : 4.370862711381299 size: 0.0
248000 : 4.390148157918451 size: 0.0
249000 : 4.429994130366251 size: 0.0
250000 : 4.465993538844854 size: 0.0
251000 : 4.342066968216735 size: 0.0
252000 : 4.402472090713977 size: 0.0
253000 : 4.43498919447791 size: 0.0
254000 : 4.287555003233957 size: 0.0
255000 : 4.275963372565804 size: 0.0
256000 : 4.431263706294921 size: 0.0
257000 : 4.367744321955854 size: 0.0
258000 : 4.416464599188176 size: 0.0
259000 : 4.33970392659388 size: 0.0
260000 : 4.488199250793657 size: 0.0
261000 : 4.322825893203506 size: 0.0
262000 : 4.328686374014307 size: 0.0
263000 : 4.374708243454591 size: 0.0
264000 : 4.3564392143840385 size: 0.0
265000 : 4.367620494447233 size: 0.0
266000 : 4.456662792104943 size: 0.0
267000 : 4.425182743725713 size: 0.0
268000 : 4.231923775159364 size: 0.0
269000 : 4.562094004493974 size: 0.0
270000 : 4.291847346234191 size: 0.0
271000 : 4.445087327805971 size: 0.0
272000 : 4.401999482389407 size: 0.0
273000 : 4.429953198495346 size: 0.0
274000 : 4.477187545624212 size: 0.0
275000 : 4.370851704491643 size: 0.0
276000 : 4.29410547844002 size: 0.0
277000 : 4.388259444446675 size: 0.0
278000 : 4.319806565784958 size: 0.0
279000 : 4.423949972084329 size: 0.0
280000 : 4.367159236977619 size: 0.0
281000 : 4.526004821071621 size: 0.0
282000 : 4.463816926415534 size: 0.0
283000 : 4.469915087249828 size: 0.0
284000 : 4.324640310170109 size: 0.0
285000 : 4.539343451507238 size: 0.0
286000 : 4.451762318451259 size: 0.0
287000 : 4.291831867795613 size: 0.0
288000 : 4.281861001629191 size: 0.0
289000 : 4.45960816698362 size: 0.0
290000 : 4.572853239131952 size: 0.0
291000 : 4.383419508686094 size: 0.0
292000 : 4.462084029225441 size: 0.0
293000 : 4.543233699069756 size: 0.0
294000 : 4.6053596799715315 size: 0.0
295000 : 4.462847976160574 size: 0.0
296000 : 4.458196877350639 size: 0.0
297000 : 4.319672763282587 size: 0.0
298000 : 4.640536667413708 size: 0.0
299000 : 4.593213233271695 size: 0.0
300000 : 4.40332168500924 size: 0.0
301000 : 4.648714786427536 size: 0.0
302000 : 4.297349759165896 size: 0.0
303000 : 4.453405784662904 size: 0.0
304000 : 4.402036630641993 size: 0.0
305000 : 4.452693088557728 size: 0.0
306000 : 4.491724207205741 size: 0.0
307000 : 4.335819526441493 size: 0.0
308000 : 4.330944506220136 size: 0.0
309000 : 4.4786696921093485 size: 0.0
310000 : 4.468352452884089 size: 0.0
311000 : 4.36207061430389 size: 0.0
312000 : 4.483406438279411 size: 0.0
313000 : 4.453264070958593 size: 0.0
314000 : 4.363069833505403 size: 0.0
315000 : 4.39456536032321 size: 0.0
316000 : 4.41512003882373 size: 0.0
317000 : 4.41466738048666 size: 0.0
318000 : 4.362316205529322 size: 0.0
319000 : 4.1788406420399555 size: 0.0
320000 : 4.326583714124858 size: 0.0
321000 : 4.406333101225847 size: 0.0
322000 : 4.388768857058531 size: 0.0
323000 : 4.334738099532867 size: 0.0
324000 : 4.30369110346851 size: 0.0
325000 : 4.4266139833461935 size: 0.0
326000 : 4.354474828545883 size: 0.0
327000 : 4.572740762478287 size: 0.0
328000 : 4.29544694311675 size: 0.0
329000 : 4.495570083244335 size: 0.0
330000 : 4.484751342609159 size: 0.0
331000 : 4.2036037360070875 size: 0.0
332000 : 4.437405894687835 size: 0.0
333000 : 4.523609102745102 size: 0.0
334000 : 4.339047984763489 size: 0.0
335000 : 4.264490753892048 size: 0.0
336000 : 4.2939967854046746 size: 0.0
337000 : 4.382674823807858 size: 0.0
338000 : 4.645752901214378 size: 0.0
339000 : 4.485492931799679 size: 0.0
340000 : 4.227389624552018 size: 0.0
341000 : 4.4170214790116695 size: 0.0
342000 : 4.404492542896314 size: 0.0
343000 : 4.336576250105289 size: 0.0
344000 : 4.480938487239531 size: 0.0
345000 : 4.4079074304118455 size: 0.0
346000 : 4.386878079794945 size: 0.0
347000 : 4.40221136501527 size: 0.0
348000 : 4.451815289107724 size: 0.0
349000 : 4.368189413056287 size: 0.0
350000 : 4.535714273608732 size: 0.0
351000 : 4.434760457552263 size: 0.0
352000 : 4.344929103492394 size: 0.0
353000 : 4.532574902299882 size: 0.0
354000 : 4.507470594753438 size: 0.0
355000 : 4.402844261170444 size: 0.0
356000 : 4.398111642584002 size: 0.0
357000 : 4.489033710615643 size: 0.0
358000 : 4.734530001624457 size: 0.0
359000 : 4.425376052225283 size: 0.0
360000 : 4.44182997639863 size: 0.0
361000 : 4.375839545331966 size: 0.0
362000 : 4.53257662212639 size: 0.0
363000 : 4.245342205544983 size: 0.0
364000 : 4.2616857168564755 size: 0.0
365000 : 4.207766060123269 size: 0.0
366000 : 4.348936643222799 size: 0.0
367000 : 4.438566777581158 size: 0.0
368000 : 4.360074927623278 size: 0.0
369000 : 4.367276529145507 size: 0.0
370000 : 4.444070222408769 size: 0.0
371000 : 4.422803535733677 size: 0.0
372000 : 4.523222485745962 size: 0.0
373000 : 4.392524614188073 size: 0.0
374000 : 4.464904200734289 size: 0.0
375000 : 4.304202235906874 size: 0.0
376000 : 4.451305188565265 size: 0.0
377000 : 4.385819010630931 size: 0.0
378000 : 4.344411091747995 size: 0.0
379000 : 4.175784854299425 size: 0.0
380000 : 4.350529890500392 size: 0.0
381000 : 4.34889295962948 size: 0.0
382000 : 4.3709827552716005 size: 0.0
383000 : 4.536785725523607 size: 0.0
384000 : 4.522238744983027 size: 0.0
385000 : 4.464488690649804 size: 0.0
386000 : 4.456911135052789 size: 0.0
387000 : 4.33941499574043 size: 0.0
388000 : 4.452101124273458 size: 0.0
389000 : 4.379306027642757 size: 0.0
390000 : 4.419624608415129 size: 0.0
391000 : 4.5288614529024525 size: 0.0
392000 : 4.530060859909569 size: 0.0
393000 : 4.346294645740245 size: 0.0
394000 : 4.3944793689977795 size: 0.0
395000 : 4.483240990969282 size: 0.0
396000 : 4.339611743893018 size: 0.0
397000 : 4.426849255612574 size: 0.0
398000 : 4.371209772370739 size: 0.0
399000 : 4.4154292636299814 size: 0.0
400000 : 4.2797249771054755 size: 0.0
401000 : 4.431259922676602 size: 0.0
402000 : 4.336379501952702 size: 0.0
403000 : 4.389416199756378 size: 0.0
404000 : 4.243516093758122 size: 0.0
405000 : 4.359506352979525 size: 0.0
406000 : 4.538057365244087 size: 0.0
407000 : 4.469753079592715 size: 0.0
408000 : 4.454175579008165 size: 0.0
409000 : 4.434855735940841 size: 0.0
410000 : 4.5344643037022605 size: 0.0
411000 : 4.408754616949996 size: 0.0
412000 : 4.374272783382606 size: 0.0
413000 : 4.386297810330934 size: 0.0
414000 : 4.493863327417173 size: 0.0
415000 : 4.380561500994055 size: 0.0
416000 : 4.44548185600705 size: 0.0
417000 : 4.4115943944810425 size: 0.0
418000 : 4.5165247933907615 size: 0.0
419000 : 4.45983346425625 size: 0.0
420000 : 4.452253156936821 size: 0.0
421000 : 4.383099276990188 size: 0.0
422000 : 4.268568806509307 size: 0.0
423000 : 4.210235387024357 size: 0.0
424000 : 4.398198321840037 size: 0.0
425000 : 4.299974558383364 size: 0.0
426000 : 4.273965966058683 size: 0.0
427000 : 4.396686250373651 size: 0.0
428000 : 4.299670149091337 size: 0.0
429000 : 4.37601771935826 size: 0.0
430000 : 4.478182293276803 size: 0.0
431000 : 4.52664459653283 size: 0.0
432000 : 4.469660208961249 size: 0.0
433000 : 4.646631388594985 size: 0.0
434000 : 4.655878551766576 size: 0.0
435000 : 4.346264032828391 size: 0.0
436000 : 4.3366629293613235 size: 0.0
437000 : 4.374751583082609 size: 0.0
438000 : 4.515860596393129 size: 0.0
439000 : 4.429441378126378 size: 0.0
440000 : 4.422174079231519 size: 0.0
441000 : 4.661664048141601 size: 0.0
442000 : 4.3192737635325855 size: 0.0
443000 : 4.470169277607803 size: 0.0
444000 : 4.32091516595242 size: 0.0
445000 : 4.360276835255391 size: 0.0
446000 : 4.528249882595984 size: 0.0
447000 : 4.263696538010364 size: 0.0
448000 : 4.266620931005635 size: 0.0
449000 : 4.294764515958127 size: 0.0
450000 : 4.405512743981232 size: 0.0
451000 : 4.3061879475937355 size: 0.0
452000 : 4.638675471166071 size: 0.0
453000 : 4.319211161847671 size: 0.0
454000 : 4.331043912192334 size: 0.0
455000 : 4.282466380560229 size: 0.0
456000 : 4.421887556135181 size: 0.0
457000 : 4.366812863918781 size: 0.0
458000 : 4.386938273722747 size: 0.0
459000 : 4.358567327705814 size: 0.0
460000 : 4.362130808231692 size: 0.0
461000 : 4.452942119436178 size: 0.0
462000 : 4.342499676566306 size: 0.0
463000 : 4.390587401608754 size: 0.0
464000 : 4.369300764946162 size: 0.0
465000 : 4.29445425925597 size: 0.0
466000 : 4.333561738200966 size: 0.0
467000 : 4.365432875128258 size: 0.0
468000 : 4.320828486696385 size: 0.0
469000 : 4.526895347237788 size: 0.0
470000 : 4.241519031216303 size: 0.0
471000 : 4.360600850569616 size: 0.0
472000 : 4.230504574324445 size: 0.0
473000 : 4.357226550959688 size: 0.0
474000 : 4.367580594472233 size: 0.0
475000 : 4.448038550094777 size: 0.0
476000 : 4.512366252892899 size: 0.0
477000 : 4.397769053143483 size: 0.0
478000 : 4.273541512876354 size: 0.0
479000 : 4.342007806184839 size: 0.0
480000 : 4.422332303270313 size: 0.0
481000 : 4.305216589581662 size: 0.0
482000 : 4.427993972136717 size: 0.0
483000 : 4.372884539424842 size: 0.0
484000 : 4.295692534342182 size: 0.0
485000 : 4.134117241613685 size: 0.0
486000 : 4.366761957054126 size: 0.0
487000 : 4.38279486769816 size: 0.0
488000 : 4.295113296774076 size: 0.0
489000 : 4.413526103615534 size: 0.0
490000 : 4.388184460010899 size: 0.0
491000 : 4.499645728104482 size: 0.0
492000 : 4.453249968381222 size: 0.0
493000 : 4.55395853717756 size: 0.0
494000 : 4.221297311127853 size: 0.0
495000 : 4.47167343787225 size: 0.0
496000 : 4.467921120395725 size: 0.0
497000 : 4.257417795392664 size: 0.0
498000 : 4.3230776758043685 size: 0.0
499000 : 4.523524487280877 size: 0.0
500000 : 4.614534266464458 size: 0.0
501000 : 4.401604610223026 size: 0.0
502000 : 4.448737143622582 size: 0.0
503000 : 4.30553303765925 size: 0.0
504000 : 4.450124355684441 size: 0.0
505000 : 4.481378762825739 size: 0.0
506000 : 4.269338600854569 size: 0.0
507000 : 4.463774962648724 size: 0.0
508000 : 4.455362947229722 size: 0.0
509000 : 4.348145179063528 size: 0.0
510000 : 4.5909220803969 size: 0.0
511000 : 4.370128345462114 size: 0.0
512000 : 4.45014602549845 size: 0.0
513000 : 4.341881226953803 size: 0.0
514000 : 4.355372234018085 size: 0.0
515000 : 4.4559851804605435 size: 0.0
516000 : 4.636307957994293 size: 0.0
517000 : 4.3840984961917 size: 0.0
518000 : 4.305253393868948 size: 0.0
519000 : 4.571502831357377 size: 0.0
520000 : 4.65613033436744 size: 0.0
521000 : 4.387462132877275 size: 0.0
522000 : 4.400291350701037 size: 0.0
523000 : 4.580590394628968 size: 0.0
524000 : 4.320689868679789 size: 0.0
525000 : 4.510001835408836 size: 0.0
526000 : 4.248945242080558 size: 0.0
527000 : 4.3177651317192165 size: 0.0
528000 : 4.390650003293668 size: 0.0
529000 : 4.268822996867282 size: 0.0
530000 : 4.5032972637476005 size: 0.0
531000 : 4.4568172325254185 size: 0.0
532000 : 4.485774983347095 size: 0.0
533000 : 4.484696996091486 size: 0.0
534000 : 4.381662877890181 size: 0.0
535000 : 4.31774380587051 size: 0.0
536000 : 4.41470349684334 size: 0.0
537000 : 4.43244763486346 size: 0.0
538000 : 4.562605136932339 size: 0.0
539000 : 4.513557404732774 size: 0.0
540000 : 4.537255238160462 size: 0.0
541000 : 4.461034935055178 size: 0.0
542000 : 4.268819901179566 size: 0.0
543000 : 4.4318002921656126 size: 0.0
544000 : 4.482464661283287 size: 0.0
545000 : 4.43421768030614 size: 0.0
546000 : 4.349629733305776 size: 0.0
547000 : 4.435356205454852 size: 0.0
548000 : 4.486097622800113 size: 0.0
549000 : 4.570361554486252 size: 0.0
550000 : 4.575521377977437 size: 0.0
551000 : 4.465486190024809 size: 0.0
552000 : 4.466148667195933 size: 0.0
553000 : 4.50935862029461 size: 0.0
554000 : 4.582995056053331 size: 0.0
555000 : 4.593827555300576 size: 0.0
556000 : 4.501576405343068 size: 0.0
557000 : 4.321650907732811 size: 0.0
558000 : 4.2485145975227985 size: 0.0
559000 : 4.486017478884811 size: 0.0
560000 : 4.392172393719106 size: 0.0
561000 : 4.417046932443997 size: 0.0
562000 : 4.257854975291157 size: 0.0
563000 : 4.321483740596173 size: 0.0
564000 : 4.457077958224126 size: 0.0
565000 : 4.503854831501698 size: 0.0
566000 : 4.274085665983684 size: 0.0
567000 : 4.2414588372885005 size: 0.0
568000 : 4.424040090993381 size: 0.0
569000 : 4.332691162022298 size: 0.0
570000 : 4.382205655136304 size: 0.0
571000 : 4.435878344782871 size: 0.0
572000 : 4.5243090721341135 size: 0.0
573000 : 4.365192443382352 size: 0.0
574000 : 4.386344245646667 size: 0.0
575000 : 4.447379512576671 size: 0.0
576000 : 4.35631401101421 size: 0.0
577000 : 4.6293326856406 size: 0.0
578000 : 4.3290915651397395 size: 0.0
579000 : 4.385886083864769 size: 0.0
580000 : 4.3189741697547825 size: 0.0
581000 : 4.361104759736644 size: 0.0
582000 : 4.413415346788378 size: 0.0
583000 : 4.3206214195847465 size: 0.0
584000 : 4.381160688549662 size: 0.0
585000 : 4.5526924009019085 size: 0.0
586000 : 4.3871642589259805 size: 0.0
587000 : 4.298918584907066 size: 0.0
588000 : 4.37970124377444 size: 0.0
589000 : 4.301480438474319 size: 0.0
590000 : 4.279143675745559 size: 0.0
591000 : 4.393047441446695 size: 0.0
592000 : 4.360153695677373 size: 0.0
593000 : 4.385813851151406 size: 0.0
594000 : 4.285770167283303 size: 0.0
595000 : 4.329663235471208 size: 0.0
596000 : 4.417258127139257 size: 0.0
597000 : 4.270587194899833 size: 0.0
598000 : 4.503444824862041 size: 0.0
599000 : 4.18765784858439 size: 0.0
600000 : 4.181571038605053 size: 0.0
601000 : 4.282890145811955 size: 0.0
602000 : 4.254951220213989 size: 0.0
603000 : 4.316153998245934 size: 0.0
604000 : 4.286155408421236 size: 0.0
605000 : 4.30254707487497 size: 0.0
606000 : 4.409803711120259 size: 0.0
607000 : 4.431222774424015 size: 0.0
608000 : 4.5170751378735226 size: 0.0
609000 : 4.4742349474742 size: 0.0
610000 : 4.479116847001592 size: 0.0
611000 : 4.394790657595841 size: 0.0
612000 : 4.4504380520396145 size: 0.0
613000 : 4.4680662737530525 size: 0.0
614000 : 4.354723515459031 size: 0.0
615000 : 4.3308966950431955 size: 0.0
616000 : 4.418901593350902 size: 0.0
617000 : 4.325061323699421 size: 0.0
618000 : 4.504919060145237 size: 0.0
619000 : 4.381117692886946 size: 0.0
620000 : 4.324404693938426 size: 0.0
621000 : 4.340616466539358 size: 0.0
622000 : 4.432797791540617 size: 0.0
623000 : 4.384972512023385 size: 0.0
624000 : 4.341948644152941 size: 0.0
625000 : 4.524151192060621 size: 0.0
626000 : 4.42769369042831 size: 0.0
627000 : 4.317456938808871 size: 0.0
628000 : 4.461877994009707 size: 0.0
629000 : 4.301526185859449 size: 0.0
630000 : 4.325008697008257 size: 0.0
631000 : 4.294207292169331 size: 0.0
632000 : 4.366338535767701 size: 0.0
633000 : 4.322670420887126 size: 0.0
634000 : 4.372587353404151 size: 0.0
635000 : 4.337588883953569 size: 0.0
636000 : 4.4215731718494045 size: 0.0
637000 : 4.274481914011272 size: 0.0
638000 : 4.4335211505701455 size: 0.0
639000 : 4.334643509074893 size: 0.0
640000 : 4.48287397999234 size: 0.0
641000 : 4.314104996943555 size: 0.0
642000 : 4.458144594624778 size: 0.0
643000 : 4.284754437747307 size: 0.0
644000 : 4.584604469700106 size: 0.0
645000 : 4.351019009159446 size: 0.0
646000 : 4.264558515056488 size: 0.0
647000 : 4.521353722261687 size: 0.0
648000 : 4.439807116459181 size: 0.0
649000 : 4.568814054593788 size: 0.0
650000 : 4.341176442050568 size: 0.0
651000 : 4.38776998182232 size: 0.0
652000 : 4.42207260946751 size: 0.0
653000 : 4.307781194871329 size: 0.0
654000 : 4.3430135607270834 size: 0.0
655000 : 4.4634650499118695 size: 0.0
656000 : 4.284761317053342 size: 0.0
657000 : 4.403663242553853 size: 0.0
658000 : 4.310080602913365 size: 0.0
659000 : 4.410165562617674 size: 0.0
660000 : 4.541203959824273 size: 0.0
661000 : 4.3935093868469135 size: 0.0
662000 : 4.161921332813374 size: 0.0
663000 : 4.3947517895167465 size: 0.0
664000 : 4.42575613388369 size: 0.0
665000 : 4.353832989292863 size: 0.0
666000 : 4.358970111074135 size: 0.0
667000 : 4.285880580145157 size: 0.0
668000 : 4.392089154116088 size: 0.0
669000 : 4.523914543933034 size: 0.0
670000 : 4.48909700023116 size: 0.0
671000 : 4.219222168462543 size: 0.0
672000 : 4.288518794009392 size: 0.0
673000 : 4.309504461032974 size: 0.0
674000 : 4.369409457981508 size: 0.0
675000 : 4.314975573122222 size: 0.0
676000 : 4.370960397526988 size: 0.0
677000 : 4.305147452556016 size: 0.0
678000 : 4.288291432944952 size: 0.0
679000 : 4.424031835826139 size: 0.0
680000 : 4.316881484859084 size: 0.0
681000 : 4.249517944307931 size: 0.0
682000 : 4.26384547498601 size: 0.0
683000 : 4.3766506155134355 size: 0.0
684000 : 4.292587903528807 size: 0.0
685000 : 4.285511505376405 size: 0.0
686000 : 4.453781050807086 size: 0.0
687000 : 4.361756573983414 size: 0.0
688000 : 4.5521128193685 size: 0.0
689000 : 4.241050550475352 size: 0.0
690000 : 4.331950260762381 size: 0.0
691000 : 4.416770040376108 size: 0.0
692000 : 4.496046131221923 size: 0.0
693000 : 4.410305212530175 size: 0.0
694000 : 4.384937083597308 size: 0.0
695000 : 4.354311101062262 size: 0.0
696000 : 4.598000542341111 size: 0.0
697000 : 4.370929096684532 size: 0.0
698000 : 4.477492642846843 size: 0.0
699000 : 4.166982094297663 size: 0.0
700000 : 4.366571056311668 size: 0.0
701000 : 4.341256242000568 size: 0.0
702000 : 4.264139909284288 size: 0.0
703000 : 4.388294872872753 size: 0.0
704000 : 4.524926145885409 size: 0.0
705000 : 4.360094189680175 size: 0.0
706000 : 4.410128070399787 size: 0.0
707000 : 4.431780686143414 size: 0.0
708000 : 4.400698949583582 size: 0.0
709000 : 4.322949720712127 size: 0.0
710000 : 4.313888298803467 size: 0.0
711000 : 4.1736797866528645 size: 0.0
712000 : 4.512050836711216 size: 0.0
713000 : 4.414189612682563 size: 0.0
714000 : 4.509679883886421 size: 0.0
715000 : 4.455305161059032 size: 0.0
716000 : 4.358019734945468 size: 0.0
717000 : 4.519539305295084 size: 0.0
718000 : 4.314373633844202 size: 0.0
719000 : 4.403947013927777 size: 0.0
720000 : 4.288789150736549 size: 0.0
721000 : 4.249120664384439 size: 0.0
722000 : 4.382946900361523 size: 0.0
723000 : 4.282436455578979 size: 0.0
724000 : 4.2532489359357495 size: 0.0
725000 : 4.507252176786842 size: 0.0
726000 : 4.513665409837516 size: 0.0
727000 : 4.4478641596868025 size: 0.0
728000 : 4.253603564161828 size: 0.0
729000 : 4.217980453723313 size: 0.0
730000 : 4.169977688110391 size: 0.0
731000 : 4.234475997698169 size: 0.0
732000 : 4.328729025711721 size: 0.0
733000 : 4.250851841748024 size: 0.0
734000 : 4.291724894586777 size: 0.0
735000 : 4.422665261682384 size: 0.0
736000 : 4.344474381363512 size: 0.0
737000 : 4.645141674873211 size: 0.0
738000 : 4.374656648659332 size: 0.0
739000 : 4.284268414775969 size: 0.0
740000 : 4.304545857243298 size: 0.0
741000 : 4.4350070806736 size: 0.0
742000 : 4.4698211847224565 size: 0.0
743000 : 4.312139235244192 size: 0.0
744000 : 4.427414046638007 size: 0.0
745000 : 4.555274548421962 size: 0.0
746000 : 4.425218516117092 size: 0.0
747000 : 4.274618124270755 size: 0.0
748000 : 4.289866794026855 size: 0.0
749000 : 4.31669127204723 size: 0.0
750000 : 4.453174983945446 size: 0.0
751000 : 4.337644950297751 size: 0.0
752000 : 4.5141328586825615 size: 0.0
753000 : 4.4779652511714145 size: 0.0
754000 : 4.395622021730112 size: 0.0
755000 : 4.391473112260697 size: 0.0
756000 : 4.371713337572466 size: 0.0
757000 : 4.33231486398221 size: 0.0
758000 : 4.274416904569246 size: 0.0
759000 : 4.334004077578985 size: 0.0
760000 : 4.297310891086801 size: 0.0
761000 : 4.474220844896829 size: 0.0
762000 : 4.489212228607238 size: 0.0
763000 : 4.486314664905502 size: 0.0
764000 : 4.336085755585028 size: 0.0
765000 : 4.351048246210093 size: 0.0
766000 : 4.316161909447874 size: 0.0
767000 : 4.318152092683658 size: 0.0
768000 : 4.370932536337548 size: 0.0
769000 : 4.411332980851731 size: 0.0
770000 : 4.580859375494917 size: 0.0
771000 : 4.391069984927075 size: 0.0
772000 : 4.123166762267949 size: 0.0
773000 : 4.409173222722196 size: 0.0
774000 : 4.381675260641043 size: 0.0
775000 : 4.424646501820323 size: 0.0
776000 : 4.58319799558135 size: 0.0
777000 : 4.406023532454294 size: 0.0
778000 : 4.452345683602985 size: 0.0
779000 : 4.2505281703991 size: 0.0
780000 : 4.326655946838221 size: 0.0
781000 : 4.3134232577155345 size: 0.0
782000 : 4.445483231868257 size: 0.0
783000 : 4.411357058422852 size: 0.0
784000 : 4.475239326155239 size: 0.0
785000 : 4.367059487040119 size: 0.0
786000 : 4.420720481866427 size: 0.0
787000 : 4.3959539482462775 size: 0.0
788000 : 4.295806386857053 size: 0.0
789000 : 4.352463319461392 size: 0.0
790000 : 4.310126006333192 size: 0.0
791000 : 4.378514907448788 size: 0.0
792000 : 4.617085457107358 size: 0.0
793000 : 4.4164959000306325 size: 0.0
794000 : 4.623018858562125 size: 0.0
795000 : 4.3462654086895975 size: 0.0
796000 : 4.41963492737418 size: 0.0
797000 : 4.407937355393096 size: 0.0
798000 : 4.524221017016872 size: 0.0
799000 : 4.4405235961826754 size: 0.0
800000 : 4.383283986357214 size: 0.0
801000 : 4.34042934941522 size: 0.0
802000 : 4.41542100846274 size: 0.0
803000 : 4.388735836389565 size: 0.0
804000 : 4.3594736762758615 size: 0.0
805000 : 4.277927758403959 size: 0.0
806000 : 4.313039048473507 size: 0.0
807000 : 4.374996830342739 size: 0.0
808000 : 4.498346571159864 size: 0.0
809000 : 4.298920648698877 size: 0.0
810000 : 4.4193576913409895 size: 0.0
811000 : 4.366869962158868 size: 0.0
812000 : 4.4420415150591905 size: 0.0
813000 : 4.469852141599612 size: 0.0
814000 : 4.4523081913850975 size: 0.0
815000 : 4.435011896187825 size: 0.0
816000 : 4.424418108859977 size: 0.0
817000 : 4.466152106848949 size: 0.0
818000 : 4.34593692182645 size: 0.0
819000 : 4.396527338404254 size: 0.0
820000 : 4.600881939673667 size: 0.0
821000 : 4.507811464367448 size: 0.0
822000 : 4.327885622791889 size: 0.0
823000 : 4.355328206459465 size: 0.0
824000 : 4.482985768715402 size: 0.0
825000 : 4.408460526617021 size: 0.0
826000 : 4.29661504928141 size: 0.0
827000 : 4.430202229373795 size: 0.0
828000 : 4.469512303881507 size: 0.0
829000 : 4.367217367113611 size: 0.0
830000 : 4.444969003742178 size: 0.0
831000 : 4.161389562456907 size: 0.0
832000 : 4.5914710490184545 size: 0.0
833000 : 4.443821535495621 size: 0.0
834000 : 4.35658299188016 size: 0.0
835000 : 4.431254763197075 size: 0.0
836000 : 4.5029017036506165 size: 0.0
837000 : 4.445209435488084 size: 0.0
838000 : 4.386120668200546 size: 0.0
839000 : 4.483596995056568 size: 0.0
840000 : 4.562025211433629 size: 0.0
841000 : 4.530650072471425 size: 0.0
842000 : 4.404617746266142 size: 0.0
843000 : 4.2732040829153615 size: 0.0
844000 : 4.370165149749399 size: 0.0
845000 : 4.428961202565169 size: 0.0
846000 : 4.507658743773482 size: 0.0
847000 : 4.4724143391321665 size: 0.0
848000 : 4.338758022014135 size: 0.0
849000 : 4.32651629692572 size: 0.0
850000 : 4.400602983264401 size: 0.0
851000 : 4.4285453485153825 size: 0.0
852000 : 4.240307929388926 size: 0.0
853000 : 4.600125216009871 size: 0.0
854000 : 4.310003210720477 size: 0.0
855000 : 4.204351516573039 size: 0.0
856000 : 4.422968983043807 size: 0.0
857000 : 4.578878479322279 size: 0.0
858000 : 4.384012504866269 size: 0.0
859000 : 4.576203461170759 size: 0.0
860000 : 4.351542868313974 size: 0.0
861000 : 4.482994023882643 size: 0.0
862000 : 4.521181395645523 size: 0.0
863000 : 4.539886572718664 size: 0.0
864000 : 4.389412760103361 size: 0.0
865000 : 4.371327064538628 size: 0.0
866000 : 4.343106775323852 size: 0.0
867000 : 4.478694801576374 size: 0.0
868000 : 4.156206005359901 size: 0.0
869000 : 4.40126855612324 size: 0.0
870000 : 4.548769132670426 size: 0.0
871000 : 4.570278314883233 size: 0.0
872000 : 4.27942091177875 size: 0.0
873000 : 4.568234129095078 size: 0.0
874000 : 4.42591160620007 size: 0.0
875000 : 4.369505080335387 size: 0.0
876000 : 4.2616709263485015 size: 0.0
877000 : 4.186051530625331 size: 0.0
878000 : 4.392901944124065 size: 0.0
879000 : 4.525141124198988 size: 0.0
880000 : 4.376826381782617 size: 0.0
881000 : 4.23752387423676 size: 0.0
882000 : 4.3488393010424105 size: 0.0
883000 : 4.438838854134824 size: 0.0
884000 : 4.401360738824102 size: 0.0
885000 : 4.57741559489404 size: 0.0
886000 : 4.246511343605548 size: 0.0
887000 : 4.530753262061943 size: 0.0
888000 : 4.285877828422743 size: 0.0
889000 : 4.426293407684986 size: 0.0
890000 : 4.4133623761319125 size: 0.0
891000 : 4.483216913398161 size: 0.0
892000 : 4.360346316246339 size: 0.0
893000 : 4.470049921648104 size: 0.0
894000 : 4.595647131746705 size: 0.0
895000 : 4.512448804565312 size: 0.0
896000 : 4.478477415505684 size: 0.0
897000 : 4.122990652033465 size: 0.0
898000 : 4.478190204478743 size: 0.0
899000 : 4.348761220918919 size: 0.0
900000 : 4.385440304833732 size: 0.0
901000 : 4.450089615188967 size: 0.0
902000 : 4.359982744922416 size: 0.0
903000 : 4.387630331909818 size: 0.0
904000 : 4.454880707876703 size: 0.0
905000 : 4.536081284585673 size: 0.0
906000 : 4.462693879705401 size: 0.0
907000 : 4.498549510687882 size: 0.0
908000 : 4.482504217292986 size: 0.0
909000 : 4.462720708998935 size: 0.0
910000 : 4.503136975916997 size: 0.0
911000 : 4.575710214928085 size: 0.0
912000 : 4.477784669388008 size: 0.0
913000 : 4.357972611699131 size: 0.0
914000 : 4.4428388266285905 size: 0.0
915000 : 4.40294504300385 size: 0.0
916000 : 4.362211640077597 size: 0.0
917000 : 4.4396371976001285 size: 0.0
918000 : 4.534790726773599 size: 0.0
919000 : 4.297274430764818 size: 0.0
920000 : 4.476495143471839 size: 0.0
921000 : 4.3395649646119825 size: 0.0
922000 : 4.391763762940656 size: 0.0
923000 : 4.480496147861511 size: 0.0
924000 : 4.442685074138719 size: 0.0
925000 : 4.336720371566712 size: 0.0
926000 : 4.208310213230599 size: 0.0
927000 : 4.487169074714989 size: 0.0
928000 : 4.45546407302843 size: 0.0
929000 : 4.4362188704315795 size: 0.0
930000 : 4.343983198912649 size: 0.0
931000 : 4.342372065439366 size: 0.0
932000 : 4.385638772812827 size: 0.0
933000 : 4.5363592085494675 size: 0.0
934000 : 4.42874003287616 size: 0.0
935000 : 4.529282122466463 size: 0.0
936000 : 4.260184652279745 size: 0.0
937000 : 4.387515447499043 size: 0.0
938000 : 4.561474522985566 size: 0.0
939000 : 4.1708327858504815 size: 0.0
940000 : 4.212094519480185 size: 0.0
941000 : 4.368268181110382 size: 0.0
942000 : 4.1322182091828585 size: 0.0
943000 : 4.252004813439408 size: 0.0
944000 : 4.25541763716313 size: 0.0
945000 : 4.26551370669938 size: 0.0
946000 : 4.420927892943367 size: 0.0
947000 : 4.511829667022207 size: 0.0
948000 : 4.3121805110804 size: 0.0
949000 : 4.434555798197736 size: 0.0
950000 : 4.308260682501935 size: 0.0
951000 : 4.197858827537667 size: 0.0
952000 : 4.189743654174054 size: 0.0
953000 : 4.3920719558510015 size: 0.0
954000 : 4.464312924380623 size: 0.0
955000 : 4.3997795303320695 size: 0.0
956000 : 4.463925275485578 size: 0.0
957000 : 4.471045357231298 size: 0.0
958000 : 4.427228993305679 size: 0.0
959000 : 4.2824350797177715 size: 0.0
960000 : 4.376088920175717 size: 0.0
961000 : 4.439571156262198 size: 0.0
962000 : 4.398278121790037 size: 0.0
963000 : 4.452254188832726 size: 0.0
964000 : 4.453945810186613 size: 0.0
965000 : 4.6353617094492465 size: 0.0
966000 : 4.436568339178133 size: 0.0
967000 : 4.434480125831357 size: 0.0
968000 : 4.341668656397337 size: 0.0
969000 : 4.422679364259754 size: 0.0
970000 : 4.423432992235835 size: 0.0
971000 : 4.305968153765933 size: 0.0
972000 : 4.358670517296332 size: 0.0
973000 : 4.654169732147603 size: 0.0
974000 : 4.577171723495117 size: 0.0
975000 : 4.478178853623786 size: 0.0
976000 : 4.501280595183584 size: 0.0
977000 : 4.362604448452168 size: 0.0
978000 : 4.346954027223653 size: 0.0
979000 : 4.519039523711677 size: 0.0
980000 : 4.307304458963137 size: 0.0
981000 : 4.5248810864308835 size: 0.0
982000 : 4.441038168274058 size: 0.0
983000 : 4.436297294520373 size: 0.0
984000 : 4.332429060462383 size: 0.0
985000 : 4.360866047817247 size: 0.0
986000 : 4.393890844366527 size: 0.0
987000 : 4.377660497639302 size: 0.0
988000 : 4.481602684237163 size: 0.0
989000 : 4.239423938563492 size: 0.0
990000 : 4.179297427960647 size: 0.0
991000 : 4.50219279116376 size: 0.0
992000 : 4.458138059284044 size: 0.0
993000 : 4.436443823738908 size: 0.0
994000 : 4.634952734705495 size: 0.0
995000 : 4.322066761782597 size: 0.0
996000 : 4.532578341952899 size: 0.0
997000 : 4.318982424922024 size: 0.0
998000 : 4.327875647798139 size: 0.0
999000 : 4.362538063148935 size: 0.0
1000000 : 4.4059389169900705 size: 0.0
1001000 : 4.389166136982023 size: 0.0
1002000 : 4.403493323694801 size: 0.0
1003000 : 4.3017779684603115 size: 0.0
1004000 : 4.138213868357237 size: 0.0
1005000 : 4.707051645565503 size: 0.0
1006000 : 4.4307522298912545 size: 0.0
1007000 : 4.2524361459277715 size: 0.0
1008000 : 4.552550687197597 size: 0.0
1009000 : 4.3775531804651635 size: 0.0
1010000 : 4.454197592787476 size: 0.0
1011000 : 4.2429922346035935 size: 0.0
1012000 : 4.3412122144419465 size: 0.0
1013000 : 4.35352926793144 size: 0.0
1014000 : 4.362101227215744 size: 0.0
1015000 : 4.220843276929576 size: 0.0
1016000 : 4.343065155522343 size: 0.0
1017000 : 4.179370692569915 size: 0.0
1018000 : 4.363854418358639 size: 0.0
1019000 : 4.30615492692477 size: 0.0
1020000 : 4.462228494652166 size: 0.0
1021000 : 4.241473283831173 size: 0.0
1022000 : 4.279006433590171 size: 0.0
1023000 : 4.349542022153836 size: 0.0
1024000 : 4.221394997273544 size: 0.0
1025000 : 4.436533254717356 size: 0.0
1026000 : 4.275333228133043 size: 0.0
1027000 : 4.414035172262087 size: 0.0
1028000 : 4.420787555100263 size: 0.0
1029000 : 4.170587882555653 size: 0.0
1030000 : 4.386677891989341 size: 0.0
1031000 : 4.3272159223494295 size: 0.0
1032000 : 4.228923365832412 size: 0.0
1033000 : 4.383678170592992 size: 0.0
1034000 : 4.399694914867845 size: 0.0
1035000 : 4.407560713387706 size: 0.0
1036000 : 4.413777198285794 size: 0.0
1037000 : 4.487985992306586 size: 0.0
1038000 : 4.351214037485525 size: 0.0
1039000 : 4.359496034020474 size: 0.0
1040000 : 4.300586472655135 size: 0.0
1041000 : 4.389781834872113 size: 0.0
1042000 : 4.352649060724324 size: 0.0
1043000 : 4.528812265864305 size: 0.0
1044000 : 4.435000201367566 size: 0.0
1045000 : 4.385323356631146 size: 0.0
1046000 : 4.2909864010839724 size: 0.0
1047000 : 4.383176325217774 size: 0.0
1048000 : 4.524971549305237 size: 0.0
1049000 : 4.534371777036097 size: 0.0
1050000 : 4.268516523783444 size: 0.0
1051000 : 4.484704907293426 size: 0.0
1052000 : 4.422845843465789 size: 0.0
1053000 : 4.5744451105483375 size: 0.0
1054000 : 4.715697213424376 size: 0.0
1055000 : 4.504591949143296 size: 0.0
1056000 : 4.379167409626162 size: 0.0
1057000 : 4.537096670156367 size: 0.0
1058000 : 4.477682511693396 size: 0.0
1059000 : 4.448183015521502 size: 0.0
1060000 : 4.371799328897898 size: 0.0
1061000 : 4.402409489029063 size: 0.0
1062000 : 4.377727226907837 size: 0.0
1063000 : 4.514824572904331 size: 0.0
1064000 : 4.33104116046992 size: 0.0
1065000 : 4.378024068963226 size: 0.0
1066000 : 4.408356649095899 size: 0.0
1067000 : 4.434024715771872 size: 0.0
1068000 : 4.472217247014277 size: 0.0
1069000 : 4.634760114136529 size: 0.0
1070000 : 4.426099411254812 size: 0.0
1071000 : 4.476707714028305 size: 0.0
1072000 : 4.545195333185497 size: 0.0
1073000 : 4.545904933602957 size: 0.0
1074000 : 4.486542713900546 size: 0.0
1075000 : 4.402495136389193 size: 0.0
1076000 : 4.3064541767372715 size: 0.0
1077000 : 4.41751988473387 size: 0.0
1078000 : 4.518550061087321 size: 0.0
1079000 : 4.3445476459727805 size: 0.0
1080000 : 4.419887053940346 size: 0.0
1081000 : 4.377995175877881 size: 0.0
1082000 : 4.3663072349252445 size: 0.0
1083000 : 4.359856509656682 size: 0.0
1084000 : 4.3687913523343065 size: 0.0
1085000 : 4.541689294865007 size: 0.0
1086000 : 4.454928863018944 size: 0.0
1087000 : 4.453539931130576 size: 0.0
1088000 : 4.473679443511913 size: 0.0
1089000 : 4.332369554465185 size: 0.0
1090000 : 4.5383370090343895 size: 0.0
1091000 : 4.61882007412396 size: 0.0
1092000 : 4.356533804842012 size: 0.0
1093000 : 4.343402929448637 size: 0.0
1094000 : 4.127689562020339 size: 0.0
1095000 : 4.23907274999043 size: 0.0
1096000 : 4.440325472168881 size: 0.0
1097000 : 4.267390037420293 size: 0.0
1098000 : 4.449748401609655 size: 0.0
1099000 : 4.519134114169652 size: 0.0
1100000 : 4.40640533393921 size: 0.0
1101000 : 4.286259285942357 size: 0.0
1102000 : 4.294632089316962 size: 0.0
1103000 : 4.498106139413958 size: 0.0
1104000 : 4.429090189553317 size: 0.0
1105000 : 4.357508946472405 size: 0.0
1106000 : 4.399483032241982 size: 0.0
1107000 : 4.36114981919117 size: 0.0
1108000 : 4.4866706689927875 size: 0.0
1109000 : 4.299377090654267 size: 0.0
1110000 : 4.439798517326638 size: 0.0
1111000 : 4.4545267675812275 size: 0.0
1112000 : 4.3446862639893755 size: 0.0
1113000 : 4.34330386744174 size: 0.0
1114000 : 4.380145990909571 size: 0.0
1115000 : 4.2035861937767 size: 0.0
1116000 : 4.522493623271606 size: 0.0
1117000 : 4.386802063463263 size: 0.0
1118000 : 4.386153344904209 size: 0.0
1119000 : 4.5119283850638014 size: 0.0
1120000 : 4.30244938872928 size: 0.0
1121000 : 4.3131824820043265 size: 0.0
1122000 : 4.342453929181176 size: 0.0
1123000 : 4.309131258680602 size: 0.0
1124000 : 4.431973650677682 size: 0.0
1125000 : 4.419953095278277 size: 0.0
1126000 : 4.281302401979189 size: 0.0
1127000 : 4.542827132083116 size: 0.0
1128000 : 4.558613075640511 size: 0.0
1129000 : 4.449481140570215 size: 0.0
1130000 : 4.34330971485187 size: 0.0
1131000 : 4.397665175622362 size: 0.0
1132000 : 4.475530320800499 size: 0.0
1133000 : 4.469082003289048 size: 0.0
1134000 : 4.38655406448072 size: 0.0
1135000 : 4.379666847244267 size: 0.0
1136000 : 4.244213999355323 size: 0.0
1137000 : 4.319898748485821 size: 0.0
1138000 : 4.487114728197316 size: 0.0
1139000 : 4.473527754813852 size: 0.0
1140000 : 4.469336193647024 size: 0.0
1141000 : 4.467747073953052 size: 0.0
1142000 : 4.557152598969384 size: 0.0
1143000 : 4.308317780742021 size: 0.0
1144000 : 4.314539425119634 size: 0.0
1145000 : 4.350650278355996 size: 0.0
1146000 : 4.333624683851181 size: 0.0
1147000 : 4.40507590804804 size: 0.0
1148000 : 4.435504110534594 size: 0.0
1149000 : 4.179839173310865 size: 0.0
1150000 : 4.388010069602924 size: 0.0
1151000 : 4.476594549444037 size: 0.0
1152000 : 4.2290293071453435 size: 0.0
1153000 : 4.551593431762894 size: 0.0
1154000 : 4.260041906679529 size: 0.0
1155000 : 4.431087596060437 size: 0.0
1156000 : 4.197515206201243 size: 0.0
1157000 : 4.305720154783389 size: 0.0
1158000 : 4.291767890249493 size: 0.0
1159000 : 4.16436830196985 size: 0.0
1160000 : 4.378027164650941 size: 0.0
1161000 : 4.217123636156715 size: 0.0
1162000 : 4.295149069165456 size: 0.0
1163000 : 4.300849950076256 size: 0.0
1164000 : 4.575913154456103 size: 0.0
1165000 : 4.438424031980943 size: 0.0
1166000 : 4.423353880216438 size: 0.0
1167000 : 4.337126250622748 size: 0.0
1168000 : 4.354256410579287 size: 0.0
1169000 : 4.361895535965312 size: 0.0
1170000 : 4.245141673774077 size: 0.0
1171000 : 4.404506989438986 size: 0.0
1172000 : 4.413692582821569 size: 0.0
1173000 : 4.449832329143276 size: 0.0
1174000 : 4.458062042952363 size: 0.0
1175000 : 4.58910215998547 size: 0.0
1176000 : 4.579293645441462 size: 0.0
1177000 : 4.405486258652999 size: 0.0
1178000 : 4.370603705509099 size: 0.0
1179000 : 4.362457231303029 size: 0.0
1180000 : 4.557332492822186 size: 0.0
1181000 : 4.407783258937923 size: 0.0
1182000 : 4.4744107137433815 size: 0.0
1183000 : 4.538461524473614 size: 0.0
1184000 : 4.3271137646548175 size: 0.0
1185000 : 4.0638293080672625 size: 0.0
1186000 : 4.376075849494252 size: 0.0
1187000 : 4.3172340492933525 size: 0.0
1188000 : 4.357447720648698 size: 0.0
1189000 : 4.454863853576918 size: 0.0
1190000 : 4.4786820748602105 size: 0.0
1191000 : 4.295615830079897 size: 0.0
1192000 : 4.364394099917047 size: 0.0
1193000 : 4.456326050074554 size: 0.0
1194000 : 4.469333785889912 size: 0.0
1195000 : 4.309864936669182 size: 0.0
1196000 : 4.420114071039484 size: 0.0
1197000 : 4.526533151775071 size: 0.0
1198000 : 4.501665148390913 size: 0.0
1199000 : 4.435184222803989 size: 0.0
1200000 : 4.38129586691324 size: 0.0
1201000 : 4.482187769215398 size: 0.0
1202000 : 4.284242273413038 size: 0.0
1203000 : 4.5545401825027785 size: 0.0
1204000 : 4.514984860734936 size: 0.0
1205000 : 4.406295265042658 size: 0.0
1206000 : 4.326822770009557 size: 0.0
1207000 : 4.476903774250289 size: 0.0
1208000 : 4.505583257142869 size: 0.0
1209000 : 4.337064336868438 size: 0.0
1210000 : 4.513904809687517 size: 0.0
1211000 : 4.374808337357393 size: 0.0
1212000 : 4.469162147204351 size: 0.0
1213000 : 4.417375075341844 size: 0.0
1214000 : 4.438015057237191 size: 0.0
1215000 : 4.468073153059088 size: 0.0
1216000 : 4.483077951416264 size: 0.0
1217000 : 4.29466545395123 size: 0.0
1218000 : 4.307838981042019 size: 0.0
1219000 : 4.372192825203071 size: 0.0
1220000 : 4.403659802900836 size: 0.0
1221000 : 4.401817868710095 size: 0.0
1222000 : 4.20347062143532 size: 0.0
1223000 : 4.530604325086296 size: 0.0
1224000 : 4.323088338728723 size: 0.0
1225000 : 4.415994742586019 size: 0.0
1226000 : 4.533345384575747 size: 0.0
1227000 : 4.540054427785906 size: 0.0
1228000 : 4.470102548339268 size: 0.0
1229000 : 4.329735124219268 size: 0.0
1230000 : 4.405157771789852 size: 0.0
1231000 : 4.529783279911077 size: 0.0
1232000 : 4.353205596582516 size: 0.0
1233000 : 4.280943302204188 size: 0.0
1234000 : 4.318957315454997 size: 0.0
1235000 : 4.314878918872437 size: 0.0
1236000 : 4.377743393277018 size: 0.0
1237000 : 4.520002282591207 size: 0.0
1238000 : 4.398072774504907 size: 0.0
1239000 : 4.428665392405685 size: 0.0
1240000 : 4.2442772889708404 size: 0.0
1241000 : 4.493264483826868 size: 0.0
1242000 : 4.428494785616029 size: 0.0
1243000 : 4.1996852832898295 size: 0.0
1244000 : 4.3393675285287925 size: 0.0
1245000 : 4.486699562078133 size: 0.0
1246000 : 4.427025709812359 size: 0.0
1247000 : 4.398102699486157 size: 0.0
1248000 : 4.510527758355175 size: 0.0
1249000 : 4.488124266357881 size: 0.0
1250000 : 4.302924404810963 size: 0.0
1251000 : 4.458729679603013 size: 0.0
1252000 : 4.329531840725949 size: 0.0
1253000 : 4.339256427736335 size: 0.0
1254000 : 4.444978978735928 size: 0.0
1255000 : 4.3695360372125425 size: 0.0
1256000 : 4.359484339200215 size: 0.0
1257000 : 4.273097797637128 size: 0.0
1258000 : 4.067780093522883 size: 0.0
1259000 : 4.413909968892259 size: 0.0
1260000 : 4.255516699170027 size: 0.0
1261000 : 4.348281389323012 size: 0.0
1262000 : 4.393683433289587 size: 0.0
1263000 : 4.136160739471237 size: 0.0
1264000 : 4.47959289497918 size: 0.0
1265000 : 4.282120351466693 size: 0.0
1266000 : 4.259855821451295 size: 0.0
1267000 : 4.312928979576954 size: 0.0
1268000 : 4.273434195702215 size: 0.0
1269000 : 4.374022032677648 size: 0.0
1270000 : 4.522156537275914 size: 0.0
1271000 : 4.3272964102300335 size: 0.0
1272000 : 4.379845709201165 size: 0.0
1273000 : 4.439316621938921 size: 0.0
1274000 : 4.3687920402649105 size: 0.0
1275000 : 4.3718915115987595 size: 0.0
1276000 : 4.634586411659157 size: 0.0
1277000 : 4.318791524179566 size: 0.0
1278000 : 4.293590562383337 size: 0.0
1279000 : 4.4512322679212994 size: 0.0
1280000 : 4.237879190393442 size: 0.0
1281000 : 4.397550635176888 size: 0.0
1282000 : 4.377243267728309 size: 0.0
1283000 : 4.365428403579336 size: 0.0
1284000 : 4.320063163900046 size: 0.0
1285000 : 4.268384441107582 size: 0.0
1286000 : 4.48041222032789 size: 0.0
1287000 : 4.4667681487043405 size: 0.0
1288000 : 4.353903158214415 size: 0.0
1289000 : 4.274888824963213 size: 0.0
1290000 : 4.504559960370235 size: 0.0
1291000 : 4.3099870443512955 size: 0.0
1292000 : 4.498122305783139 size: 0.0
1293000 : 4.400040599996079 size: 0.0
1294000 : 4.291123643239361 size: 0.0
1295000 : 4.215714066350244 size: 0.0
1296000 : 4.46822312193064 size: 0.0
1297000 : 4.308348049688573 size: 0.0
1298000 : 4.429131121424222 size: 0.0
1299000 : 4.384710754428772 size: 0.0
1300000 : 4.347410813144344 size: 0.0
1301000 : 4.423207694963205 size: 0.0
1302000 : 4.371598453161689 size: 0.0
1303000 : 4.34419095395489 size: 0.0
1304000 : 4.603587226771739 size: 0.0
1305000 : 4.372859429957816 size: 0.0
1306000 : 4.361627243029965 size: 0.0
1307000 : 4.367817586565121 size: 0.0
1308000 : 4.398854607635729 size: 0.0
1309000 : 4.354778205942005 size: 0.0
1310000 : 4.431535438883284 size: 0.0
1311000 : 4.5149023090625215 size: 0.0
1312000 : 4.50349435586549 size: 0.0
1313000 : 4.265306295622439 size: 0.0
1314000 : 4.315416880604336 size: 0.0
1315000 : 4.3566032858329615 size: 0.0
1316000 : 4.492057853548414 size: 0.0
1317000 : 4.452260724173459 size: 0.0
1318000 : 4.44794739928982 size: 0.0
1319000 : 4.3414103384557405 size: 0.0
1320000 : 4.536391197322527 size: 0.0
1321000 : 4.503626782506654 size: 0.0
1322000 : 4.336160396055503 size: 0.0
1323000 : 4.270932536062765 size: 0.0
1324000 : 4.4144468987282535 size: 0.0
1325000 : 4.474389731859977 size: 0.0
1326000 : 4.413887611147647 size: 0.0
1327000 : 4.582143741931561 size: 0.0
1328000 : 4.354390901012263 size: 0.0
1329000 : 4.414322039323727 size: 0.0
1330000 : 4.4794360468015935 size: 0.0
1331000 : 4.320656848010824 size: 0.0
1332000 : 4.238762149322972 size: 0.0
1333000 : 4.328743472254393 size: 0.0
1334000 : 4.480263283352243 size: 0.0
1335000 : 4.15770466217952 size: 0.0
1336000 : 4.3854124436442925 size: 0.0
1337000 : 4.311298584046775 size: 0.0
1338000 : 4.3045785339469615 size: 0.0
1339000 : 4.387524390596887 size: 0.0
1340000 : 4.3865588799949435 size: 0.0
1341000 : 4.447262908339385 size: 0.0
1342000 : 4.544113562311569 size: 0.0
1343000 : 4.436078876553777 size: 0.0
1344000 : 4.238653112322325 size: 0.0
1345000 : 4.4492589389853 size: 0.0
1346000 : 4.425898191553302 size: 0.0
1347000 : 4.257357945430163 size: 0.0
1348000 : 4.262831121311222 size: 0.0
1349000 : 4.412829229914237 size: 0.0
1350000 : 4.425037590368385 size: 0.0
1351000 : 4.601514491863541 size: 0.0
1352000 : 4.431509985450956 size: 0.0
1353000 : 4.414985892356057 size: 0.0
1354000 : 4.5003835336766835 size: 0.0
1355000 : 4.422237024881735 size: 0.0
1356000 : 4.385393525552697 size: 0.0
1357000 : 4.424489653642736 size: 0.0
1358000 : 4.50868685606034 size: 0.0
1359000 : 4.264183248912305 size: 0.0
1360000 : 4.289295467660689 size: 0.0
1361000 : 4.317438020717276 size: 0.0
1362000 : 4.414084015334932 size: 0.0
1363000 : 4.438914870466505 size: 0.0
1364000 : 4.427212482971196 size: 0.0
1365000 : 4.25945613377069 size: 0.0
1366000 : 4.562953573782987 size: 0.0
1367000 : 4.243730384141097 size: 0.0
1368000 : 4.524642030546184 size: 0.0
1369000 : 4.403605456383163 size: 0.0
1370000 : 4.490716388871685 size: 0.0
1371000 : 4.490319796878795 size: 0.0
1372000 : 4.348665598565039 size: 0.0
1373000 : 4.472168747906734 size: 0.0
1374000 : 4.481605435959576 size: 0.0
1375000 : 4.427456354370119 size: 0.0
1376000 : 4.3071059909840415 size: 0.0
1377000 : 4.36363324866963 size: 0.0
1378000 : 4.565622056593774 size: 0.0
1379000 : 4.324499284396401 size: 0.0
1380000 : 4.230123116804831 size: 0.0
1381000 : 4.363789064951312 size: 0.0
1382000 : 4.416248588978692 size: 0.0
1383000 : 4.337314399642792 size: 0.0
1384000 : 4.5354814090994635 size: 0.0
1385000 : 4.287857004768872 size: 0.0
1386000 : 4.297534812498225 size: 0.0
1387000 : 4.649090740502323 size: 0.0
1388000 : 4.435849795662828 size: 0.0
1389000 : 4.4227474693894955 size: 0.0
1390000 : 4.36586971106145 size: 0.0
1391000 : 4.235854266662184 size: 0.0
1392000 : 4.482013034842121 size: 0.0
1393000 : 4.3995913813120255 size: 0.0
1394000 : 4.40902050212823 size: 0.0
1395000 : 4.331320804260224 size: 0.0
1396000 : 4.394055259780751 size: 0.0
1397000 : 4.523264449512773 size: 0.0
1398000 : 4.261649256534493 size: 0.0
1399000 : 4.342764873813937 size: 0.0
1400000 : 4.340786729363712 size: 0.0
1401000 : 4.3216006887987595 size: 0.0
1402000 : 4.400609518605133 size: 0.0
1403000 : 4.358443500197193 size: 0.0
1404000 : 4.398503419062667 size: 0.0
1405000 : 4.3389657770563765 size: 0.0
1406000 : 4.197866394774304 size: 0.0
1407000 : 4.364480779173081 size: 0.0
1408000 : 4.455196124058386 size: 0.0
1409000 : 4.310105368415089 size: 0.0
1410000 : 4.255603378426061 size: 0.0
1411000 : 4.263734374193553 size: 0.0
1412000 : 4.331880435806131 size: 0.0
1413000 : 4.480040049871423 size: 0.0
1414000 : 4.426863014224643 size: 0.0
1415000 : 4.340733070776643 size: 0.0
1416000 : 4.383896244594285 size: 0.0
1417000 : 4.528441471269045 size: 0.0
1418000 : 4.357223455271972 size: 0.0
1419000 : 4.556858508636409 size: 0.0
1420000 : 4.461042158326514 size: 0.0
1421000 : 4.38783980677857 size: 0.0
1422000 : 4.429941159709785 size: 0.0
1423000 : 4.441229756947118 size: 0.0
1424000 : 4.269032471736033 size: 0.0
1425000 : 4.621942591133025 size: 0.0
1426000 : 4.409049395213575 size: 0.0
1427000 : 4.391225457243455 size: 0.0
1428000 : 4.3638843433398895 size: 0.0
1429000 : 4.50530636507498 size: 0.0
1430000 : 4.262379150904755 size: 0.0
1431000 : 4.4427800085619955 size: 0.0
1432000 : 4.36670313898753 size: 0.0
1433000 : 4.3438425171042425 size: 0.0
1434000 : 4.278144800509348 size: 0.0
1435000 : 4.290085555958753 size: 0.0
1436000 : 4.109219313248277 size: 0.0
1437000 : 4.424804381893815 size: 0.0
1438000 : 4.316306374874598 size: 0.0
1439000 : 4.499074401738316 size: 0.0
1440000 : 4.173218185217949 size: 0.0
1441000 : 4.415175417237308 size: 0.0
1442000 : 4.266517741415117 size: 0.0
1443000 : 4.268977093322455 size: 0.0
1444000 : 4.145790048093046 size: 0.0
1445000 : 4.3130889234422565 size: 0.0
1446000 : 4.180746209811515 size: 0.0
1447000 : 4.4600181736232765 size: 0.0
1448000 : 4.308887731246981 size: 0.0
1449000 : 4.362175523720916 size: 0.0
1450000 : 4.26225876304915 size: 0.0
1451000 : 4.372409523343158 size: 0.0
1452000 : 4.363195724805834 size: 0.0
1453000 : 4.381551433132422 size: 0.0
1454000 : 4.2259570090703305 size: 0.0
1455000 : 4.215220476142267 size: 0.0
1456000 : 4.454356160791571 size: 0.0
1457000 : 4.403667370137474 size: 0.0
1458000 : 4.527113765204384 size: 0.0
1459000 : 4.304264493626486 size: 0.0
1460000 : 4.327634184156328 size: 0.0
1461000 : 4.523592592410619 size: 0.0
1462000 : 4.398882124859867 size: 0.0
1463000 : 4.532778873723805 size: 0.0
1464000 : 4.556082866881018 size: 0.0
1465000 : 4.473200643811911 size: 0.0
1466000 : 4.297981279459864 size: 0.0
1467000 : 4.453200093412471 size: 0.0
1468000 : 4.308101082601934 size: 0.0
1469000 : 4.4501508410126736 size: 0.0
1470000 : 4.455328894664851 size: 0.0
1471000 : 4.436296950555072 size: 0.0
1472000 : 4.418917415754781 size: 0.0
1473000 : 4.291050034664791 size: 0.0
1474000 : 4.270760553411902 size: 0.0
1475000 : 4.341350488493241 size: 0.0
1476000 : 4.255277299320025 size: 0.0
1477000 : 4.4363241238139075 size: 0.0
1478000 : 4.376482416480892 size: 0.0
1479000 : 4.409604899175862 size: 0.0
1480000 : 4.510713843583408 size: 0.0
1481000 : 4.3077058664702506 size: 0.0
1482000 : 4.412742550658202 size: 0.0
1483000 : 4.341278943710481 size: 0.0
1484000 : 4.409456650130818 size: 0.0
1485000 : 4.219682394036251 size: 0.0
1486000 : 4.3729357902547985 size: 0.0
1487000 : 4.398187314950381 size: 0.0
1488000 : 4.259379429508405 size: 0.0
1489000 : 4.425436934083688 size: 0.0
1490000 : 4.391643375085052 size: 0.0
1491000 : 4.406190355625632 size: 0.0
1492000 : 4.428466580461287 size: 0.0
1493000 : 4.361344159586645 size: 0.0
1494000 : 4.379911750539096 size: 0.0
1495000 : 4.440938762301858 size: 0.0
1496000 : 4.274182320233469 size: 0.0
1497000 : 4.358050347857321 size: 0.0
1498000 : 4.369176249506938 size: 0.0
1499000 : 4.398014988334217 size: 0.0
1500000 : 4.296695193196713 size: 0.0
1501000 : 4.236682535108739 size: 0.0
1502000 : 4.421430426249189 size: 0.0
1503000 : 4.378167158528743 size: 0.0
1504000 : 4.357128864813998 size: 0.0
1505000 : 4.393193626699929 size: 0.0
1506000 : 4.494239969422562 size: 0.0
1507000 : 4.461168737557549 size: 0.0
1508000 : 4.36783719258732 size: 0.0
1509000 : 4.223232803880664 size: 0.0
1510000 : 4.292697284494755 size: 0.0
1511000 : 4.213647178852174 size: 0.0
1512000 : 4.392262168662856 size: 0.0
1513000 : 4.50261139693596 size: 0.0
1514000 : 4.366531844267271 size: 0.0
1515000 : 4.5822555306546215 size: 0.0
1516000 : 4.41396397144463 size: 0.0
1517000 : 4.47786481330331 size: 0.0
1518000 : 4.234246916807219 size: 0.0
1519000 : 4.436215774743864 size: 0.0
1520000 : 4.427217986416023 size: 0.0
1521000 : 4.448152402609648 size: 0.0
1522000 : 4.406193451313347 size: 0.0
1523000 : 4.476759308823564 size: 0.0
1524000 : 4.4650404109937725 size: 0.0
1525000 : 4.489237682039566 size: 0.0
1526000 : 4.426677960892315 size: 0.0
1527000 : 4.368534410253917 size: 0.0
1528000 : 4.234000981616486 size: 0.0
1529000 : 4.4001286551133205 size: 0.0
1530000 : 4.311935951750873 size: 0.0
1531000 : 4.2866933701531345 size: 0.0
1532000 : 4.301597730642207 size: 0.0
1533000 : 4.4293024161444805 size: 0.0
1534000 : 4.450732486337892 size: 0.0
1535000 : 4.2166021847592985 size: 0.0
1536000 : 4.398402637229262 size: 0.0
1537000 : 4.472787197519237 size: 0.0
1538000 : 4.26998663148302 size: 0.0
1539000 : 4.279353838544914 size: 0.0
1540000 : 4.279912438194916 size: 0.0
1541000 : 4.4951483817844196 size: 0.0
1542000 : 4.373702488912345 size: 0.0
1543000 : 4.353189430213335 size: 0.0
1544000 : 4.437580973026413 size: 0.0
1545000 : 4.290986745049274 size: 0.0
1546000 : 4.439648892420387 size: 0.0
1547000 : 4.523954443908035 size: 0.0
1548000 : 4.312493175539668 size: 0.0
1549000 : 4.275575379705457 size: 0.0
1550000 : 4.44057828666565 size: 0.0
1551000 : 4.341038511964576 size: 0.0
1552000 : 4.335491383543646 size: 0.0
1553000 : 4.196990315150809 size: 0.0
1554000 : 4.305788947843734 size: 0.0
1555000 : 4.18073726671367 size: 0.0
1556000 : 4.343199645955317 size: 0.0
1557000 : 4.393288905088507 size: 0.0
1558000 : 4.415314379219205 size: 0.0
1559000 : 4.463645631695275 size: 0.0
1560000 : 4.364904200459506 size: 0.0
1561000 : 4.390285744039141 size: 0.0
1562000 : 4.420446341520951 size: 0.0
1563000 : 4.430908390138238 size: 0.0
1564000 : 4.395851446586363 size: 0.0
1565000 : 4.21075202290755 size: 0.0
1566000 : 4.173245358476785 size: 0.0
1567000 : 4.400848230524531 size: 0.0
1568000 : 4.393825834924501 size: 0.0
1569000 : 4.35649940831184 size: 0.0
1570000 : 4.30985255391832 size: 0.0
1571000 : 4.332829780038893 size: 0.0
1572000 : 4.360609793667462 size: 0.0
1573000 : 4.293934527685063 size: 0.0
1574000 : 4.3663529823103735 size: 0.0
1575000 : 4.292163106381175 size: 0.0
1576000 : 4.311828978542036 size: 0.0
1577000 : 4.4439364199063975 size: 0.0
1578000 : 4.416599777551754 size: 0.0
1579000 : 4.154117792013125 size: 0.0
1580000 : 4.331875276326605 size: 0.0
1581000 : 4.247538767961802 size: 0.0
1582000 : 4.311246301320913 size: 0.0
1583000 : 4.384913006026187 size: 0.0
1584000 : 4.437865088365639 size: 0.0
1585000 : 4.448329200774735 size: 0.0
1586000 : 4.3369663067574455 size: 0.0
1587000 : 4.365648197407138 size: 0.0
1588000 : 4.301198042961603 size: 0.0
1589000 : 4.2279640466059 size: 0.0
1590000 : 4.476886575985203 size: 0.0
1591000 : 4.390052879529873 size: 0.0
1592000 : 4.38339474318437 size: 0.0
1593000 : 4.276417406764082 size: 0.0
1594000 : 4.238686476956592 size: 0.0
1595000 : 4.3964757436089945 size: 0.0
1596000 : 4.527369675388869 size: 0.0
1597000 : 4.4594048834903 size: 0.0
1598000 : 4.287570481672535 size: 0.0
1599000 : 4.232148384501391 size: 0.0
1600000 : 4.395322771917611 size: 0.0
1601000 : 4.390342842279227 size: 0.0
1602000 : 4.307235665902792 size: 0.0
1603000 : 4.254882427153644 size: 0.0
1604000 : 4.222443747478505 size: 0.0
1605000 : 4.378191236099864 size: 0.0
1606000 : 4.265192443107568 size: 0.0
1607000 : 4.484975264020583 size: 0.0
1608000 : 4.438445013864348 size: 0.0
1609000 : 4.490102410808104 size: 0.0
1610000 : 4.379072131237584 size: 0.0
1611000 : 4.409117156378015 size: 0.0
1612000 : 4.316819915070075 size: 0.0
1613000 : 4.372359648374409 size: 0.0
1614000 : 4.350918227326041 size: 0.0
1615000 : 4.379318410393619 size: 0.0
1616000 : 4.395699413923 size: 0.0
1617000 : 4.398743850808573 size: 0.0
1618000 : 4.397033655328394 size: 0.0
1619000 : 4.499518804908145 size: 0.0
1620000 : 4.546437047924726 size: 0.0
1621000 : 4.436490946985245 size: 0.0
1622000 : 4.384789178517566 size: 0.0
1623000 : 4.5133100936808335 size: 0.0
1624000 : 4.610473756077588 size: 0.0
1625000 : 4.359534214168965 size: 0.0
1626000 : 4.491360979847118 size: 0.0
1627000 : 4.473745828815146 size: 0.0
1628000 : 4.463571335190102 size: 0.0
1629000 : 4.32936467358931 size: 0.0
1630000 : 4.484134268857863 size: 0.0
1631000 : 4.552059848712035 size: 0.0
1632000 : 4.407269718742446 size: 0.0
1633000 : 4.434580219734158 size: 0.0
1634000 : 4.357047345037489 size: 0.0
1635000 : 4.548438925980769 size: 0.0
1636000 : 4.384513662310883 size: 0.0
1637000 : 4.31614918273171 size: 0.0
1638000 : 4.484874482187177 size: 0.0
1639000 : 4.393657291926655 size: 0.0
1640000 : 4.245294394368043 size: 0.0
1641000 : 4.24442072250166 size: 0.0
1642000 : 4.333091537633507 size: 0.0
1643000 : 4.4503056253984505 size: 0.0
1644000 : 4.451133893845006 size: 0.0
1645000 : 4.348130044590253 size: 0.0
1646000 : 4.437256957712187 size: 0.0
1647000 : 4.377821129435207 size: 0.0
1648000 : 4.2769405779880065 size: 0.0
1649000 : 4.36742065060693 size: 0.0
1650000 : 4.246339016989384 size: 0.0
1651000 : 4.289245592691939 size: 0.0
1652000 : 4.265550854951966 size: 0.0
1653000 : 4.278347396072064 size: 0.0
1654000 : 4.548089113268914 size: 0.0
1655000 : 4.333745759637389 size: 0.0
1656000 : 4.328842878226592 size: 0.0
1657000 : 4.455777769383603 size: 0.0
1658000 : 4.328320394933271 size: 0.0
1659000 : 4.42346188532118 size: 0.0
1660000 : 4.268750076223316 size: 0.0
1661000 : 4.393657635891957 size: 0.0
1662000 : 4.451047902519575 size: 0.0
1663000 : 4.3626704897901 size: 0.0
1664000 : 4.308685479649566 size: 0.0
1665000 : 4.244744393850584 size: 0.0
1666000 : 4.406908211210332 size: 0.0
1667000 : 4.335827437643433 size: 0.0
1668000 : 4.367742602129345 size: 0.0
1669000 : 4.275532728008043 size: 0.0
1670000 : 4.540412839630304 size: 0.0
1671000 : 4.453892151599543 size: 0.0
1672000 : 4.41141243683643 size: 0.0
1673000 : 4.439860087115647 size: 0.0
1674000 : 4.522892966986909 size: 0.0
1675000 : 4.346025320908994 size: 0.0
1676000 : 4.424433243333253 size: 0.0
1677000 : 4.452559286055357 size: 0.0
1678000 : 4.560268924603018 size: 0.0
1679000 : 4.541112465054013 size: 0.0
1680000 : 4.404209115487692 size: 0.0
1681000 : 4.47672456832809 size: 0.0
1682000 : 4.459370142994826 size: 0.0
1683000 : 4.368810958356505 size: 0.0
1684000 : 4.510648834141382 size: 0.0
1685000 : 4.363174054991826 size: 0.0
1686000 : 4.4874834590007655 size: 0.0
1687000 : 4.325560073386923 size: 0.0
1688000 : 4.464966458453901 size: 0.0
1689000 : 4.342137481103589 size: 0.0
1690000 : 4.281852058531347 size: 0.0
1691000 : 4.521692872049188 size: 0.0
1692000 : 4.3712768456045765 size: 0.0
1693000 : 4.287410537807233 size: 0.0
1694000 : 4.263347757194413 size: 0.0
1695000 : 4.202736255516136 size: 0.0
1696000 : 4.472734570828073 size: 0.0
1697000 : 4.296615737212013 size: 0.0
1698000 : 4.537084287405505 size: 0.0
1699000 : 4.322742309635187 size: 0.0
1700000 : 4.161532652022424 size: 0.0
1701000 : 4.436341322078994 size: 0.0
1702000 : 4.55066954096246 size: 0.0
1703000 : 4.2622453484023834 size: 0.0
1704000 : 4.415201214634937 size: 0.0
1705000 : 4.532464489438028 size: 0.0
1706000 : 4.413155309020273 size: 0.0
1707000 : 4.388883053538704 size: 0.0
1708000 : 4.425585527094034 size: 0.0
1709000 : 4.354126735660537 size: 0.0
1710000 : 4.263785968988812 size: 0.0
1711000 : 4.543586951434627 size: 0.0
1712000 : 4.318343681356719 size: 0.0
1713000 : 4.349588801434871 size: 0.0
1714000 : 4.199905765048236 size: 0.0
1715000 : 4.253902126043727 size: 0.0
1716000 : 4.447253277310938 size: 0.0
1717000 : 4.393674490191741 size: 0.0
1718000 : 4.285662506143863 size: 0.0
1719000 : 4.362977650804541 size: 0.0
1720000 : 4.379760749771639 size: 0.0
1721000 : 4.389341215320602 size: 0.0
1722000 : 4.29873181174823 size: 0.0
1723000 : 4.295035904581188 size: 0.0
1724000 : 4.354191745102563 size: 0.0
1725000 : 4.340232945227934 size: 0.0
1726000 : 4.471698203373974 size: 0.0
1727000 : 4.521103315522031 size: 0.0
1728000 : 4.538469091710252 size: 0.0
1729000 : 4.473195828297687 size: 0.0
1730000 : 4.473318623910403 size: 0.0
1731000 : 4.362535655391823 size: 0.0
1732000 : 4.5364180266160625 size: 0.0
1733000 : 4.405597359445457 size: 0.0
1734000 : 4.3510833306708685 size: 0.0
1735000 : 4.429352291113231 size: 0.0
1736000 : 4.292966609326006 size: 0.0
1737000 : 4.229905042803537 size: 0.0
1738000 : 4.383917226477691 size: 0.0
1739000 : 4.461371677085567 size: 0.0
1740000 : 4.503354361987688 size: 0.0
1741000 : 4.541463997592377 size: 0.0
1742000 : 4.294200068897995 size: 0.0
1743000 : 4.342385136120831 size: 0.0
1744000 : 4.514307593055838 size: 0.0
1745000 : 4.267456766688828 size: 0.0
1746000 : 4.433766397830276 size: 0.0
1747000 : 4.471509710388628 size: 0.0
1748000 : 4.281604059548803 size: 0.0
1749000 : 4.383342804423809 size: 0.0
1750000 : 4.3776150942194745 size: 0.0
1751000 : 4.421514697748111 size: 0.0
1752000 : 4.37565483596494 size: 0.0
1753000 : 4.446198679695847 size: 0.0
1754000 : 4.310761654210781 size: 0.0
1755000 : 4.672116465730439 size: 0.0
1756000 : 4.349635924681207 size: 0.0
1757000 : 4.408074253583183 size: 0.0
1758000 : 4.4109171268019445 size: 0.0
1759000 : 4.456565793889856 size: 0.0
1760000 : 4.269056205341852 size: 0.0
1761000 : 4.393585059213293 size: 0.0
1762000 : 4.434252764766916 size: 0.0
1763000 : 4.44845371621396 size: 0.0
1764000 : 4.394589437894331 size: 0.0
1765000 : 4.190619045866946 size: 0.0
1766000 : 4.4524127568368215 size: 0.0
1767000 : 4.299715208545863 size: 0.0
1768000 : 4.233144508015189 size: 0.0
1769000 : 4.3862871474065805 size: 0.0
1770000 : 4.422322672241864 size: 0.0
1771000 : 4.270561053536902 size: 0.0
1772000 : 4.545600524310929 size: 0.0
1773000 : 4.306775096363782 size: 0.0
1774000 : 4.374974472598127 size: 0.0
1775000 : 4.4260822129897255 size: 0.0
1776000 : 4.291478615430742 size: 0.0
1777000 : 4.358376082998055 size: 0.0
1778000 : 4.283998058048812 size: 0.0
1779000 : 4.345063593925369 size: 0.0
1780000 : 4.244057495143037 size: 0.0
1781000 : 4.454745185547823 size: 0.0
1782000 : 4.581184422705048 size: 0.0
1783000 : 4.3630591705810495 size: 0.0
1784000 : 4.162195129193548 size: 0.0
1785000 : 4.168916555154568 size: 0.0
1786000 : 4.343911654129889 size: 0.0
1787000 : 4.359803882965518 size: 0.0
1788000 : 4.390605287804444 size: 0.0
1789000 : 4.2766402962796 size: 0.0
1790000 : 4.342393047322771 size: 0.0
1791000 : 4.256315042635332 size: 0.0
1792000 : 4.399945665572803 size: 0.0
1793000 : 4.281170663268628 size: 0.0
1794000 : 4.335431877546448 size: 0.0
1795000 : 4.429839345980475 size: 0.0
1796000 : 4.513998024284285 size: 0.0
1797000 : 4.479269223630256 size: 0.0
1798000 : 4.424148096098122 size: 0.0
1799000 : 4.3859621001964495 size: 0.0
1800000 : 4.333815928558941 size: 0.0
1801000 : 4.568107205898742 size: 0.0
1802000 : 4.618733394867925 size: 0.0
1803000 : 4.418303093725899 size: 0.0
1804000 : 4.5489397394600815 size: 0.0
1805000 : 4.1983228367296945 size: 0.0
1806000 : 4.656689621948045 size: 0.0
1807000 : 4.548164441669992 size: 0.0
1808000 : 4.331209703467766 size: 0.0
1809000 : 4.39999898019457 size: 0.0
1810000 : 4.309787200510993 size: 0.0
1811000 : 4.527853978533698 size: 0.0
1812000 : 4.526574427611279 size: 0.0
1813000 : 4.5283327782336995 size: 0.0
1814000 : 4.320512382584099 size: 0.0
1815000 : 4.499453795466119 size: 0.0
1816000 : 4.424898284421186 size: 0.0
1817000 : 4.475766624962784 size: 0.0
1818000 : 4.307667342356457 size: 0.0
1819000 : 4.3647652384776086 size: 0.0
1820000 : 4.415859220257139 size: 0.0
1821000 : 4.441773222123845 size: 0.0
1822000 : 4.459744377243103 size: 0.0
1823000 : 4.224899315767524 size: 0.0
1824000 : 4.365109891709937 size: 0.0
1825000 : 4.296578244994126 size: 0.0
1826000 : 4.394642408550797 size: 0.0
1827000 : 4.4943273366092 size: 0.0
1828000 : 4.622688651872468 size: 0.0
1829000 : 4.488244310248183 size: 0.0
1830000 : 4.590964732094314 size: 0.0
1831000 : 4.41350752948924 size: 0.0
1832000 : 4.353376891302775 size: 0.0
1833000 : 4.24870033878573 size: 0.0
1834000 : 4.401670307595655 size: 0.0
1835000 : 4.453416447587257 size: 0.0
1836000 : 4.257557789270466 size: 0.0
1837000 : 4.411690016834922 size: 0.0
1838000 : 4.436097106714769 size: 0.0
1839000 : 4.443596582188293 size: 0.0
1840000 : 4.562608232620054 size: 0.0
1841000 : 4.406493389056452 size: 0.0
1842000 : 4.313549149015966 size: 0.0
1843000 : 4.4533651967573 size: 0.0
1844000 : 4.374021344747045 size: 0.0
1845000 : 4.370652548581944 size: 0.0
1846000 : 4.355494341700198 size: 0.0
1847000 : 4.406803301793307 size: 0.0
1848000 : 4.327928618454605 size: 0.0
1849000 : 4.146998742163309 size: 0.0
1850000 : 4.34629774142796 size: 0.0
1851000 : 4.332669148242988 size: 0.0
1852000 : 4.294118549121485 size: 0.0
1853000 : 4.267577498509733 size: 0.0
1854000 : 4.612679261592253 size: 0.0
1855000 : 4.43349810489493 size: 0.0
1856000 : 4.285901562028562 size: 0.0
1857000 : 4.337589571884172 size: 0.0
1858000 : 4.365934720503476 size: 0.0
1859000 : 4.330887064014747 size: 0.0
1860000 : 4.503090540601264 size: 0.0
1861000 : 4.199452762745863 size: 0.0
1862000 : 4.31492535418817 size: 0.0
1863000 : 4.221682552265786 size: 0.0
1864000 : 4.275603240894897 size: 0.0
1865000 : 4.295728994664165 size: 0.0
1866000 : 4.197768364663313 size: 0.0
1867000 : 4.41000114720345 size: 0.0
1868000 : 4.3143258226672625 size: 0.0
1869000 : 4.469813273520518 size: 0.0
1870000 : 4.343927476533769 size: 0.0
1871000 : 4.241713027646476 size: 0.0
1872000 : 4.255837618796536 size: 0.0
1873000 : 4.45944271967349 size: 0.0
1874000 : 4.343860403299932 size: 0.0
1875000 : 4.365459704421792 size: 0.0
1876000 : 4.220972263917723 size: 0.0
1877000 : 4.4918160459413015 size: 0.0
1878000 : 4.497808953393267 size: 0.0
1879000 : 4.41729458746124 size: 0.0
1880000 : 4.310661216342678 size: 0.0
1881000 : 4.4994407247846535 size: 0.0
1882000 : 4.263024773776094 size: 0.0
1883000 : 4.323253098108249 size: 0.0
1884000 : 4.267670369141199 size: 0.0
1885000 : 4.361108199389662 size: 0.0
1886000 : 4.45352651648381 size: 0.0
1887000 : 4.423777645468164 size: 0.0
1888000 : 4.43466621105959 size: 0.0
1889000 : 4.282102465271003 size: 0.0
1890000 : 4.367090099951972 size: 0.0
1891000 : 4.2384487969331 size: 0.0
1892000 : 4.245202211667181 size: 0.0
1893000 : 4.292962137777084 size: 0.0
1894000 : 4.414912971712091 size: 0.0
1895000 : 4.327946848615596 size: 0.0
1896000 : 4.4128677540280306 size: 0.0
1897000 : 4.256620139857962 size: 0.0
1898000 : 4.402420495918719 size: 0.0
1899000 : 4.2663031070668405 size: 0.0
1900000 : 4.191906164026003 size: 0.0
1901000 : 4.191031460263715 size: 0.0
1902000 : 4.415928013317484 size: 0.0
1903000 : 4.4939517264997155 size: 0.0
1904000 : 4.38142554183199 size: 0.0
1905000 : 4.346507904227314 size: 0.0
1906000 : 4.386100374247743 size: 0.0
1907000 : 4.427868424801587 size: 0.0
1908000 : 4.456843717853651 size: 0.0
1909000 : 4.472357928822683 size: 0.0
1910000 : 4.5694483266101695 size: 0.0
1911000 : 4.318980705095515 size: 0.0
1912000 : 4.483398871042774 size: 0.0
1913000 : 4.53684213583309 size: 0.0
1914000 : 4.394838468772781 size: 0.0
1915000 : 4.441956899594967 size: 0.0
1916000 : 4.3223391823015636 size: 0.0
1917000 : 4.390592217122978 size: 0.0
1918000 : 4.56707634188947 size: 0.0
1919000 : 4.367962051991847 size: 0.0
1920000 : 4.228226836096418 size: 0.0
1921000 : 4.493201538176653 size: 0.0
1922000 : 4.338774876313919 size: 0.0
1923000 : 4.277791548144476 size: 0.0
1924000 : 4.261735247859924 size: 0.0
1925000 : 4.317366131969215 size: 0.0
1926000 : 4.505670968294809 size: 0.0
1927000 : 4.332490286286091 size: 0.0
1928000 : 4.585970011947956 size: 0.0
1929000 : 4.328528149975513 size: 0.0
1930000 : 4.371114837947464 size: 0.0
1931000 : 4.584299028512174 size: 0.0
1932000 : 4.354714916326488 size: 0.0
1933000 : 4.242050801572771 size: 0.0
1934000 : 4.340943921506601 size: 0.0
1935000 : 4.40759339009137 size: 0.0
1936000 : 4.4836362071009646 size: 0.0
1937000 : 4.515825167967051 size: 0.0
1938000 : 4.311546239064017 size: 0.0
1939000 : 4.3949021023536 size: 0.0
1940000 : 4.443744831233336 size: 0.0
1941000 : 4.538813057011978 size: 0.0
1942000 : 4.272685383240359 size: 0.0
1943000 : 4.281438268273371 size: 0.0
1944000 : 4.391627208715871 size: 0.0
1945000 : 4.425440717702007 size: 0.0
1946000 : 4.390098970880303 size: 0.0
1947000 : 4.371062211256299 size: 0.0
1948000 : 4.402498576042211 size: 0.0
1949000 : 4.4066227200099 size: 0.0
1950000 : 4.527607699377662 size: 0.0
1951000 : 4.445915596252527 size: 0.0
1952000 : 4.3713968894948785 size: 0.0
1953000 : 4.212653463095489 size: 0.0
waiting for write process!
write end!
end join!
last series
Last encode part don't need inference.
525.0633449554443
29983.443171977997 
@@@@@@@@@@@@@
end
main
