start!
start to right
1953060
0 : 7.381853786876145 size: 0.0
1000 : 2.952797305922398 size: 0.0
2000 : 2.3941637753377756 size: 0.0
3000 : 2.3933716232479014 size: 0.0
4000 : 2.2674670801522088 size: 0.0
5000 : 2.298992703933918 size: 0.0
6000 : 2.3367877832701796 size: 0.0
7000 : 2.215284448192717 size: 0.0
8000 : 2.302155292900634 size: 0.0
9000 : 2.0420086597780713 size: 0.0
10000 : 2.1708259010487763 size: 0.0
11000 : 1.9715232901484576 size: 0.0
12000 : 2.1159455492278503 size: 0.0
13000 : 2.1390216653726695 size: 0.0
14000 : 2.0648359170270916 size: 0.0
15000 : 1.9933896803271078 size: 0.0
16000 : 2.261714088498197 size: 0.0
17000 : 2.015763591308454 size: 0.0
18000 : 1.961519059347768 size: 0.0
19000 : 2.0386649730799964 size: 0.0
20000 : 1.8828249577924727 size: 0.0
21000 : 1.9381916765500384 size: 0.0
22000 : 2.0788089914617425 size: 0.0
23000 : 1.7260467771444925 size: 0.0
24000 : 1.8210369227996424 size: 0.0
25000 : 1.9661646547128744 size: 0.0
26000 : 1.998673331326915 size: 0.0
27000 : 1.9270926041939562 size: 0.0
28000 : 1.9478288963737869 size: 0.0
29000 : 2.023358001205254 size: 0.0
30000 : 1.9089339879852574 size: 0.0
31000 : 2.13640856097546 size: 0.0
32000 : 1.8153984715911051 size: 0.0
33000 : 1.9127148545818256 size: 0.0
34000 : 1.9267386638984807 size: 0.0
35000 : 1.842688334664714 size: 0.0
36000 : 1.891864537904473 size: 0.0
37000 : 2.129637947976293 size: 0.0
38000 : 2.0088264991032516 size: 0.0
39000 : 1.8905812033637346 size: 0.0
40000 : 1.9769882108622743 size: 0.0
41000 : 1.9886890505137256 size: 0.0
42000 : 2.1270673232938466 size: 0.0
43000 : 1.9510886555382405 size: 0.0
44000 : 1.9161328377850728 size: 0.0
45000 : 1.762662399461137 size: 0.0
46000 : 1.8742079390536426 size: 0.0
47000 : 1.9457792071408038 size: 0.0
48000 : 1.9423326748175131 size: 0.0
49000 : 1.8109050808720126 size: 0.0
50000 : 2.011322311332573 size: 0.0
51000 : 1.8026418304460072 size: 0.0
52000 : 1.8852776023764273 size: 0.0
53000 : 1.8984050381167854 size: 0.0
54000 : 1.689348259190132 size: 0.0
55000 : 1.7340324475720053 size: 0.0
56000 : 1.8895443199616828 size: 0.0
57000 : 1.875992603021646 size: 0.0
58000 : 1.811404690472769 size: 0.0
59000 : 1.8832468312350392 size: 0.0
60000 : 1.7835526161134898 size: 0.0
61000 : 1.7978980329872585 size: 0.0
62000 : 1.7072248238514158 size: 0.0
63000 : 1.8563908803895575 size: 0.0
64000 : 1.8370362968267586 size: 0.0
65000 : 1.764085383914376 size: 0.0
66000 : 1.687080667938506 size: 0.0
67000 : 1.9435246865706433 size: 0.0
68000 : 1.8425897886057696 size: 0.0
69000 : 1.9258675717718605 size: 0.0
70000 : 1.7238837513445908 size: 0.0
71000 : 1.9105655873939928 size: 0.0
72000 : 1.9994193920663579 size: 0.0
73000 : 1.9071415847979654 size: 0.0
74000 : 1.8783016420921301 size: 0.0
75000 : 1.9640852124812922 size: 0.0
76000 : 1.9248162418271362 size: 0.0
77000 : 1.7231172246696953 size: 0.0
78000 : 1.8784435277790918 size: 0.0
79000 : 2.039538128998427 size: 0.0
80000 : 1.8685405947597604 size: 0.0
81000 : 1.906218209945483 size: 0.0
82000 : 1.7848732708894652 size: 0.0
83000 : 1.9241740586088143 size: 0.0
84000 : 2.090196994671274 size: 0.0
85000 : 2.0479924521495407 size: 0.0
86000 : 2.012591715278591 size: 0.0
87000 : 1.8187285716597617 size: 0.0
88000 : 1.8585881307369807 size: 0.0
89000 : 1.9052418644365348 size: 0.0
90000 : 2.0085258734295435 size: 0.0
91000 : 1.9433833168316341 size: 0.0
92000 : 1.8872087955629657 size: 0.0
93000 : 1.8913300158255912 size: 0.0
94000 : 1.7606520942552015 size: 0.0
95000 : 1.6908861280541472 size: 0.0
96000 : 2.035760874037527 size: 0.0
97000 : 1.8007056497625937 size: 0.0
98000 : 2.085635326839789 size: 0.0
99000 : 1.8426697605384208 size: 0.0
100000 : 1.879718091204636 size: 0.0
101000 : 1.8196923624351968 size: 0.0
102000 : 1.7392675994642692 size: 0.0
103000 : 1.8414204785625534 size: 0.0
104000 : 1.8924429155593245 size: 0.0
105000 : 2.107676279409065 size: 0.0
106000 : 1.9466499553021224 size: 0.0
107000 : 1.9074062660976432 size: 0.0
108000 : 1.9167272098264547 size: 0.0
109000 : 1.8042471165091607 size: 0.0
110000 : 1.7059629871420354 size: 0.0
111000 : 1.8380883147020863 size: 0.0
112000 : 1.755044427941169 size: 0.0
113000 : 1.676693259791694 size: 0.0
114000 : 1.7850349345812764 size: 0.0
115000 : 1.9739427420807958 size: 0.0
116000 : 1.9511978645215384 size: 0.0
117000 : 2.0975578521282023 size: 0.0
118000 : 1.7019002409807034 size: 0.0
119000 : 1.9325754111034625 size: 0.0
120000 : 1.8767427913447094 size: 0.0
121000 : 1.9377400501088728 size: 0.0
122000 : 1.8567013090743647 size: 0.0
123000 : 1.8084655069695237 size: 0.0
124000 : 1.7672574319268894 size: 0.0
125000 : 1.7724640346991103 size: 0.0
126000 : 1.9223637692258324 size: 0.0
127000 : 1.754045208739656 size: 0.0
128000 : 1.9049125176601325 size: 0.0
129000 : 1.7818943593938705 size: 0.0
130000 : 1.9048036526421364 size: 0.0
131000 : 1.9555791225522685 size: 0.0
132000 : 1.9450665110356284 size: 0.0
133000 : 1.6731829219049332 size: 0.0
134000 : 1.9404234954102852 size: 0.0
135000 : 1.7538439890381465 size: 0.0
136000 : 1.9222645352362846 size: 0.0
137000 : 1.7590352853544404 size: 0.0
138000 : 1.7901918343673977 size: 0.0
139000 : 1.866511715427532 size: 0.0
140000 : 1.8113800969536957 size: 0.0
141000 : 1.9549276522708001 size: 0.0
142000 : 1.687514408183982 size: 0.0
143000 : 1.7713265414463035 size: 0.0
144000 : 1.8589907421226504 size: 0.0
145000 : 1.697989527482734 size: 0.0
146000 : 1.6946195274390772 size: 0.0
147000 : 1.8440487174330387 size: 0.0
148000 : 1.8552896754760828 size: 0.0
149000 : 1.8156528339317313 size: 0.0
150000 : 1.8301920752530223 size: 0.0
151000 : 1.6742793113041836 size: 0.0
152000 : 1.8507286955752011 size: 0.0
153000 : 1.7925507484066319 size: 0.0
154000 : 1.7974581013663513 size: 0.0
155000 : 1.9247596595350023 size: 0.0
156000 : 1.7960818961941472 size: 0.0
157000 : 1.8845602627396785 size: 0.0
158000 : 1.8222366737720612 size: 0.0
159000 : 1.8498281944152835 size: 0.0
160000 : 1.7080843931404281 size: 0.0
161000 : 1.8431838166818497 size: 0.0
162000 : 1.7662571808294714 size: 0.0
163000 : 1.8635928258770884 size: 0.0
164000 : 1.8650682650388404 size: 0.0
165000 : 1.8524359673503161 size: 0.0
166000 : 1.7722151758033118 size: 0.0
167000 : 1.9964339452300304 size: 0.0
168000 : 1.7010877949380274 size: 0.0
169000 : 1.826069307146539 size: 0.0
170000 : 1.79666852901624 size: 0.0
171000 : 1.7552263855857817 size: 0.0
172000 : 1.8388374711292448 size: 0.0
173000 : 1.6772943391564594 size: 0.0
174000 : 1.8527888757498867 size: 0.0
175000 : 1.8366715216242786 size: 0.0
176000 : 1.807765537580512 size: 0.0
177000 : 1.8840164535976502 size: 0.0
178000 : 1.654847851496449 size: 0.0
179000 : 1.8132694983560744 size: 0.0
180000 : 1.839610705127524 size: 0.0
181000 : 1.7205632823043826 size: 0.0
182000 : 1.8336496144659682 size: 0.0
183000 : 1.8635866345016572 size: 0.0
184000 : 1.8112397591105915 size: 0.0
185000 : 1.7437991703318534 size: 0.0
186000 : 1.7097574403680216 size: 0.0
187000 : 1.6811417630389114 size: 0.0
188000 : 1.8242232453721776 size: 0.0
189000 : 1.8263449953358721 size: 0.0
190000 : 1.7049476015713414 size: 0.0
191000 : 1.8907934299548992 size: 0.0
192000 : 1.8418727929343226 size: 0.0
193000 : 1.8434708557261397 size: 0.0
194000 : 1.810908348542379 size: 0.0
195000 : 1.8404687265726785 size: 0.0
196000 : 1.6674770534972578 size: 0.0
197000 : 1.8908661786162142 size: 0.0
198000 : 1.860652438495287 size: 0.0
199000 : 1.9629014558954034 size: 0.0
200000 : 1.678188992906248 size: 0.0
201000 : 1.9119177149950763 size: 0.0
202000 : 1.8273614128024713 size: 0.0
203000 : 1.753239298037713 size: 0.0
204000 : 1.8258223400599 size: 0.0
205000 : 1.8809942024740383 size: 0.0
206000 : 1.7653996753322694 size: 0.0
207000 : 1.5899262926048985 size: 0.0
208000 : 1.8944972483238807 size: 0.0
209000 : 1.6846579483358015 size: 0.0
210000 : 1.8775399309314587 size: 0.0
211000 : 1.8162594167413244 size: 0.0
212000 : 1.8906300464365797 size: 0.0
213000 : 1.8023504918354456 size: 0.0
214000 : 1.8456813487376793 size: 0.0
215000 : 1.809277437064247 size: 0.0
216000 : 1.7583010914179071 size: 0.0
217000 : 1.720267128179597 size: 0.0
218000 : 1.7515614352958953 size: 0.0
219000 : 1.7190305729198934 size: 0.0
220000 : 1.7791321460383631 size: 0.0
221000 : 1.7618064418077928 size: 0.0
222000 : 1.810355424319855 size: 0.0
223000 : 1.8176934080842184 size: 0.0
224000 : 1.7159667019947724 size: 0.0
225000 : 1.8940502654142883 size: 0.0
226000 : 1.6710857654603122 size: 0.0
227000 : 1.759781690059185 size: 0.0
228000 : 1.6951540495179587 size: 0.0
229000 : 1.846687103279925 size: 0.0
230000 : 1.843708707732283 size: 0.0
231000 : 1.8906673666718168 size: 0.0
232000 : 1.6001733629086063 size: 0.0
233000 : 1.7611690741036952 size: 0.0
234000 : 1.9262774064288666 size: 0.0
235000 : 1.787407263267278 size: 0.0
236000 : 1.6374609214421718 size: 0.0
237000 : 1.748401426068942 size: 0.0
238000 : 1.6650821950839931 size: 0.0
239000 : 1.8657350417762355 size: 0.0
240000 : 1.6246093458737976 size: 0.0
241000 : 1.8515377019648598 size: 0.0
242000 : 1.8917508573722526 size: 0.0
243000 : 1.7327743944809437 size: 0.0
244000 : 1.8460487036799225 size: 0.0
245000 : 1.7155011449588868 size: 0.0
246000 : 1.8459374309048142 size: 0.0
247000 : 1.8364885320837605 size: 0.0
248000 : 1.8191951605915526 size: 0.0
249000 : 1.988937909409524 size: 0.0
250000 : 1.7515222232514986 size: 0.0
251000 : 1.7655558355792529 size: 0.0
252000 : 1.7083931019987268 size: 0.0
253000 : 1.7660368710537162 size: 0.0
254000 : 1.7402368936845318 size: 0.0
255000 : 1.7341903276454973 size: 0.0
256000 : 1.7935931352535115 size: 0.0
257000 : 1.7309291926198367 size: 0.0
258000 : 1.7350426736631734 size: 0.0
259000 : 1.7346897652636029 size: 0.0
260000 : 1.7562249168566912 size: 0.0
261000 : 1.874713912012481 size: 0.0
262000 : 1.6198935815871394 size: 0.0
263000 : 1.747764746295448 size: 0.0
264000 : 1.7253041560580669 size: 0.0
265000 : 1.7538192235364223 size: 0.0
266000 : 1.8527290257873865 size: 0.0
267000 : 1.9018274928689554 size: 0.0
268000 : 1.8400668031176122 size: 0.0
269000 : 1.704160608960993 size: 0.0
270000 : 1.9527068403002086 size: 0.0
271000 : 1.82250548265536 size: 0.0
272000 : 1.8525085440289804 size: 0.0
273000 : 1.7312066006356785 size: 0.0
274000 : 1.808266007094523 size: 0.0
275000 : 1.7752148971996609 size: 0.0
276000 : 1.7358697382311727 size: 0.0
277000 : 1.7457957169257197 size: 0.0
278000 : 1.6780388520520446 size: 0.0
279000 : 1.5745405526760607 size: 0.0
280000 : 1.8409961973628748 size: 0.0
281000 : 1.6166883409230093 size: 0.0
282000 : 1.9354385782750267 size: 0.0
283000 : 1.7808719225344911 size: 0.0
284000 : 1.7558683968214526 size: 0.0
285000 : 1.7689296192412287 size: 0.0
286000 : 1.7398303266978923 size: 0.0
287000 : 1.759589929403473 size: 0.0
288000 : 1.9869977731251407 size: 0.0
289000 : 1.777456175105705 size: 0.0
290000 : 1.8060842351856772 size: 0.0
291000 : 1.7821136372737207 size: 0.0
292000 : 1.7245298901638826 size: 0.0
293000 : 1.6704896735924215 size: 0.0
294000 : 1.7976108219603175 size: 0.0
295000 : 1.7925321742803388 size: 0.0
296000 : 1.6327487687911817 size: 0.0
297000 : 1.7110012188990613 size: 0.0
298000 : 1.7075218378894559 size: 0.0
299000 : 1.8439434640507106 size: 0.0
300000 : 1.8966341327608511 size: 0.0
301000 : 1.6271574408289808 size: 0.0
302000 : 1.7312867445509805 size: 0.0
303000 : 1.6753801722523565 size: 0.0
304000 : 1.78002851961466 size: 0.0
305000 : 1.6912240739630926 size: 0.0
306000 : 1.9021785094593664 size: 0.0
307000 : 1.9132705305267632 size: 0.0
308000 : 1.8731708836689398 size: 0.0
309000 : 1.7923359420757043 size: 0.0
310000 : 1.7594764208539035 size: 0.0
311000 : 1.884473239518342 size: 0.0
312000 : 1.694827970411923 size: 0.0
313000 : 1.8219203976771245 size: 0.0
314000 : 1.7979283019338101 size: 0.0
315000 : 1.7453757352923127 size: 0.0
316000 : 1.7196079186788398 size: 0.0
317000 : 1.7108330198665176 size: 0.0
318000 : 1.8668916251032879 size: 0.0
319000 : 1.785036826390436 size: 0.0
320000 : 1.7741007935873716 size: 0.0
321000 : 1.697158335331114 size: 0.0
322000 : 1.962429191536134 size: 0.0
323000 : 1.7186496313482322 size: 0.0
324000 : 1.7841432045365526 size: 0.0
325000 : 1.7936567688343306 size: 0.0
326000 : 1.9240099871598912 size: 0.0
327000 : 1.7303602740107826 size: 0.0
328000 : 1.7298938570616427 size: 0.0
329000 : 1.7649306786433665 size: 0.0
330000 : 1.7870407682382892 size: 0.0
331000 : 1.6973091641159206 size: 0.0
332000 : 1.8296441385273734 size: 0.0
333000 : 1.7839596990480822 size: 0.0
334000 : 1.7340506777329967 size: 0.0
335000 : 1.7479945151170007 size: 0.0
336000 : 1.8830253175807279 size: 0.0
337000 : 1.7844333392685583 size: 0.0
338000 : 1.7453096939543813 size: 0.0
339000 : 1.6291445283770498 size: 0.0
340000 : 1.7760223557454617 size: 0.0
341000 : 1.82391677228834 size: 0.0
342000 : 1.8235248238270239 size: 0.0
343000 : 1.7473590392220626 size: 0.0
344000 : 1.8121046598617807 size: 0.0
345000 : 1.784678242563387 size: 0.0
346000 : 1.608960128523838 size: 0.0
347000 : 1.79520942820632 size: 0.0
348000 : 1.8859634691880682 size: 0.0
349000 : 1.7482344309149542 size: 0.0
350000 : 1.8021434247238068 size: 0.0
351000 : 1.6947896182807805 size: 0.0
352000 : 1.8767089107624895 size: 0.0
353000 : 1.6447543616999618 size: 0.0
354000 : 1.693437662662348 size: 0.0
355000 : 1.6288568014021563 size: 0.0
356000 : 1.7635727036321538 size: 0.0
357000 : 1.7754933371114077 size: 0.0
358000 : 1.7765553299804855 size: 0.0
359000 : 1.7672134043682686 size: 0.0
360000 : 1.769591064516447 size: 0.0
361000 : 1.8590794851704957 size: 0.0
362000 : 1.905932374779749 size: 0.0
363000 : 1.8051206163928928 size: 0.0
364000 : 1.9717566706056786 size: 0.0
365000 : 1.9010929549671203 size: 0.0
366000 : 1.874664896956985 size: 0.0
367000 : 1.818136435392841 size: 0.0
368000 : 1.7959023463066464 size: 0.0
369000 : 1.5896944599915352 size: 0.0
370000 : 1.79817939660407 size: 0.0
371000 : 1.7704913936937139 size: 0.0
372000 : 1.8083148501673678 size: 0.0
373000 : 1.8129396356317196 size: 0.0
374000 : 1.7287790655187498 size: 0.0
375000 : 1.8233693515106437 size: 0.0
376000 : 1.9444241558346558 size: 0.0
377000 : 1.690201981069015 size: 0.0
378000 : 1.8193934565879974 size: 0.0
379000 : 1.8898416779650244 size: 0.0
380000 : 1.9183672363850826 size: 0.0
381000 : 1.7075677572572363 size: 0.0
382000 : 1.558380030905086 size: 0.0
383000 : 1.6722848285021277 size: 0.0
384000 : 1.7370031039003586 size: 0.0
385000 : 1.7522259762588293 size: 0.0
386000 : 1.7396064052864688 size: 0.0
387000 : 1.6666491290160041 size: 0.0
388000 : 1.836831465489581 size: 0.0
389000 : 1.7931826126659018 size: 0.0
390000 : 1.6858449725920566 size: 0.0
391000 : 1.8514262572071007 size: 0.0
392000 : 1.7432459021440276 size: 0.0
393000 : 1.8705283702384328 size: 0.0
394000 : 1.682040888337622 size: 0.0
395000 : 1.8246451188147441 size: 0.0
396000 : 1.7508858874433062 size: 0.0
397000 : 1.761404002404774 size: 0.0
398000 : 1.8576310472849291 size: 0.0
399000 : 1.6086601907807332 size: 0.0
400000 : 1.9038273071331882 size: 0.0
401000 : 1.7951810510689277 size: 0.0
402000 : 1.7692204419038375 size: 0.0
403000 : 1.60946283381231 size: 0.0
404000 : 1.6437038916684918 size: 0.0
405000 : 1.721412704616994 size: 0.0
406000 : 1.8018376395705726 size: 0.0
407000 : 1.7409583609049015 size: 0.0
408000 : 1.7902042171182597 size: 0.0
409000 : 1.7674103245035067 size: 0.0
410000 : 1.7970781916905954 size: 0.0
411000 : 1.8330045075425818 size: 0.0
412000 : 1.7231684754996526 size: 0.0
413000 : 1.6705165028859563 size: 0.0
414000 : 1.7600945265011043 size: 0.0
415000 : 1.8698051831915548 size: 0.0
416000 : 1.7045326074348095 size: 0.0
417000 : 1.7299726251157377 size: 0.0
418000 : 1.5860780088091921 size: 0.0
419000 : 1.7842047743255616 size: 0.0
420000 : 1.8425130843434847 size: 0.0
421000 : 1.5450974668136495 size: 0.0
422000 : 1.827645012193744 size: 0.0
423000 : 1.8325196884497996 size: 0.0
424000 : 1.931042873701624 size: 0.0
425000 : 1.716592890826564 size: 0.0
426000 : 1.6023417201706847 size: 0.0
427000 : 1.710532910140762 size: 0.0
428000 : 1.8099825659327844 size: 0.0
429000 : 1.7138980946701945 size: 0.0
430000 : 1.7385992748830164 size: 0.0
431000 : 1.6470262525178594 size: 0.0
432000 : 1.9013299470600094 size: 0.0
433000 : 1.8748514981331712 size: 0.0
434000 : 1.7190508668726951 size: 0.0
435000 : 1.5984557721744395 size: 0.0
436000 : 1.6524927210755338 size: 0.0
437000 : 1.735677461627508 size: 0.0
438000 : 1.7243921320605413 size: 0.0
439000 : 1.8097617402090767 size: 0.0
440000 : 1.9120647601615641 size: 0.0
441000 : 1.7831278189658586 size: 0.0
442000 : 1.7868541670621032 size: 0.0
443000 : 1.7318656381537847 size: 0.0
444000 : 1.6551295590785624 size: 0.0
445000 : 1.858116210343013 size: 0.0
446000 : 1.7670943923738716 size: 0.0
447000 : 1.7721049349241087 size: 0.0
448000 : 1.7045964129982796 size: 0.0
449000 : 1.703401133574783 size: 0.0
450000 : 1.70448290444871 size: 0.0
451000 : 1.7669791639977934 size: 0.0
452000 : 1.8124374462912003 size: 0.0
453000 : 1.7329235034392418 size: 0.0
454000 : 1.731175815741174 size: 0.0
455000 : 1.7526686596021501 size: 0.0
456000 : 1.7267938697798404 size: 0.0
457000 : 1.689573900428064 size: 0.0
458000 : 1.6265972933351207 size: 0.0
459000 : 1.809940430183323 size: 0.0
460000 : 1.7802398862925704 size: 0.0
461000 : 1.7220719141177512 size: 0.0
462000 : 1.7481486115721738 size: 0.0
463000 : 1.8824526153533547 size: 0.0
464000 : 1.647283710546201 size: 0.0
465000 : 1.9283807542489186 size: 0.0
466000 : 1.6732554985835972 size: 0.0
467000 : 1.7580726984575612 size: 0.0
468000 : 1.7383034647235323 size: 0.0
469000 : 1.7882284804251478 size: 0.0
470000 : 1.6891711170597434 size: 0.0
471000 : 1.8461144010525519 size: 0.0
472000 : 1.79882725524987 size: 0.0
473000 : 1.86572197109477 size: 0.0
474000 : 1.6858435967308498 size: 0.0
475000 : 1.777082628788031 size: 0.0
476000 : 1.842549028717515 size: 0.0
477000 : 1.6615734050410902 size: 0.0
478000 : 1.8995946421128036 size: 0.0
479000 : 1.701242579323804 size: 0.0
480000 : 1.8561953361155263 size: 0.0
481000 : 1.8828103392671494 size: 0.0
482000 : 1.931012948720374 size: 0.0
483000 : 1.8597478097517486 size: 0.0
484000 : 1.8457241724177442 size: 0.0
485000 : 1.727611991249995 size: 0.0
486000 : 1.847198579683591 size: 0.0
487000 : 1.812831286561676 size: 0.0
488000 : 1.7369043858587634 size: 0.0
489000 : 1.694724952804056 size: 0.0
490000 : 1.8062534661141263 size: 0.0
491000 : 1.8826555548813728 size: 0.0
492000 : 1.6747845963324186 size: 0.0
493000 : 1.8435867720328212 size: 0.0
494000 : 1.8668352147938048 size: 0.0
495000 : 1.9623517993432458 size: 0.0
496000 : 1.8033908148905147 size: 0.0
497000 : 2.0234049524689395 size: 0.0
498000 : 1.7257958544568837 size: 0.0
499000 : 1.7447027671794866 size: 0.0
500000 : 1.8125306608879679 size: 0.0
501000 : 1.5513688141773618 size: 0.0
502000 : 1.8394626280651312 size: 0.0
503000 : 1.846540402078739 size: 0.0
504000 : 1.783103741394738 size: 0.0
505000 : 1.6376377196072587 size: 0.0
506000 : 1.7915580645458518 size: 0.0
507000 : 1.70343639001821 size: 0.0
508000 : 1.760893557897013 size: 0.0
509000 : 1.6683409223525416 size: 0.0
510000 : 1.8475900121969548 size: 0.0
511000 : 1.851340781829622 size: 0.0
512000 : 1.7566737915754431 size: 0.0
513000 : 1.6933487476318518 size: 0.0
514000 : 1.8267682446396454 size: 0.0
515000 : 1.7203388449450068 size: 0.0
516000 : 1.6612898056498173 size: 0.0
517000 : 1.715961026567294 size: 0.0
518000 : 1.740361065158455 size: 0.0
519000 : 1.7971985795461993 size: 0.0
520000 : 1.761271059815657 size: 0.0
521000 : 1.9585355043206 size: 0.0
522000 : 1.7381600311927126 size: 0.0
523000 : 1.6293237342992488 size: 0.0
524000 : 1.6841392486607993 size: 0.0
525000 : 1.6909236202720355 size: 0.0
526000 : 1.5639815058436877 size: 0.0
527000 : 1.6232990100568738 size: 0.0
528000 : 1.7234828597854297 size: 0.0
529000 : 1.7801391044591648 size: 0.0
530000 : 1.8592292820593972 size: 0.0
531000 : 1.847504536819476 size: 0.0
532000 : 1.7636091639541367 size: 0.0
533000 : 1.7351463792016437 size: 0.0
534000 : 1.707044070085359 size: 0.0
535000 : 1.8688941910899344 size: 0.0
536000 : 1.6932880377560973 size: 0.0
537000 : 1.843189664091979 size: 0.0
538000 : 1.7634373532859249 size: 0.0
539000 : 1.7179346994685956 size: 0.0
540000 : 1.8812014415683278 size: 0.0
541000 : 1.7199670184538414 size: 0.0
542000 : 1.6561927558261964 size: 0.0
543000 : 1.7700769155051344 size: 0.0
544000 : 1.803769004739762 size: 0.0
545000 : 1.9373231641631814 size: 0.0
546000 : 1.6505422658320987 size: 0.0
547000 : 1.9269022193994512 size: 0.0
548000 : 1.7384713197907744 size: 0.0
549000 : 1.7290385873389018 size: 0.0
550000 : 1.5386639398101736 size: 0.0
551000 : 1.6737466810344614 size: 0.0
552000 : 1.9274898841174493 size: 0.0
553000 : 1.6789316139926735 size: 0.0
554000 : 1.9633565219895863 size: 0.0
555000 : 1.7278816600465479 size: 0.0
556000 : 1.7195709424089043 size: 0.0
557000 : 1.785148271148195 size: 0.0
558000 : 1.7325783342589602 size: 0.0
559000 : 1.704426494139227 size: 0.0
560000 : 1.673418882101917 size: 0.0
561000 : 1.8201345298305651 size: 0.0
562000 : 1.8529699734812453 size: 0.0
563000 : 1.8403543581098547 size: 0.0
564000 : 1.827435709307644 size: 0.0
565000 : 1.7558054511712369 size: 0.0
566000 : 1.7929311740303404 size: 0.0
567000 : 1.7358695662485217 size: 0.0
568000 : 1.732924535335147 size: 0.0
569000 : 1.7457649320312152 size: 0.0
570000 : 1.9014948784221868 size: 0.0
571000 : 1.8340553215393536 size: 0.0
572000 : 1.746626221146736 size: 0.0
573000 : 1.7037538699917025 size: 0.0
574000 : 1.6905600489481114 size: 0.0
575000 : 1.7682410007071738 size: 0.0
576000 : 1.7134581630492876 size: 0.0
577000 : 1.8075715411503388 size: 0.0
578000 : 1.8321402947219962 size: 0.0
579000 : 1.6513550558400765 size: 0.0
580000 : 1.866949067308676 size: 0.0
581000 : 1.6732499951387696 size: 0.0
582000 : 1.6538422689368544 size: 0.0
583000 : 1.850871785140719 size: 0.0
584000 : 1.708068226771247 size: 0.0
585000 : 1.7688924709886422 size: 0.0
586000 : 1.6720330459012644 size: 0.0
587000 : 1.7811448590014105 size: 0.0
588000 : 1.613004300558877 size: 0.0
589000 : 1.746339182102446 size: 0.0
590000 : 1.7755996223896409 size: 0.0
591000 : 1.7242566097316614 size: 0.0
592000 : 1.8530576846331852 size: 0.0
593000 : 1.75019898873576 size: 0.0
594000 : 1.6426940095426255 size: 0.0
595000 : 1.8224922399912435 size: 0.0
596000 : 1.7271082540656177 size: 0.0
597000 : 1.7204368750559984 size: 0.0
598000 : 1.8577223700725372 size: 0.0
599000 : 1.784318454857782 size: 0.0
600000 : 1.694523045171943 size: 0.0
601000 : 1.7751552192198115 size: 0.0
602000 : 1.6068050139258763 size: 0.0
603000 : 1.6413709470095377 size: 0.0
604000 : 1.7012570258664763 size: 0.0
605000 : 1.8587374116779296 size: 0.0
606000 : 1.8111775013909792 size: 0.0
607000 : 1.8524483501011784 size: 0.0
608000 : 1.7856511484193178 size: 0.0
609000 : 1.8279205284004263 size: 0.0
610000 : 1.7214046214324035 size: 0.0
611000 : 1.636471505251758 size: 0.0
612000 : 1.9069484482810464 size: 0.0
613000 : 1.7767436509831804 size: 0.0
614000 : 1.7542586392093766 size: 0.0
615000 : 1.622023930683377 size: 0.0
616000 : 1.6768408209061343 size: 0.0
617000 : 1.8718058573690417 size: 0.0
618000 : 1.6160702352758083 size: 0.0
619000 : 1.6705639700975943 size: 0.0
620000 : 1.7920260293388495 size: 0.0
621000 : 1.8210075137663448 size: 0.0
622000 : 1.7614435584144723 size: 0.0
623000 : 1.6423125520230117 size: 0.0
624000 : 1.7668157804794737 size: 0.0
625000 : 1.6299342727098118 size: 0.0
626000 : 1.8959068181303522 size: 0.0
627000 : 1.6760527963998808 size: 0.0
628000 : 1.797498517289304 size: 0.0
629000 : 1.7390316392672853 size: 0.0
630000 : 1.6038498360361004 size: 0.0
631000 : 1.9396218842746136 size: 0.0
632000 : 1.6821667796380537 size: 0.0
633000 : 1.8396029659082351 size: 0.0
634000 : 1.7725557014520201 size: 0.0
635000 : 1.7681935334955359 size: 0.0
636000 : 1.7632256426427126 size: 0.0
637000 : 1.6135049420555385 size: 0.0
638000 : 1.6885832803590943 size: 0.0
639000 : 1.554161640444723 size: 0.0
640000 : 1.6293479838530205 size: 0.0
641000 : 1.8159130436824866 size: 0.0
642000 : 1.782841639834823 size: 0.0
643000 : 1.5577971817013119 size: 0.0
644000 : 1.7965118528213042 size: 0.0
645000 : 1.711081878762316 size: 0.0
646000 : 1.7443369600811014 size: 0.0
647000 : 1.7988024897481458 size: 0.0
648000 : 1.7592566270261007 size: 0.0
649000 : 1.8871680356747114 size: 0.0
650000 : 1.7974780513538513 size: 0.0
651000 : 1.7165359645691283 size: 0.0
652000 : 1.6676228947851894 size: 0.0
653000 : 1.6899847669809753 size: 0.0
654000 : 1.8118846940513271 size: 0.0
655000 : 1.7272128195173424 size: 0.0
656000 : 1.7638329133829094 size: 0.0
657000 : 1.7884228208206228 size: 0.0
658000 : 1.8412297498027466 size: 0.0
659000 : 1.8104936983711488 size: 0.0
660000 : 1.745810163468392 size: 0.0
661000 : 1.7033983818523692 size: 0.0
662000 : 1.8191587002695697 size: 0.0
663000 : 1.7216820294482453 size: 0.0
664000 : 1.8588428370429084 size: 0.0
665000 : 1.7374007277891534 size: 0.0
666000 : 1.7337737856651076 size: 0.0
667000 : 1.8833166561912895 size: 0.0
668000 : 1.7785032054841576 size: 0.0
669000 : 1.753927228641164 size: 0.0
670000 : 1.7249552032594662 size: 0.0
671000 : 1.697092809941135 size: 0.0
672000 : 1.7517617950841504 size: 0.0
673000 : 1.6945565817888613 size: 0.0
674000 : 1.7485737526851066 size: 0.0
675000 : 1.8296604768792053 size: 0.0
676000 : 1.7411270758853978 size: 0.0
677000 : 2.014429693868362 size: 0.0
678000 : 1.689438550081835 size: 0.0
679000 : 1.8827025061450584 size: 0.0
680000 : 1.8233650519443723 size: 0.0
681000 : 1.6113274697129645 size: 0.0
682000 : 1.6123485307111372 size: 0.0
683000 : 1.7371300270966954 size: 0.0
684000 : 1.8992950483350004 size: 0.0
685000 : 1.761129174128695 size: 0.0
686000 : 1.6899512303640571 size: 0.0
687000 : 1.726558769496111 size: 0.0
688000 : 1.8123266894640446 size: 0.0
689000 : 1.7488417016551507 size: 0.0
690000 : 1.8074074697014157 size: 0.0
691000 : 1.6288086462599147 size: 0.0
692000 : 1.7225804668163525 size: 0.0
693000 : 1.7710204123277677 size: 0.0
694000 : 1.6810451087891265 size: 0.0
695000 : 1.8165932350666492 size: 0.0
696000 : 1.5469760333090241 size: 0.0
697000 : 1.7390177086725656 size: 0.0
698000 : 1.6784504065355592 size: 0.0
699000 : 1.5982954843438353 size: 0.0
700000 : 1.8268098644411543 size: 0.0
701000 : 1.8385026209080149 size: 0.0
702000 : 1.7203997268034121 size: 0.0
703000 : 1.7304127287192956 size: 0.0
704000 : 1.8186938311642875 size: 0.0
705000 : 1.7063994791099253 size: 0.0
706000 : 1.6931081439032947 size: 0.0
707000 : 1.8357601855573566 size: 0.0
708000 : 1.7867948330475554 size: 0.0
709000 : 1.723894930216897 size: 0.0
710000 : 1.7432734193681656 size: 0.0
711000 : 1.7447075826937106 size: 0.0
712000 : 1.7186353567882107 size: 0.0
713000 : 1.7133754393942224 size: 0.0
714000 : 1.8687187687860543 size: 0.0
715000 : 1.6231437097231447 size: 0.0
716000 : 1.7268311900150777 size: 0.0
717000 : 1.8258584564165812 size: 0.0
718000 : 1.8025410486126017 size: 0.0
719000 : 1.7217092027070815 size: 0.0
720000 : 1.743504908016227 size: 0.0
721000 : 1.8347716292801972 size: 0.0
722000 : 1.6349066351115573 size: 0.0
723000 : 1.6978694835924315 size: 0.0
724000 : 1.6495942974605429 size: 0.0
725000 : 1.7796759551803911 size: 0.0
726000 : 1.533847221707459 size: 0.0
727000 : 1.8099696672339698 size: 0.0
728000 : 1.8063072966838463 size: 0.0
729000 : 1.80751994635508 size: 0.0
730000 : 1.82089692892184 size: 0.0
731000 : 1.7532274312348033 size: 0.0
732000 : 1.7338479101876294 size: 0.0
733000 : 1.6800907770594888 size: 0.0
734000 : 1.6652345717126575 size: 0.0
735000 : 1.8518273207489127 size: 0.0
736000 : 1.6640903711364674 size: 0.0
737000 : 1.7801251738644448 size: 0.0
738000 : 1.838952527522672 size: 0.0
739000 : 1.8750893501393144 size: 0.0
740000 : 1.792370166623226 size: 0.0
741000 : 1.6117723888307467 size: 0.0
742000 : 1.6457358666884359 size: 0.0
743000 : 1.7116107254137192 size: 0.0
744000 : 1.8292202012929966 size: 0.0
745000 : 1.6747092679313407 size: 0.0
746000 : 1.848931132908383 size: 0.0
747000 : 1.7953434026913422 size: 0.0
748000 : 1.5923383492832492 size: 0.0
749000 : 1.6817048342378362 size: 0.0
750000 : 1.6871047455096266 size: 0.0
751000 : 1.798684509649654 size: 0.0
752000 : 1.8688030402849771 size: 0.0
753000 : 1.8230965870263753 size: 0.0
754000 : 1.8151133243559747 size: 0.0
755000 : 1.7255005602453521 size: 0.0
756000 : 1.8178659066830338 size: 0.0
757000 : 1.764822329573323 size: 0.0
758000 : 1.709926327331169 size: 0.0
759000 : 1.703495208084805 size: 0.0
760000 : 1.6739752459774582 size: 0.0
761000 : 1.526607612019389 size: 0.0
762000 : 1.7503051020313425 size: 0.0
763000 : 1.802052961849453 size: 0.0
764000 : 1.9502469724449178 size: 0.0
765000 : 1.6725780589218486 size: 0.0
766000 : 1.6629673244263332 size: 0.0
767000 : 1.7582304065484025 size: 0.0
768000 : 1.6593400383369856 size: 0.0
769000 : 1.8585618173913987 size: 0.0
770000 : 1.705946132842251 size: 0.0
771000 : 1.8067314059008739 size: 0.0
772000 : 1.9637302402899113 size: 0.0
773000 : 1.7692524306768982 size: 0.0
774000 : 1.8397405520289254 size: 0.0
775000 : 1.7133990010173907 size: 0.0
776000 : 1.80960093643052 size: 0.0
777000 : 1.7274491236796279 size: 0.0
778000 : 1.841922495920422 size: 0.0
779000 : 1.7531851235026912 size: 0.0
780000 : 1.6518749593936346 size: 0.0
781000 : 1.6311508779820154 size: 0.0
782000 : 1.757993930403466 size: 0.0
783000 : 1.7608154777735212 size: 0.0
784000 : 1.8077227139004473 size: 0.0
785000 : 1.7514130142682007 size: 0.0
786000 : 1.7822840720807258 size: 0.0
787000 : 1.6536315901895473 size: 0.0
788000 : 1.6985992059800425 size: 0.0
789000 : 1.6457174645447936 size: 0.0
790000 : 1.756375401676196 size: 0.0
791000 : 1.7586543437827793 size: 0.0
792000 : 1.842080375993914 size: 0.0
793000 : 1.7679560254546942 size: 0.0
794000 : 1.6427022647098668 size: 0.0
795000 : 1.8444692150143984 size: 0.0
796000 : 1.7072034980027089 size: 0.0
797000 : 1.7706675039281974 size: 0.0
798000 : 1.781490372146994 size: 0.0
799000 : 1.671700087489194 size: 0.0
800000 : 1.6964853672182878 size: 0.0
801000 : 1.7225369552056842 size: 0.0
802000 : 1.811599202850895 size: 0.0
803000 : 1.754798492750435 size: 0.0
804000 : 1.5796565205912767 size: 0.0
805000 : 1.8055478212976361 size: 0.0
806000 : 1.6839882478933417 size: 0.0
807000 : 1.6654137776348568 size: 0.0
808000 : 1.64973721504341 size: 0.0
809000 : 1.7519098721465434 size: 0.0
810000 : 1.7152835869055454 size: 0.0
811000 : 1.7183030863067437 size: 0.0
812000 : 1.6475354931470643 size: 0.0
813000 : 1.7510458313086086 size: 0.0
814000 : 1.7340572130737295 size: 0.0
815000 : 1.6674978633980122 size: 0.0
816000 : 1.785614516114684 size: 0.0
817000 : 1.7761608017794062 size: 0.0
818000 : 1.7517432209578574 size: 0.0
819000 : 1.766024488302854 size: 0.0
820000 : 1.7251512634814499 size: 0.0
821000 : 1.7380745558152337 size: 0.0
822000 : 1.6894469772317273 size: 0.0
823000 : 1.6818888556742595 size: 0.0
824000 : 1.8380128143183576 size: 0.0
825000 : 1.6967737821237847 size: 0.0
826000 : 1.716034807124514 size: 0.0
827000 : 1.8545544496436444 size: 0.0
828000 : 1.8689982405937065 size: 0.0
829000 : 1.7797306456633657 size: 0.0
830000 : 1.814189089590238 size: 0.0
831000 : 1.573598947662587 size: 0.0
832000 : 1.8452049567947895 size: 0.0
833000 : 1.5953464978294907 size: 0.0
834000 : 1.7844290397022866 size: 0.0
835000 : 1.889228043866746 size: 0.0
836000 : 1.828423749636851 size: 0.0
837000 : 1.863701174947132 size: 0.0
838000 : 1.7472070065586998 size: 0.0
839000 : 1.6514687363722966 size: 0.0
840000 : 1.826924232903978 size: 0.0
841000 : 1.7502256460466439 size: 0.0
842000 : 1.7285191997332963 size: 0.0
843000 : 1.6642931386818347 size: 0.0
844000 : 1.562698515268251 size: 0.0
845000 : 1.7715924266245375 size: 0.0
846000 : 1.8086201193726492 size: 0.0
847000 : 1.745040541105781 size: 0.0
848000 : 1.6518133896046259 size: 0.0
849000 : 1.802840126442452 size: 0.0
850000 : 1.681812839342578 size: 0.0
851000 : 1.5894062170686893 size: 0.0
852000 : 1.707412628906158 size: 0.0
853000 : 1.813817951029676 size: 0.0
854000 : 1.821581419872274 size: 0.0
855000 : 1.850563592230373 size: 0.0
856000 : 1.6498515835062337 size: 0.0
857000 : 1.7094036720551968 size: 0.0
858000 : 1.6349105907125272 size: 0.0
859000 : 1.7743178356927605 size: 0.0
860000 : 1.7777953248932064 size: 0.0
861000 : 1.7485966263776713 size: 0.0
862000 : 1.7561707423216695 size: 0.0
863000 : 1.805012611288151 size: 0.0
864000 : 1.769928322494789 size: 0.0
865000 : 1.6646641052597457 size: 0.0
866000 : 1.708769056073513 size: 0.0
867000 : 1.6992976275251963 size: 0.0
868000 : 1.6329049290381652 size: 0.0
869000 : 1.601182901069171 size: 0.0
870000 : 1.7528296353633577 size: 0.0
871000 : 1.7710271196511513 size: 0.0
872000 : 1.8415174767776399 size: 0.0
873000 : 1.792154500379044 size: 0.0
874000 : 1.7158313516485433 size: 0.0
875000 : 1.8859356079986285 size: 0.0
876000 : 1.7038821690492463 size: 0.0
877000 : 1.803893176213685 size: 0.0
878000 : 1.7668775222511335 size: 0.0
879000 : 1.8074898493911788 size: 0.0
880000 : 1.8825496135684414 size: 0.0
881000 : 1.6699546355655874 size: 0.0
882000 : 1.8197936602165552 size: 0.0
883000 : 1.767235762112881 size: 0.0
884000 : 1.6494897320088184 size: 0.0
885000 : 1.8259879593526809 size: 0.0
886000 : 1.8220517924223838 size: 0.0
887000 : 1.6837763652674789 size: 0.0
888000 : 1.8269453867700343 size: 0.0
889000 : 1.8250709478582805 size: 0.0
890000 : 1.845052408183474 size: 0.0
891000 : 1.8154891064481098 size: 0.0
892000 : 1.7080692586671522 size: 0.0
893000 : 1.7221745877603163 size: 0.0
894000 : 1.7168589479874485 size: 0.0
895000 : 1.7566323437565852 size: 0.0
896000 : 1.5809114779946225 size: 0.0
897000 : 1.7742848150237946 size: 0.0
898000 : 1.8025690817846922 size: 0.0
899000 : 1.7463347105535236 size: 0.0
900000 : 1.8159386690974653 size: 0.0
901000 : 1.7832181098575617 size: 0.0
902000 : 1.883333682473725 size: 0.0
903000 : 1.816584635934106 size: 0.0
904000 : 1.7558434593370775 size: 0.0
905000 : 1.7733052018444802 size: 0.0
906000 : 1.7724915519232483 size: 0.0
907000 : 1.6085310318099353 size: 0.0
908000 : 1.7719133462510475 size: 0.0
909000 : 1.784028492108427 size: 0.0
910000 : 1.8303759247067946 size: 0.0
911000 : 1.6640688733051094 size: 0.0
912000 : 1.7435104114610547 size: 0.0
913000 : 1.8567981353068006 size: 0.0
914000 : 1.6922461668571704 size: 0.0
915000 : 1.7217460069943662 size: 0.0
916000 : 1.8149556162651335 size: 0.0
917000 : 1.7138583666778453 size: 0.0
918000 : 1.6986014417545037 size: 0.0
919000 : 1.7280749685461176 size: 0.0
920000 : 1.6868808240982034 size: 0.0
921000 : 1.8214080613602044 size: 0.0
922000 : 1.7116820982138272 size: 0.0
923000 : 1.7915243559462828 size: 0.0
924000 : 1.830769077046667 size: 0.0
925000 : 1.696982569061932 size: 0.0
926000 : 1.8023205668541955 size: 0.0
927000 : 1.8136310058881882 size: 0.0
928000 : 1.8721658170572977 size: 0.0
929000 : 1.9092261865090734 size: 0.0
930000 : 1.7164802421902488 size: 0.0
931000 : 1.8132505802644796 size: 0.0
932000 : 1.8425963239465024 size: 0.0
933000 : 1.709571355139788 size: 0.0
934000 : 1.7488962201554743 size: 0.0
935000 : 1.6160948287948815 size: 0.0
936000 : 1.7418592060301208 size: 0.0
937000 : 1.8982282399516985 size: 0.0
938000 : 1.680786446882229 size: 0.0
939000 : 1.7357299163360211 size: 0.0
940000 : 1.75038834163436 size: 0.0
941000 : 1.6850648592877429 size: 0.0
942000 : 1.7064075622945158 size: 0.0
943000 : 1.8492701107132337 size: 0.0
944000 : 1.6717494465099918 size: 0.0
945000 : 1.6796608204323318 size: 0.0
946000 : 1.6367401421524057 size: 0.0
947000 : 1.7463539726104202 size: 0.0
948000 : 1.773788129128103 size: 0.0
949000 : 1.6546447399857802 size: 0.0
950000 : 1.778032832934048 size: 0.0
951000 : 1.668584793751465 size: 0.0
952000 : 1.6659140751662167 size: 0.0
953000 : 1.8834986138359024 size: 0.0
954000 : 1.6449149934958676 size: 0.0
955000 : 1.6692978338219424 size: 0.0
956000 : 1.7666420780021024 size: 0.0
957000 : 1.6857309480945346 size: 0.0
958000 : 1.697062884959885 size: 0.0
959000 : 1.712810648368789 size: 0.0
960000 : 1.6571902552012006 size: 0.0
961000 : 1.712339243922774 size: 0.0
962000 : 1.6914013880761323 size: 0.0
963000 : 1.59805522458058 size: 0.0
964000 : 1.8821483780439785 size: 0.0
965000 : 1.7535559180979512 size: 0.0
966000 : 1.760181721705092 size: 0.0
967000 : 1.7960363207916685 size: 0.0
968000 : 1.729272999692028 size: 0.0
969000 : 1.7333374656798686 size: 0.0
970000 : 1.7768888043405084 size: 0.0
971000 : 1.7246593930999823 size: 0.0
972000 : 1.7383930676846318 size: 0.0
973000 : 1.735347770885804 size: 0.0
974000 : 1.7239078289157117 size: 0.0
975000 : 1.4435226214049153 size: 0.0
976000 : 1.7510757562898587 size: 0.0
977000 : 1.749112402347609 size: 0.0
978000 : 1.7098976062284748 size: 0.0
979000 : 1.550409838916151 size: 0.0
980000 : 1.5844023818418358 size: 0.0
981000 : 1.662086429288614 size: 0.0
982000 : 1.721108123342316 size: 0.0
983000 : 1.7080773418517428 size: 0.0
984000 : 1.6354918920724435 size: 0.0
985000 : 1.7969440452229224 size: 0.0
986000 : 1.867130852970638 size: 0.0
987000 : 1.7096207141605857 size: 0.0
988000 : 1.859783754125779 size: 0.0
989000 : 1.8209103435686074 size: 0.0
990000 : 1.8360885004378538 size: 0.0
991000 : 1.5043931289553927 size: 0.0
992000 : 1.7725304200023433 size: 0.0
993000 : 1.8259924309016033 size: 0.0
994000 : 1.6966007675770167 size: 0.0
995000 : 1.7957704356134345 size: 0.0
996000 : 1.7648644653227845 size: 0.0
997000 : 1.6311544896176835 size: 0.0
998000 : 1.6351032112814936 size: 0.0
999000 : 1.6664369024248396 size: 0.0
1000000 : 1.719224053402114 size: 0.0
1001000 : 1.7640699054757982 size: 0.0
1002000 : 1.6247950871367294 size: 0.0
1003000 : 1.772931827509457 size: 0.0
1004000 : 1.8444552844196784 size: 0.0
1005000 : 1.6790471863340533 size: 0.0
1006000 : 1.8047988368531285 size: 0.0
1007000 : 1.7942212158944624 size: 0.0
1008000 : 1.7262000136864113 size: 0.0
1009000 : 1.6855517421723356 size: 0.0
1010000 : 1.720806293790052 size: 0.0
1011000 : 1.6713913786308954 size: 0.0
1012000 : 1.77386328554653 size: 0.0
1013000 : 1.6524106853510723 size: 0.0
1014000 : 1.5475757368125826 size: 0.0
1015000 : 1.6481919509254077 size: 0.0
1016000 : 1.6509471129922297 size: 0.0
1017000 : 1.9135386514794583 size: 0.0
1018000 : 1.9108316445548776 size: 0.0
1019000 : 1.5768487318332904 size: 0.0
1020000 : 1.736565064088611 size: 0.0
1021000 : 1.7852378741092945 size: 0.0
1022000 : 1.6831586035855794 size: 0.0
1023000 : 1.7811027232519492 size: 0.0
1024000 : 1.6887612824027374 size: 0.0
1025000 : 1.7473869004115024 size: 0.0
1026000 : 1.8555543567757606 size: 0.0
1027000 : 1.748721141816896 size: 0.0
1028000 : 1.7234873313343522 size: 0.0
1029000 : 1.7913867698255925 size: 0.0
1030000 : 1.8047978049572233 size: 0.0
1031000 : 1.8308492209619691 size: 0.0
1032000 : 1.6857435028280476 size: 0.0
1033000 : 1.6893725087439038 size: 0.0
1034000 : 1.6818511914737204 size: 0.0
1035000 : 1.6894351104288177 size: 0.0
1036000 : 1.7062952576235024 size: 0.0
1037000 : 1.6743020130140975 size: 0.0
1038000 : 1.7453609447843386 size: 0.0
1039000 : 1.5756895687664751 size: 0.0
1040000 : 1.6045697554126122 size: 0.0
1041000 : 1.7836055867699556 size: 0.0
1042000 : 1.7533276971202563 size: 0.0
1043000 : 1.7363753672247093 size: 0.0
1044000 : 1.79346328835211 size: 0.0
1045000 : 1.6014468944382454 size: 0.0
1046000 : 1.6920151941570616 size: 0.0
1047000 : 1.7837660465832106 size: 0.0
1048000 : 1.6996691100510601 size: 0.0
1049000 : 1.8271419629399703 size: 0.0
1050000 : 1.646653394130789 size: 0.0
1051000 : 1.8765551582726183 size: 0.0
1052000 : 1.768405244138748 size: 0.0
1053000 : 1.7454761731604165 size: 0.0
1054000 : 1.7579165382105777 size: 0.0
1055000 : 1.86915044523972 size: 0.0
1056000 : 1.8518649849494517 size: 0.0
1057000 : 1.725222464298907 size: 0.0
1058000 : 1.7249048123427635 size: 0.0
1059000 : 1.5526590280241346 size: 0.0
1060000 : 1.6539031507952597 size: 0.0
1061000 : 1.8904486047399194 size: 0.0
1062000 : 1.6572614560186578 size: 0.0
1063000 : 1.642214177946718 size: 0.0
1064000 : 1.6920026394235486 size: 0.0
1065000 : 1.5653432644732195 size: 0.0
1066000 : 1.7587895221463574 size: 0.0
1067000 : 1.6958008762678538 size: 0.0
1068000 : 1.7047742430592716 size: 0.0
1069000 : 1.7563186474014114 size: 0.0
1070000 : 1.7501183288725055 size: 0.0
1071000 : 1.8137591329630809 size: 0.0
1072000 : 1.8556878153128302 size: 0.0
1073000 : 1.7844581047702825 size: 0.0
1074000 : 1.8371341549550995 size: 0.0
1075000 : 1.8747054848625888 size: 0.0
1076000 : 1.8072721193551866 size: 0.0
1077000 : 1.7866722094174903 size: 0.0
1078000 : 1.6887454599988578 size: 0.0
1079000 : 1.677422982179305 size: 0.0
1080000 : 1.851745628989753 size: 0.0
1081000 : 1.8607582078255676 size: 0.0
1082000 : 1.6551907849022696 size: 0.0
1083000 : 1.724227372681015 size: 0.0
1084000 : 1.6600456831534758 size: 0.0
1085000 : 1.7310411533255483 size: 0.0
1086000 : 1.8703959435972684 size: 0.0
1087000 : 1.793218901005234 size: 0.0
1088000 : 1.733646518503469 size: 0.0
1089000 : 1.7682399688112687 size: 0.0
1090000 : 1.588691973119656 size: 0.0
1091000 : 1.8202968814529796 size: 0.0
1092000 : 1.7161072118205274 size: 0.0
1093000 : 1.7428020149221508 size: 0.0
1094000 : 1.8261864273317765 size: 0.0
1095000 : 1.5579180855048684 size: 0.0
1096000 : 1.8308693429321201 size: 0.0
1097000 : 1.6097278590772897 size: 0.0
1098000 : 1.665254349717507 size: 0.0
1099000 : 1.8418464795887406 size: 0.0
1100000 : 1.7161440161078119 size: 0.0
1101000 : 1.7406874882297925 size: 0.0
1102000 : 1.7137355710651292 size: 0.0
1103000 : 1.7730229783144142 size: 0.0
1104000 : 1.7903913342423985 size: 0.0
1105000 : 1.6199468962089068 size: 0.0
1106000 : 1.796505661445873 size: 0.0
1107000 : 1.5697867802235619 size: 0.0
1108000 : 1.7596250138642489 size: 0.0
1109000 : 1.7036417373033401 size: 0.0
1110000 : 1.866658244646067 size: 0.0
1111000 : 1.833731306225128 size: 0.0
1112000 : 1.615531757595957 size: 0.0
1113000 : 1.7035786196704734 size: 0.0
1114000 : 1.8126267991898002 size: 0.0
1115000 : 1.6165591819522112 size: 0.0
1116000 : 1.6502239259453517 size: 0.0
1117000 : 1.6200526655391874 size: 0.0
1118000 : 1.795617027088865 size: 0.0
1119000 : 1.6191901725451106 size: 0.0
1120000 : 1.642465100634327 size: 0.0
1121000 : 1.6800321309755446 size: 0.0
1122000 : 1.5174116996777547 size: 0.0
1123000 : 1.7866422844362402 size: 0.0
1124000 : 1.8603882731435617 size: 0.0
1125000 : 1.77945444152608 size: 0.0
1126000 : 1.733806978316724 size: 0.0
1127000 : 1.857717382575662 size: 0.0
1128000 : 1.7390555448557552 size: 0.0
1129000 : 1.8483596345595659 size: 0.0
1130000 : 1.6865633441247105 size: 0.0
1131000 : 1.7664477376066274 size: 0.0
1132000 : 1.5601882564962575 size: 0.0
1133000 : 1.5871050892001448 size: 0.0
1134000 : 1.70603969140432 size: 0.0
1135000 : 1.7456257980666672 size: 0.0
1136000 : 1.4700256638508267 size: 0.0
1137000 : 1.6430838942121313 size: 0.0
1138000 : 1.8080455253361167 size: 0.0
1139000 : 1.603256495890624 size: 0.0
1140000 : 1.8593052983910785 size: 0.0
1141000 : 1.9526256644890014 size: 0.0
1142000 : 1.7029708329823243 size: 0.0
1143000 : 1.7203931914626793 size: 0.0
1144000 : 1.6911320632448812 size: 0.0
1145000 : 1.6452634303465157 size: 0.0
1146000 : 1.873047916073573 size: 0.0
1147000 : 1.7144388081245072 size: 0.0
1148000 : 1.8560869870454828 size: 0.0
1149000 : 1.7845437521304122 size: 0.0
1150000 : 1.727206972107213 size: 0.0
1151000 : 1.783030992733423 size: 0.0
1152000 : 1.7824299133686574 size: 0.0
1153000 : 1.8447600376770072 size: 0.0
1154000 : 1.7662974247697734 size: 0.0
1155000 : 1.811602814486563 size: 0.0
1156000 : 1.7724132998171056 size: 0.0
1157000 : 1.7058137062010865 size: 0.0
1158000 : 1.7076776541711376 size: 0.0
1159000 : 1.6795474838654132 size: 0.0
1160000 : 1.9394827503100656 size: 0.0
1161000 : 1.6860766332227688 size: 0.0
1162000 : 1.5850708784057397 size: 0.0
1163000 : 1.6105894921581123 size: 0.0
1164000 : 1.650366327580266 size: 0.0
1165000 : 1.5976674037028842 size: 0.0
1166000 : 1.8024567771136788 size: 0.0
1167000 : 1.6071923188556192 size: 0.0
1168000 : 1.7710842178912378 size: 0.0
1169000 : 1.8445280330809934 size: 0.0
1170000 : 1.8195840133651533 size: 0.0
1171000 : 1.8470334763387628 size: 0.0
1172000 : 1.7293285500882565 size: 0.0
1173000 : 1.7175535859142834 size: 0.0
1174000 : 1.777209208019066 size: 0.0
1175000 : 1.682659165967474 size: 0.0
1176000 : 1.7012176418394287 size: 0.0
1177000 : 1.5640374002052182 size: 0.0
1178000 : 1.7452077082424198 size: 0.0
1179000 : 1.7825628559577744 size: 0.0
1180000 : 1.617069798442623 size: 0.0
1181000 : 1.717930227919673 size: 0.0
1182000 : 1.7023050881408344 size: 0.0
1183000 : 1.7000485037788633 size: 0.0
1184000 : 1.7276371007170208 size: 0.0
1185000 : 1.809933206911987 size: 0.0
1186000 : 1.7096408361307365 size: 0.0
1187000 : 1.6457675114961945 size: 0.0
1188000 : 1.6573438357084211 size: 0.0
1189000 : 1.7798047701858875 size: 0.0
1190000 : 1.807142616419087 size: 0.0
1191000 : 1.6921402255442388 size: 0.0
1192000 : 1.8212835459209797 size: 0.0
1193000 : 1.790460815233347 size: 0.0
1194000 : 1.7091042502600446 size: 0.0
1195000 : 1.8615666982672736 size: 0.0
1196000 : 1.7589159293947416 size: 0.0
1197000 : 1.8680239588765686 size: 0.0
1198000 : 1.6498257861086043 size: 0.0
1199000 : 1.7985305851771318 size: 0.0
1200000 : 1.8774348495317814 size: 0.0
1201000 : 1.6155176550185861 size: 0.0
1202000 : 1.7440710749028674 size: 0.0
1203000 : 1.7824825400598214 size: 0.0
1204000 : 1.7131370714401266 size: 0.0
1205000 : 1.6711024477774459 size: 0.0
1206000 : 1.7378872667084442 size: 0.0
1207000 : 1.8181305879827119 size: 0.0
1208000 : 1.665334493632809 size: 0.0
1209000 : 1.7968974379245386 size: 0.0
1210000 : 1.7547231643493573 size: 0.0
1211000 : 1.7926689004877747 size: 0.0
1212000 : 1.672179059171847 size: 0.0
1213000 : 1.7282679330803856 size: 0.0
1214000 : 1.7213991179875758 size: 0.0
1215000 : 1.6300930126965583 size: 0.0
1216000 : 1.7494823370296149 size: 0.0
1217000 : 1.7215057472311108 size: 0.0
1218000 : 1.7854717705144678 size: 0.0
1219000 : 1.8176633111203175 size: 0.0
1220000 : 1.9029032443501022 size: 0.0
1221000 : 1.9277965291839378 size: 0.0
1222000 : 1.859217071291186 size: 0.0
1223000 : 1.6743002931875888 size: 0.0
1224000 : 1.7648268011222454 size: 0.0
1225000 : 1.8662632004970352 size: 0.0
1226000 : 1.7088137715627374 size: 0.0
1227000 : 1.9150237216696586 size: 0.0
1228000 : 1.7683027424788336 size: 0.0
1229000 : 1.7345327451033652 size: 0.0
1230000 : 1.7824687814477524 size: 0.0
1231000 : 1.7531505549898676 size: 0.0
1232000 : 1.7340087139661862 size: 0.0
1233000 : 1.7969593516788491 size: 0.0
1234000 : 1.8011405938866258 size: 0.0
1235000 : 1.6970207492104237 size: 0.0
1236000 : 1.6732099231811186 size: 0.0
1237000 : 1.7848992402697457 size: 0.0
1238000 : 1.7958328653156979 size: 0.0
1239000 : 1.820548320088541 size: 0.0
1240000 : 1.895176235829487 size: 0.0
1241000 : 1.8365855302988472 size: 0.0
1242000 : 1.7996599952453478 size: 0.0
1243000 : 1.8014231613819933 size: 0.0
1244000 : 1.7123428555584421 size: 0.0
1245000 : 1.6204287915966245 size: 0.0
1246000 : 1.5196610607683894 size: 0.0
1247000 : 1.7744860347253042 size: 0.0
1248000 : 1.71011791600423 size: 0.0
1249000 : 1.6937627098724786 size: 0.0
1250000 : 1.802059153224884 size: 0.0
1251000 : 1.799515701801274 size: 0.0
1252000 : 1.696999079396415 size: 0.0
1253000 : 1.7867882977068226 size: 0.0
1254000 : 1.7753634902100064 size: 0.0
1255000 : 1.8084106445038983 size: 0.0
1256000 : 1.821634218546089 size: 0.0
1257000 : 1.693866243428298 size: 0.0
1258000 : 1.644474545927008 size: 0.0
1259000 : 1.902959826642236 size: 0.0
1260000 : 1.7329498167848238 size: 0.0
1261000 : 1.823149901648143 size: 0.0
1262000 : 1.8887932717253648 size: 0.0
1263000 : 1.8637840705848479 size: 0.0
1264000 : 1.7440500930194622 size: 0.0
1265000 : 1.908790554454438 size: 0.0
1266000 : 1.7675355278733347 size: 0.0
1267000 : 1.886077837650892 size: 0.0
1268000 : 1.7559449291010865 size: 0.0
1269000 : 1.6491132619860798 size: 0.0
1270000 : 1.676693259791694 size: 0.0
1271000 : 1.7968890107746462 size: 0.0
1272000 : 1.7835300863862267 size: 0.0
1273000 : 1.7176328699163312 size: 0.0
1274000 : 1.8036742422991368 size: 0.0
1275000 : 1.726804532704194 size: 0.0
1276000 : 1.6772645861578603 size: 0.0
1277000 : 1.5866061675299918 size: 0.0
1278000 : 1.883680915445817 size: 0.0
1279000 : 1.6839017406199577 size: 0.0
1280000 : 1.8874733048799928 size: 0.0
1281000 : 1.7684736932337912 size: 0.0
1282000 : 1.858398261890428 size: 0.0
1283000 : 1.7631534099293504 size: 0.0
1284000 : 1.8477272543523433 size: 0.0
1285000 : 1.7405418189245117 size: 0.0
1286000 : 1.6970990013165663 size: 0.0
1287000 : 1.7479105875833796 size: 0.0
1288000 : 1.6584178673630594 size: 0.0
1289000 : 1.647905771794372 size: 0.0
1290000 : 1.7616523453526198 size: 0.0
1291000 : 1.720465252193391 size: 0.0
1292000 : 1.741808987096069 size: 0.0
1293000 : 1.680253644629856 size: 0.0
1294000 : 1.7237017936999781 size: 0.0
1295000 : 1.716299488424192 size: 0.0
1296000 : 1.7608763596319268 size: 0.0
1297000 : 1.687932841973531 size: 0.0
1298000 : 1.761825015934086 size: 0.0
1299000 : 1.716719470057599 size: 0.0
1300000 : 1.8308201558939732 size: 0.0
1301000 : 1.873306234015169 size: 0.0
1302000 : 1.7558730403530258 size: 0.0
1303000 : 1.881649972321778 size: 0.0
1304000 : 1.8068799989112194 size: 0.0
1305000 : 1.6860257263581135 size: 0.0
1306000 : 1.8044839366193988 size: 0.0
1307000 : 1.728262601618209 size: 0.0
1308000 : 1.5655752690692333 size: 0.0
1309000 : 1.8308394179508698 size: 0.0
1310000 : 1.787853558246267 size: 0.0
1311000 : 1.7816685461732877 size: 0.0
1312000 : 1.6277776102679922 size: 0.0
1313000 : 1.6581117382445236 size: 0.0
1314000 : 1.853773820391378 size: 0.0
1315000 : 1.66591871869779 size: 0.0
1316000 : 1.620254917136602 size: 0.0
1317000 : 1.6430912894661185 size: 0.0
1318000 : 1.821796054220551 size: 0.0
1319000 : 1.6732601421151707 size: 0.0
1320000 : 1.6283367258659471 size: 0.0
1321000 : 1.796941981431112 size: 0.0
1322000 : 1.6959990002816476 size: 0.0
1323000 : 1.7814817730144508 size: 0.0
1324000 : 1.8305006121286702 size: 0.0
1325000 : 1.7794012988869634 size: 0.0
1326000 : 1.8819077743154213 size: 0.0
1327000 : 1.5507722063615188 size: 0.0
1328000 : 1.7881526360761173 size: 0.0
1329000 : 1.8997903583694853 size: 0.0
1330000 : 1.7621703570970184 size: 0.0
1331000 : 1.5190049469553477 size: 0.0
1332000 : 1.7826301011742616 size: 0.0
1333000 : 1.8676382017906834 size: 0.0
1334000 : 1.8326536629348216 size: 0.0
1335000 : 1.578788524152372 size: 0.0
1336000 : 1.6095011859434525 size: 0.0
1337000 : 1.742000747751781 size: 0.0
1338000 : 1.7913726672482218 size: 0.0
1339000 : 1.7235218998471755 size: 0.0
1340000 : 1.7781085053004275 size: 0.0
1341000 : 1.858664147068662 size: 0.0
1342000 : 1.7909034985766679 size: 0.0
1343000 : 1.6431963708657955 size: 0.0
1344000 : 1.8748422110700247 size: 0.0
1345000 : 1.5696651884894017 size: 0.0
1346000 : 1.7155864483537147 size: 0.0
1347000 : 1.7001735351660408 size: 0.0
1348000 : 1.5877859685149107 size: 0.0
1349000 : 1.6806498926574438 size: 0.0
1350000 : 1.9371941771750343 size: 0.0
1351000 : 1.7012841991253127 size: 0.0
1352000 : 1.6519416886621694 size: 0.0
1353000 : 1.7244358156538606 size: 0.0
1354000 : 1.7734866435411405 size: 0.0
1355000 : 1.7692147664763591 size: 0.0
1356000 : 1.7604040952726574 size: 0.0
1357000 : 1.6958430120173151 size: 0.0
1358000 : 1.770692957360525 size: 0.0
1359000 : 1.7641751588581263 size: 0.0
1360000 : 1.7763921184448168 size: 0.0
1361000 : 1.9647599004206269 size: 0.0
1362000 : 1.652022520508075 size: 0.0
1363000 : 1.6687385462413364 size: 0.0
1364000 : 1.6611470600496012 size: 0.0
1365000 : 1.7009436734766044 size: 0.0
1366000 : 1.6770508117228378 size: 0.0
1367000 : 1.738288846198209 size: 0.0
1368000 : 1.7438963405295909 size: 0.0
1369000 : 1.7835257868199552 size: 0.0
1370000 : 1.777017447363354 size: 0.0
1371000 : 1.812270795102514 size: 0.0
1372000 : 1.7474317878833776 size: 0.0
1373000 : 1.6311603370278127 size: 0.0
1374000 : 1.808263255372109 size: 0.0
1375000 : 1.716488841322792 size: 0.0
1376000 : 1.8348567606923742 size: 0.0
1377000 : 1.6902152237331314 size: 0.0
1378000 : 1.6792109138176747 size: 0.0
1379000 : 1.8192515709010355 size: 0.0
1380000 : 1.7523802446966532 size: 0.0
1381000 : 1.5153969229228967 size: 0.0
1382000 : 1.62316469160655 size: 0.0
1383000 : 1.6053025734879387 size: 0.0
1384000 : 1.6510401556063465 size: 0.0
1385000 : 1.5015416566040873 size: 0.0
1386000 : 1.6151996590971407 size: 0.0
1387000 : 1.720773445103737 size: 0.0
1388000 : 1.7380950217506865 size: 0.0
1389000 : 1.6469545357524498 size: 0.0
1390000 : 1.56269232389282 size: 0.0
1391000 : 1.6734059834031023 size: 0.0
1392000 : 1.697858820668078 size: 0.0
1393000 : 1.780086133802699 size: 0.0
1394000 : 1.6813061784531362 size: 0.0
1395000 : 1.7482514571973897 size: 0.0
1396000 : 1.442759534383037 size: 0.0
1397000 : 1.5917690867088934 size: 0.0
1398000 : 1.8467113528336967 size: 0.0
1399000 : 1.6992248788638815 size: 0.0
1400000 : 1.6143622755700897 size: 0.0
1401000 : 1.6278347085080787 size: 0.0
1402000 : 1.8349680334674825 size: 0.0
1403000 : 1.6532458331036621 size: 0.0
1404000 : 1.7145789739849604 size: 0.0
1405000 : 1.769469472782287 size: 0.0
1406000 : 1.8204004150087991 size: 0.0
1407000 : 1.7706214125777662 size: 0.0
1408000 : 1.5578823131134891 size: 0.0
1409000 : 1.7347091993031505 size: 0.0
1410000 : 1.7087520297910777 size: 0.0
1411000 : 1.734462748164464 size: 0.0
1412000 : 1.740856031227638 size: 0.0
1413000 : 1.7212909409001833 size: 0.0
1414000 : 1.694441697378085 size: 0.0
1415000 : 1.7239281228685135 size: 0.0
1416000 : 1.862239322414798 size: 0.0
1417000 : 1.659517524432676 size: 0.0
1418000 : 1.7355140781091885 size: 0.0
1419000 : 1.8079695090044352 size: 0.0
1420000 : 1.6955148691194688 size: 0.0
1421000 : 1.6732028718924332 size: 0.0
1422000 : 1.7491566018888807 size: 0.0
1423000 : 1.7125382278498222 size: 0.0
1424000 : 1.7883225549351698 size: 0.0
1425000 : 1.6018722075338292 size: 0.0
1426000 : 1.8156134499046837 size: 0.0
1427000 : 1.8528239602106626 size: 0.0
1428000 : 1.6961095851261525 size: 0.0
1429000 : 1.7734077035043945 size: 0.0
1430000 : 1.6954704975955464 size: 0.0
1431000 : 1.754600712701943 size: 0.0
1432000 : 1.6484236115561197 size: 0.0
1433000 : 1.7146276450751545 size: 0.0
1434000 : 1.6866094354751417 size: 0.0
1435000 : 1.7119371484850567 size: 0.0
1436000 : 1.897997095268939 size: 0.0
1437000 : 1.8072437422177943 size: 0.0
1438000 : 1.6712347024359593 size: 0.0
1439000 : 1.8833262872197378 size: 0.0
1440000 : 1.653340251578986 size: 0.0
1441000 : 1.8236708370976062 size: 0.0
1442000 : 1.6796580687099179 size: 0.0
1443000 : 1.7415083614223608 size: 0.0
1444000 : 1.717773723707388 size: 0.0
1445000 : 1.6226246660828407 size: 0.0
1446000 : 1.6735244794495467 size: 0.0
1447000 : 1.597935868620881 size: 0.0
1448000 : 1.709367211733214 size: 0.0
1449000 : 1.8900733385957367 size: 0.0
1450000 : 1.8859433472179172 size: 0.0
1451000 : 1.6872672691146922 size: 0.0
1452000 : 1.624351887845456 size: 0.0
1453000 : 1.784749615363495 size: 0.0
1454000 : 1.7431210427395012 size: 0.0
1455000 : 1.8895807802836657 size: 0.0
1456000 : 1.7545183330121796 size: 0.0
1457000 : 1.8220813734383323 size: 0.0
1458000 : 1.6917861132661123 size: 0.0
1459000 : 1.8739852215207753 size: 0.0
1460000 : 1.7982065698629062 size: 0.0
1461000 : 1.8369712873847324 size: 0.0
1462000 : 1.7435673377184902 size: 0.0
1463000 : 1.7322261137899932 size: 0.0
1464000 : 1.8043778233238164 size: 0.0
1465000 : 1.7531730847171307 size: 0.0
1466000 : 1.655333014554533 size: 0.0
1467000 : 1.7013091366096877 size: 0.0
1468000 : 1.8231184288230349 size: 0.0
1469000 : 1.8821972211168234 size: 0.0
1470000 : 1.8575166788221054 size: 0.0
1471000 : 1.8758183845963219 size: 0.0
1472000 : 1.7618157288709393 size: 0.0
1473000 : 1.629747327568324 size: 0.0
1474000 : 1.6623285808610289 size: 0.0
1475000 : 1.7118377425128581 size: 0.0
1476000 : 1.891432001537553 size: 0.0
1477000 : 1.7247090960860816 size: 0.0
1478000 : 1.6983493151883389 size: 0.0
1479000 : 1.6068861897370834 size: 0.0
1480000 : 1.6659930152029627 size: 0.0
1481000 : 1.6554384399195121 size: 0.0
1482000 : 1.622916520641355 size: 0.0
1483000 : 1.8684767891962903 size: 0.0
1484000 : 1.8195276030556704 size: 0.0
1485000 : 1.7504433760826361 size: 0.0
1486000 : 1.6593766706416195 size: 0.0
1487000 : 1.6511684546638903 size: 0.0
1488000 : 1.7740743082591386 size: 0.0
1489000 : 1.9263054396009571 size: 0.0
1490000 : 1.6576159122620862 size: 0.0
1491000 : 1.7747830487633443 size: 0.0
1492000 : 1.7788285966595903 size: 0.0
1493000 : 1.7241214313680833 size: 0.0
1494000 : 1.5618869291388295 size: 0.0
1495000 : 1.7657622147602883 size: 0.0
1496000 : 1.606426480111327 size: 0.0
1497000 : 1.7003620281513863 size: 0.0
1498000 : 1.5745811405816643 size: 0.0
1499000 : 1.7701154396189276 size: 0.0
1500000 : 1.7293270022443987 size: 0.0
1501000 : 1.7045623604334086 size: 0.0
1502000 : 1.8330065713343922 size: 0.0
1503000 : 1.8321083059489356 size: 0.0
1504000 : 1.710938961179449 size: 0.0
1505000 : 1.65531444042824 size: 0.0
1506000 : 1.6473851803102102 size: 0.0
1507000 : 1.7931526876846517 size: 0.0
1508000 : 1.7456414484878957 size: 0.0
1509000 : 1.7154070704488649 size: 0.0
1510000 : 1.5184472072185995 size: 0.0
1511000 : 1.8127392758434644 size: 0.0
1512000 : 1.8529355769510727 size: 0.0
1513000 : 1.7416215260066283 size: 0.0
1514000 : 1.8885395973153423 size: 0.0
1515000 : 1.6629671524436824 size: 0.0
1516000 : 1.8484693594908164 size: 0.0
1517000 : 1.7916447438018868 size: 0.0
1518000 : 1.7444972479117054 size: 0.0
1519000 : 1.760626812805525 size: 0.0
1520000 : 1.6236677408603237 size: 0.0
1521000 : 1.6172103082683777 size: 0.0
1522000 : 1.6897522464370087 size: 0.0
1523000 : 1.8933239826796946 size: 0.0
1524000 : 1.6248840021672255 size: 0.0
1525000 : 1.9480849785409216 size: 0.0
1526000 : 1.608812223444096 size: 0.0
1527000 : 1.606925573764131 size: 0.0
1528000 : 1.6552093590285628 size: 0.0
1529000 : 1.8022713798160488 size: 0.0
1530000 : 1.7062182093959157 size: 0.0
1531000 : 1.6858491001756772 size: 0.0
1532000 : 1.8466277692653774 size: 0.0
1533000 : 1.4246526849522478 size: 0.0
1534000 : 1.7369583884111341 size: 0.0
1535000 : 1.9389521838321537 size: 0.0
1536000 : 1.6500177187469671 size: 0.0
1537000 : 1.9524134378978366 size: 0.0
1538000 : 1.7680387491097593 size: 0.0
1539000 : 1.5422633647100814 size: 0.0
1540000 : 1.6865946449671676 size: 0.0
1541000 : 1.792384097217946 size: 0.0
1542000 : 1.8144532549419632 size: 0.0
1543000 : 1.7696037912326108 size: 0.0
1544000 : 1.6506136386322068 size: 0.0
1545000 : 1.6925817050090037 size: 0.0
1546000 : 1.7485474393395246 size: 0.0
1547000 : 1.582659509657992 size: 0.0
1548000 : 1.7152923580207393 size: 0.0
1549000 : 1.759750561199379 size: 0.0
1550000 : 1.690622994598327 size: 0.0
1551000 : 1.7429115678707503 size: 0.0
1552000 : 1.9654610736881946 size: 0.0
1553000 : 1.856218209808091 size: 0.0
1554000 : 1.7969290827322972 size: 0.0
1555000 : 1.6281850371678863 size: 0.0
1556000 : 1.8628233754971282 size: 0.0
1557000 : 1.8814229552226391 size: 0.0
1558000 : 1.811002423052401 size: 0.0
1559000 : 1.7618042060333317 size: 0.0
1560000 : 1.6830127622976478 size: 0.0
1561000 : 1.8328698451269563 size: 0.0
1562000 : 1.7602988418903294 size: 0.0
1563000 : 1.7141596802821568 size: 0.0
1564000 : 1.7689449256971554 size: 0.0
1565000 : 1.7372928946670623 size: 0.0
1566000 : 1.8513615917303763 size: 0.0
1567000 : 1.8351245376797676 size: 0.0
1568000 : 1.7551078895393373 size: 0.0
1569000 : 1.908455704233208 size: 0.0
1570000 : 1.8101306429951773 size: 0.0
1571000 : 1.8036004617419166 size: 0.0
1572000 : 1.70928672385261 size: 0.0
1573000 : 1.7089510137181259 size: 0.0
1574000 : 1.6922815952832482 size: 0.0
1575000 : 1.7044123915618563 size: 0.0
1576000 : 1.7641610562807555 size: 0.0
1577000 : 1.624828279788346 size: 0.0
1578000 : 1.8133652926926052 size: 0.0
1579000 : 1.6500639820800493 size: 0.0
1580000 : 1.7634712338681449 size: 0.0
1581000 : 1.6958951227605266 size: 0.0
1582000 : 1.6362482717709381 size: 0.0
1583000 : 1.7847286334800896 size: 0.0
1584000 : 1.8235157087465281 size: 0.0
1585000 : 1.6618375703928154 size: 0.0
1586000 : 1.7243269506358643 size: 0.0
1587000 : 1.7076429136756632 size: 0.0
1588000 : 1.6912046399235452 size: 0.0
1589000 : 1.6987883868959917 size: 0.0
1590000 : 1.6768621467548412 size: 0.0
1591000 : 1.8491412957077373 size: 0.0
1592000 : 1.7143385422390542 size: 0.0
1593000 : 1.737340877826653 size: 0.0
1594000 : 1.5838389666776094 size: 0.0
1595000 : 1.564952519890459 size: 0.0
1596000 : 1.6623650411830118 size: 0.0
1597000 : 1.7444836612822874 size: 0.0
1598000 : 1.688139737102519 size: 0.0
1599000 : 1.855917584134383 size: 0.0
1600000 : 1.60305441627586 size: 0.0
1601000 : 1.718211075588532 size: 0.0
1602000 : 1.6493734717368351 size: 0.0
1603000 : 1.7307054431910642 size: 0.0
1604000 : 1.6846154686210384 size: 0.0
1605000 : 1.8103437294995963 size: 0.0
1606000 : 1.7412656939019933 size: 0.0
1607000 : 1.704083044785454 size: 0.0
1608000 : 1.6781036895114199 size: 0.0
1609000 : 1.8132082725323673 size: 0.0
1610000 : 1.6735547483960986 size: 0.0
1611000 : 1.7456024084261499 size: 0.0
1612000 : 1.648159962152347 size: 0.0
1613000 : 1.766101020582488 size: 0.0
1614000 : 1.8890780749951936 size: 0.0
1615000 : 1.713362196730106 size: 0.0
1616000 : 1.6562785751689768 size: 0.0
1617000 : 1.7296474059229563 size: 0.0
1618000 : 1.7547260880544218 size: 0.0
1619000 : 1.7067461961340646 size: 0.0
1620000 : 1.662107755137321 size: 0.0
1621000 : 1.6563016208441925 size: 0.0
1622000 : 1.669149068828946 size: 0.0
1623000 : 1.8180807130139616 size: 0.0
1624000 : 1.642728406072798 size: 0.0
1625000 : 1.737847366733444 size: 0.0
1626000 : 1.5919421012556614 size: 0.0
1627000 : 1.8188732090691373 size: 0.0
1628000 : 1.8096563148440978 size: 0.0
1629000 : 1.692661676941655 size: 0.0
1630000 : 1.8356499446781536 size: 0.0
1631000 : 1.8176784455935935 size: 0.0
1632000 : 1.6776567066018275 size: 0.0
1633000 : 1.805664425534921 size: 0.0
1634000 : 1.509838443647011 size: 0.0
1635000 : 1.8435878039287263 size: 0.0
1636000 : 1.7244605811555849 size: 0.0
1637000 : 1.5855452065568192 size: 0.0
1638000 : 1.5331981591831028 size: 0.0
1639000 : 1.7565169433978562 size: 0.0
1640000 : 1.7919470893021034 size: 0.0
1641000 : 1.7734173345328428 size: 0.0
1642000 : 1.7380270886035958 size: 0.0
1643000 : 1.6765623809943875 size: 0.0
1644000 : 1.6459334747542773 size: 0.0
1645000 : 1.8467515967739987 size: 0.0
1646000 : 1.7179721916864836 size: 0.0
1647000 : 1.8401643172806514 size: 0.0
1648000 : 1.8035683009862051 size: 0.0
1649000 : 1.7490774898694839 size: 0.0
1650000 : 1.7459788784488885 size: 0.0
1651000 : 1.7652581336106095 size: 0.0
1652000 : 1.719365595123774 size: 0.0
1653000 : 1.7412951029352908 size: 0.0
1654000 : 1.7177281483049092 size: 0.0
1655000 : 1.6207044797859576 size: 0.0
1656000 : 1.6559765736340617 size: 0.0
1657000 : 1.705190097109058 size: 0.0
1658000 : 1.771159202327014 size: 0.0
1659000 : 1.6461912767479205 size: 0.0
1660000 : 1.6622260792011145 size: 0.0
1661000 : 1.663273453544869 size: 0.0
1662000 : 1.5895739001532805 size: 0.0
1663000 : 1.717531572134973 size: 0.0
1664000 : 1.7340381229994837 size: 0.0
1665000 : 1.7684286337792652 size: 0.0
1666000 : 1.6848670792392506 size: 0.0
1667000 : 1.7155094001261282 size: 0.0
1668000 : 1.7433974188594377 size: 0.0
1669000 : 1.84825283333338 size: 0.0
1670000 : 1.6518861382659407 size: 0.0
1671000 : 1.5894476648875473 size: 0.0
1672000 : 1.8029532910267199 size: 0.0
1673000 : 1.701840563000854 size: 0.0
1674000 : 1.825898872339534 size: 0.0
1675000 : 1.7586796252324561 size: 0.0
1676000 : 1.8146539586955202 size: 0.0
1677000 : 1.7493320241927608 size: 0.0
1678000 : 1.7285917764119603 size: 0.0
1679000 : 1.729724110185241 size: 0.0
1680000 : 1.7376045272304257 size: 0.0
1681000 : 1.6519062602360917 size: 0.0
1682000 : 1.7303048955972047 size: 0.0
1683000 : 1.791950184989819 size: 0.0
1684000 : 1.770091190065156 size: 0.0
1685000 : 1.8120931370241729 size: 0.0
1686000 : 1.6789966234346996 size: 0.0
1687000 : 1.826154610541367 size: 0.0
1688000 : 1.8308824136135855 size: 0.0
1689000 : 1.7015117321724043 size: 0.0
1690000 : 1.913006193192387 size: 0.0
1691000 : 1.748595938447068 size: 0.0
1692000 : 1.6103884444392536 size: 0.0
1693000 : 1.5950119915735625 size: 0.0
1694000 : 1.7020708477703592 size: 0.0
1695000 : 1.6784610694599127 size: 0.0
1696000 : 1.7615231863818217 size: 0.0
1697000 : 1.6496286939907154 size: 0.0
1698000 : 1.6369850454472343 size: 0.0
1699000 : 1.7754333151662567 size: 0.0
1700000 : 1.6810741738571222 size: 0.0
1701000 : 1.7292785031368556 size: 0.0
1702000 : 1.7928658206230126 size: 0.0
1703000 : 1.8079296090294352 size: 0.0
1704000 : 1.6123445751101673 size: 0.0
1705000 : 1.6965648232029864 size: 0.0
1706000 : 1.6356526958510003 size: 0.0
1707000 : 1.8804397304076566 size: 0.0
1708000 : 1.8963543169878974 size: 0.0
1709000 : 1.7591904137055185 size: 0.0
1710000 : 1.8467254554110675 size: 0.0
1711000 : 1.6307544579717765 size: 0.0
1712000 : 1.8695387820653682 size: 0.0
1713000 : 1.7038690983677807 size: 0.0
1714000 : 1.6331097603753428 size: 0.0
1715000 : 1.7010767880483721 size: 0.0
1716000 : 1.5601992633859127 size: 0.0
1717000 : 1.710758551378694 size: 0.0
1718000 : 1.7893492913608207 size: 0.0
1719000 : 1.739103528015346 size: 0.0
1720000 : 1.632387433241719 size: 0.0
1721000 : 1.7150078987162123 size: 0.0
1722000 : 1.827567448018205 size: 0.0
1723000 : 1.705980873337725 size: 0.0
1724000 : 1.6755303131065598 size: 0.0
1725000 : 1.719103837529161 size: 0.0
1726000 : 1.7313115100527048 size: 0.0
1727000 : 1.7794350074865324 size: 0.0
1728000 : 1.8033837636018293 size: 0.0
1729000 : 1.6300417618666012 size: 0.0
1730000 : 1.8159882001009138 size: 0.0
1731000 : 1.6801301610865365 size: 0.0
1732000 : 1.799288684702135 size: 0.0
1733000 : 1.7530337787699317 size: 0.0
1734000 : 1.4778780477239208 size: 0.0
1735000 : 1.698397986278533 size: 0.0
1736000 : 1.5221640962690466 size: 0.0
1737000 : 1.803390298942562 size: 0.0
1738000 : 1.6448534237068588 size: 0.0
1739000 : 1.781304458901411 size: 0.0
1740000 : 1.5761047348856578 size: 0.0
1741000 : 1.847997267114198 size: 0.0
1742000 : 1.7753168829116224 size: 0.0
1743000 : 1.717949317993919 size: 0.0
1744000 : 1.637885546607152 size: 0.0
1745000 : 1.8458196227889732 size: 0.0
1746000 : 1.7382374233856008 size: 0.0
1747000 : 1.8029326531086163 size: 0.0
1748000 : 1.8113871482423811 size: 0.0
1749000 : 1.6643292550385158 size: 0.0
1750000 : 1.9654352762905651 size: 0.0
1751000 : 1.8009694711490172 size: 0.0
1752000 : 1.851200272003867 size: 0.0
1753000 : 1.6938401020653668 size: 0.0
1754000 : 1.7449065666207588 size: 0.0
1755000 : 1.7664694074206362 size: 0.0
1756000 : 1.7114807065296669 size: 0.0
1757000 : 1.8103994518784758 size: 0.0
1758000 : 1.654202572590412 size: 0.0
1759000 : 1.8678308223596496 size: 0.0
1760000 : 1.7517857006726203 size: 0.0
1761000 : 1.6977859000241122 size: 0.0
1762000 : 1.7302852895750063 size: 0.0
1763000 : 1.6346319788181294 size: 0.0
1764000 : 1.7586098002762058 size: 0.0
1765000 : 1.662499875581288 size: 0.0
1766000 : 1.653480245456788 size: 0.0
1767000 : 1.8058696008374004 size: 0.0
1768000 : 1.5866214739859186 size: 0.0
1769000 : 1.495690290873782 size: 0.0
1770000 : 1.7772253743882471 size: 0.0
1771000 : 1.5798486252122903 size: 0.0
1772000 : 1.7491782717028894 size: 0.0
1773000 : 1.7653673425939072 size: 0.0
1774000 : 1.6551006659932175 size: 0.0
1775000 : 1.7430990289601909 size: 0.0
1776000 : 1.6879165036216992 size: 0.0
1777000 : 1.7521730056023634 size: 0.0
1778000 : 1.7836635449232963 size: 0.0
1779000 : 1.627747685286742 size: 0.0
1780000 : 1.8593964491960357 size: 0.0
1781000 : 1.6455814262679611 size: 0.0
1782000 : 1.7199566994947895 size: 0.0
1783000 : 1.8005931731089295 size: 0.0
1784000 : 1.6392739625475676 size: 0.0
1785000 : 1.7727139254908137 size: 0.0
1786000 : 1.8171564782482248 size: 0.0
1787000 : 1.7292922617489246 size: 0.0
1788000 : 1.814649315163947 size: 0.0
1789000 : 1.7874089830937865 size: 0.0
1790000 : 1.7870933949294532 size: 0.0
1791000 : 1.587341737327732 size: 0.0
1792000 : 1.6086999187730826 size: 0.0
1793000 : 1.879023797243103 size: 0.0
1794000 : 1.7059588595584148 size: 0.0
1795000 : 1.7510936424855486 size: 0.0
1796000 : 1.6877921601651253 size: 0.0
1797000 : 1.7659899197900306 size: 0.0
1798000 : 1.68472742932675 size: 0.0
1799000 : 1.7249775610040783 size: 0.0
1800000 : 1.631487104064452 size: 0.0
1801000 : 1.7399661929920738 size: 0.0
1802000 : 1.8111219509947507 size: 0.0
1803000 : 1.7398277469581294 size: 0.0
1804000 : 1.7725016988996491 size: 0.0
1805000 : 1.736514673171908 size: 0.0
1806000 : 1.880911822784275 size: 0.0
1807000 : 1.8512620137755267 size: 0.0
1808000 : 1.6985367762777792 size: 0.0
1809000 : 1.6417362381599703 size: 0.0
1810000 : 1.6004299610236936 size: 0.0
1811000 : 1.772021867303742 size: 0.0
1812000 : 1.8808020978530244 size: 0.0
1813000 : 1.643342556119029 size: 0.0
1814000 : 1.6467866806852076 size: 0.0
1815000 : 1.891725231957274 size: 0.0
1816000 : 1.6088978708042256 size: 0.0
1817000 : 1.6041157212143344 size: 0.0
1818000 : 1.7923290627696697 size: 0.0
1819000 : 1.7620370705425998 size: 0.0
1820000 : 1.8904983077260187 size: 0.0
1821000 : 1.9411501221101806 size: 0.0
1822000 : 1.5924485901624523 size: 0.0
1823000 : 1.7111603028511095 size: 0.0
1824000 : 1.5639292231178255 size: 0.0
1825000 : 1.8340369193957111 size: 0.0
1826000 : 1.706451245887835 size: 0.0
1827000 : 1.8597326752784726 size: 0.0
1828000 : 1.7424344879972569 size: 0.0
1829000 : 1.6603724501901151 size: 0.0
1830000 : 1.584899927650782 size: 0.0
1831000 : 1.7450635867809967 size: 0.0
1832000 : 1.6908758090950955 size: 0.0
1833000 : 1.6729405983498675 size: 0.0
1834000 : 1.6899734161260183 size: 0.0
1835000 : 1.6935100673583612 size: 0.0
1836000 : 1.6840824943860147 size: 0.0
1837000 : 1.762697655904564 size: 0.0
1838000 : 1.8539929262885773 size: 0.0
1839000 : 1.586646067504992 size: 0.0
1840000 : 1.7605870848131755 size: 0.0
1841000 : 1.6668589478500568 size: 0.0
1842000 : 1.7190015078518974 size: 0.0
1843000 : 1.8636531917875412 size: 0.0
1844000 : 1.6352476767082182 size: 0.0
1845000 : 1.7539884544648712 size: 0.0
1846000 : 2.023859158649868 size: 0.0
1847000 : 1.8491653732788582 size: 0.0
1848000 : 1.9202776196708666 size: 0.0
1849000 : 1.5492948753906073 size: 0.0
1850000 : 1.598387323079396 size: 0.0
1851000 : 1.5361445659576842 size: 0.0
1852000 : 1.6989999255565529 size: 0.0
1853000 : 1.6918315166859401 size: 0.0
1854000 : 1.5776128507510738 size: 0.0
1855000 : 1.7349148905535823 size: 0.0
1856000 : 1.7348569324002416 size: 0.0
1857000 : 1.6594714330822449 size: 0.0
1858000 : 1.8068526536697322 size: 0.0
1859000 : 1.6500146230592516 size: 0.0
1860000 : 1.8549766670515124 size: 0.0
1861000 : 1.7027651417318923 size: 0.0
1862000 : 1.79163545673874 size: 0.0
1863000 : 1.7702425347979154 size: 0.0
1864000 : 1.754071522085238 size: 0.0
1865000 : 1.7619144469125347 size: 0.0
1866000 : 1.6949103501016862 size: 0.0
1867000 : 1.6456476395885433 size: 0.0
1868000 : 1.847468248480144 size: 0.0
1869000 : 1.7182251781659028 size: 0.0
1870000 : 1.611919777962536 size: 0.0
1871000 : 1.7235905209248699 size: 0.0
1872000 : 1.7717451472185037 size: 0.0
1873000 : 1.8050317013623969 size: 0.0
1874000 : 1.6790827867427818 size: 0.0
1875000 : 1.601830931697622 size: 0.0
1876000 : 1.7278212941360949 size: 0.0
1877000 : 1.77778208222909 size: 0.0
1878000 : 1.624276731427029 size: 0.0
1879000 : 1.4909423658314123 size: 0.0
1880000 : 1.6898177718269876 size: 0.0
1881000 : 1.7790662766830825 size: 0.0
1882000 : 1.8125898229198647 size: 0.0
1883000 : 1.688622664386142 size: 0.0
1884000 : 1.7739965721009487 size: 0.0
1885000 : 1.6782096308243513 size: 0.0
1886000 : 1.706701996592793 size: 0.0
1887000 : 1.5316783484974281 size: 0.0
1888000 : 1.7304992359926796 size: 0.0
1889000 : 1.7137943891317242 size: 0.0
1890000 : 1.6485343683832754 size: 0.0
1891000 : 1.7295626184760808 size: 0.0
1892000 : 1.5677640922667644 size: 0.0
1893000 : 1.8111186833243842 size: 0.0
1894000 : 1.7368656897623191 size: 0.0
1895000 : 1.6835398891225424 size: 0.0
1896000 : 1.914999644098538 size: 0.0
1897000 : 1.7723357356415665 size: 0.0
1898000 : 1.796442027865054 size: 0.0
1899000 : 1.7532386101071094 size: 0.0
1900000 : 1.969875524370541 size: 0.0
1901000 : 1.5335140913127376 size: 0.0
1902000 : 1.7164262396378778 size: 0.0
1903000 : 1.6889655977919622 size: 0.0
1904000 : 1.7533889229439634 size: 0.0
1905000 : 1.7452319577961914 size: 0.0
1906000 : 1.850758964521753 size: 0.0
1907000 : 1.7370837637636132 size: 0.0
1908000 : 1.7445400715917703 size: 0.0
1909000 : 1.5313613844718879 size: 0.0
1910000 : 1.821553902648136 size: 0.0
1911000 : 1.7846668917084298 size: 0.0
1912000 : 1.8644403563805403 size: 0.0
1913000 : 1.7178750214887462 size: 0.0
1914000 : 1.6431609424397178 size: 0.0
1915000 : 1.5850906564105889 size: 0.0
1916000 : 1.6383744932835551 size: 0.0
1917000 : 1.5983739084326287 size: 0.0
1918000 : 1.7652682805870104 size: 0.0
1919000 : 1.5248812501700282 size: 0.0
1920000 : 1.814413526949614 size: 0.0
1921000 : 1.6273712152640034 size: 0.0
1922000 : 1.6980639959705575 size: 0.0
1923000 : 1.6805425754833054 size: 0.0
1924000 : 1.7218856569068668 size: 0.0
1925000 : 1.69872028176625 size: 0.0
1926000 : 1.8638449524432532 size: 0.0
1927000 : 1.5906140512256988 size: 0.0
1928000 : 1.7781253596002122 size: 0.0
1929000 : 1.7606725601906543 size: 0.0
1930000 : 1.6721613449588082 size: 0.0
1931000 : 1.5424241684886382 size: 0.0
1932000 : 1.854569756099571 size: 0.0
1933000 : 1.671255168371412 size: 0.0
1934000 : 1.6331601512920455 size: 0.0
1935000 : 1.7686528991559904 size: 0.0
1936000 : 1.8426575497702096 size: 0.0
1937000 : 1.841108674016539 size: 0.0
1938000 : 1.614216434282158 size: 0.0
1939000 : 1.8013387179004197 size: 0.0
1940000 : 1.6610971850808511 size: 0.0
1941000 : 1.7166965963650342 size: 0.0
1942000 : 1.6476092737042844 size: 0.0
1943000 : 1.591148917269882 size: 0.0
1944000 : 1.6549417540238203 size: 0.0
1945000 : 1.5395047629902419 size: 0.0
1946000 : 1.8960870559484566 size: 0.0
1947000 : 1.6872333885324722 size: 0.0
1948000 : 1.809279844821359 size: 0.0
1949000 : 1.8752092220469658 size: 0.0
1950000 : 1.7262959800055926 size: 0.0
1951000 : 1.7125683248137233 size: 0.0
1952000 : 1.6250872856605454 size: 0.0
1953000 : 1.5963448571177492 size: 0.0
waiting for write process!
write end!
end join!
last series
Last encode part don't need inference.
209.24006175994873
29115.325542211533 
@@@@@@@@@@@@@
end
main
