start!
start to right
387007
0 : 7.748294469347117 size: 0.0
1000 : 5.317502344976534 size: 0.0
2000 : 4.950721480822154 size: 0.0
3000 : 4.36658343906253 size: 0.0
4000 : 3.925513980937357 size: 0.0
5000 : 3.703056141872823 size: 0.0
6000 : 3.414919160339687 size: 0.0
7000 : 3.2825451458664885 size: 0.0
8000 : 3.1388715272663017 size: 0.0
9000 : 3.338046355057029 size: 0.0
10000 : 3.287068977514784 size: 0.0
11000 : 3.270616429202644 size: 0.0
12000 : 2.940926719394545 size: 0.0
13000 : 2.9053177115334003 size: 0.0
14000 : 3.0789624027341476 size: 0.0
15000 : 3.0224265459160162 size: 0.0
16000 : 2.9190185374317354 size: 0.0
17000 : 3.1120669992334276 size: 0.0
18000 : 3.145071501829906 size: 0.0
19000 : 2.903237753353866 size: 0.0
20000 : 2.7663555576536 size: 0.0
21000 : 2.496448909094573 size: 0.0
22000 : 2.8592454511764136 size: 0.0
23000 : 2.719464315913205 size: 0.0
24000 : 2.8394302980746042 size: 0.0
25000 : 2.7990229742543873 size: 0.0
26000 : 2.9170716938239685 size: 0.0
27000 : 2.618019145423221 size: 0.0
28000 : 2.4845989604848238 size: 0.0
29000 : 2.5394325330247147 size: 0.0
30000 : 2.3931898375859393 size: 0.0
31000 : 2.893718857593911 size: 0.0
32000 : 2.6145770846488525 size: 0.0
33000 : 2.7410027351766595 size: 0.0
34000 : 2.821845244006533 size: 0.0
35000 : 2.6358057631581033 size: 0.0
36000 : 2.6858860791934482 size: 0.0
37000 : 2.653120976446971 size: 0.0
38000 : 2.5040175215937435 size: 0.0
39000 : 2.629804256573595 size: 0.0
40000 : 2.6811620597395485 size: 0.0
41000 : 2.691831003485823 size: 0.0
42000 : 2.7651819480441127 size: 0.0
43000 : 2.8312915630878237 size: 0.0
44000 : 2.489263473941525 size: 0.0
45000 : 2.3493624667706645 size: 0.0
46000 : 2.5040053108255322 size: 0.0
47000 : 2.5354354842360123 size: 0.0
48000 : 2.628526425477684 size: 0.0
49000 : 2.6625449377836494 size: 0.0
50000 : 2.8771565843505207 size: 0.0
51000 : 2.6549307498820003 size: 0.0
52000 : 2.6590879145186563 size: 0.0
53000 : 2.431630367810889 size: 0.0
54000 : 2.2230463691914575 size: 0.0
55000 : 2.3637863077332266 size: 0.0
56000 : 2.4942447794411153 size: 0.0
57000 : 2.6560348785005394 size: 0.0
58000 : 2.7647442521976666 size: 0.0
59000 : 2.718504824704041 size: 0.0
60000 : 2.47051358137916 size: 0.0
61000 : 2.47040196463875 size: 0.0
62000 : 2.2856356713546577 size: 0.0
63000 : 2.4328132644835234 size: 0.0
64000 : 2.3692443491410087 size: 0.0
65000 : 2.5538508705424494 size: 0.0
66000 : 2.6274606489902874 size: 0.0
67000 : 2.646819360136707 size: 0.0
68000 : 2.627903848281561 size: 0.0
69000 : 2.4260562381137745 size: 0.0
70000 : 2.081980179561002 size: 0.0
71000 : 2.2889000740506846 size: 0.0
72000 : 2.4452274881707536 size: 0.0
73000 : 2.4958136051822857 size: 0.0
74000 : 2.453589628621005 size: 0.0
75000 : 2.5840656425592816 size: 0.0
76000 : 2.436435563075996 size: 0.0
77000 : 2.2782259708248844 size: 0.0
78000 : 2.2717814369317533 size: 0.0
79000 : 2.3175401729162175 size: 0.0
80000 : 2.4329978018678995 size: 0.0
81000 : 2.468906575489498 size: 0.0
82000 : 2.4790480484455757 size: 0.0
83000 : 2.567083043717183 size: 0.0
84000 : 2.495789871576467 size: 0.0
85000 : 2.449660856944695 size: 0.0
86000 : 2.3681379847480084 size: 0.0
87000 : 2.134866564527824 size: 0.0
88000 : 2.3770652601889948 size: 0.0
89000 : 2.541220120697783 size: 0.0
90000 : 2.5537430374203582 size: 0.0
91000 : 2.5421684330346404 size: 0.0
92000 : 2.4680067622601833 size: 0.0
93000 : 2.39394346556202 size: 0.0
94000 : 2.1960640110975915 size: 0.0
95000 : 2.097309853145658 size: 0.0
96000 : 2.338718976456718 size: 0.0
97000 : 2.4943840853883144 size: 0.0
98000 : 2.4782699989330723 size: 0.0
99000 : 2.517893425830657 size: 0.0
100000 : 2.4236658512494325 size: 0.0
101000 : 2.1898808908337717 size: 0.0
102000 : 2.2297920447062496 size: 0.0
103000 : 2.0772805816435245 size: 0.0
104000 : 2.158736380606375 size: 0.0
105000 : 2.3842135470894568 size: 0.0
106000 : 2.28546867620067 size: 0.0
107000 : 2.5310103706293123 size: 0.0
108000 : 2.371647290738864 size: 0.0
109000 : 2.4206645820092256 size: 0.0
110000 : 2.3229091273108526 size: 0.0
111000 : 2.069831669069355 size: 0.0
112000 : 2.294235319845751 size: 0.0
113000 : 2.289169054916634 size: 0.0
114000 : 2.4018985230776795 size: 0.0
115000 : 2.4509842634430843 size: 0.0
116000 : 2.3396172418421743 size: 0.0
117000 : 2.4074841756124017 size: 0.0
118000 : 2.281828491412508 size: 0.0
119000 : 2.1891742141213766 size: 0.0
120000 : 2.2499575264678664 size: 0.0
121000 : 2.258493025430188 size: 0.0
122000 : 2.586281639015649 size: 0.0
123000 : 2.4558799215825453 size: 0.0
124000 : 2.5677591075177246 size: 0.0
125000 : 2.408600686981803 size: 0.0
126000 : 2.4004433778687293 size: 0.0
127000 : 2.3149554456564 size: 0.0
128000 : 2.1844084028833173 size: 0.0
129000 : 2.223504530973356 size: 0.0
130000 : 2.3657187047983212 size: 0.0
131000 : 2.4985830418091295 size: 0.0
132000 : 2.466992236602744 size: 0.0
133000 : 2.2352748516157557 size: 0.0
134000 : 2.2925146334238686 size: 0.0
135000 : 2.0767175104446 size: 0.0
136000 : 2.227092605018307 size: 0.0
137000 : 2.0861024317195325 size: 0.0
138000 : 2.5182057463246235 size: 0.0
139000 : 2.433486404579001 size: 0.0
140000 : 2.5194565761443486 size: 0.0
141000 : 2.3674252886428326 size: 0.0
142000 : 2.312865856448417 size: 0.0
143000 : 2.1100644304989458 size: 0.0
144000 : 2.117953446676674 size: 0.0
145000 : 2.0377627520935704 size: 0.0
146000 : 2.1854384069793347 size: 0.0
147000 : 2.3701106257534046 size: 0.0
148000 : 2.463099753265766 size: 0.0
149000 : 2.550190907749438 size: 0.0
150000 : 2.235622256570499 size: 0.0
151000 : 2.282203069626087 size: 0.0
152000 : 2.015193296838193 size: 0.0
153000 : 2.073678748986505 size: 0.0
154000 : 2.3540808107970856 size: 0.0
155000 : 2.3785764717421265 size: 0.0
156000 : 2.5391496215640457 size: 0.0
157000 : 2.3209490410389693 size: 0.0
158000 : 2.306720916333089 size: 0.0
159000 : 2.2642587438003634 size: 0.0
160000 : 2.097777989921307 size: 0.0
161000 : 2.019955496440584 size: 0.0
162000 : 2.3088553930129474 size: 0.0
163000 : 2.3777769243982654 size: 0.0
164000 : 2.4196581395363763 size: 0.0
165000 : 2.2863819040767517 size: 0.0
166000 : 2.153585156247732 size: 0.0
167000 : 2.3442955139109447 size: 0.0
168000 : 2.276164414788992 size: 0.0
169000 : 2.0415183372404613 size: 0.0
170000 : 2.137007920513717 size: 0.0
171000 : 2.290231047785712 size: 0.0
172000 : 2.4066794687890147 size: 0.0
173000 : 2.4687870475471483 size: 0.0
174000 : 2.167294409295959 size: 0.0
175000 : 2.020647726610307 size: 0.0
176000 : 2.1487668903011596 size: 0.0
177000 : 2.0211435525927444 size: 0.0
178000 : 2.2822610277794277 size: 0.0
179000 : 2.239332782262864 size: 0.0
180000 : 2.2565699154282397 size: 0.0
181000 : 2.5651616535417436 size: 0.0
182000 : 2.2328139518645598 size: 0.0
183000 : 2.133180274636114 size: 0.0
184000 : 2.32149732172992 size: 0.0
185000 : 2.0684289785689174 size: 0.0
186000 : 2.0869511661015405 size: 0.0
187000 : 2.2141925303423893 size: 0.0
188000 : 2.5468040534059964 size: 0.0
189000 : 2.313615528823528 size: 0.0
190000 : 2.407006235825654 size: 0.0
191000 : 2.1123051924570375 size: 0.0
192000 : 2.102009967011088 size: 0.0
193000 : 1.9660057427434772 size: 0.0
194000 : 2.292188726300483 size: 0.0
195000 : 2.2040882056388975 size: 0.0
196000 : 2.3645751921527345 size: 0.0
197000 : 2.356857642677917 size: 0.0
198000 : 2.3671274146915384 size: 0.0
199000 : 2.1345523522246976 size: 0.0
200000 : 2.1967713757405902 size: 0.0
201000 : 2.157400075409171 size: 0.0
202000 : 1.9568103463497952 size: 0.0
203000 : 2.2448510175984477 size: 0.0
204000 : 2.2313168428887993 size: 0.0
205000 : 2.339592820305752 size: 0.0
206000 : 2.4232207601489995 size: 0.0
207000 : 2.1707240873194653 size: 0.0
208000 : 2.042002296419989 size: 0.0
209000 : 2.091098355744446 size: 0.0
210000 : 2.078846827644932 size: 0.0
211000 : 2.171824948267638 size: 0.0
212000 : 2.3328440491032443 size: 0.0
213000 : 2.32909379541853 size: 0.0
214000 : 2.477074547526925 size: 0.0
215000 : 2.2594676511126273 size: 0.0
216000 : 2.2120086946417334 size: 0.0
217000 : 2.1767474357006336 size: 0.0
218000 : 1.9884424273923882 size: 0.0
219000 : 2.3502297752789656 size: 0.0
220000 : 2.1546062172459046 size: 0.0
221000 : 2.315623942220304 size: 0.0
222000 : 2.33446171791726 size: 0.0
223000 : 2.2569610039763015 size: 0.0
224000 : 2.137521976657146 size: 0.0
225000 : 2.140278514585175 size: 0.0
226000 : 2.0613185278516455 size: 0.0
227000 : 2.0503534299805857 size: 0.0
228000 : 2.1972599784516915 size: 0.0
229000 : 2.380809838446231 size: 0.0
230000 : 2.431099457367676 size: 0.0
231000 : 2.2881221965208325 size: 0.0
232000 : 2.1151083376834503 size: 0.0
233000 : 2.0761785168167957 size: 0.0
234000 : 1.9114877583679193 size: 0.0
235000 : 2.0362276349519686 size: 0.0
236000 : 2.11255886686706 size: 0.0
237000 : 2.229875284309267 size: 0.0
238000 : 2.233218971007342 size: 0.0
239000 : 2.214330976376334 size: 0.0
240000 : 2.1220607363445794 size: 0.0
241000 : 2.066574661627315 size: 0.0
242000 : 2.07780994424288 size: 0.0
243000 : 2.022868710563549 size: 0.0
244000 : 2.2091114749052987 size: 0.0
245000 : 2.1893926320879724 size: 0.0
246000 : 2.232688748494732 size: 0.0
247000 : 2.44755888498585 size: 0.0
248000 : 2.1048125962895483 size: 0.0
249000 : 2.0357679253262124 size: 0.0
250000 : 2.0502547119389902 size: 0.0
251000 : 2.0011760228622704 size: 0.0
252000 : 2.3414172122661046 size: 0.0
253000 : 2.2015874059127016 size: 0.0
254000 : 2.295832522724314 size: 0.0
255000 : 2.338529795540769 size: 0.0
256000 : 2.3419003115323784 size: 0.0
257000 : 2.2233898185452308 size: 0.0
258000 : 2.0062168343590594 size: 0.0
259000 : 2.10323224771077 size: 0.0
260000 : 2.175921918976492 size: 0.0
261000 : 2.297415623025506 size: 0.0
262000 : 2.352853370617878 size: 0.0
263000 : 2.4216949300705446 size: 0.0
264000 : 2.257544025162727 size: 0.0
265000 : 2.1698414723552375 size: 0.0
266000 : 2.0966036923812155 size: 0.0
267000 : 1.7984255037774546 size: 0.0
268000 : 2.0748226055973933 size: 0.0
269000 : 2.240439490621166 size: 0.0
270000 : 2.2470990028278757 size: 0.0
271000 : 2.3502906571373714 size: 0.0
272000 : 2.2084610365197355 size: 0.0
273000 : 2.218389766936696 size: 0.0
274000 : 2.038373290504133 size: 0.0
275000 : 1.880337400730393 size: 0.0
276000 : 1.844745591134335 size: 0.0
277000 : 2.1097527979355823 size: 0.0
278000 : 2.2316393103591667 size: 0.0
279000 : 2.3867764325526144 size: 0.0
280000 : 2.371388972797268 size: 0.0
281000 : 2.1801982675901956 size: 0.0
282000 : 2.0098023286642475 size: 0.0
283000 : 1.8976173575758337 size: 0.0
284000 : 1.9891981191602794 size: 0.0
285000 : 2.274785457894374 size: 0.0
286000 : 2.218833654158573 size: 0.0
287000 : 2.277428831238135 size: 0.0
288000 : 2.2424018126675107 size: 0.0
289000 : 2.126795074757531 size: 0.0
290000 : 2.1132600401346275 size: 0.0
291000 : 1.863244732991742 size: 0.0
292000 : 1.845219231354811 size: 0.0
293000 : 2.2426326133849686 size: 0.0
294000 : 2.2229617537272333 size: 0.0
295000 : 2.442334739983241 size: 0.0
296000 : 2.3328067288680074 size: 0.0
297000 : 2.2680824340769963 size: 0.0
298000 : 2.0590886008005587 size: 0.0
299000 : 2.024413286750948 size: 0.0
300000 : 1.9087038751984031 size: 0.0
301000 : 2.0765073476452454 size: 0.0
302000 : 2.29138677119951 size: 0.0
303000 : 2.3437850694031837 size: 0.0
304000 : 2.3482559303950135 size: 0.0
305000 : 2.117261216506951 size: 0.0
306000 : 1.9370725854408741 size: 0.0
307000 : 1.9194844356850873 size: 0.0
308000 : 1.9198394078764682 size: 0.0
309000 : 2.0336714568121947 size: 0.0
310000 : 2.233385450213377 size: 0.0
311000 : 2.1876236185411972 size: 0.0
312000 : 2.274612959295559 size: 0.0
313000 : 2.2936930585475803 size: 0.0
314000 : 1.9861920344058484 size: 0.0
315000 : 2.023294023659133 size: 0.0
316000 : 1.9943035961337927 size: 0.0
317000 : 1.945702502878519 size: 0.0
318000 : 2.1450059736920917 size: 0.0
319000 : 2.2560974790863195 size: 0.0
320000 : 2.34185679992171 size: 0.0
321000 : 2.1515136252180898 size: 0.0
322000 : 2.0007775390602216 size: 0.0
323000 : 2.080252097885132 size: 0.0
324000 : 1.808349762645493 size: 0.0
325000 : 1.869375914495001 size: 0.0
326000 : 2.2676105136830285 size: 0.0
327000 : 2.204704419476939 size: 0.0
328000 : 2.2928474198532878 size: 0.0
329000 : 2.315273957525798 size: 0.0
330000 : 2.1720813744000744 size: 0.0
331000 : 2.1660767721278504 size: 0.0
332000 : 2.051810638981346 size: 0.0
333000 : 2.0541881271468734 size: 0.0
334000 : 2.0757999830022467 size: 0.0
335000 : 2.1684399857333565 size: 0.0
336000 : 2.482807245228135 size: 0.0
337000 : 2.245423891808472 size: 0.0
338000 : 2.024775310231014 size: 0.0
339000 : 2.2901689620487504 size: 0.0
340000 : 2.016161043214598 size: 0.0
341000 : 1.8981928115256208 size: 0.0
342000 : 2.0248439313087085 size: 0.0
343000 : 2.2334208786394547 size: 0.0
344000 : 2.2500927048314447 size: 0.0
345000 : 2.360714869571468 size: 0.0
346000 : 2.1012030244132394 size: 0.0
347000 : 2.195962369350932 size: 0.0
348000 : 2.0280455603371705 size: 0.0
349000 : 1.8631866028557504 size: 0.0
350000 : 2.1297237673190734 size: 0.0
351000 : 2.269552541776571 size: 0.0
352000 : 2.2067902250666034 size: 0.0
353000 : 2.170285875525067 size: 0.0
354000 : 2.2151028345134063 size: 0.0
355000 : 1.9188826683897184 size: 0.0
356000 : 2.033003304213593 size: 0.0
357000 : 1.8539260250373917 size: 0.0
358000 : 2.139032500279674 size: 0.0
359000 : 2.017044690074731 size: 0.0
360000 : 2.1611852415720105 size: 0.0
361000 : 2.1971057100138673 size: 0.0
362000 : 2.0313349005175727 size: 0.0
363000 : 1.998831383383058 size: 0.0
364000 : 2.1558524035340567 size: 0.0
365000 : 1.9215459917209798 size: 0.0
366000 : 1.9670835580164343 size: 0.0
367000 : 1.9939443243761403 size: 0.0
368000 : 2.2235141620018046 size: 0.0
369000 : 2.2787825066830765 size: 0.0
370000 : 2.1864589520295543 size: 0.0
371000 : 2.041189850377313 size: 0.0
372000 : 2.0797153400317896 size: 0.0
373000 : 1.7534866090896535 size: 0.0
374000 : 2.035464031982138 size: 0.0
375000 : 2.0245142405670045 size: 0.0
376000 : 2.157586848568008 size: 0.0
377000 : 2.2637677333321498 size: 0.0
378000 : 2.1763284859631318 size: 0.0
379000 : 2.1869903784207207 size: 0.0
380000 : 2.0384527464888316 size: 0.0
381000 : 1.9037524946800628 size: 0.0
382000 : 1.8904862689404582 size: 0.0
383000 : 2.1044703508143314 size: 0.0
384000 : 2.111370122784296 size: 0.0
385000 : 2.227965932919388 size: 0.0
386000 : 2.236229183345394 size: 0.0
387000 : 2.0477821173675355 size: 0.0
waiting for write process!
write end!
end join!
last series
Last encode part don't need inference.
55.064208984375
压缩完成，总共用时：6055.354165554047 秒
@@@@@@@@@@@@@
end！
main执行完毕
