start!
start to right
1722764
0 : 7.425875842052196 size: 0.0
1000 : 2.060115853174162 size: 0.0
2000 : 1.6746048744622668 size: 0.0
3000 : 1.4647901679932611 size: 0.0
4000 : 1.4625512978443291 size: 0.0
5000 : 1.349546399467927 size: 0.0
6000 : 1.3557213505558308 size: 0.0
7000 : 1.3246844154765485 size: 0.0
8000 : 1.3315869391689275 size: 0.0
9000 : 1.2849954631889857 size: 0.0
10000 : 1.2257636063359292 size: 0.0
11000 : 1.256617293900717 size: 0.0
12000 : 1.2585984480473311 size: 0.0
13000 : 1.30655873394549 size: 0.0
14000 : 1.382439027350019 size: 0.0
15000 : 1.2673108311660648 size: 0.0
16000 : 1.2633063011320498 size: 0.0
17000 : 1.3777836289738137 size: 0.0
18000 : 1.3147384867945016 size: 0.0
19000 : 1.2105507089712086 size: 0.0
20000 : 1.242139622368435 size: 0.0
21000 : 1.2312573341437654 size: 0.0
22000 : 1.2733711558171683 size: 0.0
23000 : 1.2854224101197527 size: 0.0
24000 : 1.3068141281820214 size: 0.0
25000 : 1.2855783983840852 size: 0.0
26000 : 1.2702114045641915 size: 0.0
27000 : 1.2300151894479086 size: 0.0
28000 : 1.2041369599725817 size: 0.0
29000 : 1.3199279772929613 size: 0.0
30000 : 1.2003320158048931 size: 0.0
31000 : 1.2234925754312858 size: 0.0
32000 : 1.2639520099947141 size: 0.0
33000 : 1.1724630011545039 size: 0.0
34000 : 1.128326663506954 size: 0.0
35000 : 1.177854055319775 size: 0.0
36000 : 1.1826951089675866 size: 0.0
37000 : 1.1612949637554255 size: 0.0
38000 : 1.241455303400652 size: 0.0
39000 : 1.20250209289348 size: 0.0
40000 : 1.2089253009379042 size: 0.0
41000 : 1.145082847189192 size: 0.0
42000 : 1.1475102103234698 size: 0.0
43000 : 1.107134015363059 size: 0.0
44000 : 1.1983719295330095 size: 0.0
45000 : 1.1329535987544417 size: 0.0
46000 : 1.0729644162983107 size: 0.0
47000 : 1.2234052082446474 size: 0.0
48000 : 1.1439967767489934 size: 0.0
49000 : 1.1101801720751412 size: 0.0
50000 : 1.1691880215254489 size: 0.0
51000 : 1.198652863193194 size: 0.0
52000 : 1.1161203668446171 size: 0.0
53000 : 1.1683932037044864 size: 0.0
54000 : 1.1476376494677591 size: 0.0
55000 : 1.0602800078665753 size: 0.0
56000 : 1.0823969767675323 size: 0.0
57000 : 1.1684239026076653 size: 0.0
58000 : 1.2040902666828726 size: 0.0
59000 : 1.056137719729219 size: 0.0
60000 : 1.0999040367034374 size: 0.0
61000 : 1.0990031055868925 size: 0.0
62000 : 1.1768598236151369 size: 0.0
63000 : 1.1837931322020203 size: 0.0
64000 : 1.133537737828097 size: 0.0
65000 : 1.1485079676724503 size: 0.0
66000 : 1.1196642413482962 size: 0.0
67000 : 1.133602489296147 size: 0.0
68000 : 1.1902994938581366 size: 0.0
69000 : 1.220271856328578 size: 0.0
70000 : 1.0982738131559089 size: 0.0
71000 : 1.2377395322374354 size: 0.0
72000 : 1.182860642269042 size: 0.0
73000 : 1.1854847535559068 size: 0.0
74000 : 1.1044973493426813 size: 0.0
75000 : 1.22861516467856 size: 0.0
76000 : 1.137301836116206 size: 0.0
77000 : 1.0836257928079471 size: 0.0
78000 : 1.1922315469579294 size: 0.0
79000 : 1.17071410957788 size: 0.0
80000 : 1.1172444454506565 size: 0.0
81000 : 1.0791754837428957 size: 0.0
82000 : 1.0890165889992418 size: 0.0
83000 : 1.1323948271217883 size: 0.0
84000 : 1.1788054633443479 size: 0.0
85000 : 1.1406171456768883 size: 0.0
86000 : 1.2192383265882178 size: 0.0
87000 : 1.2141669881709007 size: 0.0
88000 : 1.2326610565401075 size: 0.0
89000 : 1.1748187335146971 size: 0.0
90000 : 1.1395964286440177 size: 0.0
91000 : 1.151416710246493 size: 0.0
92000 : 1.118086730483257 size: 0.0
93000 : 1.2109064550845183 size: 0.0
94000 : 1.1682850266170937 size: 0.0
95000 : 1.1439796644752327 size: 0.0
96000 : 1.1059805277237222 size: 0.0
97000 : 1.1117202767136176 size: 0.0
98000 : 1.1029241380439139 size: 0.0
99000 : 1.0586226110602104 size: 0.0
100000 : 1.111381900848045 size: 0.0
101000 : 1.110964498954401 size: 0.0
102000 : 1.1183669762128379 size: 0.0
103000 : 1.0612051025455662 size: 0.0
104000 : 1.1493906686280038 size: 0.0
105000 : 1.081638447285902 size: 0.0
106000 : 1.0269552735741905 size: 0.0
107000 : 1.13803714793997 size: 0.0
108000 : 1.1037671969984433 size: 0.0
109000 : 1.0968375000472281 size: 0.0
110000 : 1.170949123870284 size: 0.0
111000 : 1.0521140136296327 size: 0.0
112000 : 1.149824494864805 size: 0.0
113000 : 1.1653656211186973 size: 0.0
114000 : 1.1518685946616352 size: 0.0
115000 : 1.1249918339153988 size: 0.0
116000 : 1.1158846646216096 size: 0.0
117000 : 1.0742712264708918 size: 0.0
118000 : 1.117668898632986 size: 0.0
119000 : 1.0502473139371677 size: 0.0
120000 : 1.0650113365831364 size: 0.0
121000 : 1.0893655417978425 size: 0.0
122000 : 1.11392733007214 size: 0.0
123000 : 1.0693103869067542 size: 0.0
124000 : 1.1453823549756696 size: 0.0
125000 : 1.1419096812894478 size: 0.0
126000 : 1.0806014778925246 size: 0.0
127000 : 1.1054920969952717 size: 0.0
128000 : 1.0556745704504455 size: 0.0
129000 : 1.0822040122332643 size: 0.0
130000 : 1.1324546770842887 size: 0.0
131000 : 1.0624673692115738 size: 0.0
132000 : 1.1066287303348241 size: 0.0
133000 : 1.071263593872603 size: 0.0
134000 : 1.0747332578624347 size: 0.0
135000 : 1.0284670010752746 size: 0.0
136000 : 1.05421839334559 size: 0.0
137000 : 1.0017583533702568 size: 0.0
138000 : 1.1667079457086817 size: 0.0
139000 : 1.0629658609250996 size: 0.0
140000 : 1.0391286355588873 size: 0.0
141000 : 1.1219843732997608 size: 0.0
142000 : 1.044280031900181 size: 0.0
143000 : 1.0525395846991927 size: 0.0
144000 : 1.0136836303810839 size: 0.0
145000 : 1.0495465706262272 size: 0.0
146000 : 1.0760979401970312 size: 0.0
147000 : 1.0881239130499385 size: 0.0
148000 : 1.0821609305792232 size: 0.0
149000 : 1.0274358790920266 size: 0.0
150000 : 1.0261369801213853 size: 0.0
151000 : 1.03871656512742 size: 0.0
152000 : 1.130167651793115 size: 0.0
153000 : 1.0642233120768831 size: 0.0
154000 : 1.1529117554304433 size: 0.0
155000 : 1.087406057465237 size: 0.0
156000 : 1.1215085832961489 size: 0.0
157000 : 1.162863789496596 size: 0.0
158000 : 1.1603910229424907 size: 0.0
159000 : 1.094108651325988 size: 0.0
160000 : 1.129851547680829 size: 0.0
161000 : 1.1101580723045053 size: 0.0
162000 : 1.0936438682120313 size: 0.0
163000 : 1.0971915263340293 size: 0.0
164000 : 1.157097211213166 size: 0.0
165000 : 1.1289599896187563 size: 0.0
166000 : 1.1691152728641339 size: 0.0
167000 : 1.065064651204904 size: 0.0
168000 : 1.0155461164986026 size: 0.0
169000 : 1.169937349935258 size: 0.0
170000 : 1.2092622149509444 size: 0.0
171000 : 1.171503079988713 size: 0.0
172000 : 1.1896897293695026 size: 0.0
173000 : 1.0502934912789246 size: 0.0
174000 : 1.1507570707891088 size: 0.0
175000 : 1.1010736907119554 size: 0.0
176000 : 1.139863001752855 size: 0.0
177000 : 1.0265753638984345 size: 0.0
178000 : 1.1188804304169888 size: 0.0
179000 : 1.1286002879044768 size: 0.0
180000 : 1.1896435520277457 size: 0.0
181000 : 1.0913361190114286 size: 0.0
182000 : 1.172338055758652 size: 0.0
183000 : 1.1433293120809949 size: 0.0
184000 : 1.1277923994020487 size: 0.0
185000 : 1.0565893461703848 size: 0.0
186000 : 1.0294378431393951 size: 0.0
187000 : 1.094630102723404 size: 0.0
188000 : 1.1042697303042643 size: 0.0
189000 : 1.0988644015789717 size: 0.0
190000 : 1.1067372513875184 size: 0.0
191000 : 1.1611545399209962 size: 0.0
192000 : 1.0732345150514908 size: 0.0
193000 : 1.0699746698957118 size: 0.0
194000 : 1.0599398261831685 size: 0.0
195000 : 1.0548675418612719 size: 0.0
196000 : 1.1513057814366865 size: 0.0
197000 : 1.0347862456072523 size: 0.0
198000 : 1.036859238489427 size: 0.0
199000 : 1.036661286458284 size: 0.0
200000 : 1.0148577559385243 size: 0.0
201000 : 1.038209474281351 size: 0.0
202000 : 1.1122578084888892 size: 0.0
203000 : 1.0160252601639064 size: 0.0
204000 : 1.0900770340244619 size: 0.0
205000 : 1.0897149245530704 size: 0.0
206000 : 0.9905712258969327 size: 0.0
207000 : 1.046755292202724 size: 0.0
208000 : 1.1671117609729076 size: 0.0
209000 : 1.1029171727465539 size: 0.0
210000 : 1.1047910097190297 size: 0.0
211000 : 1.0029439157739795 size: 0.0
212000 : 1.1034687211078709 size: 0.0
213000 : 1.093054225693548 size: 0.0
214000 : 1.0768044449267755 size: 0.0
215000 : 0.9811273145727542 size: 0.0
216000 : 1.08191310357933 size: 0.0
217000 : 1.1020913120571105 size: 0.0
218000 : 1.088847960010071 size: 0.0
219000 : 1.1339809371193705 size: 0.0
220000 : 1.102730227605066 size: 0.0
221000 : 1.056925658244147 size: 0.0
222000 : 1.0968082629965814 size: 0.0
223000 : 1.1405525661914895 size: 0.0
224000 : 1.1018905223122284 size: 0.0
225000 : 1.1241181620490157 size: 0.0
226000 : 1.0734051218411467 size: 0.0
227000 : 1.0462696991880127 size: 0.0
228000 : 1.0652046450827064 size: 0.0
229000 : 1.028850178421397 size: 0.0
230000 : 1.0371188463009045 size: 0.0
231000 : 1.077306634267295 size: 0.0
232000 : 1.0295022506421432 size: 0.0
233000 : 1.1218023296638227 size: 0.0
234000 : 1.026517061779792 size: 0.0
235000 : 1.0401627672385254 size: 0.0
236000 : 1.0780274995483865 size: 0.0
237000 : 1.0987859774901783 size: 0.0
238000 : 1.1199610834036853 size: 0.0
239000 : 1.0743566158570452 size: 0.0
240000 : 0.9996870803145904 size: 0.0
241000 : 1.0177308981038384 size: 0.0
242000 : 1.0654347578695607 size: 0.0
243000 : 1.0819083740564313 size: 0.0
244000 : 0.9918726186160116 size: 0.0
245000 : 1.033055240226318 size: 0.0
246000 : 1.061141468964747 size: 0.0
247000 : 1.0447528981987282 size: 0.0
248000 : 1.075583454096975 size: 0.0
249000 : 1.0182870899967287 size: 0.0
250000 : 1.0748425528370582 size: 0.0
251000 : 1.0418911068883712 size: 0.0
252000 : 1.013749069779737 size: 0.0
253000 : 1.1062031592652641 size: 0.0
254000 : 1.043812411072485 size: 0.0
255000 : 1.0227441923764893 size: 0.0
256000 : 1.093829179518336 size: 0.0
257000 : 1.0717921825500298 size: 0.0
258000 : 1.039961977493643 size: 0.0
259000 : 1.0399916445009167 size: 0.0
260000 : 1.0724086543620477 size: 0.0
261000 : 1.0803150407875126 size: 0.0
262000 : 1.1020904521438564 size: 0.0
263000 : 1.0452849265291724 size: 0.0
264000 : 1.0327200460397865 size: 0.0
265000 : 1.0393699272180479 size: 0.0
266000 : 1.0525922973816821 size: 0.0
267000 : 0.984915920388611 size: 0.0
268000 : 1.0071148390227043 size: 0.0
269000 : 0.9699677903148937 size: 0.0
270000 : 1.0821509555854731 size: 0.0
271000 : 1.00824218529911 size: 0.0
272000 : 1.0556481711135381 size: 0.0
273000 : 1.0712886173483036 size: 0.0
274000 : 1.000835322483076 size: 0.0
275000 : 1.0268064225898688 size: 0.0
276000 : 1.0413613143323883 size: 0.0
277000 : 1.034307789872552 size: 0.0
278000 : 1.0396389080839972 size: 0.0
279000 : 1.0691802820313765 size: 0.0
280000 : 1.0309896425981302 size: 0.0
281000 : 1.1382716462844213 size: 0.0
282000 : 0.9931264581321269 size: 0.0
283000 : 1.031836313188328 size: 0.0
284000 : 1.0141906352358274 size: 0.0
285000 : 0.9296382026528668 size: 0.0
286000 : 1.0422300846932218 size: 0.0
287000 : 0.9692644672641902 size: 0.0
288000 : 0.9257237055365783 size: 0.0
289000 : 0.9876528522944418 size: 0.0
290000 : 0.9357598391190031 size: 0.0
291000 : 0.9507709148429361 size: 0.0
292000 : 0.9215982716990068 size: 0.0
293000 : 0.9686777484507717 size: 0.0
294000 : 0.9781154683995192 size: 0.0
295000 : 0.9779299851105637 size: 0.0
296000 : 0.9954232004430743 size: 0.0
297000 : 0.9780258654384197 size: 0.0
298000 : 0.9902641508738171 size: 0.0
299000 : 0.9937991682709768 size: 0.0
300000 : 1.0428080323914461 size: 0.0
301000 : 0.9552485691494748 size: 0.0
302000 : 1.0602735585171679 size: 0.0
303000 : 0.9420325623439223 size: 0.0
304000 : 1.0316559033875727 size: 0.0
305000 : 0.9909918094696177 size: 0.0
306000 : 1.0382056046717065 size: 0.0
307000 : 1.0030964643852949 size: 0.0
308000 : 0.9764989174727343 size: 0.0
309000 : 0.965471991838689 size: 0.0
310000 : 1.0344746130438889 size: 0.0
311000 : 1.0107985354215347 size: 0.0
312000 : 0.9671532082421984 size: 0.0
313000 : 1.0069470699467877 size: 0.0
314000 : 1.0167951405004938 size: 0.0
315000 : 0.9963169082882829 size: 0.0
316000 : 1.0069566149839104 size: 0.0
317000 : 0.9725116716951309 size: 0.0
318000 : 0.963369675914542 size: 0.0
319000 : 0.9460833557110194 size: 0.0
320000 : 0.9999611346687404 size: 0.0
321000 : 0.9861367392357606 size: 0.0
322000 : 0.9772920154671881 size: 0.0
323000 : 0.9513758638173461 size: 0.0
324000 : 0.9572880254147313 size: 0.0
325000 : 0.9361107697180886 size: 0.0
326000 : 0.9847555465666814 size: 0.0
327000 : 1.009116029148144 size: 0.0
328000 : 1.0375777820047318 size: 0.0
329000 : 0.97898767841337 size: 0.0
330000 : 1.0270372233073266 size: 0.0
331000 : 0.9838576251465267 size: 0.0
332000 : 0.9855863947529997 size: 0.0
333000 : 1.0120910710340942 size: 0.0
334000 : 1.0192022096819697 size: 0.0
335000 : 0.9878283605896472 size: 0.0
336000 : 0.9782138424758128 size: 0.0
337000 : 0.9494653945402365 size: 0.0
338000 : 0.9618818540019278 size: 0.0
339000 : 0.9408424423999516 size: 0.0
340000 : 0.9190569700585325 size: 0.0
341000 : 1.027140326906519 size: 0.0
342000 : 0.957658304062039 size: 0.0
343000 : 0.9541065183564202 size: 0.0
344000 : 0.9630159935930427 size: 0.0
345000 : 0.9608167654451345 size: 0.0
346000 : 0.9725863981569308 size: 0.0
347000 : 0.9511492766748343 size: 0.0
348000 : 0.9551288692244743 size: 0.0
349000 : 0.9401110861771576 size: 0.0
350000 : 0.9871465353703016 size: 0.0
351000 : 1.0108278584635069 size: 0.0
352000 : 0.9078648550883335 size: 0.0
353000 : 0.9461629836783689 size: 0.0
354000 : 0.9934312973807813 size: 0.0
355000 : 1.0072946468841815 size: 0.0
356000 : 1.0226452163609177 size: 0.0
357000 : 0.9982882594237978 size: 0.0
358000 : 0.9703542353313824 size: 0.0
359000 : 0.9469874685066052 size: 0.0
360000 : 1.0401300905348614 size: 0.0
361000 : 0.9688386382206539 size: 0.0
362000 : 1.0463361704825713 size: 0.0
363000 : 0.9825564904014241 size: 0.0
364000 : 1.0032180561194548 size: 0.0
365000 : 0.988503822450911 size: 0.0
366000 : 0.9790583632828745 size: 0.0
367000 : 1.0037746779689722 size: 0.0
368000 : 0.9595735028620472 size: 0.0
369000 : 0.9721495622237393 size: 0.0
370000 : 0.9235299808334978 size: 0.0
371000 : 1.0481173947975573 size: 0.0
372000 : 1.003228461069832 size: 0.0
373000 : 1.0507802881721917 size: 0.0
374000 : 0.9825432477373077 size: 0.0
375000 : 1.0256812260965988 size: 0.0
376000 : 0.9251455858557031 size: 0.0
377000 : 0.972935264964206 size: 0.0
378000 : 0.9621602079223494 size: 0.0
379000 : 0.997952635280639 size: 0.0
380000 : 1.0185704314140251 size: 0.0
381000 : 1.024477347540559 size: 0.0
382000 : 1.0278229260477934 size: 0.0
383000 : 1.0455987088756715 size: 0.0
384000 : 0.9198397490939345 size: 0.0
385000 : 0.9233296210452426 size: 0.0
386000 : 1.0138934492151366 size: 0.0
387000 : 0.9567020805232418 size: 0.0
388000 : 0.9641337948323255 size: 0.0
389000 : 0.929651789282285 size: 0.0
390000 : 0.9375429552431487 size: 0.0
391000 : 0.9093276535252471 size: 0.0
392000 : 1.0137936132863106 size: 0.0
393000 : 0.9225663620407135 size: 0.0
394000 : 1.0094440000633393 size: 0.0
395000 : 1.0052951765852505 size: 0.0
396000 : 0.9775433681114241 size: 0.0
397000 : 0.8733135405299952 size: 0.0
398000 : 0.9898163940422958 size: 0.0
399000 : 0.8967745538474453 size: 0.0
400000 : 1.0464341146022376 size: 0.0
401000 : 0.9492782774160978 size: 0.0
402000 : 0.9619022339460551 size: 0.0
403000 : 0.9896705527543642 size: 0.0
404000 : 1.0062363516420971 size: 0.0
405000 : 0.8966570896969059 size: 0.0
406000 : 0.9920480409198916 size: 0.0
407000 : 0.9751271838494525 size: 0.0
408000 : 0.9736192399666874 size: 0.0
409000 : 0.9464142503312795 size: 0.0
410000 : 1.005981989301471 size: 0.0
411000 : 1.0094740110359148 size: 0.0
412000 : 1.037089437267607 size: 0.0
413000 : 0.9426223768450562 size: 0.0
414000 : 1.0255872375779023 size: 0.0
415000 : 1.0636543934678289 size: 0.0
416000 : 0.9771693918371229 size: 0.0
417000 : 1.0136562851395967 size: 0.0
418000 : 0.9333875104330014 size: 0.0
419000 : 0.9930542254187645 size: 0.0
420000 : 1.0670877691183287 size: 0.0
421000 : 1.027163888529687 size: 0.0
422000 : 1.1180065005766295 size: 0.0
423000 : 1.0387286899043058 size: 0.0
424000 : 1.1048070041055598 size: 0.0
425000 : 1.1115267102400714 size: 0.0
426000 : 1.0059814733535184 size: 0.0
427000 : 1.067334220257015 size: 0.0
428000 : 1.0167048496087907 size: 0.0
429000 : 1.034580898322122 size: 0.0
430000 : 1.003101709856146 size: 0.0
431000 : 1.100547767765617 size: 0.0
432000 : 0.9678475022037315 size: 0.0
433000 : 1.0188831818646191 size: 0.0
434000 : 1.008701464968239 size: 0.0
435000 : 0.9554489289377299 size: 0.0
436000 : 1.0395709749369064 size: 0.0
437000 : 1.0885143996587225 size: 0.0
438000 : 1.0244940298576928 size: 0.0
439000 : 1.035422065467492 size: 0.0
440000 : 0.9967557220219593 size: 0.0
441000 : 1.156517113731806 size: 0.0
442000 : 1.0543988031463452 size: 0.0
443000 : 1.085599895665876 size: 0.0
444000 : 1.073348367566362 size: 0.0
445000 : 1.0650410035904103 size: 0.0
446000 : 0.9786996934645003 size: 0.0
447000 : 0.9598380981703997 size: 0.0
448000 : 1.0027846598392804 size: 0.0
449000 : 0.9205744589784205 size: 0.0
450000 : 1.04873584441006 size: 0.0
451000 : 0.9974177692364558 size: 0.0
452000 : 1.0343487217434573 size: 0.0
453000 : 0.9989679348600077 size: 0.0
454000 : 1.008010524668398 size: 0.0
455000 : 1.0589647705441019 size: 0.0
456000 : 0.9590431943581118 size: 0.0
457000 : 0.9794372410627253 size: 0.0
458000 : 0.9798091535452161 size: 0.0
459000 : 0.9577778320043887 size: 0.0
460000 : 1.0181773650654782 size: 0.0
461000 : 1.0118722231108712 size: 0.0
462000 : 0.9654974452710167 size: 0.0
463000 : 0.974573141739698 size: 0.0
464000 : 1.0202779611631165 size: 0.0
465000 : 0.9670623154112173 size: 0.0
466000 : 1.0271041245585122 size: 0.0
467000 : 1.0015188675289302 size: 0.0
468000 : 1.0594931872388778 size: 0.0
469000 : 0.9928581651967809 size: 0.0
470000 : 0.9747319677177698 size: 0.0
471000 : 0.9926979633575023 size: 0.0
472000 : 1.0157107038954782 size: 0.0
473000 : 1.0026364107942367 size: 0.0
474000 : 0.9549412361523829 size: 0.0
475000 : 1.007419764262684 size: 0.0
476000 : 1.013953729134264 size: 0.0
477000 : 0.9352760519221259 size: 0.0
478000 : 0.9591419983910324 size: 0.0
479000 : 0.913880292267562 size: 0.0
480000 : 0.993667257577765 size: 0.0
481000 : 0.9439398499419908 size: 0.0
482000 : 0.9252025121131386 size: 0.0
483000 : 0.954208504068382 size: 0.0
484000 : 0.9391838417150307 size: 0.0
485000 : 0.9427129257107355 size: 0.0
486000 : 0.9346191641871554 size: 0.0
487000 : 0.9586684441618817 size: 0.0
488000 : 0.9296808543502808 size: 0.0
489000 : 0.9254364945096375 size: 0.0
490000 : 0.9852764820161448 size: 0.0
491000 : 0.9556709585399938 size: 0.0
492000 : 1.0130067926586133 size: 0.0
493000 : 0.9642992421424555 size: 0.0
494000 : 1.091690575254857 size: 0.0
495000 : 0.8738775576334998 size: 0.0
496000 : 0.9731492973732048 size: 0.0
497000 : 0.9857441888351662 size: 0.0
498000 : 0.983437901487096 size: 0.0
499000 : 1.0281220038776437 size: 0.0
500000 : 0.988818378719339 size: 0.0
501000 : 0.993862801851796 size: 0.0
502000 : 1.013337859261524 size: 0.0
503000 : 1.0332311784781507 size: 0.0
504000 : 1.0596744569528873 size: 0.0
505000 : 0.9788155237798563 size: 0.0
506000 : 0.9948150697896234 size: 0.0
507000 : 1.0107205412893685 size: 0.0
508000 : 0.9531083310508125 size: 0.0
509000 : 0.9540618888585214 size: 0.0
510000 : 1.0060517282663959 size: 0.0
511000 : 1.0276722692456375 size: 0.0
512000 : 1.0044538374572296 size: 0.0
513000 : 1.0610305401549405 size: 0.0
514000 : 1.0064498681031433 size: 0.0
515000 : 0.9230554806997674 size: 0.0
516000 : 0.9263653728069475 size: 0.0
517000 : 1.0281723947943466 size: 0.0
518000 : 0.9326228755672654 size: 0.0
519000 : 1.0138256880506966 size: 0.0
520000 : 0.9639994763820017 size: 0.0
521000 : 0.9786294385516228 size: 0.0
522000 : 0.8939349482990494 size: 0.0
523000 : 0.9433296554967295 size: 0.0
524000 : 0.9571594683832114 size: 0.0
525000 : 0.9821789884827803 size: 0.0
526000 : 1.0157370172410602 size: 0.0
527000 : 0.9294751630998488 size: 0.0
528000 : 0.9591443201568192 size: 0.0
529000 : 0.9445057588546548 size: 0.0
530000 : 0.9265538657922932 size: 0.0
531000 : 0.9533495367186476 size: 0.0
532000 : 0.891168177403294 size: 0.0
533000 : 0.915326236404691 size: 0.0
534000 : 0.9666610798867544 size: 0.0
535000 : 0.989724727289386 size: 0.0
536000 : 0.9609153974954043 size: 0.0
537000 : 0.8801533765461346 size: 0.0
538000 : 0.9618449637233178 size: 0.0
539000 : 0.9657374470602957 size: 0.0
540000 : 1.025777708363733 size: 0.0
541000 : 1.0174244250200009 size: 0.0
542000 : 0.9191703926167765 size: 0.0
543000 : 0.9708258977513736 size: 0.0
544000 : 0.9640815980977886 size: 0.0
545000 : 1.0833884567497565 size: 0.0
546000 : 1.0185242540722685 size: 0.0
547000 : 1.03410115271754 size: 0.0
548000 : 1.042690224275605 size: 0.0
549000 : 1.0157253224208016 size: 0.0
550000 : 1.056229988421407 size: 0.0
551000 : 1.0977775572168442 size: 0.0
552000 : 1.0937041481311587 size: 0.0
553000 : 1.084144578474275 size: 0.0
554000 : 1.0058118984597677 size: 0.0
555000 : 1.056486500545169 size: 0.0
556000 : 1.053364413492731 size: 0.0
557000 : 1.1292069567053953 size: 0.0
558000 : 1.0533482471235498 size: 0.0
559000 : 1.0396756263799565 size: 0.0
560000 : 0.933415543605092 size: 0.0
561000 : 0.9759944923577537 size: 0.0
562000 : 1.0265285846174 size: 0.0
563000 : 1.0218418853987374 size: 0.0
564000 : 1.0325561465735142 size: 0.0
565000 : 0.9555534083981291 size: 0.0
566000 : 1.0320978988002902 size: 0.0
567000 : 1.0536779378652537 size: 0.0
568000 : 1.070437389217858 size: 0.0
569000 : 1.0452123498505081 size: 0.0
570000 : 1.0266026231485963 size: 0.0
571000 : 0.979841400292253 size: 0.0
572000 : 1.0031806498928921 size: 0.0
573000 : 0.9745146676384047 size: 0.0
574000 : 0.9734378842613526 size: 0.0
575000 : 1.0339061243914618 size: 0.0
576000 : 1.0083299824423755 size: 0.0
577000 : 1.0509610419382485 size: 0.0
578000 : 1.0063680043613326 size: 0.0
579000 : 0.9684093695241004 size: 0.0
580000 : 1.0245994552226718 size: 0.0
581000 : 1.0347874494858083 size: 0.0
582000 : 1.0381786033955211 size: 0.0
583000 : 0.9973298861018648 size: 0.0
584000 : 1.0256582664127087 size: 0.0
585000 : 1.051837809492347 size: 0.0
586000 : 1.0300060738178458 size: 0.0
587000 : 0.9796955590043213 size: 0.0
588000 : 1.0471862807257861 size: 0.0
589000 : 1.002388497803018 size: 0.0
590000 : 1.0184888256461908 size: 0.0
591000 : 1.0668212820008167 size: 0.0
592000 : 1.0245623929614107 size: 0.0
593000 : 1.0045167831074453 size: 0.0
594000 : 0.9842582587317116 size: 0.0
595000 : 1.0753808585342586 size: 0.0
596000 : 0.9733109610650158 size: 0.0
597000 : 1.0216782439064416 size: 0.0
598000 : 1.0177565235188168 size: 0.0
599000 : 1.040416441648548 size: 0.0
600000 : 1.1108724882361893 size: 0.0
601000 : 1.0926871287252813 size: 0.0
602000 : 1.1090572113563324 size: 0.0
603000 : 1.0244249788233715 size: 0.0
604000 : 1.0216699887392 size: 0.0
605000 : 0.9810932620078834 size: 0.0
606000 : 1.0394130948634144 size: 0.0
607000 : 0.9984856095156629 size: 0.0
608000 : 1.0479469599905524 size: 0.0
609000 : 0.9973186212382333 size: 0.0
610000 : 0.9222408848739556 size: 0.0
611000 : 0.9999073900903457 size: 0.0
612000 : 1.0882194494124928 size: 0.0
613000 : 1.0499090240629207 size: 0.0
614000 : 0.9852896386889358 size: 0.0
615000 : 1.0463976542802547 size: 0.0
616000 : 1.0192747863606337 size: 0.0
617000 : 0.947409599923148 size: 0.0
618000 : 1.0087371513682932 size: 0.0
619000 : 0.9139073795350728 size: 0.0
620000 : 0.928403797176299 size: 0.0
621000 : 1.020500506713333 size: 0.0
622000 : 0.9942298128287372 size: 0.0
623000 : 0.9842432962410865 size: 0.0
624000 : 0.9655475782137432 size: 0.0
625000 : 0.9415547945398254 size: 0.0
626000 : 1.0220484365624236 size: 0.0
627000 : 0.9879995693185811 size: 0.0
628000 : 0.9519978390741914 size: 0.0
629000 : 0.9397027993640092 size: 0.0
630000 : 0.9230488593677091 size: 0.0
631000 : 0.9562903540570762 size: 0.0
632000 : 0.9466869288242225 size: 0.0
633000 : 0.9024691573914891 size: 0.0
634000 : 0.9600477450218015 size: 0.0
635000 : 1.0015832750316784 size: 0.0
636000 : 0.9182561328447898 size: 0.0
637000 : 0.9132094739378716 size: 0.0
638000 : 0.9311160495717309 size: 0.0
639000 : 0.9716199416504072 size: 0.0
640000 : 0.9329578977711461 size: 0.0
641000 : 0.9291643044584144 size: 0.0
642000 : 0.9550934407983965 size: 0.0
643000 : 0.9793639764534579 size: 0.0
644000 : 1.009566537702079 size: 0.0
645000 : 0.9553372262059946 size: 0.0
646000 : 0.9996042706682 size: 0.0
647000 : 0.9026232538466622 size: 0.0
648000 : 0.9226235462721254 size: 0.0
649000 : 1.037434692439214 size: 0.0
650000 : 1.0245437328437923 size: 0.0
651000 : 0.9884352013732166 size: 0.0
652000 : 0.9527039998386341 size: 0.0
653000 : 0.9115684154833387 size: 0.0
654000 : 0.8997475319415852 size: 0.0
655000 : 0.868071337349046 size: 0.0
656000 : 0.9336428186782073 size: 0.0
657000 : 0.9528461434995722 size: 0.0
658000 : 0.9164010419812582 size: 0.0
659000 : 0.9572242198512613 size: 0.0
660000 : 0.9600085329774047 size: 0.0
661000 : 0.9949047587420483 size: 0.0
662000 : 0.8782796255649843 size: 0.0
663000 : 0.9193121063210875 size: 0.0
664000 : 0.9202294617807897 size: 0.0
665000 : 0.922160826949979 size: 0.0
666000 : 0.9274013962957451 size: 0.0
667000 : 0.9497390189377592 size: 0.0
668000 : 0.9151656906001105 size: 0.0
669000 : 0.9209543686541765 size: 0.0
670000 : 0.8770538192209596 size: 0.0
671000 : 0.9412361106877766 size: 0.0
672000 : 0.9424356896775447 size: 0.0
673000 : 0.8902780811937535 size: 0.0
674000 : 0.9571616181663473 size: 0.0
675000 : 0.9389929409725729 size: 0.0
676000 : 0.8994504319122197 size: 0.0
677000 : 0.9737837413722377 size: 0.0
678000 : 0.9335947495272912 size: 0.0
679000 : 0.8749715392756381 size: 0.0
680000 : 0.9219154936985232 size: 0.0
681000 : 0.8873554080249909 size: 0.0
682000 : 0.8214977475647939 size: 0.0
683000 : 0.9029330805921916 size: 0.0
684000 : 0.9809995314631631 size: 0.0
685000 : 0.9018157093095359 size: 0.0
686000 : 0.9407006427043152 size: 0.0
687000 : 0.8605022948932484 size: 0.0
688000 : 0.8802728184971588 size: 0.0
689000 : 0.8739535739651811 size: 0.0
690000 : 0.8806489445545957 size: 0.0
691000 : 0.9094871674339223 size: 0.0
692000 : 0.8808039009230232 size: 0.0
693000 : 0.8655973669163844 size: 0.0
694000 : 0.9939465574027662 size: 0.0
695000 : 0.9500811784216509 size: 0.0
696000 : 0.897650547479615 size: 0.0
697000 : 0.9403711239452621 size: 0.0
698000 : 0.9621946044525219 size: 0.0
699000 : 0.9203924153424822 size: 0.0
700000 : 0.9774014824244623 size: 0.0
701000 : 0.9759342984299517 size: 0.0
702000 : 0.9468453248456671 size: 0.0
703000 : 0.990345240693699 size: 0.0
704000 : 0.9227395485701324 size: 0.0
705000 : 0.9989257131192208 size: 0.0
706000 : 0.9400550198329762 size: 0.0
707000 : 0.9112757010115702 size: 0.0
708000 : 0.9091086336193733 size: 0.0
709000 : 0.9633245304686905 size: 0.0
710000 : 1.001354796080007 size: 0.0
711000 : 0.9208790402530985 size: 0.0
712000 : 0.8896557619716065 size: 0.0
713000 : 0.9342728771196431 size: 0.0
714000 : 0.9352717523558544 size: 0.0
715000 : 0.999790441887759 size: 0.0
716000 : 0.9320364147278232 size: 0.0
717000 : 1.0091615185592973 size: 0.0
718000 : 0.9697154057747525 size: 0.0
719000 : 0.9863849102009556 size: 0.0
720000 : 0.9628000693748844 size: 0.0
721000 : 0.9353963537864045 size: 0.0
722000 : 0.9316823884410221 size: 0.0
723000 : 0.9409238761851352 size: 0.0
724000 : 0.9216792755275631 size: 0.0
725000 : 0.9431788267119229 size: 0.0
726000 : 0.9565383530396204 size: 0.0
727000 : 0.9204844260606938 size: 0.0
728000 : 1.0324872675218435 size: 0.0
729000 : 0.9821519872065948 size: 0.0
730000 : 0.9740911603606549 size: 0.0
731000 : 0.987768510627147 size: 0.0
732000 : 1.0351346824579002 size: 0.0
733000 : 0.9858107461210501 size: 0.0
734000 : 0.9637010864827547 size: 0.0
735000 : 0.9663071395912788 size: 0.0
736000 : 1.053006259622309 size: 0.0
737000 : 1.0106784915312326 size: 0.0
738000 : 0.9739687087132406 size: 0.0
739000 : 0.9738163320845762 size: 0.0
740000 : 1.0270364493853978 size: 0.0
741000 : 1.049976441262059 size: 0.0
742000 : 0.970193689526802 size: 0.0
743000 : 0.9803767822843888 size: 0.0
744000 : 0.9792279381766253 size: 0.0
745000 : 0.9977502976918989 size: 0.0
746000 : 1.0114880998601692 size: 0.0
747000 : 1.1154952959000561 size: 0.0
748000 : 1.0741214295819903 size: 0.0
749000 : 1.0314610470441452 size: 0.0
750000 : 1.0380160797904558 size: 0.0
751000 : 1.0543362874527566 size: 0.0
752000 : 0.9299650556808315 size: 0.0
753000 : 0.9900402294623938 size: 0.0
754000 : 1.0106493404719112 size: 0.0
755000 : 1.0617537272018187 size: 0.0
756000 : 1.0009409198307058 size: 0.0
757000 : 0.9255070073964913 size: 0.0
758000 : 1.0073646438230826 size: 0.0
759000 : 1.0108437668587118 size: 0.0
760000 : 0.982903895356167 size: 0.0
761000 : 1.0220324421758935 size: 0.0
762000 : 1.1126678151285463 size: 0.0
763000 : 1.0410141673516216 size: 0.0
764000 : 1.013773749290136 size: 0.0
765000 : 1.0191237855931763 size: 0.0
766000 : 0.9642866874089425 size: 0.0
767000 : 1.0200847386548721 size: 0.0
768000 : 0.9947939159235673 size: 0.0
769000 : 0.9491960697089854 size: 0.0
770000 : 0.89935480955834 size: 0.0
771000 : 1.00709007352098 size: 0.0
772000 : 0.9893941766344276 size: 0.0
773000 : 1.0438100893066984 size: 0.0
774000 : 0.9661736810542093 size: 0.0
775000 : 1.0152548638793664 size: 0.0
776000 : 0.9993359777328541 size: 0.0
777000 : 1.030673882451146 size: 0.0
778000 : 1.0293419628115392 size: 0.0
779000 : 1.052457119018104 size: 0.0
780000 : 1.0362296959959438 size: 0.0
781000 : 1.031509030203736 size: 0.0
782000 : 0.9816676840617651 size: 0.0
783000 : 1.0272975190494076 size: 0.0
784000 : 1.0081132843022884 size: 0.0
785000 : 0.9700036486975986 size: 0.0
786000 : 1.062501077811143 size: 0.0
787000 : 1.0072235320580496 size: 0.0
788000 : 1.0200583393179647 size: 0.0
789000 : 1.0850654595783198 size: 0.0
790000 : 1.0405812870194 size: 0.0
791000 : 0.9981664097156615 size: 0.0
792000 : 1.017543866971025 size: 0.0
793000 : 1.0317617587091787 size: 0.0
794000 : 1.0473767515116168 size: 0.0
795000 : 0.9771362851768318 size: 0.0
796000 : 0.9905613368945081 size: 0.0
797000 : 1.0039605052232294 size: 0.0
798000 : 1.0429047726325564 size: 0.0
799000 : 1.0721879146296651 size: 0.0
800000 : 1.0082177637626875 size: 0.0
801000 : 0.9544018985592772 size: 0.0
802000 : 0.9769211348806025 size: 0.0
803000 : 1.0275364889427814 size: 0.0
804000 : 0.9664119630169797 size: 0.0
805000 : 0.9975118437464776 size: 0.0
806000 : 0.9305690587506618 size: 0.0
807000 : 0.9775230741586223 size: 0.0
808000 : 0.9747886360012291 size: 0.0
809000 : 0.9921759960121336 size: 0.0
810000 : 0.9361562591292418 size: 0.0
811000 : 0.929409809692521 size: 0.0
812000 : 0.9024462836989244 size: 0.0
813000 : 0.8980458496026231 size: 0.0
814000 : 1.0025490436075986 size: 0.0
815000 : 1.0317684660325626 size: 0.0
816000 : 0.9276669375086772 size: 0.0
817000 : 0.9915019100120768 size: 0.0
818000 : 1.0374462152768218 size: 0.0
819000 : 0.9592815623122076 size: 0.0
820000 : 0.9868177905331773 size: 0.0
821000 : 0.9628871785875465 size: 0.0
822000 : 0.9398599055155724 size: 0.0
823000 : 0.9630365455198208 size: 0.0
824000 : 0.9807300346492611 size: 0.0
825000 : 0.9984873293421715 size: 0.0
826000 : 0.9288971294102989 size: 0.0
827000 : 0.982576010432297 size: 0.0
828000 : 0.945051545797168 size: 0.0
829000 : 0.9382248664538196 size: 0.0
830000 : 1.0081140582242172 size: 0.0
831000 : 0.9594082275345681 size: 0.0
832000 : 1.016848025165634 size: 0.0
833000 : 0.9733863754574191 size: 0.0
834000 : 0.9954446122831067 size: 0.0
835000 : 1.0363107858158256 size: 0.0
836000 : 1.0191193140442538 size: 0.0
837000 : 0.9175053425824482 size: 0.0
838000 : 0.9403828187655208 size: 0.0
839000 : 0.9547182606455393 size: 0.0
840000 : 0.9281264751517827 size: 0.0
841000 : 0.9935052499206523 size: 0.0
842000 : 0.9358166793851131 size: 0.0
843000 : 1.002979516182708 size: 0.0
844000 : 1.0131887503032262 size: 0.0
845000 : 0.9870801500670686 size: 0.0
846000 : 1.0276113013959067 size: 0.0
847000 : 0.9803091931025998 size: 0.0
848000 : 0.9822518231354207 size: 0.0
849000 : 1.0508321409414267 size: 0.0
850000 : 1.0478973429957785 size: 0.0
851000 : 1.0456032664159194 size: 0.0
852000 : 1.029322012824039 size: 0.0
853000 : 1.0240366419977232 size: 0.0
854000 : 1.035234088430099 size: 0.0
855000 : 1.0304212399370287 size: 0.0
856000 : 0.9824456475829431 size: 0.0
857000 : 0.9587491900164619 size: 0.0
858000 : 1.0291312840642322 size: 0.0
859000 : 1.0374747643968651 size: 0.0
860000 : 1.062395050506886 size: 0.0
861000 : 0.960635065774498 size: 0.0
862000 : 0.8770166709683732 size: 0.0
863000 : 0.9356067745597352 size: 0.0
864000 : 0.9742760417103324 size: 0.0
865000 : 0.9475031584852174 size: 0.0
866000 : 0.993538700546245 size: 0.0
867000 : 0.9711399380718492 size: 0.0
868000 : 0.944994533548407 size: 0.0
869000 : 1.0479484218430846 size: 0.0
870000 : 1.045850921433162 size: 0.0
871000 : 1.0493461248466467 size: 0.0
872000 : 0.9630288063005319 size: 0.0
873000 : 1.0520517559100204 size: 0.0
874000 : 1.0716572621604281 size: 0.0
875000 : 0.9398392675974688 size: 0.0
876000 : 1.0149492507087832 size: 0.0
877000 : 0.9629985373539801 size: 0.0
878000 : 0.9220124919136099 size: 0.0
879000 : 1.0254997843999385 size: 0.0
880000 : 1.005865815020813 size: 0.0
881000 : 0.9661962107814723 size: 0.0
882000 : 1.0361023428429799 size: 0.0
883000 : 1.0387254222339395 size: 0.0
884000 : 0.968398534617096 size: 0.0
885000 : 0.9801550106561013 size: 0.0
886000 : 1.0137388368120108 size: 0.0
887000 : 0.9993229930427139 size: 0.0
888000 : 0.9789429629241456 size: 0.0
889000 : 1.0215370461500832 size: 0.0
890000 : 0.9540971453019482 size: 0.0
891000 : 0.920660278321201 size: 0.0
892000 : 0.994110370877713 size: 0.0
893000 : 0.962604439109528 size: 0.0
894000 : 0.9929058043910699 size: 0.0
895000 : 1.007840347835369 size: 0.0
896000 : 1.0564272525219465 size: 0.0
897000 : 0.9705937211727089 size: 0.0
898000 : 1.0648983439815196 size: 0.0
899000 : 1.0397673791241917 size: 0.0
900000 : 1.1105379819802612 size: 0.0
901000 : 0.9803024857792162 size: 0.0
902000 : 0.9538977314182728 size: 0.0
903000 : 0.954587037882931 size: 0.0
904000 : 0.9584571634752967 size: 0.0
905000 : 0.9860260683999305 size: 0.0
906000 : 0.9606525220135606 size: 0.0
907000 : 0.9653174654268888 size: 0.0
908000 : 1.0429340956745285 size: 0.0
909000 : 1.0073273235878453 size: 0.0
910000 : 1.0151356799023186 size: 0.0
911000 : 1.0374131946078562 size: 0.0
912000 : 0.9859991531150704 size: 0.0
913000 : 0.9969863507567663 size: 0.0
914000 : 1.0272436884796874 size: 0.0
915000 : 1.0886097640386259 size: 0.0
916000 : 0.9810901663201678 size: 0.0
917000 : 0.9843499254846215 size: 0.0
918000 : 1.021644449315547 size: 0.0
919000 : 0.9880143598265554 size: 0.0
920000 : 0.9524945249698832 size: 0.0
921000 : 0.9910812404480663 size: 0.0
922000 : 0.9185006921743167 size: 0.0
923000 : 0.9653779173286671 size: 0.0
924000 : 1.0230794725543462 size: 0.0
925000 : 0.8884069099523662 size: 0.0
926000 : 0.947750469537158 size: 0.0
927000 : 0.9051110688827182 size: 0.0
928000 : 0.8945324160281468 size: 0.0
929000 : 0.911270111575417 size: 0.0
930000 : 0.9526137089469311 size: 0.0
931000 : 0.8872122324681476 size: 0.0
932000 : 0.9336134096449097 size: 0.0
933000 : 0.954005994496991 size: 0.0
934000 : 0.9439061413424217 size: 0.0
935000 : 0.9368594101972944 size: 0.0
936000 : 0.9437023419011492 size: 0.0
937000 : 0.9046152429002807 size: 0.0
938000 : 0.9210103490070323 size: 0.0
939000 : 0.935093492338235 size: 0.0
940000 : 0.9664790362508162 size: 0.0
941000 : 0.8890232097817331 size: 0.0
942000 : 0.9004408799985386 size: 0.0
943000 : 0.9516548196770456 size: 0.0
944000 : 0.9114760607998253 size: 0.0
945000 : 0.9763561718725181 size: 0.0
946000 : 0.8685082592735629 size: 0.0
947000 : 0.9179459621339587 size: 0.0
948000 : 1.0227625945201315 size: 0.0
949000 : 0.9683391146112229 size: 0.0
950000 : 0.9176259024207031 size: 0.0
951000 : 0.9670347981870794 size: 0.0
952000 : 0.8815053321645671 size: 0.0
953000 : 0.9197266705009922 size: 0.0
954000 : 1.0039955036926802 size: 0.0
955000 : 0.8607961272522474 size: 0.0
956000 : 0.92661999312155 size: 0.0
957000 : 0.8630120377172893 size: 0.0
958000 : 0.9200941114345607 size: 0.0
959000 : 0.798087383138023 size: 0.0
960000 : 0.9050859594156923 size: 0.0
961000 : 0.9413905511082514 size: 0.0
962000 : 0.9514947898204177 size: 0.0
963000 : 0.9075962181876858 size: 0.0
964000 : 0.9426146376257675 size: 0.0
965000 : 0.9694880447103119 size: 0.0
966000 : 0.9532308686895523 size: 0.0
967000 : 1.0037531801376145 size: 0.0
968000 : 0.9504966025148099 size: 0.0
969000 : 0.9999325855486971 size: 0.0
970000 : 0.890423492525058 size: 0.0
971000 : 0.8995076161436316 size: 0.0
972000 : 0.9178763091603593 size: 0.0
973000 : 0.9303183080457038 size: 0.0
974000 : 0.8903042225566847 size: 0.0
975000 : 0.9293734353618635 size: 0.0
976000 : 0.9214395317122605 size: 0.0
977000 : 0.875184797762708 size: 0.0
978000 : 0.976999988926023 size: 0.0
979000 : 0.9007488149349084 size: 0.0
980000 : 0.899262712848803 size: 0.0
981000 : 0.9415392301099222 size: 0.0
982000 : 0.8793049001381029 size: 0.0
983000 : 0.9088888397915706 size: 0.0
984000 : 0.9549364206381588 size: 0.0
985000 : 0.9662908012394469 size: 0.0
986000 : 0.8954506314011034 size: 0.0
987000 : 0.8864393424351702 size: 0.0
988000 : 0.8949870521657026 size: 0.0
989000 : 0.8934951886607932 size: 0.0
990000 : 0.9040298999480691 size: 0.0
991000 : 0.8911313731160093 size: 0.0
992000 : 1.0230047460925464 size: 0.0
993000 : 0.9606126220385603 size: 0.0
994000 : 0.954796340769031 size: 0.0
995000 : 0.8986452951322055 size: 0.0
996000 : 0.9352958299269751 size: 0.0
997000 : 0.938031385971599 size: 0.0
998000 : 0.9272444621268328 size: 0.0
999000 : 0.9306285647478603 size: 0.0
1000000 : 0.9440420076366033 size: 0.0
1001000 : 0.9812410810962999 size: 0.0
1002000 : 0.9452011707034186 size: 0.0
1003000 : 0.992441967181693 size: 0.0
1004000 : 0.9980364768229346 size: 0.0
1005000 : 0.9669036614157964 size: 0.0
1006000 : 0.9664701791442968 size: 0.0
1007000 : 0.9635556751514501 size: 0.0
1008000 : 0.9814551135052987 size: 0.0
1009000 : 0.9331814752172678 size: 0.0
1010000 : 0.9207719810529365 size: 0.0
1011000 : 0.9211888669986279 size: 0.0
1012000 : 0.9631351775700906 size: 0.0
1013000 : 0.9384030404801136 size: 0.0
1014000 : 0.9720852407123166 size: 0.0
1015000 : 0.9424195233083635 size: 0.0
1016000 : 0.9247354072333953 size: 0.0
1017000 : 0.8688624575430148 size: 0.0
1018000 : 0.9212612716946411 size: 0.0
1019000 : 1.0041771173719913 size: 0.0
1020000 : 0.9081273006135502 size: 0.0
1021000 : 0.8980062935929247 size: 0.0
1022000 : 0.8596002458894729 size: 0.0
1023000 : 0.9184635439217304 size: 0.0
1024000 : 0.9721950516348925 size: 0.0
1025000 : 0.9474156193159281 size: 0.0
1026000 : 0.9310069265797585 size: 0.0
1027000 : 0.9915641677316892 size: 0.0
1028000 : 0.9593015982910331 size: 0.0
1029000 : 0.9560909401734008 size: 0.0
1030000 : 0.8207204719742195 size: 0.0
1031000 : 0.8939832754239418 size: 0.0
1032000 : 0.9039220668259782 size: 0.0
1033000 : 0.8923324999496353 size: 0.0
1034000 : 0.9104930079674934 size: 0.0
1035000 : 0.9051996399479125 size: 0.0
1036000 : 0.9267474322658392 size: 0.0
1037000 : 0.8943701503970578 size: 0.0
1038000 : 0.8452292036007257 size: 0.0
1039000 : 0.868607149297809 size: 0.0
1040000 : 0.9349219396439994 size: 0.0
1041000 : 0.8742036367395357 size: 0.0
1042000 : 0.8873284927401309 size: 0.0
1043000 : 0.9021674998218758 size: 0.0
1044000 : 0.9328247831993783 size: 0.0
1045000 : 0.9307847249948437 size: 0.0
1046000 : 0.8767864721901933 size: 0.0
1047000 : 0.8456277733941003 size: 0.0
1048000 : 0.9318684736692557 size: 0.0
1049000 : 0.9537814711462896 size: 0.0
1050000 : 0.9095448676132868 size: 0.0
1051000 : 0.9403840226440768 size: 0.0
1052000 : 0.9890381725471417 size: 0.0
1053000 : 0.96124242250602 size: 0.0
1054000 : 0.9001970945909405 size: 0.0
1055000 : 0.8995099379094182 size: 0.0
1056000 : 0.8835517537271836 size: 0.0
1057000 : 0.9479252039104347 size: 0.0
1058000 : 0.9277571424090548 size: 0.0
1059000 : 0.8918509485272194 size: 0.0
1060000 : 0.8881869441419127 size: 0.0
1061000 : 0.8309236007106319 size: 0.0
1062000 : 0.9636616164643816 size: 0.0
1063000 : 0.8826214135773413 size: 0.0
1064000 : 1.0096220880983078 size: 0.0
1065000 : 0.8873667588799479 size: 0.0
1066000 : 0.8367837375561312 size: 0.0
1067000 : 0.8545301973420373 size: 0.0
1068000 : 0.8441611053475423 size: 0.0
1069000 : 0.8543280317359481 size: 0.0
1070000 : 0.9301034157234507 size: 0.0
1071000 : 0.921095222445233 size: 0.0
1072000 : 0.8954913052980324 size: 0.0
1073000 : 0.9003726028861461 size: 0.0
1074000 : 0.8711310806905462 size: 0.0
1075000 : 0.869176411872165 size: 0.0
1076000 : 0.9430462280881077 size: 0.0
1077000 : 0.9206207223115026 size: 0.0
1078000 : 0.9040823546565823 size: 0.0
1079000 : 0.933691403777076 size: 0.0
1080000 : 0.9320637599693105 size: 0.0
1081000 : 0.8957700031837555 size: 0.0
1082000 : 0.871082409600352 size: 0.0
1083000 : 1.0200425169140854 size: 0.0
1084000 : 0.9369192601597947 size: 0.0
1085000 : 0.9352145681244425 size: 0.0
1086000 : 0.9811843268215152 size: 0.0
1087000 : 0.9371670011683625 size: 0.0
1088000 : 0.9133771570224628 size: 0.0
1089000 : 0.9817571150402138 size: 0.0
1090000 : 0.9446779134881685 size: 0.0
1091000 : 0.9499715394817257 size: 0.0
1092000 : 0.9639531270575941 size: 0.0
1093000 : 0.915081849057815 size: 0.0
1094000 : 0.9433875276587449 size: 0.0
1095000 : 0.9585244946831095 size: 0.0
1096000 : 0.9653237427936453 size: 0.0
1097000 : 0.8901438487347552 size: 0.0
1098000 : 1.0169186240438133 size: 0.0
1099000 : 0.9036179155079272 size: 0.0
1100000 : 0.8580379554890352 size: 0.0
1101000 : 0.957208225464731 size: 0.0
1102000 : 0.909846095226273 size: 0.0
1103000 : 0.9186318289455996 size: 0.0
1104000 : 0.9076969140297659 size: 0.0
1105000 : 0.8978366327078485 size: 0.0
1106000 : 0.8716303463260009 size: 0.0
1107000 : 0.8859497938194892 size: 0.0
1108000 : 0.9147789016183201 size: 0.0
1109000 : 0.9292130615399339 size: 0.0
1110000 : 0.9380430807918577 size: 0.0
1111000 : 0.9311281743486167 size: 0.0
1112000 : 0.9212745143587575 size: 0.0
1113000 : 0.9365497554344159 size: 0.0
1114000 : 0.8868382561938465 size: 0.0
1115000 : 0.8742005410518202 size: 0.0
1116000 : 0.9193135681736198 size: 0.0
1117000 : 0.873169591051223 size: 0.0
1118000 : 0.8879899380153493 size: 0.0
1119000 : 0.8974403846802607 size: 0.0
1120000 : 0.915114353778828 size: 0.0
1121000 : 0.911443126122185 size: 0.0
1122000 : 0.9183540769644561 size: 0.0
1123000 : 0.8813822785778748 size: 0.0
1124000 : 0.8934669835060517 size: 0.0
1125000 : 0.9143699268745683 size: 0.0
1126000 : 0.8042102234827153 size: 0.0
1127000 : 0.8549308309272222 size: 0.0
1128000 : 0.8216114280970143 size: 0.0
1129000 : 0.8331968673897365 size: 0.0
1130000 : 0.8441569777639215 size: 0.0
1131000 : 0.9011988935322165 size: 0.0
1132000 : 0.8547335668266826 size: 0.0
1133000 : 0.888734966858887 size: 0.0
1134000 : 0.9239264008437366 size: 0.0
1135000 : 0.8745819125801084 size: 0.0
1136000 : 0.904820590185411 size: 0.0
1137000 : 0.8829769017166748 size: 0.0
1138000 : 0.8712442452748139 size: 0.0
1139000 : 0.8126562914665878 size: 0.0
1140000 : 0.8687058673394042 size: 0.0
1141000 : 0.8372197995673939 size: 0.0
1142000 : 0.8062773689547608 size: 0.0
1143000 : 0.8218882341735779 size: 0.0
1144000 : 0.9374323703986438 size: 0.0
1145000 : 0.8180390904646174 size: 0.0
1146000 : 0.8612883415990168 size: 0.0
1147000 : 0.8693077206260987 size: 0.0
1148000 : 0.9116616300801063 size: 0.0
1149000 : 0.8661998221423569 size: 0.0
1150000 : 0.9069656437982972 size: 0.0
1151000 : 0.8648516501422433 size: 0.0
1152000 : 0.8528758102320625 size: 0.0
1153000 : 0.852318586443267 size: 0.0
1154000 : 0.8739597653406123 size: 0.0
1155000 : 0.879478344641498 size: 0.0
1156000 : 0.8641359443406778 size: 0.0
1157000 : 0.9662572646225286 size: 0.0
1158000 : 0.9176707039012528 size: 0.0
1159000 : 0.8980498911949184 size: 0.0
1160000 : 0.8685530607541126 size: 0.0
1161000 : 0.9037355516411174 size: 0.0
1162000 : 0.8985593038067741 size: 0.0
1163000 : 0.8894459431375539 size: 0.0
1164000 : 0.9377836449630311 size: 0.0
1165000 : 0.8829455148828923 size: 0.0
1166000 : 0.8848961421089783 size: 0.0
1167000 : 0.8580941078245419 size: 0.0
1168000 : 0.8692661868159153 size: 0.0
1169000 : 0.8665390579211838 size: 0.0
1170000 : 0.8386396883329172 size: 0.0
1171000 : 0.9135162049956854 size: 0.0
1172000 : 0.8871565960805936 size: 0.0
1173000 : 0.8372680407009608 size: 0.0
1174000 : 0.8650907920182681 size: 0.0
1175000 : 0.8715283606140393 size: 0.0
1176000 : 0.8991496342558607 size: 0.0
1177000 : 0.8413963982435971 size: 0.0
1178000 : 0.8386208562326477 size: 0.0
1179000 : 0.8279983478021063 size: 0.0
1180000 : 0.8455581204205008 size: 0.0
1181000 : 0.7913163401822287 size: 0.0
1182000 : 0.7974525951736884 size: 0.0
1183000 : 0.8537774292792107 size: 0.0
1184000 : 0.8448340734603684 size: 0.0
1185000 : 0.7831180132069241 size: 0.0
1186000 : 0.814817855413957 size: 0.0
1187000 : 0.791927136566768 size: 0.0
1188000 : 0.8062107256775515 size: 0.0
1189000 : 0.8267325554917561 size: 0.0
1190000 : 0.8899413391633642 size: 0.0
1191000 : 0.9017254184178329 size: 0.0
1192000 : 0.8674969152951642 size: 0.0
1193000 : 0.8669507843873493 size: 0.0
1194000 : 0.7963300644115068 size: 0.0
1195000 : 0.8492934976059157 size: 0.0
1196000 : 0.8368728245692781 size: 0.0
1197000 : 0.8870627795445479 size: 0.0
1198000 : 0.9109458382872153 size: 0.0
1199000 : 0.8626299782583976 size: 0.0
1200000 : 0.8940983318173691 size: 0.0
1201000 : 0.9093572345411955 size: 0.0
1202000 : 0.8526195560822769 size: 0.0
1203000 : 0.8842144028809581 size: 0.0
1204000 : 0.8783143660604585 size: 0.0
1205000 : 0.8385370146903521 size: 0.0
1206000 : 0.9270982768735994 size: 0.0
1207000 : 0.8403791208637437 size: 0.0
1208000 : 0.9087965710993827 size: 0.0
1209000 : 0.8661803021114839 size: 0.0
1210000 : 0.8953067679136566 size: 0.0
1211000 : 0.8822746105618764 size: 0.0
1212000 : 0.8483481089741227 size: 0.0
1213000 : 0.9251075776898624 size: 0.0
1214000 : 0.9164533247071204 size: 0.0
1215000 : 0.8498680056511229 size: 0.0
1216000 : 0.8534877245038324 size: 0.0
1217000 : 0.8920122682537287 size: 0.0
1218000 : 0.8786811190634235 size: 0.0
1219000 : 0.8187484329081011 size: 0.0
1220000 : 0.8684312110459764 size: 0.0
1221000 : 0.8599714704413602 size: 0.0
1222000 : 0.8697252945023936 size: 0.0
1223000 : 0.8166241891959691 size: 0.0
1224000 : 0.8118757482056469 size: 0.0
1225000 : 0.8588456720088123 size: 0.0
1226000 : 0.8693674845972735 size: 0.0
1227000 : 0.8014151614408929 size: 0.0
1228000 : 0.8346209697302059 size: 0.0
1229000 : 0.8538384831202671 size: 0.0
1230000 : 0.8450839642520721 size: 0.0
1231000 : 0.8226614681718571 size: 0.0
1232000 : 0.7932521769003406 size: 0.0
1233000 : 0.8829098284828383 size: 0.0
1234000 : 0.746090664424114 size: 0.0
1235000 : 0.820623301776482 size: 0.0
1236000 : 0.8428255740722671 size: 0.0
1237000 : 0.8073565600889249 size: 0.0
1238000 : 0.8338695775285864 size: 0.0
1239000 : 0.8001421458592064 size: 0.0
1240000 : 0.7911865792721527 size: 0.0
1241000 : 0.9120133346011208 size: 0.0
1242000 : 0.9465820194071961 size: 0.0
1243000 : 0.8681122692199513 size: 0.0
1244000 : 0.8565538312034146 size: 0.0
1245000 : 0.8940346122452244 size: 0.0
1246000 : 0.8856457284927638 size: 0.0
1247000 : 0.823138032097398 size: 0.0
1248000 : 0.8765189531767763 size: 0.0
1249000 : 0.9045903914072311 size: 0.0
1250000 : 0.8978559807560706 size: 0.0
1251000 : 0.9479382745919003 size: 0.0
1252000 : 0.8430654898702208 size: 0.0
1253000 : 0.9946872006887069 size: 0.0
1254000 : 0.8749261358558104 size: 0.0
1255000 : 0.8853951497704566 size: 0.0
1256000 : 0.8411550205931112 size: 0.0
1257000 : 0.8690804455529835 size: 0.0
1258000 : 0.838168627852204 size: 0.0
1259000 : 0.8382536732730557 size: 0.0
1260000 : 0.9007675610438525 size: 0.0
1261000 : 0.8422270744472645 size: 0.0
1262000 : 0.8412208039570662 size: 0.0
1263000 : 0.8959221218384438 size: 0.0
1264000 : 0.9104814851298857 size: 0.0
1265000 : 0.9558914402983999 size: 0.0
1266000 : 0.8555735300934966 size: 0.0
1267000 : 0.945611263334401 size: 0.0
1268000 : 0.877539068270369 size: 0.0
1269000 : 0.9492969375337165 size: 0.0
1270000 : 0.8402435125435384 size: 0.0
1271000 : 0.9060706460832072 size: 0.0
1272000 : 0.8955253578629032 size: 0.0
1273000 : 0.8421914740385359 size: 0.0
1274000 : 0.8743997829528447 size: 0.0
1275000 : 0.9280952603006511 size: 0.0
1276000 : 0.8943878646100967 size: 0.0
1277000 : 0.9143669171781783 size: 0.0
1278000 : 0.906057833375718 size: 0.0
1279000 : 0.8649966315169206 size: 0.0
1280000 : 0.8514988311379295 size: 0.0
1281000 : 0.874947203730541 size: 0.0
1282000 : 0.9243964294285447 size: 0.0
1283000 : 0.8672109941381048 size: 0.0
1284000 : 0.8574259552259398 size: 0.0
1285000 : 0.9174620889457562 size: 0.0
1286000 : 0.8416048412164429 size: 0.0
1287000 : 0.9528700490880422 size: 0.0
1288000 : 0.9036345118337356 size: 0.0
1289000 : 0.9872504988827482 size: 0.0
1290000 : 0.9268483000905703 size: 0.0
1291000 : 0.973864143261516 size: 0.0
1292000 : 0.917053028210679 size: 0.0
1293000 : 0.9209013979977106 size: 0.0
1294000 : 0.9165057794156336 size: 0.0
1295000 : 0.9450213628419416 size: 0.0
1296000 : 0.9219369055385557 size: 0.0
1297000 : 0.9526803522241405 size: 0.0
1298000 : 0.9389299093310317 size: 0.0
1299000 : 0.8503707109395948 size: 0.0
1300000 : 0.86717814545179 size: 0.0
1301000 : 0.912843580848161 size: 0.0
1302000 : 0.9458334649193157 size: 0.0
1303000 : 0.9441876769418841 size: 0.0
1304000 : 0.9079189436320299 size: 0.0
1305000 : 0.9090054440288556 size: 0.0
1306000 : 0.9380064484872239 size: 0.0
1307000 : 0.927125106167134 size: 0.0
1308000 : 0.8466160716972834 size: 0.0
1309000 : 0.8385889534509127 size: 0.0
1310000 : 0.9590533413345127 size: 0.0
1311000 : 0.905419003819088 size: 0.0
1312000 : 0.9495951554503125 size: 0.0
1313000 : 0.9251134250999917 size: 0.0
1314000 : 0.9599074071786974 size: 0.0
1315000 : 0.9214464110182949 size: 0.0
1316000 : 0.9389535569455254 size: 0.0
1317000 : 0.931253205735794 size: 0.0
1318000 : 0.9611065562118384 size: 0.0
1319000 : 0.9149254308368552 size: 0.0
1320000 : 0.9109193529589824 size: 0.0
1321000 : 0.9405643464535064 size: 0.0
1322000 : 0.912129594873104 size: 0.0
1323000 : 0.9388355768470334 size: 0.0
1324000 : 0.8888720370316247 size: 0.0
1325000 : 0.8768323915579738 size: 0.0
1326000 : 0.8895616014702591 size: 0.0
1327000 : 0.8614938608667978 size: 0.0
1328000 : 0.8785677824965049 size: 0.0
1329000 : 0.8911814200674104 size: 0.0
1330000 : 0.8726848579497662 size: 0.0
1331000 : 0.7763473142164317 size: 0.0
1332000 : 0.8825188259261016 size: 0.0
1333000 : 0.8636212002666454 size: 0.0
1334000 : 0.7962040011284244 size: 0.0
1335000 : 0.8732913547680339 size: 0.0
1336000 : 0.8282258808491979 size: 0.0
1337000 : 0.866953708092414 size: 0.0
1338000 : 0.9139640478185321 size: 0.0
1339000 : 0.8442606833023918 size: 0.0
1340000 : 0.7928452659483991 size: 0.0
1341000 : 0.8336859000574649 size: 0.0
1342000 : 0.8513937497382522 size: 0.0
1343000 : 0.8573736725000776 size: 0.0
1344000 : 0.8870270071531684 size: 0.0
1345000 : 0.8469664863484164 size: 0.0
1346000 : 0.8724345372014354 size: 0.0
1347000 : 0.8014136135970351 size: 0.0
1348000 : 0.908440824986073 size: 0.0
1349000 : 0.7998134010220821 size: 0.0
1350000 : 0.8103578293291318 size: 0.0
1351000 : 0.8329639168891428 size: 0.0
1352000 : 0.8921078906076084 size: 0.0
1353000 : 0.870240038576426 size: 0.0
1354000 : 0.8380430805170741 size: 0.0
1355000 : 0.8912574363990918 size: 0.0
1356000 : 0.8470478341422745 size: 0.0
1357000 : 0.8631860841599625 size: 0.0
1358000 : 0.898465401279403 size: 0.0
1359000 : 0.8419228371378883 size: 0.0
1360000 : 0.9020123714707975 size: 0.0
1361000 : 0.8922368775957555 size: 0.0
1362000 : 0.9423030910537294 size: 0.0
1363000 : 0.9378477085004775 size: 0.0
1364000 : 0.8940750281681772 size: 0.0
1365000 : 0.9674362916855186 size: 0.0
1366000 : 0.9279419377674069 size: 0.0
1367000 : 0.9238606174797815 size: 0.0
1368000 : 0.8649766815294205 size: 0.0
1369000 : 0.8770028263649787 size: 0.0
1370000 : 0.9202252482058435 size: 0.0
1371000 : 0.9576788559888171 size: 0.0
1372000 : 0.8785171336058258 size: 0.0
1373000 : 0.9497566471594727 size: 0.0
1374000 : 0.9395650412606681 size: 0.0
1375000 : 0.911834386652898 size: 0.0
1376000 : 0.8783940800191334 size: 0.0
1377000 : 0.9468436050191584 size: 0.0
1378000 : 0.9143928005671331 size: 0.0
1379000 : 0.882105293642102 size: 0.0
1380000 : 0.9326738684232462 size: 0.0
1381000 : 0.909634986522339 size: 0.0
1382000 : 0.8996228445197096 size: 0.0
1383000 : 0.8371457610361974 size: 0.0
1384000 : 0.8783131621819025 size: 0.0
1385000 : 0.9288684942989303 size: 0.0
1386000 : 0.8839020823869912 size: 0.0
1387000 : 0.9596387702780497 size: 0.0
1388000 : 0.8988407534149111 size: 0.0
1389000 : 0.8333593909948018 size: 0.0
1390000 : 0.9004803500169116 size: 0.0
1391000 : 0.8883359671088853 size: 0.0
1392000 : 0.8906579048781841 size: 0.0
1393000 : 0.8801488190058867 size: 0.0
1394000 : 0.8747636982420705 size: 0.0
1395000 : 0.8507213835647041 size: 0.0
1396000 : 0.8774479174654117 size: 0.0
1397000 : 0.800356952190134 size: 0.0
1398000 : 0.8963045252626373 size: 0.0
1399000 : 0.8323066851888706 size: 0.0
1400000 : 0.8501567645219215 size: 0.0
1401000 : 0.8886712472867423 size: 0.0
1402000 : 0.833920742367218 size: 0.0
1403000 : 0.8641184881016152 size: 0.0
1404000 : 0.8472650482303142 size: 0.0
1405000 : 0.8590986584882315 size: 0.0
1406000 : 0.8713290327216893 size: 0.0
1407000 : 0.8893551362978983 size: 0.0
1408000 : 0.8801563862425247 size: 0.0
1409000 : 0.8156650419521072 size: 0.0
1410000 : 0.877779671998926 size: 0.0
1411000 : 0.8961351223515374 size: 0.0
1412000 : 0.9278270533566305 size: 0.0
1413000 : 0.8820929968825653 size: 0.0
1414000 : 0.841691778446454 size: 0.0
1415000 : 0.8767869021468205 size: 0.0
1416000 : 0.9041595748668197 size: 0.0
1417000 : 0.9412264796593283 size: 0.0
1418000 : 0.9600492928656592 size: 0.0
1419000 : 0.896091008801591 size: 0.0
1420000 : 0.9342669437181884 size: 0.0
1421000 : 0.9433760908124625 size: 0.0
1422000 : 0.9595031619578444 size: 0.0
1423000 : 0.9464547522455576 size: 0.0
1424000 : 0.9210531726870971 size: 0.0
1425000 : 0.8974344512788058 size: 0.0
1426000 : 0.8785878184753304 size: 0.0
1427000 : 0.9556485148040562 size: 0.0
1428000 : 0.8365055556183606 size: 0.0
1429000 : 0.83094415263741 size: 0.0
1430000 : 0.8906695996984427 size: 0.0
1431000 : 0.8617847695207322 size: 0.0
1432000 : 0.87060661959674 size: 0.0
1433000 : 0.8622562599580726 size: 0.0
1434000 : 0.9305829893453816 size: 0.0
1435000 : 0.9348180621228783 size: 0.0
1436000 : 0.9680998007525473 size: 0.0
1437000 : 0.8716715361708826 size: 0.0
1438000 : 0.8676633085098739 size: 0.0
1439000 : 0.8776958304566305 size: 0.0
1440000 : 0.9065946772203862 size: 0.0
1441000 : 0.9251320852176104 size: 0.0
1442000 : 0.978639843502 size: 0.0
1443000 : 0.994097214204922 size: 0.0
1444000 : 0.9435329389900494 size: 0.0
1445000 : 0.8917961720529195 size: 0.0
1446000 : 0.9161430680049639 size: 0.0
1447000 : 0.8902761033932686 size: 0.0
1448000 : 0.9503560066977296 size: 0.0
1449000 : 0.9752852359055955 size: 0.0
1450000 : 1.0025683056644952 size: 0.0
1451000 : 0.8732080291736909 size: 0.0
1452000 : 0.9752661458313496 size: 0.0
1453000 : 1.0085336958923226 size: 0.0
1454000 : 0.9339089618304175 size: 0.0
1455000 : 0.9537144839037786 size: 0.0
1456000 : 0.9958260698027204 size: 0.0
1457000 : 0.9497273241175006 size: 0.0
1458000 : 0.891497868144998 size: 0.0
1459000 : 0.8848422255479328 size: 0.0
1460000 : 0.9503474075651864 size: 0.0
1461000 : 0.9933711034529793 size: 0.0
1462000 : 0.9199321897687733 size: 0.0
1463000 : 0.9085716177920542 size: 0.0
1464000 : 0.9027619578545831 size: 0.0
1465000 : 0.8823733286034717 size: 0.0
1466000 : 0.9179931713716206 size: 0.0
1467000 : 1.0010965641297367 size: 0.0
1468000 : 0.9148131261658418 size: 0.0
1469000 : 0.9058902362824521 size: 0.0
1470000 : 0.9700284141993228 size: 0.0
1471000 : 0.9520778110068426 size: 0.0
1472000 : 0.8743203269681461 size: 0.0
1473000 : 1.035361269600412 size: 0.0
1474000 : 0.9219269305448056 size: 0.0
1475000 : 1.0020232926439108 size: 0.0
1476000 : 0.9632488581023109 size: 0.0
1477000 : 0.937971192043797 size: 0.0
1478000 : 0.9865099415881329 size: 0.0
1479000 : 0.903638983382658 size: 0.0
1480000 : 0.8926350174325028 size: 0.0
1481000 : 0.9073027297939884 size: 0.0
1482000 : 0.841992748085464 size: 0.0
1483000 : 0.8881615767009103 size: 0.0
1484000 : 0.8359416245061815 size: 0.0
1485000 : 0.8780338623569013 size: 0.0
1486000 : 0.9248887297666395 size: 0.0
1487000 : 0.8470667522338694 size: 0.0
1488000 : 0.9814470303207081 size: 0.0
1489000 : 0.8484422694754702 size: 0.0
1490000 : 0.8316315672929087 size: 0.0
1491000 : 0.8596493469362942 size: 0.0
1492000 : 0.90166204281099 size: 0.0
1493000 : 0.8677979709254995 size: 0.0
1494000 : 0.9128215670688505 size: 0.0
1495000 : 0.8433818519564829 size: 0.0
1496000 : 0.8456122089641972 size: 0.0
1497000 : 0.9066061140666686 size: 0.0
1498000 : 0.9112510215011713 size: 0.0
1499000 : 0.8616566424458395 size: 0.0
1500000 : 0.8956583864433456 size: 0.0
1501000 : 0.8697118798556263 size: 0.0
1502000 : 0.9071611880723283 size: 0.0
1503000 : 0.9291244044834142 size: 0.0
1504000 : 0.8334446083983044 size: 0.0
1505000 : 0.8569228199808406 size: 0.0
1506000 : 0.903284785113206 size: 0.0
1507000 : 0.8698793049662412 size: 0.0
1508000 : 0.9247841643149148 size: 0.0
1509000 : 0.8941897405963027 size: 0.0
1510000 : 0.853375247850168 size: 0.0
1511000 : 0.8413806618310432 size: 0.0
1512000 : 0.8419261048082546 size: 0.0
1513000 : 0.8293454019149893 size: 0.0
1514000 : 0.8089780125212594 size: 0.0
1515000 : 0.815991894980072 size: 0.0
1516000 : 0.8742534257169605 size: 0.0
1517000 : 0.8975591387006814 size: 0.0
1518000 : 0.8765535216895997 size: 0.0
1519000 : 0.8690580878083713 size: 0.0
1520000 : 0.9507544045084533 size: 0.0
1521000 : 0.910805242470135 size: 0.0
1522000 : 0.8697832526557343 size: 0.0
1523000 : 0.901085986921925 size: 0.0
1524000 : 0.9208049157305767 size: 0.0
1525000 : 0.8771488396355613 size: 0.0
1526000 : 0.9590867059687801 size: 0.0
1527000 : 0.8547212700671458 size: 0.0
1528000 : 0.9515956576451488 size: 0.0
1529000 : 0.9149212172619091 size: 0.0
1530000 : 0.956119489293444 size: 0.0
1531000 : 0.9020571729513474 size: 0.0
1532000 : 0.8945236449129528 size: 0.0
1533000 : 0.9307777596974838 size: 0.0
1534000 : 0.8350040610850029 size: 0.0
1535000 : 0.9315883999223256 size: 0.0
1536000 : 0.8891068793413778 size: 0.0
1537000 : 0.8537215349176803 size: 0.0
1538000 : 0.8774444778123944 size: 0.0
1539000 : 0.8793458320090083 size: 0.0
1540000 : 0.8948016548680725 size: 0.0
1541000 : 0.8779761621775368 size: 0.0
1542000 : 0.8747207025793547 size: 0.0
1543000 : 0.8562731555172064 size: 0.0
1544000 : 0.888563156190675 size: 0.0
1545000 : 0.9299015080913378 size: 0.0
1546000 : 0.8675995889377293 size: 0.0
1547000 : 0.9788156097711818 size: 0.0
1548000 : 0.870975178417539 size: 0.0
1549000 : 0.9153830766708012 size: 0.0
1550000 : 0.9239013773680361 size: 0.0
1551000 : 0.8386237799377124 size: 0.0
1552000 : 0.9288416650053957 size: 0.0
1553000 : 0.9059082944607927 size: 0.0
1554000 : 0.8515102679842118 size: 0.0
1555000 : 0.9480649398142607 size: 0.0
1556000 : 0.9260840951814614 size: 0.0
1557000 : 0.9182494255214062 size: 0.0
1558000 : 0.8930170768913946 size: 0.0
1559000 : 0.9468175496475527 size: 0.0
1560000 : 0.8378141716087757 size: 0.0
1561000 : 0.846487428674438 size: 0.0
1562000 : 0.8758031613838853 size: 0.0
1563000 : 0.9002094773418027 size: 0.0
1564000 : 0.9684282016243698 size: 0.0
1565000 : 0.9376993734641084 size: 0.0
1566000 : 1.0226198489199154 size: 0.0
1567000 : 0.9641507351234355 size: 0.0
1568000 : 0.8952373729140335 size: 0.0
1569000 : 0.9898624853927271 size: 0.0
1570000 : 1.0282766162807695 size: 0.0
1571000 : 0.9794811826300208 size: 0.0
1572000 : 0.9670736662661743 size: 0.0
1573000 : 0.939825165020098 size: 0.0
1574000 : 0.9796858419845476 size: 0.0
1575000 : 0.9511927882855026 size: 0.0
1576000 : 0.9249023163960576 size: 0.0
1577000 : 0.8703357469216312 size: 0.0
1578000 : 0.8301623195065877 size: 0.0
1579000 : 0.9282329324126668 size: 0.0
1580000 : 0.9491984774660974 size: 0.0
1581000 : 0.8457172043725489 size: 0.0
1582000 : 0.9803140086168239 size: 0.0
1583000 : 0.9535480906890688 size: 0.0
1584000 : 0.9167125025619707 size: 0.0
1585000 : 1.015661774831308 size: 0.0
1586000 : 0.9446973475277161 size: 0.0
1587000 : 0.9188298669680681 size: 0.0
1588000 : 0.9620693150913683 size: 0.0
1589000 : 0.889430034742349 size: 0.0
1590000 : 0.9161019641514077 size: 0.0
1591000 : 0.9425768014425776 size: 0.0
1592000 : 0.9776535229993017 size: 0.0
1593000 : 0.9321276515241059 size: 0.0
1594000 : 0.9284593475725277 size: 0.0
1595000 : 0.8868570023027905 size: 0.0
1596000 : 0.9020948371518862 size: 0.0
1597000 : 0.9875349581872753 size: 0.0
1598000 : 0.8983528386344133 size: 0.0
1599000 : 0.9182606043937123 size: 0.0
1600000 : 0.9945758419222732 size: 0.0
1601000 : 0.9936197903661269 size: 0.0
1602000 : 0.9354388335011676 size: 0.0
1603000 : 0.9793264842355697 size: 0.0
1604000 : 0.9095943986167353 size: 0.0
1605000 : 0.8823661053321354 size: 0.0
1606000 : 0.9728239061977724 size: 0.0
1607000 : 0.9215587156893084 size: 0.0
1608000 : 0.8931672177455978 size: 0.0
1609000 : 0.8307038928741547 size: 0.0
1610000 : 0.8731824897500378 size: 0.0
1611000 : 0.9006592979651344 size: 0.0
1612000 : 0.9378118501177726 size: 0.0
1613000 : 1.0200375294172104 size: 0.0
1614000 : 0.9068608203725964 size: 0.0
1615000 : 0.9278984261567386 size: 0.0
1616000 : 0.9132560812362553 size: 0.0
1617000 : 0.939772538328934 size: 0.0
1618000 : 1.0263993396552764 size: 0.0
1619000 : 0.9014993472232737 size: 0.0
1620000 : 0.9258339464157814 size: 0.0
1621000 : 0.9047264296840635 size: 0.0
1622000 : 0.9469139459233613 size: 0.0
1623000 : 0.9044458399891808 size: 0.0
1624000 : 0.996823827151701 size: 0.0
1625000 : 0.9244446705621117 size: 0.0
1626000 : 0.9127089184325353 size: 0.0
1627000 : 0.8776402800604017 size: 0.0
1628000 : 0.8958618419193164 size: 0.0
1629000 : 0.9058484444982925 size: 0.0
1630000 : 0.8728270876020298 size: 0.0
1631000 : 0.87916378837307 size: 0.0
1632000 : 0.8614666876079615 size: 0.0
1633000 : 0.9803881331393458 size: 0.0
1634000 : 0.9624774299218658 size: 0.0
1635000 : 0.8785259907123453 size: 0.0
1636000 : 0.8809598031960303 size: 0.0
1637000 : 0.9535629671883684 size: 0.0
1638000 : 0.9282261390979577 size: 0.0
1639000 : 0.9826775661876316 size: 0.0
1640000 : 0.8359222764579594 size: 0.0
1641000 : 0.9151322399745178 size: 0.0
1642000 : 0.8563363591413985 size: 0.0
1643000 : 0.9056834271447897 size: 0.0
1644000 : 0.882857545756976 size: 0.0
1645000 : 0.9965976699658164 size: 0.0
1646000 : 0.8480791281081733 size: 0.0
1647000 : 0.9545516954481786 size: 0.0
1648000 : 0.8805282127336901 size: 0.0
1649000 : 0.8821722808846131 size: 0.0
1650000 : 0.8645488746853993 size: 0.0
1651000 : 0.9062349755061067 size: 0.0
1652000 : 0.896401953434351 size: 0.0
1653000 : 0.8941494966560007 size: 0.0
1654000 : 0.999812971615022 size: 0.0
1655000 : 0.8936651075198457 size: 0.0
1656000 : 0.9270864960620153 size: 0.0
1657000 : 0.920167548026479 size: 0.0
1658000 : 0.8219954653563909 size: 0.0
1659000 : 0.9791683461881013 size: 0.0
1660000 : 0.9231055276511684 size: 0.0
1661000 : 0.9132306278039277 size: 0.0
1662000 : 0.9056497185452205 size: 0.0
1663000 : 0.8666314126046971 size: 0.0
1664000 : 0.8478693092741207 size: 0.0
1665000 : 0.8344489870793431 size: 0.0
1666000 : 0.8203114972304677 size: 0.0
1667000 : 0.8743045905555922 size: 0.0
1668000 : 0.9164948585173038 size: 0.0
1669000 : 0.9010801395117957 size: 0.0
1670000 : 0.9767338457738128 size: 0.0
1671000 : 0.9198419848683957 size: 0.0
1672000 : 0.9242650346832855 size: 0.0
1673000 : 0.9752606423865221 size: 0.0
1674000 : 0.9136366788426148 size: 0.0
1675000 : 0.9163035278182189 size: 0.0
1676000 : 0.8661026519446194 size: 0.0
1677000 : 0.9048321130230187 size: 0.0
1678000 : 0.9456103174298213 size: 0.0
1679000 : 0.9751141131679869 size: 0.0
1680000 : 0.9660989545924094 size: 0.0
1681000 : 0.9581664268040132 size: 0.0
1682000 : 0.8901775573343242 size: 0.0
1683000 : 1.005426829304486 size: 0.0
1684000 : 1.0524486918682119 size: 0.0
1685000 : 0.8885948009984338 size: 0.0
1686000 : 0.855831160104489 size: 0.0
1687000 : 0.822007848107253 size: 0.0
1688000 : 0.8723856941285903 size: 0.0
1689000 : 0.887079547853007 size: 0.0
1690000 : 0.9044039622136958 size: 0.0
1691000 : 0.8697492860821889 size: 0.0
1692000 : 0.921580385503317 size: 0.0
1693000 : 0.9726693797859721 size: 0.0
1694000 : 0.9744539577626501 size: 0.0
1695000 : 0.905471630510252 size: 0.0
1696000 : 0.9483420898561261 size: 0.0
1697000 : 0.8927656382558332 size: 0.0
1698000 : 0.9696184935509913 size: 0.0
1699000 : 0.8990560756937913 size: 0.0
1700000 : 0.9242098282523585 size: 0.0
1701000 : 0.9078700145678593 size: 0.0
1702000 : 0.8746496737445484 size: 0.0
1703000 : 0.9117832218142663 size: 0.0
1704000 : 0.9924151378881584 size: 0.0
1705000 : 0.9704978408448529 size: 0.0
1706000 : 0.9117924228860874 size: 0.0
1707000 : 0.9040630066083603 size: 0.0
1708000 : 0.8419803653346019 size: 0.0
1709000 : 0.8348221894317155 size: 0.0
1710000 : 0.8852878325963183 size: 0.0
1711000 : 0.8990166056754183 size: 0.0
1712000 : 0.84260887593218 size: 0.0
1713000 : 0.911327295806829 size: 0.0
1714000 : 0.929844753816553 size: 0.0
1715000 : 0.9625713324492369 size: 0.0
1716000 : 0.8521421322434818 size: 0.0
1717000 : 0.8130607086700917 size: 0.0
1718000 : 0.8618416957781678 size: 0.0
1719000 : 0.9280261232750042 size: 0.0
1720000 : 0.923906536847562 size: 0.0
1721000 : 0.9364747709986397 size: 0.0
1722000 : 0.9565202948612798 size: 0.0
waiting for write process!
write end!
end join!
381.0663766860962
26230.223557949066 
@@@@@@@@@@@@@
end
main
