1953060
0 : 8.231745268159111 size: 0.0
1000 : 5.525413203500488 size: 0.0
2000 : 5.459459920686411 size: 0.0
3000 : 5.253084867234662 size: 0.0
4000 : 5.068094824521797 size: 0.0
5000 : 5.002038008151901 size: 0.0
6000 : 5.146360689276444 size: 0.0
7000 : 4.882026106622721 size: 0.0
8000 : 5.0173282977095095 size: 0.0
9000 : 4.847529138582056 size: 0.0
10000 : 4.978653871079387 size: 0.0
11000 : 4.830047102121851 size: 0.0
12000 : 4.948036831642186 size: 0.0
13000 : 4.954774080007086 size: 0.0
14000 : 4.953126830177122 size: 0.0
15000 : 4.935891072872953 size: 0.0
16000 : 5.056690654943084 size: 0.0
17000 : 4.889615013074693 size: 0.0
18000 : 4.818106690637748 size: 0.0
19000 : 4.761690189779316 size: 0.0
20000 : 4.878316784808912 size: 0.0
21000 : 4.882342554700308 size: 0.0
22000 : 4.944156903038721 size: 0.0
23000 : 4.968592542038611 size: 0.0
24000 : 4.858009417360333 size: 0.0
25000 : 4.748972416713313 size: 0.0
26000 : 4.591753100565869 size: 0.0
27000 : 4.935028407896225 size: 0.0
28000 : 4.823448127808245 size: 0.0
29000 : 4.738189448469516 size: 0.0
30000 : 4.780610689131336 size: 0.0
31000 : 4.727136467463866 size: 0.0
32000 : 4.627694722873782 size: 0.0
33000 : 4.943254682052295 size: 0.0
34000 : 4.72384850314467 size: 0.0
35000 : 4.6721997053334565 size: 0.0
36000 : 4.782565443941043 size: 0.0
37000 : 4.7830604100102265 size: 0.0
38000 : 4.778322287978956 size: 0.0
39000 : 4.8358608036516175 size: 0.0
40000 : 4.777628509965376 size: 0.0
41000 : 4.984706972459154 size: 0.0
42000 : 4.686366948180932 size: 0.0
43000 : 4.6892621041255556 size: 0.0
44000 : 4.832078561193843 size: 0.0
45000 : 4.754190714305792 size: 0.0
46000 : 4.747629920140677 size: 0.0
47000 : 4.8308880972845705 size: 0.0
48000 : 4.970384601260601 size: 0.0
49000 : 4.849763193216764 size: 0.0
50000 : 4.8528241404368195 size: 0.0
51000 : 4.83855026834581 size: 0.0
52000 : 4.825807729778083 size: 0.0
53000 : 4.7737427339517815 size: 0.0
54000 : 5.0100293540068925 size: 0.0
55000 : 4.796369115464594 size: 0.0
56000 : 4.887910665004643 size: 0.0
57000 : 4.781254936141469 size: 0.0
58000 : 4.79818628415361 size: 0.0
59000 : 4.816979860309295 size: 0.0
60000 : 4.818076765656498 size: 0.0
61000 : 4.718128360176973 size: 0.0
62000 : 4.813341739312943 size: 0.0
63000 : 4.678135858510637 size: 0.0
64000 : 4.51841832237676 size: 0.0
65000 : 4.764435032887086 size: 0.0
66000 : 4.8651855654502345 size: 0.0
67000 : 4.6037712482081625 size: 0.0
68000 : 4.679352463782841 size: 0.0
69000 : 4.811272444057762 size: 0.0
70000 : 4.683145369164969 size: 0.0
71000 : 4.689810384816506 size: 0.0
72000 : 4.611553463159704 size: 0.0
73000 : 4.661589751636428 size: 0.0
74000 : 4.669515056153488 size: 0.0
75000 : 4.619625640860601 size: 0.0
76000 : 4.72471357587851 size: 0.0
77000 : 4.7182439325183525 size: 0.0
78000 : 4.651443463166126 size: 0.0
79000 : 4.5832781394966515 size: 0.0
80000 : 4.7370526431473134 size: 0.0
81000 : 4.641791452834403 size: 0.0
82000 : 4.554507849764416 size: 0.0
83000 : 4.55982280160668 size: 0.0
84000 : 4.709930635140946 size: 0.0
85000 : 4.550338646342199 size: 0.0
86000 : 4.588239151043441 size: 0.0
87000 : 4.500525935311598 size: 0.0
88000 : 4.40439416882002 size: 0.0
89000 : 4.582147181584578 size: 0.0
90000 : 4.705846391148256 size: 0.0
91000 : 4.640492295889786 size: 0.0
92000 : 4.842587045126862 size: 0.0
93000 : 4.75813702821249 size: 0.0
94000 : 4.6254967845957555 size: 0.0
95000 : 4.710235732363577 size: 0.0
96000 : 4.6229538491200985 size: 0.0
97000 : 4.564241379872647 size: 0.0
98000 : 4.790359353712844 size: 0.0
99000 : 4.72412161159424 size: 0.0
100000 : 4.9337416337024695 size: 0.0
101000 : 4.625867235225714 size: 0.0
102000 : 4.73130739071259 size: 0.0
103000 : 4.740800833040217 size: 0.0
104000 : 4.634325341995147 size: 0.0
105000 : 4.477103618090592 size: 0.0
106000 : 4.767306799191193 size: 0.0
107000 : 4.643954306651654 size: 0.0
108000 : 4.671320530022246 size: 0.0
109000 : 4.638501080758096 size: 0.0
110000 : 4.793359075109193 size: 0.0
111000 : 4.558101943202147 size: 0.0
112000 : 4.791278772964357 size: 0.0
113000 : 4.795713517599505 size: 0.0
114000 : 4.650409847434441 size: 0.0
115000 : 4.66054375315388 size: 0.0
116000 : 4.555381521630799 size: 0.0
117000 : 4.931432938597287 size: 0.0
118000 : 4.595997632389163 size: 0.0
119000 : 4.684266696048595 size: 0.0
120000 : 4.7535616017689355 size: 0.0
121000 : 4.484885489076832 size: 0.0
122000 : 4.634369025588466 size: 0.0
123000 : 4.605950612359896 size: 0.0
124000 : 4.822118701917075 size: 0.0
125000 : 4.667666930587316 size: 0.0
126000 : 4.660049818980602 size: 0.0
127000 : 4.750450779580129 size: 0.0
128000 : 4.7675988257323585 size: 0.0
129000 : 4.934248982522514 size: 0.0
130000 : 4.7010460113973735 size: 0.0
131000 : 4.720866323978709 size: 0.0
132000 : 4.775179133051787 size: 0.0
133000 : 4.824442531495534 size: 0.0
134000 : 4.779919318874868 size: 0.0
135000 : 4.70319992211678 size: 0.0
136000 : 4.677462030484556 size: 0.0
137000 : 4.711061249087718 size: 0.0
138000 : 4.625338560556962 size: 0.0
139000 : 4.683731486039109 size: 0.0
140000 : 4.721468263256729 size: 0.0
141000 : 4.651181705571513 size: 0.0
142000 : 4.896480216531835 size: 0.0
143000 : 4.809643768354091 size: 0.0
144000 : 4.74952413705728 size: 0.0
145000 : 4.6038300662747575 size: 0.0
146000 : 4.842359684062421 size: 0.0
147000 : 4.752088398381645 size: 0.0
148000 : 4.72085669295026 size: 0.0
149000 : 4.749158157976244 size: 0.0
150000 : 4.7642083597532485 size: 0.0
151000 : 4.735822279263041 size: 0.0
152000 : 4.776411904693172 size: 0.0
153000 : 4.785202969874676 size: 0.0
154000 : 4.650917540219788 size: 0.0
155000 : 4.849946182757281 size: 0.0
156000 : 4.633381501207212 size: 0.0
157000 : 4.7560711726103255 size: 0.0
158000 : 4.816942712056709 size: 0.0
159000 : 4.575596018447912 size: 0.0
160000 : 4.559557948324351 size: 0.0
161000 : 4.717484113166841 size: 0.0
162000 : 4.7766905165875695 size: 0.0
163000 : 4.664755264308209 size: 0.0
164000 : 4.657596658448695 size: 0.0
165000 : 4.7064204692368365 size: 0.0
166000 : 4.580164565585432 size: 0.0
167000 : 4.72843115285956 size: 0.0
168000 : 4.801448795040478 size: 0.0
169000 : 4.75384743693467 size: 0.0
170000 : 4.753326329502555 size: 0.0
171000 : 4.833845854914109 size: 0.0
172000 : 4.777589297920978 size: 0.0
173000 : 4.628049351099862 size: 0.0
174000 : 4.625031055577219 size: 0.0
175000 : 4.729337501429607 size: 0.0
176000 : 4.754737275170234 size: 0.0
177000 : 4.772344171034965 size: 0.0
178000 : 4.658953257598701 size: 0.0
179000 : 4.675838858225713 size: 0.0
180000 : 4.7755688457386425 size: 0.0
181000 : 4.726875397799856 size: 0.0
182000 : 4.670778096741425 size: 0.0
183000 : 4.720327330350905 size: 0.0
184000 : 4.6494353937346515 size: 0.0
185000 : 4.803532536838332 size: 0.0
186000 : 4.709897958437282 size: 0.0
187000 : 4.63592443668287 size: 0.0
188000 : 4.66110372866509 size: 0.0
189000 : 4.7697554881741775 size: 0.0
190000 : 4.582766663092985 size: 0.0
191000 : 4.51665412434421 size: 0.0
192000 : 4.927820958963866 size: 0.0
193000 : 4.665918898923946 size: 0.0
194000 : 4.812641081993328 size: 0.0
195000 : 4.7204229527047845 size: 0.0
196000 : 4.77625987202981 size: 0.0
197000 : 4.652778392502123 size: 0.0
198000 : 4.7665012324545515 size: 0.0
199000 : 4.65859622161551 size: 0.0
200000 : 4.6768170955438215 size: 0.0
201000 : 4.600844103490477 size: 0.0
202000 : 4.645636296977092 size: 0.0
203000 : 4.608947925999133 size: 0.0
204000 : 4.787955036253782 size: 0.0
205000 : 4.677495739084126 size: 0.0
206000 : 4.632741037815399 size: 0.0
207000 : 4.649117569795857 size: 0.0
208000 : 4.655132491027133 size: 0.0
209000 : 4.830956546379613 size: 0.0
210000 : 4.581375323447506 size: 0.0
211000 : 4.579234827374867 size: 0.0
212000 : 4.642325630947983 size: 0.0
213000 : 4.540075409669311 size: 0.0
214000 : 4.752242150871516 size: 0.0
215000 : 4.6507304230956485 size: 0.0
216000 : 4.501370370127334 size: 0.0
217000 : 4.7965696472355 size: 0.0
218000 : 4.786895623124467 size: 0.0
219000 : 4.745341862953599 size: 0.0
220000 : 4.7947916905908805 size: 0.0
221000 : 4.529201634585859 size: 0.0
222000 : 4.7126503687816905 size: 0.0
223000 : 4.763522492941608 size: 0.0
224000 : 4.683185613105271 size: 0.0
225000 : 4.830259328713016 size: 0.0
226000 : 4.880271195653317 size: 0.0
227000 : 4.658170048606672 size: 0.0
228000 : 4.750469009741121 size: 0.0
229000 : 4.738815121353355 size: 0.0
230000 : 4.6250857460601935 size: 0.0
231000 : 4.89894300809219 size: 0.0
232000 : 4.751825608891127 size: 0.0
233000 : 4.754215479807516 size: 0.0
234000 : 4.883951280416479 size: 0.0
235000 : 4.610365407007544 size: 0.0
236000 : 4.67699630146602 size: 0.0
237000 : 4.48691419642641 size: 0.0
238000 : 4.67787719660374 size: 0.0
239000 : 4.6690537986838745 size: 0.0
240000 : 4.768286068405206 size: 0.0
241000 : 4.663121429125012 size: 0.0
242000 : 4.8633625493510895 size: 0.0
243000 : 4.705419874174117 size: 0.0
244000 : 4.628691190352882 size: 0.0
245000 : 4.530846476658711 size: 0.0
246000 : 4.621995905754792 size: 0.0
247000 : 4.635050764816486 size: 0.0
248000 : 4.775579508662996 size: 0.0
249000 : 4.665921306681059 size: 0.0
250000 : 4.806048986985757 size: 0.0
251000 : 4.771863995473756 size: 0.0
252000 : 4.5402436087018545 size: 0.0
253000 : 4.471452956113843 size: 0.0
254000 : 4.607240138276065 size: 0.0
255000 : 4.694588750788078 size: 0.0
256000 : 4.653945122805577 size: 0.0
257000 : 4.711289298082763 size: 0.0
258000 : 4.775303648491012 size: 0.0
259000 : 4.581705874102464 size: 0.0
260000 : 4.548854780030555 size: 0.0
261000 : 4.470420028312761 size: 0.0
262000 : 4.750591805353837 size: 0.0
263000 : 4.643115719246047 size: 0.0
264000 : 4.644665626895622 size: 0.0
265000 : 4.50841374761077 size: 0.0
266000 : 4.282545148614324 size: 0.0
267000 : 4.829755763511289 size: 0.0
268000 : 4.667387630762315 size: 0.0
269000 : 4.599594133584007 size: 0.0
270000 : 4.38366991542575 size: 0.0
271000 : 4.705250299280366 size: 0.0
272000 : 4.676403993216449 size: 0.0
273000 : 4.53125304364535 size: 0.0
274000 : 4.612054276639017 size: 0.0
275000 : 4.583288458455703 size: 0.0
276000 : 4.536809115164124 size: 0.0
277000 : 4.653541651506652 size: 0.0
278000 : 4.570374281202415 size: 0.0
279000 : 4.514192708645061 size: 0.0
280000 : 4.714422821981483 size: 0.0
281000 : 4.723689935140575 size: 0.0
282000 : 4.783953343933506 size: 0.0
283000 : 4.794437750295405 size: 0.0
284000 : 4.743860060433764 size: 0.0
285000 : 4.825074395754804 size: 0.0
286000 : 4.664204575860146 size: 0.0
287000 : 4.624301849137561 size: 0.0
288000 : 4.603416963947385 size: 0.0
289000 : 4.7432144375624254 size: 0.0
290000 : 4.741768407433971 size: 0.0
291000 : 4.794706043230751 size: 0.0
292000 : 4.676009808980671 size: 0.0
293000 : 4.835174248909373 size: 0.0
294000 : 4.847500933427314 size: 0.0
295000 : 4.709020846917882 size: 0.0
296000 : 4.842322191844533 size: 0.0
297000 : 4.7496703223105134 size: 0.0
298000 : 4.930370429780257 size: 0.0
299000 : 4.7843361773143265 size: 0.0
300000 : 4.7744998015808795 size: 0.0
301000 : 4.729101885197926 size: 0.0
302000 : 4.634467055699458 size: 0.0
303000 : 4.697537565319773 size: 0.0
304000 : 4.606538449060545 size: 0.0
305000 : 4.744206433492603 size: 0.0
306000 : 4.933796324185444 size: 0.0
307000 : 4.604998860370021 size: 0.0
308000 : 4.753407161348461 size: 0.0
309000 : 4.712290237110784 size: 0.0
310000 : 4.494957481041961 size: 0.0
311000 : 4.6438438937898 size: 0.0
312000 : 4.722038213761688 size: 0.0
313000 : 4.661665080037506 size: 0.0
314000 : 4.620547467869226 size: 0.0
315000 : 4.506214433471536 size: 0.0
316000 : 4.7361779393850245 size: 0.0
317000 : 4.683687114515187 size: 0.0
318000 : 4.560117923835561 size: 0.0
319000 : 4.651123919400823 size: 0.0
320000 : 4.574728881922262 size: 0.0
321000 : 4.5472646284406775 size: 0.0
322000 : 4.5128966473881595 size: 0.0
323000 : 4.47574185946106 size: 0.0
324000 : 4.633231532335659 size: 0.0
325000 : 4.775171909780451 size: 0.0
326000 : 4.553726360598895 size: 0.0
327000 : 4.732953608646649 size: 0.0
328000 : 4.584133581202043 size: 0.0
329000 : 4.673785385374412 size: 0.0
330000 : 4.651486802794143 size: 0.0
331000 : 4.576344142979165 size: 0.0
332000 : 4.733419681630487 size: 0.0
333000 : 4.684788147446011 size: 0.0
334000 : 4.75636698276981 size: 0.0
335000 : 4.606989731536409 size: 0.0
336000 : 4.625229523556315 size: 0.0
337000 : 4.868333879856929 size: 0.0
338000 : 4.7839251387787645 size: 0.0
339000 : 4.711439610919617 size: 0.0
340000 : 4.641645955511773 size: 0.0
341000 : 4.644863406944115 size: 0.0
342000 : 4.732605171796001 size: 0.0
343000 : 4.6913080097402196 size: 0.0
344000 : 4.7257379045470485 size: 0.0
345000 : 4.66372096064592 size: 0.0
346000 : 4.595553917149937 size: 0.0
347000 : 4.775882886059118 size: 0.0
348000 : 4.755352629095021 size: 0.0
349000 : 4.617188990663177 size: 0.0
350000 : 4.504172655440493 size: 0.0
351000 : 4.679808561772929 size: 0.0
352000 : 4.675822347891231 size: 0.0
353000 : 4.574909807670969 size: 0.0
354000 : 4.638737384920382 size: 0.0
355000 : 4.76151751919785 size: 0.0
356000 : 4.775691641351359 size: 0.0
357000 : 4.691729711200136 size: 0.0
358000 : 4.867231127099597 size: 0.0
359000 : 4.592303101083329 size: 0.0
360000 : 4.781660471232203 size: 0.0
361000 : 4.822558977503284 size: 0.0
362000 : 4.601330814392419 size: 0.0
363000 : 4.559650474990516 size: 0.0
364000 : 4.685992713932654 size: 0.0
365000 : 4.538968873293659 size: 0.0
366000 : 4.5723465782425095 size: 0.0
367000 : 4.557714294307102 size: 0.0
368000 : 4.826472270741017 size: 0.0
369000 : 4.649597057426463 size: 0.0
370000 : 4.554409131722821 size: 0.0
371000 : 4.7648364403942 size: 0.0
372000 : 4.769980097516204 size: 0.0
373000 : 4.895037282091096 size: 0.0
374000 : 4.642585668716088 size: 0.0
375000 : 4.556640434635114 size: 0.0
376000 : 4.64415277463075 size: 0.0
377000 : 4.6170073769838655 size: 0.0
378000 : 4.711219473126512 size: 0.0
379000 : 4.605486259202566 size: 0.0
380000 : 4.523167107332385 size: 0.0
381000 : 4.711515627251298 size: 0.0
382000 : 4.667656955593566 size: 0.0
383000 : 4.6840634125552745 size: 0.0
384000 : 4.735478313961315 size: 0.0
385000 : 4.82490619672226 size: 0.0
386000 : 4.6630337179730725 size: 0.0
387000 : 4.796414862849724 size: 0.0
388000 : 4.7725993932888455 size: 0.0
389000 : 4.598746947045856 size: 0.0
390000 : 4.721031083358236 size: 0.0
391000 : 4.776879009572915 size: 0.0
392000 : 4.787301158215201 size: 0.0
393000 : 4.729646382270557 size: 0.0
394000 : 4.799679437528401 size: 0.0
395000 : 4.57378572906493 size: 0.0
396000 : 4.683520979274453 size: 0.0
397000 : 4.706773033671105 size: 0.0
398000 : 4.691535714769962 size: 0.0
399000 : 4.552502532055356 size: 0.0
400000 : 4.552098372825828 size: 0.0
401000 : 4.884224388866049 size: 0.0
402000 : 4.662611672547855 size: 0.0
403000 : 4.674808338181744 size: 0.0
404000 : 4.724874551639718 size: 0.0
405000 : 4.466342319660804 size: 0.0
406000 : 4.615549652035153 size: 0.0
407000 : 4.659005540324563 size: 0.0
408000 : 4.710067877296335 size: 0.0
409000 : 4.538036727325983 size: 0.0
410000 : 4.658408072595466 size: 0.0
411000 : 4.683008127009581 size: 0.0
412000 : 4.660947224452805 size: 0.0
413000 : 4.810684951322414 size: 0.0
414000 : 4.527807543217965 size: 0.0
415000 : 4.546694677935719 size: 0.0
416000 : 4.6858025011208 size: 0.0
417000 : 4.7530769546588045 size: 0.0
418000 : 4.422268669689494 size: 0.0
419000 : 4.5503585963296995 size: 0.0
420000 : 4.704210148207948 size: 0.0
421000 : 4.578138609958268 size: 0.0
422000 : 4.67208275713087 size: 0.0
423000 : 4.4580187033243455 size: 0.0
424000 : 4.694753166202304 size: 0.0
425000 : 4.648519070170854 size: 0.0
426000 : 4.830944507594053 size: 0.0
427000 : 4.670845169975261 size: 0.0
428000 : 4.666138004821146 size: 0.0
429000 : 4.479260624497713 size: 0.0
430000 : 4.771498016392719 size: 0.0
431000 : 4.777909529616886 size: 0.0
432000 : 4.715471916151746 size: 0.0
433000 : 4.788093998235679 size: 0.0
434000 : 4.723496282675703 size: 0.0
435000 : 4.814286955962085 size: 0.0
436000 : 4.629572429455902 size: 0.0
437000 : 4.604833069094589 size: 0.0
438000 : 4.68966557542448 size: 0.0
439000 : 4.534613928608511 size: 0.0
440000 : 4.825037247502217 size: 0.0
441000 : 4.830332937287585 size: 0.0
442000 : 4.6405813829029325 size: 0.0
443000 : 4.751395308298668 size: 0.0
444000 : 4.594752821962218 size: 0.0
445000 : 4.771043982194442 size: 0.0
446000 : 4.835334536739977 size: 0.0
447000 : 4.616659972029123 size: 0.0
448000 : 4.658625458666156 size: 0.0
449000 : 4.7296632365703415 size: 0.0
450000 : 4.770567246286251 size: 0.0
451000 : 4.576670222085201 size: 0.0
452000 : 4.794629338968466 size: 0.0
453000 : 4.689545187568876 size: 0.0
454000 : 4.650805751496726 size: 0.0
455000 : 4.58140421653285 size: 0.0
456000 : 4.67320305211859 size: 0.0
457000 : 4.780391927199439 size: 0.0
458000 : 4.542594611539149 size: 0.0
459000 : 4.573788824752645 size: 0.0
460000 : 4.548949026523228 size: 0.0
461000 : 4.72542317629597 size: 0.0
462000 : 4.580046585486939 size: 0.0
463000 : 4.605756615929723 size: 0.0
464000 : 4.581253215765393 size: 0.0
465000 : 4.652703064101045 size: 0.0
466000 : 4.64242056537126 size: 0.0
467000 : 4.582127231597077 size: 0.0
468000 : 4.704357709322388 size: 0.0
469000 : 4.5854788294970925 size: 0.0
470000 : 4.601744260685093 size: 0.0
471000 : 4.725529117608901 size: 0.0
472000 : 4.698954014432278 size: 0.0
473000 : 4.7295703659388755 size: 0.0
474000 : 4.598843601295641 size: 0.0
475000 : 4.635978095269938 size: 0.0
476000 : 4.645118973163297 size: 0.0
477000 : 4.541574754419533 size: 0.0
478000 : 4.71078848460345 size: 0.0
479000 : 4.715413442050453 size: 0.0
480000 : 4.551042743314832 size: 0.0
481000 : 4.529981403924871 size: 0.0
482000 : 4.655031365228425 size: 0.0
483000 : 4.738618373200768 size: 0.0
484000 : 4.751736521877979 size: 0.0
485000 : 4.525618204072481 size: 0.0
486000 : 4.549623542479912 size: 0.0
487000 : 4.669807426659955 size: 0.0
488000 : 4.662914705978675 size: 0.0
489000 : 4.645895990779895 size: 0.0
490000 : 4.594947506322995 size: 0.0
491000 : 4.788274236053783 size: 0.0
492000 : 4.574706180212347 size: 0.0
493000 : 4.765310080614676 size: 0.0
494000 : 4.516441897753046 size: 0.0
495000 : 4.675543735996833 size: 0.0
496000 : 4.656642842667011 size: 0.0
497000 : 4.623116888673116 size: 0.0
498000 : 4.7556546306299365 size: 0.0
499000 : 4.5901481584680175 size: 0.0
500000 : 4.783457345968418 size: 0.0
501000 : 4.688403566732449 size: 0.0
502000 : 4.792591344555742 size: 0.0
503000 : 4.75642889652412 size: 0.0
504000 : 4.827921396557187 size: 0.0
505000 : 4.795589346125582 size: 0.0
506000 : 4.601910739891128 size: 0.0
507000 : 4.69022176731737 size: 0.0
508000 : 4.689293748933315 size: 0.0
509000 : 4.810834232263363 size: 0.0
510000 : 4.745010624368037 size: 0.0
511000 : 4.786011632299032 size: 0.0
512000 : 4.6959123292691185 size: 0.0
513000 : 4.658025239214646 size: 0.0
514000 : 4.911093238410346 size: 0.0
515000 : 4.749218007938745 size: 0.0
516000 : 4.638845046059822 size: 0.0
517000 : 4.667972027809947 size: 0.0
518000 : 4.619568886585816 size: 0.0
519000 : 4.810260842105387 size: 0.0
520000 : 4.557705351209258 size: 0.0
521000 : 4.8261970984996365 size: 0.0
522000 : 4.74837391708831 size: 0.0
523000 : 4.711008966361856 size: 0.0
524000 : 4.677496427014729 size: 0.0
525000 : 4.720780332653278 size: 0.0
526000 : 4.5956340610652395 size: 0.0
527000 : 4.64564971162386 size: 0.0
528000 : 4.59577164718593 size: 0.0
529000 : 4.664191161213379 size: 0.0
530000 : 4.659303414275858 size: 0.0
531000 : 4.769970810453058 size: 0.0
532000 : 4.621832866201775 size: 0.0
533000 : 4.712857091928028 size: 0.0
534000 : 4.767175404445934 size: 0.0
535000 : 4.5206344908157785 size: 0.0
536000 : 4.691620330234187 size: 0.0
537000 : 4.682460534249233 size: 0.0
538000 : 4.639718717926205 size: 0.0
539000 : 4.803941167616782 size: 0.0
540000 : 4.726184027543387 size: 0.0
541000 : 4.753033271065485 size: 0.0
542000 : 4.656180553301491 size: 0.0
543000 : 4.73387681151648 size: 0.0
544000 : 4.4790497737677555 size: 0.0
545000 : 4.843621348789151 size: 0.0
546000 : 4.7487777323525355 size: 0.0
547000 : 4.670044074787542 size: 0.0
548000 : 4.681849307908067 size: 0.0
549000 : 4.766632283234509 size: 0.0
550000 : 4.89063487019431 size: 0.0
551000 : 4.673736542301566 size: 0.0
552000 : 4.858324145611412 size: 0.0
553000 : 4.74453079277213 size: 0.0
554000 : 4.630017864521637 size: 0.0
555000 : 4.83751562071822 size: 0.0
556000 : 4.536739290207874 size: 0.0
557000 : 4.521016636265996 size: 0.0
558000 : 4.740235010118878 size: 0.0
559000 : 4.668085536359516 size: 0.0
560000 : 4.739950550814352 size: 0.0
561000 : 4.717609316536669 size: 0.0
562000 : 4.608482196980597 size: 0.0
563000 : 4.474948331509979 size: 0.0
564000 : 4.754873485429718 size: 0.0
565000 : 4.678596428049648 size: 0.0
566000 : 4.543857996092387 size: 0.0
567000 : 4.462351290264881 size: 0.0
568000 : 4.659233245354306 size: 0.0
569000 : 4.699016272151891 size: 0.0
570000 : 4.777361248925935 size: 0.0
571000 : 4.78648768027662 size: 0.0
572000 : 4.730329153394482 size: 0.0
573000 : 4.722432054032164 size: 0.0
574000 : 4.889396251142796 size: 0.0
575000 : 4.69398509168355 size: 0.0
576000 : 4.787227549640632 size: 0.0
577000 : 4.796686251472785 size: 0.0
578000 : 4.697366958530116 size: 0.0
579000 : 4.508658650905598 size: 0.0
580000 : 4.723574706764497 size: 0.0
581000 : 4.691247471847116 size: 0.0
582000 : 4.524199347202863 size: 0.0
583000 : 4.672526128404794 size: 0.0
584000 : 4.748766381497579 size: 0.0
585000 : 4.568840539922021 size: 0.0
586000 : 4.596718239696279 size: 0.0
587000 : 4.736004580872955 size: 0.0
588000 : 4.514609594590753 size: 0.0
589000 : 4.644102555696698 size: 0.0
590000 : 4.503711054005577 size: 0.0
591000 : 4.728127087532835 size: 0.0
592000 : 4.72149440461966 size: 0.0
593000 : 4.577704181782188 size: 0.0
594000 : 4.614538394048079 size: 0.0
595000 : 4.630927652744702 size: 0.0
596000 : 4.516806157007573 size: 0.0
597000 : 4.595371959505324 size: 0.0
598000 : 4.864256515170274 size: 0.0
599000 : 4.612224539463371 size: 0.0
600000 : 4.584879985906788 size: 0.0
601000 : 4.665473807823514 size: 0.0
602000 : 4.722730959879364 size: 0.0
603000 : 4.492562106680745 size: 0.0
604000 : 4.602395043035958 size: 0.0
605000 : 4.6677240288274024 size: 0.0
606000 : 4.696007263692395 size: 0.0
607000 : 4.641441640122548 size: 0.0
608000 : 4.59187486428268 size: 0.0
609000 : 4.6865729833966645 size: 0.0
610000 : 4.8461948971766615 size: 0.0
611000 : 4.768648607833224 size: 0.0
612000 : 4.720584960361897 size: 0.0
613000 : 4.653046685437469 size: 0.0
614000 : 4.488280426604864 size: 0.0
615000 : 4.9033990785760455 size: 0.0
616000 : 4.663338815195703 size: 0.0
617000 : 4.769016306740769 size: 0.0
618000 : 4.79838544006331 size: 0.0
619000 : 4.770816621130002 size: 0.0
620000 : 4.658346158841155 size: 0.0
621000 : 4.88948671401715 size: 0.0
622000 : 4.672763808428287 size: 0.0
623000 : 4.583411941999023 size: 0.0
624000 : 4.737061242279856 size: 0.0
625000 : 4.840469594729439 size: 0.0
626000 : 4.649941022728188 size: 0.0
627000 : 4.657702599761627 size: 0.0
628000 : 4.6658304998414035 size: 0.0
629000 : 4.62103865032009 size: 0.0
630000 : 4.550810566736168 size: 0.0
631000 : 4.414827324351962 size: 0.0
632000 : 4.683486238778979 size: 0.0
633000 : 4.761655449283841 size: 0.0
634000 : 4.525773676388861 size: 0.0
635000 : 4.700715116777114 size: 0.0
636000 : 4.645604652169333 size: 0.0
637000 : 4.565676059146145 size: 0.0
638000 : 4.651981768863327 size: 0.0
639000 : 4.804343607019801 size: 0.0
640000 : 4.763224618990313 size: 0.0
641000 : 4.569892041849396 size: 0.0
642000 : 4.639453176713273 size: 0.0
643000 : 4.5314236504350065 size: 0.0
644000 : 4.56772815613624 size: 0.0
645000 : 4.469121215333446 size: 0.0
646000 : 4.636601016431364 size: 0.0
647000 : 4.917642337755201 size: 0.0
648000 : 4.806106773156446 size: 0.0
649000 : 4.696110109317611 size: 0.0
650000 : 4.637824501009602 size: 0.0
651000 : 4.766611645316406 size: 0.0
652000 : 4.79220644738311 size: 0.0
653000 : 4.589115918597539 size: 0.0
654000 : 4.7054962344710995 size: 0.0
655000 : 4.648604373565683 size: 0.0
656000 : 4.725938092352653 size: 0.0
657000 : 4.713158061567038 size: 0.0
658000 : 4.64580724773205 size: 0.0
659000 : 4.752629799766561 size: 0.0
660000 : 4.7270150477123565 size: 0.0
661000 : 4.671057396566426 size: 0.0
662000 : 4.70252024668057 size: 0.0
663000 : 4.338193918919305 size: 0.0
664000 : 4.773292139406521 size: 0.0
665000 : 4.492571393743891 size: 0.0
666000 : 4.750077577227757 size: 0.0
667000 : 4.74870687550038 size: 0.0
668000 : 4.504781817989849 size: 0.0
669000 : 4.57013006583819 size: 0.0
670000 : 4.721307287495521 size: 0.0
671000 : 4.572527503991218 size: 0.0
672000 : 4.568203516183225 size: 0.0
673000 : 4.667936943349171 size: 0.0
674000 : 4.633354671913677 size: 0.0
675000 : 4.685091524842132 size: 0.0
676000 : 4.621452784543368 size: 0.0
677000 : 4.3841112229078645 size: 0.0
678000 : 4.694685061072562 size: 0.0
679000 : 4.581237393361514 size: 0.0
680000 : 4.540476129245821 size: 0.0
681000 : 4.678592644431329 size: 0.0
682000 : 4.511220504472851 size: 0.0
683000 : 4.564316708273726 size: 0.0
684000 : 4.794252352997774 size: 0.0
685000 : 4.67758620195848 size: 0.0
686000 : 4.6156101899282564 size: 0.0
687000 : 4.7191093492174945 size: 0.0
688000 : 4.866277999248515 size: 0.0
689000 : 4.643617220655963 size: 0.0
690000 : 4.631061799212374 size: 0.0
691000 : 4.613259187090962 size: 0.0
692000 : 4.609943017617025 size: 0.0
693000 : 4.838059773825549 size: 0.0
694000 : 4.549975075018276 size: 0.0
695000 : 4.635418807689333 size: 0.0
696000 : 4.720733897337545 size: 0.0
697000 : 4.590067326622112 size: 0.0
698000 : 4.650565319750821 size: 0.0
699000 : 4.444191298194976 size: 0.0
700000 : 4.711474695380392 size: 0.0
701000 : 4.731505858691686 size: 0.0
702000 : 4.694316674234414 size: 0.0
703000 : 4.612776603772641 size: 0.0
704000 : 4.78401594561842 size: 0.0
705000 : 4.725005258454373 size: 0.0
706000 : 4.707328537633392 size: 0.0
707000 : 4.656386588517225 size: 0.0
708000 : 4.602331065489837 size: 0.0
709000 : 4.624371330128509 size: 0.0
710000 : 4.685619511580281 size: 0.0
711000 : 4.578727478554822 size: 0.0
712000 : 4.713672289693117 size: 0.0
713000 : 4.548186111484001 size: 0.0
714000 : 4.662724493166821 size: 0.0
715000 : 4.6376845071318 size: 0.0
716000 : 4.669077532289693 size: 0.0
717000 : 4.574417249358898 size: 0.0
718000 : 4.758469642659259 size: 0.0
719000 : 4.621307631186039 size: 0.0
720000 : 4.594872521887218 size: 0.0
721000 : 4.573548393006739 size: 0.0
722000 : 4.62637664783757 size: 0.0
723000 : 4.600708925126899 size: 0.0
724000 : 4.549020571305987 size: 0.0
725000 : 4.714916412189459 size: 0.0
726000 : 4.777163124912141 size: 0.0
727000 : 4.632108829590827 size: 0.0
728000 : 4.7651078290172615 size: 0.0
729000 : 4.535926156234595 size: 0.0
730000 : 4.567915961190982 size: 0.0
731000 : 4.699098823824305 size: 0.0
732000 : 4.61166421998686 size: 0.0
733000 : 4.746972946414382 size: 0.0
734000 : 4.56247580597889 size: 0.0
735000 : 4.610085763217241 size: 0.0
736000 : 4.60822181524719 size: 0.0
737000 : 4.847799839274513 size: 0.0
738000 : 4.704628066049544 size: 0.0
739000 : 4.285484332117569 size: 0.0
740000 : 4.527740126018827 size: 0.0
741000 : 4.559994784257543 size: 0.0
742000 : 4.677836608698136 size: 0.0
743000 : 4.7815208213197025 size: 0.0
744000 : 4.660438499771552 size: 0.0
745000 : 4.814290395615102 size: 0.0
746000 : 4.779753871564738 size: 0.0
747000 : 4.7127318885582 size: 0.0
748000 : 4.6929521638824685 size: 0.0
749000 : 4.645132043844763 size: 0.0
750000 : 4.633304452979625 size: 0.0
751000 : 4.436404955659813 size: 0.0
752000 : 4.661375805218755 size: 0.0
753000 : 4.512588798443115 size: 0.0
754000 : 4.581466474252463 size: 0.0
755000 : 4.53708944688503 size: 0.0
756000 : 4.594083465485061 size: 0.0
757000 : 4.640834885330304 size: 0.0
758000 : 4.499931907235517 size: 0.0
759000 : 4.533643946457645 size: 0.0
760000 : 4.279498303971638 size: 0.0
761000 : 4.567213584044858 size: 0.0
762000 : 4.685481237528988 size: 0.0
763000 : 4.748347087794776 size: 0.0
764000 : 4.626699287290588 size: 0.0
765000 : 4.655707601011619 size: 0.0
766000 : 4.635749358344291 size: 0.0
767000 : 4.603439665657299 size: 0.0
768000 : 4.7018457307238855 size: 0.0
769000 : 4.838740481157664 size: 0.0
770000 : 4.826108355451791 size: 0.0
771000 : 4.737362555884168 size: 0.0
772000 : 4.709838452440084 size: 0.0
773000 : 4.582932454368417 size: 0.0
774000 : 4.611987547370482 size: 0.0
775000 : 4.738853301501846 size: 0.0
776000 : 4.779632451813229 size: 0.0
777000 : 4.873992109070316 size: 0.0
778000 : 4.632108829590827 size: 0.0
779000 : 4.656032648221749 size: 0.0
780000 : 4.590479741018881 size: 0.0
781000 : 4.72645576013175 size: 0.0
782000 : 4.603422811357515 size: 0.0
783000 : 4.658227146846759 size: 0.0
784000 : 4.564670304603899 size: 0.0
785000 : 4.563082560771134 size: 0.0
786000 : 4.57280508398971 size: 0.0
787000 : 4.760463609513362 size: 0.0
788000 : 4.6531564103687195 size: 0.0
789000 : 4.601776249458154 size: 0.0
790000 : 4.7136179431754455 size: 0.0
791000 : 4.673600676007385 size: 0.0
792000 : 4.852253502001257 size: 0.0
793000 : 4.7156820789511 size: 0.0
794000 : 4.738120655409171 size: 0.0
795000 : 4.678680699548571 size: 0.0
796000 : 4.658890311948485 size: 0.0
797000 : 4.619793495927843 size: 0.0
798000 : 4.6880964057180075 size: 0.0
799000 : 4.642635199719536 size: 0.0
800000 : 4.525611668731749 size: 0.0
801000 : 4.637298578063263 size: 0.0
802000 : 4.947143209788303 size: 0.0
803000 : 4.687186273529642 size: 0.0
804000 : 4.5200507816987505 size: 0.0
805000 : 4.691917516254877 size: 0.0
806000 : 4.693039875034408 size: 0.0
807000 : 4.6365360069893375 size: 0.0
808000 : 4.849568852821289 size: 0.0
809000 : 4.6052936386336 size: 0.0
810000 : 4.842561591694534 size: 0.0
811000 : 4.598265739588742 size: 0.0
812000 : 4.634101420583724 size: 0.0
813000 : 4.674055398136266 size: 0.0
814000 : 4.626083245435198 size: 0.0
815000 : 4.54204461102169 size: 0.0
816000 : 4.561158074907979 size: 0.0
817000 : 4.754100939362042 size: 0.0
818000 : 4.637628440787618 size: 0.0
819000 : 4.578827572457624 size: 0.0
820000 : 4.6676999512562825 size: 0.0
821000 : 4.679099993251374 size: 0.0
822000 : 4.551370886212679 size: 0.0
823000 : 4.618063006494862 size: 0.0
824000 : 4.656674831440071 size: 0.0
825000 : 4.759206416335555 size: 0.0
826000 : 4.513333139356049 size: 0.0
827000 : 4.671730192696601 size: 0.0
828000 : 4.8408080565863365 size: 0.0
829000 : 4.663392817748074 size: 0.0
830000 : 4.557287089402359 size: 0.0
831000 : 4.685734395991058 size: 0.0
832000 : 4.696217426491749 size: 0.0
833000 : 4.757968829179946 size: 0.0
834000 : 4.656577489259682 size: 0.0
835000 : 4.656556163410976 size: 0.0
836000 : 4.814775730655837 size: 0.0
837000 : 4.716072479568559 size: 0.0
838000 : 4.619069105002409 size: 0.0
839000 : 4.590550597871037 size: 0.0
840000 : 4.957871143583823 size: 0.0
841000 : 4.705316340618297 size: 0.0
842000 : 4.766858956368346 size: 0.0
843000 : 4.442311871786347 size: 0.0
844000 : 4.708070470789214 size: 0.0
845000 : 4.678940737316675 size: 0.0
846000 : 4.736014899832007 size: 0.0
847000 : 4.629969021448792 size: 0.0
848000 : 4.479829199141466 size: 0.0
849000 : 4.70075020123789 size: 0.0
850000 : 4.503516713610102 size: 0.0
851000 : 4.60784895686012 size: 0.0
852000 : 4.6156786390233 size: 0.0
853000 : 4.848926325637665 size: 0.0
854000 : 4.576633761763218 size: 0.0
855000 : 4.625235027001143 size: 0.0
856000 : 4.795476525506616 size: 0.0
857000 : 4.7782263216597745 size: 0.0
858000 : 4.584477546503769 size: 0.0
859000 : 4.845334295991744 size: 0.0
860000 : 4.658000129747619 size: 0.0
861000 : 4.472167028080226 size: 0.0
862000 : 4.617173168259297 size: 0.0
863000 : 4.728584217418828 size: 0.0
864000 : 4.681869257895567 size: 0.0
865000 : 4.676602461195545 size: 0.0
866000 : 4.507263527641799 size: 0.0
867000 : 4.73232793576281 size: 0.0
868000 : 4.641281008326643 size: 0.0
869000 : 4.56782377849012 size: 0.0
870000 : 4.713665410387083 size: 0.0
871000 : 4.76969013476685 size: 0.0
872000 : 4.518074701040336 size: 0.0
873000 : 4.556628395849554 size: 0.0
874000 : 4.692840031194105 size: 0.0
875000 : 4.621343747542721 size: 0.0
876000 : 4.666919150021365 size: 0.0
877000 : 4.472275377150269 size: 0.0
878000 : 4.772004677282162 size: 0.0
879000 : 4.616777608162313 size: 0.0
880000 : 4.749394118173228 size: 0.0
881000 : 4.564750448519201 size: 0.0
882000 : 4.567336723622876 size: 0.0
883000 : 4.593199130694324 size: 0.0
884000 : 4.693274803335487 size: 0.0
885000 : 4.613545366221998 size: 0.0
886000 : 4.718986209639477 size: 0.0
887000 : 4.707478162539643 size: 0.0
888000 : 4.529790503182413 size: 0.0
889000 : 4.591975646116086 size: 0.0
890000 : 4.778767379079389 size: 0.0
891000 : 4.666984503428693 size: 0.0
892000 : 4.734219056991697 size: 0.0
893000 : 4.746832952536579 size: 0.0
894000 : 4.667156830044857 size: 0.0
895000 : 4.600832064704917 size: 0.0
896000 : 4.722529740177854 size: 0.0
897000 : 4.6132182552200565 size: 0.0
898000 : 4.710535670106681 size: 0.0
899000 : 4.516266475449165 size: 0.0
900000 : 4.686370387833948 size: 0.0
901000 : 4.727313265628952 size: 0.0
902000 : 4.591896190131387 size: 0.0
903000 : 4.616468727321363 size: 0.0
904000 : 4.636421122578561 size: 0.0
905000 : 4.698638254285294 size: 0.0
906000 : 4.780590051213233 size: 0.0
907000 : 4.7063152158545085 size: 0.0
908000 : 4.673238480544668 size: 0.0
909000 : 4.606191388071104 size: 0.0
910000 : 4.714764035560795 size: 0.0
911000 : 4.698142600285508 size: 0.0
912000 : 4.65041569484457 size: 0.0
913000 : 4.528044879276155 size: 0.0
914000 : 4.674483978902217 size: 0.0
915000 : 4.796030653607696 size: 0.0
916000 : 4.652724733915054 size: 0.0
917000 : 4.64519739725209 size: 0.0
918000 : 4.644123193614801 size: 0.0
919000 : 4.711786671909058 size: 0.0
920000 : 4.457816451726931 size: 0.0
921000 : 4.504450235438985 size: 0.0
922000 : 4.678197428299646 size: 0.0
923000 : 4.598499979959217 size: 0.0
924000 : 4.713845992170489 size: 0.0
925000 : 4.742871848121907 size: 0.0
926000 : 4.675383104200927 size: 0.0
927000 : 4.768491759655638 size: 0.0
928000 : 4.920030832810385 size: 0.0
929000 : 4.768973999008657 size: 0.0
930000 : 4.669859021455213 size: 0.0
931000 : 4.5619698330200515 size: 0.0
932000 : 4.723526895587557 size: 0.0
933000 : 4.615255905667479 size: 0.0
934000 : 4.557018108536409 size: 0.0
935000 : 4.630857139857848 size: 0.0
936000 : 4.6282904707763715 size: 0.0
937000 : 4.550691210776469 size: 0.0
938000 : 4.554681208276485 size: 0.0
939000 : 4.456899784197832 size: 0.0
940000 : 4.607555210492446 size: 0.0
941000 : 4.643186576098202 size: 0.0
942000 : 4.450578045917418 size: 0.0
943000 : 4.605690574591791 size: 0.0
944000 : 4.642066625075784 size: 0.0
945000 : 4.624625520486485 size: 0.0
946000 : 4.604811399280581 size: 0.0
947000 : 4.510410466187286 size: 0.0
948000 : 4.408329475837063 size: 0.0
949000 : 4.743489609803806 size: 0.0
950000 : 4.735364461446443 size: 0.0
951000 : 4.405569498256017 size: 0.0
952000 : 4.40432228007196 size: 0.0
953000 : 4.485122825135023 size: 0.0
954000 : 4.665272244156703 size: 0.0
955000 : 4.6223966253313025 size: 0.0
956000 : 4.676271222609983 size: 0.0
957000 : 4.645017847364589 size: 0.0
958000 : 4.720203158876982 size: 0.0
959000 : 4.6025374446708724 size: 0.0
960000 : 4.664700573825234 size: 0.0
961000 : 4.618716196602839 size: 0.0
962000 : 4.418220198088183 size: 0.0
963000 : 4.707283822144168 size: 0.0
964000 : 4.844740267915665 size: 0.0
965000 : 4.7268478805757175 size: 0.0
966000 : 4.708368344740508 size: 0.0
967000 : 4.693707855650359 size: 0.0
968000 : 4.591521611917808 size: 0.0
969000 : 4.630505607319484 size: 0.0
970000 : 4.543121566381393 size: 0.0
971000 : 4.584442462042993 size: 0.0
972000 : 4.665647510300885 size: 0.0
973000 : 4.883048027534148 size: 0.0
974000 : 4.754024579065058 size: 0.0
975000 : 4.636253267511319 size: 0.0
976000 : 4.677184794451366 size: 0.0
977000 : 4.751845902843929 size: 0.0
978000 : 4.5204680116097435 size: 0.0
979000 : 4.664988128817478 size: 0.0
980000 : 4.445755308421922 size: 0.0
981000 : 4.7812342982233655 size: 0.0
982000 : 4.76535066852028 size: 0.0
983000 : 4.704694795318079 size: 0.0
984000 : 4.756294750056448 size: 0.0
985000 : 4.7782641578429645 size: 0.0
986000 : 4.58279933979665 size: 0.0
987000 : 4.758040029997403 size: 0.0
988000 : 4.708641453190078 size: 0.0
989000 : 4.473392920415575 size: 0.0
990000 : 4.54864840084952 size: 0.0
991000 : 4.665519211243342 size: 0.0
992000 : 4.831088629055476 size: 0.0
993000 : 4.754527456336182 size: 0.0
994000 : 4.5858217629029125 size: 0.0
995000 : 4.616732548707787 size: 0.0
996000 : 4.734132377735663 size: 0.0
997000 : 4.838312244357016 size: 0.0
998000 : 4.859702758540728 size: 0.0
999000 : 4.615275167724375 size: 0.0
1000000 : 4.693510763532471 size: 0.0
1001000 : 4.704361836906009 size: 0.0
1002000 : 4.753510350938979 size: 0.0
1003000 : 4.67919871129297 size: 0.0
1004000 : 4.6642971025263105 size: 0.0
1005000 : 4.7366725614889065 size: 0.0
1006000 : 4.664682687629545 size: 0.0
1007000 : 4.695655731154032 size: 0.0
1008000 : 4.673723471620101 size: 0.0
1009000 : 4.795058951630321 size: 0.0
1010000 : 4.590053224044741 size: 0.0
1011000 : 4.673314152911048 size: 0.0
1012000 : 4.492207822419967 size: 0.0
1013000 : 4.456262416493734 size: 0.0
1014000 : 4.453561944909887 size: 0.0
1015000 : 4.619818605394869 size: 0.0
1016000 : 4.527024334225936 size: 0.0
1017000 : 4.522028238218371 size: 0.0
1018000 : 4.676983230784555 size: 0.0
1019000 : 4.697148196598219 size: 0.0
1020000 : 4.500571338731425 size: 0.0
1021000 : 4.596476088123864 size: 0.0
1022000 : 4.464493162198727 size: 0.0
1023000 : 4.5903803350466825 size: 0.0
1024000 : 4.581532171625092 size: 0.0
1025000 : 4.4649939756780395 size: 0.0
1026000 : 4.619032988645728 size: 0.0
1027000 : 4.617171448432789 size: 0.0
1028000 : 4.552071199566992 size: 0.0
1029000 : 4.368249606984089 size: 0.0
1030000 : 4.836865182332656 size: 0.0
1031000 : 4.6015365056428505 size: 0.0
1032000 : 4.608759776979089 size: 0.0
1033000 : 4.690383774974483 size: 0.0
1034000 : 4.699677373461808 size: 0.0
1035000 : 4.629163110746849 size: 0.0
1036000 : 4.739938855994093 size: 0.0
1037000 : 4.534928312894289 size: 0.0
1038000 : 4.5444066207486395 size: 0.0
1039000 : 4.624679523038855 size: 0.0
1040000 : 4.53224951112445 size: 0.0
1041000 : 4.59173727816199 size: 0.0
1042000 : 4.782926263542554 size: 0.0
1043000 : 4.686395153335673 size: 0.0
1044000 : 4.579511375477455 size: 0.0
1045000 : 4.666254953023732 size: 0.0
1046000 : 4.517072386151108 size: 0.0
1047000 : 4.595428369814807 size: 0.0
1048000 : 4.579031199916246 size: 0.0
1049000 : 4.703203017804495 size: 0.0
1050000 : 4.722643592692725 size: 0.0
1051000 : 4.7629907225851404 size: 0.0
1052000 : 4.3782111860873645 size: 0.0
1053000 : 4.651675295779489 size: 0.0
1054000 : 4.827767644067316 size: 0.0
1055000 : 4.819206347707365 size: 0.0
1056000 : 4.568454610853484 size: 0.0
1057000 : 4.66185529284936 size: 0.0
1058000 : 4.6783002739248625 size: 0.0
1059000 : 4.754913385404717 size: 0.0
1060000 : 4.544033418396268 size: 0.0
1061000 : 4.633331626238462 size: 0.0
1062000 : 4.762841785609493 size: 0.0
1063000 : 4.7348371626388985 size: 0.0
1064000 : 4.66553881726554 size: 0.0
1065000 : 4.717622731183436 size: 0.0
1066000 : 4.866179625172222 size: 0.0
1067000 : 4.643521598302083 size: 0.0
1068000 : 4.896080184885928 size: 0.0
1069000 : 4.651930861998671 size: 0.0
1070000 : 4.498996665580125 size: 0.0
1071000 : 4.703318246180573 size: 0.0
1072000 : 4.6961971325389475 size: 0.0
1073000 : 4.946644116135499 size: 0.0
1074000 : 4.651236396054487 size: 0.0
1075000 : 4.645113125753167 size: 0.0
1076000 : 4.611770505265093 size: 0.0
1077000 : 4.667144791259297 size: 0.0
1078000 : 4.7198075987799974 size: 0.0
1079000 : 4.5918690168725504 size: 0.0
1080000 : 4.69103902887427 size: 0.0
1081000 : 4.530132060727027 size: 0.0
1082000 : 4.623783493427861 size: 0.0
1083000 : 4.581048900376168 size: 0.0
1084000 : 4.689856132201636 size: 0.0
1085000 : 4.734983347892132 size: 0.0
1086000 : 4.522266606172467 size: 0.0
1087000 : 4.601087974889401 size: 0.0
1088000 : 4.76747362236253 size: 0.0
1089000 : 4.550656814246296 size: 0.0
1090000 : 4.527773490653094 size: 0.0
1091000 : 4.612080418001948 size: 0.0
1092000 : 4.606977348785547 size: 0.0
1093000 : 4.537854425716068 size: 0.0
1094000 : 4.671520373862548 size: 0.0
1095000 : 4.507199206130376 size: 0.0
1096000 : 4.678033700816025 size: 0.0
1097000 : 4.599604452543058 size: 0.0
1098000 : 4.479118910793402 size: 0.0
1099000 : 4.7030361946331585 size: 0.0
1100000 : 4.623394468671608 size: 0.0
1101000 : 4.66238947096294 size: 0.0
1102000 : 4.722362573041216 size: 0.0
1103000 : 4.6555823976417905 size: 0.0
1104000 : 4.5181063458480955 size: 0.0
1105000 : 4.488912634829435 size: 0.0
1106000 : 4.625353351064936 size: 0.0
1107000 : 4.6073096192670135 size: 0.0
1108000 : 4.65221772906031 size: 0.0
1109000 : 4.533160331243419 size: 0.0
1110000 : 4.68798736871736 size: 0.0
1111000 : 4.723845407456954 size: 0.0
1112000 : 4.615946587993344 size: 0.0
1113000 : 4.702673311239837 size: 0.0
1114000 : 4.5550100391049355 size: 0.0
1115000 : 4.404716464307737 size: 0.0
1116000 : 4.674335041926569 size: 0.0
1117000 : 4.810746521111423 size: 0.0
1118000 : 4.539208961074264 size: 0.0
1119000 : 4.488814604718444 size: 0.0
1120000 : 4.544913969568685 size: 0.0
1121000 : 4.460123083040303 size: 0.0
1122000 : 4.622415543422898 size: 0.0
1123000 : 4.607999269696974 size: 0.0
1124000 : 4.637717183835464 size: 0.0
1125000 : 4.683064881284365 size: 0.0
1126000 : 4.7855328325990305 size: 0.0
1127000 : 4.565906859863603 size: 0.0
1128000 : 4.565074807798728 size: 0.0
1129000 : 4.597084218777314 size: 0.0
1130000 : 4.54889158431784 size: 0.0
1131000 : 4.6533290809501855 size: 0.0
1132000 : 4.719300593925254 size: 0.0
1133000 : 4.689563417729867 size: 0.0
1134000 : 4.655936681902568 size: 0.0
1135000 : 4.516338708162528 size: 0.0
1136000 : 4.678705465050295 size: 0.0
1137000 : 4.728732466463872 size: 0.0
1138000 : 4.5182456517952945 size: 0.0
1139000 : 4.607838293935766 size: 0.0
1140000 : 4.622877832788417 size: 0.0
1141000 : 4.780101964450084 size: 0.0
1142000 : 4.688212665989991 size: 0.0
1143000 : 4.590681648650994 size: 0.0
1144000 : 4.706134634071103 size: 0.0
1145000 : 4.519260349435385 size: 0.0
1146000 : 4.514284891345924 size: 0.0
1147000 : 4.630081498102457 size: 0.0
1148000 : 4.677853462997921 size: 0.0
1149000 : 4.39179850343613 size: 0.0
1150000 : 4.50371965313812 size: 0.0
1151000 : 4.530251760652027 size: 0.0
1152000 : 4.668878032414693 size: 0.0
1153000 : 4.625013169381529 size: 0.0
1154000 : 4.652063632605137 size: 0.0
1155000 : 4.5811338598056945 size: 0.0
1156000 : 4.474904647916659 size: 0.0
1157000 : 4.6465643153611484 size: 0.0
1158000 : 4.513673321039456 size: 0.0
1159000 : 4.513810907160146 size: 0.0
1160000 : 4.523300221904153 size: 0.0
1161000 : 4.443339296142602 size: 0.0
1162000 : 4.687748312832661 size: 0.0
1163000 : 4.615741584673516 size: 0.0
1164000 : 4.706599675159036 size: 0.0
1165000 : 4.681478513312807 size: 0.0
1166000 : 4.689469859167798 size: 0.0
1167000 : 4.570666651708882 size: 0.0
1168000 : 4.605748704727783 size: 0.0
1169000 : 4.573333758658462 size: 0.0
1170000 : 4.627157105107186 size: 0.0
1171000 : 4.655836931965068 size: 0.0
1172000 : 4.554898250381875 size: 0.0
1173000 : 4.666602701943777 size: 0.0
1174000 : 4.73214460225699 size: 0.0
1175000 : 4.748756406503829 size: 0.0
1176000 : 4.6538670426820845 size: 0.0
1177000 : 4.502499608212899 size: 0.0
1178000 : 4.536799140170374 size: 0.0
1179000 : 4.561581840159705 size: 0.0
1180000 : 4.676856995518821 size: 0.0
1181000 : 4.412100367439881 size: 0.0
1182000 : 4.612064251632767 size: 0.0
1183000 : 4.6885930916137 size: 0.0
1184000 : 4.713608312146997 size: 0.0
1185000 : 4.689377676466935 size: 0.0
1186000 : 4.706246766759465 size: 0.0
1187000 : 4.790559541518449 size: 0.0
1188000 : 4.623400660047039 size: 0.0
1189000 : 4.822297563873973 size: 0.0
1190000 : 4.695877588773644 size: 0.0
1191000 : 4.646141925970629 size: 0.0
1192000 : 4.664202512068336 size: 0.0
1193000 : 4.809283980648486 size: 0.0
1194000 : 4.632992132485659 size: 0.0
1195000 : 4.599316209620212 size: 0.0
1196000 : 4.665534001751316 size: 0.0
1197000 : 4.623621141805446 size: 0.0
1198000 : 4.5384291917352515 size: 0.0
1199000 : 4.660416829957544 size: 0.0
1200000 : 4.6200115699291375 size: 0.0
1201000 : 4.6574208921795135 size: 0.0
1202000 : 4.736078533412826 size: 0.0
1203000 : 4.681675605430695 size: 0.0
1204000 : 4.789763605810255 size: 0.0
1205000 : 4.730324337880258 size: 0.0
1206000 : 4.683347620762384 size: 0.0
1207000 : 4.674209150626138 size: 0.0
1208000 : 4.722284492917724 size: 0.0
1209000 : 4.85924253296702 size: 0.0
1210000 : 4.715992335653257 size: 0.0
1211000 : 4.70038353422625 size: 0.0
1212000 : 4.769561835709307 size: 0.0
1213000 : 4.63001442486862 size: 0.0
1214000 : 4.691791280989144 size: 0.0
1215000 : 4.70153753781354 size: 0.0
1216000 : 4.681243585011728 size: 0.0
1217000 : 4.481646367830482 size: 0.0
1218000 : 4.680314190766466 size: 0.0
1219000 : 4.668686443741631 size: 0.0
1220000 : 4.693089062072555 size: 0.0
1221000 : 4.6255053837282984 size: 0.0
1222000 : 4.642373098159621 size: 0.0
1223000 : 4.826149287322696 size: 0.0
1224000 : 4.751474764283366 size: 0.0
1225000 : 4.624039403612344 size: 0.0
1226000 : 4.85981867484741 size: 0.0
1227000 : 4.601622153002981 size: 0.0
1228000 : 4.689850284791507 size: 0.0
1229000 : 4.5001785303568544 size: 0.0
1230000 : 4.469029720563186 size: 0.0
1231000 : 4.76153953297716 size: 0.0
1232000 : 4.707593046950419 size: 0.0
1233000 : 4.599231594155987 size: 0.0
1234000 : 4.6123535264515185 size: 0.0
1235000 : 4.565448698081704 size: 0.0
1236000 : 4.676375444096405 size: 0.0
1237000 : 4.602917870294581 size: 0.0
1238000 : 4.556613949306882 size: 0.0
1239000 : 4.504946577369375 size: 0.0
1240000 : 4.479202494361721 size: 0.0
1241000 : 4.821266699864701 size: 0.0
1242000 : 4.439868342282888 size: 0.0
1243000 : 4.5064957970883475 size: 0.0
1244000 : 4.623162980023547 size: 0.0
1245000 : 4.5793806686627985 size: 0.0
1246000 : 4.63257593447057 size: 0.0
1247000 : 4.620682302267502 size: 0.0
1248000 : 4.822816263548975 size: 0.0
1249000 : 4.578176102176156 size: 0.0
1250000 : 4.58317804559385 size: 0.0
1251000 : 4.763715457475876 size: 0.0
1252000 : 4.7275220525671 size: 0.0
1253000 : 4.731737347339747 size: 0.0
1254000 : 4.552471231212898 size: 0.0
1255000 : 4.608978194945685 size: 0.0
1256000 : 4.671405833417074 size: 0.0
1257000 : 4.628747600662365 size: 0.0
1258000 : 4.547062720808565 size: 0.0
1259000 : 4.62618540312981 size: 0.0
1260000 : 4.606902708315072 size: 0.0
1261000 : 4.549913161263965 size: 0.0
1262000 : 4.6645138006663975 size: 0.0
1263000 : 4.3838759506414835 size: 0.0
1264000 : 4.83223368954492 size: 0.0
1265000 : 4.608545142630812 size: 0.0
1266000 : 4.336713148295376 size: 0.0
1267000 : 4.7376060833177895 size: 0.0
1268000 : 4.412164688951304 size: 0.0
1269000 : 4.484004937904414 size: 0.0
1270000 : 4.751081267978193 size: 0.0
1271000 : 4.498753826077107 size: 0.0
1272000 : 4.632096446839965 size: 0.0
1273000 : 4.73574041552123 size: 0.0
1274000 : 4.588768857608097 size: 0.0
1275000 : 4.723102786370529 size: 0.0
1276000 : 4.760730870552803 size: 0.0
1277000 : 4.617497871504127 size: 0.0
1278000 : 4.547373321476023 size: 0.0
1279000 : 4.6945777438984235 size: 0.0
1280000 : 4.660718143561856 size: 0.0
1281000 : 4.588573485316718 size: 0.0
1282000 : 4.527851226811284 size: 0.0
1283000 : 4.551997590992422 size: 0.0
1284000 : 4.588431427647105 size: 0.0
1285000 : 4.6537370237980324 size: 0.0
1286000 : 4.6417928286956105 size: 0.0
1287000 : 4.805585665724332 size: 0.0
1288000 : 4.45702498756766 size: 0.0
1289000 : 4.624384744775277 size: 0.0
1290000 : 4.7413883257755645 size: 0.0
1291000 : 4.704851643495666 size: 0.0
1292000 : 4.726430306699423 size: 0.0
1293000 : 4.6665683054136045 size: 0.0
1294000 : 4.621299032053496 size: 0.0
1295000 : 4.505798235456448 size: 0.0
1296000 : 4.643440422490876 size: 0.0
1297000 : 4.583853249481137 size: 0.0
1298000 : 4.656455725542871 size: 0.0
1299000 : 4.5754869814472645 size: 0.0
1300000 : 4.428082715184562 size: 0.0
1301000 : 4.420537492325908 size: 0.0
1302000 : 4.541122440047763 size: 0.0
1303000 : 4.646140550109422 size: 0.0
1304000 : 4.883767258980056 size: 0.0
1305000 : 4.646327667233561 size: 0.0
1306000 : 4.536622342005288 size: 0.0
1307000 : 4.619000311942064 size: 0.0
1308000 : 4.38457867175291 size: 0.0
1309000 : 4.62693077593865 size: 0.0
1310000 : 4.718031361961886 size: 0.0
1311000 : 4.671700611680652 size: 0.0
1312000 : 4.731308422608495 size: 0.0
1313000 : 4.613311469816824 size: 0.0
1314000 : 4.702829127521519 size: 0.0
1315000 : 4.617104375198952 size: 0.0
1316000 : 4.5064400747094675 size: 0.0
1317000 : 4.483621760558292 size: 0.0
1318000 : 4.668362772392707 size: 0.0
1319000 : 4.696804575261795 size: 0.0
1320000 : 4.701460833551255 size: 0.0
1321000 : 4.704780786643511 size: 0.0
1322000 : 4.524329710052217 size: 0.0
1323000 : 4.569090602696376 size: 0.0
1324000 : 4.48120746810548 size: 0.0
1325000 : 4.716577420631492 size: 0.0
1326000 : 4.673156960768159 size: 0.0
1327000 : 4.795829433906187 size: 0.0
1328000 : 4.55863680924633 size: 0.0
1329000 : 4.567181939237099 size: 0.0
1330000 : 4.7353627416199355 size: 0.0
1331000 : 4.508072190066156 size: 0.0
1332000 : 4.498114050615897 size: 0.0
1333000 : 4.502061396418501 size: 0.0
1334000 : 4.503100859560315 size: 0.0
1335000 : 4.554844591794805 size: 0.0
1336000 : 4.69377768060661 size: 0.0
1337000 : 4.40013450252345 size: 0.0
1338000 : 4.637087727333306 size: 0.0
1339000 : 4.70487228141377 size: 0.0
1340000 : 4.534848512944288 size: 0.0
1341000 : 4.72989816487142 size: 0.0
1342000 : 4.528909952009996 size: 0.0
1343000 : 4.490278521042588 size: 0.0
1344000 : 4.412302275071994 size: 0.0
1345000 : 4.560766986359917 size: 0.0
1346000 : 4.688264604750551 size: 0.0
1347000 : 4.612464971209278 size: 0.0
1348000 : 4.552251093419794 size: 0.0
1349000 : 4.641045048129659 size: 0.0
1350000 : 4.72129318491815 size: 0.0
1351000 : 4.688949439666287 size: 0.0
1352000 : 4.668141602703698 size: 0.0
1353000 : 4.687715636128997 size: 0.0
1354000 : 4.873127036336476 size: 0.0
1355000 : 4.8178153520271865 size: 0.0
1356000 : 4.702051421974318 size: 0.0
1357000 : 4.690190810440215 size: 0.0
1358000 : 4.847973541751885 size: 0.0
1359000 : 4.560925898329314 size: 0.0
1360000 : 4.757772768957962 size: 0.0
1361000 : 4.66531764757653 size: 0.0
1362000 : 4.818124576833438 size: 0.0
1363000 : 4.664666865225666 size: 0.0
1364000 : 4.7027273137922085 size: 0.0
1365000 : 4.592099817590008 size: 0.0
1366000 : 4.585304783054419 size: 0.0
1367000 : 4.500063301980776 size: 0.0
1368000 : 4.542304304824492 size: 0.0
1369000 : 4.70805568028124 size: 0.0
1370000 : 4.551804282492853 size: 0.0
1371000 : 4.555492966388558 size: 0.0
1372000 : 4.836580379062827 size: 0.0
1373000 : 4.583902092553982 size: 0.0
1374000 : 4.626046785113215 size: 0.0
1375000 : 4.612147147270483 size: 0.0
1376000 : 4.676397457875716 size: 0.0
1377000 : 4.616786895225459 size: 0.0
1378000 : 4.648554842562234 size: 0.0
1379000 : 4.606206178579078 size: 0.0
1380000 : 4.6524327073738885 size: 0.0
1381000 : 4.617684644662964 size: 0.0
1382000 : 4.677003180772055 size: 0.0
1383000 : 4.664865677170063 size: 0.0
1384000 : 4.534075278946009 size: 0.0
1385000 : 4.656102817143301 size: 0.0
1386000 : 4.606851113519814 size: 0.0
1387000 : 4.566669086972227 size: 0.0
1388000 : 4.682804155585657 size: 0.0
1389000 : 4.532037972463888 size: 0.0
1390000 : 4.7382114622488265 size: 0.0
1391000 : 4.665989067845499 size: 0.0
1392000 : 4.468949920613186 size: 0.0
1393000 : 4.7092722855534435 size: 0.0
1394000 : 4.561507887619834 size: 0.0
1395000 : 4.445342894025154 size: 0.0
1396000 : 4.583421573027471 size: 0.0
1397000 : 4.595053447635927 size: 0.0
1398000 : 4.674368750526138 size: 0.0
1399000 : 4.5089255679797375 size: 0.0
1400000 : 4.6447351078865715 size: 0.0
1401000 : 4.716151247622654 size: 0.0
1402000 : 4.575508995226575 size: 0.0
1403000 : 4.472027722133027 size: 0.0
1404000 : 4.539264339487842 size: 0.0
1405000 : 4.649617007413963 size: 0.0
1406000 : 4.386461193849254 size: 0.0
1407000 : 4.595657450705756 size: 0.0
1408000 : 4.511769473094405 size: 0.0
1409000 : 4.574121095234112 size: 0.0
1410000 : 4.423341497465576 size: 0.0
1411000 : 4.610473756077588 size: 0.0
1412000 : 4.551395995679704 size: 0.0
1413000 : 4.609629321261851 size: 0.0
1414000 : 4.667118305931064 size: 0.0
1415000 : 4.822528020626129 size: 0.0
1416000 : 4.628356856079604 size: 0.0
1417000 : 4.648838269970856 size: 0.0
1418000 : 4.89315441602945 size: 0.0
1419000 : 4.73069754023263 size: 0.0
1420000 : 4.75356435349135 size: 0.0
1421000 : 4.563988909341181 size: 0.0
1422000 : 4.516523761494856 size: 0.0
1423000 : 4.7477699140184795 size: 0.0
1424000 : 4.714174822998939 size: 0.0
1425000 : 4.8225022232285 size: 0.0
1426000 : 4.697153700043047 size: 0.0
1427000 : 4.510697333248926 size: 0.0
1428000 : 4.577211967435419 size: 0.0
1429000 : 4.659405228005169 size: 0.0
1430000 : 4.603837633511396 size: 0.0
1431000 : 4.57072203012246 size: 0.0
1432000 : 4.684428015775104 size: 0.0
1433000 : 4.751349560913538 size: 0.0
1434000 : 4.639302863876418 size: 0.0
1435000 : 4.627549913481756 size: 0.0
1436000 : 4.47416925010157 size: 0.0
1437000 : 4.605843295185758 size: 0.0
1438000 : 4.533754359319499 size: 0.0
1439000 : 4.655119764310969 size: 0.0
1440000 : 4.470369465413407 size: 0.0
1441000 : 4.514509156722649 size: 0.0
1442000 : 4.644530104566742 size: 0.0
1443000 : 4.453882864536397 size: 0.0
1444000 : 4.400479499721081 size: 0.0
1445000 : 4.474638762738426 size: 0.0
1446000 : 4.412364188826305 size: 0.0
1447000 : 4.652734364943502 size: 0.0
1448000 : 4.531726683865826 size: 0.0
1449000 : 4.565116083634936 size: 0.0
1450000 : 4.538161586730509 size: 0.0
1451000 : 4.59221160631307 size: 0.0
1452000 : 4.539558085855515 size: 0.0
1453000 : 4.510729322021986 size: 0.0
1454000 : 4.698843945535726 size: 0.0
1455000 : 4.4433148746061795 size: 0.0
1456000 : 4.52575544622787 size: 0.0
1457000 : 4.680799181841898 size: 0.0
1458000 : 4.687735930081799 size: 0.0
1459000 : 4.648147587644991 size: 0.0
1460000 : 4.580776479857201 size: 0.0
1461000 : 4.818968323718571 size: 0.0
1462000 : 4.826346723405886 size: 0.0
1463000 : 4.634530689280277 size: 0.0
1464000 : 4.686831989268864 size: 0.0
1465000 : 4.550764475385736 size: 0.0
1466000 : 4.670089822172671 size: 0.0
1467000 : 4.516350746948088 size: 0.0
1468000 : 4.636730691350114 size: 0.0
1469000 : 4.648683141619778 size: 0.0
1470000 : 4.352626702979712 size: 0.0
1471000 : 4.797703012904686 size: 0.0
1472000 : 4.916101717168773 size: 0.0
1473000 : 4.850417071255344 size: 0.0
1474000 : 4.497326370074946 size: 0.0
1475000 : 4.718156221366413 size: 0.0
1476000 : 4.590655507288063 size: 0.0
1477000 : 4.506178661080156 size: 0.0
1478000 : 4.803399078301262 size: 0.0
1479000 : 4.678138954198353 size: 0.0
1480000 : 4.774523535186699 size: 0.0
1481000 : 4.5306913483076325 size: 0.0
1482000 : 4.530675181938451 size: 0.0
1483000 : 4.492764358278159 size: 0.0
1484000 : 4.662254980529966 size: 0.0
1485000 : 4.523884618951784 size: 0.0
1486000 : 4.537160647702488 size: 0.0
1487000 : 4.723305725898547 size: 0.0
1488000 : 4.562416643946993 size: 0.0
1489000 : 4.515028200362953 size: 0.0
1490000 : 4.69382170816523 size: 0.0
1491000 : 4.5510568458922025 size: 0.0
1492000 : 4.498221023824734 size: 0.0
1493000 : 4.8137854545521686 size: 0.0
1494000 : 4.695124648728167 size: 0.0
1495000 : 4.640381883027932 size: 0.0
1496000 : 4.68886620006327 size: 0.0
1497000 : 4.613834641040748 size: 0.0
1498000 : 4.65609456197606 size: 0.0
1499000 : 4.70630764861787 size: 0.0
1500000 : 4.564418522003036 size: 0.0
1501000 : 4.694436030194113 size: 0.0
1502000 : 4.666226747868992 size: 0.0
1503000 : 4.517388490263394 size: 0.0
1504000 : 4.594438437676441 size: 0.0
1505000 : 4.612255152375225 size: 0.0
1506000 : 4.768233441714042 size: 0.0
1507000 : 4.6723073664728965 size: 0.0
1508000 : 4.591613106688067 size: 0.0
1509000 : 4.612275446328026 size: 0.0
1510000 : 4.512848148280616 size: 0.0
1511000 : 4.684229203830706 size: 0.0
1512000 : 4.666614396764036 size: 0.0
1513000 : 4.683914819544929 size: 0.0
1514000 : 4.610529822421769 size: 0.0
1515000 : 4.7682165874142575 size: 0.0
1516000 : 4.69888453344133 size: 0.0
1517000 : 4.751313444556857 size: 0.0
1518000 : 4.674920126904804 size: 0.0
1519000 : 4.819565447482367 size: 0.0
1520000 : 4.821213385242934 size: 0.0
1521000 : 4.742154336502508 size: 0.0
1522000 : 4.437201235333308 size: 0.0
1523000 : 4.634506267743855 size: 0.0
1524000 : 4.787267449615633 size: 0.0
1525000 : 4.607367405437704 size: 0.0
1526000 : 4.5940146724247155 size: 0.0
1527000 : 4.631550229940824 size: 0.0
1528000 : 4.5989804994857275 size: 0.0
1529000 : 4.6783590919914575 size: 0.0
1530000 : 4.581122508950737 size: 0.0
1531000 : 4.648299276343052 size: 0.0
1532000 : 4.644818003524287 size: 0.0
1533000 : 4.492994471065013 size: 0.0
1534000 : 4.618147277993784 size: 0.0
1535000 : 4.571801049273973 size: 0.0
1536000 : 4.698328685513741 size: 0.0
1537000 : 4.508454679481675 size: 0.0
1538000 : 4.489660759360689 size: 0.0
1539000 : 4.3218414645099665 size: 0.0
1540000 : 4.487511664155507 size: 0.0
1541000 : 4.595932278981835 size: 0.0
1542000 : 4.569387788717066 size: 0.0
1543000 : 4.556242466781018 size: 0.0
1544000 : 4.6692116787573665 size: 0.0
1545000 : 4.585567228579635 size: 0.0
1546000 : 4.477410091174429 size: 0.0
1547000 : 4.801590852710091 size: 0.0
1548000 : 4.686790025502054 size: 0.0
1549000 : 4.7079562743090415 size: 0.0
1550000 : 4.652023388664835 size: 0.0
1551000 : 4.522567575811477 size: 0.0
1552000 : 4.528716299545124 size: 0.0
1553000 : 4.608160245458181 size: 0.0
1554000 : 4.501072152210738 size: 0.0
1555000 : 4.557842937329948 size: 0.0
1556000 : 4.734915930692994 size: 0.0
1557000 : 4.550413286812674 size: 0.0
1558000 : 4.5085417027030115 size: 0.0
1559000 : 4.648494992599734 size: 0.0
1560000 : 4.575841953638646 size: 0.0
1561000 : 4.5742879184054495 size: 0.0
1562000 : 4.511390423331902 size: 0.0
1563000 : 4.645914220940886 size: 0.0
1564000 : 4.766852421027614 size: 0.0
1565000 : 4.643641642192385 size: 0.0
1566000 : 4.499763364237672 size: 0.0
1567000 : 4.612518285831045 size: 0.0
1568000 : 4.575831634679594 size: 0.0
1569000 : 4.609085512119823 size: 0.0
1570000 : 4.435808519826621 size: 0.0
1571000 : 4.508179507240294 size: 0.0
1572000 : 4.602265368117208 size: 0.0
1573000 : 4.571193950516427 size: 0.0
1574000 : 4.433128342195575 size: 0.0
1575000 : 4.567669338069645 size: 0.0
1576000 : 4.477487483367318 size: 0.0
1577000 : 4.501918306852983 size: 0.0
1578000 : 4.733899169261092 size: 0.0
1579000 : 4.65125497018078 size: 0.0
1580000 : 4.717942618914042 size: 0.0
1581000 : 4.4935159224624295 size: 0.0
1582000 : 4.5919006616803095 size: 0.0
1583000 : 4.644277290069974 size: 0.0
1584000 : 4.661592847324144 size: 0.0
1585000 : 4.6386840702986145 size: 0.0
1586000 : 4.547180356941755 size: 0.0
1587000 : 4.569647482519869 size: 0.0
1588000 : 4.585690712122955 size: 0.0
1589000 : 4.547992802984431 size: 0.0
1590000 : 4.617578703350032 size: 0.0
1591000 : 4.638699548737192 size: 0.0
1592000 : 4.527380338313222 size: 0.0
1593000 : 4.6204164170892685 size: 0.0
1594000 : 4.5003921328092265 size: 0.0
1595000 : 4.453719481018077 size: 0.0
1596000 : 4.7438793224906615 size: 0.0
1597000 : 4.6992130203044775 size: 0.0
1598000 : 4.470711022958021 size: 0.0
1599000 : 4.568885943341848 size: 0.0
1600000 : 4.517257783448739 size: 0.0
1601000 : 4.6431459881925985 size: 0.0
1602000 : 4.484725889176831 size: 0.0
1603000 : 4.530614300080046 size: 0.0
1604000 : 4.412810655787944 size: 0.0
1605000 : 4.630341879835862 size: 0.0
1606000 : 4.721031771288839 size: 0.0
1607000 : 4.807263872431451 size: 0.0
1608000 : 4.753976079957515 size: 0.0
1609000 : 4.584731736861744 size: 0.0
1610000 : 4.646583577418045 size: 0.0
1611000 : 4.52017426524207 size: 0.0
1612000 : 4.719487367084091 size: 0.0
1613000 : 4.684674638896441 size: 0.0
1614000 : 4.577826633429602 size: 0.0
1615000 : 4.533525622393851 size: 0.0
1616000 : 4.77521559337377 size: 0.0
1617000 : 4.721644717456514 size: 0.0
1618000 : 4.5716483286800065 size: 0.0
1619000 : 4.50679539086615 size: 0.0
1620000 : 4.8604450356618525 size: 0.0
1621000 : 4.635720809224248 size: 0.0
1622000 : 4.821229207646813 size: 0.0
1623000 : 4.758186215250637 size: 0.0
1624000 : 4.724145001234757 size: 0.0
1625000 : 4.695792629344118 size: 0.0
1626000 : 4.769497514197884 size: 0.0
1627000 : 4.559372207061419 size: 0.0
1628000 : 4.566154858846147 size: 0.0
1629000 : 4.535524060796877 size: 0.0
1630000 : 4.813268130738374 size: 0.0
1631000 : 4.554493403221743 size: 0.0
1632000 : 4.640777787090218 size: 0.0
1633000 : 4.547692521276025 size: 0.0
1634000 : 4.561827087419835 size: 0.0
1635000 : 4.66893547462008 size: 0.0
1636000 : 4.719924203017283 size: 0.0
1637000 : 4.478068440761932 size: 0.0
1638000 : 4.717933331850895 size: 0.0
1639000 : 4.7161213226414045 size: 0.0
1640000 : 4.640350926150776 size: 0.0
1641000 : 4.503495387761395 size: 0.0
1642000 : 4.532196884433286 size: 0.0
1643000 : 4.677835920767532 size: 0.0
1644000 : 4.544393206101873 size: 0.0
1645000 : 4.75233054995406 size: 0.0
1646000 : 4.775427132034332 size: 0.0
1647000 : 4.59874969876827 size: 0.0
1648000 : 4.514999995208211 size: 0.0
1649000 : 4.695476869197134 size: 0.0
1650000 : 4.578730230277236 size: 0.0
1651000 : 4.597275463485074 size: 0.0
1652000 : 4.467284784587532 size: 0.0
1653000 : 4.408440232664219 size: 0.0
1654000 : 4.7242825873554475 size: 0.0
1655000 : 4.55394271477368 size: 0.0
1656000 : 4.552450593294795 size: 0.0
1657000 : 4.702934380903847 size: 0.0
1658000 : 4.37256327583303 size: 0.0
1659000 : 4.584985239289116 size: 0.0
1660000 : 4.643885513591309 size: 0.0
1661000 : 4.516204561694854 size: 0.0
1662000 : 4.588372265615208 size: 0.0
1663000 : 4.6142787002452765 size: 0.0
1664000 : 4.5679218086011115 size: 0.0
1665000 : 4.616726357332356 size: 0.0
1666000 : 4.6319464779684125 size: 0.0
1667000 : 4.676564968977656 size: 0.0
1668000 : 4.857157415307959 size: 0.0
1669000 : 4.750937490482071 size: 0.0
1670000 : 4.755765731422393 size: 0.0
1671000 : 4.77671459415869 size: 0.0
1672000 : 4.712308123306474 size: 0.0
1673000 : 4.730806233267976 size: 0.0
1674000 : 4.70586909285817 size: 0.0
1675000 : 4.61353986277717 size: 0.0
1676000 : 4.811885734190739 size: 0.0
1677000 : 4.629524618278963 size: 0.0
1678000 : 4.652101812753629 size: 0.0
1679000 : 4.6633147376245825 size: 0.0
1680000 : 4.70786443557348 size: 0.0
1681000 : 4.624830179841012 size: 0.0
1682000 : 4.611465752007764 size: 0.0
1683000 : 4.635501703327049 size: 0.0
1684000 : 4.744004869825791 size: 0.0
1685000 : 4.683002623564753 size: 0.0
1686000 : 4.6535488747779885 size: 0.0
1687000 : 4.562529120600657 size: 0.0
1688000 : 4.611893300877809 size: 0.0
1689000 : 4.556545156246536 size: 0.0
1690000 : 4.601511396175825 size: 0.0
1691000 : 4.770329910228059 size: 0.0
1692000 : 4.4932906251897995 size: 0.0
1693000 : 4.533502576718636 size: 0.0
1694000 : 4.566196822612958 size: 0.0
1695000 : 4.368438099969435 size: 0.0
1696000 : 4.540271125925993 size: 0.0
1697000 : 4.806465528966146 size: 0.0
1698000 : 4.708653148010337 size: 0.0
1699000 : 4.448965192617626 size: 0.0
1700000 : 4.385608159900974 size: 0.0
1701000 : 4.7392681236557275 size: 0.0
1702000 : 4.6269589810933915 size: 0.0
1703000 : 4.565160111193556 size: 0.0
1704000 : 4.727467706049427 size: 0.0
1705000 : 4.457781367266155 size: 0.0
1706000 : 4.504451955265494 size: 0.0
1707000 : 4.653524797206868 size: 0.0
1708000 : 4.65647533156507 size: 0.0
1709000 : 4.660188093031897 size: 0.0
1710000 : 4.577871348918826 size: 0.0
1711000 : 4.734306080213034 size: 0.0
1712000 : 4.491602099523628 size: 0.0
1713000 : 4.700207080026465 size: 0.0
1714000 : 4.5620162683357846 size: 0.0
1715000 : 4.5850399297720905 size: 0.0
1716000 : 4.706986636123477 size: 0.0
1717000 : 4.6179464022575765 size: 0.0
1718000 : 4.60853069608814 size: 0.0
1719000 : 4.696401447928173 size: 0.0
1720000 : 4.66139678710216 size: 0.0
1721000 : 4.520872170839271 size: 0.0
1722000 : 4.644901931057908 size: 0.0
1723000 : 4.611868535376085 size: 0.0
1724000 : 4.699016616117192 size: 0.0
1725000 : 4.535696387413042 size: 0.0
1726000 : 4.812058060806903 size: 0.0
1727000 : 4.867744323329772 size: 0.0
1728000 : 4.523158508199842 size: 0.0
1729000 : 4.596603699250804 size: 0.0
1730000 : 4.628288750949863 size: 0.0
1731000 : 4.739714246652066 size: 0.0
1732000 : 4.846897618288088 size: 0.0
1733000 : 4.654532271575622 size: 0.0
1734000 : 4.637606427008308 size: 0.0
1735000 : 4.807992734905808 size: 0.0
1736000 : 4.665053138259504 size: 0.0
1737000 : 4.668122340646801 size: 0.0
1738000 : 4.599483376756851 size: 0.0
1739000 : 4.641371471200997 size: 0.0
1740000 : 4.9024562696840155 size: 0.0
1741000 : 4.708798301367666 size: 0.0
1742000 : 4.7901371521279295 size: 0.0
1743000 : 4.578017190206759 size: 0.0
1744000 : 4.766700388364251 size: 0.0
1745000 : 4.688299345246026 size: 0.0
1746000 : 4.642048738880094 size: 0.0
1747000 : 4.739665059613919 size: 0.0
1748000 : 4.669369558830859 size: 0.0
1749000 : 4.505194920317221 size: 0.0
1750000 : 4.639788542882455 size: 0.0
1751000 : 4.781018631979183 size: 0.0
1752000 : 4.78101794404858 size: 0.0
1753000 : 4.662055136689663 size: 0.0
1754000 : 4.546574290080114 size: 0.0
1755000 : 4.6679376312797745 size: 0.0
1756000 : 4.616547495375459 size: 0.0
1757000 : 4.571414776240135 size: 0.0
1758000 : 4.618895058559736 size: 0.0
1759000 : 4.71185684083061 size: 0.0
1760000 : 4.788979364922321 size: 0.0
1761000 : 4.74919117864521 size: 0.0
1762000 : 4.647934673123223 size: 0.0
1763000 : 4.521064103477634 size: 0.0
1764000 : 4.57429204598907 size: 0.0
1765000 : 4.703120810097382 size: 0.0
1766000 : 4.652421700484234 size: 0.0
1767000 : 4.567235597824169 size: 0.0
1768000 : 4.37689861449598 size: 0.0
1769000 : 4.721352346950047 size: 0.0
1770000 : 4.613158749222857 size: 0.0
1771000 : 4.35199071113682 size: 0.0
1772000 : 4.51760690822999 size: 0.0
1773000 : 4.530029215101811 size: 0.0
1774000 : 4.505159491891144 size: 0.0
1775000 : 4.673439700246178 size: 0.0
1776000 : 4.559438248399351 size: 0.0
1777000 : 4.599032094280987 size: 0.0
1778000 : 4.56083543545496 size: 0.0
1779000 : 4.618980017989262 size: 0.0
1780000 : 4.629848289627886 size: 0.0
1781000 : 4.692961794910916 size: 0.0
1782000 : 4.563482936382343 size: 0.0
1783000 : 4.6368170266408475 size: 0.0
1784000 : 4.577863437716887 size: 0.0
1785000 : 4.5185025938756835 size: 0.0
1786000 : 4.462561453064236 size: 0.0
1787000 : 4.691198972739572 size: 0.0
1788000 : 4.612283013564665 size: 0.0
1789000 : 4.591288059477936 size: 0.0
1790000 : 4.674265216970319 size: 0.0
1791000 : 4.626178867789077 size: 0.0
1792000 : 4.603723780996524 size: 0.0
1793000 : 4.629534937238015 size: 0.0
1794000 : 4.552768073268288 size: 0.0
1795000 : 4.744422099736784 size: 0.0
1796000 : 4.639202426008315 size: 0.0
1797000 : 4.582114848846215 size: 0.0
1798000 : 4.820690557984311 size: 0.0
1799000 : 4.608115873934259 size: 0.0
1800000 : 4.574984104176142 size: 0.0
1801000 : 4.880274979271636 size: 0.0
1802000 : 4.741066718218451 size: 0.0
1803000 : 4.653045309576262 size: 0.0
1804000 : 4.833098418313459 size: 0.0
1805000 : 4.769573874494867 size: 0.0
1806000 : 4.764312925204973 size: 0.0
1807000 : 4.712674446352811 size: 0.0
1808000 : 4.921306256149183 size: 0.0
1809000 : 4.655565887307308 size: 0.0
1810000 : 4.573890638481956 size: 0.0
1811000 : 4.471606708603715 size: 0.0
1812000 : 4.69633127900662 size: 0.0
1813000 : 4.724758635333036 size: 0.0
1814000 : 4.630024743827672 size: 0.0
1815000 : 4.706216841778215 size: 0.0
1816000 : 4.611187484078668 size: 0.0
1817000 : 4.616752842660588 size: 0.0
1818000 : 4.497530685464171 size: 0.0
1819000 : 4.712755278198717 size: 0.0
1820000 : 4.769369559105642 size: 0.0
1821000 : 4.512064939288587 size: 0.0
1822000 : 4.660900789137072 size: 0.0
1823000 : 4.758468266798052 size: 0.0
1824000 : 4.6514224812827205 size: 0.0
1825000 : 4.575871534654594 size: 0.0
1826000 : 4.6129434269439775 size: 0.0
1827000 : 4.7717742205300056 size: 0.0
1828000 : 4.6015581754568595 size: 0.0
1829000 : 4.779702964700083 size: 0.0
1830000 : 4.672905178167296 size: 0.0
1831000 : 4.3624114839179 size: 0.0
1832000 : 4.606050706262698 size: 0.0
1833000 : 4.666953546551538 size: 0.0
1834000 : 4.679137829434564 size: 0.0
1835000 : 4.710995895680391 size: 0.0
1836000 : 4.713730075863808 size: 0.0
1837000 : 4.506283914462484 size: 0.0
1838000 : 4.704819310757304 size: 0.0
1839000 : 4.7413147172009955 size: 0.0
1840000 : 4.645240392914806 size: 0.0
1841000 : 4.65173136212367 size: 0.0
1842000 : 4.746119912466102 size: 0.0
1843000 : 4.713461782928461 size: 0.0
1844000 : 4.595431465502523 size: 0.0
1845000 : 4.687228925227056 size: 0.0
1846000 : 4.533298605294712 size: 0.0
1847000 : 4.52238286644445 size: 0.0
1848000 : 4.624739029036054 size: 0.0
1849000 : 4.483799246653983 size: 0.0
1850000 : 4.641808307134188 size: 0.0
1851000 : 4.657179084572401 size: 0.0
1852000 : 4.45339512173855 size: 0.0
1853000 : 4.554105754326699 size: 0.0
1854000 : 4.683353812137815 size: 0.0
1855000 : 4.683631048171006 size: 0.0
1856000 : 4.6791216630653825 size: 0.0
1857000 : 4.7079879191168 size: 0.0
1858000 : 4.580789550538666 size: 0.0
1859000 : 4.619749812334524 size: 0.0
1860000 : 4.631955077100956 size: 0.0
1861000 : 4.414061313625019 size: 0.0
1862000 : 4.661262984599789 size: 0.0
1863000 : 4.5830652249748836 size: 0.0
1864000 : 4.611164438403453 size: 0.0
1865000 : 4.622998564609323 size: 0.0
1866000 : 4.616646901347657 size: 0.0
1867000 : 4.705838135981015 size: 0.0
1868000 : 4.648752966576028 size: 0.0
1869000 : 4.70106905707259 size: 0.0
1870000 : 4.5258641392632155 size: 0.0
1871000 : 4.508453647585769 size: 0.0
1872000 : 4.500429625027114 size: 0.0
1873000 : 4.5929177670775125 size: 0.0
1874000 : 4.590227614452716 size: 0.0
1875000 : 4.638760430595597 size: 0.0
1876000 : 4.567342227067704 size: 0.0
1877000 : 4.641657306366731 size: 0.0
1878000 : 4.677627133829385 size: 0.0
1879000 : 4.80599395253748 size: 0.0
1880000 : 4.730881561669054 size: 0.0
1881000 : 4.637567214963911 size: 0.0
1882000 : 4.633027904877038 size: 0.0
1883000 : 4.55527007687304 size: 0.0
1884000 : 4.523342873601567 size: 0.0
1885000 : 4.672983946221391 size: 0.0
1886000 : 4.656564074612915 size: 0.0
1887000 : 4.7161337053922665 size: 0.0
1888000 : 4.701687850650393 size: 0.0
1889000 : 4.363260046317257 size: 0.0
1890000 : 4.69398509168355 size: 0.0
1891000 : 4.473163151594023 size: 0.0
1892000 : 4.594470770414803 size: 0.0
1893000 : 4.495985593328819 size: 0.0
1894000 : 4.791566671921901 size: 0.0
1895000 : 4.656873299419167 size: 0.0
1896000 : 4.69149134324604 size: 0.0
1897000 : 4.5933374047456175 size: 0.0
1898000 : 4.463283436232558 size: 0.0
1899000 : 4.5347769681615295 size: 0.0
1900000 : 4.515319195008213 size: 0.0
1901000 : 4.473634384057387 size: 0.0
1902000 : 4.573663621382817 size: 0.0
1903000 : 4.745126196709417 size: 0.0
1904000 : 4.569459333499825 size: 0.0
1905000 : 4.583858408960663 size: 0.0
1906000 : 4.783783769039755 size: 0.0
1907000 : 4.641241108351642 size: 0.0
1908000 : 4.725436246977435 size: 0.0
1909000 : 4.799026247420424 size: 0.0
1910000 : 4.56919929573172 size: 0.0
1911000 : 4.69332123865122 size: 0.0
1912000 : 4.670329565987974 size: 0.0
1913000 : 4.7288349681237865 size: 0.0
1914000 : 4.718168260151973 size: 0.0
1915000 : 4.702083410747378 size: 0.0
1916000 : 4.477935670155466 size: 0.0
1917000 : 4.518640523961675 size: 0.0
1918000 : 4.368642071393358 size: 0.0
1919000 : 4.636204424438474 size: 0.0
1920000 : 4.582425449513674 size: 0.0
1921000 : 4.57549798833692 size: 0.0
1922000 : 4.454007723940923 size: 0.0
1923000 : 4.596897789583779 size: 0.0
1924000 : 4.623740841730447 size: 0.0
1925000 : 4.5813189131380225 size: 0.0
1926000 : 4.666057860905844 size: 0.0
1927000 : 4.701349044828194 size: 0.0
1928000 : 4.8729922019381995 size: 0.0
1929000 : 4.531317709122074 size: 0.0
1930000 : 4.556063260858819 size: 0.0
1931000 : 4.586049123967353 size: 0.0
1932000 : 4.690216951803146 size: 0.0
1933000 : 4.687435304408091 size: 0.0
1934000 : 4.565640630720067 size: 0.0
1935000 : 4.719839587553058 size: 0.0
1936000 : 4.522380114722036 size: 0.0
1937000 : 4.621663291308024 size: 0.0
1938000 : 4.884931925491699 size: 0.0
1939000 : 4.511067095948281 size: 0.0
1940000 : 4.80408632097411 size: 0.0
1941000 : 4.627215579208479 size: 0.0
1942000 : 4.644672162236356 size: 0.0
1943000 : 4.726939375345976 size: 0.0
1944000 : 4.739551551064349 size: 0.0
1945000 : 4.534316054657217 size: 0.0
1946000 : 4.624374769781527 size: 0.0
1947000 : 4.730811736712804 size: 0.0
1948000 : 4.569601391169438 size: 0.0
1949000 : 4.668102734624603 size: 0.0
1950000 : 4.648497400356846 size: 0.0
1951000 : 4.632414614744062 size: 0.0
1952000 : 4.646269881062871 size: 0.0
1953000 : 4.441482915409188 size: 0.0
Time for GPU to GPU operations:  146.11097598075867
Time for model training:  21341.462568044662
Time for GPU to CPU operations:  300.16104769706726
last series
Last encode part don't need inference.
551.9396572113037
38427.05132198334 
