1953060
0 : 8.12593741376469 size: 0.0
1000 : 2.4269190750731533 size: 0.0
2000 : 2.3967237370958685 size: 0.0
3000 : 2.0739494496789628 size: 0.0
4000 : 2.095843013116449 size: 0.0
5000 : 1.941481876643695 size: 0.0
6000 : 1.9498013653965325 size: 0.0
7000 : 2.0055935692323326 size: 0.0
8000 : 1.8054441157591659 size: 0.0
9000 : 1.881341607428781 size: 0.0
10000 : 1.8799292858998957 size: 0.0
11000 : 2.072779623687794 size: 0.0
12000 : 1.8712281676447935 size: 0.0
13000 : 1.9727149579362862 size: 0.0
14000 : 1.8952572396580434 size: 0.0
15000 : 1.6536969435968754 size: 0.0
16000 : 1.7422384277752734 size: 0.0
17000 : 1.8187474897513567 size: 0.0
18000 : 1.7546504156880423 size: 0.0
19000 : 1.8042061846382553 size: 0.0
20000 : 1.7696620933512532 size: 0.0
21000 : 1.803011937110664 size: 0.0
22000 : 1.6541630165807135 size: 0.0
23000 : 1.8970639174053572 size: 0.0
24000 : 1.751235700155161 size: 0.0
25000 : 1.9251328618873746 size: 0.0
26000 : 1.7079192897956 size: 0.0
27000 : 1.8610765477123146 size: 0.0
28000 : 1.7640645740136214 size: 0.0
29000 : 1.8121541908652292 size: 0.0
30000 : 1.9193265556115953 size: 0.0
31000 : 1.8776943713519334 size: 0.0
32000 : 2.0114368517780474 size: 0.0
33000 : 1.6349099027819238 size: 0.0
34000 : 1.8207612346103093 size: 0.0
35000 : 1.926330721050634 size: 0.0
36000 : 1.7827553045440898 size: 0.0
37000 : 1.6875890486544565 size: 0.0
38000 : 1.6641706870344204 size: 0.0
39000 : 1.8911177892344266 size: 0.0
40000 : 1.9337748181105798 size: 0.0
41000 : 1.8114100219349458 size: 0.0
42000 : 1.6729344069744365 size: 0.0
43000 : 1.6989500505878026 size: 0.0
44000 : 1.8593312677713587 size: 0.0
45000 : 1.6731658956224977 size: 0.0
46000 : 1.7125614455076887 size: 0.0
47000 : 1.6506129507016034 size: 0.0
48000 : 1.6485825235255172 size: 0.0
49000 : 1.6906830165434783 size: 0.0
50000 : 1.5731168802922184 size: 0.0
51000 : 1.6069027000715663 size: 0.0
52000 : 1.8327515210631626 size: 0.0
53000 : 1.6547988364409534 size: 0.0
54000 : 1.6642209059684723 size: 0.0
55000 : 1.6714923324469517 size: 0.0
56000 : 1.694985678502764 size: 0.0
57000 : 1.6535521342048487 size: 0.0
58000 : 1.7820964390086345 size: 0.0
59000 : 1.672656654993293 size: 0.0
60000 : 1.5471395888099946 size: 0.0
61000 : 1.5741709619593565 size: 0.0
62000 : 1.4881330292295685 size: 0.0
63000 : 1.7395267773191194 size: 0.0
64000 : 1.7858975995580042 size: 0.0
65000 : 1.8540978357056035 size: 0.0
66000 : 1.7469192795838064 size: 0.0
67000 : 1.6139502051386223 size: 0.0
68000 : 1.757051465476738 size: 0.0
69000 : 1.819055510679052 size: 0.0
70000 : 1.858686676795925 size: 0.0
71000 : 1.759664913839249 size: 0.0
72000 : 1.7406618628148138 size: 0.0
73000 : 1.5998056640010616 size: 0.0
74000 : 1.5863493974322538 size: 0.0
75000 : 1.6988941562262723 size: 0.0
76000 : 1.6879421290366776 size: 0.0
77000 : 1.9193700672222636 size: 0.0
78000 : 1.5734938662629097 size: 0.0
79000 : 1.7141653557096352 size: 0.0
80000 : 1.7030929406644368 size: 0.0
81000 : 1.6712219757197955 size: 0.0
82000 : 1.6994106201268133 size: 0.0
83000 : 1.8262053454233715 size: 0.0
84000 : 1.5646947178968158 size: 0.0
85000 : 1.7481341650295013 size: 0.0
86000 : 1.647272703656546 size: 0.0
87000 : 1.80305097717241 size: 0.0
88000 : 1.690883892279686 size: 0.0
89000 : 1.7125413235375377 size: 0.0
90000 : 1.758193258295816 size: 0.0
91000 : 1.6915931487318443 size: 0.0
92000 : 1.6517239586261772 size: 0.0
93000 : 1.5961157762268001 size: 0.0
94000 : 1.7337868563465733 size: 0.0
95000 : 1.706566302281262 size: 0.0
96000 : 1.6807150740821208 size: 0.0
97000 : 1.5604035787751378 size: 0.0
98000 : 1.777047200361953 size: 0.0
99000 : 1.8748446188271368 size: 0.0
100000 : 1.6624802695590897 size: 0.0
101000 : 1.6453511414984558 size: 0.0
102000 : 1.6040479600498945 size: 0.0
103000 : 1.653372756299999 size: 0.0
104000 : 1.7702915498534113 size: 0.0
105000 : 1.6884910976582317 size: 0.0
106000 : 1.8087874584919388 size: 0.0
107000 : 1.7023647661206838 size: 0.0
108000 : 1.6425693221207498 size: 0.0
109000 : 1.6300532847042088 size: 0.0
110000 : 1.792826608578616 size: 0.0
111000 : 1.6655183430865812 size: 0.0
112000 : 1.6538505241040957 size: 0.0
113000 : 1.6680834643242 size: 0.0
114000 : 1.7398869089900262 size: 0.0
115000 : 1.806631140015421 size: 0.0
116000 : 1.738749931685172 size: 0.0
117000 : 1.6155458601733275 size: 0.0
118000 : 1.5657826801461738 size: 0.0
119000 : 1.6226466798621513 size: 0.0
120000 : 1.736568675724279 size: 0.0
121000 : 1.627192525289757 size: 0.0
122000 : 1.68480912108591 size: 0.0
123000 : 1.6713514786558952 size: 0.0
124000 : 1.6069627220167173 size: 0.0
125000 : 1.675987614975204 size: 0.0
126000 : 1.6976710156133359 size: 0.0
127000 : 1.6953231084637568 size: 0.0
128000 : 1.7615221544859165 size: 0.0
129000 : 1.507385111132453 size: 0.0
130000 : 1.7325195161923652 size: 0.0
131000 : 1.53655233682288 size: 0.0
132000 : 1.5912239017056582 size: 0.0
133000 : 1.531756084655618 size: 0.0
134000 : 1.6203474438027663 size: 0.0
135000 : 1.622718568610212 size: 0.0
136000 : 1.79839867448392 size: 0.0
137000 : 1.7180351373366993 size: 0.0
138000 : 1.5456921828203332 size: 0.0
139000 : 1.660383973027723 size: 0.0
140000 : 1.5413159122864781 size: 0.0
141000 : 1.7261771399938464 size: 0.0
142000 : 1.6699045886141863 size: 0.0
143000 : 1.6701013367667734 size: 0.0
144000 : 1.5957589122262597 size: 0.0
145000 : 1.6338506616352597 size: 0.0
146000 : 1.5861674397876409 size: 0.0
147000 : 1.601400975070465 size: 0.0
148000 : 1.6297834439250052 size: 0.0
149000 : 1.7206133292557837 size: 0.0
150000 : 1.450165623277142 size: 0.0
151000 : 1.5130770489454084 size: 0.0
152000 : 1.6251068916827436 size: 0.0
153000 : 1.6458916829701176 size: 0.0
154000 : 1.563272937322133 size: 0.0
155000 : 1.5340480974436668 size: 0.0
156000 : 1.5495390907548325 size: 0.0
157000 : 1.6942919004891834 size: 0.0
158000 : 1.4834403106181258 size: 0.0
159000 : 1.555677495529428 size: 0.0
160000 : 1.6101714023338647 size: 0.0
161000 : 1.7417271233542582 size: 0.0
162000 : 1.7203328255522266 size: 0.0
163000 : 1.8489331967001934 size: 0.0
164000 : 1.6103991073636073 size: 0.0
165000 : 1.6296764707161684 size: 0.0
166000 : 1.7274078478434207 size: 0.0
167000 : 1.614274220452848 size: 0.0
168000 : 1.583010698231054 size: 0.0
169000 : 1.7860566835100522 size: 0.0
170000 : 1.6361729433698602 size: 0.0
171000 : 1.5314960468875134 size: 0.0
172000 : 1.618215718845322 size: 0.0
173000 : 1.4598669926296624 size: 0.0
174000 : 1.8259423839502023 size: 0.0
175000 : 1.6269815025771484 size: 0.0
176000 : 1.660476671676538 size: 0.0
177000 : 1.6005458773303751 size: 0.0
178000 : 1.655225525397744 size: 0.0
179000 : 1.6000416241980453 size: 0.0
180000 : 1.6494118238679776 size: 0.0
181000 : 1.7278274855115259 size: 0.0
182000 : 1.7419322986567376 size: 0.0
183000 : 1.623802747241251 size: 0.0
184000 : 1.64685891339857 size: 0.0
185000 : 1.7010214096347942 size: 0.0
186000 : 1.698939387663449 size: 0.0
187000 : 1.6832788194585326 size: 0.0
188000 : 1.6254207600205683 size: 0.0
189000 : 1.4665519582686997 size: 0.0
190000 : 1.6050096870335193 size: 0.0
191000 : 1.6237427252960999 size: 0.0
192000 : 1.6210142205401614 size: 0.0
193000 : 1.774180421554721 size: 0.0
194000 : 1.7188195502072847 size: 0.0
195000 : 1.5451349590315377 size: 0.0
196000 : 1.6174627787998443 size: 0.0
197000 : 1.972248884952448 size: 0.0
198000 : 1.6582429610071319 size: 0.0
199000 : 1.6822821799967826 size: 0.0
200000 : 1.6348424855827854 size: 0.0
201000 : 1.8269360997068875 size: 0.0
202000 : 1.6840186888225444 size: 0.0
203000 : 1.7316516917361113 size: 0.0
204000 : 1.647042074921739 size: 0.0
205000 : 1.549307602106771 size: 0.0
206000 : 1.7537640171054953 size: 0.0
207000 : 1.5275100049884662 size: 0.0
208000 : 1.7995942978727182 size: 0.0
209000 : 1.7617892435427065 size: 0.0
210000 : 1.7218507444287416 size: 0.0
211000 : 1.651100865482101 size: 0.0
212000 : 1.6934656958344385 size: 0.0
213000 : 1.489112642408883 size: 0.0
214000 : 1.5603684943143619 size: 0.0
215000 : 1.775901623924556 size: 0.0
216000 : 1.6553240714566884 size: 0.0
217000 : 1.5016202526755316 size: 0.0
218000 : 1.5714966317384398 size: 0.0
219000 : 1.6287479363841602 size: 0.0
220000 : 1.6787386494584053 size: 0.0
221000 : 1.4717380951054677 size: 0.0
222000 : 1.5978574445320877 size: 0.0
223000 : 1.6453953410397275 size: 0.0
224000 : 1.5299881030047484 size: 0.0
225000 : 1.3954760862073488 size: 0.0
226000 : 1.5047892050003298 size: 0.0
227000 : 1.5857256163575744 size: 0.0
228000 : 1.691260190319774 size: 0.0
229000 : 1.405938478789937 size: 0.0
230000 : 1.6562593131120802 size: 0.0
231000 : 1.6500942510266012 size: 0.0
232000 : 1.4558611727257658 size: 0.0
233000 : 1.3972818180500828 size: 0.0
234000 : 1.6153253784149215 size: 0.0
235000 : 1.6132265021437917 size: 0.0
236000 : 1.59562545368919 size: 0.0
237000 : 1.6190587777998513 size: 0.0
238000 : 1.6061803729379425 size: 0.0
239000 : 1.6161899352008087 size: 0.0
240000 : 1.548451472470776 size: 0.0
241000 : 1.5749880515336057 size: 0.0
242000 : 1.629731161199143 size: 0.0
243000 : 1.817860747203508 size: 0.0
244000 : 1.6643619317421798 size: 0.0
245000 : 1.732138402638053 size: 0.0
246000 : 1.4318659812947359 size: 0.0
247000 : 1.5640093670331274 size: 0.0
248000 : 1.6968489385422116 size: 0.0
249000 : 1.649720876691578 size: 0.0
250000 : 1.581554005178246 size: 0.0
251000 : 1.6955800505441458 size: 0.0
252000 : 1.5249073915329592 size: 0.0
253000 : 1.5595151164007806 size: 0.0
254000 : 1.668181322452541 size: 0.0
255000 : 1.6979709533564407 size: 0.0
256000 : 1.6727952730098885 size: 0.0
257000 : 1.6790028148101306 size: 0.0
258000 : 1.5381192707548912 size: 0.0
259000 : 1.6567676938280307 size: 0.0
260000 : 1.7864011647597304 size: 0.0
261000 : 1.6546271977553921 size: 0.0
262000 : 1.6327840252346086 size: 0.0
263000 : 1.7208401743722719 size: 0.0
264000 : 1.4649119317100718 size: 0.0
265000 : 1.584226615572654 size: 0.0
266000 : 1.5941761558903693 size: 0.0
267000 : 1.6503854176545119 size: 0.0
268000 : 1.606125854437619 size: 0.0
269000 : 1.6390116890050017 size: 0.0
270000 : 1.6281991397452569 size: 0.0
271000 : 1.80971255317093 size: 0.0
272000 : 1.759548481584615 size: 0.0
273000 : 1.5391487589029558 size: 0.0
274000 : 1.6440253272429544 size: 0.0
275000 : 1.6232558424115073 size: 0.0
276000 : 1.6987005037614007 size: 0.0
277000 : 1.6435804081251724 size: 0.0
278000 : 1.5794284715962326 size: 0.0
279000 : 1.5766280780922335 size: 0.0
280000 : 1.5949313317103078 size: 0.0
281000 : 1.6419840651598636 size: 0.0
282000 : 1.4362912668840868 size: 0.0
283000 : 1.662400813574391 size: 0.0
284000 : 1.7841294459244836 size: 0.0
285000 : 1.7888305916858185 size: 0.0
286000 : 1.4567241816677954 size: 0.0
287000 : 1.6780462473060318 size: 0.0
288000 : 1.4653859158958498 size: 0.0
289000 : 1.5931562987707528 size: 0.0
290000 : 1.887247319676759 size: 0.0
291000 : 1.7741307185686217 size: 0.0
292000 : 1.6341058838891402 size: 0.0
293000 : 1.6343024600590763 size: 0.0
294000 : 1.89872888144836 size: 0.0
295000 : 1.7871344987830096 size: 0.0
296000 : 1.5162465172181592 size: 0.0
297000 : 1.5953719512618183 size: 0.0
298000 : 1.680403785484059 size: 0.0
299000 : 1.4463899161601 size: 0.0
300000 : 1.543643869448557 size: 0.0
301000 : 1.6260386936851183 size: 0.0
302000 : 1.6888679116462721 size: 0.0
303000 : 1.7158924054895996 size: 0.0
304000 : 1.5243792328121597 size: 0.0
305000 : 1.6465945760641938 size: 0.0
306000 : 1.6228422241361822 size: 0.0
307000 : 1.5829271146627346 size: 0.0
308000 : 1.6409812343226826 size: 0.0
309000 : 1.4798417456314723 size: 0.0
310000 : 1.664189949091317 size: 0.0
311000 : 1.70090893298113 size: 0.0
312000 : 1.5413078291018876 size: 0.0
313000 : 1.5925135996044786 size: 0.0
314000 : 1.6894906608250464 size: 0.0
315000 : 1.6790145096303892 size: 0.0
316000 : 1.6028924086187473 size: 0.0
317000 : 1.6137866496376518 size: 0.0
318000 : 1.5354801969774012 size: 0.0
319000 : 1.6464666209719518 size: 0.0
320000 : 1.6614555969252491 size: 0.0
321000 : 1.6166565241325996 size: 0.0
322000 : 1.5974930132949094 size: 0.0
323000 : 1.5789405568157349 size: 0.0
324000 : 1.63822400846405 size: 0.0
325000 : 1.6519915636309197 size: 0.0
326000 : 1.4712472566199053 size: 0.0
327000 : 1.6592447599484077 size: 0.0
328000 : 1.5949794868525495 size: 0.0
329000 : 1.678039711965299 size: 0.0
330000 : 1.6840615125026093 size: 0.0
331000 : 1.7597323310383874 size: 0.0
332000 : 1.5235341100658197 size: 0.0
333000 : 1.436484059435704 size: 0.0
334000 : 1.6789587872515097 size: 0.0
335000 : 1.6697424089744226 size: 0.0
336000 : 1.599787605822721 size: 0.0
337000 : 1.585555525515871 size: 0.0
338000 : 1.6837631226033623 size: 0.0
339000 : 1.4076805770518517 size: 0.0
340000 : 1.617468454227323 size: 0.0
341000 : 1.6373993516531629 size: 0.0
342000 : 1.6722282462099938 size: 0.0
343000 : 1.544882660482722 size: 0.0
344000 : 1.6682363569008172 size: 0.0
345000 : 1.678122091655062 size: 0.0
346000 : 1.7088268422442028 size: 0.0
347000 : 1.6326889188286815 size: 0.0
348000 : 1.6438949643936003 size: 0.0
349000 : 1.5901560614264512 size: 0.0
350000 : 1.7147026295109307 size: 0.0
351000 : 1.6089723392920492 size: 0.0
352000 : 1.5986910444408198 size: 0.0
353000 : 1.5379968191074769 size: 0.0
354000 : 1.7603117405891442 size: 0.0
355000 : 1.5887925829704108 size: 0.0
356000 : 1.5343543985448533 size: 0.0
357000 : 1.5687614196591178 size: 0.0
358000 : 1.4156032158378233 size: 0.0
359000 : 1.5944829729395085 size: 0.0
360000 : 1.408146478053039 size: 0.0
361000 : 1.6728941630341345 size: 0.0
362000 : 1.6735525126216373 size: 0.0
363000 : 1.75994214987244 size: 0.0
364000 : 1.569530698056427 size: 0.0
365000 : 1.600854414206023 size: 0.0
366000 : 1.7013763818261751 size: 0.0
367000 : 1.602930416784588 size: 0.0
368000 : 1.5522703472331847 size: 0.0
369000 : 1.6554212416544258 size: 0.0
370000 : 1.709487255623516 size: 0.0
371000 : 1.605618161652272 size: 0.0
372000 : 1.6366925029581167 size: 0.0
373000 : 1.6048466474805014 size: 0.0
374000 : 1.538483014061466 size: 0.0
375000 : 1.5845330886564917 size: 0.0
376000 : 1.6516684082299484 size: 0.0
377000 : 1.6942229354461875 size: 0.0
378000 : 1.6387000564416383 size: 0.0
379000 : 1.6262646788883521 size: 0.0
380000 : 1.6685651877292669 size: 0.0
381000 : 1.7304094610489293 size: 0.0
382000 : 1.5608889138158726 size: 0.0
383000 : 1.5072662711207068 size: 0.0
384000 : 1.7738844394125861 size: 0.0
385000 : 1.6946394774265772 size: 0.0
386000 : 1.536069753504559 size: 0.0
387000 : 1.7426252167570637 size: 0.0
388000 : 1.5940932602526534 size: 0.0
389000 : 1.5797418239861045 size: 0.0
390000 : 1.5347564939825706 size: 0.0
391000 : 1.4229656211386092 size: 0.0
392000 : 1.5383961628227802 size: 0.0
393000 : 1.664829208604574 size: 0.0
394000 : 1.4410448673539349 size: 0.0
395000 : 1.5123148218367843 size: 0.0
396000 : 1.665128802382377 size: 0.0
397000 : 1.6131504858121104 size: 0.0
398000 : 1.5264277181665864 size: 0.0
399000 : 1.5885048559955173 size: 0.0
400000 : 1.7118549407779444 size: 0.0
401000 : 1.463348609413729 size: 0.0
402000 : 1.5758813294221872 size: 0.0
403000 : 1.766408181596929 size: 0.0
404000 : 1.6643031136755846 size: 0.0
405000 : 1.746752972360422 size: 0.0
406000 : 1.59183220434176 size: 0.0
407000 : 1.5347544301907603 size: 0.0
408000 : 1.5294989843456945 size: 0.0
409000 : 1.5773641638379263 size: 0.0
410000 : 1.5964798634986765 size: 0.0
411000 : 1.6290958572868557 size: 0.0
412000 : 1.578268276633512 size: 0.0
413000 : 1.7571087356994752 size: 0.0
414000 : 1.546394387983806 size: 0.0
415000 : 1.7272955431724073 size: 0.0
416000 : 1.5448363971496397 size: 0.0
417000 : 1.4538365929598087 size: 0.0
418000 : 1.5718975232976011 size: 0.0
419000 : 1.4899747914376582 size: 0.0
420000 : 1.5834165772870903 size: 0.0
421000 : 1.6135704674455174 size: 0.0
422000 : 1.4816375884717818 size: 0.0
423000 : 1.6224879398754048 size: 0.0
424000 : 1.58404637775455 size: 0.0
425000 : 1.4839906551008868 size: 0.0
426000 : 1.758772495863922 size: 0.0
427000 : 1.666433634754473 size: 0.0
428000 : 1.6482129328088129 size: 0.0
429000 : 1.448665246631015 size: 0.0
430000 : 1.6055607194468837 size: 0.0
431000 : 1.4954434957697937 size: 0.0
432000 : 1.5732493069333826 size: 0.0
433000 : 1.6786134460885773 size: 0.0
434000 : 1.5449349432085842 size: 0.0
435000 : 1.637055730316739 size: 0.0
436000 : 1.8034611557947176 size: 0.0
437000 : 1.5653460161956332 size: 0.0
438000 : 1.5508263808965406 size: 0.0
439000 : 1.612932755776118 size: 0.0
440000 : 1.6682107314858385 size: 0.0
441000 : 1.564923970770416 size: 0.0
442000 : 1.4907691793019935 size: 0.0
443000 : 1.5967316460995398 size: 0.0
444000 : 1.6124052849859218 size: 0.0
445000 : 1.7531508989551694 size: 0.0
446000 : 1.6800563805293163 size: 0.0
447000 : 1.6193315422841197 size: 0.0
448000 : 1.6038510399146566 size: 0.0
449000 : 1.6680643742499544 size: 0.0
450000 : 1.5250649276411496 size: 0.0
451000 : 1.580670358318113 size: 0.0
452000 : 1.759554844942697 size: 0.0
453000 : 1.6348603717784753 size: 0.0
454000 : 1.5932971525618094 size: 0.0
455000 : 1.5703235380769045 size: 0.0
456000 : 1.6905877381549004 size: 0.0
457000 : 1.5136586942706265 size: 0.0
458000 : 1.6770678380052733 size: 0.0
459000 : 1.7447744839448962 size: 0.0
460000 : 1.5362699413101633 size: 0.0
461000 : 1.6524755228104475 size: 0.0
462000 : 1.609564303576319 size: 0.0
463000 : 1.8782877114974101 size: 0.0
464000 : 1.5059440685008734 size: 0.0
465000 : 1.6893386281616838 size: 0.0
466000 : 1.5746872538772467 size: 0.0
467000 : 1.6468209052327294 size: 0.0
468000 : 1.489625322691105 size: 0.0
469000 : 1.6372593577753607 size: 0.0
470000 : 1.4428812980998478 size: 0.0
471000 : 1.6275540328218705 size: 0.0
472000 : 1.6808471567579835 size: 0.0
473000 : 1.6533056830661623 size: 0.0
474000 : 1.6472080381798215 size: 0.0
475000 : 1.5717043867806821 size: 0.0
476000 : 1.472163924149004 size: 0.0
477000 : 1.5784700122829742 size: 0.0
478000 : 1.5732106108369386 size: 0.0
479000 : 1.6722536996423214 size: 0.0
480000 : 1.4901613926138444 size: 0.0
481000 : 1.617424254686051 size: 0.0
482000 : 1.6381232266306445 size: 0.0
483000 : 1.458203748413168 size: 0.0
484000 : 1.7041876102371787 size: 0.0
485000 : 1.64658184934803 size: 0.0
486000 : 1.8633986574642643 size: 0.0
487000 : 1.441535619848172 size: 0.0
488000 : 1.5046304650135833 size: 0.0
489000 : 1.607346931258745 size: 0.0
490000 : 1.4846135762623118 size: 0.0
491000 : 1.6706891734674225 size: 0.0
492000 : 1.397685891288285 size: 0.0
493000 : 1.6696190974137541 size: 0.0
494000 : 1.6493206730630203 size: 0.0
495000 : 1.512788118091959 size: 0.0
496000 : 1.4886678952737518 size: 0.0
497000 : 1.639594366226125 size: 0.0
498000 : 1.5402124715985424 size: 0.0
499000 : 1.5332569772496978 size: 0.0
500000 : 1.588888893254894 size: 0.0
501000 : 1.7213673011971662 size: 0.0
502000 : 1.803330276997411 size: 0.0
503000 : 1.6040928475217697 size: 0.0
504000 : 1.6418139743181603 size: 0.0
505000 : 1.8320457042640217 size: 0.0
506000 : 1.5845681731172676 size: 0.0
507000 : 1.6379825448222387 size: 0.0
508000 : 1.5641584759914255 size: 0.0
509000 : 1.7162147009773165 size: 0.0
510000 : 1.616448941073008 size: 0.0
511000 : 1.5736495105619404 size: 0.0
512000 : 1.3823109002751262 size: 0.0
513000 : 1.5930943850164423 size: 0.0
514000 : 1.610259973399059 size: 0.0
515000 : 1.4512709557742374 size: 0.0
516000 : 1.6816745652912843 size: 0.0
517000 : 1.4704922527826174 size: 0.0
518000 : 1.6232704609368307 size: 0.0
519000 : 1.545840431865377 size: 0.0
520000 : 1.5605972312400094 size: 0.0
521000 : 1.5551567320626152 size: 0.0
522000 : 1.5313001586481807 size: 0.0
523000 : 1.5603564555288014 size: 0.0
524000 : 1.7115255940015421 size: 0.0
525000 : 1.6728489315969577 size: 0.0
526000 : 1.6223496658241112 size: 0.0
527000 : 1.6012559936957877 size: 0.0
528000 : 1.636246035996477 size: 0.0
529000 : 1.5360162669001407 size: 0.0
530000 : 1.6270678378678813 size: 0.0
531000 : 1.5818568666264154 size: 0.0
532000 : 1.4958411196585886 size: 0.0
533000 : 1.7396645354224605 size: 0.0
534000 : 1.4480612435611848 size: 0.0
535000 : 1.7659274900877675 size: 0.0
536000 : 1.4448099115466233 size: 0.0
537000 : 1.6690345283834713 size: 0.0
538000 : 1.5037265242006483 size: 0.0
539000 : 1.5468812708683986 size: 0.0
540000 : 1.4181458933395044 size: 0.0
541000 : 1.5291742811008655 size: 0.0
542000 : 1.611588883342276 size: 0.0
543000 : 1.5959988280242132 size: 0.0
544000 : 1.7473607590485711 size: 0.0
545000 : 1.5693865765950041 size: 0.0
546000 : 1.7767926660386761 size: 0.0
547000 : 1.7130810050959453 size: 0.0
548000 : 1.603939610979851 size: 0.0
549000 : 1.5639825377395928 size: 0.0
550000 : 1.6322563824617615 size: 0.0
551000 : 1.738728605836465 size: 0.0
552000 : 1.606192411723503 size: 0.0
553000 : 1.609929078778799 size: 0.0
554000 : 1.5841526630327831 size: 0.0
555000 : 1.5930962768256016 size: 0.0
556000 : 1.5937099109238801 size: 0.0
557000 : 1.5130533153395893 size: 0.0
558000 : 1.579608537431686 size: 0.0
559000 : 1.601708308067557 size: 0.0
560000 : 1.7005520689805897 size: 0.0
561000 : 1.543992478281856 size: 0.0
562000 : 1.6460311608999674 size: 0.0
563000 : 1.4810487198752276 size: 0.0
564000 : 1.7341839642874153 size: 0.0
565000 : 1.5127920736929288 size: 0.0
566000 : 1.5799132906890148 size: 0.0
567000 : 1.7058224773162804 size: 0.0
568000 : 1.5230780120757317 size: 0.0
569000 : 1.6145714064735388 size: 0.0
570000 : 1.5919195715283982 size: 0.0
571000 : 1.61112521811555 size: 0.0
572000 : 1.7336052426672621 size: 0.0
573000 : 1.6401789352564076 size: 0.0
574000 : 1.6213322164616069 size: 0.0
575000 : 1.4208454190187725 size: 0.0
576000 : 1.3829934994164006 size: 0.0
577000 : 1.5488432489494415 size: 0.0
578000 : 1.4625948094549974 size: 0.0
579000 : 1.719726758690586 size: 0.0
580000 : 1.5953227642236716 size: 0.0
581000 : 1.7254659917325288 size: 0.0
582000 : 1.6007983478618417 size: 0.0
583000 : 1.5378078101741786 size: 0.0
584000 : 1.6764843008708956 size: 0.0
585000 : 1.5925141155524312 size: 0.0
586000 : 1.6139625878894845 size: 0.0
587000 : 1.5633372588335557 size: 0.0
588000 : 1.715334149804899 size: 0.0
589000 : 1.5135243758203025 size: 0.0
590000 : 1.5109355209768647 size: 0.0
591000 : 1.6144656371432582 size: 0.0
592000 : 1.4561306695396679 size: 0.0
593000 : 1.3997176083342528 size: 0.0
594000 : 1.5894523084191206 size: 0.0
595000 : 1.5490666544129124 size: 0.0
596000 : 1.596564650945552 size: 0.0
597000 : 1.467086996295534 size: 0.0
598000 : 1.6767775312906168 size: 0.0
599000 : 1.6772343172113084 size: 0.0
600000 : 1.5869979440086575 size: 0.0
601000 : 1.6931043602849758 size: 0.0
602000 : 1.531569311496781 size: 0.0
603000 : 1.5452878516081547 size: 0.0
604000 : 1.5400585471260202 size: 0.0
605000 : 1.4436669148489891 size: 0.0
606000 : 1.5262498881055944 size: 0.0
607000 : 1.6240590013910365 size: 0.0
608000 : 1.5706766184591259 size: 0.0
609000 : 1.6128627588372169 size: 0.0
610000 : 1.7950536119246383 size: 0.0
611000 : 1.4687803374759292 size: 0.0
612000 : 1.5188066509589029 size: 0.0
613000 : 1.6132485159231023 size: 0.0
614000 : 1.4461011572893014 size: 0.0
615000 : 1.6146200775637332 size: 0.0
616000 : 1.6118618198091954 size: 0.0
617000 : 1.6538515560000009 size: 0.0
618000 : 1.4752873010713234 size: 0.0
619000 : 1.6055720703018408 size: 0.0
620000 : 1.6580260908843938 size: 0.0
621000 : 1.6129298320710534 size: 0.0
622000 : 1.5911387702934812 size: 0.0
623000 : 1.4030957775538255 size: 0.0
624000 : 1.7110007029511087 size: 0.0
625000 : 1.6161397162667568 size: 0.0
626000 : 1.5499499573077438 size: 0.0
627000 : 1.667209792457817 size: 0.0
628000 : 1.4974517371839189 size: 0.0
629000 : 1.5960299568840195 size: 0.0
630000 : 1.477260973972625 size: 0.0
631000 : 1.55307471009127 size: 0.0
632000 : 1.4902291537782844 size: 0.0
633000 : 1.7235272313093524 size: 0.0
634000 : 1.6704938011760424 size: 0.0
635000 : 1.5599753419744895 size: 0.0
636000 : 1.6896401137486463 size: 0.0
637000 : 1.6387210383250437 size: 0.0
638000 : 1.6498634503091432 size: 0.0
639000 : 1.7153436088506964 size: 0.0
640000 : 1.664919499496277 size: 0.0
641000 : 1.6817567729983969 size: 0.0
642000 : 1.5691590435479126 size: 0.0
643000 : 1.4411594077994094 size: 0.0
644000 : 1.6815115257382665 size: 0.0
645000 : 1.6506064153608706 size: 0.0
646000 : 1.608866054013816 size: 0.0
647000 : 1.5722392528248654 size: 0.0
648000 : 1.5138267213205194 size: 0.0
649000 : 1.4789575828233867 size: 0.0
650000 : 1.545748593129816 size: 0.0
651000 : 1.5529675648997825 size: 0.0
652000 : 1.570577384469578 size: 0.0
653000 : 1.505410578317897 size: 0.0
654000 : 1.5417880046630965 size: 0.0
655000 : 1.4814124631818024 size: 0.0
656000 : 1.6105454645994914 size: 0.0
657000 : 1.5977659497618286 size: 0.0
658000 : 1.4992130115114048 size: 0.0
659000 : 1.535944206169429 size: 0.0
660000 : 1.6753885994022488 size: 0.0
661000 : 1.6558499944030267 size: 0.0
662000 : 1.6239575316270276 size: 0.0
663000 : 1.4577772314390283 size: 0.0
664000 : 1.6445870225806722 size: 0.0
665000 : 1.5387139867615747 size: 0.0
666000 : 1.6907643643373365 size: 0.0
667000 : 1.645197732973886 size: 0.0
668000 : 1.6334282722447406 size: 0.0
669000 : 1.5825709385927977 size: 0.0
670000 : 1.6492045847736878 size: 0.0
671000 : 1.6368435037255744 size: 0.0
672000 : 1.5179427821036189 size: 0.0
673000 : 1.4865158763635054 size: 0.0
674000 : 1.6059712420344934 size: 0.0
675000 : 1.698733868395668 size: 0.0
676000 : 1.763317997326226 size: 0.0
677000 : 1.5761568456288693 size: 0.0
678000 : 1.5908087355864755 size: 0.0
679000 : 1.5858179710410876 size: 0.0
680000 : 1.506688065448506 size: 0.0
681000 : 1.609147073665326 size: 0.0
682000 : 1.6008607775641048 size: 0.0
683000 : 1.7684771328868085 size: 0.0
684000 : 1.5872643451348438 size: 0.0
685000 : 1.673272180900731 size: 0.0
686000 : 1.4795007040348114 size: 0.0
687000 : 1.605250806710029 size: 0.0
688000 : 1.669832527883475 size: 0.0
689000 : 1.6928267802864831 size: 0.0
690000 : 1.5799439036008684 size: 0.0
691000 : 1.6336528815867675 size: 0.0
692000 : 1.6768255144502076 size: 0.0
693000 : 1.503237921489547 size: 0.0
694000 : 1.5357323235435663 size: 0.0
695000 : 1.7282564102427778 size: 0.0
696000 : 1.7078166161530348 size: 0.0
697000 : 1.7163184065157868 size: 0.0
698000 : 1.786346474276756 size: 0.0
699000 : 1.6791969832229547 size: 0.0
700000 : 1.5603291102873142 size: 0.0
701000 : 1.7112397588358081 size: 0.0
702000 : 1.5790095218587308 size: 0.0
703000 : 1.5466002512168888 size: 0.0
704000 : 1.7393111110749375 size: 0.0
705000 : 1.5219926295661363 size: 0.0
706000 : 1.4471012364040685 size: 0.0
707000 : 1.499835760690179 size: 0.0
708000 : 1.5005310865476174 size: 0.0
709000 : 1.694961944896945 size: 0.0
710000 : 1.3443542432383788 size: 0.0
711000 : 1.6397720243044662 size: 0.0
712000 : 1.5110498894396884 size: 0.0
713000 : 1.5125667764202984 size: 0.0
714000 : 1.5945497022080433 size: 0.0
715000 : 1.4646070064700922 size: 0.0
716000 : 1.693468791522154 size: 0.0
717000 : 1.7122635715563943 size: 0.0
718000 : 1.708539459234611 size: 0.0
719000 : 1.4963703102752934 size: 0.0
720000 : 1.492246510272905 size: 0.0
721000 : 1.726459707489214 size: 0.0
722000 : 1.6214089207238915 size: 0.0
723000 : 1.466631586236049 size: 0.0
724000 : 1.647407710037473 size: 0.0
725000 : 1.5012621847964351 size: 0.0
726000 : 1.8365249924057434 size: 0.0
727000 : 1.5800981720386924 size: 0.0
728000 : 1.6774431041494557 size: 0.0
729000 : 1.67103950212723 size: 0.0
730000 : 1.4928861137514637 size: 0.0
731000 : 1.5658273956353983 size: 0.0
732000 : 1.6523678616710076 size: 0.0
733000 : 1.5964298165472754 size: 0.0
734000 : 1.6100517024088643 size: 0.0
735000 : 1.699279225381554 size: 0.0
736000 : 1.5483842272542887 size: 0.0
737000 : 1.7516314322347966 size: 0.0
738000 : 1.5833398730248054 size: 0.0
739000 : 1.812529285026761 size: 0.0
740000 : 1.6051398779002224 size: 0.0
741000 : 1.5583910377947412 size: 0.0
742000 : 1.5781535642053865 size: 0.0
743000 : 1.5285252185765092 size: 0.0
744000 : 1.6075175380484008 size: 0.0
745000 : 1.7797474999631502 size: 0.0
746000 : 1.6096291410356944 size: 0.0
747000 : 1.6120805817410928 size: 0.0
748000 : 1.4213231868228693 size: 0.0
749000 : 1.7094136470489467 size: 0.0
750000 : 1.6433750608400421 size: 0.0
751000 : 1.4739945074847878 size: 0.0
752000 : 1.5166737221229023 size: 0.0
753000 : 1.671314158420658 size: 0.0
754000 : 1.5809732197662822 size: 0.0
755000 : 1.6221123297659203 size: 0.0
756000 : 1.538551979104462 size: 0.0
757000 : 1.5924374112901463 size: 0.0
758000 : 1.692447214576029 size: 0.0
759000 : 1.5241664902730423 size: 0.0
760000 : 1.5029770238081883 size: 0.0
761000 : 1.548857695492114 size: 0.0
762000 : 1.6853006475020758 size: 0.0
763000 : 1.60792204124323 size: 0.0
764000 : 1.806504560784386 size: 0.0
765000 : 1.4338287332977075 size: 0.0
766000 : 1.6852370139212567 size: 0.0
767000 : 1.591414630465465 size: 0.0
768000 : 1.5825929523721083 size: 0.0
769000 : 1.685918409183975 size: 0.0
770000 : 1.6777739987697158 size: 0.0
771000 : 1.4810072720563696 size: 0.0
772000 : 1.572283624348788 size: 0.0
773000 : 1.6608562373869922 size: 0.0
774000 : 1.498617435591467 size: 0.0
775000 : 1.5736158019623714 size: 0.0
776000 : 1.4600721679321416 size: 0.0
777000 : 1.4186228872216724 size: 0.0
778000 : 1.451191155824237 size: 0.0
779000 : 1.507900027189136 size: 0.0
780000 : 1.4943373033594443 size: 0.0
781000 : 1.5853778674375296 size: 0.0
782000 : 1.733080007651527 size: 0.0
783000 : 1.6190687527936014 size: 0.0
784000 : 1.6206231319920994 size: 0.0
785000 : 1.6370514307504676 size: 0.0
786000 : 1.5643966719628706 size: 0.0
787000 : 1.5447111937798117 size: 0.0
788000 : 1.5664102448391723 size: 0.0
789000 : 1.6551575922506532 size: 0.0
790000 : 1.5741984791834946 size: 0.0
791000 : 1.8332263651621947 size: 0.0
792000 : 1.517583166380665 size: 0.0
793000 : 1.6262051728911535 size: 0.0
794000 : 1.7178318538433794 size: 0.0
795000 : 1.6395862830415344 size: 0.0
796000 : 1.3502991675307536 size: 0.0
797000 : 1.413033795033933 size: 0.0
798000 : 1.3526257488316256 size: 0.0
799000 : 1.6262067207350113 size: 0.0
800000 : 1.4967584751182907 size: 0.0
801000 : 1.3600433605633386 size: 0.0
802000 : 1.5946319099151558 size: 0.0
803000 : 1.6539093421706907 size: 0.0
804000 : 1.5195822927142941 size: 0.0
805000 : 1.55367269376832 size: 0.0
806000 : 1.642883878389178 size: 0.0
807000 : 1.5794487655490344 size: 0.0
808000 : 1.5324177019134873 size: 0.0
809000 : 1.648437198185538 size: 0.0
810000 : 1.3621014769462139 size: 0.0
811000 : 1.559954704056386 size: 0.0
812000 : 1.4951007343466243 size: 0.0
813000 : 1.4856535553520793 size: 0.0
814000 : 1.513917356177524 size: 0.0
815000 : 1.5102195572013228 size: 0.0
816000 : 1.5191220671405852 size: 0.0
817000 : 1.3854868178972841 size: 0.0
818000 : 1.602279806416374 size: 0.0
819000 : 1.5961893848013693 size: 0.0
820000 : 1.5659765045936962 size: 0.0
821000 : 1.7042220067673512 size: 0.0
822000 : 1.6382076701122181 size: 0.0
823000 : 1.6586454004101507 size: 0.0
824000 : 1.52822235712834 size: 0.0
825000 : 1.686268049913179 size: 0.0
826000 : 1.7818678740656377 size: 0.0
827000 : 1.505300165456043 size: 0.0
828000 : 1.5120467008840892 size: 0.0
829000 : 1.6235287788784265 size: 0.0
830000 : 1.5442900082678486 size: 0.0
831000 : 1.569549444165371 size: 0.0
832000 : 1.4622164476230992 size: 0.0
833000 : 1.3379910571391058 size: 0.0
834000 : 1.6015806969406166 size: 0.0
835000 : 1.622653215202884 size: 0.0
836000 : 1.452962405145473 size: 0.0
837000 : 1.5470527375713088 size: 0.0
838000 : 1.4337344868050348 size: 0.0
839000 : 1.5137512209367907 size: 0.0
840000 : 1.3806645103584165 size: 0.0
841000 : 1.678423061294072 size: 0.0
842000 : 1.514726190584532 size: 0.0
843000 : 1.6404774971383054 size: 0.0
844000 : 1.4901366271121201 size: 0.0
845000 : 1.6687428458076081 size: 0.0
846000 : 1.6037628128147638 size: 0.0
847000 : 1.5711643612569728 size: 0.0
848000 : 1.6470792231743252 size: 0.0
849000 : 1.394448833833745 size: 0.0
850000 : 1.5541738512129344 size: 0.0
851000 : 1.5838513494284714 size: 0.0
852000 : 1.5207153144181784 size: 0.0
853000 : 1.3335824538668886 size: 0.0
854000 : 1.4585688675809498 size: 0.0
855000 : 1.695077173273023 size: 0.0
856000 : 1.462130112332366 size: 0.0
857000 : 1.5579517941044376 size: 0.0
858000 : 1.527071449228766 size: 0.0
859000 : 1.5213120942166722 size: 0.0
860000 : 1.7094105513612312 size: 0.0
861000 : 1.5011632947721891 size: 0.0
862000 : 1.6184463475801287 size: 0.0
863000 : 1.6498672339274623 size: 0.0
864000 : 1.684498348435801 size: 0.0
865000 : 1.658187754576205 size: 0.0
866000 : 1.4745047800098976 size: 0.0
867000 : 1.621013532609558 size: 0.0
868000 : 1.4964628369414577 size: 0.0
869000 : 1.527808566870364 size: 0.0
870000 : 1.5665495507863711 size: 0.0
871000 : 1.7664430940750542 size: 0.0
872000 : 1.3613475909961568 size: 0.0
873000 : 1.6371162682098428 size: 0.0
874000 : 1.494542994609876 size: 0.0
875000 : 1.6816131674849264 size: 0.0
876000 : 1.380967801763213 size: 0.0
877000 : 1.6772884917463302 size: 0.0
878000 : 1.6013485203619517 size: 0.0
879000 : 1.5678330573097603 size: 0.0
880000 : 1.5084909595775007 size: 0.0
881000 : 1.5951337552903735 size: 0.0
882000 : 1.5957477333539536 size: 0.0
883000 : 1.6540314498528035 size: 0.0
884000 : 1.6306591795831986 size: 0.0
885000 : 1.6082410690605806 size: 0.0
886000 : 1.5567475715830963 size: 0.0
887000 : 1.6371381100065023 size: 0.0
888000 : 1.5092882711469007 size: 0.0
889000 : 1.694768636397375 size: 0.0
890000 : 1.4347219251949637 size: 0.0
891000 : 1.4695805727503937 size: 0.0
892000 : 1.5889681772569417 size: 0.0
893000 : 1.4470928092541764 size: 0.0
894000 : 1.7745071885913604 size: 0.0
895000 : 1.4361001941589782 size: 0.0
896000 : 1.6511122163370582 size: 0.0
897000 : 1.4954326608627895 size: 0.0
898000 : 1.574274495515176 size: 0.0
899000 : 1.4899089220823778 size: 0.0
900000 : 1.640905561956303 size: 0.0
901000 : 1.6927524837813104 size: 0.0
902000 : 1.6743379573881279 size: 0.0
903000 : 1.4471010644214177 size: 0.0
904000 : 1.6224076239774519 size: 0.0
905000 : 1.443229562967845 size: 0.0
906000 : 1.5951991086977013 size: 0.0
907000 : 1.6109814406194287 size: 0.0
908000 : 1.6698793071645095 size: 0.0
909000 : 1.5105021246966905 size: 0.0
910000 : 1.6534915963117451 size: 0.0
911000 : 1.424794398656559 size: 0.0
912000 : 1.493483925445863 size: 0.0
913000 : 1.3896649644173453 size: 0.0
914000 : 1.5081306559239431 size: 0.0
915000 : 1.6511189236604418 size: 0.0
916000 : 1.539624978863195 size: 0.0
917000 : 1.7654621050345327 size: 0.0
918000 : 1.579865307529424 size: 0.0
919000 : 1.446842746479822 size: 0.0
920000 : 1.5245637701965353 size: 0.0
921000 : 1.4776154302160533 size: 0.0
922000 : 1.5387961944686872 size: 0.0
923000 : 1.4531510701134696 size: 0.0
924000 : 1.4014382947561352 size: 0.0
925000 : 1.6349143743308463 size: 0.0
926000 : 1.5741331257761666 size: 0.0
927000 : 1.512164852965232 size: 0.0
928000 : 1.5768038443614152 size: 0.0
929000 : 1.6260256230036527 size: 0.0
930000 : 1.5004719245157205 size: 0.0
931000 : 1.4423163350917636 size: 0.0
932000 : 1.502299240181138 size: 0.0
933000 : 1.552756370204523 size: 0.0
934000 : 1.634545987492698 size: 0.0
935000 : 1.5765217928140003 size: 0.0
936000 : 1.6965842572425338 size: 0.0
937000 : 1.4585081577051953 size: 0.0
938000 : 1.704869177482548 size: 0.0
939000 : 1.5145877445505873 size: 0.0
940000 : 1.6222901598269126 size: 0.0
941000 : 1.5388285272070494 size: 0.0
942000 : 1.5624094124321508 size: 0.0
943000 : 1.6053453971680036 size: 0.0
944000 : 1.5615221539363495 size: 0.0
945000 : 1.590203872603391 size: 0.0
946000 : 1.5667984096821697 size: 0.0
947000 : 1.4930372865015722 size: 0.0
948000 : 1.5190804473390764 size: 0.0
949000 : 1.450753803943093 size: 0.0
950000 : 1.4851733797908704 size: 0.0
951000 : 1.6551366103672478 size: 0.0
952000 : 1.5417021853203159 size: 0.0
953000 : 1.6117538147044534 size: 0.0
954000 : 1.6696507422215128 size: 0.0
955000 : 1.575039130380912 size: 0.0
956000 : 1.6787123361128233 size: 0.0
957000 : 1.503809763803666 size: 0.0
958000 : 1.703585326993857 size: 0.0
959000 : 1.574779780543411 size: 0.0
960000 : 1.4731941002276723 size: 0.0
961000 : 1.6114492334297754 size: 0.0
962000 : 1.587738157337971 size: 0.0
963000 : 1.5699484439153728 size: 0.0
964000 : 1.653317549869072 size: 0.0
965000 : 1.6733041696737916 size: 0.0
966000 : 1.5048923945908472 size: 0.0
967000 : 1.510616665142165 size: 0.0
968000 : 1.4902613145339956 size: 0.0
969000 : 1.5875071846378621 size: 0.0
970000 : 1.5683319789799133 size: 0.0
971000 : 1.713306990299179 size: 0.0
972000 : 1.5180814001202143 size: 0.0
973000 : 1.510763366343351 size: 0.0
974000 : 1.5378155493934673 size: 0.0
975000 : 1.4563630181009835 size: 0.0
976000 : 1.3467266579157058 size: 0.0
977000 : 1.4779501084546323 size: 0.0
978000 : 1.5210599676505074 size: 0.0
979000 : 1.5543035261316849 size: 0.0
980000 : 1.6230148947176484 size: 0.0
981000 : 1.5856950034457207 size: 0.0
982000 : 1.6390913169723513 size: 0.0
983000 : 1.6990482526814452 size: 0.0
984000 : 1.652155463097192 size: 0.0
985000 : 1.455514799666928 size: 0.0
986000 : 1.5974173409285297 size: 0.0
987000 : 1.5665739723227936 size: 0.0
988000 : 1.5939114745906915 size: 0.0
989000 : 1.6019843402221916 size: 0.0
990000 : 1.7061645508088465 size: 0.0
991000 : 1.6075890828311596 size: 0.0
992000 : 1.5082193989717885 size: 0.0
993000 : 1.6003695951132408 size: 0.0
994000 : 1.5547014939857813 size: 0.0
995000 : 1.545952048605787 size: 0.0
996000 : 1.4242016604503602 size: 0.0
997000 : 1.4797435435378297 size: 0.0
998000 : 1.6537019310937502 size: 0.0
999000 : 1.5363865455474484 size: 0.0
1000000 : 1.5649585392832392 size: 0.0
1001000 : 1.4915099085792596 size: 0.0
1002000 : 1.5091843936257796 size: 0.0
1003000 : 1.5934409300579309 size: 0.0
1004000 : 1.630267575087184 size: 0.0
1005000 : 1.4767527652393255 size: 0.0
1006000 : 1.529614900652376 size: 0.0
1007000 : 1.495590884901583 size: 0.0
1008000 : 1.5869614836866743 size: 0.0
1009000 : 1.3814871033774934 size: 0.0
1010000 : 1.5194512419343367 size: 0.0
1011000 : 1.628174030278231 size: 0.0
1012000 : 1.5546560905659537 size: 0.0
1013000 : 1.6176203149080348 size: 0.0
1014000 : 1.5286192930865312 size: 0.0
1015000 : 1.5384097494521984 size: 0.0
1016000 : 1.4693678302112765 size: 0.0
1017000 : 1.4656851657083512 size: 0.0
1018000 : 1.5183799620021123 size: 0.0
1019000 : 1.5508399675259588 size: 0.0
1020000 : 1.5468332877088078 size: 0.0
1021000 : 1.5302636192114305 size: 0.0
1022000 : 1.6549969604547472 size: 0.0
1023000 : 1.4721470698492194 size: 0.0
1024000 : 1.7155076802996196 size: 0.0
1025000 : 1.5781728262622832 size: 0.0
1026000 : 1.5490312259868346 size: 0.0
1027000 : 1.6747787489222892 size: 0.0
1028000 : 1.4882731950900216 size: 0.0
1029000 : 1.6060441626784592 size: 0.0
1030000 : 1.6026899850386818 size: 0.0
1031000 : 1.5798250635891222 size: 0.0
1032000 : 1.5174405927630996 size: 0.0
1033000 : 1.6140176223377607 size: 0.0
1034000 : 1.8196524624601969 size: 0.0
1035000 : 1.5919899124326014 size: 0.0
1036000 : 1.5990800691970715 size: 0.0
1037000 : 1.6801115869602432 size: 0.0
1038000 : 1.6838267561841815 size: 0.0
1039000 : 1.4760355975852275 size: 0.0
1040000 : 1.5047166283216655 size: 0.0
1041000 : 1.5461045972171021 size: 0.0
1042000 : 1.502959825543102 size: 0.0
1043000 : 1.5653358692192323 size: 0.0
1044000 : 1.5072841573163964 size: 0.0
1045000 : 1.5637010021401305 size: 0.0
1046000 : 1.6196964894692505 size: 0.0
1047000 : 1.4617242332763298 size: 0.0
1048000 : 1.4793882273811472 size: 0.0
1049000 : 1.6559944598297516 size: 0.0
1050000 : 1.5888617199960575 size: 0.0
1051000 : 1.6082364255290074 size: 0.0
1052000 : 1.699193921986726 size: 0.0
1053000 : 1.5575402396209228 size: 0.0
1054000 : 1.6990227992491176 size: 0.0
1055000 : 1.655768302643867 size: 0.0
1056000 : 1.6991646849360795 size: 0.0
1057000 : 1.4493356350040782 size: 0.0
1058000 : 1.5143732821849614 size: 0.0
1059000 : 1.7765680566966493 size: 0.0
1060000 : 1.5431922430073914 size: 0.0
1061000 : 1.311254118288021 size: 0.0
1062000 : 1.6154400908430468 size: 0.0
1063000 : 1.4604224965919492 size: 0.0
1064000 : 1.4432113328068537 size: 0.0
1065000 : 1.5242256523049391 size: 0.0
1066000 : 1.7675575416526452 size: 0.0
1067000 : 1.4033979510713914 size: 0.0
1068000 : 1.5648218130758034 size: 0.0
1069000 : 1.533074847622434 size: 0.0
1070000 : 1.6242880822819858 size: 0.0
1071000 : 1.5705715370594489 size: 0.0
1072000 : 1.4993191248069873 size: 0.0
1073000 : 1.5349743960012139 size: 0.0
1074000 : 1.5620310506002526 size: 0.0
1075000 : 1.7096250137268572 size: 0.0
1076000 : 1.5905827503832417 size: 0.0
1077000 : 1.6220118918978166 size: 0.0
1078000 : 1.4961917922836978 size: 0.0
1079000 : 1.586698694196156 size: 0.0
1080000 : 1.315691012706305 size: 0.0
1081000 : 1.6425596910923015 size: 0.0
1082000 : 1.4841586821507797 size: 0.0
1083000 : 1.7077369881856852 size: 0.0
1084000 : 1.577805815285342 size: 0.0
1085000 : 1.5645179197317287 size: 0.0
1086000 : 1.574719414632958 size: 0.0
1087000 : 1.406442215974314 size: 0.0
1088000 : 1.4994279898249834 size: 0.0
1089000 : 1.5034002731119616 size: 0.0
1090000 : 1.5863640159575771 size: 0.0
1091000 : 1.5793710293908443 size: 0.0
1092000 : 1.5685258034274356 size: 0.0
1093000 : 1.5371649390252533 size: 0.0
1094000 : 1.4597553758892523 size: 0.0
1095000 : 1.4973070997745432 size: 0.0
1096000 : 1.548198485991357 size: 0.0
1097000 : 1.7161863238399242 size: 0.0
1098000 : 1.5274277972813537 size: 0.0
1099000 : 1.5973213746093482 size: 0.0
1100000 : 1.538801181965562 size: 0.0
1101000 : 1.6690205977887516 size: 0.0
1102000 : 1.5278477789147606 size: 0.0
1103000 : 1.512894403370192 size: 0.0
1104000 : 1.531418998659927 size: 0.0
1105000 : 1.6256223236873795 size: 0.0
1106000 : 1.622180606878313 size: 0.0
1107000 : 1.5370467869441107 size: 0.0
1108000 : 1.4762947754400777 size: 0.0
1109000 : 1.619383996992633 size: 0.0
1110000 : 1.5465171835965221 size: 0.0
1111000 : 1.6876430512068272 size: 0.0
1112000 : 1.4921397090467192 size: 0.0
1113000 : 1.4609847078776197 size: 0.0
1114000 : 1.6405638324290386 size: 0.0
1115000 : 1.5588657099111225 size: 0.0
1116000 : 1.6312934515995807 size: 0.0
1117000 : 1.6622678709852743 size: 0.0
1118000 : 1.5765580811533322 size: 0.0
1119000 : 1.5812336014996886 size: 0.0
1120000 : 1.5457482491645145 size: 0.0
1121000 : 1.61082424847654 size: 0.0
1122000 : 1.5348433452212564 size: 0.0
1123000 : 1.5392507446149175 size: 0.0
1124000 : 1.592087942543593 size: 0.0
1125000 : 1.4079141294917235 size: 0.0
1126000 : 1.720560530581969 size: 0.0
1127000 : 1.5648305841909973 size: 0.0
1128000 : 1.7568314996662844 size: 0.0
1129000 : 1.5225127051023455 size: 0.0
1130000 : 1.5486225952083845 size: 0.0
1131000 : 1.4988699061229336 size: 0.0
1132000 : 1.4546578101176788 size: 0.0
1133000 : 1.6327427493984015 size: 0.0
1134000 : 1.7804920128587352 size: 0.0
1135000 : 1.6396992756431512 size: 0.0
1136000 : 1.6224815765173228 size: 0.0
1137000 : 1.4254063989196541 size: 0.0
1138000 : 1.6353826830891456 size: 0.0
1139000 : 1.7459515332074014 size: 0.0
1140000 : 1.7102216215427002 size: 0.0
1141000 : 1.4313760027224276 size: 0.0
1142000 : 1.738490581847671 size: 0.0
1143000 : 1.4750893490401804 size: 0.0
1144000 : 1.4394756976474625 size: 0.0
1145000 : 1.734462920147115 size: 0.0
1146000 : 1.4373235067545653 size: 0.0
1147000 : 1.598614168195884 size: 0.0
1148000 : 1.5314788486224271 size: 0.0
1149000 : 1.5115488111098414 size: 0.0
1150000 : 1.578888790037825 size: 0.0
1151000 : 1.78072023383643 size: 0.0
1152000 : 1.6796494695773747 size: 0.0
1153000 : 1.5939847391999589 size: 0.0
1154000 : 1.5951715914735631 size: 0.0
1155000 : 1.444594933233045 size: 0.0
1156000 : 1.5471607426760507 size: 0.0
1157000 : 1.5909803742720365 size: 0.0
1158000 : 1.607039598261653 size: 0.0
1159000 : 1.6821894813479676 size: 0.0
1160000 : 1.6105631788125303 size: 0.0
1161000 : 1.5043927849900909 size: 0.0
1162000 : 1.5504364962270345 size: 0.0
1163000 : 1.557967616508317 size: 0.0
1164000 : 1.390271289252962 size: 0.0
1165000 : 1.602916658172519 size: 0.0
1166000 : 1.5476343828965269 size: 0.0
1167000 : 1.5884264319067238 size: 0.0
1168000 : 1.5275972001924536 size: 0.0
1169000 : 1.449456366824984 size: 0.0
1170000 : 1.5374153457649096 size: 0.0
1171000 : 1.4203872572368739 size: 0.0
1172000 : 1.4975028160312251 size: 0.0
1173000 : 1.4386578341512846 size: 0.0
1174000 : 1.539865754574403 size: 0.0
1175000 : 1.4836107454251308 size: 0.0
1176000 : 1.4666639189744113 size: 0.0
1177000 : 1.5463276587152712 size: 0.0
1178000 : 1.4937816274145064 size: 0.0
1179000 : 1.6215294805621463 size: 0.0
1180000 : 1.6069876595010926 size: 0.0
1181000 : 1.533130054053361 size: 0.0
1182000 : 1.584229195312417 size: 0.0
1183000 : 1.5485787396324144 size: 0.0
1184000 : 1.5155121512989749 size: 0.0
1185000 : 1.5417216193598635 size: 0.0
1186000 : 1.6902668185283902 size: 0.0
1187000 : 1.6060481182794288 size: 0.0
1188000 : 1.3679628176702692 size: 0.0
1189000 : 1.621560093474 size: 0.0
1190000 : 1.615961542240463 size: 0.0
1191000 : 1.68026843513783 size: 0.0
1192000 : 1.6447141177596598 size: 0.0
1193000 : 1.4412475489079766 size: 0.0
1194000 : 1.652310763430921 size: 0.0
1195000 : 1.6791056604353467 size: 0.0
1196000 : 1.4900224306319472 size: 0.0
1197000 : 1.5446864282780874 size: 0.0
1198000 : 1.552089593467128 size: 0.0
1199000 : 1.4973697014594571 size: 0.0
1200000 : 1.715829459839384 size: 0.0
1201000 : 1.4676517873209673 size: 0.0
1202000 : 1.4134371803415315 size: 0.0
1203000 : 1.5905311555879829 size: 0.0
1204000 : 1.6170025532261356 size: 0.0
1205000 : 1.4331132854701183 size: 0.0
1206000 : 1.6242590172139901 size: 0.0
1207000 : 1.6667904987550135 size: 0.0
1208000 : 1.7259994819155051 size: 0.0
1209000 : 1.6053419575149863 size: 0.0
1210000 : 1.5763362235337193 size: 0.0
1211000 : 1.550128991247292 size: 0.0
1212000 : 1.571180527626154 size: 0.0
1213000 : 1.4831061483274994 size: 0.0
1214000 : 1.5293791124380431 size: 0.0
1215000 : 1.497079394744801 size: 0.0
1216000 : 1.550091155064102 size: 0.0
1217000 : 1.627490915189004 size: 0.0
1218000 : 1.5649946556399206 size: 0.0
1219000 : 1.4871284785658787 size: 0.0
1220000 : 1.5738641449102173 size: 0.0
1221000 : 1.4685543522726954 size: 0.0
1222000 : 1.4793820360057162 size: 0.0
1223000 : 1.520853588469472 size: 0.0
1224000 : 1.4525768200422386 size: 0.0
1225000 : 1.586327727618245 size: 0.0
1226000 : 1.5729383623006228 size: 0.0
1227000 : 1.4981078509969603 size: 0.0
1228000 : 1.6174861684403619 size: 0.0
1229000 : 1.4525599657424542 size: 0.0
1230000 : 1.4364032275897984 size: 0.0
1231000 : 1.5961665111088046 size: 0.0
1232000 : 1.508469461746143 size: 0.0
1233000 : 1.5594095190531507 size: 0.0
1234000 : 1.534921425344748 size: 0.0
1235000 : 1.4693275862709745 size: 0.0
1236000 : 1.4970267680536369 size: 0.0
1237000 : 1.553324428900323 size: 0.0
1238000 : 1.6514723480079647 size: 0.0
1239000 : 1.6071513869847138 size: 0.0
1240000 : 1.7425268426807703 size: 0.0
1241000 : 1.5387702250884068 size: 0.0
1242000 : 1.641254170789602 size: 0.0
1243000 : 1.4874459585393713 size: 0.0
1244000 : 1.6355642967684567 size: 0.0
1245000 : 1.6053177079612146 size: 0.0
1246000 : 1.5427067359840057 size: 0.0
1247000 : 1.480525376668652 size: 0.0
1248000 : 1.6445877105112758 size: 0.0
1249000 : 1.5213936139931812 size: 0.0
1250000 : 1.5812250023671455 size: 0.0
1251000 : 1.4335109093589131 size: 0.0
1252000 : 1.4830973772123053 size: 0.0
1253000 : 1.4428250597730157 size: 0.0
1254000 : 1.5146199053062988 size: 0.0
1255000 : 1.7130509081320444 size: 0.0
1256000 : 1.563961039908235 size: 0.0
1257000 : 1.5194916578572895 size: 0.0
1258000 : 1.5074265589513107 size: 0.0
1259000 : 1.453033949928232 size: 0.0
1260000 : 1.476471401622514 size: 0.0
1261000 : 1.6441352241568556 size: 0.0
1262000 : 1.545813774554493 size: 0.0
1263000 : 1.602672270825643 size: 0.0
1264000 : 1.429571130792948 size: 0.0
1265000 : 1.6222229146104252 size: 0.0
1266000 : 1.5567670056226437 size: 0.0
1267000 : 1.636129431759192 size: 0.0
1268000 : 1.6249957908902863 size: 0.0
1269000 : 1.5975415124024528 size: 0.0
1270000 : 1.5811307558744727 size: 0.0
1271000 : 1.562592229990018 size: 0.0
1272000 : 1.42690153009493 size: 0.0
1273000 : 1.7186917670976936 size: 0.0
1274000 : 1.5645999554561902 size: 0.0
1275000 : 1.512895779231399 size: 0.0
1276000 : 1.6988361980729314 size: 0.0
1277000 : 1.5436588319391822 size: 0.0
1278000 : 1.6403610648836713 size: 0.0
1279000 : 1.6289020328393333 size: 0.0
1280000 : 1.548237182087801 size: 0.0
1281000 : 1.6261009514047307 size: 0.0
1282000 : 1.5753301250261718 size: 0.0
1283000 : 1.6542183949942912 size: 0.0
1284000 : 1.5870356082091963 size: 0.0
1285000 : 1.469557699057829 size: 0.0
1286000 : 1.5794090375566852 size: 0.0
1287000 : 1.683959182825346 size: 0.0
1288000 : 1.4605186348937815 size: 0.0
1289000 : 1.5846254433400049 size: 0.0
1290000 : 1.407958930972273 size: 0.0
1291000 : 1.634455696600995 size: 0.0
1292000 : 1.4995464858714278 size: 0.0
1293000 : 1.545850234876476 size: 0.0
1294000 : 1.4154289974124992 size: 0.0
1295000 : 1.5787341776346995 size: 0.0
1296000 : 1.5330505980686624 size: 0.0
1297000 : 1.5461291907361756 size: 0.0
1298000 : 1.3812145108758758 size: 0.0
1299000 : 1.5876757276357076 size: 0.0
1300000 : 1.5990362136211014 size: 0.0
1301000 : 1.564624376992613 size: 0.0
1302000 : 1.6934992324513567 size: 0.0
1303000 : 1.634827007144208 size: 0.0
1304000 : 1.4204334345786307 size: 0.0
1305000 : 1.5640783320761233 size: 0.0
1306000 : 1.6037031348349144 size: 0.0
1307000 : 1.5058840465557224 size: 0.0
1308000 : 1.4922325796781852 size: 0.0
1309000 : 1.593598810131423 size: 0.0
1310000 : 1.5410230258320587 size: 0.0
1311000 : 1.5923933837315254 size: 0.0
1312000 : 1.545884287441347 size: 0.0
1313000 : 1.6516990211418021 size: 0.0
1314000 : 1.5761594253686324 size: 0.0
1315000 : 1.6188668451614885 size: 0.0
1316000 : 1.642461145033357 size: 0.0
1317000 : 1.6050630016552867 size: 0.0
1318000 : 1.4602890380548796 size: 0.0
1319000 : 1.4008496841335571 size: 0.0
1320000 : 1.5434703389538365 size: 0.0
1321000 : 1.565596938883242 size: 0.0
1322000 : 1.4573130502643497 size: 0.0
1323000 : 1.569118283659658 size: 0.0
1324000 : 1.5060520736056153 size: 0.0
1325000 : 1.4356210504936744 size: 0.0
1326000 : 1.511165977729021 size: 0.0
1327000 : 1.454273772858302 size: 0.0
1328000 : 1.4055269243064221 size: 0.0
1329000 : 1.5766284220575353 size: 0.0
1330000 : 1.5100991693457189 size: 0.0
1331000 : 1.6072824377646713 size: 0.0
1332000 : 1.705420725843865 size: 0.0
1333000 : 1.7377226793115685 size: 0.0
1334000 : 1.5330340877341795 size: 0.0
1335000 : 1.5203945667743193 size: 0.0
1336000 : 1.6034322621598056 size: 0.0
1337000 : 1.4869040412065027 size: 0.0
1338000 : 1.586458090467599 size: 0.0
1339000 : 1.4506050389500966 size: 0.0
1340000 : 1.3971378685713107 size: 0.0
1341000 : 1.7227433343867196 size: 0.0
1342000 : 1.6954677458731324 size: 0.0
1343000 : 1.5434892570454315 size: 0.0
1344000 : 1.6130736095671747 size: 0.0
1345000 : 1.5476498613351044 size: 0.0
1346000 : 1.4735927560123723 size: 0.0
1347000 : 1.356811720562301 size: 0.0
1348000 : 1.519375569567957 size: 0.0
1349000 : 1.4510363714384606 size: 0.0
1350000 : 1.5967259706720613 size: 0.0
1351000 : 1.4111472313452933 size: 0.0
1352000 : 1.5429698694398257 size: 0.0
1353000 : 1.5697907358245315 size: 0.0
1354000 : 1.6334989571142453 size: 0.0
1355000 : 1.6140042076909933 size: 0.0
1356000 : 1.5449812065416664 size: 0.0
1357000 : 1.5684162504788361 size: 0.0
1358000 : 1.5470179970758346 size: 0.0
1359000 : 1.469957558721085 size: 0.0
1360000 : 1.6909858779916478 size: 0.0
1361000 : 1.6381356093815067 size: 0.0
1362000 : 1.6562868303362184 size: 0.0
1363000 : 1.781626926371779 size: 0.0
1364000 : 1.5213175976614999 size: 0.0
1365000 : 1.7146037394866847 size: 0.0
1366000 : 1.6179654840883164 size: 0.0
1367000 : 1.5900939756894896 size: 0.0
1368000 : 1.6589701036549798 size: 0.0
1369000 : 1.6127564735589837 size: 0.0
1370000 : 1.6200968650804592 size: 0.0
1371000 : 1.5611262498740632 size: 0.0
1372000 : 1.4850512721087576 size: 0.0
1373000 : 1.4649778010653525 size: 0.0
1374000 : 1.441082359571823 size: 0.0
1375000 : 1.5244805305935178 size: 0.0
1376000 : 1.4691788212779782 size: 0.0
1377000 : 1.590005576606946 size: 0.0
1378000 : 1.6349050872676996 size: 0.0
1379000 : 1.5204105611608494 size: 0.0
1380000 : 1.6170687665467178 size: 0.0
1381000 : 1.4099808450071418 size: 0.0
1382000 : 1.624170102183494 size: 0.0
1383000 : 1.5734706486050432 size: 0.0
1384000 : 1.3719328651827862 size: 0.0
1385000 : 1.6114124291424907 size: 0.0
1386000 : 1.5668899044524287 size: 0.0
1387000 : 1.4717434265676443 size: 0.0
1388000 : 1.5944592393336894 size: 0.0
1389000 : 1.5985144182583837 size: 0.0
1390000 : 1.4068003698447358 size: 0.0
1391000 : 1.5307185133229628 size: 0.0
1392000 : 1.454063094110995 size: 0.0
1393000 : 1.5893909106127624 size: 0.0
1394000 : 1.4215763452849395 size: 0.0
1395000 : 1.5980774103425412 size: 0.0
1396000 : 1.6729746509147383 size: 0.0
1397000 : 1.635884872429665 size: 0.0
1398000 : 1.7603717625342952 size: 0.0
1399000 : 1.6635874938653445 size: 0.0
1400000 : 1.631059899159709 size: 0.0
1401000 : 1.4738366274112957 size: 0.0
1402000 : 1.5161944064749477 size: 0.0
1403000 : 1.4283001790030718 size: 0.0
1404000 : 1.62956915354203 size: 0.0
1405000 : 1.5966306922834832 size: 0.0
1406000 : 1.483439966652824 size: 0.0
1407000 : 1.6055598595336293 size: 0.0
1408000 : 1.4268358327223005 size: 0.0
1409000 : 1.4805774874118633 size: 0.0
1410000 : 1.5001159204284344 size: 0.0
1411000 : 1.604482388225974 size: 0.0
1412000 : 1.5622056129908783 size: 0.0
1413000 : 1.4789362569746796 size: 0.0
1414000 : 1.599214731612697 size: 0.0
1415000 : 1.7285124924099124 size: 0.0
1416000 : 1.693245902006636 size: 0.0
1417000 : 1.558768711696036 size: 0.0
1418000 : 1.6279174321631438 size: 0.0
1419000 : 1.55884524397567 size: 0.0
1420000 : 1.7506597302574216 size: 0.0
1421000 : 1.4716670662706612 size: 0.0
1422000 : 1.5836611366166171 size: 0.0
1423000 : 1.6052066071687572 size: 0.0
1424000 : 1.573103637628102 size: 0.0
1425000 : 1.6764557517508525 size: 0.0
1426000 : 1.554862297764338 size: 0.0
1427000 : 1.5803824593605686 size: 0.0
1428000 : 1.513742105856295 size: 0.0
1429000 : 1.6631652764574762 size: 0.0
1430000 : 1.5006423593227256 size: 0.0
1431000 : 1.428949843466706 size: 0.0
1432000 : 1.5998784126623766 size: 0.0
1433000 : 1.5222409725139823 size: 0.0
1434000 : 1.7177429388128835 size: 0.0
1435000 : 1.6189382179615965 size: 0.0
1436000 : 1.409957971314577 size: 0.0
1437000 : 1.5977296614224967 size: 0.0
1438000 : 1.6646828513686898 size: 0.0
1439000 : 1.604542582153776 size: 0.0
1440000 : 1.5373505083055343 size: 0.0
1441000 : 1.3844357459265362 size: 0.0
1442000 : 1.5447779230483465 size: 0.0
1443000 : 1.5620499686918474 size: 0.0
1444000 : 1.4880360310144818 size: 0.0
1445000 : 1.5046982261780233 size: 0.0
1446000 : 1.6640358526361438 size: 0.0
1447000 : 1.5332537095793315 size: 0.0
1448000 : 1.4451297992772283 size: 0.0
1449000 : 1.6593178525750245 size: 0.0
1450000 : 1.52624902819234 size: 0.0
1451000 : 1.4997440939372693 size: 0.0
1452000 : 1.531115449281154 size: 0.0
1453000 : 1.524741084309575 size: 0.0
1454000 : 1.4777308305747823 size: 0.0
1455000 : 1.62873796139041 size: 0.0
1456000 : 1.4401732592793621 size: 0.0
1457000 : 1.6157474238401388 size: 0.0
1458000 : 1.663952956998428 size: 0.0
1459000 : 1.6367831378151214 size: 0.0
1460000 : 1.3585482293880629 size: 0.0
1461000 : 1.6039401269278035 size: 0.0
1462000 : 1.5251005280498782 size: 0.0
1463000 : 1.4361597001561768 size: 0.0
1464000 : 1.6644071631793567 size: 0.0
1465000 : 1.583665092217587 size: 0.0
1466000 : 1.5606367872497078 size: 0.0
1467000 : 1.5451005625013652 size: 0.0
1468000 : 1.4592430395723321 size: 0.0
1469000 : 1.7492720022476096 size: 0.0
1470000 : 1.6209860153854199 size: 0.0
1471000 : 1.505204887067465 size: 0.0
1472000 : 1.644535943733366 size: 0.0
1473000 : 1.5157460477041482 size: 0.0
1474000 : 1.5693167516387538 size: 0.0
1475000 : 1.525767648752575 size: 0.0
1476000 : 1.8377909566987447 size: 0.0
1477000 : 1.6904169593825935 size: 0.0
1478000 : 1.5518773668759631 size: 0.0
1479000 : 1.5935026718295906 size: 0.0
1480000 : 1.689464863427417 size: 0.0
1481000 : 1.5941869907973736 size: 0.0
1482000 : 1.3982082025989553 size: 0.0
1483000 : 1.5103387411783709 size: 0.0
1484000 : 1.5496446881024621 size: 0.0
1485000 : 1.5482401057928656 size: 0.0
1486000 : 1.6209199740474887 size: 0.0
1487000 : 1.6560721959879414 size: 0.0
1488000 : 1.5188169699179546 size: 0.0
1489000 : 1.5731413018286409 size: 0.0
1490000 : 1.6468141979093456 size: 0.0
1491000 : 1.4613658214319316 size: 0.0
1492000 : 1.559721495581816 size: 0.0
1493000 : 1.4928794064280801 size: 0.0
1494000 : 1.5200193006301366 size: 0.0
1495000 : 1.6084804689105816 size: 0.0
1496000 : 1.456828575136869 size: 0.0
1497000 : 1.4434386938712942 size: 0.0
1498000 : 1.5153159190943404 size: 0.0
1499000 : 1.6248413504698116 size: 0.0
1500000 : 1.7317619326153144 size: 0.0
1501000 : 1.5609093797513254 size: 0.0
1502000 : 1.590777950691971 size: 0.0
1503000 : 1.7149738461513413 size: 0.0
1504000 : 1.525481813586841 size: 0.0
1505000 : 1.4050328181504932 size: 0.0
1506000 : 1.4598817831376365 size: 0.0
1507000 : 1.5233650511200216 size: 0.0
1508000 : 1.7139889015098502 size: 0.0
1509000 : 1.5129325835186835 size: 0.0
1510000 : 1.5282426510811418 size: 0.0
1511000 : 1.4710322783063268 size: 0.0
1512000 : 1.6506703929069915 size: 0.0
1513000 : 1.734280962502502 size: 0.0
1514000 : 1.7172276787908984 size: 0.0
1515000 : 1.3914407712788293 size: 0.0
1516000 : 1.498307522854612 size: 0.0
1517000 : 1.6528368583599105 size: 0.0
1518000 : 1.6194522741050255 size: 0.0
1519000 : 1.5900337817616876 size: 0.0
1520000 : 1.4863643596480953 size: 0.0
1521000 : 1.3993033881196497 size: 0.0
1522000 : 1.3506804530677163 size: 0.0
1523000 : 1.5430988564279728 size: 0.0
1524000 : 1.707985503116182 size: 0.0
1525000 : 1.3971047619110195 size: 0.0
1526000 : 1.6517671262715437 size: 0.0
1527000 : 1.617025942866653 size: 0.0
1528000 : 1.5519731612124938 size: 0.0
1529000 : 1.3834437499963594 size: 0.0
1530000 : 1.4511201269894307 size: 0.0
1531000 : 1.5545788703557162 size: 0.0
1532000 : 1.5626835527776262 size: 0.0
1533000 : 1.546844466581114 size: 0.0
1534000 : 1.5092138026590771 size: 0.0
1535000 : 1.65626326871305 size: 0.0
1536000 : 1.3968165189881734 size: 0.0
1537000 : 1.4788571449552828 size: 0.0
1538000 : 1.639185563465024 size: 0.0
1539000 : 1.558472901536552 size: 0.0
1540000 : 1.7164867775309816 size: 0.0
1541000 : 1.5867243196111347 size: 0.0
1542000 : 1.5459984839215197 size: 0.0
1543000 : 1.5462119143912405 size: 0.0
1544000 : 1.4971020964547146 size: 0.0
1545000 : 1.5630099758489637 size: 0.0
1546000 : 1.583787715847652 size: 0.0
1547000 : 1.6508793518277898 size: 0.0
1548000 : 1.3991329533126446 size: 0.0
1549000 : 1.6762120523345798 size: 0.0
1550000 : 1.3742192025433564 size: 0.0
1551000 : 1.5878000710922815 size: 0.0
1552000 : 1.59549388696128 size: 0.0
1553000 : 1.665784572230117 size: 0.0
1554000 : 1.5800560362892309 size: 0.0
1555000 : 1.4560912855126202 size: 0.0
1556000 : 1.5990926239305843 size: 0.0
1557000 : 1.5332194850318097 size: 0.0
1558000 : 1.532435588109177 size: 0.0
1559000 : 1.3654660595363683 size: 0.0
1560000 : 1.4864754604405526 size: 0.0
1561000 : 1.6188615136993116 size: 0.0
1562000 : 1.5300508766723133 size: 0.0
1563000 : 1.686668253541737 size: 0.0
1564000 : 1.3763883337273637 size: 0.0
1565000 : 1.519487186308367 size: 0.0
1566000 : 1.520868550960097 size: 0.0
1567000 : 1.5464155418498622 size: 0.0
1568000 : 1.4229497127434043 size: 0.0
1569000 : 1.5307071624680058 size: 0.0
1570000 : 1.7066548733464564 size: 0.0
1571000 : 1.6256584400440608 size: 0.0
1572000 : 1.53403881038052 size: 0.0
1573000 : 1.5359388747072524 size: 0.0
1574000 : 1.5035708799016174 size: 0.0
1575000 : 1.7517977394581807 size: 0.0
1576000 : 1.5444083323316422 size: 0.0
1577000 : 1.4643612432620092 size: 0.0
1578000 : 1.618913624442523 size: 0.0
1579000 : 1.5975231102588103 size: 0.0
1580000 : 1.5794436060695085 size: 0.0
1581000 : 1.590228982070417 size: 0.0
1582000 : 1.6768158834217592 size: 0.0
1583000 : 1.624996306838239 size: 0.0
1584000 : 1.6129372273250404 size: 0.0
1585000 : 1.406434046798398 size: 0.0
1586000 : 1.685661467103586 size: 0.0
1587000 : 1.6135537851283837 size: 0.0
1588000 : 1.656522790533202 size: 0.0
1589000 : 1.711836538634302 size: 0.0
1590000 : 1.5082948993555172 size: 0.0
1591000 : 1.6421471047128817 size: 0.0
1592000 : 1.6678576511036172 size: 0.0
1593000 : 1.6382109377825844 size: 0.0
1594000 : 1.7000839322049413 size: 0.0
1595000 : 1.550374582472724 size: 0.0
1596000 : 1.5737342980088158 size: 0.0
1597000 : 1.572769991285428 size: 0.0
1598000 : 1.5992981431983655 size: 0.0
1599000 : 1.681762620408526 size: 0.0
1600000 : 1.4967393850440451 size: 0.0
1601000 : 1.5709753523236747 size: 0.0
1602000 : 1.5527047754092642 size: 0.0
1603000 : 1.651297785617339 size: 0.0
1604000 : 1.5333496758985128 size: 0.0
1605000 : 1.4670176872872362 size: 0.0
1606000 : 1.587467284662862 size: 0.0
1607000 : 1.5034142037066816 size: 0.0
1608000 : 1.4268618021025807 size: 0.0
1609000 : 1.466570360412342 size: 0.0
1610000 : 1.652686889488358 size: 0.0
1611000 : 1.512500907065018 size: 0.0
1612000 : 1.5251904749762795 size: 0.0
1613000 : 1.6104009991727666 size: 0.0
1614000 : 1.711619840494215 size: 0.0
1615000 : 1.4363099270017055 size: 0.0
1616000 : 1.5872533382451885 size: 0.0
1617000 : 1.4571185378862237 size: 0.0
1618000 : 1.410375545190872 size: 0.0
1619000 : 1.5135004702318327 size: 0.0
1620000 : 1.5903086100377664 size: 0.0
1621000 : 1.5851484425812787 size: 0.0
1622000 : 1.5550184580113215 size: 0.0
1623000 : 1.643503015932284 size: 0.0
1624000 : 1.717326052867192 size: 0.0
1625000 : 1.4018196662844233 size: 0.0
1626000 : 1.590290551859426 size: 0.0
1627000 : 1.3407469931278568 size: 0.0
1628000 : 1.5363889533045605 size: 0.0
1629000 : 1.530640605182122 size: 0.0
1630000 : 1.5532358578351286 size: 0.0
1631000 : 1.4785967632218764 size: 0.0
1632000 : 1.3765008963723533 size: 0.0
1633000 : 1.5207894389407002 size: 0.0
1634000 : 1.6279729825593723 size: 0.0
1635000 : 1.5986547561014877 size: 0.0
1636000 : 1.4666664987141742 size: 0.0
1637000 : 1.6062615487491496 size: 0.0
1638000 : 1.4781129760249994 size: 0.0
1639000 : 1.389538127212334 size: 0.0
1640000 : 1.388978409675101 size: 0.0
1641000 : 1.4626249064188983 size: 0.0
1642000 : 1.5956842717557853 size: 0.0
1643000 : 1.6034372496566807 size: 0.0
1644000 : 1.678367854863145 size: 0.0
1645000 : 1.7252630522045107 size: 0.0
1646000 : 1.7673654370316314 size: 0.0
1647000 : 1.6345917348778276 size: 0.0
1648000 : 1.4983770038455606 size: 0.0
1649000 : 1.6611455122057435 size: 0.0
1650000 : 1.7377010094975598 size: 0.0
1651000 : 1.550714420190829 size: 0.0
1652000 : 1.4407663414508625 size: 0.0
1653000 : 1.5304706863230695 size: 0.0
1654000 : 1.6226157229849958 size: 0.0
1655000 : 1.640084344798433 size: 0.0
1656000 : 1.5124962635334447 size: 0.0
1657000 : 1.6966236412695814 size: 0.0
1658000 : 1.6165939224476855 size: 0.0
1659000 : 1.504786281295265 size: 0.0
1660000 : 1.4755616133994496 size: 0.0
1661000 : 1.649162964972179 size: 0.0
1662000 : 1.6294561609404132 size: 0.0
1663000 : 1.5175073220316344 size: 0.0
1664000 : 1.6676526477837887 size: 0.0
1665000 : 1.7443737643683859 size: 0.0
1666000 : 1.5751700091782186 size: 0.0
1667000 : 1.5577968377360103 size: 0.0
1668000 : 1.6489218452956693 size: 0.0
1669000 : 1.5391847032769863 size: 0.0
1670000 : 1.5929162109901482 size: 0.0
1671000 : 1.6251834239623777 size: 0.0
1672000 : 1.4917542959261356 size: 0.0
1673000 : 1.8310100247405259 size: 0.0
1674000 : 1.4745185386219668 size: 0.0
1675000 : 1.4844111526822463 size: 0.0
1676000 : 1.4141037850962759 size: 0.0
1677000 : 1.4985216412549363 size: 0.0
1678000 : 1.5062964609524914 size: 0.0
1679000 : 1.6169500985176224 size: 0.0
1680000 : 1.6511092926319935 size: 0.0
1681000 : 1.8046249623931063 size: 0.0
1682000 : 1.6852958319878517 size: 0.0
1683000 : 1.522537298621419 size: 0.0
1684000 : 1.3951487172314314 size: 0.0
1685000 : 1.6126276585534873 size: 0.0
1686000 : 1.5091819858686675 size: 0.0
1687000 : 1.596459225580573 size: 0.0
1688000 : 1.6006040074663668 size: 0.0
1689000 : 1.4047770799486603 size: 0.0
1690000 : 1.6217423950839145 size: 0.0
1691000 : 1.4388398777872227 size: 0.0
1692000 : 1.5600640850223346 size: 0.0
1693000 : 1.4270070414512344 size: 0.0
1694000 : 1.6994438127784297 size: 0.0
1695000 : 1.499177755067978 size: 0.0
1696000 : 1.6056977896196214 size: 0.0
1697000 : 1.51650982265663 size: 0.0
1698000 : 1.622429981722064 size: 0.0
1699000 : 1.5202791664155901 size: 0.0
1700000 : 1.5811324757009813 size: 0.0
1701000 : 1.657430686947107 size: 0.0
1702000 : 1.654667613678345 size: 0.0
1703000 : 1.651689046148052 size: 0.0
1704000 : 1.495306425597056 size: 0.0
1705000 : 1.5034614989356687 size: 0.0
1706000 : 1.5165516144407898 size: 0.0
1707000 : 1.3166441405573868 size: 0.0
1708000 : 1.6548786363909536 size: 0.0
1709000 : 1.5424723236308797 size: 0.0
1710000 : 1.4325137539492105 size: 0.0
1711000 : 1.573741693262803 size: 0.0
1712000 : 1.586535826625789 size: 0.0
1713000 : 1.5323463291133792 size: 0.0
1714000 : 1.3593785616264284 size: 0.0
1715000 : 1.537960186802843 size: 0.0
1716000 : 1.5118475449743902 size: 0.0
1717000 : 1.547593966973574 size: 0.0
1718000 : 1.661691385139582 size: 0.0
1719000 : 1.6511710344036532 size: 0.0
1720000 : 1.4751841114808057 size: 0.0
1721000 : 1.509002263998516 size: 0.0
1722000 : 1.480585570596454 size: 0.0
1723000 : 1.5010465185522532 size: 0.0
1724000 : 1.4718813566536364 size: 0.0
1725000 : 1.5072765900797584 size: 0.0
1726000 : 1.5764218708938489 size: 0.0
1727000 : 1.5355636085630697 size: 0.0
1728000 : 1.5799504389416013 size: 0.0
1729000 : 1.5375347017246084 size: 0.0
1730000 : 1.5286638365931047 size: 0.0
1731000 : 1.4286894617332997 size: 0.0
1732000 : 1.5408317811242993 size: 0.0
1733000 : 1.4617195897447566 size: 0.0
1734000 : 1.4144165355468699 size: 0.0
1735000 : 1.6484432175783181 size: 0.0
1736000 : 1.5553307785052883 size: 0.0
1737000 : 1.718628477482176 size: 0.0
1738000 : 1.6039387510665966 size: 0.0
1739000 : 1.5240234007075244 size: 0.0
1740000 : 1.6433441039628867 size: 0.0
1741000 : 1.4720220384620422 size: 0.0
1742000 : 1.6738067029796126 size: 0.0
1743000 : 1.5260744658017142 size: 0.0
1744000 : 1.6416074231544742 size: 0.0
1745000 : 1.6081081264714636 size: 0.0
1746000 : 1.45307539774709 size: 0.0
1747000 : 1.4867244913190019 size: 0.0
1748000 : 1.5847609656688848 size: 0.0
1749000 : 1.4925775768758158 size: 0.0
1750000 : 1.5012823067665861 size: 0.0
1751000 : 1.5971834445233564 size: 0.0
1752000 : 1.6602119903768602 size: 0.0
1753000 : 1.2971443176459345 size: 0.0
1754000 : 1.6221092340782048 size: 0.0
1755000 : 1.6452434803590157 size: 0.0
1756000 : 1.4770723090046285 size: 0.0
1757000 : 1.547398422699543 size: 0.0
1758000 : 1.5037913616600236 size: 0.0
1759000 : 1.5401196009670763 size: 0.0
1760000 : 1.6697164395941424 size: 0.0
1761000 : 1.6831768337465711 size: 0.0
1762000 : 1.5421531238308783 size: 0.0
1763000 : 1.5734054671803661 size: 0.0
1764000 : 1.681396813310141 size: 0.0
1765000 : 1.5942748739319645 size: 0.0
1766000 : 1.6159971426491915 size: 0.0
1767000 : 1.5298144005273768 size: 0.0
1768000 : 1.5379925195412052 size: 0.0
1769000 : 1.4537316835427825 size: 0.0
1770000 : 1.3457600294265315 size: 0.0
1771000 : 1.5091240277153268 size: 0.0
1772000 : 1.6899918182696607 size: 0.0
1773000 : 1.539445772940996 size: 0.0
1774000 : 1.5887729769482124 size: 0.0
1775000 : 1.5743561872743357 size: 0.0
1776000 : 1.7796745793191844 size: 0.0
1777000 : 1.5326356039321305 size: 0.0
1778000 : 1.5917730423098633 size: 0.0
1779000 : 1.615977708609644 size: 0.0
1780000 : 1.42053997783084 size: 0.0
1781000 : 1.6836690480933403 size: 0.0
1782000 : 1.628499937401616 size: 0.0
1783000 : 1.5143278787651335 size: 0.0
1784000 : 1.651211278343955 size: 0.0
1785000 : 1.6246908656503065 size: 0.0
1786000 : 1.565614653096281 size: 0.0
1787000 : 1.405654105476735 size: 0.0
1788000 : 1.6581693524325627 size: 0.0
1789000 : 1.4924362071368067 size: 0.0
1790000 : 1.6055075768077671 size: 0.0
1791000 : 1.5466778153924279 size: 0.0
1792000 : 1.6050599059675712 size: 0.0
1793000 : 1.5250625198840375 size: 0.0
1794000 : 1.559410722931707 size: 0.0
1795000 : 1.609832424529014 size: 0.0
1796000 : 1.4917880045257048 size: 0.0
1797000 : 1.5042230381136892 size: 0.0
1798000 : 1.6140580382607135 size: 0.0
1799000 : 1.685695175703155 size: 0.0
1800000 : 1.5616088331923843 size: 0.0
1801000 : 1.5486724701771348 size: 0.0
1802000 : 1.3829570390944177 size: 0.0
1803000 : 1.5197936593922046 size: 0.0
1804000 : 1.6477095395897374 size: 0.0
1805000 : 1.5802436693613222 size: 0.0
1806000 : 1.5352698621953962 size: 0.0
1807000 : 1.6175178132481205 size: 0.0
1808000 : 1.6787948877852374 size: 0.0
1809000 : 1.4240734473841419 size: 0.0
1810000 : 1.4384329668352813 size: 0.0
1811000 : 1.5545957246555007 size: 0.0
1812000 : 1.5380582169138348 size: 0.0
1813000 : 1.6447235768054573 size: 0.0
1814000 : 1.5188376078360581 size: 0.0
1815000 : 1.571159201777447 size: 0.0
1816000 : 1.5353998810794485 size: 0.0
1817000 : 1.5988657788140963 size: 0.0
1818000 : 1.704140658973493 size: 0.0
1819000 : 1.6930089099137469 size: 0.0
1820000 : 1.5510181415522526 size: 0.0
1821000 : 1.4625664323176049 size: 0.0
1822000 : 1.4935781719385357 size: 0.0
1823000 : 1.6599170401306305 size: 0.0
1824000 : 1.6397254170060824 size: 0.0
1825000 : 1.6600511865983034 size: 0.0
1826000 : 1.5680480356233388 size: 0.0
1827000 : 1.6231416459313344 size: 0.0
1828000 : 1.487510452033445 size: 0.0
1829000 : 1.6569231661444106 size: 0.0
1830000 : 1.6261881466087182 size: 0.0
1831000 : 1.539425650970845 size: 0.0
1832000 : 1.490922587826563 size: 0.0
1833000 : 1.513177830778814 size: 0.0
1834000 : 1.395623045382511 size: 0.0
1835000 : 1.5689645311697866 size: 0.0
1836000 : 1.503378431315302 size: 0.0
1837000 : 1.309288356588659 size: 0.0
1838000 : 1.5969282222694758 size: 0.0
1839000 : 1.564013666599399 size: 0.0
1840000 : 1.6613936831709386 size: 0.0
1841000 : 1.6296706233060392 size: 0.0
1842000 : 1.5573328285439823 size: 0.0
1843000 : 1.4258757395738588 size: 0.0
1844000 : 1.6392390500694425 size: 0.0
1845000 : 1.500897581576606 size: 0.0
1846000 : 1.53691109263258 size: 0.0
1847000 : 1.5411024818167574 size: 0.0
1848000 : 1.5313591486974267 size: 0.0
1849000 : 1.659567915349379 size: 0.0
1850000 : 1.6501197044589289 size: 0.0
1851000 : 1.7584195874643516 size: 0.0
1852000 : 1.638987611433881 size: 0.0
1853000 : 1.501272331772836 size: 0.0
1854000 : 1.638055981414157 size: 0.0
1855000 : 1.862559038162752 size: 0.0
1856000 : 1.5150201089348565 size: 0.0
1857000 : 1.6117670573685698 size: 0.0
1858000 : 1.6514374355298396 size: 0.0
1859000 : 1.6639400582996133 size: 0.0
1860000 : 1.6204036821295984 size: 0.0
1861000 : 1.602788703080277 size: 0.0
1862000 : 1.5583415067912927 size: 0.0
1863000 : 1.6440788138473728 size: 0.0
1864000 : 1.5771257958838305 size: 0.0
1865000 : 1.5063852040003365 size: 0.0
1866000 : 1.4270459955216548 size: 0.0
1867000 : 1.423699901066468 size: 0.0
1868000 : 1.65537222659893 size: 0.0
1869000 : 1.5871119685061794 size: 0.0
1870000 : 1.506580232326415 size: 0.0
1871000 : 1.7009548523489104 size: 0.0
1872000 : 1.4416376915514588 size: 0.0
1873000 : 1.6745075322818785 size: 0.0
1874000 : 1.6199353733712991 size: 0.0
1875000 : 1.5232969459902799 size: 0.0
1876000 : 1.6354738338941028 size: 0.0
1877000 : 1.519395691538108 size: 0.0
1878000 : 1.6317038022045394 size: 0.0
1879000 : 1.468225005496293 size: 0.0
1880000 : 1.7593938691814894 size: 0.0
1881000 : 1.663887947556402 size: 0.0
1882000 : 1.4109780864081698 size: 0.0
1883000 : 1.509015850627934 size: 0.0
1884000 : 1.541930406298011 size: 0.0
1885000 : 1.5825924364241557 size: 0.0
1886000 : 1.5803177938838442 size: 0.0
1887000 : 1.4771312990538745 size: 0.0
1888000 : 1.6670323063621266 size: 0.0
1889000 : 1.5339445638878473 size: 0.0
1890000 : 1.488597210404247 size: 0.0
1891000 : 1.5632951230840941 size: 0.0
1892000 : 1.5456013759806775 size: 0.0
1893000 : 1.5779948242186401 size: 0.0
1894000 : 1.4436903044895066 size: 0.0
1895000 : 1.4710554959641933 size: 0.0
1896000 : 1.4429385683225853 size: 0.0
1897000 : 1.377328046931678 size: 0.0
1898000 : 1.5698369991576138 size: 0.0
1899000 : 1.5844331667363403 size: 0.0
1900000 : 1.510383456667595 size: 0.0
1901000 : 1.528366306607112 size: 0.0
1902000 : 1.4919587832980115 size: 0.0
1903000 : 1.7269985291343672 size: 0.0
1904000 : 1.407547892436711 size: 0.0
1905000 : 1.6073493390158569 size: 0.0
1906000 : 1.504881559683843 size: 0.0
1907000 : 1.7109351775611301 size: 0.0
1908000 : 1.5404496356740822 size: 0.0
1909000 : 1.4283797209790958 size: 0.0
1910000 : 1.4306667462702696 size: 0.0
1911000 : 1.4533978652174577 size: 0.0
1912000 : 1.6578651151231862 size: 0.0
1913000 : 1.5866668774057464 size: 0.0
1914000 : 1.6853190496457182 size: 0.0
1915000 : 1.5327102444026048 size: 0.0
1916000 : 1.33563781852735 size: 0.0
1917000 : 1.4899553573981106 size: 0.0
1918000 : 1.4938571277982353 size: 0.0
1919000 : 1.5852015852203953 size: 0.0
1920000 : 1.6680748651916568 size: 0.0
1921000 : 1.73418688799248 size: 0.0
1922000 : 1.5767818305821049 size: 0.0
1923000 : 1.6401484943272049 size: 0.0
1924000 : 1.7146594618655642 size: 0.0
1925000 : 1.5107353331712603 size: 0.0
1926000 : 1.5941316123837959 size: 0.0
1927000 : 1.5636798482740744 size: 0.0
1928000 : 1.5051727263117538 size: 0.0
1929000 : 1.646357411988654 size: 0.0
1930000 : 1.7162822901591057 size: 0.0
1931000 : 1.568373770764073 size: 0.0
1932000 : 1.3880761886886748 size: 0.0
1933000 : 1.6700935975474847 size: 0.0
1934000 : 1.387857770722079 size: 0.0
1935000 : 1.6322926708010936 size: 0.0
1936000 : 1.4973733130951254 size: 0.0
1937000 : 1.5436105048142896 size: 0.0
1938000 : 1.5716410971651646 size: 0.0
1939000 : 1.5379938954024122 size: 0.0
1940000 : 1.5547374383598118 size: 0.0
1941000 : 1.4365477790078487 size: 0.0
1942000 : 1.5169789913281837 size: 0.0
1943000 : 1.5288076140892262 size: 0.0
1944000 : 1.567363200707603 size: 0.0
1945000 : 1.5733000418153873 size: 0.0
1946000 : 1.7000361210280013 size: 0.0
1947000 : 1.5935016399336854 size: 0.0
1948000 : 1.4752327825709999 size: 0.0
1949000 : 1.5267274839270404 size: 0.0
1950000 : 1.4137740943545718 size: 0.0
1951000 : 1.5076221032253418 size: 0.0
1952000 : 1.6617066915955088 size: 0.0
1953000 : 1.59843393037778 size: 0.0
Time for GPU to GPU operations:  167.9256989955902
Time for model training:  22581.34240937233
Time for GPU to CPU operations:  349.2595398426056
last series
Last encode part don't need inference.
189.55020141601562
37357.10697698593 
