387007
0 : 8.276175266183008 size: 0.0
1000 : 5.235133318137602 size: 0.0
2000 : 4.402014616862682 size: 0.0
3000 : 3.9119008661909627 size: 0.0
4000 : 3.8804645014050516 size: 0.0
5000 : 3.6824371418608806 size: 0.0
6000 : 3.749922102163542 size: 0.0
7000 : 3.482244520742347 size: 0.0
8000 : 3.3271068826009476 size: 0.0
9000 : 3.226923548820344 size: 0.0
10000 : 2.950747616689415 size: 0.0
11000 : 3.1112074299444155 size: 0.0
12000 : 3.1191172560228977 size: 0.0
13000 : 3.0709015758882074 size: 0.0
14000 : 3.1574126328905194 size: 0.0
15000 : 3.1033849710525714 size: 0.0
16000 : 2.945913872304265 size: 0.0
17000 : 2.8513003686545044 size: 0.0
18000 : 2.6609752521292247 size: 0.0
19000 : 2.7279824446277887 size: 0.0
20000 : 2.847991594434555 size: 0.0
21000 : 2.847415968502117 size: 0.0
22000 : 2.8682551063071635 size: 0.0
23000 : 3.0305685485731635 size: 0.0
24000 : 3.041066713547131 size: 0.0
25000 : 2.66562858671362 size: 0.0
26000 : 2.577199579188886 size: 0.0
27000 : 2.60122951111539 size: 0.0
28000 : 2.772622605451041 size: 0.0
29000 : 2.8535581568950312 size: 0.0
30000 : 2.746882306061706 size: 0.0
31000 : 2.8242636640429657 size: 0.0
32000 : 2.9010693960917875 size: 0.0
33000 : 2.6997432373214174 size: 0.0
34000 : 2.731816625846124 size: 0.0
35000 : 2.581392860182223 size: 0.0
36000 : 2.5418249836808675 size: 0.0
37000 : 2.6731306419269063 size: 0.0
38000 : 2.758211491204643 size: 0.0
39000 : 2.946458025411595 size: 0.0
40000 : 2.886036736545171 size: 0.0
41000 : 2.810809633248619 size: 0.0
42000 : 2.627194419846752 size: 0.0
43000 : 2.5071680717748994 size: 0.0
44000 : 2.573212849359235 size: 0.0
45000 : 2.500969473072502 size: 0.0
46000 : 2.8132602140407634 size: 0.0
47000 : 2.94172299906804 size: 0.0
48000 : 2.896163075027973 size: 0.0
49000 : 2.7816807596893343 size: 0.0
50000 : 2.7433157298481134 size: 0.0
51000 : 2.568645850065573 size: 0.0
52000 : 2.2968637306988873 size: 0.0
53000 : 2.478227863183611 size: 0.0
54000 : 2.649718815647603 size: 0.0
55000 : 2.669806217285728 size: 0.0
56000 : 2.7214587987152608 size: 0.0
57000 : 2.601609764756448 size: 0.0
58000 : 2.5544598611091547 size: 0.0
59000 : 2.5736887253541725 size: 0.0
60000 : 2.4061208691390124 size: 0.0
61000 : 2.50485800080851 size: 0.0
62000 : 2.6978349178274437 size: 0.0
63000 : 2.619722805562668 size: 0.0
64000 : 2.702611563972507 size: 0.0
65000 : 2.699616830073033 size: 0.0
66000 : 2.460375376093448 size: 0.0
67000 : 2.564254789023744 size: 0.0
68000 : 2.392411788073436 size: 0.0
69000 : 2.3111265959002414 size: 0.0
70000 : 2.497242609028305 size: 0.0
71000 : 2.641824811973 size: 0.0
72000 : 2.7485242244294934 size: 0.0
73000 : 2.5102150884002357 size: 0.0
74000 : 2.6109807554366604 size: 0.0
75000 : 2.4774174809327456 size: 0.0
76000 : 2.504245054640835 size: 0.0
77000 : 2.401511734095889 size: 0.0
78000 : 2.605737864325108 size: 0.0
79000 : 2.636181029302286 size: 0.0
80000 : 2.674546403108809 size: 0.0
81000 : 2.6892567671677083 size: 0.0
82000 : 2.5885738237863487 size: 0.0
83000 : 2.5924786898741887 size: 0.0
84000 : 2.3940267051650377 size: 0.0
85000 : 2.472333845755892 size: 0.0
86000 : 2.439534174496591 size: 0.0
87000 : 2.604250730343097 size: 0.0
88000 : 2.5768630091411473 size: 0.0
89000 : 2.6694407541526446 size: 0.0
90000 : 2.5249985450857517 size: 0.0
91000 : 2.382418908127703 size: 0.0
92000 : 2.413054521691197 size: 0.0
93000 : 2.3522968347596858 size: 0.0
94000 : 2.404127762198163 size: 0.0
95000 : 2.651281965961295 size: 0.0
96000 : 2.5653936581377574 size: 0.0
97000 : 2.6633183437645798 size: 0.0
98000 : 2.7453322264294795 size: 0.0
99000 : 2.52505203169017 size: 0.0
100000 : 2.387985642570831 size: 0.0
101000 : 2.303753871640404 size: 0.0
102000 : 2.3788972193859856 size: 0.0
103000 : 2.368594598686049 size: 0.0
104000 : 2.701278870410971 size: 0.0
105000 : 2.5353938644345035 size: 0.0
106000 : 2.6763054416618335 size: 0.0
107000 : 2.4419181980028517 size: 0.0
108000 : 2.4884293580848404 size: 0.0
109000 : 2.2767140713411496 size: 0.0
110000 : 2.37604970263565 size: 0.0
111000 : 2.625240868915601 size: 0.0
112000 : 2.755512739447304 size: 0.0
113000 : 2.7355672234961403 size: 0.0
114000 : 2.6959021767970475 size: 0.0
115000 : 2.3312131376251126 size: 0.0
116000 : 2.424671777774329 size: 0.0
117000 : 2.2359674257507804 size: 0.0
118000 : 2.2483868089175365 size: 0.0
119000 : 2.4318604805977437 size: 0.0
120000 : 2.4807568680645486 size: 0.0
121000 : 2.485038892105731 size: 0.0
122000 : 2.612376222665761 size: 0.0
123000 : 2.472403670712142 size: 0.0
124000 : 2.351480605098691 size: 0.0
125000 : 2.318018284685616 size: 0.0
126000 : 2.313306475999928 size: 0.0
127000 : 2.4767040968969667 size: 0.0
128000 : 2.5148142484496088 size: 0.0
129000 : 2.674586647049111 size: 0.0
130000 : 2.6378306868893624 size: 0.0
131000 : 2.4184984605216084 size: 0.0
132000 : 2.369378323626031 size: 0.0
133000 : 2.389826028917714 size: 0.0
134000 : 2.2713650669340146 size: 0.0
135000 : 2.3374205074427037 size: 0.0
136000 : 2.3475760829761527 size: 0.0
137000 : 2.604315739785123 size: 0.0
138000 : 2.6239482473117164 size: 0.0
139000 : 2.5421072072109334 size: 0.0
140000 : 2.4608937318031487 size: 0.0
141000 : 2.368672334844239 size: 0.0
142000 : 2.2508621552114048 size: 0.0
143000 : 2.258715398997753 size: 0.0
144000 : 2.3981566965428573 size: 0.0
145000 : 2.398059010397167 size: 0.0
146000 : 2.5604493289081027 size: 0.0
147000 : 2.493485476037556 size: 0.0
148000 : 2.438329779992599 size: 0.0
149000 : 2.47379655820148 size: 0.0
150000 : 2.2088691513502328 size: 0.0
151000 : 2.323225747371091 size: 0.0
152000 : 2.4814141857561465 size: 0.0
153000 : 2.418833826690791 size: 0.0
154000 : 2.617763407221388 size: 0.0
155000 : 2.570812487501143 size: 0.0
156000 : 2.5114865561380646 size: 0.0
157000 : 2.311545545637743 size: 0.0
158000 : 2.28215181879613 size: 0.0
159000 : 2.2292349929001047 size: 0.0
160000 : 2.424048512647602 size: 0.0
161000 : 2.381026708568969 size: 0.0
162000 : 2.49937037838478 size: 0.0
163000 : 2.5333295566761973 size: 0.0
164000 : 2.5237595820689362 size: 0.0
165000 : 2.39606229182065 size: 0.0
166000 : 2.333570847785791 size: 0.0
167000 : 2.2191973974651478 size: 0.0
168000 : 2.529869609706139 size: 0.0
169000 : 2.407813694371455 size: 0.0
170000 : 2.705168086077583 size: 0.0
171000 : 2.560832334271574 size: 0.0
172000 : 2.5530938029133514 size: 0.0
173000 : 2.433502570948182 size: 0.0
174000 : 2.438865505950037 size: 0.0
175000 : 2.3301826175811424 size: 0.0
176000 : 2.388891991140878 size: 0.0
177000 : 2.5977318999447934 size: 0.0
178000 : 2.448963639278097 size: 0.0
179000 : 2.4698373455959675 size: 0.0
180000 : 2.4434261418856167 size: 0.0
181000 : 2.259934412027069 size: 0.0
182000 : 2.218421067779153 size: 0.0
183000 : 2.0503737239333875 size: 0.0
184000 : 2.2984549141846697 size: 0.0
185000 : 2.4874748543725516 size: 0.0
186000 : 2.423305375613224 size: 0.0
187000 : 2.565735215682371 size: 0.0
188000 : 2.5540508863654026 size: 0.0
189000 : 2.3289728916149737 size: 0.0
190000 : 2.30593977113287 size: 0.0
191000 : 1.9970795681013693 size: 0.0
192000 : 2.1402030142014463 size: 0.0
193000 : 2.439163379901331 size: 0.0
194000 : 2.5111102580979767 size: 0.0
195000 : 2.5849513532112254 size: 0.0
196000 : 2.4593541431126247 size: 0.0
197000 : 2.2962444211731303 size: 0.0
198000 : 2.317392783784428 size: 0.0
199000 : 2.1002134362401748 size: 0.0
200000 : 2.1075687902522757 size: 0.0
201000 : 2.450260216482952 size: 0.0
202000 : 2.416356588587763 size: 0.0
203000 : 2.44784987963111 size: 0.0
204000 : 2.6972001298631088 size: 0.0
205000 : 2.387521289413501 size: 0.0
206000 : 2.2855197550479764 size: 0.0
207000 : 2.1673478959003774 size: 0.0
208000 : 2.229387713494071 size: 0.0
209000 : 2.442885084466002 size: 0.0
210000 : 2.4228346590978127 size: 0.0
211000 : 2.5886052966114566 size: 0.0
212000 : 2.496328521238969 size: 0.0
213000 : 2.430438356057759 size: 0.0
214000 : 2.409310459381914 size: 0.0
215000 : 2.2518293856398572 size: 0.0
216000 : 2.195937947814509 size: 0.0
217000 : 2.448342437943181 size: 0.0
218000 : 2.514767641151225 size: 0.0
219000 : 2.396637573787786 size: 0.0
220000 : 2.5755052061125854 size: 0.0
221000 : 2.4177481002158943 size: 0.0
222000 : 2.2202636899004973 size: 0.0
223000 : 2.356617898862614 size: 0.0
224000 : 2.0007223326292944 size: 0.0
225000 : 2.335796475270606 size: 0.0
226000 : 2.5101954823780375 size: 0.0
227000 : 2.5921388521560838 size: 0.0
228000 : 2.449810137885644 size: 0.0
229000 : 2.4839289160770623 size: 0.0
230000 : 2.351124257046103 size: 0.0
231000 : 2.239616209671486 size: 0.0
232000 : 2.1960210154348756 size: 0.0
233000 : 2.327873750493309 size: 0.0
234000 : 2.311732490779231 size: 0.0
235000 : 2.4354731481617677 size: 0.0
236000 : 2.5306048355385777 size: 0.0
237000 : 2.4323869194920347 size: 0.0
238000 : 2.316517908039489 size: 0.0
239000 : 2.2648364335246116 size: 0.0
240000 : 2.274899138426594 size: 0.0
241000 : 2.3414363023403504 size: 0.0
242000 : 2.4270628525692746 size: 0.0
243000 : 2.373208205278095 size: 0.0
244000 : 2.3791139175260727 size: 0.0
245000 : 2.4916517970140566 size: 0.0
246000 : 2.3474684218367123 size: 0.0
247000 : 2.302524711634687 size: 0.0
248000 : 2.2627301619994946 size: 0.0
249000 : 2.140511723059745 size: 0.0
250000 : 2.185791659344207 size: 0.0
251000 : 2.396556054011277 size: 0.0
252000 : 2.3901371455331244 size: 0.0
253000 : 2.46250056571016 size: 0.0
254000 : 2.472581672755785 size: 0.0
255000 : 2.268369989069239 size: 0.0
256000 : 2.247036745108263 size: 0.0
257000 : 2.0878545909665225 size: 0.0
258000 : 2.3445877124347603 size: 0.0
259000 : 2.359603861646894 size: 0.0
260000 : 2.5952096023872393 size: 0.0
261000 : 2.460757693526316 size: 0.0
262000 : 2.3731330488596676 size: 0.0
263000 : 2.2160982700966003 size: 0.0
264000 : 2.2064865037051793 size: 0.0
265000 : 1.9824962992214574 size: 0.0
266000 : 2.131267139627916 size: 0.0
267000 : 2.386788299355524 size: 0.0
268000 : 2.38169468918492 size: 0.0
269000 : 2.5206991507968324 size: 0.0
270000 : 2.4615434822581084 size: 0.0
271000 : 2.1760478102769234 size: 0.0
272000 : 2.063955709819976 size: 0.0
273000 : 2.1255741699190556 size: 0.0
274000 : 2.4086930416653165 size: 0.0
275000 : 2.2997353250203436 size: 0.0
276000 : 2.362294358236992 size: 0.0
277000 : 2.3580219652242578 size: 0.0
278000 : 2.4381928818025123 size: 0.0
279000 : 2.170650306762245 size: 0.0
280000 : 2.3404479180458417 size: 0.0
281000 : 2.0517660954747727 size: 0.0
282000 : 2.1186095604897153 size: 0.0
283000 : 2.4693258691923012 size: 0.0
284000 : 2.432907510976196 size: 0.0
285000 : 2.6130658730957212 size: 0.0
286000 : 2.5357923482365528 size: 0.0
287000 : 2.5148524285981004 size: 0.0
288000 : 2.3218577973661283 size: 0.0
289000 : 1.9854676434804142 size: 0.0
290000 : 2.3394658971094153 size: 0.0
291000 : 2.2240338935727118 size: 0.0
292000 : 2.39056675819498 size: 0.0
293000 : 2.4138839940163086 size: 0.0
294000 : 2.585628620890323 size: 0.0
295000 : 2.3048571403456886 size: 0.0
296000 : 2.252723351459042 size: 0.0
297000 : 2.190537520594766 size: 0.0
298000 : 2.185553463372762 size: 0.0
299000 : 2.240192695517178 size: 0.0
300000 : 2.4397998876921743 size: 0.0
301000 : 2.342225014777207 size: 0.0
302000 : 2.491592119034207 size: 0.0
303000 : 2.280608102521985 size: 0.0
304000 : 2.2157964405443358 size: 0.0
305000 : 2.1966621667572923 size: 0.0
306000 : 2.05166789338113 size: 0.0
307000 : 2.2327193614065854 size: 0.0
308000 : 2.3967142780500708 size: 0.0
309000 : 2.415263466858879 size: 0.0
310000 : 2.5392227141906623 size: 0.0
311000 : 2.3388207901860287 size: 0.0
312000 : 2.3444224371072813 size: 0.0
313000 : 2.204017864734695 size: 0.0
314000 : 2.2421897580589967 size: 0.0
315000 : 2.2260849586669016 size: 0.0
316000 : 2.3897675548164203 size: 0.0
317000 : 2.3924800651858287 size: 0.0
318000 : 2.469436454036806 size: 0.0
319000 : 2.4499465201277784 size: 0.0
320000 : 2.241042805760393 size: 0.0
321000 : 2.274791993235107 size: 0.0
322000 : 2.057776717139777 size: 0.0
323000 : 2.239640115259956 size: 0.0
324000 : 2.2743297038695878 size: 0.0
325000 : 2.5060837211612093 size: 0.0
326000 : 2.4355596554351515 size: 0.0
327000 : 2.365396753275906 size: 0.0
328000 : 2.4002548848833833 size: 0.0
329000 : 2.105721524599358 size: 0.0
330000 : 2.1172189087748388 size: 0.0
331000 : 2.221021445460199 size: 0.0
332000 : 2.3446329438719373 size: 0.0
333000 : 2.3811868244169223 size: 0.0
334000 : 2.535441159663491 size: 0.0
335000 : 2.44341479103066 size: 0.0
336000 : 2.26525073973054 size: 0.0
337000 : 2.1765945431240166 size: 0.0
338000 : 2.3378812489643654 size: 0.0
339000 : 2.1191719437580367 size: 0.0
340000 : 2.308502312630726 size: 0.0
341000 : 2.3163529766773117 size: 0.0
342000 : 2.4050662715239213 size: 0.0
343000 : 2.4256591301729324 size: 0.0
344000 : 2.332568704879213 size: 0.0
345000 : 2.279698486281572 size: 0.0
346000 : 2.1837096373728615 size: 0.0
347000 : 2.195175892688536 size: 0.0
348000 : 2.298693282138766 size: 0.0
349000 : 2.3254278132327384 size: 0.0
350000 : 2.3840898915634865 size: 0.0
351000 : 2.409568433358208 size: 0.0
352000 : 2.4032379239625987 size: 0.0
353000 : 2.3405547192720277 size: 0.0
354000 : 2.244819888738642 size: 0.0
355000 : 2.0994228319941586 size: 0.0
356000 : 2.0642745656546757 size: 0.0
357000 : 2.2485180316801445 size: 0.0
358000 : 2.31291229176415 size: 0.0
359000 : 2.5987689553294957 size: 0.0
360000 : 2.5355706625995906 size: 0.0
361000 : 2.2534549656558127 size: 0.0
362000 : 2.1597933859785776 size: 0.0
363000 : 2.0836052436290045 size: 0.0
364000 : 2.178208428319713 size: 0.0
365000 : 2.3761800654850043 size: 0.0
366000 : 2.5982884358029854 size: 0.0
367000 : 2.3829200655723177 size: 0.0
368000 : 2.425215414933706 size: 0.0
369000 : 2.304907015314439 size: 0.0
370000 : 2.127801173265078 size: 0.0
371000 : 2.1871044029182425 size: 0.0
372000 : 2.1364591238748134 size: 0.0
373000 : 2.315394517364053 size: 0.0
374000 : 2.367035403973327 size: 0.0
375000 : 2.374778406880472 size: 0.0
376000 : 2.3834201911210267 size: 0.0
377000 : 2.248260745634454 size: 0.0
378000 : 2.2169186273412156 size: 0.0
379000 : 2.249023832656332 size: 0.0
380000 : 2.0782111797673433 size: 0.0
381000 : 2.327369153395678 size: 0.0
382000 : 2.1772246875567776 size: 0.0
383000 : 2.478695484011307 size: 0.0
384000 : 2.3309510360651977 size: 0.0
385000 : 2.24832179947551 size: 0.0
386000 : 2.247928131187685 size: 0.0
387000 : 2.17875000168728 size: 0.0
Time for GPU to GPU operations:  32.749629497528076
Time for model training:  4437.477682828903
Time for GPU to CPU operations:  64.83086323738098
last series
Last encode part don't need inference.
58.43888759613037
压缩完成，总共用时：7605.11244392395 秒
