413868
0 : 8.403377762344762 size: 0.0
1000 : 2.6220014037039494 size: 0.0
2000 : 2.6078455117114316 size: 0.0
3000 : 2.3905167112435786 size: 0.0
4000 : 2.469046741349951 size: 0.0
5000 : 2.420152761640258 size: 0.0
6000 : 2.2895775137124335 size: 0.0
7000 : 2.25195751271475 size: 0.0
8000 : 2.087200712927942 size: 0.0
9000 : 2.167888781337341 size: 0.0
10000 : 2.056885331060355 size: 0.0
11000 : 2.086515362064254 size: 0.0
12000 : 1.9365046987277252 size: 0.0
13000 : 2.092339554535723 size: 0.0
14000 : 2.0438490461249543 size: 0.0
15000 : 2.263414137001976 size: 0.0
16000 : 2.0893680382941153 size: 0.0
17000 : 1.9246143341950233 size: 0.0
18000 : 1.921005622231969 size: 0.0
19000 : 2.020535077973992 size: 0.0
20000 : 2.2046689910508612 size: 0.0
21000 : 2.1179873272588936 size: 0.0
22000 : 2.1767825201614093 size: 0.0
23000 : 2.0489569308555797 size: 0.0
24000 : 1.9661493482569474 size: 0.0
25000 : 2.1611085373097256 size: 0.0
26000 : 2.069964955623773 size: 0.0
27000 : 2.056180374174468 size: 0.0
28000 : 2.1537132833226247 size: 0.0
29000 : 2.0045468828191817 size: 0.0
30000 : 2.0356815900354794 size: 0.0
31000 : 1.9881761982488526 size: 0.0
32000 : 1.976765493329407 size: 0.0
33000 : 2.0476367920275567 size: 0.0
34000 : 2.032935371066502 size: 0.0
35000 : 1.9459276281684985 size: 0.0
36000 : 2.1515430342513873 size: 0.0
37000 : 1.9198235854725887 size: 0.0
38000 : 2.1119742978367775 size: 0.0
39000 : 1.9234852680921088 size: 0.0
40000 : 2.0334755685728623 size: 0.0
41000 : 2.099615108597823 size: 0.0
42000 : 1.9134712342803202 size: 0.0
43000 : 1.833719955370171 size: 0.0
44000 : 1.8160196729260216 size: 0.0
45000 : 1.7998056645506286 size: 0.0
46000 : 1.8570954933101422 size: 0.0
47000 : 1.7746182893838178 size: 0.0
48000 : 1.9099939170625249 size: 0.0
49000 : 1.9182609511068494 size: 0.0
50000 : 1.8741143804915732 size: 0.0
51000 : 2.0901075636928255 size: 0.0
52000 : 1.9316315703155276 size: 0.0
53000 : 2.013612260328811 size: 0.0
54000 : 1.9592554236971118 size: 0.0
55000 : 1.8388240564824776 size: 0.0
56000 : 1.9355950824873118 size: 0.0
57000 : 1.8726573434734635 size: 0.0
58000 : 1.9896891296284926 size: 0.0
59000 : 1.9038737424489212 size: 0.0
60000 : 1.8102257494011045 size: 0.0
61000 : 1.9908290306384113 size: 0.0
62000 : 1.7574907091670415 size: 0.0
63000 : 1.8361442228167333 size: 0.0
64000 : 1.7548540431466637 size: 0.0
65000 : 1.7922881308987644 size: 0.0
66000 : 1.9507950811532178 size: 0.0
67000 : 1.9433091923091121 size: 0.0
68000 : 1.9809150907294248 size: 0.0
69000 : 1.957027560437835 size: 0.0
70000 : 1.9404517005650266 size: 0.0
71000 : 1.9261496233192754 size: 0.0
72000 : 1.9302849461592717 size: 0.0
73000 : 1.872111642522276 size: 0.0
74000 : 1.9299533636084083 size: 0.0
75000 : 1.875229000051815 size: 0.0
76000 : 1.8534458494761825 size: 0.0
77000 : 2.0676920329099704 size: 0.0
78000 : 1.999347675300948 size: 0.0
79000 : 2.0444688715986636 size: 0.0
80000 : 1.905888347221128 size: 0.0
81000 : 1.9020730840943874 size: 0.0
82000 : 1.9800851024563608 size: 0.0
83000 : 1.8495614493237953 size: 0.0
84000 : 1.882100050919086 size: 0.0
85000 : 1.9726766058051437 size: 0.0
86000 : 1.816778976329581 size: 0.0
87000 : 1.808159377850988 size: 0.0
88000 : 2.0064804837628323 size: 0.0
89000 : 1.9128691230196495 size: 0.0
90000 : 1.7822952509530319 size: 0.0
91000 : 1.8122491252885053 size: 0.0
92000 : 1.9091680563730817 size: 0.0
93000 : 1.8743926484206692 size: 0.0
94000 : 1.8002818845108677 size: 0.0
95000 : 1.9889652546510113 size: 0.0
96000 : 1.7306550522743613 size: 0.0
97000 : 2.0026241167825356 size: 0.0
98000 : 1.7963433098234587 size: 0.0
99000 : 1.8026707235313522 size: 0.0
100000 : 1.7782163384225185 size: 0.0
101000 : 1.782895470404543 size: 0.0
102000 : 1.8736563906923256 size: 0.0
103000 : 1.8650957822629783 size: 0.0
104000 : 1.8376143305163084 size: 0.0
105000 : 1.9605623198610183 size: 0.0
106000 : 1.9189672838539429 size: 0.0
107000 : 1.9550633465823308 size: 0.0
108000 : 1.9160843386775297 size: 0.0
109000 : 1.8895573906431482 size: 0.0
110000 : 1.7385413167296755 size: 0.0
111000 : 1.846821421730249 size: 0.0
112000 : 1.9239872854499773 size: 0.0
113000 : 1.8101693390916216 size: 0.0
114000 : 1.6608646645368845 size: 0.0
115000 : 1.8038543081345901 size: 0.0
116000 : 1.8825506454643466 size: 0.0
117000 : 1.8351895471217938 size: 0.0
118000 : 1.7782399000456868 size: 0.0
119000 : 1.7916585024139557 size: 0.0
120000 : 1.8123877433051008 size: 0.0
121000 : 1.7935166029738774 size: 0.0
122000 : 1.9184975992344366 size: 0.0
123000 : 1.6798541289319016 size: 0.0
124000 : 1.6595648196616635 size: 0.0
125000 : 1.9330581664044346 size: 0.0
126000 : 1.8968487671091279 size: 0.0
127000 : 1.7057507605508706 size: 0.0
128000 : 1.850985809638241 size: 0.0
129000 : 1.7150304284434752 size: 0.0
130000 : 1.7109635546985225 size: 0.0
131000 : 1.8118862418951849 size: 0.0
132000 : 1.6704458180164516 size: 0.0
133000 : 1.738069224353057 size: 0.0
134000 : 1.885668002993886 size: 0.0
135000 : 1.67259628908284 size: 0.0
136000 : 1.6309274725185445 size: 0.0
137000 : 1.9081155225498014 size: 0.0
138000 : 1.9650723928972447 size: 0.0
139000 : 1.9407915382831316 size: 0.0
140000 : 1.7861344196682423 size: 0.0
141000 : 1.821616332350399 size: 0.0
142000 : 1.87204869687206 size: 0.0
143000 : 1.8663878879189106 size: 0.0
144000 : 2.106908032907661 size: 0.0
145000 : 1.7167851674302286 size: 0.0
146000 : 1.8163034442999453 size: 0.0
147000 : 1.8958168712039511 size: 0.0
148000 : 1.8869561530488483 size: 0.0
149000 : 1.9660088384311927 size: 0.0
150000 : 1.8094072839656483 size: 0.0
151000 : 1.900698426766041 size: 0.0
152000 : 1.6931960270378856 size: 0.0
153000 : 1.7440353025114879 size: 0.0
154000 : 1.8277899935684214 size: 0.0
155000 : 1.9263940106661515 size: 0.0
156000 : 2.003028791960016 size: 0.0
157000 : 1.7909193209805474 size: 0.0
158000 : 1.8144969385352823 size: 0.0
159000 : 1.6352717542793391 size: 0.0
160000 : 1.770567582008046 size: 0.0
161000 : 1.954250728557004 size: 0.0
162000 : 1.850821738189318 size: 0.0
163000 : 1.9008028202351148 size: 0.0
164000 : 1.9063141762646643 size: 0.0
165000 : 1.7685352630228002 size: 0.0
166000 : 1.614176534307158 size: 0.0
167000 : 1.8511368104056987 size: 0.0
168000 : 1.8662654362714963 size: 0.0
169000 : 1.879927566073387 size: 0.0
170000 : 1.8757081437171188 size: 0.0
171000 : 1.8045197090107783 size: 0.0
172000 : 1.8915205726027473 size: 0.0
173000 : 1.9474667009110698 size: 0.0
174000 : 1.8478264883418911 size: 0.0
175000 : 1.7485118389307959 size: 0.0
176000 : 1.912561274074605 size: 0.0
177000 : 1.6935871155859477 size: 0.0
178000 : 1.779032912048815 size: 0.0
179000 : 1.7476904497902752 size: 0.0
180000 : 1.7973179355058981 size: 0.0
181000 : 1.743333269330666 size: 0.0
182000 : 1.6927275462969353 size: 0.0
183000 : 1.707623135670814 size: 0.0
184000 : 1.7723443347741097 size: 0.0
185000 : 1.8232565308916777 size: 0.0
186000 : 1.8852003821661898 size: 0.0
187000 : 1.8831678911982932 size: 0.0
188000 : 1.8846297437306272 size: 0.0
189000 : 1.8167461276432662 size: 0.0
190000 : 1.8541602654078668 size: 0.0
191000 : 1.8621882435674917 size: 0.0
192000 : 1.881464403041497 size: 0.0
193000 : 1.605447726845267 size: 0.0
194000 : 1.8481976269024532 size: 0.0
195000 : 1.8292829749605615 size: 0.0
196000 : 1.748721141816896 size: 0.0
197000 : 1.6555540122608918 size: 0.0
198000 : 1.805648431148391 size: 0.0
199000 : 1.69309920080545 size: 0.0
200000 : 1.6278840675288764 size: 0.0
201000 : 1.7197057768071806 size: 0.0
202000 : 1.7263830032269292 size: 0.0
203000 : 1.7232962586092435 size: 0.0
204000 : 1.8568481822582015 size: 0.0
205000 : 1.7315006909686539 size: 0.0
206000 : 1.78842626047364 size: 0.0
207000 : 1.6418211975894965 size: 0.0
208000 : 1.6396863769443366 size: 0.0
209000 : 1.9135015032268718 size: 0.0
210000 : 1.8133255647002557 size: 0.0
211000 : 1.8436538452666578 size: 0.0
212000 : 1.8330139665883793 size: 0.0
213000 : 1.739958453772785 size: 0.0
214000 : 1.7914414603085669 size: 0.0
215000 : 1.753576384033404 size: 0.0
216000 : 1.859105454550776 size: 0.0
217000 : 1.9135037390013332 size: 0.0
218000 : 1.7162150449426183 size: 0.0
219000 : 1.7936999364796973 size: 0.0
220000 : 1.8303033480281306 size: 0.0
221000 : 1.9434290642167635 size: 0.0
222000 : 1.836307434352402 size: 0.0
223000 : 1.8216909728208737 size: 0.0
224000 : 1.9054951948812555 size: 0.0
225000 : 1.8896108772475666 size: 0.0
226000 : 1.8103666031921613 size: 0.0
227000 : 1.7846053219194211 size: 0.0
228000 : 1.9292671528314655 size: 0.0
229000 : 1.6950850844749628 size: 0.0
230000 : 1.884970957309939 size: 0.0
231000 : 1.8311223294115393 size: 0.0
232000 : 1.6894156763892703 size: 0.0
233000 : 1.8040082326071123 size: 0.0
234000 : 1.8339020849974348 size: 0.0
235000 : 1.8075668976187655 size: 0.0
236000 : 1.7666941887453138 size: 0.0
237000 : 1.9106412597603726 size: 0.0
238000 : 1.7652956258284975 size: 0.0
239000 : 1.841078405069987 size: 0.0
240000 : 1.7590827525660786 size: 0.0
241000 : 1.7396423496604991 size: 0.0
242000 : 1.7053211478890153 size: 0.0
243000 : 1.7529978343959014 size: 0.0
244000 : 1.6150682643518814 size: 0.0
245000 : 1.8934478101883159 size: 0.0
246000 : 1.7269503739921257 size: 0.0
247000 : 1.7539917221352377 size: 0.0
248000 : 1.7819516296166078 size: 0.0
249000 : 1.8557497290671408 size: 0.0
250000 : 1.7618613042734181 size: 0.0
251000 : 1.7697848889639693 size: 0.0
252000 : 1.7237453053106464 size: 0.0
253000 : 1.8784602100962255 size: 0.0
254000 : 1.8794823029903032 size: 0.0
255000 : 1.663088056247239 size: 0.0
256000 : 2.0498194238496565 size: 0.0
257000 : 1.7411069539152468 size: 0.0
258000 : 1.749524816744378 size: 0.0
259000 : 1.91881525119058 size: 0.0
260000 : 1.7263730282331793 size: 0.0
261000 : 1.6128242347234236 size: 0.0
262000 : 1.6653463604357184 size: 0.0
263000 : 1.7088320017237288 size: 0.0
264000 : 1.756084750996238 size: 0.0
265000 : 1.8501695799772462 size: 0.0
266000 : 1.7374942863512228 size: 0.0
267000 : 1.7589412108444185 size: 0.0
268000 : 1.7266108802393225 size: 0.0
269000 : 1.72670409483609 size: 0.0
270000 : 1.7046713974340557 size: 0.0
271000 : 1.7666401861929428 size: 0.0
272000 : 1.696347093166994 size: 0.0
273000 : 1.932590029628786 size: 0.0
274000 : 1.8842001310687717 size: 0.0
275000 : 1.797927442020556 size: 0.0
276000 : 1.7328985659548668 size: 0.0
277000 : 1.719573866113969 size: 0.0
278000 : 1.898782884000731 size: 0.0
279000 : 1.9726270748016952 size: 0.0
280000 : 1.7652906383316225 size: 0.0
281000 : 1.8244344400674373 size: 0.0
282000 : 1.7494255827548302 size: 0.0
283000 : 1.8700695205259308 size: 0.0
284000 : 1.7030372182855573 size: 0.0
285000 : 1.7128880405616773 size: 0.0
286000 : 1.9296247047626094 size: 0.0
287000 : 1.8592586910926947 size: 0.0
288000 : 1.6752836899852224 size: 0.0
289000 : 1.889500120420411 size: 0.0
290000 : 1.7459916051650524 size: 0.0
291000 : 1.7664678595767784 size: 0.0
292000 : 1.9154063830678285 size: 0.0
293000 : 1.7733451018194804 size: 0.0
294000 : 1.669824788664186 size: 0.0
295000 : 1.77922123305151 size: 0.0
296000 : 1.954824978628235 size: 0.0
297000 : 1.825141632727785 size: 0.0
298000 : 1.8255960108913645 size: 0.0
299000 : 1.8458218585634343 size: 0.0
300000 : 1.8524753513773637 size: 0.0
301000 : 1.9668328073114762 size: 0.0
302000 : 1.8027477717589386 size: 0.0
303000 : 1.85556020418589 size: 0.0
304000 : 1.8036085449265071 size: 0.0
305000 : 1.8686960670761406 size: 0.0
306000 : 1.8549837183401978 size: 0.0
307000 : 1.7287823331891163 size: 0.0
308000 : 1.8728676782554687 size: 0.0
309000 : 1.776933347847082 size: 0.0
310000 : 1.9059899889677878 size: 0.0
311000 : 1.7566947734588485 size: 0.0
312000 : 1.9219869552377922 size: 0.0
313000 : 1.738728777819116 size: 0.0
314000 : 1.8984337592194795 size: 0.0
315000 : 1.8281659476432075 size: 0.0
316000 : 1.8383548878109237 size: 0.0
317000 : 1.8953848507849838 size: 0.0
318000 : 1.832915420529435 size: 0.0
319000 : 1.9667935952670796 size: 0.0
320000 : 1.8375881891533774 size: 0.0
321000 : 1.6799540508520527 size: 0.0
322000 : 1.834645222031813 size: 0.0
323000 : 1.753541299572628 size: 0.0
324000 : 1.922354138197384 size: 0.0
325000 : 1.6441660090513601 size: 0.0
326000 : 1.764379990195304 size: 0.0
327000 : 1.6824331807642403 size: 0.0
328000 : 1.7533956302673472 size: 0.0
329000 : 1.7202600768909115 size: 0.0
330000 : 1.7602673690652215 size: 0.0
331000 : 1.7434142731592224 size: 0.0
332000 : 1.7375474289903394 size: 0.0
333000 : 1.62840706677015 size: 0.0
334000 : 1.824393336213881 size: 0.0
335000 : 1.758109330762195 size: 0.0
336000 : 1.811315603459622 size: 0.0
337000 : 1.761912899068677 size: 0.0
338000 : 1.8776260942395409 size: 0.0
339000 : 1.6213413315421026 size: 0.0
340000 : 1.8668692673586758 size: 0.0
341000 : 1.7567001049210251 size: 0.0
342000 : 1.638637798722026 size: 0.0
343000 : 1.8382486025326905 size: 0.0
344000 : 1.8585855509972176 size: 0.0
345000 : 1.7395993539977834 size: 0.0
346000 : 1.8292275965469837 size: 0.0
347000 : 1.6867176125625345 size: 0.0
348000 : 1.8428183535487663 size: 0.0
349000 : 1.8122752666514366 size: 0.0
350000 : 1.7364561990706149 size: 0.0
351000 : 1.7628146041071506 size: 0.0
352000 : 1.6798106173212333 size: 0.0
353000 : 1.8294518619237088 size: 0.0
354000 : 1.8691561206671985 size: 0.0
355000 : 1.7537524942678875 size: 0.0
356000 : 1.7330327124225398 size: 0.0
357000 : 1.7717537463510469 size: 0.0
358000 : 1.704897726602591 size: 0.0
359000 : 1.8297860242143351 size: 0.0
360000 : 1.8350146407658663 size: 0.0
361000 : 1.604063610471123 size: 0.0
362000 : 2.0593759838101504 size: 0.0
363000 : 1.7702774472760405 size: 0.0
364000 : 1.8073328292309412 size: 0.0
365000 : 1.7469989075511558 size: 0.0
366000 : 1.8095312834569204 size: 0.0
367000 : 1.8391308735316167 size: 0.0
368000 : 1.8689139690947836 size: 0.0
369000 : 1.6738491826943758 size: 0.0
370000 : 1.6076387858172592 size: 0.0
371000 : 1.6194730840057798 size: 0.0
372000 : 1.6624274708852749 size: 0.0
373000 : 1.7393178183983211 size: 0.0
374000 : 1.7937320972354085 size: 0.0
375000 : 1.801154008533393 size: 0.0
376000 : 1.9139782391350637 size: 0.0
377000 : 1.7555359543573348 size: 0.0
378000 : 1.7244027949848948 size: 0.0
379000 : 1.6705429882141891 size: 0.0
380000 : 1.7948152439705425 size: 0.0
381000 : 1.807379608511976 size: 0.0
382000 : 1.5738797953314458 size: 0.0
383000 : 1.8310963600312589 size: 0.0
384000 : 1.7959503294662371 size: 0.0
385000 : 1.693240570544459 size: 0.0
386000 : 1.7866766809664127 size: 0.0
387000 : 1.8726250107351012 size: 0.0
388000 : 1.8167696892664345 size: 0.0
389000 : 1.8412868480428328 size: 0.0
390000 : 1.6586705098771768 size: 0.0
391000 : 1.717369908443162 size: 0.0
392000 : 1.8670766784356163 size: 0.0
393000 : 1.6934992324513567 size: 0.0
394000 : 1.8177795713923008 size: 0.0
395000 : 1.5945116940422026 size: 0.0
396000 : 1.891206360299621 size: 0.0
397000 : 1.7421156321625573 size: 0.0
398000 : 1.653594441936961 size: 0.0
399000 : 1.7230092195649536 size: 0.0
400000 : 1.7479104156007288 size: 0.0
401000 : 1.8113862883291267 size: 0.0
402000 : 1.7137887137042458 size: 0.0
403000 : 1.8346668918458218 size: 0.0
404000 : 1.7494709861746578 size: 0.0
405000 : 1.8269452147873833 size: 0.0
406000 : 1.7248162412775692 size: 0.0
407000 : 1.7117226861194308 size: 0.0
408000 : 1.6049945525602434 size: 0.0
409000 : 1.718577226652219 size: 0.0
410000 : 1.6645767380731074 size: 0.0
411000 : 1.7296967649437538 size: 0.0
412000 : 1.771190503169471 size: 0.0
413000 : 1.7970577257551428 size: 0.0
Time for GPU to GPU operations:  35.64151310920715
Time for model training:  4762.277555942535
Time for GPU to CPU operations:  70.14640164375305
last series
Last encode part don't need inference.
44.39433574676514
压缩完成，总共用时：7892.806358575821 秒
