1722764
0 : 8.546962637897105 size: 0.0
1000 : 6.739691206472521 size: 0.0
2000 : 6.570778789892915 size: 0.0
3000 : 6.593545853214134 size: 0.0
4000 : 6.5277301565207475 size: 0.0
5000 : 6.528294947546181 size: 0.0
6000 : 6.491637877410678 size: 0.0
7000 : 6.518558665715536 size: 0.0
8000 : 6.501021250841753 size: 0.0
9000 : 6.516834023692684 size: 0.0
10000 : 6.564365900807543 size: 0.0
11000 : 6.559247009187263 size: 0.0
12000 : 6.498072092344757 size: 0.0
13000 : 6.5157395261025925 size: 0.0
14000 : 6.682546875035637 size: 0.0
15000 : 6.651658103010074 size: 0.0
16000 : 6.547918855940231 size: 0.0
17000 : 6.6301162440936015 size: 0.0
18000 : 6.549327737816099 size: 0.0
19000 : 6.545093524951857 size: 0.0
20000 : 6.542306030146672 size: 0.0
21000 : 6.57706647560846 size: 0.0
22000 : 6.57364402085629 size: 0.0
23000 : 6.581517386612789 size: 0.0
24000 : 6.582836149579605 size: 0.0
25000 : 6.591983562813696 size: 0.0
26000 : 6.550539183608777 size: 0.0
27000 : 6.549040182823856 size: 0.0
28000 : 6.529015210887994 size: 0.0
29000 : 6.542540614482449 size: 0.0
30000 : 6.538186701693206 size: 0.0
31000 : 6.499793982645196 size: 0.0
32000 : 6.555517049455349 size: 0.0
33000 : 6.514543214783191 size: 0.0
34000 : 6.548313040176009 size: 0.0
35000 : 6.500364277115457 size: 0.0
36000 : 6.506100930417637 size: 0.0
37000 : 6.460400324569164 size: 0.0
38000 : 6.475695085675696 size: 0.0
39000 : 6.457253729988978 size: 0.0
40000 : 6.474480200230001 size: 0.0
41000 : 6.487674021273592 size: 0.0
42000 : 6.480694277370976 size: 0.0
43000 : 6.50166240216417 size: 0.0
44000 : 6.50845571687325 size: 0.0
45000 : 6.544105656605301 size: 0.0
46000 : 6.583088620111072 size: 0.0
47000 : 6.554886905022588 size: 0.0
48000 : 6.526039911028068 size: 0.0
49000 : 6.571946208126972 size: 0.0
50000 : 6.5653159329709085 size: 0.0
51000 : 6.56168228352348 size: 0.0
52000 : 6.565062086578235 size: 0.0
53000 : 6.5257888163578075 size: 0.0
54000 : 6.492827997354649 size: 0.0
55000 : 6.468259931713595 size: 0.0
56000 : 6.490767645197312 size: 0.0
57000 : 6.498483474845622 size: 0.0
58000 : 6.520850162555631 size: 0.0
59000 : 6.446306002365656 size: 0.0
60000 : 6.476577700639924 size: 0.0
61000 : 6.452480867462234 size: 0.0
62000 : 6.547251563254883 size: 0.0
63000 : 6.481089837467961 size: 0.0
64000 : 6.5391209114526925 size: 0.0
65000 : 6.532542919022492 size: 0.0
66000 : 6.533199892748788 size: 0.0
67000 : 6.496412803729234 size: 0.0
68000 : 6.574854090787761 size: 0.0
69000 : 6.523151978354779 size: 0.0
70000 : 6.545257940366081 size: 0.0
71000 : 6.554249193353189 size: 0.0
72000 : 6.520695378169855 size: 0.0
73000 : 6.511812130287489 size: 0.0
74000 : 6.511940085379731 size: 0.0
75000 : 6.521954979104774 size: 0.0
76000 : 6.5478610697695405 size: 0.0
77000 : 6.481382895905031 size: 0.0
78000 : 6.569391233865754 size: 0.0
79000 : 6.5882343410248865 size: 0.0
80000 : 6.565388853614874 size: 0.0
81000 : 6.521024208998305 size: 0.0
82000 : 6.532560805218182 size: 0.0
83000 : 6.5171484079784605 size: 0.0
84000 : 6.513301500043961 size: 0.0
85000 : 6.489388344337392 size: 0.0
86000 : 6.425210610410824 size: 0.0
87000 : 6.580727642280027 size: 0.0
88000 : 6.458490629213984 size: 0.0
89000 : 6.509453904178859 size: 0.0
90000 : 6.517530897393979 size: 0.0
91000 : 6.542028794113481 size: 0.0
92000 : 6.446730455547985 size: 0.0
93000 : 6.4448806101553044 size: 0.0
94000 : 6.4859094792757395 size: 0.0
95000 : 6.478995776711055 size: 0.0
96000 : 6.459251480461401 size: 0.0
97000 : 6.438833700150968 size: 0.0
98000 : 6.422835186037107 size: 0.0
99000 : 6.463848232753662 size: 0.0
100000 : 6.492276964941285 size: 0.0
101000 : 6.451021078721711 size: 0.0
102000 : 6.492296226998181 size: 0.0
103000 : 6.436755461797942 size: 0.0
104000 : 6.507713439752127 size: 0.0
105000 : 6.522038218707792 size: 0.0
106000 : 6.4676696872558335 size: 0.0
107000 : 6.435973972632421 size: 0.0
108000 : 6.415177142559488 size: 0.0
109000 : 6.512057033582318 size: 0.0
110000 : 6.489492909789117 size: 0.0
111000 : 6.523152666285383 size: 0.0
112000 : 6.562984536155812 size: 0.0
113000 : 6.5153749228827635 size: 0.0
114000 : 6.4932345643412885 size: 0.0
115000 : 6.481874766286499 size: 0.0
116000 : 6.431607677092317 size: 0.0
117000 : 6.4816264233386525 size: 0.0
118000 : 6.519796252871144 size: 0.0
119000 : 6.451612699040679 size: 0.0
120000 : 6.494882158136554 size: 0.0
121000 : 6.46665636547695 size: 0.0
122000 : 6.453130961882495 size: 0.0
123000 : 6.502355836212448 size: 0.0
124000 : 6.517656788694411 size: 0.0
125000 : 6.495537756001643 size: 0.0
126000 : 6.570180978198516 size: 0.0
127000 : 6.569146330570925 size: 0.0
128000 : 6.4839378701662485 size: 0.0
129000 : 6.5603772791687325 size: 0.0
130000 : 6.505723944446946 size: 0.0
131000 : 6.507912251696524 size: 0.0
132000 : 6.428715616835408 size: 0.0
133000 : 6.444060596875991 size: 0.0
134000 : 6.4781097220938095 size: 0.0
135000 : 6.365485163349791 size: 0.0
136000 : 6.436740327324666 size: 0.0
137000 : 6.4201515687530435 size: 0.0
138000 : 6.391910641620163 size: 0.0
139000 : 6.4211593870870995 size: 0.0
140000 : 6.388766798762391 size: 0.0
141000 : 6.402719407261589 size: 0.0
142000 : 6.400123845094767 size: 0.0
143000 : 6.438332198741053 size: 0.0
144000 : 6.421296285277186 size: 0.0
145000 : 6.411517351749127 size: 0.0
146000 : 6.376306311742079 size: 0.0
147000 : 6.415634616410783 size: 0.0
148000 : 6.432219935329388 size: 0.0
149000 : 6.4310917291397285 size: 0.0
150000 : 6.452122455617836 size: 0.0
151000 : 6.39502352760078 size: 0.0
152000 : 6.345933487669103 size: 0.0
153000 : 6.40264786247883 size: 0.0
154000 : 6.387859418296439 size: 0.0
155000 : 6.372835701847667 size: 0.0
156000 : 6.386182243485225 size: 0.0
157000 : 6.3760201326110435 size: 0.0
158000 : 6.387042156739539 size: 0.0
159000 : 6.370004179483862 size: 0.0
160000 : 6.397017150489582 size: 0.0
161000 : 6.3702779758640355 size: 0.0
162000 : 6.413449060883618 size: 0.0
163000 : 6.38710613428566 size: 0.0
164000 : 6.312011629612923 size: 0.0
165000 : 6.322361545541847 size: 0.0
166000 : 6.36699792274678 size: 0.0
167000 : 6.418084337289672 size: 0.0
168000 : 6.341144114807876 size: 0.0
169000 : 6.383513760674437 size: 0.0
170000 : 6.415313352818971 size: 0.0
171000 : 6.398986695807262 size: 0.0
172000 : 6.428179030964715 size: 0.0
173000 : 6.4377859818419125 size: 0.0
174000 : 6.429952516060413 size: 0.0
175000 : 6.37566860007268 size: 0.0
176000 : 6.403560058459006 size: 0.0
177000 : 6.385050597642548 size: 0.0
178000 : 6.434178473757414 size: 0.0
179000 : 6.388308636980493 size: 0.0
180000 : 6.385886433325741 size: 0.0
181000 : 6.387512013341696 size: 0.0
182000 : 6.414791901421554 size: 0.0
183000 : 6.4312031738974875 size: 0.0
184000 : 6.390846412976624 size: 0.0
185000 : 6.340548366905287 size: 0.0
186000 : 6.363479845640731 size: 0.0
187000 : 6.333077440551807 size: 0.0
188000 : 6.370582729121365 size: 0.0
189000 : 6.339356183169506 size: 0.0
190000 : 6.330170933752226 size: 0.0
191000 : 6.312004062376285 size: 0.0
192000 : 6.343453497843662 size: 0.0
193000 : 6.363393854315299 size: 0.0
194000 : 6.458359922399328 size: 0.0
195000 : 6.3934130820581005 size: 0.0
196000 : 6.410661566078433 size: 0.0
197000 : 6.391779934805507 size: 0.0
198000 : 6.422903291166848 size: 0.0
199000 : 6.4196645138858 size: 0.0
200000 : 6.416816481187512 size: 0.0
201000 : 6.378645963724416 size: 0.0
202000 : 6.384198251624872 size: 0.0
203000 : 6.404027851269353 size: 0.0
204000 : 6.481341620068823 size: 0.0
205000 : 6.409451496146962 size: 0.0
206000 : 6.352144813087665 size: 0.0
207000 : 6.426330561433242 size: 0.0
208000 : 6.458209265597173 size: 0.0
209000 : 6.466408022529104 size: 0.0
210000 : 6.378559284468381 size: 0.0
211000 : 6.372650648515339 size: 0.0
212000 : 6.444897120489788 size: 0.0
213000 : 6.403200958684005 size: 0.0
214000 : 6.365183849745479 size: 0.0
215000 : 6.378579234455882 size: 0.0
216000 : 6.431577408145765 size: 0.0
217000 : 6.42892749946127 size: 0.0
218000 : 6.463760865567024 size: 0.0
219000 : 6.361134002282962 size: 0.0
220000 : 6.47255055488732 size: 0.0
221000 : 6.469064810519633 size: 0.0
222000 : 6.475805842502852 size: 0.0
223000 : 6.387972926846008 size: 0.0
224000 : 6.408656248369373 size: 0.0
225000 : 6.476215849142508 size: 0.0
226000 : 6.491073774315848 size: 0.0
227000 : 6.408146491792216 size: 0.0
228000 : 6.341743990294085 size: 0.0
229000 : 6.309063846977135 size: 0.0
230000 : 6.305271973490911 size: 0.0
231000 : 6.327053232257384 size: 0.0
232000 : 6.311691741882318 size: 0.0
233000 : 6.342073509053138 size: 0.0
234000 : 6.23830124131433 size: 0.0
235000 : 6.260144413835114 size: 0.0
236000 : 6.316174297694406 size: 0.0
237000 : 6.248132457568252 size: 0.0
238000 : 6.271480822249386 size: 0.0
239000 : 6.190468738525762 size: 0.0
240000 : 6.271061184581281 size: 0.0
241000 : 6.2248040428746165 size: 0.0
242000 : 6.258655044078642 size: 0.0
243000 : 6.276453872581736 size: 0.0
244000 : 6.24596547616738 size: 0.0
245000 : 6.244637770102719 size: 0.0
246000 : 6.248454409090667 size: 0.0
247000 : 6.239336576872525 size: 0.0
248000 : 6.257471803440706 size: 0.0
249000 : 6.311092554326712 size: 0.0
250000 : 6.277970071631742 size: 0.0
251000 : 6.319874676410371 size: 0.0
252000 : 6.325845226117724 size: 0.0
253000 : 6.322032026782794 size: 0.0
254000 : 6.342969194698832 size: 0.0
255000 : 6.273545989920947 size: 0.0
256000 : 6.304145143162458 size: 0.0
257000 : 6.2875962845658355 size: 0.0
258000 : 6.374905685033452 size: 0.0
259000 : 6.263517337583835 size: 0.0
260000 : 6.242690238564349 size: 0.0
261000 : 6.284705600170133 size: 0.0
262000 : 6.305960592024966 size: 0.0
263000 : 6.2413811066259814 size: 0.0
264000 : 6.283084835668402 size: 0.0
265000 : 6.250692247343694 size: 0.0
266000 : 6.232109177952665 size: 0.0
267000 : 6.3212450341724455 size: 0.0
268000 : 6.276525417364494 size: 0.0
269000 : 6.248840338159203 size: 0.0
270000 : 6.296952140772772 size: 0.0
271000 : 6.291160453022316 size: 0.0
272000 : 6.271048113899815 size: 0.0
273000 : 6.243267412340645 size: 0.0
274000 : 6.305613875000827 size: 0.0
275000 : 6.292955263966721 size: 0.0
276000 : 6.443500621364781 size: 0.0
277000 : 6.537982386303981 size: 0.0
278000 : 6.4125052200956825 size: 0.0
279000 : 6.409373759988773 size: 0.0
280000 : 6.452815201735511 size: 0.0
281000 : 6.4041736925572845 size: 0.0
282000 : 6.416643122675442 size: 0.0
283000 : 6.441262783111755 size: 0.0
284000 : 6.438443643498812 size: 0.0
285000 : 6.420611106396149 size: 0.0
286000 : 6.39970764707968 size: 0.0
287000 : 6.363777031661422 size: 0.0
288000 : 6.355516360975179 size: 0.0
289000 : 6.381219512111928 size: 0.0
290000 : 6.36804839277825 size: 0.0
291000 : 6.357547820047171 size: 0.0
292000 : 6.312274419103441 size: 0.0
293000 : 6.317502003759067 size: 0.0
294000 : 6.310343397899554 size: 0.0
295000 : 6.33840821479795 size: 0.0
296000 : 6.327982626502647 size: 0.0
297000 : 6.314318260926295 size: 0.0
298000 : 6.335521657985869 size: 0.0
299000 : 6.344076075039785 size: 0.0
300000 : 6.402228224810725 size: 0.0
301000 : 6.342118224542363 size: 0.0
302000 : 6.312845401504306 size: 0.0
303000 : 6.30268053890771 size: 0.0
304000 : 6.312452593129735 size: 0.0
305000 : 6.321655040812102 size: 0.0
306000 : 6.371802430081283 size: 0.0
307000 : 6.306182793609881 size: 0.0
308000 : 6.311497745452145 size: 0.0
309000 : 6.275186704410179 size: 0.0
310000 : 6.263382503185559 size: 0.0
311000 : 6.263829658077802 size: 0.0
312000 : 6.287677460377043 size: 0.0
313000 : 6.366919498657987 size: 0.0
314000 : 6.3112253249331784 size: 0.0
315000 : 6.210739301687056 size: 0.0
316000 : 6.277807032078724 size: 0.0
317000 : 6.26936062012955 size: 0.0
318000 : 6.302787168151245 size: 0.0
319000 : 6.350438745191106 size: 0.0
320000 : 6.281485397015378 size: 0.0
321000 : 6.322201945641846 size: 0.0
322000 : 6.25914897825192 size: 0.0
323000 : 6.287331431283507 size: 0.0
324000 : 6.2516415915764565 size: 0.0
325000 : 6.256117956013114 size: 0.0
326000 : 6.261890381706673 size: 0.0
327000 : 6.34829102584713 size: 0.0
328000 : 6.3083456474271316 size: 0.0
329000 : 6.3031283817305575 size: 0.0
330000 : 6.333708272915171 size: 0.0
331000 : 6.339994582769509 size: 0.0
332000 : 6.3053779148038425 size: 0.0
333000 : 6.3339462969039655 size: 0.0
334000 : 6.332282192774217 size: 0.0
335000 : 6.33774642555743 size: 0.0
336000 : 6.2931898483024975 size: 0.0
337000 : 6.294686785295607 size: 0.0
338000 : 6.332473437481976 size: 0.0
339000 : 6.326292381009967 size: 0.0
340000 : 6.267434414439887 size: 0.0
341000 : 6.299203049707264 size: 0.0
342000 : 6.2451392715126355 size: 0.0
343000 : 6.2703388574476575 size: 0.0
344000 : 6.233221561738446 size: 0.0
345000 : 6.275545116254577 size: 0.0
346000 : 6.324076556536251 size: 0.0
347000 : 6.299416308194334 size: 0.0
348000 : 6.262832846633401 size: 0.0
349000 : 6.258751354363125 size: 0.0
350000 : 6.276151183116217 size: 0.0
351000 : 6.2585704286144175 size: 0.0
352000 : 6.229867212116018 size: 0.0
353000 : 6.308563033497822 size: 0.0
354000 : 6.388984184833082 size: 0.0
355000 : 6.390454292532657 size: 0.0
356000 : 6.3387301663203655 size: 0.0
357000 : 6.273300398695515 size: 0.0
358000 : 6.2949949782059536 size: 0.0
359000 : 6.257690565372603 size: 0.0
360000 : 6.320800631002616 size: 0.0
361000 : 6.327909705858681 size: 0.0
362000 : 6.2968489511822545 size: 0.0
363000 : 6.299404613374076 size: 0.0
364000 : 6.35385432063724 size: 0.0
365000 : 6.217604161178897 size: 0.0
366000 : 6.239358590651834 size: 0.0
367000 : 6.213006033025428 size: 0.0
368000 : 6.26521652617436 size: 0.0
369000 : 6.276497212209753 size: 0.0
370000 : 6.215066385182765 size: 0.0
371000 : 6.24973258415188 size: 0.0
372000 : 6.272584262937323 size: 0.0
373000 : 6.328159424667734 size: 0.0
374000 : 6.407953871223249 size: 0.0
375000 : 6.3569892203971685 size: 0.0
376000 : 6.336676693469063 size: 0.0
377000 : 6.2922315609718895 size: 0.0
378000 : 6.324622773435391 size: 0.0
379000 : 6.397231784837858 size: 0.0
380000 : 6.374389049150261 size: 0.0
381000 : 6.351990716632492 size: 0.0
382000 : 6.36340210948254 size: 0.0
383000 : 6.319414450836661 size: 0.0
384000 : 6.387246472128764 size: 0.0
385000 : 6.320080367660802 size: 0.0
386000 : 6.343159063545385 size: 0.0
387000 : 6.337504961915619 size: 0.0
388000 : 6.322356042097019 size: 0.0
389000 : 6.391452479838264 size: 0.0
390000 : 6.330190195809122 size: 0.0
391000 : 6.349667574984637 size: 0.0
392000 : 6.321845597589259 size: 0.0
393000 : 6.30555264917712 size: 0.0
394000 : 6.313547778650429 size: 0.0
395000 : 6.298722874146056 size: 0.0
396000 : 6.371979916176974 size: 0.0
397000 : 6.243627887976853 size: 0.0
398000 : 6.318696939217262 size: 0.0
399000 : 6.367145827826522 size: 0.0
400000 : 6.404239733895216 size: 0.0
401000 : 6.390283685743001 size: 0.0
402000 : 6.402883822675814 size: 0.0
403000 : 6.404839609381425 size: 0.0
404000 : 6.359583406702782 size: 0.0
405000 : 6.3586017297316575 size: 0.0
406000 : 6.387688123576179 size: 0.0
407000 : 6.404967564473668 size: 0.0
408000 : 6.472111655162318 size: 0.0
409000 : 6.402387136780122 size: 0.0
410000 : 6.36844120115282 size: 0.0
411000 : 6.383299814256764 size: 0.0
412000 : 6.307006246542212 size: 0.0
413000 : 6.368952333591185 size: 0.0
414000 : 6.419130679737521 size: 0.0
415000 : 6.407307904386609 size: 0.0
416000 : 6.416758695016822 size: 0.0
417000 : 6.4095512460844635 size: 0.0
418000 : 6.409038737784892 size: 0.0
419000 : 6.383655474378748 size: 0.0
420000 : 6.442931702755727 size: 0.0
421000 : 6.348248374149716 size: 0.0
422000 : 6.381734084203309 size: 0.0
423000 : 6.394592883043019 size: 0.0
424000 : 6.382646280183486 size: 0.0
425000 : 6.368203177164027 size: 0.0
426000 : 6.397548232915446 size: 0.0
427000 : 6.381284177588652 size: 0.0
428000 : 6.392163800082233 size: 0.0
429000 : 6.35651523621139 size: 0.0
430000 : 6.418176519990535 size: 0.0
431000 : 6.421792283242274 size: 0.0
432000 : 6.3713291338261095 size: 0.0
433000 : 6.463403829583832 size: 0.0
434000 : 6.458882749657951 size: 0.0
435000 : 6.439054525874676 size: 0.0
436000 : 6.401384821890893 size: 0.0
437000 : 6.425009734674616 size: 0.0
438000 : 6.486137872236085 size: 0.0
439000 : 6.498272280150362 size: 0.0
440000 : 6.459521149257954 size: 0.0
441000 : 6.468278505839888 size: 0.0
442000 : 6.416630051993977 size: 0.0
443000 : 6.432684976417321 size: 0.0
444000 : 6.476671259201993 size: 0.0
445000 : 6.477544931068376 size: 0.0
446000 : 6.5075552157133325 size: 0.0
447000 : 6.475661377076126 size: 0.0
448000 : 6.461413646348048 size: 0.0
449000 : 6.478774950987347 size: 0.0
450000 : 6.468131288690749 size: 0.0
451000 : 6.398077939480103 size: 0.0
452000 : 6.391486876368437 size: 0.0
453000 : 6.448578237148856 size: 0.0
454000 : 6.454921645243279 size: 0.0
455000 : 6.4566559182945795 size: 0.0
456000 : 6.502553960226242 size: 0.0
457000 : 6.536071315087593 size: 0.0
458000 : 6.476802653947252 size: 0.0
459000 : 6.514120825392672 size: 0.0
460000 : 6.5595923503501945 size: 0.0
461000 : 6.51407267025043 size: 0.0
462000 : 6.513527141281893 size: 0.0
463000 : 6.489272771996013 size: 0.0
464000 : 6.493273088455082 size: 0.0
465000 : 6.504783543312028 size: 0.0
466000 : 6.50983089014955 size: 0.0
467000 : 6.50096277674046 size: 0.0
468000 : 6.486439185840397 size: 0.0
469000 : 6.581244966093823 size: 0.0
470000 : 6.594348668228362 size: 0.0
471000 : 6.6087553109258375 size: 0.0
472000 : 6.598752112021053 size: 0.0
473000 : 6.62308352953452 size: 0.0
474000 : 6.635313559802675 size: 0.0
475000 : 6.5913561701033485 size: 0.0
476000 : 6.616236556238369 size: 0.0
477000 : 6.578325388612775 size: 0.0
478000 : 6.57020161611662 size: 0.0
479000 : 6.579545777503298 size: 0.0
480000 : 6.593231468928357 size: 0.0
481000 : 6.551036557435071 size: 0.0
482000 : 6.603984512190903 size: 0.0
483000 : 6.6058192231103074 size: 0.0
484000 : 6.580083051304594 size: 0.0
485000 : 6.56382518735323 size: 0.0
486000 : 6.644257345578145 size: 0.0
487000 : 6.641197430253994 size: 0.0
488000 : 6.531565369634988 size: 0.0
489000 : 6.627766961082815 size: 0.0
490000 : 6.589852353804204 size: 0.0
491000 : 6.646874233593674 size: 0.0
492000 : 6.625751324414703 size: 0.0
493000 : 6.543816037821247 size: 0.0
494000 : 6.59150201139128 size: 0.0
495000 : 6.562537381263569 size: 0.0
496000 : 6.604935920215476 size: 0.0
497000 : 6.604838234069786 size: 0.0
498000 : 6.601625598151669 size: 0.0
499000 : 6.5722881096368875 size: 0.0
500000 : 6.580401563173991 size: 0.0
501000 : 6.574748837405433 size: 0.0
502000 : 6.601258243209426 size: 0.0
503000 : 6.610168320385326 size: 0.0
504000 : 6.6633639301584 size: 0.0
505000 : 6.543254686448831 size: 0.0
506000 : 6.57331725381965 size: 0.0
507000 : 6.536952554190615 size: 0.0
508000 : 6.577490928790789 size: 0.0
509000 : 6.56129360273253 size: 0.0
510000 : 6.653985372241549 size: 0.0
511000 : 6.569696675053686 size: 0.0
512000 : 6.620864265407786 size: 0.0
513000 : 6.5269142708250545 size: 0.0
514000 : 6.540653620837182 size: 0.0
515000 : 6.547328611482469 size: 0.0
516000 : 6.6029209714779675 size: 0.0
517000 : 6.5545057914682765 size: 0.0
518000 : 6.544453061560043 size: 0.0
519000 : 6.521834591249171 size: 0.0
520000 : 6.588070613541265 size: 0.0
521000 : 6.541737799468222 size: 0.0
522000 : 6.542911409077709 size: 0.0
523000 : 6.56975721294679 size: 0.0
524000 : 6.561420869894168 size: 0.0
525000 : 6.535266436281556 size: 0.0
526000 : 6.603400459108573 size: 0.0
527000 : 6.599296953058986 size: 0.0
528000 : 6.554760325791553 size: 0.0
529000 : 6.528448356070751 size: 0.0
530000 : 6.565183850295046 size: 0.0
531000 : 6.5378915794643255 size: 0.0
532000 : 6.470793580126106 size: 0.0
533000 : 6.554966704972588 size: 0.0
534000 : 6.586762857464104 size: 0.0
535000 : 6.569240577063598 size: 0.0
536000 : 6.516535461810785 size: 0.0
537000 : 6.496240821078371 size: 0.0
538000 : 6.587879368833506 size: 0.0
539000 : 6.596605080607682 size: 0.0
540000 : 6.617031804015959 size: 0.0
541000 : 6.547056190963503 size: 0.0
542000 : 6.531060428572054 size: 0.0
543000 : 6.641912878081583 size: 0.0
544000 : 6.512874295139218 size: 0.0
545000 : 6.529236724542305 size: 0.0
546000 : 6.580684990582613 size: 0.0
547000 : 6.568051832980834 size: 0.0
548000 : 6.558579716501915 size: 0.0
549000 : 6.560600856614855 size: 0.0
550000 : 6.5411860791242535 size: 0.0
551000 : 6.626598854918155 size: 0.0
552000 : 6.640561094445801 size: 0.0
553000 : 6.629632628879375 size: 0.0
554000 : 6.644877858982458 size: 0.0
555000 : 6.69742337433527 size: 0.0
556000 : 6.619013732084502 size: 0.0
557000 : 6.580806754299424 size: 0.0
558000 : 6.594847417915863 size: 0.0
559000 : 6.57625127784337 size: 0.0
560000 : 6.573531888167927 size: 0.0
561000 : 6.597987821120618 size: 0.0
562000 : 6.5558218027126784 size: 0.0
563000 : 6.575822009146816 size: 0.0
564000 : 6.485158259056771 size: 0.0
565000 : 6.500822438897356 size: 0.0
566000 : 6.707523571455141 size: 0.0
567000 : 6.688372271385663 size: 0.0
568000 : 6.6574546062747535 size: 0.0
569000 : 6.67904324447226 size: 0.0
570000 : 6.6048801978365965 size: 0.0
571000 : 6.607038924070227 size: 0.0
572000 : 6.592032405886541 size: 0.0
573000 : 6.614387398776293 size: 0.0
574000 : 6.658798134743294 size: 0.0
575000 : 6.620824365432785 size: 0.0
576000 : 6.579469417206314 size: 0.0
577000 : 6.630293042258688 size: 0.0
578000 : 6.650034586785928 size: 0.0
579000 : 6.620082776242265 size: 0.0
580000 : 6.6228537607129665 size: 0.0
581000 : 6.590510015461104 size: 0.0
582000 : 6.607534234104711 size: 0.0
583000 : 6.5220127652754645 size: 0.0
584000 : 6.658851793330363 size: 0.0
585000 : 6.580859724955889 size: 0.0
586000 : 6.535424660320349 size: 0.0
587000 : 6.499846953301662 size: 0.0
588000 : 6.542572947220811 size: 0.0
589000 : 6.50903564237196 size: 0.0
590000 : 6.555378087473453 size: 0.0
591000 : 6.522564485619432 size: 0.0
592000 : 6.549516230801444 size: 0.0
593000 : 6.563258332535987 size: 0.0
594000 : 6.559920493248041 size: 0.0
595000 : 6.547027985808762 size: 0.0
596000 : 6.539301837201401 size: 0.0
597000 : 6.507613001884023 size: 0.0
598000 : 6.522720645866415 size: 0.0
599000 : 6.467801769931697 size: 0.0
600000 : 6.453465296155772 size: 0.0
601000 : 6.510728639587054 size: 0.0
602000 : 6.561896917871756 size: 0.0
603000 : 6.537621222737169 size: 0.0
604000 : 6.573878605192067 size: 0.0
605000 : 6.531075563045331 size: 0.0
606000 : 6.511506689099557 size: 0.0
607000 : 6.574880232150692 size: 0.0
608000 : 6.585087746444701 size: 0.0
609000 : 6.584534650239526 size: 0.0
610000 : 6.542442240406156 size: 0.0
611000 : 6.539945740246231 size: 0.0
612000 : 6.5537016005928415 size: 0.0
613000 : 6.5750817958175025 size: 0.0
614000 : 6.536721409507855 size: 0.0
615000 : 6.568204553574801 size: 0.0
616000 : 6.492157952946887 size: 0.0
617000 : 6.45916755292778 size: 0.0
618000 : 6.48353955834685 size: 0.0
619000 : 6.5082541532064395 size: 0.0
620000 : 6.413064507676289 size: 0.0
621000 : 6.404365625195648 size: 0.0
622000 : 6.379940649120112 size: 0.0
623000 : 6.372427071069217 size: 0.0
624000 : 6.441518005365635 size: 0.0
625000 : 6.395796073668456 size: 0.0
626000 : 6.3628297512204695 size: 0.0
627000 : 6.341653183454429 size: 0.0
628000 : 6.364882536141168 size: 0.0
629000 : 6.42214037612762 size: 0.0
630000 : 6.416017105826302 size: 0.0
631000 : 6.359631561845024 size: 0.0
632000 : 6.402521283247795 size: 0.0
633000 : 6.366400111052381 size: 0.0
634000 : 6.513393682744824 size: 0.0
635000 : 6.373625446180429 size: 0.0
636000 : 6.333119404318617 size: 0.0
637000 : 6.327096571885401 size: 0.0
638000 : 6.379957847385198 size: 0.0
639000 : 6.359462330916576 size: 0.0
640000 : 6.394820588072762 size: 0.0
641000 : 6.416905224235357 size: 0.0
642000 : 6.402676755564175 size: 0.0
643000 : 6.413740055528878 size: 0.0
644000 : 6.42763969337161 size: 0.0
645000 : 6.484418045727457 size: 0.0
646000 : 6.466211962307121 size: 0.0
647000 : 6.466941168746779 size: 0.0
648000 : 6.473142175206289 size: 0.0
649000 : 6.435143640394056 size: 0.0
650000 : 6.427187722965143 size: 0.0
651000 : 6.4044020855176305 size: 0.0
652000 : 6.446957472647124 size: 0.0
653000 : 6.385616764529188 size: 0.0
654000 : 6.381203689708048 size: 0.0
655000 : 6.377778483233464 size: 0.0
656000 : 6.423459139094437 size: 0.0
657000 : 6.439773413355283 size: 0.0
658000 : 6.32769025599618 size: 0.0
659000 : 6.36936990746748 size: 0.0
660000 : 6.350925800058349 size: 0.0
661000 : 6.439673663417782 size: 0.0
662000 : 6.392178246624906 size: 0.0
663000 : 6.400659055104253 size: 0.0
664000 : 6.385845157489533 size: 0.0
665000 : 6.4481936839415255 size: 0.0
666000 : 6.430529689836709 size: 0.0
667000 : 6.340298648096234 size: 0.0
668000 : 6.377840396987775 size: 0.0
669000 : 6.3958978873977665 size: 0.0
670000 : 6.38076754170546 size: 0.0
671000 : 6.330184004433691 size: 0.0
672000 : 6.406529166943502 size: 0.0
673000 : 6.406060686202552 size: 0.0
674000 : 6.442128199810896 size: 0.0
675000 : 6.410419414506019 size: 0.0
676000 : 6.419771831059938 size: 0.0
677000 : 6.401001644544771 size: 0.0
678000 : 6.424609359063407 size: 0.0
679000 : 6.444085362377715 size: 0.0
680000 : 6.434655209665606 size: 0.0
681000 : 6.461745228898912 size: 0.0
682000 : 6.4906451935498986 size: 0.0
683000 : 6.419637684592265 size: 0.0
684000 : 6.406703901316779 size: 0.0
685000 : 6.381017260514513 size: 0.0
686000 : 6.383938901787371 size: 0.0
687000 : 6.430086662528086 size: 0.0
688000 : 6.451846595445852 size: 0.0
689000 : 6.373156965439479 size: 0.0
690000 : 6.430316431349639 size: 0.0
691000 : 6.423094535874608 size: 0.0
692000 : 6.4410488366940815 size: 0.0
693000 : 6.423049820385383 size: 0.0
694000 : 6.399874126285715 size: 0.0
695000 : 6.499745139572351 size: 0.0
696000 : 6.378238020876569 size: 0.0
697000 : 6.371671035336024 size: 0.0
698000 : 6.416036367883198 size: 0.0
699000 : 6.416571577892683 size: 0.0
700000 : 6.368898675004116 size: 0.0
701000 : 6.375947211967077 size: 0.0
702000 : 6.39660026454389 size: 0.0
703000 : 6.459704138798472 size: 0.0
704000 : 6.468347298900233 size: 0.0
705000 : 6.428311113640579 size: 0.0
706000 : 6.428994916660409 size: 0.0
707000 : 6.448610569887217 size: 0.0
708000 : 6.481394590725289 size: 0.0
709000 : 6.434163339284138 size: 0.0
710000 : 6.424614862508235 size: 0.0
711000 : 6.455677680976472 size: 0.0
712000 : 6.397285443424928 size: 0.0
713000 : 6.413914101971551 size: 0.0
714000 : 6.407667004161611 size: 0.0
715000 : 6.44304383544409 size: 0.0
716000 : 6.420027741244422 size: 0.0
717000 : 6.519530711658212 size: 0.0
718000 : 6.515813822607765 size: 0.0
719000 : 6.486668266731346 size: 0.0
720000 : 6.425496101611256 size: 0.0
721000 : 6.533686947616031 size: 0.0
722000 : 6.539396771624677 size: 0.0
723000 : 6.506980105728847 size: 0.0
724000 : 6.507703120793075 size: 0.0
725000 : 6.50841168931463 size: 0.0
726000 : 6.420214858368561 size: 0.0
727000 : 6.428405360133251 size: 0.0
728000 : 6.4418839844466715 size: 0.0
729000 : 6.4509990649424 size: 0.0
730000 : 6.565634444840307 size: 0.0
731000 : 6.558894788718295 size: 0.0
732000 : 6.575672040275264 size: 0.0
733000 : 6.5643886025174565 size: 0.0
734000 : 6.500623626952958 size: 0.0
735000 : 6.52138606049572 size: 0.0
736000 : 6.534469124712156 size: 0.0
737000 : 6.500783226852959 size: 0.0
738000 : 6.50842957551032 size: 0.0
739000 : 6.444840710180305 size: 0.0
740000 : 6.518886120682779 size: 0.0
741000 : 6.49612112115337 size: 0.0
742000 : 6.471808277766196 size: 0.0
743000 : 6.539570130136746 size: 0.0
744000 : 6.449764917439809 size: 0.0
745000 : 6.5650992348308215 size: 0.0
746000 : 6.5879811825628165 size: 0.0
747000 : 6.539580449095798 size: 0.0
748000 : 6.50178210208917 size: 0.0
749000 : 6.533788761345343 size: 0.0
750000 : 6.550307350995413 size: 0.0
751000 : 6.489694473455929 size: 0.0
752000 : 6.480528486095544 size: 0.0
753000 : 6.4780787652166545 size: 0.0
754000 : 6.4805759533071825 size: 0.0
755000 : 6.50222856905081 size: 0.0
756000 : 6.511168915173262 size: 0.0
757000 : 6.473149054512323 size: 0.0
758000 : 6.491719741152489 size: 0.0
759000 : 6.487174583655487 size: 0.0
760000 : 6.525852105973326 size: 0.0
761000 : 6.556553072944147 size: 0.0
762000 : 6.536705587103976 size: 0.0
763000 : 6.5333237202574095 size: 0.0
764000 : 6.511166851381452 size: 0.0
765000 : 6.459933219689421 size: 0.0
766000 : 6.452462293335941 size: 0.0
767000 : 6.537464374559582 size: 0.0
768000 : 6.479299154107177 size: 0.0
769000 : 6.549318794718254 size: 0.0
770000 : 6.511905000918955 size: 0.0
771000 : 6.476942991790357 size: 0.0
772000 : 6.567509055734711 size: 0.0
773000 : 6.536191015012594 size: 0.0
774000 : 6.514354721797845 size: 0.0
775000 : 6.5165980634956995 size: 0.0
776000 : 6.545612224626859 size: 0.0
777000 : 6.503744080170213 size: 0.0
778000 : 6.522304447851328 size: 0.0
779000 : 6.506809498939192 size: 0.0
780000 : 6.5319946383315415 size: 0.0
781000 : 6.5063926129935 size: 0.0
782000 : 6.5634984203165905 size: 0.0
783000 : 6.492585845782234 size: 0.0
784000 : 6.482412728018398 size: 0.0
785000 : 6.5028642169283986 size: 0.0
786000 : 6.595337224505521 size: 0.0
787000 : 6.465094075076513 size: 0.0
788000 : 6.543749308552712 size: 0.0
789000 : 6.49165026016154 size: 0.0
790000 : 6.592664614111113 size: 0.0
791000 : 6.6039590587585755 size: 0.0
792000 : 6.5166235169280275 size: 0.0
793000 : 6.5254180217625475 size: 0.0
794000 : 6.645326389735908 size: 0.0
795000 : 6.4685846349584235 size: 0.0
796000 : 6.588244659983938 size: 0.0
797000 : 6.52772465307592 size: 0.0
798000 : 6.552336058344991 size: 0.0
799000 : 6.637322317164753 size: 0.0
800000 : 6.511333330587487 size: 0.0
801000 : 6.49143493788266 size: 0.0
802000 : 6.518002817787947 size: 0.0
803000 : 6.538025038001395 size: 0.0
804000 : 6.500160649656836 size: 0.0
805000 : 6.550460759519983 size: 0.0
806000 : 6.506887235097381 size: 0.0
807000 : 6.5108442119284335 size: 0.0
808000 : 6.481779143932618 size: 0.0
809000 : 6.46583910392005 size: 0.0
810000 : 6.500473658081406 size: 0.0
811000 : 6.570048895522653 size: 0.0
812000 : 6.488258074355922 size: 0.0
813000 : 6.458994882346314 size: 0.0
814000 : 6.606061374682722 size: 0.0
815000 : 6.559231874713986 size: 0.0
816000 : 6.5666078666441905 size: 0.0
817000 : 6.543181765804865 size: 0.0
818000 : 6.519704758100885 size: 0.0
819000 : 6.586113450974446 size: 0.0
820000 : 6.608472571447819 size: 0.0
821000 : 6.566208866894189 size: 0.0
822000 : 6.563824499422626 size: 0.0
823000 : 6.561568087043306 size: 0.0
824000 : 6.603005586942191 size: 0.0
825000 : 6.547358192498418 size: 0.0
826000 : 6.564001297587714 size: 0.0
827000 : 6.625299354008236 size: 0.0
828000 : 6.551455507172573 size: 0.0
829000 : 6.5271825637604 size: 0.0
830000 : 6.597288195696908 size: 0.0
831000 : 6.534016466375085 size: 0.0
832000 : 6.611571698816366 size: 0.0
833000 : 6.645215632908752 size: 0.0
834000 : 6.59348325152922 size: 0.0
835000 : 6.572394050949819 size: 0.0
836000 : 6.581888869138653 size: 0.0
837000 : 6.566563839085569 size: 0.0
838000 : 6.565753456834704 size: 0.0
839000 : 6.547031425461778 size: 0.0
840000 : 6.518726520782778 size: 0.0
841000 : 6.593241787887409 size: 0.0
842000 : 6.582638713496414 size: 0.0
843000 : 6.58770463446023 size: 0.0
844000 : 6.63866515770269 size: 0.0
845000 : 6.551313793468262 size: 0.0
846000 : 6.562785036280812 size: 0.0
847000 : 6.560993664989425 size: 0.0
848000 : 6.544040303197972 size: 0.0
849000 : 6.5165423411168195 size: 0.0
850000 : 6.583612823230902 size: 0.0
851000 : 6.598164619285705 size: 0.0
852000 : 6.598769310286139 size: 0.0
853000 : 6.578890867568812 size: 0.0
854000 : 6.572429135410594 size: 0.0
855000 : 6.631444638088865 size: 0.0
856000 : 6.63685727607682 size: 0.0
857000 : 6.65661670679975 size: 0.0
858000 : 6.595760301826643 size: 0.0
859000 : 6.65731633222346 size: 0.0
860000 : 6.643787488975988 size: 0.0
861000 : 6.6109057819922254 size: 0.0
862000 : 6.570230509201965 size: 0.0
863000 : 6.526989943191434 size: 0.0
864000 : 6.537282760880271 size: 0.0
865000 : 6.578491179888207 size: 0.0
866000 : 6.568917937610579 size: 0.0
867000 : 6.577415944355013 size: 0.0
868000 : 6.507399055466349 size: 0.0
869000 : 6.5672675920929 size: 0.0
870000 : 6.578106626680878 size: 0.0
871000 : 6.555153822096727 size: 0.0
872000 : 6.596355361798628 size: 0.0
873000 : 6.540088141881145 size: 0.0
874000 : 6.522750914812967 size: 0.0
875000 : 6.549635930726445 size: 0.0
876000 : 6.555973147445438 size: 0.0
877000 : 6.582045029385636 size: 0.0
878000 : 6.494556079030518 size: 0.0
879000 : 6.564294356024784 size: 0.0
880000 : 6.547642995768247 size: 0.0
881000 : 6.4746170984200875 size: 0.0
882000 : 6.483867013314093 size: 0.0
883000 : 6.519199817037952 size: 0.0
884000 : 6.563379408322194 size: 0.0
885000 : 6.581511883167962 size: 0.0
886000 : 6.493416865951203 size: 0.0
887000 : 6.531931348716024 size: 0.0
888000 : 6.589355667908512 size: 0.0
889000 : 6.613532301036202 size: 0.0
890000 : 6.510494055251277 size: 0.0
891000 : 6.518045469485361 size: 0.0
892000 : 6.56650811670669 size: 0.0
893000 : 6.585688997792118 size: 0.0
894000 : 6.517786807578463 size: 0.0
895000 : 6.539279135491487 size: 0.0
896000 : 6.656408951757507 size: 0.0
897000 : 6.585390435910219 size: 0.0
898000 : 6.520925146991408 size: 0.0
899000 : 6.588940845754632 size: 0.0
900000 : 6.583598376688229 size: 0.0
901000 : 6.5118341440668 size: 0.0
902000 : 6.552243875644129 size: 0.0
903000 : 6.524105450171163 size: 0.0
904000 : 6.518792562120709 size: 0.0
905000 : 6.498085163026223 size: 0.0
906000 : 6.553104476829046 size: 0.0
907000 : 6.581923265668825 size: 0.0
908000 : 6.559586846905367 size: 0.0
909000 : 6.5918810611537815 size: 0.0
910000 : 6.5913004477244685 size: 0.0
911000 : 6.594674747334397 size: 0.0
912000 : 6.52251633047719 size: 0.0
913000 : 6.603132166173227 size: 0.0
914000 : 6.608402402526266 size: 0.0
915000 : 6.596340915255956 size: 0.0
916000 : 6.603956307036161 size: 0.0
917000 : 6.590227275983085 size: 0.0
918000 : 6.5962501084163 size: 0.0
919000 : 6.619129992356485 size: 0.0
920000 : 6.539411218167349 size: 0.0
921000 : 6.6559652365182815 size: 0.0
922000 : 6.616327363078025 size: 0.0
923000 : 6.595558738159832 size: 0.0
924000 : 6.559341255679935 size: 0.0
925000 : 6.572982919546373 size: 0.0
926000 : 6.582247968913654 size: 0.0
927000 : 6.591007389287399 size: 0.0
928000 : 6.54758796131997 size: 0.0
929000 : 6.624029434114265 size: 0.0
930000 : 6.568708118776527 size: 0.0
931000 : 6.538326351605707 size: 0.0
932000 : 6.5597842829885575 size: 0.0
933000 : 6.535247174224659 size: 0.0
934000 : 6.567229067979107 size: 0.0
935000 : 6.5212271485263225 size: 0.0
936000 : 6.55668721941182 size: 0.0
937000 : 6.6263278102603955 size: 0.0
938000 : 6.594367242354655 size: 0.0
939000 : 6.643480671926849 size: 0.0
940000 : 6.627369337194021 size: 0.0
941000 : 6.618748878802173 size: 0.0
942000 : 6.648113884541092 size: 0.0
943000 : 6.670177882785584 size: 0.0
944000 : 6.654914766486812 size: 0.0
945000 : 6.623924180731937 size: 0.0
946000 : 6.594138161463706 size: 0.0
947000 : 6.6621710584920155 size: 0.0
948000 : 6.661069681595889 size: 0.0
949000 : 6.665132599739873 size: 0.0
950000 : 6.675747368951125 size: 0.0
951000 : 6.64224514856305 size: 0.0
952000 : 6.657714644042858 size: 0.0
953000 : 6.683774831162798 size: 0.0
954000 : 6.667113839877812 size: 0.0
955000 : 6.637087732828976 size: 0.0
956000 : 6.619321237064245 size: 0.0
957000 : 6.566276284093327 size: 0.0
958000 : 6.56003606558942 size: 0.0
959000 : 6.584434212371423 size: 0.0
960000 : 6.538822349570795 size: 0.0
961000 : 6.580376797672267 size: 0.0
962000 : 6.491462455106798 size: 0.0
963000 : 6.437417251038462 size: 0.0
964000 : 6.463346731343746 size: 0.0
965000 : 6.493773901934395 size: 0.0
966000 : 6.533111149700943 size: 0.0
967000 : 6.55713575016527 size: 0.0
968000 : 6.543152184788917 size: 0.0
969000 : 6.497759771850791 size: 0.0
970000 : 6.54213817507943 size: 0.0
971000 : 6.467953802595059 size: 0.0
972000 : 6.416686462303459 size: 0.0
973000 : 6.4746232897955185 size: 0.0
974000 : 6.538210779264327 size: 0.0
975000 : 6.464431597905389 size: 0.0
976000 : 6.511246651331453 size: 0.0
977000 : 6.465870060797205 size: 0.0
978000 : 6.503169658116331 size: 0.0
979000 : 6.449667919224722 size: 0.0
980000 : 6.455910201520439 size: 0.0
981000 : 6.493564083100342 size: 0.0
982000 : 6.507456153706436 size: 0.0
983000 : 6.453896628644137 size: 0.0
984000 : 6.482744998499864 size: 0.0
985000 : 6.4544187679721565 size: 0.0
986000 : 6.474223602114914 size: 0.0
987000 : 6.503413185549953 size: 0.0
988000 : 6.502254022483138 size: 0.0
989000 : 6.496604048436993 size: 0.0
990000 : 6.539905152340627 size: 0.0
991000 : 6.533619530416893 size: 0.0
992000 : 6.552408291058353 size: 0.0
993000 : 6.55847927863381 size: 0.0
994000 : 6.57453901857138 size: 0.0
995000 : 6.528806767915149 size: 0.0
996000 : 6.5277239651453165 size: 0.0
997000 : 6.580427704536922 size: 0.0
998000 : 6.604452992931853 size: 0.0
999000 : 6.535229288028969 size: 0.0
1000000 : 6.566349204737293 size: 0.0
1001000 : 6.637226694810874 size: 0.0
1002000 : 6.568478349954974 size: 0.0
1003000 : 6.551534619191971 size: 0.0
1004000 : 6.524525775769871 size: 0.0
1005000 : 6.617909603465963 size: 0.0
1006000 : 6.64870137727644 size: 0.0
1007000 : 6.616976769567683 size: 0.0
1008000 : 6.690159515093429 size: 0.0
1009000 : 6.601259619070633 size: 0.0
1010000 : 6.6312293158099855 size: 0.0
1011000 : 6.643455906425125 size: 0.0
1012000 : 6.669621346927392 size: 0.0
1013000 : 6.717089246496131 size: 0.0
1014000 : 6.639769286321229 size: 0.0
1015000 : 6.60509414425427 size: 0.0
1016000 : 6.621363703025891 size: 0.0
1017000 : 6.65325616580189 size: 0.0
1018000 : 6.597578502411565 size: 0.0
1019000 : 6.5340467353216365 size: 0.0
1020000 : 6.5192493480414 size: 0.0
1021000 : 6.593724715171031 size: 0.0
1022000 : 6.573531888167927 size: 0.0
1023000 : 6.566386352989879 size: 0.0
1024000 : 6.629631253018168 size: 0.0
1025000 : 6.519473613418126 size: 0.0
1026000 : 6.465744169496774 size: 0.0
1027000 : 6.472395770501544 size: 0.0
1028000 : 6.513230643191806 size: 0.0
1029000 : 6.430073591846621 size: 0.0
1030000 : 6.4797848331132135 size: 0.0
1031000 : 6.484173830363233 size: 0.0
1032000 : 6.405679572648239 size: 0.0
1033000 : 6.347360255740661 size: 0.0
1034000 : 6.388002507861957 size: 0.0
1035000 : 6.402949176083141 size: 0.0
1036000 : 6.34558195513074 size: 0.0
1037000 : 6.435962965742767 size: 0.0
1038000 : 6.396916024690874 size: 0.0
1039000 : 6.40920384112972 size: 0.0
1040000 : 6.431285037639298 size: 0.0
1041000 : 6.425295913805652 size: 0.0
1042000 : 6.419063262538383 size: 0.0
1043000 : 6.418163449309069 size: 0.0
1044000 : 6.445123449658323 size: 0.0
1045000 : 6.382399313096847 size: 0.0
1046000 : 6.413498591887066 size: 0.0
1047000 : 6.48730873012316 size: 0.0
1048000 : 6.531848109113007 size: 0.0
1049000 : 6.53914430109321 size: 0.0
1050000 : 6.483999095989955 size: 0.0
1051000 : 6.530981316552658 size: 0.0
1052000 : 6.482150626458482 size: 0.0
1053000 : 6.519485996168988 size: 0.0
1054000 : 6.523346662715556 size: 0.0
1055000 : 6.4550612951557795 size: 0.0
1056000 : 6.452074300475594 size: 0.0
1057000 : 6.490469771246018 size: 0.0
1058000 : 6.538086951755705 size: 0.0
1059000 : 6.485108040122719 size: 0.0
1060000 : 6.5961524222706105 size: 0.0
1061000 : 6.519631149526316 size: 0.0
1062000 : 6.503218501189177 size: 0.0
1063000 : 6.567142388723072 size: 0.0
1064000 : 6.558418740740707 size: 0.0
1065000 : 6.50246177752538 size: 0.0
1066000 : 6.483556756611937 size: 0.0
1067000 : 6.476482766216647 size: 0.0
1068000 : 6.510755468880588 size: 0.0
1069000 : 6.5380456759194985 size: 0.0
1070000 : 6.636881353647941 size: 0.0
1071000 : 6.54703968062902 size: 0.0
1072000 : 6.542923103897968 size: 0.0
1073000 : 6.504271035012457 size: 0.0
1074000 : 6.4750876429528486 size: 0.0
1075000 : 6.458314518979501 size: 0.0
1076000 : 6.451085744198435 size: 0.0
1077000 : 6.503534949266764 size: 0.0
1078000 : 6.4751241032748315 size: 0.0
1079000 : 6.46854611084463 size: 0.0
1080000 : 6.4725966462377515 size: 0.0
1081000 : 6.496811115548631 size: 0.0
1082000 : 6.57732376165415 size: 0.0
1083000 : 6.476826731518373 size: 0.0
1084000 : 6.488777461961528 size: 0.0
1085000 : 6.428723872002649 size: 0.0
1086000 : 6.522356042646586 size: 0.0
1087000 : 6.5345042091729315 size: 0.0
1088000 : 6.50590211847324 size: 0.0
1089000 : 6.567308179998504 size: 0.0
1090000 : 6.502906180695209 size: 0.0
1091000 : 6.524544349896165 size: 0.0
1092000 : 6.520453914528043 size: 0.0
1093000 : 6.505880792624533 size: 0.0
1094000 : 6.541001713722529 size: 0.0
1095000 : 6.56201936951917 size: 0.0
1096000 : 6.45594047046699 size: 0.0
1097000 : 6.537506338326393 size: 0.0
1098000 : 6.565798860254532 size: 0.0
1099000 : 6.532584194858699 size: 0.0
1100000 : 6.550915481648865 size: 0.0
1101000 : 6.546487272354448 size: 0.0
1102000 : 6.391470366033954 size: 0.0
1103000 : 6.44506703934884 size: 0.0
1104000 : 6.429612678342308 size: 0.0
1105000 : 6.430138945253948 size: 0.0
1106000 : 6.453103444658358 size: 0.0
1107000 : 6.407738548944369 size: 0.0
1108000 : 6.424283967887975 size: 0.0
1109000 : 6.462695261062278 size: 0.0
1110000 : 6.499879286040024 size: 0.0
1111000 : 6.470541797525243 size: 0.0
1112000 : 6.436176224229836 size: 0.0
1113000 : 6.4184516922319155 size: 0.0
1114000 : 6.407866504036611 size: 0.0
1115000 : 6.464473561672199 size: 0.0
1116000 : 6.4505794272742945 size: 0.0
1117000 : 6.479179454182177 size: 0.0
1118000 : 6.408841989632305 size: 0.0
1119000 : 6.475063565381728 size: 0.0
1120000 : 6.44506910314065 size: 0.0
1121000 : 6.46247237154676 size: 0.0
1122000 : 6.487297723233504 size: 0.0
1123000 : 6.489673835537825 size: 0.0
1124000 : 6.3992412301305395 size: 0.0
1125000 : 6.493152700599478 size: 0.0
1126000 : 6.3868853085619515 size: 0.0
1127000 : 6.437454399291049 size: 0.0
1128000 : 6.404249364923665 size: 0.0
1129000 : 6.445005813525133 size: 0.0
1130000 : 6.386110010771862 size: 0.0
1131000 : 6.399182068098643 size: 0.0
1132000 : 6.415749500821558 size: 0.0
1133000 : 6.361866648375638 size: 0.0
1134000 : 6.386909386133072 size: 0.0
1135000 : 6.3545656408812095 size: 0.0
1136000 : 6.323478056911248 size: 0.0
1137000 : 6.330283754371191 size: 0.0
1138000 : 6.412596026935338 size: 0.0
1139000 : 6.404342923485734 size: 0.0
1140000 : 6.339783388074249 size: 0.0
1141000 : 6.332026970520337 size: 0.0
1142000 : 6.344032735411767 size: 0.0
1143000 : 6.34783836751006 size: 0.0
1144000 : 6.338465313038037 size: 0.0
1145000 : 6.351238808482919 size: 0.0
1146000 : 6.343344116877713 size: 0.0
1147000 : 6.36775533434118 size: 0.0
1148000 : 6.292887846767582 size: 0.0
1149000 : 6.335050425522505 size: 0.0
1150000 : 6.309404372625843 size: 0.0
1151000 : 6.316340776900441 size: 0.0
1152000 : 6.348445810232907 size: 0.0
1153000 : 6.3161887442370785 size: 0.0
1154000 : 6.328034909228509 size: 0.0
1155000 : 6.274100461987329 size: 0.0
1156000 : 6.35886520715278 size: 0.0
1157000 : 6.33276718384965 size: 0.0
1158000 : 6.422198850228914 size: 0.0
1159000 : 6.373705934061033 size: 0.0
1160000 : 6.397794512071481 size: 0.0
1161000 : 6.324428777005218 size: 0.0
1162000 : 6.386570236345571 size: 0.0
1163000 : 6.297199107859411 size: 0.0
1164000 : 6.2994259392227825 size: 0.0
1165000 : 6.3722062453455095 size: 0.0
1166000 : 6.3065852330129 size: 0.0
1167000 : 6.287801287885664 size: 0.0
1168000 : 6.347759943421266 size: 0.0
1169000 : 6.286893219489108 size: 0.0
1170000 : 6.350589401993261 size: 0.0
1171000 : 6.309200057236618 size: 0.0
1172000 : 6.279997403120113 size: 0.0
1173000 : 6.378648027516227 size: 0.0
1174000 : 6.383652034725731 size: 0.0
1175000 : 6.411978953184042 size: 0.0
1176000 : 6.424293598916423 size: 0.0
1177000 : 6.326701011788417 size: 0.0
1178000 : 6.377264599072686 size: 0.0
1179000 : 6.378372855274846 size: 0.0
1180000 : 6.285218796400308 size: 0.0
1181000 : 6.33652259701389 size: 0.0
1182000 : 6.352569954200598 size: 0.0
1183000 : 6.292259078196028 size: 0.0
1184000 : 6.280350311519683 size: 0.0
1185000 : 6.26852547237696 size: 0.0
1186000 : 6.379335958119678 size: 0.0
1187000 : 6.405261310841341 size: 0.0
1188000 : 6.418586526630191 size: 0.0
1189000 : 6.333475752371205 size: 0.0
1190000 : 6.355439312747593 size: 0.0
1191000 : 6.358351322992002 size: 0.0
1192000 : 6.425809110035826 size: 0.0
1193000 : 6.3192734250629545 size: 0.0
1194000 : 6.301154020898652 size: 0.0
1195000 : 6.329889570135414 size: 0.0
1196000 : 6.3070041827504015 size: 0.0
1197000 : 6.4008798808279606 size: 0.0
1198000 : 6.330232847506536 size: 0.0
1199000 : 6.290264767376622 size: 0.0
1200000 : 6.351493342806196 size: 0.0
1201000 : 6.379943400842525 size: 0.0
1202000 : 6.363307175059265 size: 0.0
1203000 : 6.363889164349784 size: 0.0
1204000 : 6.342351433016932 size: 0.0
1205000 : 6.352830679899306 size: 0.0
1206000 : 6.3718292593748185 size: 0.0
1207000 : 6.359490536071317 size: 0.0
1208000 : 6.320556415638391 size: 0.0
1209000 : 6.309297743382308 size: 0.0
1210000 : 6.270514279751538 size: 0.0
1211000 : 6.352595407632925 size: 0.0
1212000 : 6.368012620386871 size: 0.0
1213000 : 6.35855632631183 size: 0.0
1214000 : 6.354382651340692 size: 0.0
1215000 : 6.310359220303433 size: 0.0
1216000 : 6.302611057916762 size: 0.0
1217000 : 6.352780460965254 size: 0.0
1218000 : 6.284098845377889 size: 0.0
1219000 : 6.3167948110987195 size: 0.0
1220000 : 6.3526435627751665 size: 0.0
1221000 : 6.406026289672379 size: 0.0
1222000 : 6.4463342075203975 size: 0.0
1223000 : 6.3854454698089285 size: 0.0
1224000 : 6.397401703696911 size: 0.0
1225000 : 6.363603673149352 size: 0.0
1226000 : 6.329711396109119 size: 0.0
1227000 : 6.299101923908557 size: 0.0
1228000 : 6.396060926950785 size: 0.0
1229000 : 6.374447523251553 size: 0.0
1230000 : 6.412671699301718 size: 0.0
1231000 : 6.310690114923693 size: 0.0
1232000 : 6.384144593037802 size: 0.0
1233000 : 6.35385225684543 size: 0.0
1234000 : 6.382918700702452 size: 0.0
1235000 : 6.357054573804496 size: 0.0
1236000 : 6.368782414732133 size: 0.0
1237000 : 6.380852845100288 size: 0.0
1238000 : 6.382926955869693 size: 0.0
1239000 : 6.347020418022557 size: 0.0
1240000 : 6.310472040922399 size: 0.0
1241000 : 6.37298979830284 size: 0.0
1242000 : 6.375773853455008 size: 0.0
1243000 : 6.305331823453411 size: 0.0
1244000 : 6.374515628381295 size: 0.0
1245000 : 6.354677773569572 size: 0.0
1246000 : 6.321484434022446 size: 0.0
1247000 : 6.311359471400851 size: 0.0
1248000 : 6.302259525378398 size: 0.0
1249000 : 6.2912237426378335 size: 0.0
1250000 : 6.291831873291285 size: 0.0
1251000 : 6.2560422836467335 size: 0.0
1252000 : 6.240623695031582 size: 0.0
1253000 : 6.2586137682424345 size: 0.0
1254000 : 6.323762172250474 size: 0.0
1255000 : 6.268473189651098 size: 0.0
1256000 : 6.3831216402304705 size: 0.0
1257000 : 6.291839440527922 size: 0.0
1258000 : 6.29017052088395 size: 0.0
1259000 : 6.332913025137582 size: 0.0
1260000 : 6.326953482319884 size: 0.0
1261000 : 6.29530729869992 size: 0.0
1262000 : 6.302394359776675 size: 0.0
1263000 : 6.324016018643147 size: 0.0
1264000 : 6.283195592495558 size: 0.0
1265000 : 6.3440148492160775 size: 0.0
1266000 : 6.276491020834322 size: 0.0
1267000 : 6.311309252466799 size: 0.0
1268000 : 6.284781960467116 size: 0.0
1269000 : 6.366398735191174 size: 0.0
1270000 : 6.3056317611965165 size: 0.0
1271000 : 6.349727424947137 size: 0.0
1272000 : 6.231142635454817 size: 0.0
1273000 : 6.262189631519174 size: 0.0
1274000 : 6.2906926602119695 size: 0.0
1275000 : 6.193067740345601 size: 0.0
1276000 : 6.279580517174422 size: 0.0
1277000 : 6.235052833004834 size: 0.0
1278000 : 6.310048963601276 size: 0.0
1279000 : 6.330918714318177 size: 0.0
1280000 : 6.372930636270944 size: 0.0
1281000 : 6.353676834541551 size: 0.0
1282000 : 6.371228008027402 size: 0.0
1283000 : 6.392405951654648 size: 0.0
1284000 : 6.4149005944569 size: 0.0
1285000 : 6.452319891701026 size: 0.0
1286000 : 6.409548494362049 size: 0.0
1287000 : 6.3835419658291785 size: 0.0
1288000 : 6.362079906862707 size: 0.0
1289000 : 6.372818503582581 size: 0.0
1290000 : 6.390549914886536 size: 0.0
1291000 : 6.417055881037513 size: 0.0
1292000 : 6.339319722847523 size: 0.0
1293000 : 6.37409392692138 size: 0.0
1294000 : 6.408473946759458 size: 0.0
1295000 : 6.422687968887968 size: 0.0
1296000 : 6.446685052128157 size: 0.0
1297000 : 6.45329537729672 size: 0.0
1298000 : 6.409681952899119 size: 0.0
1299000 : 6.37780944011062 size: 0.0
1300000 : 6.379192180623557 size: 0.0
1301000 : 6.440428323289768 size: 0.0
1302000 : 6.414942558223711 size: 0.0
1303000 : 6.420488654748734 size: 0.0
1304000 : 6.483329739512798 size: 0.0
1305000 : 6.478341554707173 size: 0.0
1306000 : 6.373932951160172 size: 0.0
1307000 : 6.381159662149427 size: 0.0
1308000 : 6.447412194776005 size: 0.0
1309000 : 6.403729289387456 size: 0.0
1310000 : 6.448076047808335 size: 0.0
1311000 : 6.383837088058059 size: 0.0
1312000 : 6.475091082605866 size: 0.0
1313000 : 6.476023228573542 size: 0.0
1314000 : 6.534938981314313 size: 0.0
1315000 : 6.502359275865466 size: 0.0
1316000 : 6.4405425197699415 size: 0.0
1317000 : 6.501268905858995 size: 0.0
1318000 : 6.435537824629834 size: 0.0
1319000 : 6.488588281045579 size: 0.0
1320000 : 6.440459968097527 size: 0.0
1321000 : 6.442689551183313 size: 0.0
1322000 : 6.42314888239228 size: 0.0
1323000 : 6.392344725830941 size: 0.0
1324000 : 6.401243108186582 size: 0.0
1325000 : 6.363371840535988 size: 0.0
1326000 : 6.38366166575418 size: 0.0
1327000 : 6.366107052615311 size: 0.0
1328000 : 6.384845594322719 size: 0.0
1329000 : 6.366349892118329 size: 0.0
1330000 : 6.360978529966582 size: 0.0
1331000 : 6.37574840002268 size: 0.0
1332000 : 6.384783680568408 size: 0.0
1333000 : 6.420206603201319 size: 0.0
1334000 : 6.328468305508683 size: 0.0
1335000 : 6.3441572508509925 size: 0.0
1336000 : 6.291858702584819 size: 0.0
1337000 : 6.395348230845609 size: 0.0
1338000 : 6.3147241399823315 size: 0.0
1339000 : 6.317657476075447 size: 0.0
1340000 : 6.320800631002616 size: 0.0
1341000 : 6.365354456535135 size: 0.0
1342000 : 6.339084450581143 size: 0.0
1343000 : 6.354203101453191 size: 0.0
1344000 : 6.394613520961123 size: 0.0
1345000 : 6.369175223106703 size: 0.0
1346000 : 6.318963168360797 size: 0.0
1347000 : 6.276581139743374 size: 0.0
1348000 : 6.227671337629801 size: 0.0
1349000 : 6.368968155995065 size: 0.0
1350000 : 6.305884231727982 size: 0.0
1351000 : 6.326843413423331 size: 0.0
1352000 : 6.336313466110441 size: 0.0
1353000 : 6.3652774083075485 size: 0.0
1354000 : 6.310760283845245 size: 0.0
1355000 : 6.2990737187538155 size: 0.0
1356000 : 6.294451513029227 size: 0.0
1357000 : 6.287881087835664 size: 0.0
1358000 : 6.331414712283265 size: 0.0
1359000 : 6.284311415934355 size: 0.0
1360000 : 6.320229648601751 size: 0.0
1361000 : 6.259843100230802 size: 0.0
1362000 : 6.362488537641157 size: 0.0
1363000 : 6.2608756840665825 size: 0.0
1364000 : 6.254952601570867 size: 0.0
1365000 : 6.289192283565842 size: 0.0
1366000 : 6.316432959601304 size: 0.0
1367000 : 6.298228939972778 size: 0.0
1368000 : 6.288879275141272 size: 0.0
1369000 : 6.336794329602253 size: 0.0
1370000 : 6.30456615669177 size: 0.0
1371000 : 6.305213499389618 size: 0.0
1372000 : 6.317059664381048 size: 0.0
1373000 : 6.2736581226093096 size: 0.0
1374000 : 6.320340405428907 size: 0.0
1375000 : 6.311918071050854 size: 0.0
1376000 : 6.328911332817306 size: 0.0
1377000 : 6.344285893873837 size: 0.0
1378000 : 6.2854822738214295 size: 0.0
1379000 : 6.3332294732151695 size: 0.0
1380000 : 6.308199118208596 size: 0.0
1381000 : 6.371392423441627 size: 0.0
1382000 : 6.311932517593526 size: 0.0
1383000 : 6.2968420718762195 size: 0.0
1384000 : 6.304218063806424 size: 0.0
1385000 : 6.350007412702742 size: 0.0
1386000 : 6.340169317142785 size: 0.0
1387000 : 6.371805869734301 size: 0.0
1388000 : 6.333188885309566 size: 0.0
1389000 : 6.299276658281833 size: 0.0
1390000 : 6.365366151355394 size: 0.0
1391000 : 6.263234598105817 size: 0.0
1392000 : 6.285622611664533 size: 0.0
1393000 : 6.399007333725366 size: 0.0
1394000 : 6.335636542396645 size: 0.0
1395000 : 6.346278140901433 size: 0.0
1396000 : 6.401220406476669 size: 0.0
1397000 : 6.364511741545908 size: 0.0
1398000 : 6.403304836205126 size: 0.0
1399000 : 6.375030200472676 size: 0.0
1400000 : 6.38329912632616 size: 0.0
1401000 : 6.352249378539389 size: 0.0
1402000 : 6.372897615601978 size: 0.0
1403000 : 6.283589088800732 size: 0.0
1404000 : 6.3363568057384585 size: 0.0
1405000 : 6.342727043126417 size: 0.0
1406000 : 6.368344890868338 size: 0.0
1407000 : 6.40178863715512 size: 0.0
1408000 : 6.36481924652565 size: 0.0
1409000 : 6.345806908438068 size: 0.0
1410000 : 6.324027025532803 size: 0.0
1411000 : 6.391446288462833 size: 0.0
1412000 : 6.341920788459173 size: 0.0
1413000 : 6.436242953498371 size: 0.0
1414000 : 6.47062090954464 size: 0.0
1415000 : 6.459642912974765 size: 0.0
1416000 : 6.434192920300086 size: 0.0
1417000 : 6.36664707813902 size: 0.0
1418000 : 6.387906197577474 size: 0.0
1419000 : 6.427154702296177 size: 0.0
1420000 : 6.555028618726899 size: 0.0
1421000 : 6.536237106363025 size: 0.0
1422000 : 6.465924407314878 size: 0.0
1423000 : 6.531136788869038 size: 0.0
1424000 : 6.540760250080717 size: 0.0
1425000 : 6.494180468921034 size: 0.0
1426000 : 6.485925989610223 size: 0.0
1427000 : 6.478750873416226 size: 0.0
1428000 : 6.494882158136554 size: 0.0
1429000 : 6.508737768420666 size: 0.0
1430000 : 6.522954542271589 size: 0.0
1431000 : 6.562011114351929 size: 0.0
1432000 : 6.562507112317017 size: 0.0
1433000 : 6.474227729698534 size: 0.0
1434000 : 6.496001421228369 size: 0.0
1435000 : 6.4846657007447 size: 0.0
1436000 : 6.494428123938277 size: 0.0
1437000 : 6.476740740192942 size: 0.0
1438000 : 6.491273274190849 size: 0.0
1439000 : 6.460708517479511 size: 0.0
1440000 : 6.480790587655459 size: 0.0
1441000 : 6.556901853760097 size: 0.0
1442000 : 6.521454853556065 size: 0.0
1443000 : 6.518953537881917 size: 0.0
1444000 : 6.517762730007342 size: 0.0
1445000 : 6.512729829712493 size: 0.0
1446000 : 6.508217004953853 size: 0.0
1447000 : 6.553763514347152 size: 0.0
1448000 : 6.63333300759534 size: 0.0
1449000 : 6.59477312141069 size: 0.0
1450000 : 6.533633976959566 size: 0.0
1451000 : 6.504509059001251 size: 0.0
1452000 : 6.488397724268423 size: 0.0
1453000 : 6.553607354100169 size: 0.0
1454000 : 6.590671679152915 size: 0.0
1455000 : 6.545612224626859 size: 0.0
1456000 : 6.6131807684978385 size: 0.0
1457000 : 6.481260444257616 size: 0.0
1458000 : 6.440768161007873 size: 0.0
1459000 : 6.532097827922059 size: 0.0
1460000 : 6.471632855462317 size: 0.0
1461000 : 6.483407475670988 size: 0.0
1462000 : 6.494750075460692 size: 0.0
1463000 : 6.5075559036439365 size: 0.0
1464000 : 6.487254383605487 size: 0.0
1465000 : 6.428818806425926 size: 0.0
1466000 : 6.479973326098559 size: 0.0
1467000 : 6.4418901758221025 size: 0.0
1468000 : 6.412951687057323 size: 0.0
1469000 : 6.463026843613141 size: 0.0
1470000 : 6.438763531229417 size: 0.0
1471000 : 6.463481565742023 size: 0.0
1472000 : 6.439008434524245 size: 0.0
1473000 : 6.384254661934355 size: 0.0
1474000 : 6.439462468722523 size: 0.0
1475000 : 6.497821685605102 size: 0.0
1476000 : 6.495577655976644 size: 0.0
1477000 : 6.47266819102051 size: 0.0
1478000 : 6.477897151537343 size: 0.0
1479000 : 6.485024112589098 size: 0.0
1480000 : 6.532301455380681 size: 0.0
1481000 : 6.455364672551902 size: 0.0
1482000 : 6.463136912509694 size: 0.0
1483000 : 6.448104940893681 size: 0.0
1484000 : 6.40039557768313 size: 0.0
1485000 : 6.401335290887445 size: 0.0
1486000 : 6.423760452698748 size: 0.0
1487000 : 6.42629616490307 size: 0.0
1488000 : 6.413346559223704 size: 0.0
1489000 : 6.356831684288978 size: 0.0
1490000 : 6.383351409052023 size: 0.0
1491000 : 6.4076229766029895 size: 0.0
1492000 : 6.3987287218309685 size: 0.0
1493000 : 6.416340433209923 size: 0.0
1494000 : 6.389518706911963 size: 0.0
1495000 : 6.372876289753271 size: 0.0
1496000 : 6.400844108436581 size: 0.0
1497000 : 6.395541539345179 size: 0.0
1498000 : 6.451285932004039 size: 0.0
1499000 : 6.377550778203722 size: 0.0
1500000 : 6.379794119901576 size: 0.0
1501000 : 6.388189624986095 size: 0.0
1502000 : 6.36475939656315 size: 0.0
1503000 : 6.353060448720858 size: 0.0
1504000 : 6.406468629050398 size: 0.0
1505000 : 6.383734586398146 size: 0.0
1506000 : 6.387331775523592 size: 0.0
1507000 : 6.321041406713824 size: 0.0
1508000 : 6.42097020617115 size: 0.0
1509000 : 6.366276971474363 size: 0.0
1510000 : 6.383644467489093 size: 0.0
1511000 : 6.361292226321756 size: 0.0
1512000 : 6.304975475400823 size: 0.0
1513000 : 6.3737265719791365 size: 0.0
1514000 : 6.343331046196247 size: 0.0
1515000 : 6.31889987874528 size: 0.0
1516000 : 6.328213771185406 size: 0.0
1517000 : 6.41287739055215 size: 0.0
1518000 : 6.340676321997529 size: 0.0
1519000 : 6.345811723952292 size: 0.0
1520000 : 6.326648041131952 size: 0.0
1521000 : 6.331255800313868 size: 0.0
1522000 : 6.33099301082335 size: 0.0
1523000 : 6.367701675754111 size: 0.0
1524000 : 6.384547720371424 size: 0.0
1525000 : 6.354111606682932 size: 0.0
1526000 : 6.361042507512702 size: 0.0
1527000 : 6.320691250036667 size: 0.0
1528000 : 6.366852769389452 size: 0.0
1529000 : 6.29188278015594 size: 0.0
1530000 : 6.354462451290692 size: 0.0
1531000 : 6.4138776416495675 size: 0.0
1532000 : 6.3517334305868 size: 0.0
1533000 : 6.338721911153124 size: 0.0
1534000 : 6.3136420251431025 size: 0.0
1535000 : 6.400942482512875 size: 0.0
1536000 : 6.286556133493417 size: 0.0
1537000 : 6.323060483034953 size: 0.0
1538000 : 6.334147860570777 size: 0.0
1539000 : 6.310866225158176 size: 0.0
1540000 : 6.361555703742877 size: 0.0
1541000 : 6.421700788472015 size: 0.0
1542000 : 6.407834171298249 size: 0.0
1543000 : 6.403391515461161 size: 0.0
1544000 : 6.504109371320646 size: 0.0
1545000 : 6.468586698750235 size: 0.0
1546000 : 6.449815136373861 size: 0.0
1547000 : 6.455299319144574 size: 0.0
1548000 : 6.435544016005265 size: 0.0
1549000 : 6.459905702465283 size: 0.0
1550000 : 6.419683088012093 size: 0.0
1551000 : 6.404634606061597 size: 0.0
1552000 : 6.411486394871972 size: 0.0
1553000 : 6.3714467699593 size: 0.0
1554000 : 6.433560024144911 size: 0.0
1555000 : 6.358885157140279 size: 0.0
1556000 : 6.345176764005307 size: 0.0
1557000 : 6.390820271613693 size: 0.0
1558000 : 6.386178115901604 size: 0.0
1559000 : 6.48694206311152 size: 0.0
1560000 : 6.385444093947721 size: 0.0
1561000 : 6.410596900601709 size: 0.0
1562000 : 6.381626767029171 size: 0.0
1563000 : 6.410827357353865 size: 0.0
1564000 : 6.412280266788354 size: 0.0
1565000 : 6.388304509396872 size: 0.0
1566000 : 6.408159562473681 size: 0.0
1567000 : 6.316548531942684 size: 0.0
1568000 : 6.3987280339003645 size: 0.0
1569000 : 6.353405789883791 size: 0.0
1570000 : 6.3450040934238405 size: 0.0
1571000 : 6.340507778999683 size: 0.0
1572000 : 6.321670175285378 size: 0.0
1573000 : 6.387061418796435 size: 0.0
1574000 : 6.396341602636992 size: 0.0
1575000 : 6.415909100721559 size: 0.0
1576000 : 6.376783735580874 size: 0.0
1577000 : 6.4266532008862605 size: 0.0
1578000 : 6.346078641026431 size: 0.0
1579000 : 6.28521329295548 size: 0.0
1580000 : 6.362079218932104 size: 0.0
1581000 : 6.274355684241209 size: 0.0
1582000 : 6.348994090923858 size: 0.0
1583000 : 6.332561492599218 size: 0.0
1584000 : 6.413490336719825 size: 0.0
1585000 : 6.326119710428501 size: 0.0
1586000 : 6.420529242654338 size: 0.0
1587000 : 6.4196645138858 size: 0.0
1588000 : 6.354552570199744 size: 0.0
1589000 : 6.356337062185096 size: 0.0
1590000 : 6.345279265665221 size: 0.0
1591000 : 6.378594368929158 size: 0.0
1592000 : 6.421971833129775 size: 0.0
1593000 : 6.347928486419112 size: 0.0
1594000 : 6.369511621171791 size: 0.0
1595000 : 6.3939317817331025 size: 0.0
1596000 : 6.374574102482589 size: 0.0
1597000 : 6.340843489134167 size: 0.0
1598000 : 6.369817062359723 size: 0.0
1599000 : 6.398777564903813 size: 0.0
1600000 : 6.414696966998278 size: 0.0
1601000 : 6.373996928706293 size: 0.0
1602000 : 6.460948605260115 size: 0.0
1603000 : 6.371732949090335 size: 0.0
1604000 : 6.419765639684507 size: 0.0
1605000 : 6.459168928788987 size: 0.0
1606000 : 6.452383869247147 size: 0.0
1607000 : 6.435337636824229 size: 0.0
1608000 : 6.433636384441894 size: 0.0
1609000 : 6.398262304881828 size: 0.0
1610000 : 6.419494595026747 size: 0.0
1611000 : 6.386903194757641 size: 0.0
1612000 : 6.4406415817768385 size: 0.0
1613000 : 6.391800572723611 size: 0.0
1614000 : 6.358981467424763 size: 0.0
1615000 : 6.363411740510989 size: 0.0
1616000 : 6.36851274593558 size: 0.0
1617000 : 6.36227183950107 size: 0.0
1618000 : 6.407038923520659 size: 0.0
1619000 : 6.423003729034952 size: 0.0
1620000 : 6.423912485362111 size: 0.0
1621000 : 6.305289171755997 size: 0.0
1622000 : 6.359963832326491 size: 0.0
1623000 : 6.247797435364371 size: 0.0
1624000 : 6.301076972671066 size: 0.0
1625000 : 6.329479563495757 size: 0.0
1626000 : 6.322137968095725 size: 0.0
1627000 : 6.37652782539639 size: 0.0
1628000 : 6.309631389724982 size: 0.0
1629000 : 6.328701513983253 size: 0.0
1630000 : 6.33292059237422 size: 0.0
1631000 : 6.33148350534361 size: 0.0
1632000 : 6.363084285543746 size: 0.0
1633000 : 6.38065403315589 size: 0.0
1634000 : 6.291112297880074 size: 0.0
1635000 : 6.307595803069369 size: 0.0
1636000 : 6.390109639300328 size: 0.0
1637000 : 6.31985059883925 size: 0.0
1638000 : 6.321367485819859 size: 0.0
1639000 : 6.333947672765173 size: 0.0
1640000 : 6.342620413882882 size: 0.0
1641000 : 6.405568815821084 size: 0.0
1642000 : 6.403113591497367 size: 0.0
1643000 : 6.34231910027857 size: 0.0
1644000 : 6.337431353341049 size: 0.0
1645000 : 6.361905860420034 size: 0.0
1646000 : 6.388191000847303 size: 0.0
1647000 : 6.267784571117043 size: 0.0
1648000 : 6.304266218948666 size: 0.0
1649000 : 6.2294888502841195 size: 0.0
1650000 : 6.32078343273753 size: 0.0
1651000 : 6.304121753521941 size: 0.0
1652000 : 6.258950166307522 size: 0.0
1653000 : 6.26224466596745 size: 0.0
1654000 : 6.314677360701297 size: 0.0
1655000 : 6.3033443919400405 size: 0.0
1656000 : 6.297649702404671 size: 0.0
1657000 : 6.3006931073943395 size: 0.0
1658000 : 6.270334041933434 size: 0.0
1659000 : 6.313672294089654 size: 0.0
1660000 : 6.312482174145684 size: 0.0
1661000 : 6.218876144864677 size: 0.0
1662000 : 6.251803943198871 size: 0.0
1663000 : 6.282333615449433 size: 0.0
1664000 : 6.3993774403900225 size: 0.0
1665000 : 6.27447744795802 size: 0.0
1666000 : 6.285054380986083 size: 0.0
1667000 : 6.2967313150490645 size: 0.0
1668000 : 6.348163070754889 size: 0.0
1669000 : 6.330014085574638 size: 0.0
1670000 : 6.405828853589188 size: 0.0
1671000 : 6.398770685597779 size: 0.0
1672000 : 6.407889205746525 size: 0.0
1673000 : 6.426371149338846 size: 0.0
1674000 : 6.438299866002691 size: 0.0
1675000 : 6.378390741470536 size: 0.0
1676000 : 6.425940504781085 size: 0.0
1677000 : 6.431359334144471 size: 0.0
1678000 : 6.327329092429368 size: 0.0
1679000 : 6.360463269944597 size: 0.0
1680000 : 6.409417787547394 size: 0.0
1681000 : 6.385012073528754 size: 0.0
1682000 : 6.377514317881739 size: 0.0
1683000 : 6.348008974299716 size: 0.0
1684000 : 6.3200707366323545 size: 0.0
1685000 : 6.378092179588638 size: 0.0
1686000 : 6.331547482889731 size: 0.0
1687000 : 6.357410233926481 size: 0.0
1688000 : 6.394917586287849 size: 0.0
1689000 : 6.280417728718821 size: 0.0
1690000 : 6.321536716748309 size: 0.0
1691000 : 6.41458964982414 size: 0.0
1692000 : 6.351581397923438 size: 0.0
1693000 : 6.266802894145918 size: 0.0
1694000 : 6.344239802523407 size: 0.0
1695000 : 6.3146374607262965 size: 0.0
1696000 : 6.315639775615525 size: 0.0
1697000 : 6.352084275194561 size: 0.0
1698000 : 6.329838663270758 size: 0.0
1699000 : 6.3175921226681195 size: 0.0
1700000 : 6.342769006893228 size: 0.0
1701000 : 6.3236060120034905 size: 0.0
1702000 : 6.378513881048554 size: 0.0
1703000 : 6.36215213957607 size: 0.0
1704000 : 6.372594238205856 size: 0.0
1705000 : 6.371385544135592 size: 0.0
1706000 : 6.293358391300343 size: 0.0
1707000 : 6.3123136311478385 size: 0.0
1708000 : 6.310988676805591 size: 0.0
1709000 : 6.4507837426635195 size: 0.0
1710000 : 6.438165031604414 size: 0.0
1711000 : 6.4138219192706885 size: 0.0
1712000 : 6.410452435174984 size: 0.0
1713000 : 6.405831605311603 size: 0.0
1714000 : 6.392996884043012 size: 0.0
1715000 : 6.421831495286671 size: 0.0
1716000 : 6.404851992132288 size: 0.0
1717000 : 6.412940680167668 size: 0.0
1718000 : 6.362852452930383 size: 0.0
1719000 : 6.364672717307115 size: 0.0
1720000 : 6.328318336637131 size: 0.0
1721000 : 6.367782851565318 size: 0.0
1722000 : 6.331246857216023 size: 0.0
Time for GPU to GPU operations:  124.24920535087585
Time for model training:  18595.57158780098
Time for GPU to CPU operations:  252.26175737380981
402.4158048629761
31783.61620926857 
