start!
start to right
1953060
0 : 5.2725560550347454 size: 0.0
1000 : 2.6401959642866784 size: 0.0
2000 : 2.25962965876974 size: 0.0
3000 : 2.3046758706316792 size: 0.0
4000 : 2.17438267425127 size: 0.0
5000 : 2.2835328394825583 size: 0.0
6000 : 2.2397642867338785 size: 0.0
7000 : 2.1007139057541857 size: 0.0
8000 : 2.235971725317052 size: 0.0
9000 : 2.0794685449278014 size: 0.0
10000 : 2.106841303639126 size: 0.0
11000 : 1.9619041285030498 size: 0.0
12000 : 2.0434245929426247 size: 0.0
13000 : 2.104422023689439 size: 0.0
14000 : 2.001530135140397 size: 0.0
15000 : 1.9607351624251355 size: 0.0
16000 : 2.1237097060010517 size: 0.0
17000 : 1.942002124162555 size: 0.0
18000 : 1.9348536652794421 size: 0.0
19000 : 1.9811727207404173 size: 0.0
20000 : 1.8359834190381765 size: 0.0
21000 : 1.865929898119663 size: 0.0
22000 : 2.011935257500248 size: 0.0
23000 : 1.6666752703789354 size: 0.0
24000 : 1.750941437839535 size: 0.0
25000 : 1.8831422657833146 size: 0.0
26000 : 1.9302935452918148 size: 0.0
27000 : 1.8814841810463463 size: 0.0
28000 : 1.8361359676494917 size: 0.0
29000 : 1.9414469641655698 size: 0.0
30000 : 1.8484674676816568 size: 0.0
31000 : 2.0525248829303795 size: 0.0
32000 : 1.729997562600113 size: 0.0
33000 : 1.8046051843882571 size: 0.0
34000 : 1.8653828213072685 size: 0.0
35000 : 1.7569365810659616 size: 0.0
36000 : 1.8496237070434076 size: 0.0
37000 : 2.002362531170573 size: 0.0
38000 : 1.8662284600015608 size: 0.0
39000 : 1.819743441282503 size: 0.0
40000 : 1.9155002855951995 size: 0.0
41000 : 1.9279795187244557 size: 0.0
42000 : 2.082318813400551 size: 0.0
43000 : 1.906751012197856 size: 0.0
44000 : 1.8736653337901705 size: 0.0
45000 : 1.6832860427298688 size: 0.0
46000 : 1.769614798122266 size: 0.0
47000 : 1.8480789588733577 size: 0.0
48000 : 1.8717542625737829 size: 0.0
49000 : 1.7374927385073649 size: 0.0
50000 : 1.9505644524184107 size: 0.0
51000 : 1.743367149912886 size: 0.0
52000 : 1.7532172842584024 size: 0.0
53000 : 1.8052035120306087 size: 0.0
54000 : 1.62954920355453 size: 0.0
55000 : 1.681192325938265 size: 0.0
56000 : 1.844572232622265 size: 0.0
57000 : 1.8653016454960611 size: 0.0
58000 : 1.790516193646925 size: 0.0
59000 : 1.816410245526131 size: 0.0
60000 : 1.7695501326455416 size: 0.0
61000 : 1.7056580619020556 size: 0.0
62000 : 1.6456935589563235 size: 0.0
63000 : 1.791441116343265 size: 0.0
64000 : 1.7617455599493874 size: 0.0
65000 : 1.7034372499314643 size: 0.0
66000 : 1.6198696759986695 size: 0.0
67000 : 1.8626613678400155 size: 0.0
68000 : 1.7410538112761302 size: 0.0
69000 : 1.8104071910977648 size: 0.0
70000 : 1.6732240257584894 size: 0.0
71000 : 1.8457737034211927 size: 0.0
72000 : 1.8567630508460244 size: 0.0
73000 : 1.87318085866269 size: 0.0
74000 : 1.783393016213489 size: 0.0
75000 : 1.84621965443488 size: 0.0
76000 : 1.8521410171040864 size: 0.0
77000 : 1.653090532769933 size: 0.0
78000 : 1.8513729425853331 size: 0.0
79000 : 1.9842438149368744 size: 0.0
80000 : 1.839011517571918 size: 0.0
81000 : 1.8406427730153516 size: 0.0
82000 : 1.6742830949225025 size: 0.0
83000 : 1.8895097514488592 size: 0.0
84000 : 1.983917047900235 size: 0.0
85000 : 1.9656614334764497 size: 0.0
86000 : 1.9260883974955683 size: 0.0
87000 : 1.7528107172717626 size: 0.0
88000 : 1.7818255663335254 size: 0.0
89000 : 1.8572485578694102 size: 0.0
90000 : 1.9565167719647725 size: 0.0
91000 : 1.8994102767110785 size: 0.0
92000 : 1.8178889523582495 size: 0.0
93000 : 1.8286858511967659 size: 0.0
94000 : 1.6761589096954632 size: 0.0
95000 : 1.6595044537512105 size: 0.0
96000 : 1.9513301191800518 size: 0.0
97000 : 1.771233326849536 size: 0.0
98000 : 2.0561026380162786 size: 0.0
99000 : 1.7867774627998183 size: 0.0
100000 : 1.8023659702740233 size: 0.0
101000 : 1.787185233665014 size: 0.0
102000 : 1.7160413424652468 size: 0.0
103000 : 1.7598752486212543 size: 0.0
104000 : 1.8013368260912603 size: 0.0
105000 : 2.060877048386881 size: 0.0
106000 : 1.8238163344202363 size: 0.0
107000 : 1.7646739085456284 size: 0.0
108000 : 1.827986225773056 size: 0.0
109000 : 1.7188940186951083 size: 0.0
110000 : 1.6474923255016978 size: 0.0
111000 : 1.7851658133785828 size: 0.0
112000 : 1.7144905749024169 size: 0.0
113000 : 1.6761843631277908 size: 0.0
114000 : 1.738909359602522 size: 0.0
115000 : 1.884519330868773 size: 0.0
116000 : 1.8951669487663405 size: 0.0
117000 : 2.0153264114099607 size: 0.0
118000 : 1.6848010379013194 size: 0.0
119000 : 1.8825895135434416 size: 0.0
120000 : 1.8246568136350028 size: 0.0
121000 : 1.915841843139813 size: 0.0
122000 : 1.772273649904605 size: 0.0
123000 : 1.7654296003135197 size: 0.0
124000 : 1.7156910138054393 size: 0.0
125000 : 1.683175629868015 size: 0.0
126000 : 1.8621956388214789 size: 0.0
127000 : 1.6798078655988196 size: 0.0
128000 : 1.815201895421169 size: 0.0
129000 : 1.698408305237585 size: 0.0
130000 : 1.8247424609951324 size: 0.0
131000 : 1.8944927767749582 size: 0.0
132000 : 1.874876779582848 size: 0.0
133000 : 1.546928566097386 size: 0.0
134000 : 1.867834090030016 size: 0.0
135000 : 1.7261755921499886 size: 0.0
136000 : 1.867139624085832 size: 0.0
137000 : 1.6995819148470726 size: 0.0
138000 : 1.7319622924035696 size: 0.0
139000 : 1.8551680837419229 size: 0.0
140000 : 1.732616342424801 size: 0.0
141000 : 1.8838831670432317 size: 0.0
142000 : 1.5753906629192755 size: 0.0
143000 : 1.7003114652520326 size: 0.0
144000 : 1.7901823753216002 size: 0.0
145000 : 1.6698756955288414 size: 0.0
146000 : 1.6186563383968322 size: 0.0
147000 : 1.833223613439781 size: 0.0
148000 : 1.7618093655128575 size: 0.0
149000 : 1.7334814151586408 size: 0.0
150000 : 1.7481009723778846 size: 0.0
151000 : 1.6098957141445318 size: 0.0
152000 : 1.718202132490687 size: 0.0
153000 : 1.6994826808575247 size: 0.0
154000 : 1.7485397001202359 size: 0.0
155000 : 1.8225369554804678 size: 0.0
156000 : 1.7056711325835212 size: 0.0
157000 : 1.7857956138460425 size: 0.0
158000 : 1.7826316490181195 size: 0.0
159000 : 1.771017660605354 size: 0.0
160000 : 1.6433771246318525 size: 0.0
161000 : 1.7911330954155698 size: 0.0
162000 : 1.7198744917876772 size: 0.0
163000 : 1.7874332326475582 size: 0.0
164000 : 1.7559573118519487 size: 0.0
165000 : 1.767813451837129 size: 0.0
166000 : 1.7375205996968048 size: 0.0
167000 : 1.9504452684413627 size: 0.0
168000 : 1.6579208375020658 size: 0.0
169000 : 1.7681477861104062 size: 0.0
170000 : 1.777852079167991 size: 0.0
171000 : 1.7506987703191674 size: 0.0
172000 : 1.7474890581061149 size: 0.0
173000 : 1.6126398693216988 size: 0.0
174000 : 1.7908529356773142 size: 0.0
175000 : 1.6770583789594757 size: 0.0
176000 : 1.7848400782378488 size: 0.0
177000 : 1.7920303289051212 size: 0.0
178000 : 1.5396125961123328 size: 0.0
179000 : 1.7169015996848627 size: 0.0
180000 : 1.7673303525708555 size: 0.0
181000 : 1.682788152955621 size: 0.0
182000 : 1.8025634063572138 size: 0.0
183000 : 1.7693305108003898 size: 0.0
184000 : 1.6921806414671916 size: 0.0
185000 : 1.7038099363358838 size: 0.0
186000 : 1.6273877255984863 size: 0.0
187000 : 1.6106121938680262 size: 0.0
188000 : 1.822839988911288 size: 0.0
189000 : 1.708043117304221 size: 0.0
190000 : 1.6788442468060352 size: 0.0
191000 : 1.8245649748994421 size: 0.0
192000 : 1.783464389013597 size: 0.0
193000 : 1.7746347997183005 size: 0.0
194000 : 1.7182329173851916 size: 0.0
195000 : 1.7843915474843985 size: 0.0
196000 : 1.6353304003632834 size: 0.0
197000 : 1.810904392941409 size: 0.0
198000 : 1.7834255209345022 size: 0.0
199000 : 1.9282696534564614 size: 0.0
200000 : 1.595084224286925 size: 0.0
201000 : 1.8538878448889 size: 0.0
202000 : 1.744712054242633 size: 0.0
203000 : 1.697571781623788 size: 0.0
204000 : 1.6847740366251338 size: 0.0
205000 : 1.7900415215305436 size: 0.0
206000 : 1.698657508098685 size: 0.0
207000 : 1.5832136377590722 size: 0.0
208000 : 1.8557614238873994 size: 0.0
209000 : 1.63932228967246 size: 0.0
210000 : 1.797864668352991 size: 0.0
211000 : 1.758441429261011 size: 0.0
212000 : 1.8267269688034384 size: 0.0
213000 : 1.7481150749552554 size: 0.0
214000 : 1.7493533500414677 size: 0.0
215000 : 1.7281442775544154 size: 0.0
216000 : 1.640920524446928 size: 0.0
217000 : 1.6357636246608067 size: 0.0
218000 : 1.6526894692281209 size: 0.0
219000 : 1.650502021891797 size: 0.0
220000 : 1.7364844042253562 size: 0.0
221000 : 1.6778900870590483 size: 0.0
222000 : 1.7381925359137258 size: 0.0
223000 : 1.7328079310978621 size: 0.0
224000 : 1.6909470099125528 size: 0.0
225000 : 1.8149704067731076 size: 0.0
226000 : 1.6204435821045986 size: 0.0
227000 : 1.7485894031063351 size: 0.0
228000 : 1.6136743449666384 size: 0.0
229000 : 1.8005928291436277 size: 0.0
230000 : 1.8027790726013957 size: 0.0
231000 : 1.829819044883301 size: 0.0
232000 : 1.5647755497427214 size: 0.0
233000 : 1.712909538393035 size: 0.0
234000 : 1.8718553883724902 size: 0.0
235000 : 1.8231514494920007 size: 0.0
236000 : 1.5723510415479263 size: 0.0
237000 : 1.700193141188239 size: 0.0
238000 : 1.5846467691887118 size: 0.0
239000 : 1.8299877598637972 size: 0.0
240000 : 1.5578054368685534 size: 0.0
241000 : 1.764661869760068 size: 0.0
242000 : 1.8202808870664495 size: 0.0
243000 : 1.6658705635555484 size: 0.0
244000 : 1.7736718688561197 size: 0.0
245000 : 1.630046749363476 size: 0.0
246000 : 1.7995105423217481 size: 0.0
247000 : 1.754934187061966 size: 0.0
248000 : 1.7314107440422526 size: 0.0
249000 : 1.9090189474147836 size: 0.0
250000 : 1.7199714900027638 size: 0.0
251000 : 1.6854181116526152 size: 0.0
252000 : 1.651004555197618 size: 0.0
253000 : 1.6821832899725366 size: 0.0
254000 : 1.6661146069371227 size: 0.0
255000 : 1.6568634881645612 size: 0.0
256000 : 1.741240928400269 size: 0.0
257000 : 1.6559796693217774 size: 0.0
258000 : 1.7190200819781907 size: 0.0
259000 : 1.7231351108653852 size: 0.0
260000 : 1.6654283961601801 size: 0.0
261000 : 1.7872830917933549 size: 0.0
262000 : 1.5877037608077984 size: 0.0
263000 : 1.6733609239485763 size: 0.0
264000 : 1.659393696924055 size: 0.0
265000 : 1.6840434543242686 size: 0.0
266000 : 1.7987066954116153 size: 0.0
267000 : 1.8923854733539363 size: 0.0
268000 : 1.7909219007203103 size: 0.0
269000 : 1.616196986489494 size: 0.0
270000 : 1.88230814992663 size: 0.0
271000 : 1.7450735617747466 size: 0.0
272000 : 1.72591073886766 size: 0.0
273000 : 1.6694718802646156 size: 0.0
274000 : 1.7054883150256541 size: 0.0
275000 : 1.649164168850735 size: 0.0
276000 : 1.6065391287476423 size: 0.0
277000 : 1.633486574363383 size: 0.0
278000 : 1.5951573169135416 size: 0.0
279000 : 1.5388219918663166 size: 0.0
280000 : 1.7079703686429062 size: 0.0
281000 : 1.495849546808481 size: 0.0
282000 : 1.8662767871264534 size: 0.0
283000 : 1.7358202072277242 size: 0.0
284000 : 1.6568048420806172 size: 0.0
285000 : 1.708163677142476 size: 0.0
286000 : 1.6837638105339658 size: 0.0
287000 : 1.6175477382293706 size: 0.0
288000 : 1.9174982080502727 size: 0.0
289000 : 1.7273591767532266 size: 0.0
290000 : 1.755232404978562 size: 0.0
291000 : 1.6979043960705569 size: 0.0
292000 : 1.6787205912800647 size: 0.0
293000 : 1.5822713448149948 size: 0.0
294000 : 1.7509918287562376 size: 0.0
295000 : 1.7264595355065633 size: 0.0
296000 : 1.580572672172423 size: 0.0
297000 : 1.678514728046982 size: 0.0
298000 : 1.6270650861454676 size: 0.0
299000 : 1.7865877659359166 size: 0.0
300000 : 1.8319203289115427 size: 0.0
301000 : 1.6025009761053834 size: 0.0
302000 : 1.682084915896243 size: 0.0
303000 : 1.5667545541061996 size: 0.0
304000 : 1.7010370600560227 size: 0.0
305000 : 1.6119409318285922 size: 0.0
306000 : 1.8770050648872754 size: 0.0
307000 : 1.8589873024696333 size: 0.0
308000 : 1.8232297015981431 size: 0.0
309000 : 1.7219319202399488 size: 0.0
310000 : 1.6590531712753465 size: 0.0
311000 : 1.7865949892072528 size: 0.0
312000 : 1.6072329067612228 size: 0.0
313000 : 1.7577101590295425 size: 0.0
314000 : 1.7315851344502275 size: 0.0
315000 : 1.6757107229073147 size: 0.0
316000 : 1.5943601773267924 size: 0.0
317000 : 1.6972374473505107 size: 0.0
318000 : 1.771974056126802 size: 0.0
319000 : 1.6800020340116435 size: 0.0
320000 : 1.739322977877847 size: 0.0
321000 : 1.6245331575594653 size: 0.0
322000 : 1.891263802505009 size: 0.0
323000 : 1.6354057287643613 size: 0.0
324000 : 1.7077553903293277 size: 0.0
325000 : 1.729054753708083 size: 0.0
326000 : 1.7700088103753928 size: 0.0
327000 : 1.6968152299426427 size: 0.0
328000 : 1.65395302576401 size: 0.0
329000 : 1.7310678106364321 size: 0.0
330000 : 1.678295278184481 size: 0.0
331000 : 1.6266432127029011 size: 0.0
332000 : 1.7753574708172262 size: 0.0
333000 : 1.723142850084674 size: 0.0
334000 : 1.6854688465346197 size: 0.0
335000 : 1.6618922608757898 size: 0.0
336000 : 1.7570127693802937 size: 0.0
337000 : 1.7176705341168703 size: 0.0
338000 : 1.7015058847622748 size: 0.0
339000 : 1.5243109556997672 size: 0.0
340000 : 1.7161711893666483 size: 0.0
341000 : 1.8008697212115168 size: 0.0
342000 : 1.7297507674961248 size: 0.0
343000 : 1.6668678909479018 size: 0.0
344000 : 1.757126277929863 size: 0.0
345000 : 1.7044825604834084 size: 0.0
346000 : 1.6215862348369312 size: 0.0
347000 : 1.716263028102209 size: 0.0
348000 : 1.8739573603313355 size: 0.0
349000 : 1.7353472549378515 size: 0.0
350000 : 1.7336748956408614 size: 0.0
351000 : 1.68901495681276 size: 0.0
352000 : 1.7496145916881283 size: 0.0
353000 : 1.6027135466618498 size: 0.0
354000 : 1.6518402188981605 size: 0.0
355000 : 1.5662164203916498 size: 0.0
356000 : 1.755489347058951 size: 0.0
357000 : 1.7176830888503831 size: 0.0
358000 : 1.6917341745055519 size: 0.0
359000 : 1.663240948823856 size: 0.0
360000 : 1.6861070741519715 size: 0.0
361000 : 1.7790475305741384 size: 0.0
362000 : 1.886699554933761 size: 0.0
363000 : 1.7617264698751416 size: 0.0
364000 : 1.8654192816292514 size: 0.0
365000 : 1.7901080788164274 size: 0.0
366000 : 1.797607726272602 size: 0.0
367000 : 1.7763032034143207 size: 0.0
368000 : 1.7683668920076054 size: 0.0
369000 : 1.5111087075062835 size: 0.0
370000 : 1.7613955752548816 size: 0.0
371000 : 1.7222137998047131 size: 0.0
372000 : 1.7094155388581063 size: 0.0
373000 : 1.8034245234900839 size: 0.0
374000 : 1.6534597795213355 size: 0.0
375000 : 1.748580803973792 size: 0.0
376000 : 1.8822137314513063 size: 0.0
377000 : 1.6404338135449863 size: 0.0
378000 : 1.735312514442377 size: 0.0
379000 : 1.7861619368923802 size: 0.0
380000 : 1.866189419939815 size: 0.0
381000 : 1.611088757793567 size: 0.0
382000 : 1.489477417611363 size: 0.0
383000 : 1.6055118763740388 size: 0.0
384000 : 1.6122374299186797 size: 0.0
385000 : 1.7177437987261377 size: 0.0
386000 : 1.6903641607087787 size: 0.0
387000 : 1.6134922153393747 size: 0.0
388000 : 1.7632842887266569 size: 0.0
389000 : 1.7083886304498044 size: 0.0
390000 : 1.6189891248262518 size: 0.0
391000 : 1.770976040803845 size: 0.0
392000 : 1.7152201253073769 size: 0.0
393000 : 1.7686284776195678 size: 0.0
394000 : 1.6132884158981022 size: 0.0
395000 : 1.7732032161325186 size: 0.0
396000 : 1.6467884005117162 size: 0.0
397000 : 1.71510713270576 size: 0.0
398000 : 1.7973826009826226 size: 0.0
399000 : 1.5971903238293907 size: 0.0
400000 : 1.8618668079930292 size: 0.0
401000 : 1.6965436693369302 size: 0.0
402000 : 1.6908458841138454 size: 0.0
403000 : 1.5699140473852002 size: 0.0
404000 : 1.5624601473141553 size: 0.0
405000 : 1.6383863600864645 size: 0.0
406000 : 1.7977478921330552 size: 0.0
407000 : 1.6735160522996544 size: 0.0
408000 : 1.6514197213168007 size: 0.0
409000 : 1.6663115270723605 size: 0.0
410000 : 1.7042779011288816 size: 0.0
411000 : 1.7271534855027946 size: 0.0
412000 : 1.6221438025910284 size: 0.0
413000 : 1.6494389971268137 size: 0.0
414000 : 1.755592020701516 size: 0.0
415000 : 1.7773222006206828 size: 0.0
416000 : 1.637800415194975 size: 0.0
417000 : 1.6793982029244643 size: 0.0
418000 : 1.530291824366172 size: 0.0
419000 : 1.667561840944133 size: 0.0
420000 : 1.7035320123720896 size: 0.0
421000 : 1.511410193093246 size: 0.0
422000 : 1.721743771219905 size: 0.0
423000 : 1.7530580283237034 size: 0.0
424000 : 1.7922126305150357 size: 0.0
425000 : 1.654261390657007 size: 0.0
426000 : 1.524970337183175 size: 0.0
427000 : 1.6515452686519307 size: 0.0
428000 : 1.7124236874043477 size: 0.0
429000 : 1.7396340944932578 size: 0.0
430000 : 1.7161285376692343 size: 0.0
431000 : 1.5833488161226503 size: 0.0
432000 : 1.8560035754598143 size: 0.0
433000 : 1.7981222983639835 size: 0.0
434000 : 1.6915369104050122 size: 0.0
435000 : 1.5560266203106794 size: 0.0
436000 : 1.5786103501260782 size: 0.0
437000 : 1.6845717850277193 size: 0.0
438000 : 1.652191579453873 size: 0.0
439000 : 1.7328435315065907 size: 0.0
440000 : 1.806055514082983 size: 0.0
441000 : 1.660081971492808 size: 0.0
442000 : 1.7273578008920196 size: 0.0
443000 : 1.6840259120938808 size: 0.0
444000 : 1.6102943699292316 size: 0.0
445000 : 1.7483408881758384 size: 0.0
446000 : 1.677244808153011 size: 0.0
447000 : 1.7223159574993256 size: 0.0
448000 : 1.6652318199902438 size: 0.0
449000 : 1.6576496208616551 size: 0.0
450000 : 1.6502566026490155 size: 0.0
451000 : 1.7110093020836519 size: 0.0
452000 : 1.7716742903663483 size: 0.0
453000 : 1.6381395649824764 size: 0.0
454000 : 1.678562367241271 size: 0.0
455000 : 1.7038807931880393 size: 0.0
456000 : 1.6779865693261824 size: 0.0
457000 : 1.6034936599661636 size: 0.0
458000 : 1.6152572732851798 size: 0.0
459000 : 1.732626317418551 size: 0.0
460000 : 1.7634619468049981 size: 0.0
461000 : 1.6967785976380088 size: 0.0
462000 : 1.743160254783898 size: 0.0
463000 : 1.7974390112921055 size: 0.0
464000 : 1.5307847266435448 size: 0.0
465000 : 1.8505995366044032 size: 0.0
466000 : 1.609451654940004 size: 0.0
467000 : 1.685543658987745 size: 0.0
468000 : 1.6449038146235615 size: 0.0
469000 : 1.68720105579411 size: 0.0
470000 : 1.6003099171333914 size: 0.0
471000 : 1.7534604677267225 size: 0.0
472000 : 1.7436971846198916 size: 0.0
473000 : 1.821046037880138 size: 0.0
474000 : 1.6643639955339902 size: 0.0
475000 : 1.7007243955967541 size: 0.0
476000 : 1.8050120953401985 size: 0.0
477000 : 1.5684033517800213 size: 0.0
478000 : 1.813989761697888 size: 0.0
479000 : 1.6437522187933842 size: 0.0
480000 : 1.7516161257788696 size: 0.0
481000 : 1.8439235140632106 size: 0.0
482000 : 1.842164131544884 size: 0.0
483000 : 1.7766696984433092 size: 0.0
484000 : 1.7925894445030761 size: 0.0
485000 : 1.5950460441384333 size: 0.0
486000 : 1.7679372793457502 size: 0.0
487000 : 1.7486164043825205 size: 0.0
488000 : 1.6459981402310015 size: 0.0
489000 : 1.635533855839254 size: 0.0
490000 : 1.7348178923384956 size: 0.0
491000 : 1.7910734174357203 size: 0.0
492000 : 1.6094246536638184 size: 0.0
493000 : 1.7679415789120219 size: 0.0
494000 : 1.7828822277404266 size: 0.0
495000 : 1.8443391961303461 size: 0.0
496000 : 1.7511213316923373 size: 0.0
497000 : 1.8973272228438283 size: 0.0
498000 : 1.6639324910629754 size: 0.0
499000 : 1.63965318429272 size: 0.0
500000 : 1.7842660001492687 size: 0.0
501000 : 1.4704471933280914 size: 0.0
502000 : 1.7256384903313442 size: 0.0
503000 : 1.8421331746677287 size: 0.0
504000 : 1.6960423399096651 size: 0.0
505000 : 1.564204395359206 size: 0.0
506000 : 1.6667438914566297 size: 0.0
507000 : 1.644503439012353 size: 0.0
508000 : 1.696362399622921 size: 0.0
509000 : 1.5956051597363883 size: 0.0
510000 : 1.8220571238845606 size: 0.0
511000 : 1.7943213097972646 size: 0.0
512000 : 1.7294573650937528 size: 0.0
513000 : 1.6461551603912394 size: 0.0
514000 : 1.7727933814755126 size: 0.0
515000 : 1.6701039165065363 size: 0.0
516000 : 1.6016869822188498 size: 0.0
517000 : 1.6081550777351492 size: 0.0
518000 : 1.6418585178247338 size: 0.0
519000 : 1.7304828976408477 size: 0.0
520000 : 1.712147483267062 size: 0.0
521000 : 1.8590698541420474 size: 0.0
522000 : 1.6356941436698582 size: 0.0
523000 : 1.597813244990816 size: 0.0
524000 : 1.5806808492598154 size: 0.0
525000 : 1.6797915272469874 size: 0.0
526000 : 1.5121934020852752 size: 0.0
527000 : 1.5988477206357556 size: 0.0
528000 : 1.619902696667635 size: 0.0
529000 : 1.688079543174717 size: 0.0
530000 : 1.7207428321918834 size: 0.0
531000 : 1.7447111943293787 size: 0.0
532000 : 1.687648210686353 size: 0.0
533000 : 1.658027122780299 size: 0.0
534000 : 1.6515027889371676 size: 0.0
535000 : 1.8081359882104706 size: 0.0
536000 : 1.611565149736457 size: 0.0
537000 : 1.740941334622466 size: 0.0
538000 : 1.683273487996356 size: 0.0
539000 : 1.6469392292965228 size: 0.0
540000 : 1.791195525117833 size: 0.0
541000 : 1.649531695775629 size: 0.0
542000 : 1.599035353707847 size: 0.0
543000 : 1.7052229457953727 size: 0.0
544000 : 1.7594096915853688 size: 0.0
545000 : 1.8704392832252859 size: 0.0
546000 : 1.557243053600232 size: 0.0
547000 : 1.865059837888948 size: 0.0
548000 : 1.7212966163276617 size: 0.0
549000 : 1.6864195666285893 size: 0.0
550000 : 1.471150946335422 size: 0.0
551000 : 1.5689110445653685 size: 0.0
552000 : 1.8536407058196103 size: 0.0
553000 : 1.6317113694411773 size: 0.0
554000 : 1.8765372720769284 size: 0.0
555000 : 1.6544356090823311 size: 0.0
556000 : 1.6058692563225316 size: 0.0
557000 : 1.7537862028674567 size: 0.0
558000 : 1.6383265101239644 size: 0.0
559000 : 1.678580941367564 size: 0.0
560000 : 1.6337044763820263 size: 0.0
561000 : 1.7532398139856655 size: 0.0
562000 : 1.778567870960882 size: 0.0
563000 : 1.7563817650342781 size: 0.0
564000 : 1.7313039428160668 size: 0.0
565000 : 1.7027888753377114 size: 0.0
566000 : 1.7235519968110766 size: 0.0
567000 : 1.6683182206426277 size: 0.0
568000 : 1.693945183465044 size: 0.0
569000 : 1.7079356281474318 size: 0.0
570000 : 1.8119407603955084 size: 0.0
571000 : 1.752918206428552 size: 0.0
572000 : 1.6638876035911 size: 0.0
573000 : 1.6484568042077363 size: 0.0
574000 : 1.5905356271369053 size: 0.0
575000 : 1.6514264286401845 size: 0.0
576000 : 1.6550992901320105 size: 0.0
577000 : 1.7519735057273627 size: 0.0
578000 : 1.7403098143284979 size: 0.0
579000 : 1.6112703714728782 size: 0.0
580000 : 1.7166761304295814 size: 0.0
581000 : 1.6735487290033184 size: 0.0
582000 : 1.5651296620208477 size: 0.0
583000 : 1.7862642665696438 size: 0.0
584000 : 1.6439572221132126 size: 0.0
585000 : 1.6601588477377436 size: 0.0
586000 : 1.6337187509420479 size: 0.0
587000 : 1.7037650488640086 size: 0.0
588000 : 1.5788421827394412 size: 0.0
589000 : 1.6981814601210967 size: 0.0
590000 : 1.733761918862198 size: 0.0
591000 : 1.662126501246265 size: 0.0
592000 : 1.7518503661493448 size: 0.0
593000 : 1.663186946271485 size: 0.0
594000 : 1.5182313689917668 size: 0.0
595000 : 1.7656402790608265 size: 0.0
596000 : 1.5966917461245396 size: 0.0
597000 : 1.6729590004935098 size: 0.0
598000 : 1.7354648910710415 size: 0.0
599000 : 1.7430605048463976 size: 0.0
600000 : 1.7018393591222978 size: 0.0
601000 : 1.7255862076054818 size: 0.0
602000 : 1.6073175222254474 size: 0.0
603000 : 1.5852755377602663 size: 0.0
604000 : 1.6664217679515636 size: 0.0
605000 : 1.780906147082013 size: 0.0
606000 : 1.707609377058745 size: 0.0
607000 : 1.7096367085471158 size: 0.0
608000 : 1.710201843537851 size: 0.0
609000 : 1.7522866861345838 size: 0.0
610000 : 1.6484690149759476 size: 0.0
611000 : 1.5311685919202707 size: 0.0
612000 : 1.8187562608665506 size: 0.0
613000 : 1.7709658938274442 size: 0.0
614000 : 1.6979121352898456 size: 0.0
615000 : 1.5543491015341635 size: 0.0
616000 : 1.6232155984712053 size: 0.0
617000 : 1.8674846212834628 size: 0.0
618000 : 1.5068026058939805 size: 0.0
619000 : 1.5683940647168748 size: 0.0
620000 : 1.7119746407029448 size: 0.0
621000 : 1.7821786467157468 size: 0.0
622000 : 1.720234623458584 size: 0.0
623000 : 1.5748645679902862 size: 0.0
624000 : 1.7170613715675143 size: 0.0
625000 : 1.526732987371868 size: 0.0
626000 : 1.777645184039003 size: 0.0
627000 : 1.6105163995314955 size: 0.0
628000 : 1.7233413180637696 size: 0.0
629000 : 1.673836455978212 size: 0.0
630000 : 1.501834199093205 size: 0.0
631000 : 1.8560544823244698 size: 0.0
632000 : 1.6261630371416922 size: 0.0
633000 : 1.775026748179617 size: 0.0
634000 : 1.6749297496897468 size: 0.0
635000 : 1.6484764102299347 size: 0.0
636000 : 1.7005219720166886 size: 0.0
637000 : 1.527172918992775 size: 0.0
638000 : 1.5949497338539502 size: 0.0
639000 : 1.562305018963077 size: 0.0
640000 : 1.6205261337770127 size: 0.0
641000 : 1.7282957942698254 size: 0.0
642000 : 1.7361153294566047 size: 0.0
643000 : 1.4708561680718433 size: 0.0
644000 : 1.7392211641485362 size: 0.0
645000 : 1.6824097911237228 size: 0.0
646000 : 1.6811904341291055 size: 0.0
647000 : 1.710336161988175 size: 0.0
648000 : 1.6837732695797631 size: 0.0
649000 : 1.8140324133953019 size: 0.0
650000 : 1.736183950534299 size: 0.0
651000 : 1.7104821752587573 size: 0.0
652000 : 1.57645196785775 size: 0.0
653000 : 1.667306274724951 size: 0.0
654000 : 1.7855835592375287 size: 0.0
655000 : 1.657846712979544 size: 0.0
656000 : 1.6927371773253836 size: 0.0
657000 : 1.7345164067515333 size: 0.0
658000 : 1.7921574240841087 size: 0.0
659000 : 1.7356265547628527 size: 0.0
660000 : 1.59883258616248 size: 0.0
661000 : 1.6778187142589402 size: 0.0
662000 : 1.7529954266387895 size: 0.0
663000 : 1.6361999446460458 size: 0.0
664000 : 1.7408739174233279 size: 0.0
665000 : 1.6747758252172245 size: 0.0
666000 : 1.6820254098990446 size: 0.0
667000 : 1.7711815600716263 size: 0.0
668000 : 1.7046815444104566 size: 0.0
669000 : 1.67332979508877 size: 0.0
670000 : 1.7029350605909448 size: 0.0
671000 : 1.6349453312080016 size: 0.0
672000 : 1.6644952182965984 size: 0.0
673000 : 1.681374283582878 size: 0.0
674000 : 1.6365927530206164 size: 0.0
675000 : 1.7724714299530973 size: 0.0
676000 : 1.6628983593833373 size: 0.0
677000 : 1.9593747796568106 size: 0.0
678000 : 1.715700128885935 size: 0.0
679000 : 1.7881975235479926 size: 0.0
680000 : 1.7561292945028115 size: 0.0
681000 : 1.5252723387180902 size: 0.0
682000 : 1.5736847670053673 size: 0.0
683000 : 1.6013490363099043 size: 0.0
684000 : 1.8496133880843557 size: 0.0
685000 : 1.6717417072907028 size: 0.0
686000 : 1.66188434967385 size: 0.0
687000 : 1.6283838491122837 size: 0.0
688000 : 1.7719946940449056 size: 0.0
689000 : 1.647486994039521 size: 0.0
690000 : 1.7250755911150701 size: 0.0
691000 : 1.6168228313559838 size: 0.0
692000 : 1.6865525092177063 size: 0.0
693000 : 1.6979515193168933 size: 0.0
694000 : 1.622314581363335 size: 0.0
695000 : 1.6965097887547103 size: 0.0
696000 : 1.4684270851110568 size: 0.0
697000 : 1.6682122793296963 size: 0.0
698000 : 1.6128383373007944 size: 0.0
699000 : 1.5476701552879064 size: 0.0
700000 : 1.7673791956437004 size: 0.0
701000 : 1.7345470196633868 size: 0.0
702000 : 1.6186697530435996 size: 0.0
703000 : 1.6816317416112196 size: 0.0
704000 : 1.7524813704953606 size: 0.0
705000 : 1.6605679944641463 size: 0.0
706000 : 1.6254341746673355 size: 0.0
707000 : 1.7708881576692543 size: 0.0
708000 : 1.6904006210307616 size: 0.0
709000 : 1.6383571230358178 size: 0.0
710000 : 1.656535173284064 size: 0.0
711000 : 1.6809494864352468 size: 0.0
712000 : 1.6173988012537235 size: 0.0
713000 : 1.6908446802352894 size: 0.0
714000 : 1.7888555291701935 size: 0.0
715000 : 1.5735389257174357 size: 0.0
716000 : 1.6653002690852872 size: 0.0
717000 : 1.736349225861778 size: 0.0
718000 : 1.6968965777365006 size: 0.0
719000 : 1.6802796140101361 size: 0.0
720000 : 1.660233660190869 size: 0.0
721000 : 1.762071983020725 size: 0.0
722000 : 1.5688819794973725 size: 0.0
723000 : 1.5967890883049278 size: 0.0
724000 : 1.5928792347202128 size: 0.0
725000 : 1.7066074061348184 size: 0.0
726000 : 1.5418992774382048 size: 0.0
727000 : 1.7470861027551432 size: 0.0
728000 : 1.74056142494671 size: 0.0
729000 : 1.7591070021198503 size: 0.0
730000 : 1.7516849188392147 size: 0.0
731000 : 1.6802216558567953 size: 0.0
732000 : 1.6479135110136607 size: 0.0
733000 : 1.6307983135477466 size: 0.0
734000 : 1.589341379609314 size: 0.0
735000 : 1.7768346298054867 size: 0.0
736000 : 1.6329754419250189 size: 0.0
737000 : 1.7172672348005968 size: 0.0
738000 : 1.7927980594585726 size: 0.0
739000 : 1.7611518758386089 size: 0.0
740000 : 1.725209737582743 size: 0.0
741000 : 1.521413907945983 size: 0.0
742000 : 1.6069496513352517 size: 0.0
743000 : 1.583538512986552 size: 0.0
744000 : 1.7545415506700461 size: 0.0
745000 : 1.6308972035719926 size: 0.0
746000 : 1.7295815365676757 size: 0.0
747000 : 1.6913198682996233 size: 0.0
748000 : 1.552326413577366 size: 0.0
749000 : 1.6760887407739111 size: 0.0
750000 : 1.566527021059108 size: 0.0
751000 : 1.71241818395952 size: 0.0
752000 : 1.7979221105583791 size: 0.0
753000 : 1.7187861855730173 size: 0.0
754000 : 1.720856340741453 size: 0.0
755000 : 1.6658542252037163 size: 0.0
756000 : 1.7327197039979694 size: 0.0
757000 : 1.69468986834328 size: 0.0
758000 : 1.6145530043298966 size: 0.0
759000 : 1.6254936806645341 size: 0.0
760000 : 1.618723067665367 size: 0.0
761000 : 1.5340895452625247 size: 0.0
762000 : 1.633742656530518 size: 0.0
763000 : 1.628325546993641 size: 0.0
764000 : 1.852658168935231 size: 0.0
765000 : 1.6337466121314876 size: 0.0
766000 : 1.5689342622232347 size: 0.0
767000 : 1.6684537429715076 size: 0.0
768000 : 1.622586657917 size: 0.0
769000 : 1.7725316238808992 size: 0.0
770000 : 1.58226842110993 size: 0.0
771000 : 1.7543919257637954 size: 0.0
772000 : 1.8597526252659726 size: 0.0
773000 : 1.721935531875617 size: 0.0
774000 : 1.7559292786798582 size: 0.0
775000 : 1.6924212451957488 size: 0.0
776000 : 1.7278274855115259 size: 0.0
777000 : 1.6359216767169498 size: 0.0
778000 : 1.76774586265534 size: 0.0
779000 : 1.6586971671880606 size: 0.0
780000 : 1.5783575356293098 size: 0.0
781000 : 1.6152252845121193 size: 0.0
782000 : 1.6923763577238735 size: 0.0
783000 : 1.6519891558738076 size: 0.0
784000 : 1.6959116330950095 size: 0.0
785000 : 1.6835526158387062 size: 0.0
786000 : 1.7356043690008913 size: 0.0
787000 : 1.565910463255765 size: 0.0
788000 : 1.6462991098700115 size: 0.0
789000 : 1.5795203103317934 size: 0.0
790000 : 1.698569796946745 size: 0.0
791000 : 1.6906076881424004 size: 0.0
792000 : 1.7907777792588873 size: 0.0
793000 : 1.6728150510147377 size: 0.0
794000 : 1.563605035820949 size: 0.0
795000 : 1.7254161167637785 size: 0.0
796000 : 1.6741049208962087 size: 0.0
797000 : 1.6831383096327777 size: 0.0
798000 : 1.7666855896127707 size: 0.0
799000 : 1.6368017119414147 size: 0.0
800000 : 1.5824937183825605 size: 0.0
801000 : 1.665908399738738 size: 0.0
802000 : 1.7131826468426052 size: 0.0
803000 : 1.7111365692452905 size: 0.0
804000 : 1.525690084577036 size: 0.0
805000 : 1.7312826169673599 size: 0.0
806000 : 1.629942871842355 size: 0.0
807000 : 1.6226459919315477 size: 0.0
808000 : 1.607081046080511 size: 0.0
809000 : 1.677047888017773 size: 0.0
810000 : 1.6333192352440937 size: 0.0
811000 : 1.6018964570876006 size: 0.0
812000 : 1.5824916545907501 size: 0.0
813000 : 1.6143853212453054 size: 0.0
814000 : 1.6146711564110392 size: 0.0
815000 : 1.6614574887344087 size: 0.0
816000 : 1.6851128424473336 size: 0.0
817000 : 1.6967428252466294 size: 0.0
818000 : 1.6494534436694863 size: 0.0
819000 : 1.6102109583435633 size: 0.0
820000 : 1.6412797962045804 size: 0.0
821000 : 1.6821170766519544 size: 0.0
822000 : 1.5997740191933028 size: 0.0
823000 : 1.6664709549897103 size: 0.0
824000 : 1.7603473409978727 size: 0.0
825000 : 1.6505510369472927 size: 0.0
826000 : 1.645730535226259 size: 0.0
827000 : 1.762227627319756 size: 0.0
828000 : 1.7543695680191833 size: 0.0
829000 : 1.6851446592377433 size: 0.0
830000 : 1.7459616801838023 size: 0.0
831000 : 1.4853952374104833 size: 0.0
832000 : 1.7893362206793553 size: 0.0
833000 : 1.5681015222277572 size: 0.0
834000 : 1.7785408696846967 size: 0.0
835000 : 1.844098592401789 size: 0.0
836000 : 1.7523510076460065 size: 0.0
837000 : 1.7854611075901143 size: 0.0
838000 : 1.6316711255008753 size: 0.0
839000 : 1.563058302973856 size: 0.0
840000 : 1.7551273235788847 size: 0.0
841000 : 1.7231609082630146 size: 0.0
842000 : 1.691758768024625 size: 0.0
843000 : 1.6652710320346404 size: 0.0
844000 : 1.4935448073042683 size: 0.0
845000 : 1.774330734391575 size: 0.0
846000 : 1.7727017147226025 size: 0.0
847000 : 1.7012339801912608 size: 0.0
848000 : 1.622096507362041 size: 0.0
849000 : 1.8011172042461083 size: 0.0
850000 : 1.6254589401690598 size: 0.0
851000 : 1.568784809299635 size: 0.0
852000 : 1.6723617047470634 size: 0.0
853000 : 1.7016321200280082 size: 0.0
854000 : 1.7617672297633962 size: 0.0
855000 : 1.7718307945786334 size: 0.0
856000 : 1.568017766676787 size: 0.0
857000 : 1.6572884572948432 size: 0.0
858000 : 1.5685215038611642 size: 0.0
859000 : 1.6390283713221354 size: 0.0
860000 : 1.6886371109288143 size: 0.0
861000 : 1.6796434501845947 size: 0.0
862000 : 1.650497034394922 size: 0.0
863000 : 1.7341521474970059 size: 0.0
864000 : 1.6850505847277213 size: 0.0
865000 : 1.6096998259051989 size: 0.0
866000 : 1.64092688780501 size: 0.0
867000 : 1.6161392003188042 size: 0.0
868000 : 1.5992704539915765 size: 0.0
869000 : 1.5557765575363247 size: 0.0
870000 : 1.6813383392088477 size: 0.0
871000 : 1.7608400712925947 size: 0.0
872000 : 1.7672660310594326 size: 0.0
873000 : 1.7021778209791958 size: 0.0
874000 : 1.669575241837784 size: 0.0
875000 : 1.7654167016147049 size: 0.0
876000 : 1.6712985079994294 size: 0.0
877000 : 1.7449815510565352 size: 0.0
878000 : 1.669680495220112 size: 0.0
879000 : 1.6803157303668173 size: 0.0
880000 : 1.7759389441597933 size: 0.0
881000 : 1.6297180905176774 size: 0.0
882000 : 1.7560089066472075 size: 0.0
883000 : 1.7247765132852197 size: 0.0
884000 : 1.5397537938686912 size: 0.0
885000 : 1.708964600347544 size: 0.0
886000 : 1.7599920248411902 size: 0.0
887000 : 1.5945882263218365 size: 0.0
888000 : 1.682148893442364 size: 0.0
889000 : 1.786040689123522 size: 0.0
890000 : 1.8030889853382506 size: 0.0
891000 : 1.7727355953048225 size: 0.0
892000 : 1.6879904561615702 size: 0.0
893000 : 1.5907017623776387 size: 0.0
894000 : 1.6463992037728137 size: 0.0
895000 : 1.7653019891865793 size: 0.0
896000 : 1.525076794444059 size: 0.0
897000 : 1.6602355520000285 size: 0.0
898000 : 1.6985255974054732 size: 0.0
899000 : 1.6917754503417588 size: 0.0
900000 : 1.7113355531723387 size: 0.0
901000 : 1.6633001108557528 size: 0.0
902000 : 1.8263773280742344 size: 0.0
903000 : 1.7154906540171841 size: 0.0
904000 : 1.7082292025324546 size: 0.0
905000 : 1.674979796641148 size: 0.0
906000 : 1.693295776975386 size: 0.0
907000 : 1.562034318270619 size: 0.0
908000 : 1.7246041866690551 size: 0.0
909000 : 1.6802866652988215 size: 0.0
910000 : 1.7969786137357457 size: 0.0
911000 : 1.5756465731037594 size: 0.0
912000 : 1.6726298256997585 size: 0.0
913000 : 1.7682638743997388 size: 0.0
914000 : 1.6000775685720756 size: 0.0
915000 : 1.637414314143788 size: 0.0
916000 : 1.7433284538164417 size: 0.0
917000 : 1.6716232112442584 size: 0.0
918000 : 1.63319093618655 size: 0.0
919000 : 1.6462107107874682 size: 0.0
920000 : 1.5890323267857136 size: 0.0
921000 : 1.7621693252011132 size: 0.0
922000 : 1.5933293133175208 size: 0.0
923000 : 1.7455669800000722 size: 0.0
924000 : 1.7669354804044743 size: 0.0
925000 : 1.661871966922988 size: 0.0
926000 : 1.695648843604491 size: 0.0
927000 : 1.6862811205946446 size: 0.0
928000 : 1.805861173687508 size: 0.0
929000 : 1.8057015737875075 size: 0.0
930000 : 1.6246157092318796 size: 0.0
931000 : 1.770548835899102 size: 0.0
932000 : 1.717627022506202 size: 0.0
933000 : 1.6678944553909019 size: 0.0
934000 : 1.6262655388016065 size: 0.0
935000 : 1.5452316132813226 size: 0.0
936000 : 1.6823504571091752 size: 0.0
937000 : 1.7715984460173178 size: 0.0
938000 : 1.6149294743526352 size: 0.0
939000 : 1.669615313795435 size: 0.0
940000 : 1.6702642043371405 size: 0.0
941000 : 1.6280030795232734 size: 0.0
942000 : 1.6622121486063945 size: 0.0
943000 : 1.7636636824544603 size: 0.0
944000 : 1.6355794312417327 size: 0.0
945000 : 1.560799482837424 size: 0.0
946000 : 1.5914252933898188 size: 0.0
947000 : 1.6809004713797508 size: 0.0
948000 : 1.6595730748289048 size: 0.0
949000 : 1.6606018750463662 size: 0.0
950000 : 1.677344042142559 size: 0.0
951000 : 1.587281715382581 size: 0.0
952000 : 1.559099606316296 size: 0.0
953000 : 1.7997705800898527 size: 0.0
954000 : 1.5821690151377314 size: 0.0
955000 : 1.6074791859172584 size: 0.0
956000 : 1.5716963035960916 size: 0.0
957000 : 1.6061172553050758 size: 0.0
958000 : 1.6307333041057204 size: 0.0
959000 : 1.6238789355555832 size: 0.0
960000 : 1.5690690966215113 size: 0.0
961000 : 1.7127160579108145 size: 0.0
962000 : 1.6409848459583507 size: 0.0
963000 : 1.5148182013027436 size: 0.0
964000 : 1.8281468575689617 size: 0.0
965000 : 1.6851618575028295 size: 0.0
966000 : 1.6470637447357477 size: 0.0
967000 : 1.7417241996491934 size: 0.0
968000 : 1.6684423921165508 size: 0.0
969000 : 1.6436089572452155 size: 0.0
970000 : 1.7205481478311067 size: 0.0
971000 : 1.6369346545305317 size: 0.0
972000 : 1.6464733282953357 size: 0.0
973000 : 1.707292241050554 size: 0.0
974000 : 1.679829535412828 size: 0.0
975000 : 1.3559548170043771 size: 0.0
976000 : 1.6657111356381984 size: 0.0
977000 : 1.645874828670333 size: 0.0
978000 : 1.6433805642848698 size: 0.0
979000 : 1.4881868597992884 size: 0.0
980000 : 1.4736725559623725 size: 0.0
981000 : 1.59041093971503 size: 0.0
982000 : 1.6887958509155607 size: 0.0
983000 : 1.6277070973811385 size: 0.0
984000 : 1.5681648118432747 size: 0.0
985000 : 1.71894819323013 size: 0.0
986000 : 1.8222492285055742 size: 0.0
987000 : 1.647592247421849 size: 0.0
988000 : 1.7363653922309592 size: 0.0
989000 : 1.6924105822713953 size: 0.0
990000 : 1.7301253457097039 size: 0.0
991000 : 1.4073943979208159 size: 0.0
992000 : 1.7338714718107977 size: 0.0
993000 : 1.7287890405125 size: 0.0
994000 : 1.6177556652542637 size: 0.0
995000 : 1.7551008382506519 size: 0.0
996000 : 1.7467048172181805 size: 0.0
997000 : 1.541770978380661 size: 0.0
998000 : 1.5942986075377836 size: 0.0
999000 : 1.6017265382285484 size: 0.0
1000000 : 1.669970285986816 size: 0.0
1001000 : 1.7301308491545315 size: 0.0
1002000 : 1.597558710667539 size: 0.0
1003000 : 1.6852932522480888 size: 0.0
1004000 : 1.8733306555515914 size: 0.0
1005000 : 1.5615553465879661 size: 0.0
1006000 : 1.7104271408104814 size: 0.0
1007000 : 1.7180817446350831 size: 0.0
1008000 : 1.6862348572615626 size: 0.0
1009000 : 1.6759231214811303 size: 0.0
1010000 : 1.6385122513868962 size: 0.0
1011000 : 1.6062945694181154 size: 0.0
1012000 : 1.678900657115518 size: 0.0
1013000 : 1.6311783952061534 size: 0.0
1014000 : 1.4858967388203992 size: 0.0
1015000 : 1.5754876611343622 size: 0.0
1016000 : 1.5144842109947678 size: 0.0
1017000 : 1.8776219666559202 size: 0.0
1018000 : 1.8772582233493453 size: 0.0
1019000 : 1.4507794293580716 size: 0.0
1020000 : 1.698428255225085 size: 0.0
1021000 : 1.634009573604657 size: 0.0
1022000 : 1.630983366880075 size: 0.0
1023000 : 1.7035198016038784 size: 0.0
1024000 : 1.6145597116532802 size: 0.0
1025000 : 1.6588548752789019 size: 0.0
1026000 : 1.7879980236729918 size: 0.0
1027000 : 1.7085186493338567 size: 0.0
1028000 : 1.697802582341246 size: 0.0
1029000 : 1.7405799990730033 size: 0.0
1030000 : 1.7708121413375728 size: 0.0
1031000 : 1.733884714474914 size: 0.0
1032000 : 1.6199654703352 size: 0.0
1033000 : 1.614960087264489 size: 0.0
1034000 : 1.6557923802149876 size: 0.0
1035000 : 1.615945203888631 size: 0.0
1036000 : 1.6727754950050393 size: 0.0
1037000 : 1.6055215074024871 size: 0.0
1038000 : 1.6728162548932937 size: 0.0
1039000 : 1.5560782151059382 size: 0.0
1040000 : 1.5441371156912316 size: 0.0
1041000 : 1.6757489030558064 size: 0.0
1042000 : 1.6897623934134096 size: 0.0
1043000 : 1.6553603597960203 size: 0.0
1044000 : 1.6878248368687894 size: 0.0
1045000 : 1.552460560045039 size: 0.0
1046000 : 1.5984569760529954 size: 0.0
1047000 : 1.7365310115237402 size: 0.0
1048000 : 1.6112024383257872 size: 0.0
1049000 : 1.7222798411426443 size: 0.0
1050000 : 1.61522941209574 size: 0.0
1051000 : 1.7817983930746892 size: 0.0
1052000 : 1.682253114928787 size: 0.0
1053000 : 1.6255927426714312 size: 0.0
1054000 : 1.6888063418572634 size: 0.0
1055000 : 1.7807752682847062 size: 0.0
1056000 : 1.8031039478288755 size: 0.0
1057000 : 1.6872163622500367 size: 0.0
1058000 : 1.6816604627139136 size: 0.0
1059000 : 1.489221507426879 size: 0.0
1060000 : 1.5930928371725845 size: 0.0
1061000 : 1.8227529656899515 size: 0.0
1062000 : 1.6257136464749877 size: 0.0
1063000 : 1.5963329903148398 size: 0.0
1064000 : 1.6458550506654839 size: 0.0
1065000 : 1.4947973569505022 size: 0.0
1066000 : 1.6342405463047658 size: 0.0
1067000 : 1.6034542759391162 size: 0.0
1068000 : 1.6373329663499299 size: 0.0
1069000 : 1.6771412745971916 size: 0.0
1070000 : 1.6072373783101452 size: 0.0
1071000 : 1.8032131568121734 size: 0.0
1072000 : 1.7105083166216886 size: 0.0
1073000 : 1.776990962035121 size: 0.0
1074000 : 1.7815545216757658 size: 0.0
1075000 : 1.7539889704128238 size: 0.0
1076000 : 1.6549902531313636 size: 0.0
1077000 : 1.6740153179351092 size: 0.0
1078000 : 1.6192390156179555 size: 0.0
1079000 : 1.6099651951354803 size: 0.0
1080000 : 1.7779526890187458 size: 0.0
1081000 : 1.745961852166453 size: 0.0
1082000 : 1.5464241409824053 size: 0.0
1083000 : 1.6440616155822865 size: 0.0
1084000 : 1.6275007182001031 size: 0.0
1085000 : 1.7078035454715692 size: 0.0
1086000 : 1.8093078779934497 size: 0.0
1087000 : 1.6959554886709793 size: 0.0
1088000 : 1.663803676057479 size: 0.0
1089000 : 1.712813228108552 size: 0.0
1090000 : 1.5555086085662806 size: 0.0
1091000 : 1.75090256976044 size: 0.0
1092000 : 1.6662893413103992 size: 0.0
1093000 : 1.6869888292029451 size: 0.0
1094000 : 1.7446640710830423 size: 0.0
1095000 : 1.520525273588975 size: 0.0
1096000 : 1.7096625059447452 size: 0.0
1097000 : 1.5920373796442393 size: 0.0
1098000 : 1.555515487872315 size: 0.0
1099000 : 1.741618258336262 size: 0.0
1100000 : 1.5814748931588491 size: 0.0
1101000 : 1.6786423391739222 size: 0.0
1102000 : 1.607265411482236 size: 0.0
1103000 : 1.659184394037955 size: 0.0
1104000 : 1.8029998983251037 size: 0.0
1105000 : 1.555236016064663 size: 0.0
1106000 : 1.7129788474013328 size: 0.0
1107000 : 1.4809610087232876 size: 0.0
1108000 : 1.7196505703762537 size: 0.0
1109000 : 1.6672703303509206 size: 0.0
1110000 : 1.7941630857584707 size: 0.0
1111000 : 1.749805664413237 size: 0.0
1112000 : 1.5944287984044867 size: 0.0
1113000 : 1.6091009823148947 size: 0.0
1114000 : 1.8196624374539467 size: 0.0
1115000 : 1.552959481715192 size: 0.0
1116000 : 1.5335873559220052 size: 0.0
1117000 : 1.5431231059817445 size: 0.0
1118000 : 1.7376659250367839 size: 0.0
1119000 : 1.5562796067900986 size: 0.0
1120000 : 1.6123093186667403 size: 0.0
1121000 : 1.6219931457888725 size: 0.0
1122000 : 1.452410856784156 size: 0.0
1123000 : 1.719839579309552 size: 0.0
1124000 : 1.8184924394801272 size: 0.0
1125000 : 1.6940026256704321 size: 0.0
1126000 : 1.7152854787147047 size: 0.0
1127000 : 1.7856033372423779 size: 0.0
1128000 : 1.6802562243696189 size: 0.0
1129000 : 1.7453982650195756 size: 0.0
1130000 : 1.6098033594610184 size: 0.0
1131000 : 1.6918088149760262 size: 0.0
1132000 : 1.4706613117284155 size: 0.0
1133000 : 1.4880405025634043 size: 0.0
1134000 : 1.6810048648488245 size: 0.0
1135000 : 1.680930568343652 size: 0.0
1136000 : 1.4419200010728501 size: 0.0
1137000 : 1.5524615919409441 size: 0.0
1138000 : 1.7277478575441765 size: 0.0
1139000 : 1.5701028843358475 size: 0.0
1140000 : 1.8189033060330384 size: 0.0
1141000 : 1.902801946568744 size: 0.0
1142000 : 1.6453255160834772 size: 0.0
1143000 : 1.6486320545289654 size: 0.0
1144000 : 1.579336460878021 size: 0.0
1145000 : 1.6546459438643362 size: 0.0
1146000 : 1.7525135312510718 size: 0.0
1147000 : 1.6490155758403897 size: 0.0
1148000 : 1.8447973579122445 size: 0.0
1149000 : 1.6566350952042155 size: 0.0
1150000 : 1.6448890241155874 size: 0.0
1151000 : 1.6777215440612028 size: 0.0
1152000 : 1.6807646050855694 size: 0.0
1153000 : 1.732780413873724 size: 0.0
1154000 : 1.7351038994868806 size: 0.0
1155000 : 1.6986294749265944 size: 0.0
1156000 : 1.6880435988006868 size: 0.0
1157000 : 1.6661378245949892 size: 0.0
1158000 : 1.6500670777677648 size: 0.0
1159000 : 1.5928248882025402 size: 0.0
1160000 : 1.8711330612388664 size: 0.0
1161000 : 1.6200980689590152 size: 0.0
1162000 : 1.4850970194938873 size: 0.0
1163000 : 1.620538516527875 size: 0.0
1164000 : 1.5556759476855702 size: 0.0
1165000 : 1.522812986810752 size: 0.0
1166000 : 1.7460490473704406 size: 0.0
1167000 : 1.566568640860617 size: 0.0
1168000 : 1.69359554273584 size: 0.0
1169000 : 1.7662533972111525 size: 0.0
1170000 : 1.8135355555169592 size: 0.0
1171000 : 1.8332635134147812 size: 0.0
1172000 : 1.6699807769285187 size: 0.0
1173000 : 1.659038724732674 size: 0.0
1174000 : 1.7116736710639349 size: 0.0
1175000 : 1.6024155007279046 size: 0.0
1176000 : 1.6824870113339603 size: 0.0
1177000 : 1.4938327062618126 size: 0.0
1178000 : 1.7107456526798792 size: 0.0
1179000 : 1.6873708026705114 size: 0.0
1180000 : 1.5798544726224197 size: 0.0
1181000 : 1.6302120246909553 size: 0.0
1182000 : 1.622114049592429 size: 0.0
1183000 : 1.6583774514401066 size: 0.0
1184000 : 1.6670826972788293 size: 0.0
1185000 : 1.6963015177645153 size: 0.0
1186000 : 1.6396129403524182 size: 0.0
1187000 : 1.5878494301130792 size: 0.0
1188000 : 1.5415807655688067 size: 0.0
1189000 : 1.7533827315685324 size: 0.0
1190000 : 1.7239131603778886 size: 0.0
1191000 : 1.5459013137237823 size: 0.0
1192000 : 1.7042985390469851 size: 0.0
1193000 : 1.7239319064868326 size: 0.0
1194000 : 1.5865562925612418 size: 0.0
1195000 : 1.7671281009734408 size: 0.0
1196000 : 1.7060885344771652 size: 0.0
1197000 : 1.8145234238635153 size: 0.0
1198000 : 1.5918432112314154 size: 0.0
1199000 : 1.8018543218877063 size: 0.0
1200000 : 1.8190150947560992 size: 0.0
1201000 : 1.588730841198751 size: 0.0
1202000 : 1.7114700436053134 size: 0.0
1203000 : 1.6525123270977322 size: 0.0
1204000 : 1.6570767466516312 size: 0.0
1205000 : 1.554505261781147 size: 0.0
1206000 : 1.6309709841292128 size: 0.0
1207000 : 1.7713203500708725 size: 0.0
1208000 : 1.5859474739771873 size: 0.0
1209000 : 1.7291784092340534 size: 0.0
1210000 : 1.7233390822893084 size: 0.0
1211000 : 1.669260857552007 size: 0.0
1212000 : 1.6516603250453579 size: 0.0
1213000 : 1.7052599220653082 size: 0.0
1214000 : 1.6066706954755523 size: 0.0
1215000 : 1.5586787647696347 size: 0.0
1216000 : 1.6781133205398682 size: 0.0
1217000 : 1.7139507213613585 size: 0.0
1218000 : 1.7308664189522718 size: 0.0
1219000 : 1.7219766357291733 size: 0.0
1220000 : 1.8168193922525337 size: 0.0
1221000 : 1.8611494683562804 size: 0.0
1222000 : 1.7818219546978573 size: 0.0
1223000 : 1.5888128769232126 size: 0.0
1224000 : 1.6924248568314169 size: 0.0
1225000 : 1.840503295085502 size: 0.0
1226000 : 1.6406921314865823 size: 0.0
1227000 : 1.7794778311665973 size: 0.0
1228000 : 1.675419556279404 size: 0.0
1229000 : 1.6789357415762942 size: 0.0
1230000 : 1.6841100116101526 size: 0.0
1231000 : 1.6726165830356419 size: 0.0
1232000 : 1.6416041554841077 size: 0.0
1233000 : 1.7512112786187386 size: 0.0
1234000 : 1.7168993639104013 size: 0.0
1235000 : 1.6439073471444625 size: 0.0
1236000 : 1.6017944713756391 size: 0.0
1237000 : 1.6633678720201928 size: 0.0
1238000 : 1.7052418638869675 size: 0.0
1239000 : 1.816941843899948 size: 0.0
1240000 : 1.8041158937465525 size: 0.0
1241000 : 1.7337885761730818 size: 0.0
1242000 : 1.800886919476603 size: 0.0
1243000 : 1.7187318390553445 size: 0.0
1244000 : 1.6506930946169054 size: 0.0
1245000 : 1.5802369620379386 size: 0.0
1246000 : 1.5081574852174777 size: 0.0
1247000 : 1.6513359657658306 size: 0.0
1248000 : 1.6840095737420486 size: 0.0
1249000 : 1.5869277750871054 size: 0.0
1250000 : 1.7407184451069477 size: 0.0
1251000 : 1.72976177438578 size: 0.0
1252000 : 1.653107043104416 size: 0.0
1253000 : 1.6840111215859066 size: 0.0
1254000 : 1.6876317003518704 size: 0.0
1255000 : 1.7447842869559955 size: 0.0
1256000 : 1.7179936895178414 size: 0.0
1257000 : 1.6587343154406469 size: 0.0
1258000 : 1.5965065208095603 size: 0.0
1259000 : 1.8270255306853362 size: 0.0
1260000 : 1.7113806126268647 size: 0.0
1261000 : 1.674023229137049 size: 0.0
1262000 : 1.7955353353297052 size: 0.0
1263000 : 1.790544914749619 size: 0.0
1264000 : 1.6884604847463782 size: 0.0
1265000 : 1.8357361079862358 size: 0.0
1266000 : 1.6493488782177617 size: 0.0
1267000 : 1.7759198540855474 size: 0.0
1268000 : 1.6503272875185202 size: 0.0
1269000 : 1.5754577361531121 size: 0.0
1270000 : 1.5853594652938874 size: 0.0
1271000 : 1.7504497394407181 size: 0.0
1272000 : 1.6626323022224525 size: 0.0
1273000 : 1.666684729424733 size: 0.0
1274000 : 1.719456057998128 size: 0.0
1275000 : 1.6121837713316105 size: 0.0
1276000 : 1.5671404831747358 size: 0.0
1277000 : 1.5161254414319516 size: 0.0
1278000 : 1.7762264991520358 size: 0.0
1279000 : 1.642941492577217 size: 0.0
1280000 : 1.7955547693692526 size: 0.0
1281000 : 1.6461400259179635 size: 0.0
1282000 : 1.7649461570819442 size: 0.0
1283000 : 1.6257762481599016 size: 0.0
1284000 : 1.7872640017191093 size: 0.0
1285000 : 1.65329123652349 size: 0.0
1286000 : 1.6254099251135639 size: 0.0
1287000 : 1.7284674329553864 size: 0.0
1288000 : 1.5933535628712925 size: 0.0
1289000 : 1.5491722517605422 size: 0.0
1290000 : 1.6991839469929761 size: 0.0
1291000 : 1.6635264400242882 size: 0.0
1292000 : 1.6429721054890705 size: 0.0
1293000 : 1.5932171806291582 size: 0.0
1294000 : 1.6572217280263086 size: 0.0
1295000 : 1.6766239507833962 size: 0.0
1296000 : 1.6842157809404332 size: 0.0
1297000 : 1.5943302523455423 size: 0.0
1298000 : 1.6573317969228607 size: 0.0
1299000 : 1.7055915046161718 size: 0.0
1300000 : 1.8022877181678807 size: 0.0
1301000 : 1.7567862682291073 size: 0.0
1302000 : 1.6810454527544283 size: 0.0
1303000 : 1.7944244993877823 size: 0.0
1304000 : 1.7352239433771828 size: 0.0
1305000 : 1.578967730074571 size: 0.0
1306000 : 1.7141760186339887 size: 0.0
1307000 : 1.6049512129322259 size: 0.0
1308000 : 1.4905629721036089 size: 0.0
1309000 : 1.7171814154578164 size: 0.0
1310000 : 1.6779937925975186 size: 0.0
1311000 : 1.7360852324927036 size: 0.0
1312000 : 1.5552143462506542 size: 0.0
1313000 : 1.609088255598731 size: 0.0
1314000 : 1.78934120817623 size: 0.0
1315000 : 1.578690838006682 size: 0.0
1316000 : 1.5491682961595723 size: 0.0
1317000 : 1.5670565556411147 size: 0.0
1318000 : 1.7075901150018484 size: 0.0
1319000 : 1.6181869977426278 size: 0.0
1320000 : 1.5611582386471239 size: 0.0
1321000 : 1.7080966039086394 size: 0.0
1322000 : 1.6355759915887154 size: 0.0
1323000 : 1.7012515224216487 size: 0.0
1324000 : 1.7601457773310616 size: 0.0
1325000 : 1.6959750946931778 size: 0.0
1326000 : 1.7767826910449263 size: 0.0
1327000 : 1.4987084144137732 size: 0.0
1328000 : 1.7037729600659484 size: 0.0
1329000 : 1.829257177562932 size: 0.0
1330000 : 1.6450032205957603 size: 0.0
1331000 : 1.4734319522338155 size: 0.0
1332000 : 1.6341739890188818 size: 0.0
1333000 : 1.806800198961219 size: 0.0
1334000 : 1.7924700885433773 size: 0.0
1335000 : 1.5002622776643189 size: 0.0
1336000 : 1.5556412071900958 size: 0.0
1337000 : 1.665235431625912 size: 0.0
1338000 : 1.7541081543898718 size: 0.0
1339000 : 1.617527272293918 size: 0.0
1340000 : 1.6313766912025982 size: 0.0
1341000 : 1.7336838387387064 size: 0.0
1342000 : 1.7218105004884399 size: 0.0
1343000 : 1.5984669510467455 size: 0.0
1344000 : 1.7532991480002131 size: 0.0
1345000 : 1.5173124656882069 size: 0.0
1346000 : 1.6329379497071308 size: 0.0
1347000 : 1.6645966880606076 size: 0.0
1348000 : 1.505855497435679 size: 0.0
1349000 : 1.6175492860732283 size: 0.0
1350000 : 1.7992131843184063 size: 0.0
1351000 : 1.6289063324056048 size: 0.0
1352000 : 1.5819471575181183 size: 0.0
1353000 : 1.6426539375849742 size: 0.0
1354000 : 1.6777404621527976 size: 0.0
1355000 : 1.6750382707424412 size: 0.0
1356000 : 1.6789563794943976 size: 0.0
1357000 : 1.5879233826529502 size: 0.0
1358000 : 1.738829043704569 size: 0.0
1359000 : 1.6776694333179913 size: 0.0
1360000 : 1.6905684760980038 size: 0.0
1361000 : 1.8571520756022761 size: 0.0
1362000 : 1.5848842772295535 size: 0.0
1363000 : 1.6223431304833784 size: 0.0
1364000 : 1.541089239152641 size: 0.0
1365000 : 1.5757083148754192 size: 0.0
1366000 : 1.618919987800605 size: 0.0
1367000 : 1.6820842279656396 size: 0.0
1368000 : 1.700198128685114 size: 0.0
1369000 : 1.7136463120693313 size: 0.0
1370000 : 1.7161723932452042 size: 0.0
1371000 : 1.7792320679585143 size: 0.0
1372000 : 1.714534430478387 size: 0.0
1373000 : 1.55332786855334 size: 0.0
1374000 : 1.7082923201653213 size: 0.0
1375000 : 1.6437107709745262 size: 0.0
1376000 : 1.758461379248511 size: 0.0
1377000 : 1.6618552846058543 size: 0.0
1378000 : 1.633026864737627 size: 0.0
1379000 : 1.7471889483803593 size: 0.0
1380000 : 1.6445276885661246 size: 0.0
1381000 : 1.4625076142510098 size: 0.0
1382000 : 1.5396038249971389 size: 0.0
1383000 : 1.5570478532915026 size: 0.0
1384000 : 1.6355023830141462 size: 0.0
1385000 : 1.4037621243345935 size: 0.0
1386000 : 1.5460535183697959 size: 0.0
1387000 : 1.6256797658927677 size: 0.0
1388000 : 1.664410430849723 size: 0.0
1389000 : 1.5654894497264529 size: 0.0
1390000 : 1.486304681668246 size: 0.0
1391000 : 1.602080650506675 size: 0.0
1392000 : 1.5898186314654583 size: 0.0
1393000 : 1.7293825526406275 size: 0.0
1394000 : 1.643702343824634 size: 0.0
1395000 : 1.6916615978268876 size: 0.0
1396000 : 1.3545177299737674 size: 0.0
1397000 : 1.5083404747579958 size: 0.0
1398000 : 1.7779270636037674 size: 0.0
1399000 : 1.637953479754243 size: 0.0
1400000 : 1.5487588054678678 size: 0.0
1401000 : 1.5820334928088515 size: 0.0
1402000 : 1.727249451821976 size: 0.0
1403000 : 1.5768136473725145 size: 0.0
1404000 : 1.710047747082678 size: 0.0
1405000 : 1.7049735709516216 size: 0.0
1406000 : 1.777611475439434 size: 0.0
1407000 : 1.74560842781893 size: 0.0
1408000 : 1.4768091755488084 size: 0.0
1409000 : 1.677237412899024 size: 0.0
1410000 : 1.5843586982485167 size: 0.0
1411000 : 1.6639720470726738 size: 0.0
1412000 : 1.6787357257533406 size: 0.0
1413000 : 1.5720495559609637 size: 0.0
1414000 : 1.6173888262599734 size: 0.0
1415000 : 1.6868151267255738 size: 0.0
1416000 : 1.760082487715544 size: 0.0
1417000 : 1.6469325219731392 size: 0.0
1418000 : 1.7089004508187722 size: 0.0
1419000 : 1.7745959316392055 size: 0.0
1420000 : 1.66211153875564 size: 0.0
1421000 : 1.5676985668767855 size: 0.0
1422000 : 1.6005751143810218 size: 0.0
1423000 : 1.6186386241837933 size: 0.0
1424000 : 1.731114589917467 size: 0.0
1425000 : 1.5885444120052157 size: 0.0
1426000 : 1.710832331935914 size: 0.0
1427000 : 1.7440146645933845 size: 0.0
1428000 : 1.644480737302439 size: 0.0
1429000 : 1.7139094455251516 size: 0.0
1430000 : 1.6193360138330422 size: 0.0
1431000 : 1.7207175507422066 size: 0.0
1432000 : 1.6071381443205974 size: 0.0
1433000 : 1.6209885951251828 size: 0.0
1434000 : 1.5860728493296663 size: 0.0
1435000 : 1.6982017540738985 size: 0.0
1436000 : 1.833110792820815 size: 0.0
1437000 : 1.747251894030575 size: 0.0
1438000 : 1.5580800931619814 size: 0.0
1439000 : 1.7711009002083715 size: 0.0
1440000 : 1.6633317556635114 size: 0.0
1441000 : 1.7621801601081177 size: 0.0
1442000 : 1.6180447680903642 size: 0.0
1443000 : 1.6639281914967037 size: 0.0
1444000 : 1.6551471013089505 size: 0.0
1445000 : 1.5389172702548946 size: 0.0
1446000 : 1.5577165218380573 size: 0.0
1447000 : 1.518733730314937 size: 0.0
1448000 : 1.6687865294009272 size: 0.0
1449000 : 1.8099734508522887 size: 0.0
1450000 : 1.8031237258337247 size: 0.0
1451000 : 1.621013532609558 size: 0.0
1452000 : 1.5520211443720846 size: 0.0
1453000 : 1.644692619928302 size: 0.0
1454000 : 1.6537234289251082 size: 0.0
1455000 : 1.7443371320637522 size: 0.0
1456000 : 1.6736237134390946 size: 0.0
1457000 : 1.751926554463677 size: 0.0
1458000 : 1.6137085695141602 size: 0.0
1459000 : 1.7969913404519096 size: 0.0
1460000 : 1.7347489272954997 size: 0.0
1461000 : 1.7824250978544331 size: 0.0
1462000 : 1.6734402079506239 size: 0.0
1463000 : 1.648132444928209 size: 0.0
1464000 : 1.7028664395132505 size: 0.0
1465000 : 1.6465735941807886 size: 0.0
1466000 : 1.646041479859019 size: 0.0
1467000 : 1.619583324884983 size: 0.0
1468000 : 1.7615338493061752 size: 0.0
1469000 : 1.787033544966953 size: 0.0
1470000 : 1.7622585841969112 size: 0.0
1471000 : 1.802022864885552 size: 0.0
1472000 : 1.6423858166322791 size: 0.0
1473000 : 1.5963746101163485 size: 0.0
1474000 : 1.612877549345191 size: 0.0
1475000 : 1.664903333127096 size: 0.0
1476000 : 1.8278730611887881 size: 0.0
1477000 : 1.6389594062791395 size: 0.0
1478000 : 1.637366502966848 size: 0.0
1479000 : 1.5806803333118629 size: 0.0
1480000 : 1.5999503014104373 size: 0.0
1481000 : 1.541801419309864 size: 0.0
1482000 : 1.536252743045077 size: 0.0
1483000 : 1.7186578865154736 size: 0.0
1484000 : 1.770748163791452 size: 0.0
1485000 : 1.689693256387763 size: 0.0
1486000 : 1.6255060634153962 size: 0.0
1487000 : 1.6024619360436376 size: 0.0
1488000 : 1.7307848991757628 size: 0.0
1489000 : 1.853733576451076 size: 0.0
1490000 : 1.5860264140139333 size: 0.0
1491000 : 1.6942483888785151 size: 0.0
1492000 : 1.752484466183076 size: 0.0
1493000 : 1.6668030534885265 size: 0.0
1494000 : 1.5177845580648253 size: 0.0
1495000 : 1.7018133897420176 size: 0.0
1496000 : 1.5071064992380552 size: 0.0
1497000 : 1.6602873187779381 size: 0.0
1498000 : 1.4593641153585395 size: 0.0
1499000 : 1.680900127414449 size: 0.0
1500000 : 1.6574394580623009 size: 0.0
1501000 : 1.664265105509744 size: 0.0
1502000 : 1.8060959300059358 size: 0.0
1503000 : 1.8070918815370824 size: 0.0
1504000 : 1.5986294746518108 size: 0.0
1505000 : 1.600393156736409 size: 0.0
1506000 : 1.6032513364110978 size: 0.0
1507000 : 1.7098401640230865 size: 0.0
1508000 : 1.6666902328695605 size: 0.0
1509000 : 1.6626534560885087 size: 0.0
1510000 : 1.4415201414095942 size: 0.0
1511000 : 1.7033856551362054 size: 0.0
1512000 : 1.7401085946269883 size: 0.0
1513000 : 1.6570361587460276 size: 0.0
1514000 : 1.799709698231447 size: 0.0
1515000 : 1.5476686074440487 size: 0.0
1516000 : 1.729918450580716 size: 0.0
1517000 : 1.7284951221621754 size: 0.0
1518000 : 1.6224571549809004 size: 0.0
1519000 : 1.6807069908975303 size: 0.0
1520000 : 1.543894620153515 size: 0.0
1521000 : 1.519204102865047 size: 0.0
1522000 : 1.5899171775244028 size: 0.0
1523000 : 1.7774487798517178 size: 0.0
1524000 : 1.592802358475277 size: 0.0
1525000 : 1.8495189696090322 size: 0.0
1526000 : 1.5702220683128956 size: 0.0
1527000 : 1.5238938977714247 size: 0.0
1528000 : 1.5830536938937696 size: 0.0
1529000 : 1.7172152960400364 size: 0.0
1530000 : 1.649369688118516 size: 0.0
1531000 : 1.6338831663562727 size: 0.0
1532000 : 1.7718342342316507 size: 0.0
1533000 : 1.4040526030319007 size: 0.0
1534000 : 1.6424337997918699 size: 0.0
1535000 : 1.8498895922216414 size: 0.0
1536000 : 1.585129008541731 size: 0.0
1537000 : 1.9609179799830025 size: 0.0
1538000 : 1.686779526316845 size: 0.0
1539000 : 1.4334476197433956 size: 0.0
1540000 : 1.6322641216810503 size: 0.0
1541000 : 1.7445454030539471 size: 0.0
1542000 : 1.732539638162516 size: 0.0
1543000 : 1.6195453167191423 size: 0.0
1544000 : 1.6062715237428997 size: 0.0
1545000 : 1.6724877680301458 size: 0.0
1546000 : 1.6613596306060676 size: 0.0
1547000 : 1.540537518808673 size: 0.0
1548000 : 1.6452424484631105 size: 0.0
1549000 : 1.712745466944112 size: 0.0
1550000 : 1.5671607771275375 size: 0.0
1551000 : 1.656539128885034 size: 0.0
1552000 : 1.8859980377008916 size: 0.0
1553000 : 1.7988805698716377 size: 0.0
1554000 : 1.7776512034317833 size: 0.0
1555000 : 1.5803944981461289 size: 0.0
1556000 : 1.7486477052249776 size: 0.0
1557000 : 1.7893097353511223 size: 0.0
1558000 : 1.7250804066292944 size: 0.0
1559000 : 1.707435158633421 size: 0.0
1560000 : 1.6452560350925287 size: 0.0
1561000 : 1.8004917033449204 size: 0.0
1562000 : 1.6629146977351692 size: 0.0
1563000 : 1.6018801187357687 size: 0.0
1564000 : 1.7235444295744387 size: 0.0
1565000 : 1.6567424123783538 size: 0.0
1566000 : 1.7655661545383046 size: 0.0
1567000 : 1.763057443610169 size: 0.0
1568000 : 1.7276876636163745 size: 0.0
1569000 : 1.8577672575444124 size: 0.0
1570000 : 1.6978560689456643 size: 0.0
1571000 : 1.745003048887893 size: 0.0
1572000 : 1.6266365053795175 size: 0.0
1573000 : 1.6705331852030898 size: 0.0
1574000 : 1.5738940698914674 size: 0.0
1575000 : 1.5841057117690975 size: 0.0
1576000 : 1.6547824980891213 size: 0.0
1577000 : 1.554528823404315 size: 0.0
1578000 : 1.6898442571552204 size: 0.0
1579000 : 1.5843325568855855 size: 0.0
1580000 : 1.6604350518750293 size: 0.0
1581000 : 1.6708943487699017 size: 0.0
1582000 : 1.579565713751621 size: 0.0
1583000 : 1.6100568618883901 size: 0.0
1584000 : 1.7297786286855645 size: 0.0
1585000 : 1.6510140142434155 size: 0.0
1586000 : 1.6105165715141465 size: 0.0
1587000 : 1.637922178911786 size: 0.0
1588000 : 1.6267580971136775 size: 0.0
1589000 : 1.6488700785177597 size: 0.0
1590000 : 1.626801264759044 size: 0.0
1591000 : 1.7298742510394443 size: 0.0
1592000 : 1.6705484916590168 size: 0.0
1593000 : 1.6347685330429145 size: 0.0
1594000 : 1.549015575565606 size: 0.0
1595000 : 1.494684880296838 size: 0.0
1596000 : 1.570630183143393 size: 0.0
1597000 : 1.6377078885288108 size: 0.0
1598000 : 1.6342749428349383 size: 0.0
1599000 : 1.8188634060580382 size: 0.0
1600000 : 1.552873146424459 size: 0.0
1601000 : 1.6013426729518225 size: 0.0
1602000 : 1.5508299925322087 size: 0.0
1603000 : 1.6048038238004365 size: 0.0
1604000 : 1.6127927618983158 size: 0.0
1605000 : 1.6523324332449298 size: 0.0
1606000 : 1.6626204354195429 size: 0.0
1607000 : 1.5732353763386628 size: 0.0
1608000 : 1.6606792672392545 size: 0.0
1609000 : 1.7533889229439634 size: 0.0
1610000 : 1.6204322312496418 size: 0.0
1611000 : 1.618078820655235 size: 0.0
1612000 : 1.5548755404284544 size: 0.0
1613000 : 1.6704743671364948 size: 0.0
1614000 : 1.811788211784193 size: 0.0
1615000 : 1.5568428499716742 size: 0.0
1616000 : 1.6260154760272518 size: 0.0
1617000 : 1.6435824719169827 size: 0.0
1618000 : 1.6731615960562263 size: 0.0
1619000 : 1.6078475727554065 size: 0.0
1620000 : 1.6031077308976276 size: 0.0
1621000 : 1.6205705053009354 size: 0.0
1622000 : 1.6126175115770864 size: 0.0
1623000 : 1.7413090335300108 size: 0.0
1624000 : 1.5622977956917408 size: 0.0
1625000 : 1.6747056562956726 size: 0.0
1626000 : 1.5285298621080827 size: 0.0
1627000 : 1.7055132525100292 size: 0.0
1628000 : 1.7466179659794947 size: 0.0
1629000 : 1.6225357510523446 size: 0.0
1630000 : 1.7592972149317043 size: 0.0
1631000 : 1.7487343844810124 size: 0.0
1632000 : 1.6588942593059492 size: 0.0
1633000 : 1.7798156050928917 size: 0.0
1634000 : 1.4593930084438844 size: 0.0
1635000 : 1.7547276358982795 size: 0.0
1636000 : 1.6598468712090784 size: 0.0
1637000 : 1.5016582608413722 size: 0.0
1638000 : 1.4811125254386976 size: 0.0
1639000 : 1.7216163320756157 size: 0.0
1640000 : 1.703275930204955 size: 0.0
1641000 : 1.6615037520674907 size: 0.0
1642000 : 1.6784602095466585 size: 0.0
1643000 : 1.6073784040838528 size: 0.0
1644000 : 1.6138334289186866 size: 0.0
1645000 : 1.7647459692763399 size: 0.0
1646000 : 1.7045687237914906 size: 0.0
1647000 : 1.7684324173975843 size: 0.0
1648000 : 1.7283148843440712 size: 0.0
1649000 : 1.637237515978701 size: 0.0
1650000 : 1.7023864359346925 size: 0.0
1651000 : 1.7034647671556022 size: 0.0
1652000 : 1.616025347803933 size: 0.0
1653000 : 1.6962626496854203 size: 0.0
1654000 : 1.6474286919208785 size: 0.0
1655000 : 1.5302457330157408 size: 0.0
1656000 : 1.5942284386162315 size: 0.0
1657000 : 1.6824815078891326 size: 0.0
1658000 : 1.6938382102562073 size: 0.0
1659000 : 1.5989811791728252 size: 0.0
1660000 : 1.645862101954169 size: 0.0
1661000 : 1.5900597511419678 size: 0.0
1662000 : 1.507109078977818 size: 0.0
1663000 : 1.642759534932604 size: 0.0
1664000 : 1.634354398819637 size: 0.0
1665000 : 1.7072974005300798 size: 0.0
1666000 : 1.6244463063207797 size: 0.0
1667000 : 1.577917260043101 size: 0.0
1668000 : 1.6372528224346279 size: 0.0
1669000 : 1.748150847346635 size: 0.0
1670000 : 1.6343074475559514 size: 0.0
1671000 : 1.562673577783876 size: 0.0
1672000 : 1.7086732617369824 size: 0.0
1673000 : 1.6137685914593114 size: 0.0
1674000 : 1.7305726725845982 size: 0.0
1675000 : 1.6300933566618598 size: 0.0
1676000 : 1.7195748980098742 size: 0.0
1677000 : 1.672923572067432 size: 0.0
1678000 : 1.6904107680071625 size: 0.0
1679000 : 1.6251270136528946 size: 0.0
1680000 : 1.7318859321065865 size: 0.0
1681000 : 1.5579265126547608 size: 0.0
1682000 : 1.6135133692054309 size: 0.0
1683000 : 1.7119373204677077 size: 0.0
1684000 : 1.6652562415266663 size: 0.0
1685000 : 1.6773909934062443 size: 0.0
1686000 : 1.6536936759265088 size: 0.0
1687000 : 1.7546177389843782 size: 0.0
1688000 : 1.7422843471430536 size: 0.0
1689000 : 1.6412799681872314 size: 0.0
1690000 : 1.800330555601062 size: 0.0
1691000 : 1.6600234973915144 size: 0.0
1692000 : 1.4868906265597355 size: 0.0
1693000 : 1.5552791837100295 size: 0.0
1694000 : 1.606099369109386 size: 0.0
1695000 : 1.5924762793692413 size: 0.0
1696000 : 1.643630799041875 size: 0.0
1697000 : 1.6140100551011227 size: 0.0
1698000 : 1.5907451020056562 size: 0.0
1699000 : 1.6446245147985603 size: 0.0
1700000 : 1.646968122381868 size: 0.0
1701000 : 1.6082087363222184 size: 0.0
1702000 : 1.7441973101686008 size: 0.0
1703000 : 1.7104004834995976 size: 0.0
1704000 : 1.5735703985425435 size: 0.0
1705000 : 1.6149972355170752 size: 0.0
1706000 : 1.544376171575931 size: 0.0
1707000 : 1.846936822088978 size: 0.0
1708000 : 1.78798374911297 size: 0.0
1709000 : 1.6909999805690183 size: 0.0
1710000 : 1.8525943633717608 size: 0.0
1711000 : 1.536082480220723 size: 0.0
1712000 : 1.8008224259825296 size: 0.0
1713000 : 1.6742382074506275 size: 0.0
1714000 : 1.5075113463981862 size: 0.0
1715000 : 1.6511889205993429 size: 0.0
1716000 : 1.5019846839127098 size: 0.0
1717000 : 1.6498390287727207 size: 0.0
1718000 : 1.6968549579349919 size: 0.0
1719000 : 1.6660105574333506 size: 0.0
1720000 : 1.547516402798035 size: 0.0
1721000 : 1.6536114682193965 size: 0.0
1722000 : 1.7541712720227385 size: 0.0
1723000 : 1.6436297671459699 size: 0.0
1724000 : 1.5977076476431862 size: 0.0
1725000 : 1.6058993532864325 size: 0.0
1726000 : 1.658163677005084 size: 0.0
1727000 : 1.7374996178133995 size: 0.0
1728000 : 1.693811208980022 size: 0.0
1729000 : 1.542722558387885 size: 0.0
1730000 : 1.7410770289339967 size: 0.0
1731000 : 1.6332910300893522 size: 0.0
1732000 : 1.7747768573879132 size: 0.0
1733000 : 1.6727216644353191 size: 0.0
1734000 : 1.3966657761946921 size: 0.0
1735000 : 1.597956334556334 size: 0.0
1736000 : 1.4536014926760794 size: 0.0
1737000 : 1.7199317620104144 size: 0.0
1738000 : 1.5891953663387315 size: 0.0
1739000 : 1.7029753045312466 size: 0.0
1740000 : 1.5191647188379993 size: 0.0
1741000 : 1.7486752224491156 size: 0.0
1742000 : 1.6643473132168565 size: 0.0
1743000 : 1.6271051581031186 size: 0.0
1744000 : 1.5726430680890913 size: 0.0
1745000 : 1.778199484122734 size: 0.0
1746000 : 1.6857421269668407 size: 0.0
1747000 : 1.7156791470025297 size: 0.0
1748000 : 1.7447681205868144 size: 0.0
1749000 : 1.6427617707070652 size: 0.0
1750000 : 1.8999171095831713 size: 0.0
1751000 : 1.729652737385133 size: 0.0
1752000 : 1.7919197440606163 size: 0.0
1753000 : 1.6095133967116637 size: 0.0
1754000 : 1.6834131379088566 size: 0.0
1755000 : 1.689367177281727 size: 0.0
1756000 : 1.6462212017291706 size: 0.0
1757000 : 1.7501394827385617 size: 0.0
1758000 : 1.564837463497032 size: 0.0
1759000 : 1.7780820199721947 size: 0.0
1760000 : 1.6638631820546776 size: 0.0
1761000 : 1.592573277584328 size: 0.0
1762000 : 1.6639297393405614 size: 0.0
1763000 : 1.5412080791643872 size: 0.0
1764000 : 1.683501708974051 size: 0.0
1765000 : 1.5827133402277123 size: 0.0
1766000 : 1.6084741055524998 size: 0.0
1767000 : 1.6762204794844722 size: 0.0
1768000 : 1.504357700529315 size: 0.0
1769000 : 1.4263179069692271 size: 0.0
1770000 : 1.6999353391945957 size: 0.0
1771000 : 1.5051305905622923 size: 0.0
1772000 : 1.6803773001558262 size: 0.0
1773000 : 1.6870954584464801 size: 0.0
1774000 : 1.5824023955949522 size: 0.0
1775000 : 1.6735286070331674 size: 0.0
1776000 : 1.5916583298817377 size: 0.0
1777000 : 1.6929542194307725 size: 0.0
1778000 : 1.7184929551532961 size: 0.0
1779000 : 1.6100398356059547 size: 0.0
1780000 : 1.7754701194535412 size: 0.0
1781000 : 1.5309018468287825 size: 0.0
1782000 : 1.6563953513889127 size: 0.0
1783000 : 1.7140437639754753 size: 0.0
1784000 : 1.5658757227602906 size: 0.0
1785000 : 1.672555185229284 size: 0.0
1786000 : 1.747414933583593 size: 0.0
1787000 : 1.6234825155453445 size: 0.0
1788000 : 1.7453081461105235 size: 0.0
1789000 : 1.7626319585319343 size: 0.0
1790000 : 1.7616877737786976 size: 0.0
1791000 : 1.5669089945266743 size: 0.0
1792000 : 1.568688499015152 size: 0.0
1793000 : 1.6901615651460622 size: 0.0
1794000 : 1.6773173848316751 size: 0.0
1795000 : 1.6488587276628026 size: 0.0
1796000 : 1.5959676991644072 size: 0.0
1797000 : 1.6880298401886178 size: 0.0
1798000 : 1.6592339250414034 size: 0.0
1799000 : 1.6441094267592262 size: 0.0
1800000 : 1.6065862519939786 size: 0.0
1801000 : 1.7098589101320305 size: 0.0
1802000 : 1.6812280983296446 size: 0.0
1803000 : 1.6602075188279377 size: 0.0
1804000 : 1.7043628605584078 size: 0.0
1805000 : 1.6513588394583953 size: 0.0
1806000 : 1.8359020712443184 size: 0.0
1807000 : 1.770252853756967 size: 0.0
1808000 : 1.6567568589210264 size: 0.0
1809000 : 1.5868373122127515 size: 0.0
1810000 : 1.4936134283819626 size: 0.0
1811000 : 1.7051433178280233 size: 0.0
1812000 : 1.793080970919242 size: 0.0
1813000 : 1.5910323130325972 size: 0.0
1814000 : 1.5377137356641566 size: 0.0
1815000 : 1.8804851338274842 size: 0.0
1816000 : 1.5296290032297468 size: 0.0
1817000 : 1.556909579240209 size: 0.0
1818000 : 1.720788579577013 size: 0.0
1819000 : 1.649161589110972 size: 0.0
1820000 : 1.8433367092584667 size: 0.0
1821000 : 1.7789109763493534 size: 0.0
1822000 : 1.570652712870656 size: 0.0
1823000 : 1.6217446308583758 size: 0.0
1824000 : 1.4950527511870335 size: 0.0
1825000 : 1.7535218655330804 size: 0.0
1826000 : 1.6026908449519361 size: 0.0
1827000 : 1.7828939225606852 size: 0.0
1828000 : 1.6832863866951706 size: 0.0
1829000 : 1.5499752387574206 size: 0.0
1830000 : 1.4607728252517567 size: 0.0
1831000 : 1.695626141894577 size: 0.0
1832000 : 1.60444971152231 size: 0.0
1833000 : 1.514066637118473 size: 0.0
1834000 : 1.6570557647682258 size: 0.0
1835000 : 1.563275345079245 size: 0.0
1836000 : 1.6373130163624299 size: 0.0
1837000 : 1.6777383983609873 size: 0.0
1838000 : 1.8178953157163316 size: 0.0
1839000 : 1.5246360029098978 size: 0.0
1840000 : 1.6318977986347125 size: 0.0
1841000 : 1.57668122073135 size: 0.0
1842000 : 1.663400032775904 size: 0.0
1843000 : 1.785006385461233 size: 0.0
1844000 : 1.6011798053814554 size: 0.0
1845000 : 1.713825002043578 size: 0.0
1846000 : 1.8779354910284431 size: 0.0
1847000 : 1.773262894112368 size: 0.0
1848000 : 1.8237215719796107 size: 0.0
1849000 : 1.505614721724471 size: 0.0
1850000 : 1.4722660818436164 size: 0.0
1851000 : 1.4306339835752802 size: 0.0
1852000 : 1.6269532974224068 size: 0.0
1853000 : 1.6478565847562252 size: 0.0
1854000 : 1.5166682186780747 size: 0.0
1855000 : 1.6406303897149226 size: 0.0
1856000 : 1.693661928039073 size: 0.0
1857000 : 1.6117061755101645 size: 0.0
1858000 : 1.7165629658453136 size: 0.0
1859000 : 1.5936015618538366 size: 0.0
1860000 : 1.7666628879028567 size: 0.0
1861000 : 1.6034274466455816 size: 0.0
1862000 : 1.7482088054999758 size: 0.0
1863000 : 1.7511488489164755 size: 0.0
1864000 : 1.633796487100238 size: 0.0
1865000 : 1.677966963303984 size: 0.0
1866000 : 1.6195601072271164 size: 0.0
1867000 : 1.5412006839104 size: 0.0
1868000 : 1.7957769709541673 size: 0.0
1869000 : 1.6616389304310688 size: 0.0
1870000 : 1.5520830581263951 size: 0.0
1871000 : 1.6193301664229127 size: 0.0
1872000 : 1.729792903245586 size: 0.0
1873000 : 1.7368431600350562 size: 0.0
1874000 : 1.6152500500138436 size: 0.0
1875000 : 1.5414381919512417 size: 0.0
1876000 : 1.6142448114195505 size: 0.0
1877000 : 1.6928381311414402 size: 0.0
1878000 : 1.5429882715834682 size: 0.0
1879000 : 1.4067408638475372 size: 0.0
1880000 : 1.6405887699134136 size: 0.0
1881000 : 1.7337966593576724 size: 0.0
1882000 : 1.72602837500085 size: 0.0
1883000 : 1.634207697618451 size: 0.0
1884000 : 1.6387836400099576 size: 0.0
1885000 : 1.5010650926785465 size: 0.0
1886000 : 1.6189634994112734 size: 0.0
1887000 : 1.4815866816071264 size: 0.0
1888000 : 1.7019054004602292 size: 0.0
1889000 : 1.6809297084303976 size: 0.0
1890000 : 1.5508523502768208 size: 0.0
1891000 : 1.5917027014056604 size: 0.0
1892000 : 1.4731963360021334 size: 0.0
1893000 : 1.7239427413938369 size: 0.0
1894000 : 1.6741315782070925 size: 0.0
1895000 : 1.654212375601511 size: 0.0
1896000 : 1.8465914809260453 size: 0.0
1897000 : 1.6528642036013976 size: 0.0
1898000 : 1.679031363930174 size: 0.0
1899000 : 1.6785957318755385 size: 0.0
1900000 : 1.8543685363980615 size: 0.0
1901000 : 1.4770860676166975 size: 0.0
1902000 : 1.6255344405527885 size: 0.0
1903000 : 1.5968283003493247 size: 0.0
1904000 : 1.7459111172844486 size: 0.0
1905000 : 1.6700475061970534 size: 0.0
1906000 : 1.7683491777945666 size: 0.0
1907000 : 1.6894132686321581 size: 0.0
1908000 : 1.650424113750956 size: 0.0
1909000 : 1.478319011240733 size: 0.0
1910000 : 1.7002075877309115 size: 0.0
1911000 : 1.6978055060463106 size: 0.0
1912000 : 1.7769581133488062 size: 0.0
1913000 : 1.6592616142481922 size: 0.0
1914000 : 1.5724458039885516 size: 0.0
1915000 : 1.5469682940897351 size: 0.0
1916000 : 1.5259915701639983 size: 0.0
1917000 : 1.5543136731080858 size: 0.0
1918000 : 1.7277492334053834 size: 0.0
1919000 : 1.484847816632787 size: 0.0
1920000 : 1.739904623203065 size: 0.0
1921000 : 1.5809429508197304 size: 0.0
1922000 : 1.5867647355340875 size: 0.0
1923000 : 1.584834746226105 size: 0.0
1924000 : 1.681577051128245 size: 0.0
1925000 : 1.628156488047843 size: 0.0
1926000 : 1.7437910871472628 size: 0.0
1927000 : 1.562254800029025 size: 0.0
1928000 : 1.713595233222025 size: 0.0
1929000 : 1.653325977018964 size: 0.0
1930000 : 1.5901070463709552 size: 0.0
1931000 : 1.4581358152660773 size: 0.0
1932000 : 1.7213057314081575 size: 0.0
1933000 : 1.5885330611502588 size: 0.0
1934000 : 1.5338229721536873 size: 0.0
1935000 : 1.6811828668924675 size: 0.0
1936000 : 1.753392018631679 size: 0.0
1937000 : 1.7244748557156064 size: 0.0
1938000 : 1.6281411815919162 size: 0.0
1939000 : 1.7204198487735631 size: 0.0
1940000 : 1.5721723515736798 size: 0.0
1941000 : 1.6130650104346316 size: 0.0
1942000 : 1.632428881060577 size: 0.0
1943000 : 1.5176397486727986 size: 0.0
1944000 : 1.6191071049247436 size: 0.0
1945000 : 1.5281066128043093 size: 0.0
1946000 : 1.8166307272845372 size: 0.0
1947000 : 1.6475994706931851 size: 0.0
1948000 : 1.6883547154160976 size: 0.0
1949000 : 1.758401529286011 size: 0.0
1950000 : 1.665558930992185 size: 0.0
1951000 : 1.6329192035981868 size: 0.0
1952000 : 1.581534055190746 size: 0.0
1953000 : 1.4888376421501532 size: 0.0
waiting for write process!
write end!
end join!
last series
Last encode part don't need inference.
200.9580192565918
28703.82339143753 
@@@@@@@@@@@@@
end
main
