start!
start to right
1953060
0 : 5.541657308839782 size: 0.0
1000 : 2.6465164986885377 size: 0.0
2000 : 2.0621516118124252 size: 0.0
3000 : 2.118128696997903 size: 0.0
4000 : 1.9951328964762531 size: 0.0
5000 : 2.1564029199994685 size: 0.0
6000 : 1.9926319247674062 size: 0.0
7000 : 1.9702208655334736 size: 0.0
8000 : 1.7041019628770488 size: 0.0
9000 : 1.8078706189801892 size: 0.0
10000 : 1.5822051314944126 size: 0.0
11000 : 1.7655991752072704 size: 0.0
12000 : 1.8211390804942549 size: 0.0
13000 : 1.6725407386866116 size: 0.0
14000 : 1.7145440615068352 size: 0.0
15000 : 1.8269209652336116 size: 0.0
16000 : 1.6813266443885888 size: 0.0
17000 : 1.6825781621389175 size: 0.0
18000 : 1.7762347543192774 size: 0.0
19000 : 1.723092459167971 size: 0.0
20000 : 1.7318582428997977 size: 0.0
21000 : 1.673811346511186 size: 0.0
22000 : 1.7577387081495857 size: 0.0
23000 : 1.9166721753781788 size: 0.0
24000 : 1.7447553938706506 size: 0.0
25000 : 1.632290778991934 size: 0.0
26000 : 1.6182174386718304 size: 0.0
27000 : 1.6957900413608493 size: 0.0
28000 : 1.7949149939080429 size: 0.0
29000 : 1.4907650517183728 size: 0.0
30000 : 1.7858329340812797 size: 0.0
31000 : 1.7888471020203014 size: 0.0
32000 : 1.6673107462738734 size: 0.0
33000 : 1.619403603014831 size: 0.0
34000 : 1.6656356352544697 size: 0.0
35000 : 1.791772182946176 size: 0.0
36000 : 1.7603478569458253 size: 0.0
37000 : 1.7353837152598344 size: 0.0
38000 : 1.6302663712086278 size: 0.0
39000 : 1.6009018814176612 size: 0.0
40000 : 1.8078400060683357 size: 0.0
41000 : 1.7677780234110512 size: 0.0
42000 : 1.471996069081762 size: 0.0
43000 : 1.7443443553350884 size: 0.0
44000 : 1.7124541283335504 size: 0.0
45000 : 1.6305078348504394 size: 0.0
46000 : 1.7480235801849964 size: 0.0
47000 : 1.6982741587699117 size: 0.0
48000 : 1.5292896814595944 size: 0.0
49000 : 1.75661531747415 size: 0.0
50000 : 1.759756580592159 size: 0.0
51000 : 1.6626849289136165 size: 0.0
52000 : 1.4136326386242373 size: 0.0
53000 : 1.61802000258864 size: 0.0
54000 : 1.6091360667756707 size: 0.0
55000 : 1.6455081616586935 size: 0.0
56000 : 1.7377194116412022 size: 0.0
57000 : 1.607890912383424 size: 0.0
58000 : 1.7373427696358126 size: 0.0
59000 : 1.589365285197784 size: 0.0
60000 : 1.6740466187775662 size: 0.0
61000 : 1.6889766046816175 size: 0.0
62000 : 1.6482657314826277 size: 0.0
63000 : 1.569261373225176 size: 0.0
64000 : 1.6279368662026912 size: 0.0
65000 : 1.4801461549234995 size: 0.0
66000 : 1.5298790660041013 size: 0.0
67000 : 1.5615988581986344 size: 0.0
68000 : 1.5161027397220377 size: 0.0
69000 : 1.73373835723903 size: 0.0
70000 : 1.4849439549346193 size: 0.0
71000 : 1.5636911991290312 size: 0.0
72000 : 1.521268582606004 size: 0.0
73000 : 1.6339913434436655 size: 0.0
74000 : 1.4660597439219303 size: 0.0
75000 : 1.561494120764259 size: 0.0
76000 : 1.6297916990922465 size: 0.0
77000 : 1.705148821272851 size: 0.0
78000 : 1.551402522776931 size: 0.0
79000 : 1.5338262398240536 size: 0.0
80000 : 1.5679718473090065 size: 0.0
81000 : 1.630500611579103 size: 0.0
82000 : 1.6701223186501786 size: 0.0
83000 : 1.452684137216377 size: 0.0
84000 : 1.6484098529440507 size: 0.0
85000 : 1.6373350301417402 size: 0.0
86000 : 1.5266636783635703 size: 0.0
87000 : 1.6165160143068447 size: 0.0
88000 : 1.6258238873541908 size: 0.0
89000 : 1.4899880341017746 size: 0.0
90000 : 1.551556619232104 size: 0.0
91000 : 1.388255050645572 size: 0.0
92000 : 1.5650037707204163 size: 0.0
93000 : 1.5556713041539967 size: 0.0
94000 : 1.4813835700964575 size: 0.0
95000 : 1.6625232652218054 size: 0.0
96000 : 1.5859653601728771 size: 0.0
97000 : 1.4990444685135593 size: 0.0
98000 : 1.615456257212228 size: 0.0
99000 : 1.5709664092258298 size: 0.0
100000 : 1.7084587993713565 size: 0.0
101000 : 1.5444480603239916 size: 0.0
102000 : 1.5002915147149656 size: 0.0
103000 : 1.5204688632794918 size: 0.0
104000 : 1.5604852705342978 size: 0.0
105000 : 1.5472412305566545 size: 0.0
106000 : 1.5771355988949296 size: 0.0
107000 : 1.405123453007498 size: 0.0
108000 : 1.4761810949078575 size: 0.0
109000 : 1.673408907108167 size: 0.0
110000 : 1.5599492006115583 size: 0.0
111000 : 1.5571998859548655 size: 0.0
112000 : 1.5677878258725833 size: 0.0
113000 : 1.557070039053464 size: 0.0
114000 : 1.551753367384691 size: 0.0
115000 : 1.5519066039266098 size: 0.0
116000 : 1.428144534704041 size: 0.0
117000 : 1.5059416607437612 size: 0.0
118000 : 1.4789104595770501 size: 0.0
119000 : 1.6869986322140444 size: 0.0
120000 : 1.6889067797253672 size: 0.0
121000 : 1.517501646604156 size: 0.0
122000 : 1.515204990284534 size: 0.0
123000 : 1.3598588231789628 size: 0.0
124000 : 1.419337819101309 size: 0.0
125000 : 1.489595053744553 size: 0.0
126000 : 1.502251429004198 size: 0.0
127000 : 1.471538595230467 size: 0.0
128000 : 1.464797563247248 size: 0.0
129000 : 1.4579805149323481 size: 0.0
130000 : 1.5080726977706025 size: 0.0
131000 : 1.597912306997713 size: 0.0
132000 : 1.4021525387051683 size: 0.0
133000 : 1.4117284467138842 size: 0.0
134000 : 1.5422059225046931 size: 0.0
135000 : 1.5246480416954582 size: 0.0
136000 : 1.4278482085966044 size: 0.0
137000 : 1.4655768166383076 size: 0.0
138000 : 1.539666254699402 size: 0.0
139000 : 1.469407214238324 size: 0.0
140000 : 1.677109457806782 size: 0.0
141000 : 1.6043929572475253 size: 0.0
142000 : 1.5565704294527076 size: 0.0
143000 : 1.676046433041799 size: 0.0
144000 : 1.4411318905752715 size: 0.0
145000 : 1.4906637539370147 size: 0.0
146000 : 1.5235404734239018 size: 0.0
147000 : 1.5680688455240932 size: 0.0
148000 : 1.4159401298508634 size: 0.0
149000 : 1.5351477545132834 size: 0.0
150000 : 1.4974309272831643 size: 0.0
151000 : 1.48994125482074 size: 0.0
152000 : 1.4403848839312487 size: 0.0
153000 : 1.7404991672270977 size: 0.0
154000 : 1.5209247892869293 size: 0.0
155000 : 1.5338085256110148 size: 0.0
156000 : 1.526118837325637 size: 0.0
157000 : 1.607654092273186 size: 0.0
158000 : 1.417720236278619 size: 0.0
159000 : 1.4450840518920987 size: 0.0
160000 : 1.7664336350292567 size: 0.0
161000 : 1.427516282080439 size: 0.0
162000 : 1.4326957115938235 size: 0.0
163000 : 1.4228125565793412 size: 0.0
164000 : 1.516024659598546 size: 0.0
165000 : 1.4734548259263802 size: 0.0
166000 : 1.5866857954973415 size: 0.0
167000 : 1.564775893708023 size: 0.0
168000 : 1.5453294714096635 size: 0.0
169000 : 1.513988900960283 size: 0.0
170000 : 1.463408975324182 size: 0.0
171000 : 1.6313760032719948 size: 0.0
172000 : 1.4487300840903903 size: 0.0
173000 : 1.5512279603863053 size: 0.0
174000 : 1.5155725172094276 size: 0.0
175000 : 1.531353989217901 size: 0.0
176000 : 1.4132696692395912 size: 0.0
177000 : 1.3105524290725008 size: 0.0
178000 : 1.537488782356828 size: 0.0
179000 : 1.7162202044221442 size: 0.0
180000 : 1.425251700525203 size: 0.0
181000 : 1.6138385883982125 size: 0.0
182000 : 1.565559446665354 size: 0.0
183000 : 1.5184310408494186 size: 0.0
184000 : 1.6070401142096056 size: 0.0
185000 : 1.5067520429946268 size: 0.0
186000 : 1.4731414735365083 size: 0.0
187000 : 1.6340250520432347 size: 0.0
188000 : 1.7157147474112584 size: 0.0
189000 : 1.4720132673468482 size: 0.0
190000 : 1.482093858444521 size: 0.0
191000 : 1.3493037319475596 size: 0.0
192000 : 1.5044693172697248 size: 0.0
193000 : 1.574597822898798 size: 0.0
194000 : 1.3687039769041625 size: 0.0
195000 : 1.515147032131193 size: 0.0
196000 : 1.5198163611021185 size: 0.0
197000 : 1.5437761241070707 size: 0.0
198000 : 1.5165046631771042 size: 0.0
199000 : 1.5094568141447462 size: 0.0
200000 : 1.4719613285862876 size: 0.0
201000 : 1.509776873858002 size: 0.0
202000 : 1.3006636846218655 size: 0.0
203000 : 1.6568203205191947 size: 0.0
204000 : 1.3318363140126785 size: 0.0
205000 : 1.4222136269977115 size: 0.0
206000 : 1.4945472941761477 size: 0.0
207000 : 1.303728673434217 size: 0.0
208000 : 1.3180923204689772 size: 0.0
209000 : 1.5747178667891002 size: 0.0
210000 : 1.6266963553420177 size: 0.0
211000 : 1.5434871932536212 size: 0.0
212000 : 1.4178754506210227 size: 0.0
213000 : 1.5942170877612747 size: 0.0
214000 : 1.4778809714289856 size: 0.0
215000 : 1.270302383386498 size: 0.0
216000 : 1.5683177044198917 size: 0.0
217000 : 1.545974406350399 size: 0.0
218000 : 1.4989333677211019 size: 0.0
219000 : 1.552613452621656 size: 0.0
220000 : 1.5269969807409425 size: 0.0
221000 : 1.4290186365270512 size: 0.0
222000 : 1.4832667801234052 size: 0.0
223000 : 1.3531410088536107 size: 0.0
224000 : 1.5301489067833052 size: 0.0
225000 : 1.5514670162710045 size: 0.0
226000 : 1.4377218185739635 size: 0.0
227000 : 1.5032602792341594 size: 0.0
228000 : 1.5034291661973065 size: 0.0
229000 : 1.416265950982923 size: 0.0
230000 : 1.4138494227556497 size: 0.0
231000 : 1.593027139799955 size: 0.0
232000 : 1.3372462862695444 size: 0.0
233000 : 1.4757700563722953 size: 0.0
234000 : 1.3866127023211576 size: 0.0
235000 : 1.524821228224877 size: 0.0
236000 : 1.4591405379124178 size: 0.0
237000 : 1.486940157563184 size: 0.0
238000 : 1.4974300673699101 size: 0.0
239000 : 1.496503768812363 size: 0.0
240000 : 1.503628150124355 size: 0.0
241000 : 1.3811592184536234 size: 0.0
242000 : 1.4369166817939494 size: 0.0
243000 : 1.5976696394773455 size: 0.0
244000 : 1.4963249068554656 size: 0.0
245000 : 1.4932520928325 size: 0.0
246000 : 1.305490721683632 size: 0.0
247000 : 1.3844816652943166 size: 0.0
248000 : 1.519128774463969 size: 0.0
249000 : 1.3843517324015897 size: 0.0
250000 : 1.5397795912663206 size: 0.0
251000 : 1.4009086741828032 size: 0.0
252000 : 1.4836633721162948 size: 0.0
253000 : 1.6181842460202138 size: 0.0
254000 : 1.445860897526046 size: 0.0
255000 : 1.4673004267652545 size: 0.0
256000 : 1.6117295651506818 size: 0.0
257000 : 1.568422785819569 size: 0.0
258000 : 1.546133490302447 size: 0.0
259000 : 1.3663900363281287 size: 0.0
260000 : 1.3786828402638498 size: 0.0
261000 : 1.3875552532392113 size: 0.0
262000 : 1.380070396291011 size: 0.0
263000 : 1.5373861087142628 size: 0.0
264000 : 1.5812091799632662 size: 0.0
265000 : 1.4997611202197045 size: 0.0
266000 : 1.6521272579424504 size: 0.0
267000 : 1.6994826808575247 size: 0.0
268000 : 1.4086054137568664 size: 0.0
269000 : 1.3938164536265227 size: 0.0
270000 : 1.4428205882240932 size: 0.0
271000 : 1.4522435176648667 size: 0.0
272000 : 1.4328473143005591 size: 0.0
273000 : 1.3842519824640893 size: 0.0
274000 : 1.495187413602659 size: 0.0
275000 : 1.4939229971535157 size: 0.0
276000 : 1.394395605203303 size: 0.0
277000 : 1.5617507188793462 size: 0.0
278000 : 1.3863400238282146 size: 0.0
279000 : 1.5843359965386028 size: 0.0
280000 : 1.3403278714077043 size: 0.0
281000 : 1.455682998699472 size: 0.0
282000 : 1.4669734877459644 size: 0.0
283000 : 1.5785965915140092 size: 0.0
284000 : 1.493640601640799 size: 0.0
285000 : 1.3846409212290154 size: 0.0
286000 : 1.4815211562171477 size: 0.0
287000 : 1.4685627794225877 size: 0.0
288000 : 1.4979430916174339 size: 0.0
289000 : 1.675763177615828 size: 0.0
290000 : 1.4691949876471593 size: 0.0
291000 : 1.553093456200214 size: 0.0
292000 : 1.4748327509250931 size: 0.0
293000 : 1.26358147337343 size: 0.0
294000 : 1.5855556974985219 size: 0.0
295000 : 1.4866878590143682 size: 0.0
296000 : 1.5347632013059542 size: 0.0
297000 : 1.6098202137608029 size: 0.0
298000 : 1.4795980462151999 size: 0.0
299000 : 1.6493631527777834 size: 0.0
300000 : 1.4365550882705103 size: 0.0
301000 : 1.5497788345701353 size: 0.0
302000 : 1.5418289365340019 size: 0.0
303000 : 1.6587712917105824 size: 0.0
304000 : 1.4241080158969655 size: 0.0
305000 : 1.4512109338290864 size: 0.0
306000 : 1.594756769319682 size: 0.0
307000 : 1.4387305828125994 size: 0.0
308000 : 1.4598957137323565 size: 0.0
309000 : 1.4289503594146586 size: 0.0
310000 : 1.5641318186805417 size: 0.0
311000 : 1.3112350282137752 size: 0.0
312000 : 1.4150512375198792 size: 0.0
313000 : 1.3568301227059434 size: 0.0
314000 : 1.4902902076193405 size: 0.0
315000 : 1.6773615843729468 size: 0.0
316000 : 1.622575479044694 size: 0.0
317000 : 1.4589817979256714 size: 0.0
318000 : 1.4562075457846035 size: 0.0
319000 : 1.4607386007042351 size: 0.0
320000 : 1.5027938622850194 size: 0.0
321000 : 1.591715600104475 size: 0.0
322000 : 1.5866698011108111 size: 0.0
323000 : 1.6289390091092688 size: 0.0
324000 : 1.3900057480400299 size: 0.0
325000 : 1.5067415520529241 size: 0.0
326000 : 1.5150269882408909 size: 0.0
327000 : 1.4484217191973932 size: 0.0
328000 : 1.408459830442911 size: 0.0
329000 : 1.5419942118614811 size: 0.0
330000 : 1.5722514635930767 size: 0.0
331000 : 1.4035216925886873 size: 0.0
332000 : 1.472428433466031 size: 0.0
333000 : 1.4150015345337796 size: 0.0
334000 : 1.4089783581352624 size: 0.0
335000 : 1.408517186656974 size: 0.0
336000 : 1.4503272869689532 size: 0.0
337000 : 1.407480303254922 size: 0.0
338000 : 1.4402634641797396 size: 0.0
339000 : 1.4547083730170323 size: 0.0
340000 : 1.466556601800273 size: 0.0
341000 : 1.4213320439293888 size: 0.0
342000 : 1.4694254443993156 size: 0.0
343000 : 1.4173054141247379 size: 0.0
344000 : 1.4407477673245692 size: 0.0
345000 : 1.5124553316625393 size: 0.0
346000 : 1.345830886278687 size: 0.0
347000 : 1.4456901187537392 size: 0.0
348000 : 1.4410461572238162 size: 0.0
349000 : 1.4642967497679358 size: 0.0
350000 : 1.4341676251112327 size: 0.0
351000 : 1.501437951065617 size: 0.0
352000 : 1.5861081057730932 size: 0.0
353000 : 1.5642525505014475 size: 0.0
354000 : 1.5828676086655362 size: 0.0
355000 : 1.3826252845609033 size: 0.0
356000 : 1.4758515761488042 size: 0.0
357000 : 1.486725523214907 size: 0.0
358000 : 1.4892230552707368 size: 0.0
359000 : 1.4661605257553358 size: 0.0
360000 : 1.3673800544578205 size: 0.0
361000 : 1.570660280107294 size: 0.0
362000 : 1.2820474225792209 size: 0.0
363000 : 1.6556384557424655 size: 0.0
364000 : 1.3108777342566078 size: 0.0
365000 : 1.4665182496691305 size: 0.0
366000 : 1.442007884207441 size: 0.0
367000 : 1.3591098387344553 size: 0.0
368000 : 1.508560956516402 size: 0.0
369000 : 1.602521614023487 size: 0.0
370000 : 1.5810660903977483 size: 0.0
371000 : 1.4754315945153973 size: 0.0
372000 : 1.5065924430946263 size: 0.0
373000 : 1.6416256533154656 size: 0.0
374000 : 1.3597871924048783 size: 0.0
375000 : 1.5155245340498371 size: 0.0
376000 : 1.4578444766555156 size: 0.0
377000 : 1.6315698277195172 size: 0.0
378000 : 1.4369806593400702 size: 0.0
379000 : 1.4659415918407877 size: 0.0
380000 : 1.4752632235002026 size: 0.0
381000 : 1.5172835726028617 size: 0.0
382000 : 1.5062269799615426 size: 0.0
383000 : 1.5098743880210412 size: 0.0
384000 : 1.8254565329615149 size: 0.0
385000 : 1.508072009839999 size: 0.0
386000 : 1.5763329558633528 size: 0.0
387000 : 1.4236196711598406 size: 0.0
388000 : 1.4241059521051551 size: 0.0
389000 : 1.5426296877564192 size: 0.0
390000 : 1.531079332924473 size: 0.0
391000 : 1.5700564490201148 size: 0.0
392000 : 1.4112324487487957 size: 0.0
393000 : 1.5756945562633502 size: 0.0
394000 : 1.4921802969523228 size: 0.0
395000 : 1.5066172085963505 size: 0.0
396000 : 1.3957300185913477 size: 0.0
397000 : 1.461583551467924 size: 0.0
398000 : 1.4662788498191295 size: 0.0
399000 : 1.3668721036984972 size: 0.0
400000 : 1.537703244722454 size: 0.0
401000 : 1.5458320047154845 size: 0.0
402000 : 1.537690689988941 size: 0.0
403000 : 1.6560632528900967 size: 0.0
404000 : 1.5165994256177295 size: 0.0
405000 : 1.5759681806608727 size: 0.0
406000 : 1.5045056056090569 size: 0.0
407000 : 1.5356581990210443 size: 0.0
408000 : 1.4638661052101751 size: 0.0
409000 : 1.358329037499538 size: 0.0
410000 : 1.354184169622419 size: 0.0
411000 : 1.3892333739550051 size: 0.0
412000 : 1.3026721840099669 size: 0.0
413000 : 1.5067988222756616 size: 0.0
414000 : 1.3747049675407184 size: 0.0
415000 : 1.4916327041919757 size: 0.0
416000 : 1.4350715659241677 size: 0.0
417000 : 1.4772893511100174 size: 0.0
418000 : 1.4479033634876928 size: 0.0
419000 : 1.3487518396209408 size: 0.0
420000 : 1.412849257649557 size: 0.0
421000 : 1.5413496208860473 size: 0.0
422000 : 1.3986150275595712 size: 0.0
423000 : 1.4125904237600087 size: 0.0
424000 : 1.4688503344148303 size: 0.0
425000 : 1.5592397721767493 size: 0.0
426000 : 1.7421285308613719 size: 0.0
427000 : 1.4699678776801368 size: 0.0
428000 : 1.4102365832089747 size: 0.0
429000 : 1.3874992728863553 size: 0.0
430000 : 1.4372515320151793 size: 0.0
431000 : 1.4754231673655052 size: 0.0
432000 : 1.4446743892177436 size: 0.0
433000 : 1.5527226616049539 size: 0.0
434000 : 1.4261157413631378 size: 0.0
435000 : 1.4303398932423048 size: 0.0
436000 : 1.4630610544214864 size: 0.0
437000 : 1.39068447757166 size: 0.0
438000 : 1.4590569543440985 size: 0.0
439000 : 1.34433652902534 size: 0.0
440000 : 1.3885842254393235 size: 0.0
441000 : 1.477416446289005 size: 0.0
442000 : 1.4125495778804287 size: 0.0
443000 : 1.5159011760552266 size: 0.0
444000 : 1.4524332145287682 size: 0.0
445000 : 1.4672627625647157 size: 0.0
446000 : 1.4138798636848524 size: 0.0
447000 : 1.4872478345255775 size: 0.0
448000 : 1.5955325830577243 size: 0.0
449000 : 1.5387796841342043 size: 0.0
450000 : 1.4289507893712858 size: 0.0
451000 : 1.536877040067709 size: 0.0
452000 : 1.4711524941792797 size: 0.0
453000 : 1.4075328439547605 size: 0.0
454000 : 1.5133300354248276 size: 0.0
455000 : 1.6882494620337696 size: 0.0
456000 : 1.51129737247428 size: 0.0
457000 : 1.3989555532082796 size: 0.0
458000 : 1.3841079469939916 size: 0.0
459000 : 1.5697733655767945 size: 0.0
460000 : 1.4678913591536193 size: 0.0
461000 : 1.633966921907243 size: 0.0
462000 : 1.395319667986389 size: 0.0
463000 : 1.435486216095398 size: 0.0
464000 : 1.6052238054338435 size: 0.0
465000 : 1.5931031561316362 size: 0.0
466000 : 1.561078954645076 size: 0.0
467000 : 1.596827784401372 size: 0.0
468000 : 1.5138122747778469 size: 0.0
469000 : 1.52154289493413 size: 0.0
470000 : 1.4801874307597067 size: 0.0
471000 : 1.4791003284236028 size: 0.0
472000 : 1.58558923411544 size: 0.0
473000 : 1.3270594098936386 size: 0.0
474000 : 1.5800477811219895 size: 0.0
475000 : 1.3947967547364406 size: 0.0
476000 : 1.4619756719118913 size: 0.0
477000 : 1.4179028818538353 size: 0.0
478000 : 1.5078936638310543 size: 0.0
479000 : 1.5444146956897242 size: 0.0
480000 : 1.463428925311682 size: 0.0
481000 : 1.5224728051273453 size: 0.0
482000 : 1.3746664434269251 size: 0.0
483000 : 1.4888658473048948 size: 0.0
484000 : 1.411624741175414 size: 0.0
485000 : 1.3784395708042043 size: 0.0
486000 : 1.3758597450499368 size: 0.0
487000 : 1.3431380679228024 size: 0.0
488000 : 1.4464071144251862 size: 0.0
489000 : 1.6281320665114205 size: 0.0
490000 : 1.4766650540873854 size: 0.0
491000 : 1.3042982799738747 size: 0.0
492000 : 1.6001088694145327 size: 0.0
493000 : 1.5075656929158587 size: 0.0
494000 : 1.5200397665655891 size: 0.0
495000 : 1.440976934206844 size: 0.0
496000 : 1.4561225863550773 size: 0.0
497000 : 1.4445612246334758 size: 0.0
498000 : 1.5715033390618234 size: 0.0
499000 : 1.4560861260330944 size: 0.0
500000 : 1.3689963474106293 size: 0.0
501000 : 1.4533885781543112 size: 0.0
502000 : 1.4393481725118478 size: 0.0
503000 : 1.4467741254021276 size: 0.0
504000 : 1.6106290481678107 size: 0.0
505000 : 1.8295799889986015 size: 0.0
506000 : 1.4866427995598421 size: 0.0
507000 : 1.481729083242041 size: 0.0
508000 : 1.5988188275504107 size: 0.0
509000 : 1.4031287982227911 size: 0.0
510000 : 1.5147370254915362 size: 0.0
511000 : 1.334305898887743 size: 0.0
512000 : 1.3432068609831476 size: 0.0
513000 : 1.598766028876596 size: 0.0
514000 : 1.4768772806785502 size: 0.0
515000 : 1.6206257117318623 size: 0.0
516000 : 1.591975121924627 size: 0.0
517000 : 1.317455038756205 size: 0.0
518000 : 1.3546208335729597 size: 0.0
519000 : 1.3411121122956386 size: 0.0
520000 : 1.5094217296839703 size: 0.0
521000 : 1.3853702996513246 size: 0.0
522000 : 1.4376124376080148 size: 0.0
523000 : 1.5770115994036575 size: 0.0
524000 : 1.3881846237500437 size: 0.0
525000 : 1.4187184235842267 size: 0.0
526000 : 1.581264214411542 size: 0.0
527000 : 1.5259224331383516 size: 0.0
528000 : 1.3903969225794175 size: 0.0
529000 : 1.3570340081385412 size: 0.0
530000 : 1.3383769002163166 size: 0.0
531000 : 1.2803572630778666 size: 0.0
532000 : 1.50288965662155 size: 0.0
533000 : 1.594438429432935 size: 0.0
534000 : 1.5342018499335381 size: 0.0
535000 : 1.3394500719577005 size: 0.0
536000 : 1.5332850104217883 size: 0.0
537000 : 1.4211831069537417 size: 0.0
538000 : 1.3750511686169054 size: 0.0
539000 : 1.2873651261438988 size: 0.0
540000 : 1.5704287914592328 size: 0.0
541000 : 1.501732557346545 size: 0.0
542000 : 1.6078573757665058 size: 0.0
543000 : 1.3909273170746783 size: 0.0
544000 : 1.5746351431340353 size: 0.0
545000 : 1.575745979075958 size: 0.0
546000 : 1.477018994382861 size: 0.0
547000 : 1.4086064456527716 size: 0.0
548000 : 1.5830949697299768 size: 0.0
549000 : 1.4992097438410383 size: 0.0
550000 : 1.4851541177339735 size: 0.0
551000 : 1.5865599041969098 size: 0.0
552000 : 1.5177260839635318 size: 0.0
553000 : 1.4334134811871995 size: 0.0
554000 : 1.4238690460035914 size: 0.0
555000 : 1.4521453155712238 size: 0.0
556000 : 1.5138704049138385 size: 0.0
557000 : 1.4287023604321145 size: 0.0
558000 : 1.5462224053329432 size: 0.0
559000 : 1.570918426066239 size: 0.0
560000 : 1.3760904597760693 size: 0.0
561000 : 1.4470111174950164 size: 0.0
562000 : 1.3792613899013522 size: 0.0
563000 : 1.5877761655038116 size: 0.0
564000 : 1.4647495800876575 size: 0.0
565000 : 1.3386093347689576 size: 0.0
566000 : 1.5136750326224584 size: 0.0
567000 : 1.5479016439359676 size: 0.0
568000 : 1.454116064767461 size: 0.0
569000 : 1.2825353373597186 size: 0.0
570000 : 1.5202224121408054 size: 0.0
571000 : 1.6022228801589384 size: 0.0
572000 : 1.3769641316424523 size: 0.0
573000 : 1.2969553947039616 size: 0.0
574000 : 1.418959887226038 size: 0.0
575000 : 1.663933007010928 size: 0.0
576000 : 1.3547395875933805 size: 0.0
577000 : 1.2263846356881947 size: 0.0
578000 : 1.4442256864816425 size: 0.0
579000 : 1.4815024101082037 size: 0.0
580000 : 1.4833450322295478 size: 0.0
581000 : 1.5145292704492939 size: 0.0
582000 : 1.4572845011443063 size: 0.0
583000 : 1.5100646008328955 size: 0.0
584000 : 1.4451316910863878 size: 0.0
585000 : 1.3855707454309052 size: 0.0
586000 : 1.4430494971323917 size: 0.0
587000 : 1.6559241189255487 size: 0.0
588000 : 1.6132015646594167 size: 0.0
589000 : 1.5482939363625858 size: 0.0
590000 : 1.51660750880232 size: 0.0
591000 : 1.5246270598120528 size: 0.0
592000 : 1.410611763361832 size: 0.0
593000 : 1.3798425192786177 size: 0.0
594000 : 1.5141999236728916 size: 0.0
595000 : 1.3791775483590567 size: 0.0
596000 : 1.5335170150178024 size: 0.0
597000 : 1.5726573426491128 size: 0.0
598000 : 1.46092296610596 size: 0.0
599000 : 1.370591744471358 size: 0.0
600000 : 1.4765598007050573 size: 0.0
601000 : 1.4686702685793769 size: 0.0
602000 : 1.3210656425284188 size: 0.0
603000 : 1.4935023275895052 size: 0.0
604000 : 1.4810203427378352 size: 0.0
605000 : 1.3128554487502047 size: 0.0
606000 : 1.458054811437521 size: 0.0
607000 : 1.437107754519058 size: 0.0
608000 : 1.5131613204443313 size: 0.0
609000 : 1.3246188040952445 size: 0.0
610000 : 1.4530459887137925 size: 0.0
611000 : 1.3528771014758616 size: 0.0
612000 : 1.3696259758954379 size: 0.0
613000 : 1.5619760161519765 size: 0.0
614000 : 1.3945380068382176 size: 0.0
615000 : 1.456458812437514 size: 0.0
616000 : 1.5051782297565812 size: 0.0
617000 : 1.4402876277421859 size: 0.0
618000 : 1.4865167362767597 size: 0.0
619000 : 1.41763871650211 size: 0.0
620000 : 1.5134745008515524 size: 0.0
621000 : 1.4473762366627982 size: 0.0
622000 : 1.5127710918095234 size: 0.0
623000 : 1.450001551828219 size: 0.0
624000 : 1.325367960522403 size: 0.0
625000 : 1.4549768379350292 size: 0.0
626000 : 1.406248649500768 size: 0.0
627000 : 1.540834704829364 size: 0.0
628000 : 1.2579887695500225 size: 0.0
629000 : 1.3691115757867074 size: 0.0
630000 : 1.372120756228854 size: 0.0
631000 : 1.337705651929999 size: 0.0
632000 : 1.6350911724959332 size: 0.0
633000 : 1.3756456266496127 size: 0.0
634000 : 1.5472653081277752 size: 0.0
635000 : 1.3833337670911328 size: 0.0
636000 : 1.4080246283449027 size: 0.0
637000 : 1.489898603123326 size: 0.0
638000 : 1.4285267661455836 size: 0.0
639000 : 1.4851544616992753 size: 0.0
640000 : 1.3207221931746458 size: 0.0
641000 : 1.4020438456698232 size: 0.0
642000 : 1.3730803334293429 size: 0.0
643000 : 1.4186482546626746 size: 0.0
644000 : 1.4568898009605762 size: 0.0
645000 : 1.50082861653361 size: 0.0
646000 : 1.5013345894924484 size: 0.0
647000 : 1.265131037057704 size: 0.0
648000 : 1.6557478367084142 size: 0.0
649000 : 1.2238206323378067 size: 0.0
650000 : 1.6173171094945635 size: 0.0
651000 : 1.2454455588746454 size: 0.0
652000 : 1.321590705561503 size: 0.0
653000 : 1.372780395686238 size: 0.0
654000 : 1.3838201340277727 size: 0.0
655000 : 1.4456498748134374 size: 0.0
656000 : 1.365457632386476 size: 0.0
657000 : 1.424208195791093 size: 0.0
658000 : 1.3611481771124814 size: 0.0
659000 : 1.2983339216419525 size: 0.0
660000 : 1.4560747751781373 size: 0.0
661000 : 1.3484176773303145 size: 0.0
662000 : 1.4545635636250058 size: 0.0
663000 : 1.3564143546474825 size: 0.0
664000 : 1.3903198743518308 size: 0.0
665000 : 1.333406945571683 size: 0.0
666000 : 1.3528119200511846 size: 0.0
667000 : 1.4351594490587587 size: 0.0
668000 : 1.3482295283102705 size: 0.0
669000 : 1.443205829362026 size: 0.0
670000 : 1.379953792053726 size: 0.0
671000 : 1.4581155213132755 size: 0.0
672000 : 1.7435571907420893 size: 0.0
673000 : 1.5535578093575437 size: 0.0
674000 : 1.5131767988829088 size: 0.0
675000 : 1.4321745181703838 size: 0.0
676000 : 1.412442002732314 size: 0.0
677000 : 1.4658058975292567 size: 0.0
678000 : 1.4035361391313597 size: 0.0
679000 : 1.3942583630479146 size: 0.0
680000 : 1.6177609967164406 size: 0.0
681000 : 1.4478646673912485 size: 0.0
682000 : 1.5098024992729806 size: 0.0
683000 : 1.4823611194839617 size: 0.0
684000 : 1.3228886586275646 size: 0.0
685000 : 1.4788160411017266 size: 0.0
686000 : 1.4569286690396712 size: 0.0
687000 : 1.6735047014446975 size: 0.0
688000 : 1.6344761625364477 size: 0.0
689000 : 1.5373955677600604 size: 0.0
690000 : 1.3650905354182095 size: 0.0
691000 : 1.4757163977852261 size: 0.0
692000 : 1.7377699745405557 size: 0.0
693000 : 1.5546877353737123 size: 0.0
694000 : 1.5414648492621252 size: 0.0
695000 : 1.5435580501057766 size: 0.0
696000 : 1.5134868836024145 size: 0.0
697000 : 1.5463964517756164 size: 0.0
698000 : 1.4872431909940043 size: 0.0
699000 : 1.515823955844989 size: 0.0
700000 : 1.3428764823108401 size: 0.0
701000 : 1.4060395185973187 size: 0.0
702000 : 1.4222684894633368 size: 0.0
703000 : 1.5056197092213461 size: 0.0
704000 : 1.4256897403369506 size: 0.0
705000 : 1.2180267088128893 size: 0.0
706000 : 1.3602856841184043 size: 0.0
707000 : 1.5546529948782382 size: 0.0
708000 : 1.488785359424291 size: 0.0
709000 : 1.4232947099410351 size: 0.0
710000 : 1.4342480270005111 size: 0.0
711000 : 1.6350631393238426 size: 0.0
712000 : 1.547246905984133 size: 0.0
713000 : 1.4391308724324825 size: 0.0
714000 : 1.4052326619907958 size: 0.0
715000 : 1.2622996006852243 size: 0.0
716000 : 1.4433514986673068 size: 0.0
717000 : 1.498214996188448 size: 0.0
718000 : 1.5940623033754981 size: 0.0
719000 : 1.4820150903904257 size: 0.0
720000 : 1.470635858296088 size: 0.0
721000 : 1.4144512760423442 size: 0.0
722000 : 1.5587308755128462 size: 0.0
723000 : 1.4608567527853777 size: 0.0
724000 : 1.4771240757825383 size: 0.0
725000 : 1.479699343996558 size: 0.0
726000 : 1.4470520493659218 size: 0.0
727000 : 1.43666464121911 size: 0.0
728000 : 1.4731136123470685 size: 0.0
729000 : 1.5518532893048425 size: 0.0
730000 : 1.4533190971633625 size: 0.0
731000 : 1.462529971995622 size: 0.0
732000 : 1.4790728111994647 size: 0.0
733000 : 1.3445165948607933 size: 0.0
734000 : 1.5441954178098742 size: 0.0
735000 : 1.4976655116189412 size: 0.0
736000 : 1.5757593937227254 size: 0.0
737000 : 1.620071927596084 size: 0.0
738000 : 1.2637325601322131 size: 0.0
739000 : 1.239306982117399 size: 0.0
740000 : 1.342026544050276 size: 0.0
741000 : 1.3696256319301363 size: 0.0
742000 : 1.359983252626862 size: 0.0
743000 : 1.5428773427736615 size: 0.0
744000 : 1.5209103427442567 size: 0.0
745000 : 1.5470766431597787 size: 0.0
746000 : 1.3047417372391243 size: 0.0
747000 : 1.4482917003133409 size: 0.0
748000 : 1.2748930302946535 size: 0.0
749000 : 1.4152265738324337 size: 0.0
750000 : 1.4821621355569135 size: 0.0
751000 : 1.482987480298404 size: 0.0
752000 : 1.3295324344217203 size: 0.0
753000 : 1.3800173396432198 size: 0.0
754000 : 1.5056314040416048 size: 0.0
755000 : 1.505360359383845 size: 0.0
756000 : 1.2011691413579677 size: 0.0
757000 : 1.6214612034497538 size: 0.0
758000 : 1.386018158297125 size: 0.0
759000 : 1.5018183766893254 size: 0.0
760000 : 1.530968748079968 size: 0.0
761000 : 1.6537992732741387 size: 0.0
762000 : 1.3094155377589722 size: 0.0
763000 : 1.5311037544608954 size: 0.0
764000 : 1.4282710279437505 size: 0.0
765000 : 1.4860066357343007 size: 0.0
766000 : 1.4414585716205852 size: 0.0
767000 : 1.6137666996501518 size: 0.0
768000 : 1.3492237600149084 size: 0.0
769000 : 1.3019236295220864 size: 0.0
770000 : 1.446442714833915 size: 0.0
771000 : 1.456784719560899 size: 0.0
772000 : 1.5763305481062408 size: 0.0
773000 : 1.4653974387334576 size: 0.0
774000 : 1.5190087305736666 size: 0.0
775000 : 1.4614473412084406 size: 0.0
776000 : 1.3633603039592042 size: 0.0
777000 : 1.3346994811842425 size: 0.0
778000 : 1.260006470009945 size: 0.0
779000 : 1.3905225559058727 size: 0.0
780000 : 1.3268439156321075 size: 0.0
781000 : 1.4933231216673062 size: 0.0
782000 : 1.4698469738765803 size: 0.0
783000 : 1.4581445863812712 size: 0.0
784000 : 1.4580037325902147 size: 0.0
785000 : 1.389001541341642 size: 0.0
786000 : 1.4451586923625732 size: 0.0
787000 : 1.5430916331566367 size: 0.0
788000 : 1.4504784597190616 size: 0.0
789000 : 1.3066356101904257 size: 0.0
790000 : 1.491926794524951 size: 0.0
791000 : 1.533970017320175 size: 0.0
792000 : 1.435530673610646 size: 0.0
793000 : 1.539609844389919 size: 0.0
794000 : 1.4500423117164736 size: 0.0
795000 : 1.4559628144724257 size: 0.0
796000 : 1.463495482597566 size: 0.0
797000 : 1.3338539284812756 size: 0.0
798000 : 1.442299480791979 size: 0.0
799000 : 1.3755659126909376 size: 0.0
800000 : 1.5545429259816859 size: 0.0
801000 : 1.4018701431924516 size: 0.0
802000 : 1.4631322552389436 size: 0.0
803000 : 1.4650930294414304 size: 0.0
804000 : 1.3350633104821428 size: 0.0
805000 : 1.4633281434782763 size: 0.0
806000 : 1.5766535315245611 size: 0.0
807000 : 1.4274544543174539 size: 0.0
808000 : 1.425149198865289 size: 0.0
809000 : 1.4492726893538623 size: 0.0
810000 : 1.4332853541123065 size: 0.0
811000 : 1.487499273161139 size: 0.0
812000 : 1.3245631677076903 size: 0.0
813000 : 1.5956089433547074 size: 0.0
814000 : 1.4177338229080372 size: 0.0
815000 : 1.4795141186815788 size: 0.0
816000 : 1.378533215357599 size: 0.0
817000 : 1.553177555716486 size: 0.0
818000 : 1.448379411465281 size: 0.0
819000 : 1.399338730554402 size: 0.0
820000 : 1.3126895714834474 size: 0.0
821000 : 1.331956787859608 size: 0.0
822000 : 1.4536198948197216 size: 0.0
823000 : 1.4586371446933424 size: 0.0
824000 : 1.335108025971367 size: 0.0
825000 : 1.5524344186821077 size: 0.0
826000 : 1.3594906943147909 size: 0.0
827000 : 1.3565771362265242 size: 0.0
828000 : 1.425405968963027 size: 0.0
829000 : 1.2162756674531296 size: 0.0
830000 : 1.4123310739225075 size: 0.0
831000 : 1.5044724129574403 size: 0.0
832000 : 1.5679610124020023 size: 0.0
833000 : 1.513828441147028 size: 0.0
834000 : 1.5652904657994045 size: 0.0
835000 : 1.4075998311972715 size: 0.0
836000 : 1.3290324808556622 size: 0.0
837000 : 1.388133286928761 size: 0.0
838000 : 1.438445435577469 size: 0.0
839000 : 1.3349852303586511 size: 0.0
840000 : 1.453391329876725 size: 0.0
841000 : 1.3176513569521648 size: 0.0
842000 : 1.4256375436024138 size: 0.0
843000 : 1.4010751533888384 size: 0.0
844000 : 1.4105078858407107 size: 0.0
845000 : 1.4093561180278826 size: 0.0
846000 : 1.420360169969363 size: 0.0
847000 : 1.2991308032547253 size: 0.0
848000 : 1.3872529937303197 size: 0.0
849000 : 1.5029897505243521 size: 0.0
850000 : 1.442306274106688 size: 0.0
851000 : 1.5271505612481628 size: 0.0
852000 : 1.3852298758168953 size: 0.0
853000 : 1.593884645297157 size: 0.0
854000 : 1.5322460632279262 size: 0.0
855000 : 1.5007412493469716 size: 0.0
856000 : 1.3809782927049157 size: 0.0
857000 : 1.5298162923365364 size: 0.0
858000 : 1.5254735584195998 size: 0.0
859000 : 1.4826514261986181 size: 0.0
860000 : 1.3518607700005878 size: 0.0
861000 : 1.3303977651295364 size: 0.0
862000 : 1.595724515696087 size: 0.0
863000 : 1.4945909777694668 size: 0.0
864000 : 1.45066351305139 size: 0.0
865000 : 1.6406214466170777 size: 0.0
866000 : 1.4424139352461283 size: 0.0
867000 : 1.4077111039723798 size: 0.0
868000 : 1.2580654738123074 size: 0.0
869000 : 1.505410406335246 size: 0.0
870000 : 1.517155445527969 size: 0.0
871000 : 1.5083554372486208 size: 0.0
872000 : 1.4263309776506927 size: 0.0
873000 : 1.4846065249736264 size: 0.0
874000 : 1.4384493911784388 size: 0.0
875000 : 1.487156855703271 size: 0.0
876000 : 1.3261337132753694 size: 0.0
877000 : 1.4307406988101405 size: 0.0
878000 : 1.3226422074888782 size: 0.0
879000 : 1.525259955967228 size: 0.0
880000 : 1.330159483166766 size: 0.0
881000 : 1.4339158425103697 size: 0.0
882000 : 1.2759901076245073 size: 0.0
883000 : 1.5571759803663954 size: 0.0
884000 : 1.4966828027519112 size: 0.0
885000 : 1.5216101401506175 size: 0.0
886000 : 1.532128427094736 size: 0.0
887000 : 1.5598546101535837 size: 0.0
888000 : 1.3914705242774286 size: 0.0
889000 : 1.4389616415040336 size: 0.0
890000 : 1.4126147593051057 size: 0.0
891000 : 1.409129960841998 size: 0.0
892000 : 1.3976248374472287 size: 0.0
893000 : 1.3674531470844373 size: 0.0
894000 : 1.2829193746190952 size: 0.0
895000 : 1.5541846861199387 size: 0.0
896000 : 1.6128328338559668 size: 0.0
897000 : 1.4582027165172629 size: 0.0
898000 : 1.4142311382492398 size: 0.0
899000 : 1.337936280664806 size: 0.0
900000 : 1.403932043193646 size: 0.0
901000 : 1.414100603417235 size: 0.0
902000 : 1.4232231651582763 size: 0.0
903000 : 1.4118544240056412 size: 0.0
904000 : 1.4480106806618311 size: 0.0
905000 : 1.392327513826678 size: 0.0
906000 : 1.5187242712691396 size: 0.0
907000 : 1.5286086301621777 size: 0.0
908000 : 1.3387668708771479 size: 0.0
909000 : 1.4470797385727108 size: 0.0
910000 : 1.491098354095745 size: 0.0
911000 : 1.5318983143078815 size: 0.0
912000 : 1.3729973518003016 size: 0.0
913000 : 1.3526229971092119 size: 0.0
914000 : 1.404764869180449 size: 0.0
915000 : 1.405392347882122 size: 0.0
916000 : 1.3505194773065088 size: 0.0
917000 : 1.5223861258713105 size: 0.0
918000 : 1.4158150124723607 size: 0.0
919000 : 1.5213772756413493 size: 0.0
920000 : 1.4987245807829543 size: 0.0
921000 : 1.428450147874624 size: 0.0
922000 : 1.5051921603513012 size: 0.0
923000 : 1.5782455749235982 size: 0.0
924000 : 1.5024160164010738 size: 0.0
925000 : 1.5338212523271786 size: 0.0
926000 : 1.3102119894151179 size: 0.0
927000 : 1.381491832900392 size: 0.0
928000 : 1.4239509957367276 size: 0.0
929000 : 1.3456379217444188 size: 0.0
930000 : 1.4381182385842024 size: 0.0
931000 : 1.256146663376631 size: 0.0
932000 : 1.4033917596959604 size: 0.0
933000 : 1.4847922662365582 size: 0.0
934000 : 1.5333316177201723 size: 0.0
935000 : 1.4756410693841482 size: 0.0
936000 : 1.5041213963670295 size: 0.0
937000 : 1.2802463342680601 size: 0.0
938000 : 1.5050538863000076 size: 0.0
939000 : 1.4825547719488332 size: 0.0
940000 : 1.4390398076188506 size: 0.0
941000 : 1.4996959387950275 size: 0.0
942000 : 1.3855505374694288 size: 0.0
943000 : 1.4636831156696573 size: 0.0
944000 : 1.4175766307651485 size: 0.0
945000 : 1.2817541061681743 size: 0.0
946000 : 1.399603841810707 size: 0.0
947000 : 1.3266046877647573 size: 0.0
948000 : 1.3654480013580277 size: 0.0
949000 : 1.4351477542385 size: 0.0
950000 : 1.3327110177749668 size: 0.0
951000 : 1.2768917266716555 size: 0.0
952000 : 1.4232111263727159 size: 0.0
953000 : 1.3103531871714762 size: 0.0
954000 : 1.450247315036302 size: 0.0
955000 : 1.354820849395913 size: 0.0
956000 : 1.390675104517188 size: 0.0
957000 : 1.4397905118898668 size: 0.0
958000 : 1.3455627653259918 size: 0.0
959000 : 1.4089047495606932 size: 0.0
960000 : 1.3429612697577156 size: 0.0
961000 : 1.4037557609765114 size: 0.0
962000 : 1.4280621550142776 size: 0.0
963000 : 1.53304612651974 size: 0.0
964000 : 1.5425306257495222 size: 0.0
965000 : 1.4975014401700182 size: 0.0
966000 : 1.5195377492077207 size: 0.0
967000 : 1.459956423608111 size: 0.0
968000 : 1.3171987846064195 size: 0.0
969000 : 1.321346920153905 size: 0.0
970000 : 1.3825020589915602 size: 0.0
971000 : 1.3942513117592292 size: 0.0
972000 : 1.4649563032339945 size: 0.0
973000 : 1.3044592557350823 size: 0.0
974000 : 1.2710045025586454 size: 0.0
975000 : 1.5227474614207732 size: 0.0
976000 : 1.398535657566198 size: 0.0
977000 : 1.5001721587552668 size: 0.0
978000 : 1.4564796223382683 size: 0.0
979000 : 1.3471824119404923 size: 0.0
980000 : 1.4239709457242278 size: 0.0
981000 : 1.2552789249117027 size: 0.0
982000 : 1.2890337878138953 size: 0.0
983000 : 1.3723503530677557 size: 0.0
984000 : 1.2153660512127165 size: 0.0
985000 : 1.514364855035069 size: 0.0
986000 : 1.4994032243232591 size: 0.0
987000 : 1.4164928820907365 size: 0.0
988000 : 1.443682049322265 size: 0.0
989000 : 1.3550119221210217 size: 0.0
990000 : 1.5607852082774023 size: 0.0
991000 : 1.31225454136809 size: 0.0
992000 : 1.3605771087202914 size: 0.0
993000 : 1.40380830167635 size: 0.0
994000 : 1.3559806144020066 size: 0.0
995000 : 1.3013440479886789 size: 0.0
996000 : 1.4541318871713402 size: 0.0
997000 : 1.4960131023094514 size: 0.0
998000 : 1.4258240587872746 size: 0.0
999000 : 1.2774797353549554 size: 0.0
1000000 : 1.592686098203294 size: 0.0
1001000 : 1.4978546925348903 size: 0.0
1002000 : 1.3452040955076174 size: 0.0
1003000 : 1.3077781769314327 size: 0.0
1004000 : 1.255851455156425 size: 0.0
1005000 : 1.3503731200706246 size: 0.0
1006000 : 1.346297905167105 size: 0.0
1007000 : 1.5046036357200487 size: 0.0
1008000 : 1.4699582466516885 size: 0.0
1009000 : 1.2949753584445782 size: 0.0
1010000 : 1.5149207029626577 size: 0.0
1011000 : 1.3807889398063158 size: 0.0
1012000 : 1.3766470816255867 size: 0.0
1013000 : 1.3931689389460242 size: 0.0
1014000 : 1.3863253193115659 size: 0.0
1015000 : 1.332708094069902 size: 0.0
1016000 : 1.3693613805870855 size: 0.0
1017000 : 1.3918312578876133 size: 0.0
1018000 : 1.5251450715564516 size: 0.0
1019000 : 1.375750192101337 size: 0.0
1020000 : 1.4846287107355878 size: 0.0
1021000 : 1.3106324869964774 size: 0.0
1022000 : 1.3334888953048192 size: 0.0
1023000 : 1.3418420926572259 size: 0.0
1024000 : 1.526098887338137 size: 0.0
1025000 : 1.4418027948962873 size: 0.0
1026000 : 1.505483154996561 size: 0.0
1027000 : 1.4191221528571272 size: 0.0
1028000 : 1.3265908431613629 size: 0.0
1029000 : 1.341355553737935 size: 0.0
1030000 : 1.4422921715293173 size: 0.0
1031000 : 1.2811571543870295 size: 0.0
1032000 : 1.3736570772490113 size: 0.0
1033000 : 1.5396555917750485 size: 0.0
1034000 : 1.4417818130128819 size: 0.0
1035000 : 1.5278679008849116 size: 0.0
1036000 : 1.2717115232363423 size: 0.0
1037000 : 1.2841198135221177 size: 0.0
1038000 : 1.6945560658409087 size: 0.0
1039000 : 1.4836375747186654 size: 0.0
1040000 : 1.369455541088433 size: 0.0
1041000 : 1.309480117244371 size: 0.0
1042000 : 1.4280131399587819 size: 0.0
1043000 : 1.405268606364826 size: 0.0
1044000 : 1.3658028015667578 size: 0.0
1045000 : 1.3976152924101057 size: 0.0
1046000 : 1.3744639338555342 size: 0.0
1047000 : 1.3453662751473812 size: 0.0
1048000 : 1.2892046525775274 size: 0.0
1049000 : 1.4610237479393655 size: 0.0
1050000 : 1.3720691614335951 size: 0.0
1051000 : 1.5215979293824062 size: 0.0
1052000 : 1.4202833797157528 size: 0.0
1053000 : 1.466188042979474 size: 0.0
1054000 : 1.4087959705340225 size: 0.0
1055000 : 1.4200469035708165 size: 0.0
1056000 : 1.4345891545884975 size: 0.0
1057000 : 1.4818683891892397 size: 0.0
1058000 : 1.2871115377252016 size: 0.0
1059000 : 1.4551680826427886 size: 0.0
1060000 : 1.2622290877983704 size: 0.0
1061000 : 1.4157085552114768 size: 0.0
1062000 : 1.2480516119831695 size: 0.0
1063000 : 1.4501614956935214 size: 0.0
1064000 : 1.3491621902258994 size: 0.0
1065000 : 1.468098254282607 size: 0.0
1066000 : 1.274755616156614 size: 0.0
1067000 : 1.2269139122962252 size: 0.0
1068000 : 1.5042147829464478 size: 0.0
1069000 : 1.3640922621212763 size: 0.0
1070000 : 1.3632436137305937 size: 0.0
1071000 : 1.3791686912525372 size: 0.0
1072000 : 1.434067187243129 size: 0.0
1073000 : 1.2370754212311288 size: 0.0
1074000 : 1.3746886291888865 size: 0.0
1075000 : 1.3673096275622922 size: 0.0
1076000 : 1.4080237684316483 size: 0.0
1077000 : 1.3983324600642038 size: 0.0
1078000 : 1.5241602988976113 size: 0.0
1079000 : 1.3537014143214472 size: 0.0
1080000 : 1.3760773890946036 size: 0.0
1081000 : 1.642857565043596 size: 0.0
1082000 : 1.4300534561372926 size: 0.0
1083000 : 1.4811826943602497 size: 0.0
1084000 : 1.263095450402092 size: 0.0
1085000 : 1.2610949482072558 size: 0.0
1086000 : 1.2892812708484869 size: 0.0
1087000 : 1.3657186160591603 size: 0.0
1088000 : 1.4003571258214862 size: 0.0
1089000 : 1.4344619734181845 size: 0.0
1090000 : 1.3875457082020883 size: 0.0
1091000 : 1.3922172729474749 size: 0.0
1092000 : 1.3647721955314625 size: 0.0
1093000 : 1.317586605484115 size: 0.0
1094000 : 1.3651065298047396 size: 0.0
1095000 : 1.4578246986506664 size: 0.0
1096000 : 1.3109749044543453 size: 0.0
1097000 : 1.3233112200007344 size: 0.0
1098000 : 1.4618576918133994 size: 0.0
1099000 : 1.4195615685300815 size: 0.0
1100000 : 1.5173709397895 size: 0.0
1101000 : 1.5259680085408303 size: 0.0
1102000 : 1.622916520641355 size: 0.0
1103000 : 1.3925808442713987 size: 0.0
1104000 : 1.4189905861292171 size: 0.0
1105000 : 1.393117086176789 size: 0.0
1106000 : 1.598769640512264 size: 0.0
1107000 : 1.327939101152802 size: 0.0
1108000 : 1.4551140800904176 size: 0.0
1109000 : 1.3544168621490364 size: 0.0
1110000 : 1.4244737370040252 size: 0.0
1111000 : 1.418646104879539 size: 0.0
1112000 : 1.3833977446372536 size: 0.0
1113000 : 1.5384484455486425 size: 0.0
1114000 : 1.2234007366957251 size: 0.0
1115000 : 1.3734944676526206 size: 0.0
1116000 : 1.4393012212481622 size: 0.0
1117000 : 1.3463903458419437 size: 0.0
1118000 : 1.2979928800452916 size: 0.0
1119000 : 1.3868449648911478 size: 0.0
1120000 : 1.3081230881377381 size: 0.0
1121000 : 1.4091931644661901 size: 0.0
1122000 : 1.359666116618671 size: 0.0
1123000 : 1.5754840494986941 size: 0.0
1124000 : 1.4399256902534452 size: 0.0
1125000 : 1.5674705178817414 size: 0.0
1126000 : 1.354398631988045 size: 0.0
1127000 : 1.3892132519848541 size: 0.0
1128000 : 1.4400393707856654 size: 0.0
1129000 : 1.4315127289298637 size: 0.0
1130000 : 1.35947057234464 size: 0.0
1131000 : 1.4480729383814435 size: 0.0
1132000 : 1.4605102077438892 size: 0.0
1133000 : 1.363060882164052 size: 0.0
1134000 : 1.530629254327165 size: 0.0
1135000 : 1.424139832687375 size: 0.0
1136000 : 1.437982028324719 size: 0.0
1137000 : 1.3684775617443017 size: 0.0
1138000 : 1.314423070612819 size: 0.0
1139000 : 1.418739577450283 size: 0.0
1140000 : 1.4014914373952518 size: 0.0
1141000 : 1.499547517767333 size: 0.0
1142000 : 1.4639113366473522 size: 0.0
1143000 : 1.5157682334661096 size: 0.0
1144000 : 1.4629490937157748 size: 0.0
1145000 : 1.4697747411632178 size: 0.0
1146000 : 1.467447815897044 size: 0.0
1147000 : 1.5786646966437508 size: 0.0
1148000 : 1.1994400277861932 size: 0.0
1149000 : 1.379953792053726 size: 0.0
1150000 : 1.2217871094740047 size: 0.0
1151000 : 1.4652230483254827 size: 0.0
1152000 : 1.517471205674953 size: 0.0
1153000 : 1.539200009732913 size: 0.0
1154000 : 1.5044774004543153 size: 0.0
1155000 : 1.4821850092494782 size: 0.0
1156000 : 1.4088482532598847 size: 0.0
1157000 : 1.567704414286915 size: 0.0
1158000 : 1.4347198614031533 size: 0.0
1159000 : 1.3220241878330026 size: 0.0
1160000 : 1.3946444640991016 size: 0.0
1161000 : 1.4487001591091402 size: 0.0
1162000 : 1.4261884040331274 size: 0.0
1163000 : 1.5711261811084813 size: 0.0
1164000 : 1.3609531487864028 size: 0.0
1165000 : 1.3700211920271208 size: 0.0
1166000 : 1.3259296558601208 size: 0.0
1167000 : 1.3031713636540962 size: 0.0
1168000 : 1.4123620307996627 size: 0.0
1169000 : 1.3035885935650893 size: 0.0
1170000 : 1.3698054397916133 size: 0.0
1171000 : 1.3659147622724694 size: 0.0
1172000 : 1.2931317904186543 size: 0.0
1173000 : 1.4204268992378979 size: 0.0
1174000 : 1.5936440415685997 size: 0.0
1175000 : 1.3921623244905241 size: 0.0
1176000 : 1.368693313979809 size: 0.0
1177000 : 1.3920689379111055 size: 0.0
1178000 : 1.3036912672076544 size: 0.0
1179000 : 1.2895176610020977 size: 0.0
1180000 : 1.352183925401559 size: 0.0
1181000 : 1.5776912748398673 size: 0.0
1182000 : 1.4927390685849762 size: 0.0
1183000 : 1.3860152345920602 size: 0.0
1184000 : 1.5224427081634444 size: 0.0
1185000 : 1.5037034785254328 size: 0.0
1186000 : 1.4726910509738984 size: 0.0
1187000 : 1.3476127125329511 size: 0.0
1188000 : 1.2343843227017528 size: 0.0
1189000 : 1.445311928904492 size: 0.0
1190000 : 1.538199586652844 size: 0.0
1191000 : 1.5958603819902688 size: 0.0
1192000 : 1.3361312367526754 size: 0.0
1193000 : 1.3875792448190065 size: 0.0
1194000 : 1.3986653324849487 size: 0.0
1195000 : 1.5272633818671288 size: 0.0
1196000 : 1.5604065024802025 size: 0.0
1197000 : 1.401023042645627 size: 0.0
1198000 : 1.3386512985357681 size: 0.0
1199000 : 1.4766683217577519 size: 0.0
1200000 : 1.4264509355496695 size: 0.0
1201000 : 1.2869020628564507 size: 0.0
1202000 : 1.3740071479348426 size: 0.0
1203000 : 1.551482838674884 size: 0.0
1204000 : 1.3690289381229677 size: 0.0
1205000 : 1.4866262892253592 size: 0.0
1206000 : 1.4638191539464898 size: 0.0
1207000 : 1.5350349338943174 size: 0.0
1208000 : 1.4721269478790684 size: 0.0
1209000 : 1.3596131459622052 size: 0.0
1210000 : 1.3566860872358457 size: 0.0
1211000 : 1.5063349850662846 size: 0.0
1212000 : 1.2850704476247619 size: 0.0
1213000 : 1.472814362534567 size: 0.0
1214000 : 1.6086708537050867 size: 0.0
1215000 : 1.441780007195048 size: 0.0
1216000 : 1.4184823773959174 size: 0.0
1217000 : 1.3275951358510762 size: 0.0
1218000 : 1.4241456800975043 size: 0.0
1219000 : 1.446861492588766 size: 0.0
1220000 : 1.3418689219507605 size: 0.0
1221000 : 1.4623803470893715 size: 0.0
1222000 : 1.4106306814534268 size: 0.0
1223000 : 1.49047147733335 size: 0.0
1224000 : 1.347690620673792 size: 0.0
1225000 : 1.4722334051399526 size: 0.0
1226000 : 1.4562285276680087 size: 0.0
1227000 : 1.2049382271429516 size: 0.0
1228000 : 1.520669223067747 size: 0.0
1229000 : 1.3809222263607344 size: 0.0
1230000 : 1.5512580573502062 size: 0.0
1231000 : 1.4047767359833585 size: 0.0
1232000 : 1.3244783802608149 size: 0.0
1233000 : 1.3147867279280685 size: 0.0
1234000 : 1.2933587215264677 size: 0.0
1235000 : 1.3310312632239896 size: 0.0
1236000 : 1.3514419062544114 size: 0.0
1237000 : 1.378560904564388 size: 0.0
1238000 : 1.7026693473953618 size: 0.0
1239000 : 1.4391761038696596 size: 0.0
1240000 : 1.424430225393357 size: 0.0
1241000 : 1.450027865173801 size: 0.0
1242000 : 1.3439439786247456 size: 0.0
1243000 : 1.3120639845909339 size: 0.0
1244000 : 1.5729383623006228 size: 0.0
1245000 : 1.4737654265938385 size: 0.0
1246000 : 1.2193161487377333 size: 0.0
1247000 : 1.3480318342531037 size: 0.0
1248000 : 1.3124347791861941 size: 0.0
1249000 : 1.4277669467940717 size: 0.0
1250000 : 1.338636336045143 size: 0.0
1251000 : 1.3313198501121375 size: 0.0
1252000 : 1.4742282319073103 size: 0.0
1253000 : 1.289819318571711 size: 0.0
1254000 : 1.3317519565224303 size: 0.0
1255000 : 1.38138778339662 size: 0.0
1256000 : 1.494158269419896 size: 0.0
1257000 : 1.3038411500878813 size: 0.0
1258000 : 1.444641196566127 size: 0.0
1259000 : 1.4445068781158033 size: 0.0
1260000 : 1.3115902583791323 size: 0.0
1261000 : 1.5000856514818828 size: 0.0
1262000 : 1.390979083852588 size: 0.0
1263000 : 1.2748254411128643 size: 0.0
1264000 : 1.5267085658354456 size: 0.0
1265000 : 1.3909199218206911 size: 0.0
1266000 : 1.4215485700868251 size: 0.0
1267000 : 1.4465668863078378 size: 0.0
1268000 : 1.5553880487280258 size: 0.0
1269000 : 1.444186302454595 size: 0.0
1270000 : 1.355985687890207 size: 0.0
1271000 : 1.569727446209014 size: 0.0
1272000 : 1.4069030434873009 size: 0.0
1273000 : 1.305411179707608 size: 0.0
1274000 : 1.3932646472912293 size: 0.0
1275000 : 1.484936731663283 size: 0.0
1276000 : 1.3515651318237547 size: 0.0
1277000 : 1.4376562071926595 size: 0.0
1278000 : 1.4614583480980958 size: 0.0
1279000 : 1.6541203648832994 size: 0.0
1280000 : 1.3569029573585838 size: 0.0
1281000 : 1.365252113118695 size: 0.0
1282000 : 1.5834788350067026 size: 0.0
1283000 : 1.429571130792948 size: 0.0
1284000 : 1.3816523787049724 size: 0.0
1285000 : 1.2922122851758162 size: 0.0
1286000 : 1.467653679130127 size: 0.0
1287000 : 1.5231419896218525 size: 0.0
1288000 : 1.4306011348889653 size: 0.0
1289000 : 1.3817945223659105 size: 0.0
1290000 : 1.3877133912866795 size: 0.0
1291000 : 1.2956473806528246 size: 0.0
1292000 : 1.4963778775119314 size: 0.0
1293000 : 1.314797390852422 size: 0.0
1294000 : 1.2015173202346396 size: 0.0
1295000 : 1.4469808485484645 size: 0.0
1296000 : 1.41260564422461 size: 0.0
1297000 : 1.3989735253952948 size: 0.0
1298000 : 1.4641880567325904 size: 0.0
1299000 : 1.3765212763164805 size: 0.0
1300000 : 1.4400615565476267 size: 0.0
1301000 : 1.4324410912792211 size: 0.0
1302000 : 1.4637623996717049 size: 0.0
1303000 : 1.4889676610342055 size: 0.0
1304000 : 1.261384824965285 size: 0.0
1305000 : 1.3753818912545144 size: 0.0
1306000 : 1.3372401808854388 size: 0.0
1307000 : 1.3466076459213088 size: 0.0
1308000 : 1.4928831900463992 size: 0.0
1309000 : 1.4396837966550065 size: 0.0
1310000 : 1.4782538298160561 size: 0.0
1311000 : 1.3399555289685863 size: 0.0
1312000 : 1.4461226551206592 size: 0.0
1313000 : 1.5504638414685217 size: 0.0
1314000 : 1.3116964576660401 size: 0.0
1315000 : 1.4537232563928901 size: 0.0
1316000 : 1.3357082454228784 size: 0.0
1317000 : 1.3529265464879847 size: 0.0
1318000 : 1.321651501428583 size: 0.0
1319000 : 1.407104607154112 size: 0.0
1320000 : 1.3832139811748068 size: 0.0
1321000 : 1.500221861741366 size: 0.0
1322000 : 1.3354032341915731 size: 0.0
1323000 : 1.3851549773724445 size: 0.0
1324000 : 1.4583265440258841 size: 0.0
1325000 : 1.2336096268509413 size: 0.0
1326000 : 1.447094529080685 size: 0.0
1327000 : 1.476629281696006 size: 0.0
1328000 : 1.3219903932421082 size: 0.0
1329000 : 1.446189384389194 size: 0.0
1330000 : 1.320392588424267 size: 0.0
1331000 : 1.5477876194384457 size: 0.0
1332000 : 1.5023900470207934 size: 0.0
1333000 : 1.392934268618922 size: 0.0
1334000 : 1.3496198360598455 size: 0.0
1335000 : 1.338242839739969 size: 0.0
1336000 : 1.363739783678333 size: 0.0
1337000 : 1.4165516141660062 size: 0.0
1338000 : 1.4317341565928494 size: 0.0
1339000 : 1.3510335334499377 size: 0.0
1340000 : 1.445051031223133 size: 0.0
1341000 : 1.3897329835557615 size: 0.0
1342000 : 1.3874770011330686 size: 0.0
1343000 : 1.467474129242626 size: 0.0
1344000 : 1.30203894388949 size: 0.0
1345000 : 1.3300172535145025 size: 0.0
1346000 : 1.367881469876411 size: 0.0
1347000 : 1.4173804845518394 size: 0.0
1348000 : 1.3851188610157632 size: 0.0
1349000 : 1.3402950227213895 size: 0.0
1350000 : 1.4960720923586974 size: 0.0
1351000 : 1.487442690869005 size: 0.0
1352000 : 1.6093121770101542 size: 0.0
1353000 : 1.1320623846576705 size: 0.0
1354000 : 1.5740328598907136 size: 0.0
1355000 : 1.407167552804328 size: 0.0
1356000 : 1.4660831335624476 size: 0.0
1357000 : 1.4960423393600981 size: 0.0
1358000 : 1.330812243318116 size: 0.0
1359000 : 1.5788184491336221 size: 0.0
1360000 : 1.2617480523239073 size: 0.0
1361000 : 1.4978519408124766 size: 0.0
1362000 : 1.513034913195947 size: 0.0
1363000 : 1.3296818013539946 size: 0.0
1364000 : 1.520951274615162 size: 0.0
1365000 : 1.5356029925901173 size: 0.0
1366000 : 1.3423451419109995 size: 0.0
1367000 : 1.3662110883799061 size: 0.0
1368000 : 1.3841126765168903 size: 0.0
1369000 : 1.4628629304076923 size: 0.0
1370000 : 1.4488987990708866 size: 0.0
1371000 : 1.4877985229736401 size: 0.0
1372000 : 1.3824634488864416 size: 0.0
1373000 : 1.36730721980518 size: 0.0
1374000 : 1.2893130876388965 size: 0.0
1375000 : 1.3546825753446194 size: 0.0
1376000 : 1.2968457557640367 size: 0.0
1377000 : 1.2573989550488884 size: 0.0
1378000 : 1.353968675360888 size: 0.0
1379000 : 1.4311445140743664 size: 0.0
1380000 : 1.423090136577834 size: 0.0
1381000 : 1.5050065910710202 size: 0.0
1382000 : 1.3510175390634076 size: 0.0
1383000 : 1.4355656720800967 size: 0.0
1384000 : 1.569978540879274 size: 0.0
1385000 : 1.215858523533462 size: 0.0
1386000 : 1.4887483831543555 size: 0.0
1387000 : 1.2689070021487225 size: 0.0
1388000 : 1.3705701606486749 size: 0.0
1389000 : 1.3572180295749643 size: 0.0
1390000 : 1.5113699491529442 size: 0.0
1391000 : 1.5287993589219846 size: 0.0
1392000 : 1.459037520304551 size: 0.0
1393000 : 1.3792782442011369 size: 0.0
1394000 : 1.3049147517858923 size: 0.0
1395000 : 1.3027809630366376 size: 0.0
1396000 : 1.3644378612581851 size: 0.0
1397000 : 1.5980987361912482 size: 0.0
1398000 : 1.4024174779788225 size: 0.0
1399000 : 1.4667026150708555 size: 0.0
1400000 : 1.494614539392635 size: 0.0
1401000 : 1.394834504928305 size: 0.0
1402000 : 1.3303649164432216 size: 0.0
1403000 : 1.3577480801049235 size: 0.0
1404000 : 1.5487969856163595 size: 0.0
1405000 : 1.3411585476113717 size: 0.0
1406000 : 1.4149811545896525 size: 0.0
1407000 : 1.5497807263792946 size: 0.0
1408000 : 1.4178064855780266 size: 0.0
1409000 : 1.35870413166107 size: 0.0
1410000 : 1.385756486693837 size: 0.0
1411000 : 1.3069365798294357 size: 0.0
1412000 : 1.2925665694365935 size: 0.0
1413000 : 1.30195424243394 size: 0.0
1414000 : 1.3809917933430085 size: 0.0
1415000 : 1.3722221400015375 size: 0.0
1416000 : 1.331492176728302 size: 0.0
1417000 : 1.550726974924342 size: 0.0
1418000 : 1.3224903468081664 size: 0.0
1419000 : 1.3402160826846434 size: 0.0
1420000 : 1.3894048406579154 size: 0.0
1421000 : 1.2653671692373387 size: 0.0
1422000 : 1.322201845911344 size: 0.0
1423000 : 1.359199871652182 size: 0.0
1424000 : 1.4340664993125254 size: 0.0
1425000 : 1.2628583723178775 size: 0.0
1426000 : 1.4868288847880757 size: 0.0
1427000 : 1.3734703900814997 size: 0.0
1428000 : 1.3998532166544582 size: 0.0
1429000 : 1.3283775709211765 size: 0.0
1430000 : 1.4930372865015722 size: 0.0
1431000 : 1.4340849014561678 size: 0.0
1432000 : 1.3387237032317814 size: 0.0
1433000 : 1.384387074836342 size: 0.0
1434000 : 1.2893797309161057 size: 0.0
1435000 : 1.316320641191114 size: 0.0
1436000 : 1.3100259901782096 size: 0.0
1437000 : 1.3557514475197319 size: 0.0
1438000 : 1.505137125903025 size: 0.0
1439000 : 1.4740252923792923 size: 0.0
1440000 : 1.3213464901972778 size: 0.0
1441000 : 1.3321924900826154 size: 0.0
1442000 : 1.2722056293922712 size: 0.0
1443000 : 1.3835541628582133 size: 0.0
1444000 : 1.1840776774978727 size: 0.0
1445000 : 1.388417316276661 size: 0.0
1446000 : 1.4572566399548665 size: 0.0
1447000 : 1.61674629907635 size: 0.0
1448000 : 1.4218623524333243 size: 0.0
1449000 : 1.3829408727252366 size: 0.0
1450000 : 1.3228906364280495 size: 0.0
1451000 : 1.3192749591676352 size: 0.0
1452000 : 1.2607006779801526 size: 0.0
1453000 : 1.3356188144444296 size: 0.0
1454000 : 1.564309648741534 size: 0.0
1455000 : 1.3969058639752967 size: 0.0
1456000 : 1.3529932757565195 size: 0.0
1457000 : 1.3208191053984069 size: 0.0
1458000 : 1.5127260323549974 size: 0.0
1459000 : 1.5983604937858613 size: 0.0
1460000 : 1.4240653641995515 size: 0.0
1461000 : 1.4632247819051079 size: 0.0
1462000 : 1.4472579125990046 size: 0.0
1463000 : 1.3381829037861432 size: 0.0
1464000 : 1.4671585410782928 size: 0.0
1465000 : 1.5062398786603575 size: 0.0
1466000 : 1.3443190727862775 size: 0.0
1467000 : 1.4510429067791932 size: 0.0
1468000 : 1.4829694221200633 size: 0.0
1469000 : 1.55264217372435 size: 0.0
1470000 : 1.3869090284285943 size: 0.0
1471000 : 1.5632748291312923 size: 0.0
1472000 : 1.4137894868018241 size: 0.0
1473000 : 1.4291350687816853 size: 0.0
1474000 : 1.5021370605413742 size: 0.0
1475000 : 1.6975258622560077 size: 0.0
1476000 : 1.388381027937329 size: 0.0
1477000 : 1.531312541399043 size: 0.0
1478000 : 1.4835581187339668 size: 0.0
1479000 : 1.4422985348873993 size: 0.0
1480000 : 1.3754738159814006 size: 0.0
1481000 : 1.450599535505269 size: 0.0
1482000 : 1.5311739233824475 size: 0.0
1483000 : 1.242778279942414 size: 0.0
1484000 : 1.2643179030844247 size: 0.0
1485000 : 1.334036832030468 size: 0.0
1486000 : 1.4454833956074022 size: 0.0
1487000 : 1.5057094841650966 size: 0.0
1488000 : 1.4549326383937575 size: 0.0
1489000 : 1.2982475863512193 size: 0.0
1490000 : 1.4183773819875658 size: 0.0
1491000 : 1.3705386878235668 size: 0.0
1492000 : 1.5311020346343869 size: 0.0
1493000 : 1.4545100770205877 size: 0.0
1494000 : 1.4896444127653508 size: 0.0
1495000 : 1.5485202655311212 size: 0.0
1496000 : 1.5398910360240798 size: 0.0
1497000 : 1.4449683075680682 size: 0.0
1498000 : 1.4632122271715948 size: 0.0
1499000 : 1.4010564932712197 size: 0.0
1500000 : 1.4416403572825474 size: 0.0
1501000 : 1.4534260703721993 size: 0.0
1502000 : 1.290729450760077 size: 0.0
1503000 : 1.3738199448193784 size: 0.0
1504000 : 1.4460347719860684 size: 0.0
1505000 : 1.4069950542055125 size: 0.0
1506000 : 1.487758794981291 size: 0.0
1507000 : 1.50861839872179 size: 0.0
1508000 : 1.4995559449172253 size: 0.0
1509000 : 1.321761312351159 size: 0.0
1510000 : 1.3662221812608868 size: 0.0
1511000 : 1.518485559349742 size: 0.0
1512000 : 1.3677557505586304 size: 0.0
1513000 : 1.4977955305029935 size: 0.0
1514000 : 1.647867935611182 size: 0.0
1515000 : 1.4021190020882501 size: 0.0
1516000 : 1.4292297452309852 size: 0.0
1517000 : 1.3386147522224598 size: 0.0
1518000 : 1.5450818163924211 size: 0.0
1519000 : 1.5079452586263131 size: 0.0
1520000 : 1.352734613849622 size: 0.0
1521000 : 1.4968578810904896 size: 0.0
1522000 : 1.499136479231771 size: 0.0
1523000 : 1.503518941141057 size: 0.0
1524000 : 1.4693213948955435 size: 0.0
1525000 : 1.443455204205777 size: 0.0
1526000 : 1.590884579935506 size: 0.0
1527000 : 1.4535865301854543 size: 0.0
1528000 : 1.3214669640442072 size: 0.0
1529000 : 1.414746054305923 size: 0.0
1530000 : 1.4589620199208222 size: 0.0
1531000 : 1.4695460042375703 size: 0.0
1532000 : 1.386829228478594 size: 0.0
1533000 : 1.4999939847289727 size: 0.0
1534000 : 1.5403201327379825 size: 0.0
1535000 : 1.3210732957563822 size: 0.0
1536000 : 1.2429731362858416 size: 0.0
1537000 : 1.3102303055674347 size: 0.0
1538000 : 1.385890805144161 size: 0.0
1539000 : 1.3902012063227356 size: 0.0
1540000 : 1.4063230319972662 size: 0.0
1541000 : 1.475162613649448 size: 0.0
1542000 : 1.374892428630159 size: 0.0
1543000 : 1.4264951350909412 size: 0.0
1544000 : 1.4051530340234464 size: 0.0
1545000 : 1.5733342663629089 size: 0.0
1546000 : 1.3912999174877725 size: 0.0
1547000 : 1.4327555615563237 size: 0.0
1548000 : 1.4540450359326544 size: 0.0
1549000 : 1.3581776067754534 size: 0.0
1550000 : 1.208018092454603 size: 0.0
1551000 : 1.1826765348412935 size: 0.0
1552000 : 1.4174934771534564 size: 0.0
1553000 : 1.496056097972167 size: 0.0
1554000 : 1.2462987648055757 size: 0.0
1555000 : 1.4137248213250997 size: 0.0
1556000 : 1.4083538891299796 size: 0.0
1557000 : 1.5699761331221618 size: 0.0
1558000 : 1.3622664942997167 size: 0.0
1559000 : 1.4900146914126584 size: 0.0
1560000 : 1.3940201670764696 size: 0.0
1561000 : 1.448954865415068 size: 0.0
1562000 : 1.3032017185919735 size: 0.0
1563000 : 1.448928552069486 size: 0.0
1564000 : 1.4716710218716311 size: 0.0
1565000 : 1.4127996406547831 size: 0.0
1566000 : 1.505430528305397 size: 0.0
1567000 : 1.4143608991593157 size: 0.0
1568000 : 1.4033249444361002 size: 0.0
1569000 : 1.513412415114591 size: 0.0
1570000 : 1.4207083488460348 size: 0.0
1571000 : 1.484172096797547 size: 0.0
1572000 : 1.4478966561643092 size: 0.0
1573000 : 1.5212300584922107 size: 0.0
1574000 : 1.4201617019902675 size: 0.0
1575000 : 1.403823436149626 size: 0.0
1576000 : 1.3533928774457993 size: 0.0
1577000 : 1.3366989514831735 size: 0.0
1578000 : 1.496087742779926 size: 0.0
1579000 : 1.3703849353336957 size: 0.0
1580000 : 1.4460079426925336 size: 0.0
1581000 : 1.4509765214759602 size: 0.0
1582000 : 1.5342549925726547 size: 0.0
1583000 : 1.3465545892735176 size: 0.0
1584000 : 1.423437799506553 size: 0.0
1585000 : 1.2728579595869938 size: 0.0
1586000 : 1.6856824489869913 size: 0.0
1587000 : 1.4948836922412354 size: 0.0
1588000 : 1.4378640482262273 size: 0.0
1589000 : 1.4909795140839988 size: 0.0
1590000 : 1.448638761302782 size: 0.0
1591000 : 1.4557058723920366 size: 0.0
1592000 : 1.4740956332834951 size: 0.0
1593000 : 1.3907695229925117 size: 0.0
1594000 : 1.4473863836391991 size: 0.0
1595000 : 1.3540969744184315 size: 0.0
1596000 : 1.3262712993960597 size: 0.0
1597000 : 1.291744234391493 size: 0.0
1598000 : 1.437682864503543 size: 0.0
1599000 : 1.3625777828977783 size: 0.0
1600000 : 1.496502392951156 size: 0.0
1601000 : 1.2730529019217467 size: 0.0
1602000 : 1.3106737628326846 size: 0.0
1603000 : 1.3358952765556917 size: 0.0
1604000 : 1.4566973523742608 size: 0.0
1605000 : 1.446702236654067 size: 0.0
1606000 : 1.4003803434793527 size: 0.0
1607000 : 1.4013281398682575 size: 0.0
1608000 : 1.4685662190756048 size: 0.0
1609000 : 1.4267630840609855 size: 0.0
1610000 : 1.3481966796239557 size: 0.0
1611000 : 1.6215281047009396 size: 0.0
1612000 : 1.4992035524656073 size: 0.0
1613000 : 1.3804317318404737 size: 0.0
1614000 : 1.4701527590298142 size: 0.0
1615000 : 1.4399920755566782 size: 0.0
1616000 : 1.4134813798828034 size: 0.0
1617000 : 1.414361329115943 size: 0.0
1618000 : 1.4706234755452259 size: 0.0
1619000 : 1.4408634256572745 size: 0.0
1620000 : 1.3724084832037473 size: 0.0
1621000 : 1.4249978541325297 size: 0.0
1622000 : 1.3678017559177362 size: 0.0
1623000 : 1.4553110002256557 size: 0.0
1624000 : 1.3448287433721093 size: 0.0
1625000 : 1.3229291605418427 size: 0.0
1626000 : 1.4446296737285191 size: 0.0
1627000 : 1.417509127574685 size: 0.0
1628000 : 1.4764371770749922 size: 0.0
1629000 : 1.3098769672112371 size: 0.0
1630000 : 1.4335773806534717 size: 0.0
1631000 : 1.3177003720076608 size: 0.0
1632000 : 1.4390427313239154 size: 0.0
1633000 : 1.4273596058855031 size: 0.0
1634000 : 1.3995291153489071 size: 0.0
1635000 : 1.4446859120553512 size: 0.0
1636000 : 1.4669418429382057 size: 0.0
1637000 : 1.3335913969647335 size: 0.0
1638000 : 1.4819340865618693 size: 0.0
1639000 : 1.3448893672565385 size: 0.0
1640000 : 1.574594039280479 size: 0.0
1641000 : 1.3112038133626436 size: 0.0
1642000 : 1.4716832326398424 size: 0.0
1643000 : 1.4771514210240255 size: 0.0
1644000 : 1.5249672414954596 size: 0.0
1645000 : 1.391970305860836 size: 0.0
1646000 : 1.3450773442939314 size: 0.0
1647000 : 1.527669432905816 size: 0.0
1648000 : 1.4902963989947717 size: 0.0
1649000 : 1.540587565760074 size: 0.0
1650000 : 1.4470245321417838 size: 0.0
1651000 : 1.4985056468684061 size: 0.0
1652000 : 1.3805469602165519 size: 0.0
1653000 : 1.354322529665038 size: 0.0
1654000 : 1.4674474719317423 size: 0.0
1655000 : 1.3941616228068043 size: 0.0
1656000 : 1.3518359185075381 size: 0.0
1657000 : 1.3850952134012695 size: 0.0
1658000 : 1.3799186216016246 size: 0.0
1659000 : 1.3776604893957958 size: 0.0
1660000 : 1.37468235182213 size: 0.0
1661000 : 1.5970245325539592 size: 0.0
1662000 : 1.4043955364377212 size: 0.0
1663000 : 1.545385193788543 size: 0.0
1664000 : 1.415256928770311 size: 0.0
1665000 : 1.4010007708923402 size: 0.0
1666000 : 1.5279461529910543 size: 0.0
1667000 : 1.4203507109235656 size: 0.0
1668000 : 1.3433306884917688 size: 0.0
1669000 : 1.3689886941826659 size: 0.0
1670000 : 1.4685366380596565 size: 0.0
1671000 : 1.4224249076842965 size: 0.0
1672000 : 1.2366900081105452 size: 0.0
1673000 : 1.4009792730609822 size: 0.0
1674000 : 1.3098595969634999 size: 0.0
1675000 : 1.3889447010755318 size: 0.0
1676000 : 1.306760039638325 size: 0.0
1677000 : 1.3762310555931496 size: 0.0
1678000 : 1.3696626941913972 size: 0.0
1679000 : 1.3441034065420954 size: 0.0
1680000 : 1.1995893947184675 size: 0.0
1681000 : 1.3887894007418027 size: 0.0
1682000 : 1.2212641102327308 size: 0.0
1683000 : 1.457926856345279 size: 0.0
1684000 : 1.3872082782410955 size: 0.0
1685000 : 1.4350801650567109 size: 0.0
1686000 : 1.379963595064825 size: 0.0
1687000 : 1.3762207366340977 size: 0.0
1688000 : 1.372306153526484 size: 0.0
1689000 : 1.486902665345296 size: 0.0
1690000 : 1.3804662143619717 size: 0.0
1691000 : 1.5173018027638534 size: 0.0
1692000 : 1.3854705655367776 size: 0.0
1693000 : 1.471878260965921 size: 0.0
1694000 : 1.5434488411224787 size: 0.0
1695000 : 1.5012829946971895 size: 0.0
1696000 : 1.4123708879061823 size: 0.0
1697000 : 1.4233040829955073 size: 0.0
1698000 : 1.3049724519652568 size: 0.0
1699000 : 1.2910096104983326 size: 0.0
1700000 : 1.265936087846393 size: 0.0
1701000 : 1.3121571991877017 size: 0.0
1702000 : 1.3307377748302922 size: 0.0
1703000 : 1.4696646722666658 size: 0.0
1704000 : 1.3389497744263406 size: 0.0
1705000 : 1.446833803381977 size: 0.0
1706000 : 1.3821758938941988 size: 0.0
1707000 : 1.4165899662971486 size: 0.0
1708000 : 1.3327184130289538 size: 0.0
1709000 : 1.3742609083361907 size: 0.0
1710000 : 1.2759806485787097 size: 0.0
1711000 : 1.4101801728994918 size: 0.0
1712000 : 1.433099870823351 size: 0.0
1713000 : 1.2647380567004827 size: 0.0
1714000 : 1.3890106564221378 size: 0.0
1715000 : 1.3934205495642364 size: 0.0
1716000 : 1.3491860098230442 size: 0.0
1717000 : 1.4724855317061174 size: 0.0
1718000 : 1.5202915491664524 size: 0.0
1719000 : 1.3377120152880808 size: 0.0
1720000 : 1.3549193094635321 size: 0.0
1721000 : 1.5576678507478632 size: 0.0
1722000 : 1.45395646486746 size: 0.0
1723000 : 1.5658277396006999 size: 0.0
1724000 : 1.465684133812446 size: 0.0
1725000 : 1.4323502844395655 size: 0.0
1726000 : 1.3497913027627557 size: 0.0
1727000 : 1.5063876117574486 size: 0.0
1728000 : 1.4486294742396355 size: 0.0
1729000 : 1.2767224957432066 size: 0.0
1730000 : 1.4315581323496913 size: 0.0
1731000 : 1.4295019077759756 size: 0.0
1732000 : 1.3387531122650789 size: 0.0
1733000 : 1.3126564648231562 size: 0.0
1734000 : 1.4618860689507918 size: 0.0
1735000 : 1.3988282860466412 size: 0.0
1736000 : 1.5041662838389045 size: 0.0
1737000 : 1.4161267310270496 size: 0.0
1738000 : 1.300139137536734 size: 0.0
1739000 : 1.373598431165067 size: 0.0
1740000 : 1.401035425396489 size: 0.0
1741000 : 1.41366608924983 size: 0.0
1742000 : 1.3002431010491806 size: 0.0
1743000 : 1.43294818212529 size: 0.0
1744000 : 1.5685173762775433 size: 0.0
1745000 : 1.2818310684044354 size: 0.0
1746000 : 1.3360971841878047 size: 0.0
1747000 : 1.4354476919816046 size: 0.0
1748000 : 1.3816926226452744 size: 0.0
1749000 : 1.4440555956399392 size: 0.0
1750000 : 1.3911686947251642 size: 0.0
1751000 : 1.4559002127875116 size: 0.0
1752000 : 1.4424793746447815 size: 0.0
1753000 : 1.4501320866602239 size: 0.0
1754000 : 1.5336105735798717 size: 0.0
1755000 : 1.3713958493554672 size: 0.0
1756000 : 1.4551249149974221 size: 0.0
1757000 : 1.3666321019092182 size: 0.0
1758000 : 1.4707301047887607 size: 0.0
1759000 : 1.4728950223978219 size: 0.0
1760000 : 1.4865709108117815 size: 0.0
1761000 : 1.371378651090381 size: 0.0
1762000 : 1.274111799103109 size: 0.0
1763000 : 1.41299733471195 size: 0.0
1764000 : 1.507130404826525 size: 0.0
1765000 : 1.3568122365102535 size: 0.0
1766000 : 1.3503121522208936 size: 0.0
1767000 : 1.3651349929334575 size: 0.0
1768000 : 1.3680083930727478 size: 0.0
1769000 : 1.4453538926713025 size: 0.0
1770000 : 1.3602173210146864 size: 0.0
1771000 : 1.390718960093158 size: 0.0
1772000 : 1.3529998110972523 size: 0.0
1773000 : 1.3471912690470118 size: 0.0
1774000 : 1.411475288251814 size: 0.0
1775000 : 1.5469775811528819 size: 0.0
1776000 : 1.411378376028053 size: 0.0
1777000 : 1.3263652879147563 size: 0.0
1778000 : 1.463196920715668 size: 0.0
1779000 : 1.4959952161137617 size: 0.0
1780000 : 1.4393536759566754 size: 0.0
1781000 : 1.343411434346349 size: 0.0
1782000 : 1.5386187083729967 size: 0.0
1783000 : 1.5086452280153246 size: 0.0
1784000 : 1.5936067213333625 size: 0.0
1785000 : 1.3695403285353083 size: 0.0
1786000 : 1.3798715843466136 size: 0.0
1787000 : 1.2652411059542563 size: 0.0
1788000 : 1.541228373117189 size: 0.0
1789000 : 1.376859222225426 size: 0.0
1790000 : 1.3446744749342854 size: 0.0
1791000 : 1.4486033328767043 size: 0.0
1792000 : 1.4683025696718321 size: 0.0
1793000 : 1.338480261789485 size: 0.0
1794000 : 1.5700524934191449 size: 0.0
1795000 : 1.4074003313222707 size: 0.0
1796000 : 1.5090738087812747 size: 0.0
1797000 : 1.3772637254202553 size: 0.0
1798000 : 1.2985731495093027 size: 0.0
1799000 : 1.4469798166525594 size: 0.0
1800000 : 1.3681819235674684 size: 0.0
1801000 : 1.4210174876609607 size: 0.0
1802000 : 1.4309653081521674 size: 0.0
1803000 : 1.3088406857484631 size: 0.0
1804000 : 1.4389721324457363 size: 0.0
1805000 : 1.4161881288334077 size: 0.0
1806000 : 1.2948482632655904 size: 0.0
1807000 : 1.4308438884006582 size: 0.0
1808000 : 1.3869458327158788 size: 0.0
1809000 : 1.4289341070541521 size: 0.0
1810000 : 1.3316068891564274 size: 0.0
1811000 : 1.3602205886850527 size: 0.0
1812000 : 1.413570982843903 size: 0.0
1813000 : 1.5056441307577686 size: 0.0
1814000 : 1.422945671151109 size: 0.0
1815000 : 1.3062537227141848 size: 0.0
1816000 : 1.4659838995728998 size: 0.0
1817000 : 1.4351880841701272 size: 0.0
1818000 : 1.3682685168321778 size: 0.0
1819000 : 1.4265862858958984 size: 0.0
1820000 : 1.441963426692193 size: 0.0
1821000 : 1.3370645006075825 size: 0.0
1822000 : 1.4210300423944737 size: 0.0
1823000 : 1.4190217149890232 size: 0.0
1824000 : 1.5708817937616053 size: 0.0
1825000 : 1.5354683301744918 size: 0.0
1826000 : 1.1874020161477254 size: 0.0
1827000 : 1.602998005966377 size: 0.0
1828000 : 1.4611991702432456 size: 0.0
1829000 : 1.3359289851552607 size: 0.0
1830000 : 1.6409693675197732 size: 0.0
1831000 : 1.394104954523345 size: 0.0
1832000 : 1.3496636916358156 size: 0.0
1833000 : 1.5362809481998185 size: 0.0
1834000 : 1.438887001033559 size: 0.0
1835000 : 1.2501862606456786 size: 0.0
1836000 : 1.2721447475338656 size: 0.0
1837000 : 1.360905337609463 size: 0.0
1838000 : 1.5033311360863149 size: 0.0
1839000 : 1.2923595023249548 size: 0.0
1840000 : 1.5080312499517445 size: 0.0
1841000 : 1.3392684582783894 size: 0.0
1842000 : 1.3062790041638617 size: 0.0
1843000 : 1.3963115779252402 size: 0.0
1844000 : 1.4433040314556687 size: 0.0
1845000 : 1.4705722247152686 size: 0.0
1846000 : 1.4358184865768648 size: 0.0
1847000 : 1.4273204798324317 size: 0.0
1848000 : 1.5344997238848324 size: 0.0
1849000 : 1.4426974486460755 size: 0.0
1850000 : 1.4768255139006403 size: 0.0
1851000 : 1.4888188960412092 size: 0.0
1852000 : 1.3954216536983506 size: 0.0
1853000 : 1.3296347640989836 size: 0.0
1854000 : 1.4331087279298704 size: 0.0
1855000 : 1.5212023692854217 size: 0.0
1856000 : 1.463735914343472 size: 0.0
1857000 : 1.3959851548539026 size: 0.0
1858000 : 1.6621567701928168 size: 0.0
1859000 : 1.3585456496482997 size: 0.0
1860000 : 1.6335710178449567 size: 0.0
1861000 : 1.6046351088199402 size: 0.0
1862000 : 1.400306648913458 size: 0.0
1863000 : 1.3968943411376888 size: 0.0
1864000 : 1.3472437237555248 size: 0.0
1865000 : 1.456480138286221 size: 0.0
1866000 : 1.3771950183512356 size: 0.0
1867000 : 1.3993963447424411 size: 0.0
1868000 : 1.543611364727544 size: 0.0
1869000 : 1.3609282113020278 size: 0.0
1870000 : 1.5061069360712405 size: 0.0
1871000 : 1.4384468974300013 size: 0.0
1872000 : 1.3198890232225409 size: 0.0
1873000 : 1.3889476247805965 size: 0.0
1874000 : 1.5131197006428223 size: 0.0
1875000 : 1.5676407807060957 size: 0.0
1876000 : 1.387870325455592 size: 0.0
1877000 : 1.4213271424238392 size: 0.0
1878000 : 1.4574477126799752 size: 0.0
1879000 : 1.372578058097498 size: 0.0
1880000 : 1.3442510536478611 size: 0.0
1881000 : 1.5089111131935586 size: 0.0
1882000 : 1.4455659472798164 size: 0.0
1883000 : 1.3963605069894107 size: 0.0
1884000 : 1.396625446263065 size: 0.0
1885000 : 1.4486119320092474 size: 0.0
1886000 : 1.4436180717761442 size: 0.0
1887000 : 1.4259441886689022 size: 0.0
1888000 : 1.3337793740021264 size: 0.0
1889000 : 1.4935938223597642 size: 0.0
1890000 : 1.2999433352887266 size: 0.0
1891000 : 1.3585841737620932 size: 0.0
1892000 : 1.4646740797039286 size: 0.0
1893000 : 1.4807381192077693 size: 0.0
1894000 : 1.4161260430964462 size: 0.0
1895000 : 1.5559184432232867 size: 0.0
1896000 : 1.3189765692683884 size: 0.0
1897000 : 1.4673453142371298 size: 0.0
1898000 : 1.4616033294727733 size: 0.0
1899000 : 1.3528808850941807 size: 0.0
1900000 : 1.2221612577309569 size: 0.0
1901000 : 1.4178008961418735 size: 0.0
1902000 : 1.5092033117173744 size: 0.0
1903000 : 1.3775190336654612 size: 0.0
1904000 : 1.408241154502339 size: 0.0
1905000 : 1.5251488551747707 size: 0.0
1906000 : 1.364281787002527 size: 0.0
1907000 : 1.4450001243584776 size: 0.0
1908000 : 1.406920413735038 size: 0.0
1909000 : 1.370733028219042 size: 0.0
1910000 : 1.4167251446607267 size: 0.0
1911000 : 1.3120059404462678 size: 0.0
1912000 : 1.3771539144976794 size: 0.0
1913000 : 1.5071775280728614 size: 0.0
1914000 : 1.3348974332153856 size: 0.0
1915000 : 1.3170596506418715 size: 0.0
1916000 : 1.3282178850298505 size: 0.0
1917000 : 1.451755258919067 size: 0.0
1918000 : 1.3881740468170156 size: 0.0
1919000 : 1.259993743293781 size: 0.0
1920000 : 1.3996717749577978 size: 0.0
1921000 : 1.426919674264596 size: 0.0
1922000 : 1.3896457023604487 size: 0.0
1923000 : 1.3093746058880669 size: 0.0
1924000 : 1.2401304350497302 size: 0.0
1925000 : 1.6491170456043986 size: 0.0
1926000 : 1.538416456775582 size: 0.0
1927000 : 1.441360025561641 size: 0.0
1928000 : 1.5029517423585115 size: 0.0
1929000 : 1.4284060343246778 size: 0.0
1930000 : 1.4210876565825128 size: 0.0
1931000 : 1.4296184260219353 size: 0.0
1932000 : 1.3833038421098827 size: 0.0
1933000 : 1.2774135220343732 size: 0.0
1934000 : 1.2656360641119628 size: 0.0
1935000 : 1.4611148987443228 size: 0.0
1936000 : 1.255229565890905 size: 0.0
1937000 : 1.262384646106076 size: 0.0
1938000 : 1.5296561764885832 size: 0.0
1939000 : 1.4549286827927876 size: 0.0
1940000 : 1.2841987535588637 size: 0.0
1941000 : 1.2685615749944645 size: 0.0
1942000 : 1.5927552352289407 size: 0.0
1943000 : 1.2951227475763676 size: 0.0
1944000 : 1.4005904202873816 size: 0.0
1945000 : 1.4696632964054588 size: 0.0
1946000 : 1.4313871815947339 size: 0.0
1947000 : 1.406543513755672 size: 0.0
1948000 : 1.3297977176606761 size: 0.0
1949000 : 1.4297686528674638 size: 0.0
1950000 : 1.413899899663678 size: 0.0
1951000 : 1.5742327037310162 size: 0.0
1952000 : 1.4721415664043918 size: 0.0
1953000 : 1.3429666872112178 size: 0.0
waiting for write process!
write end!
end join!
last series
Last encode part don't need inference.
172.90944004058838
28687.661126852036 
@@@@@@@@@@@@@
end
main
