start!
start to right
413868
0 : 6.38434753256582 size: 0.0
1000 : 2.587242162120718 size: 0.0
2000 : 2.314565732969545 size: 0.0
3000 : 2.330611026364442 size: 0.0
4000 : 2.029820077328773 size: 0.0
5000 : 2.181585479652055 size: 0.0
6000 : 2.1308507696301775 size: 0.0
7000 : 2.079507584989547 size: 0.0
8000 : 2.034805510411984 size: 0.0
9000 : 1.949660339622825 size: 0.0
10000 : 1.761968965412858 size: 0.0
11000 : 1.890308610862117 size: 0.0
12000 : 1.9592468245645687 size: 0.0
13000 : 1.9983709858266983 size: 0.0
14000 : 2.078574751091267 size: 0.0
15000 : 1.8763513588313459 size: 0.0
16000 : 1.9329467216466754 size: 0.0
17000 : 2.0059495733196187 size: 0.0
18000 : 1.8384417390496095 size: 0.0
19000 : 1.875887177656667 size: 0.0
20000 : 1.9530700676588308 size: 0.0
21000 : 1.8889582030875423 size: 0.0
22000 : 1.6983831957705589 size: 0.0
23000 : 1.9089670086542232 size: 0.0
24000 : 1.7854442532903299 size: 0.0
25000 : 1.7394277153122224 size: 0.0
26000 : 1.8304423100100276 size: 0.0
27000 : 1.948446658055686 size: 0.0
28000 : 1.8657985033744038 size: 0.0
29000 : 1.7505097613858691 size: 0.0
30000 : 1.641551012844991 size: 0.0
31000 : 1.9502512720111895 size: 0.0
32000 : 1.8127380719649084 size: 0.0
33000 : 1.8472147460527721 size: 0.0
34000 : 1.9482958292708794 size: 0.0
35000 : 1.7852349504042297 size: 0.0
36000 : 1.6945184016403698 size: 0.0
37000 : 1.825309831760329 size: 0.0
38000 : 1.7217583897452284 size: 0.0
39000 : 1.7915848938393863 size: 0.0
40000 : 1.7958058640395123 size: 0.0
41000 : 1.8793730940070053 size: 0.0
42000 : 1.825517586802571 size: 0.0
43000 : 1.6593983404556283 size: 0.0
44000 : 1.6940765782103033 size: 0.0
45000 : 1.681138495368545 size: 0.0
46000 : 1.622875072822497 size: 0.0
47000 : 1.767325709039282 size: 0.0
48000 : 1.743061192777001 size: 0.0
49000 : 1.782487011608744 size: 0.0
50000 : 1.677044276382105 size: 0.0
51000 : 1.6383928954271973 size: 0.0
52000 : 1.6382473981045673 size: 0.0
53000 : 1.697614433321202 size: 0.0
54000 : 1.8039117503399782 size: 0.0
55000 : 1.6131977810410976 size: 0.0
56000 : 1.8029271496637886 size: 0.0
57000 : 1.7538888765100218 size: 0.0
58000 : 1.6413628638249471 size: 0.0
59000 : 1.9522985534870603 size: 0.0
60000 : 1.8499105741050468 size: 0.0
61000 : 1.898807821485106 size: 0.0
62000 : 1.721248633168071 size: 0.0
63000 : 1.7887218986504732 size: 0.0
64000 : 1.6658684997637379 size: 0.0
65000 : 1.5373728660501464 size: 0.0
66000 : 1.6696374995573964 size: 0.0
67000 : 1.760113788558001 size: 0.0
68000 : 1.741612066960831 size: 0.0
69000 : 1.7685987246209687 size: 0.0
70000 : 1.690165520747032 size: 0.0
71000 : 1.7462384002690405 size: 0.0
72000 : 1.5489787712783214 size: 0.0
73000 : 1.719710248356103 size: 0.0
74000 : 1.7744880985171145 size: 0.0
75000 : 1.8531238979537674 size: 0.0
76000 : 1.7881579675382941 size: 0.0
77000 : 1.7594838161078905 size: 0.0
78000 : 1.669451242346512 size: 0.0
79000 : 1.6074473691268487 size: 0.0
80000 : 1.631588917793763 size: 0.0
81000 : 1.6063545913632664 size: 0.0
82000 : 1.8538938642816802 size: 0.0
83000 : 1.7037650488640086 size: 0.0
84000 : 1.7741989956810142 size: 0.0
85000 : 1.8384728679094156 size: 0.0
86000 : 1.6826631215684438 size: 0.0
87000 : 1.6883872201371106 size: 0.0
88000 : 1.819833904156857 size: 0.0
89000 : 1.7544889239788821 size: 0.0
90000 : 1.793878282488642 size: 0.0
91000 : 1.6370037915561784 size: 0.0
92000 : 1.5888596562042472 size: 0.0
93000 : 1.629726001719617 size: 0.0
94000 : 1.499082304696749 size: 0.0
95000 : 1.8229092979195858 size: 0.0
96000 : 1.7367253519192152 size: 0.0
97000 : 1.6714501966974904 size: 0.0
98000 : 1.861232707959298 size: 0.0
99000 : 1.8848419703217918 size: 0.0
100000 : 1.6520441903220837 size: 0.0
101000 : 1.6980197964292858 size: 0.0
102000 : 1.7530583722890052 size: 0.0
103000 : 1.6116158846184616 size: 0.0
104000 : 1.7446425732516846 size: 0.0
105000 : 1.8529254299746718 size: 0.0
106000 : 1.8224733218996485 size: 0.0
107000 : 1.8413879738415402 size: 0.0
108000 : 1.7091630683266397 size: 0.0
109000 : 1.7625430435014382 size: 0.0
110000 : 1.6911298274704198 size: 0.0
111000 : 1.7500039604096818 size: 0.0
112000 : 1.630646108901733 size: 0.0
113000 : 1.733344688951205 size: 0.0
114000 : 1.613370451622564 size: 0.0
115000 : 1.7423436811576014 size: 0.0
116000 : 1.68643762480693 size: 0.0
117000 : 1.912458428449389 size: 0.0
118000 : 1.7981310694791774 size: 0.0
119000 : 1.7063176153681145 size: 0.0
120000 : 1.633475567473728 size: 0.0
121000 : 1.5472904175948012 size: 0.0
122000 : 1.7550476956115353 size: 0.0
123000 : 1.77849168264655 size: 0.0
124000 : 1.7164793822769944 size: 0.0
125000 : 1.7423870207856187 size: 0.0
126000 : 1.798818828099978 size: 0.0
127000 : 1.8340566974005605 size: 0.0
128000 : 1.7771245925548413 size: 0.0
129000 : 1.6358487560729837 size: 0.0
130000 : 1.6065368929731811 size: 0.0
131000 : 1.723118772513553 size: 0.0
132000 : 1.5231234154955593 size: 0.0
133000 : 1.731558305156693 size: 0.0
134000 : 1.6489402474393118 size: 0.0
135000 : 1.6475564750304696 size: 0.0
136000 : 1.6863411425397958 size: 0.0
137000 : 1.6621682930304247 size: 0.0
138000 : 1.689837377849186 size: 0.0
139000 : 1.7640948429601733 size: 0.0
140000 : 1.8075132390316964 size: 0.0
141000 : 1.696714276126586 size: 0.0
142000 : 1.6056185056175736 size: 0.0
143000 : 1.5841609182000245 size: 0.0
144000 : 1.6755017639865164 size: 0.0
145000 : 1.6040187229992477 size: 0.0
146000 : 1.641222697964494 size: 0.0
147000 : 1.709991336773195 size: 0.0
148000 : 1.5474176847564398 size: 0.0
149000 : 1.6366536348790217 size: 0.0
150000 : 1.6987608696718535 size: 0.0
151000 : 1.6312385891339554 size: 0.0
152000 : 1.7172011934626656 size: 0.0
153000 : 1.7043673321073303 size: 0.0
154000 : 1.6431208704820668 size: 0.0
155000 : 1.7542001651080834 size: 0.0
156000 : 1.661919778099928 size: 0.0
157000 : 1.7065119557635895 size: 0.0
158000 : 1.807112347472535 size: 0.0
159000 : 1.6535160178481676 size: 0.0
160000 : 1.7377888926321508 size: 0.0
161000 : 1.8162707675962813 size: 0.0
162000 : 1.744999265269574 size: 0.0
163000 : 1.8304048177921395 size: 0.0
164000 : 1.6511201275389977 size: 0.0
165000 : 1.7316236585640208 size: 0.0
166000 : 1.7961001263551386 size: 0.0
167000 : 1.7693795258558858 size: 0.0
168000 : 1.5930866457971533 size: 0.0
169000 : 1.7317765511406378 size: 0.0
170000 : 1.607982407153683 size: 0.0
171000 : 1.670257497013757 size: 0.0
172000 : 1.70908137656748 size: 0.0
173000 : 1.4426075017196742 size: 0.0
174000 : 1.6876048710583358 size: 0.0
175000 : 1.5804211554570127 size: 0.0
176000 : 1.5807560056782426 size: 0.0
177000 : 1.5686264132781904 size: 0.0
178000 : 1.6338131694173716 size: 0.0
179000 : 1.6831144040443078 size: 0.0
180000 : 1.8377644713705117 size: 0.0
181000 : 1.5722531834195854 size: 0.0
182000 : 1.6085822826398923 size: 0.0
183000 : 1.6494303979942706 size: 0.0
184000 : 1.632422689685146 size: 0.0
185000 : 1.5714844209702286 size: 0.0
186000 : 1.7885536996179294 size: 0.0
187000 : 1.647867935611182 size: 0.0
188000 : 1.5665191098571685 size: 0.0
189000 : 1.6615651498738488 size: 0.0
190000 : 1.6026614359186384 size: 0.0
191000 : 1.6178177509912253 size: 0.0
192000 : 1.5126644625659886 size: 0.0
193000 : 1.6325723145913964 size: 0.0
194000 : 1.6845425479770726 size: 0.0
195000 : 1.6907440703845347 size: 0.0
196000 : 1.7533906427704722 size: 0.0
197000 : 1.5879932076092005 size: 0.0
198000 : 1.5731366582970676 size: 0.0
199000 : 1.6167518025211776 size: 0.0
200000 : 1.6431879437159034 size: 0.0
201000 : 1.8023123116869542 size: 0.0
202000 : 1.5204403141594487 size: 0.0
203000 : 1.6610923695666269 size: 0.0
204000 : 1.6366868275306383 size: 0.0
205000 : 1.678588680586853 size: 0.0
206000 : 1.6416218696971465 size: 0.0
207000 : 1.6049469133659544 size: 0.0
208000 : 1.5502337286816674 size: 0.0
209000 : 1.646670936361177 size: 0.0
210000 : 1.6939711528453243 size: 0.0
211000 : 1.6173181413904687 size: 0.0
212000 : 1.550632728431669 size: 0.0
213000 : 1.6054554660645557 size: 0.0
214000 : 1.5981400120274554 size: 0.0
215000 : 1.5467460925048204 size: 0.0
216000 : 1.654374211275973 size: 0.0
217000 : 1.7132249545747176 size: 0.0
218000 : 1.6206912371218412 size: 0.0
219000 : 1.6162437657705289 size: 0.0
220000 : 1.5938920405511439 size: 0.0
221000 : 1.5988346499542903 size: 0.0
222000 : 1.7371998520529457 size: 0.0
223000 : 1.7179694399640697 size: 0.0
224000 : 1.5922114260869125 size: 0.0
225000 : 1.3964777991572992 size: 0.0
226000 : 1.7179632485886387 size: 0.0
227000 : 1.6965142603036327 size: 0.0
228000 : 1.6552256973803947 size: 0.0
229000 : 1.6545360469504349 size: 0.0
230000 : 1.6472056304227094 size: 0.0
231000 : 1.5749677575808039 size: 0.0
232000 : 1.4708234913681792 size: 0.0
233000 : 1.6724244784146283 size: 0.0
234000 : 1.6103972155544477 size: 0.0
235000 : 1.5363297912726637 size: 0.0
236000 : 1.6873083729682483 size: 0.0
237000 : 1.6427431965807722 size: 0.0
238000 : 1.6355147657650082 size: 0.0
239000 : 1.7623822397228814 size: 0.0
240000 : 1.5970757833839162 size: 0.0
241000 : 1.633929257706704 size: 0.0
242000 : 1.6017905157746692 size: 0.0
243000 : 1.535775319206282 size: 0.0
244000 : 1.6035400952818966 size: 0.0
245000 : 1.8805164346699412 size: 0.0
246000 : 1.8239040455721762 size: 0.0
247000 : 1.4316548725908018 size: 0.0
248000 : 1.406547469356642 size: 0.0
249000 : 1.449098986876491 size: 0.0
250000 : 1.6214773698189349 size: 0.0
251000 : 1.6710635796983508 size: 0.0
252000 : 1.6202129533697915 size: 0.0
253000 : 1.5328760356780367 size: 0.0
254000 : 1.8082451971937683 size: 0.0
255000 : 1.6097132405519663 size: 0.0
256000 : 1.64173417436816 size: 0.0
257000 : 1.6355336838566032 size: 0.0
258000 : 1.7620007822032677 size: 0.0
259000 : 1.6506920627210002 size: 0.0
260000 : 1.5588330332074587 size: 0.0
261000 : 1.5423789370514611 size: 0.0
262000 : 1.5510699083301622 size: 0.0
263000 : 1.5152882298875516 size: 0.0
264000 : 1.6307412153076601 size: 0.0
265000 : 1.4557495559853557 size: 0.0
266000 : 1.500353428469276 size: 0.0
267000 : 1.4290974045811464 size: 0.0
268000 : 1.5255930863619493 size: 0.0
269000 : 1.5647810531875488 size: 0.0
270000 : 1.7026282435418056 size: 0.0
271000 : 1.5060510417097102 size: 0.0
272000 : 1.453119425305711 size: 0.0
273000 : 1.5001812738357625 size: 0.0
274000 : 1.4373462084644792 size: 0.0
275000 : 1.5553381737592755 size: 0.0
276000 : 1.5618282830548853 size: 0.0
277000 : 1.6077645051350398 size: 0.0
278000 : 1.616525645335293 size: 0.0
279000 : 1.516605101045208 size: 0.0
280000 : 1.493151654964396 size: 0.0
281000 : 1.5713657529411331 size: 0.0
282000 : 1.5520159848925585 size: 0.0
283000 : 1.4745226662055875 size: 0.0
284000 : 1.5102850825913017 size: 0.0
285000 : 1.7014611692730506 size: 0.0
286000 : 1.6345157185461463 size: 0.0
287000 : 1.6479327730705573 size: 0.0
288000 : 1.5730315768973904 size: 0.0
289000 : 1.6348526325591866 size: 0.0
290000 : 1.5946726698034102 size: 0.0
291000 : 1.537920114845192 size: 0.0
292000 : 1.5483856031154957 size: 0.0
293000 : 1.6008010995842554 size: 0.0
294000 : 1.6621211697840883 size: 0.0
295000 : 1.642406110585081 size: 0.0
296000 : 1.601183932965076 size: 0.0
297000 : 1.6099908205504587 size: 0.0
298000 : 1.5882568570129731 size: 0.0
299000 : 1.4881983826368963 size: 0.0
300000 : 1.5425970110527552 size: 0.0
301000 : 1.6544540112259734 size: 0.0
302000 : 1.361861131191633 size: 0.0
303000 : 1.5662781621633097 size: 0.0
304000 : 1.585859934807898 size: 0.0
305000 : 1.5185012097709705 size: 0.0
306000 : 1.5752950405653958 size: 0.0
307000 : 1.7415943527477922 size: 0.0
308000 : 1.685111122620825 size: 0.0
309000 : 1.5130116955380806 size: 0.0
310000 : 1.6763938379965417 size: 0.0
311000 : 1.4795961544060403 size: 0.0
312000 : 1.4979248614564424 size: 0.0
313000 : 1.5181197522513568 size: 0.0
314000 : 1.6939328007141818 size: 0.0
315000 : 1.696408318990701 size: 0.0
316000 : 1.5668338381082474 size: 0.0
317000 : 1.5942148519868133 size: 0.0
318000 : 1.5314105715100346 size: 0.0
319000 : 1.5817423261809407 size: 0.0
320000 : 1.6736390198950213 size: 0.0
321000 : 1.5159957665132011 size: 0.0
322000 : 1.6249165068882385 size: 0.0
323000 : 1.650125723851709 size: 0.0
324000 : 1.7243735579342483 size: 0.0
325000 : 1.4837748168740539 size: 0.0
326000 : 1.7476787549700166 size: 0.0
327000 : 1.7906826728529601 size: 0.0
328000 : 1.8549943812645513 size: 0.0
329000 : 1.5667108705128805 size: 0.0
330000 : 1.7272726694798426 size: 0.0
331000 : 1.392480234420644 size: 0.0
332000 : 1.6425507479944566 size: 0.0
333000 : 1.5572268872310508 size: 0.0
334000 : 1.4177187744260866 size: 0.0
335000 : 1.5574769500054053 size: 0.0
336000 : 1.599143186829938 size: 0.0
337000 : 1.4038874136957469 size: 0.0
338000 : 1.4957921046030926 size: 0.0
339000 : 1.5595655073174834 size: 0.0
340000 : 1.6432844259830375 size: 0.0
341000 : 1.7931483881183803 size: 0.0
342000 : 1.6407387387849661 size: 0.0
343000 : 1.4880374068756885 size: 0.0
344000 : 1.734736028596685 size: 0.0
345000 : 1.540305858177961 size: 0.0
346000 : 1.4974412462422162 size: 0.0
347000 : 1.4933532186312073 size: 0.0
348000 : 1.613253503419977 size: 0.0
349000 : 1.3946319093655886 size: 0.0
350000 : 1.6212981638967359 size: 0.0
351000 : 1.4913116125828147 size: 0.0
352000 : 1.4374459584019796 size: 0.0
353000 : 1.5639717028325886 size: 0.0
354000 : 1.622813675016139 size: 0.0
355000 : 1.4605124435183505 size: 0.0
356000 : 1.6575053274175813 size: 0.0
357000 : 1.698661291717004 size: 0.0
358000 : 1.6052951782339515 size: 0.0
359000 : 1.5555273546752246 size: 0.0
360000 : 1.5973215465919992 size: 0.0
361000 : 1.5897759797680444 size: 0.0
362000 : 1.6142952023362531 size: 0.0
363000 : 1.7064696480314772 size: 0.0
364000 : 1.6246900057370521 size: 0.0
365000 : 1.5660471894632009 size: 0.0
366000 : 1.6280483109604502 size: 0.0
367000 : 1.7726600949210938 size: 0.0
368000 : 1.6586944154656467 size: 0.0
369000 : 1.6798388224759748 size: 0.0
370000 : 1.6596788441591854 size: 0.0
371000 : 1.6589001067160787 size: 0.0
372000 : 1.6656198128505904 size: 0.0
373000 : 1.3962322939231926 size: 0.0
374000 : 1.6484088210481456 size: 0.0
375000 : 1.4906776845317344 size: 0.0
376000 : 1.7421006696719321 size: 0.0
377000 : 1.736794660927513 size: 0.0
378000 : 1.6330144819867647 size: 0.0
379000 : 1.4691098562349822 size: 0.0
380000 : 1.5496579307665788 size: 0.0
381000 : 1.584246737542805 size: 0.0
382000 : 1.5778276570820016 size: 0.0
383000 : 1.7868651739517583 size: 0.0
384000 : 1.71769839530631 size: 0.0
385000 : 1.6940734825225876 size: 0.0
386000 : 1.3865714264849505 size: 0.0
387000 : 1.5076286385660747 size: 0.0
388000 : 1.7328240974670432 size: 0.0
389000 : 1.5333591349443103 size: 0.0
390000 : 1.508850231335153 size: 0.0
391000 : 1.6127607731252551 size: 0.0
392000 : 1.6221155974362869 size: 0.0
393000 : 1.5752002781247705 size: 0.0
394000 : 1.5191771015888613 size: 0.0
395000 : 1.6118724827335489 size: 0.0
396000 : 1.6937062995629957 size: 0.0
397000 : 1.543716618109872 size: 0.0
398000 : 1.567835981014825 size: 0.0
399000 : 1.5692395314285164 size: 0.0
400000 : 1.6141454054473516 size: 0.0
401000 : 1.7131546136705147 size: 0.0
402000 : 1.5756236994111947 size: 0.0
403000 : 1.5944590673510386 size: 0.0
404000 : 1.755141942104208 size: 0.0
405000 : 1.4887218978261225 size: 0.0
406000 : 1.478336553471121 size: 0.0
407000 : 1.4418697821387982 size: 0.0
408000 : 1.5425478240146084 size: 0.0
409000 : 1.6593261077422659 size: 0.0
410000 : 1.7013206594472956 size: 0.0
411000 : 1.6147298024949834 size: 0.0
412000 : 1.5889358445185795 size: 0.0
413000 : 1.5301224214550722 size: 0.0
waiting for write process!
write end!
end join!
last series
Last encode part don't need inference.
42.55447959899902
压缩完成，总共用时：6098.961771249771 秒
@@@@@@@@@@@@@
end！
main执行完毕
