1953060
0 : 8.018250820892243 size: 0.0
1000 : 2.5323078077474213 size: 0.0
2000 : 2.340990695291965 size: 0.0
3000 : 2.1794553025384684 size: 0.0
4000 : 2.198924942494694 size: 0.0
5000 : 2.368501728054583 size: 0.0
6000 : 2.287543302918028 size: 0.0
7000 : 2.1148513956030612 size: 0.0
8000 : 2.1431611157962864 size: 0.0
9000 : 2.1960428572315354 size: 0.0
10000 : 2.1369129860904406 size: 0.0
11000 : 2.2993368412182944 size: 0.0
12000 : 2.1511254603750922 size: 0.0
13000 : 2.0282767050199304 size: 0.0
14000 : 2.075640727067548 size: 0.0
15000 : 2.1660466751639493 size: 0.0
16000 : 1.9674416258955307 size: 0.0
17000 : 2.030389339903129 size: 0.0
18000 : 2.134816345593772 size: 0.0
19000 : 2.1927191205209606 size: 0.0
20000 : 1.9818787095222092 size: 0.0
21000 : 2.019306605898879 size: 0.0
22000 : 2.079581537529418 size: 0.0
23000 : 1.942726343105338 size: 0.0
24000 : 2.04396977794586 size: 0.0
25000 : 2.128913213085557 size: 0.0
26000 : 1.9581340968134864 size: 0.0
27000 : 2.1036990086252114 size: 0.0
28000 : 2.1345563078256675 size: 0.0
29000 : 1.9329221281276021 size: 0.0
30000 : 2.1239191808698026 size: 0.0
31000 : 2.024969994591791 size: 0.0
32000 : 2.046107006348132 size: 0.0
33000 : 1.9914290781072717 size: 0.0
34000 : 1.822639285157731 size: 0.0
35000 : 2.051856214383825 size: 0.0
36000 : 2.0200628136147225 size: 0.0
37000 : 2.090712598658561 size: 0.0
38000 : 1.96787605407161 size: 0.0
39000 : 1.953551275115945 size: 0.0
40000 : 1.9359103266863433 size: 0.0
41000 : 2.2444351635486615 size: 0.0
42000 : 1.9025912678214372 size: 0.0
43000 : 1.8881877208116769 size: 0.0
44000 : 2.00391863019558 size: 0.0
45000 : 1.8472243770812204 size: 0.0
46000 : 1.9111290025582195 size: 0.0
47000 : 2.056840271605829 size: 0.0
48000 : 1.8235120971108598 size: 0.0
49000 : 1.8609767977748142 size: 0.0
50000 : 1.9036943645440711 size: 0.0
51000 : 1.9488147009285324 size: 0.0
52000 : 2.0538310911636826 size: 0.0
53000 : 2.2595751402694164 size: 0.0
54000 : 1.8420040156969308 size: 0.0
55000 : 1.9818167957678985 size: 0.0
56000 : 2.1468011286017976 size: 0.0
57000 : 1.9831039139269557 size: 0.0
58000 : 1.9610149781980892 size: 0.0
59000 : 2.156526231560137 size: 0.0
60000 : 1.971405138067315 size: 0.0
61000 : 1.900011356075844 size: 0.0
62000 : 2.1276615233525775 size: 0.0
63000 : 1.9098217624290112 size: 0.0
64000 : 1.9194954425747426 size: 0.0
65000 : 1.9274472324200354 size: 0.0
66000 : 1.9917825024547948 size: 0.0
67000 : 1.9255038284652857 size: 0.0
68000 : 2.0605461537666208 size: 0.0
69000 : 1.9197375941471575 size: 0.0
70000 : 1.9798114780588383 size: 0.0
71000 : 1.8855044474929152 size: 0.0
72000 : 2.0083731528355773 size: 0.0
73000 : 1.8111811130266473 size: 0.0
74000 : 1.9157672026693386 size: 0.0
75000 : 1.9024715678964366 size: 0.0
76000 : 1.7167690010610475 size: 0.0
77000 : 1.9057523089442956 size: 0.0
78000 : 2.027142651420141 size: 0.0
79000 : 2.034314155978469 size: 0.0
80000 : 1.7768710901274696 size: 0.0
81000 : 1.9348870299137095 size: 0.0
82000 : 1.8927800015550156 size: 0.0
83000 : 1.8500491921216422 size: 0.0
84000 : 1.9158000513556535 size: 0.0
85000 : 1.8531397203576467 size: 0.0
86000 : 1.844253892735518 size: 0.0
87000 : 1.7874954903671705 size: 0.0
88000 : 1.950234417711405 size: 0.0
89000 : 1.768589609540473 size: 0.0
90000 : 1.9677737243943467 size: 0.0
91000 : 1.7462700450767992 size: 0.0
92000 : 1.907729937446567 size: 0.0
93000 : 1.8898258555611451 size: 0.0
94000 : 2.014143858702628 size: 0.0
95000 : 2.0338673450515277 size: 0.0
96000 : 1.8782885714106645 size: 0.0
97000 : 1.8761049076926595 size: 0.0
98000 : 1.8499358555547236 size: 0.0
99000 : 1.786328932046368 size: 0.0
100000 : 1.9029730693063525 size: 0.0
101000 : 2.126044198503864 size: 0.0
102000 : 1.8471304745538495 size: 0.0
103000 : 1.9046531678226313 size: 0.0
104000 : 1.7937059558724775 size: 0.0
105000 : 1.9663178912547932 size: 0.0
106000 : 1.8887349696067224 size: 0.0
107000 : 1.8589972774633832 size: 0.0
108000 : 1.979786540574463 size: 0.0
109000 : 1.9269674008241282 size: 0.0
110000 : 2.0743935088834906 size: 0.0
111000 : 1.9900066096019855 size: 0.0
112000 : 1.9023713020109836 size: 0.0
113000 : 1.931785150822748 size: 0.0
114000 : 1.9124362426874277 size: 0.0
115000 : 1.9089726840817016 size: 0.0
116000 : 1.954744834712933 size: 0.0
117000 : 1.7236926786194824 size: 0.0
118000 : 1.8535497269973038 size: 0.0
119000 : 1.9103089892789056 size: 0.0
120000 : 1.7946336302912314 size: 0.0
121000 : 1.7936722472729083 size: 0.0
122000 : 1.9414435245125525 size: 0.0
123000 : 1.9886252449502555 size: 0.0
124000 : 1.929516183709915 size: 0.0
125000 : 2.024837052002674 size: 0.0
126000 : 1.867163357691651 size: 0.0
127000 : 2.0201316066750676 size: 0.0
128000 : 1.8331604958069143 size: 0.0
129000 : 1.9396898174217043 size: 0.0
130000 : 1.9442401343982325 size: 0.0
131000 : 2.0010859039532183 size: 0.0
132000 : 2.04292326351536 size: 0.0
133000 : 1.9848445503363383 size: 0.0
134000 : 1.9522409392990214 size: 0.0
135000 : 1.8681290402762458 size: 0.0
136000 : 1.7187832618679526 size: 0.0
137000 : 1.950664202355911 size: 0.0
138000 : 1.709677984383323 size: 0.0
139000 : 2.1170916416132 size: 0.0
140000 : 2.020040111904809 size: 0.0
141000 : 1.8339975353686637 size: 0.0
142000 : 2.0046462887913803 size: 0.0
143000 : 1.8999040389017057 size: 0.0
144000 : 1.8914980428754842 size: 0.0
145000 : 1.7323569925872997 size: 0.0
146000 : 1.919260514273664 size: 0.0
147000 : 1.8046519636692917 size: 0.0
148000 : 1.9058726967998996 size: 0.0
149000 : 1.7187246157840084 size: 0.0
150000 : 1.9447170422890752 size: 0.0
151000 : 1.830444545784489 size: 0.0
152000 : 1.9389698980451926 size: 0.0
153000 : 2.001740985870355 size: 0.0
154000 : 1.9127924187573646 size: 0.0
155000 : 1.8687375148949983 size: 0.0
156000 : 1.9399149427116837 size: 0.0
157000 : 1.816163622404794 size: 0.0
158000 : 1.8806922009391231 size: 0.0
159000 : 1.9148998941610373 size: 0.0
160000 : 1.939379388736897 size: 0.0
161000 : 2.0066504026218848 size: 0.0
162000 : 1.845325688615695 size: 0.0
163000 : 1.8039464908354526 size: 0.0
164000 : 1.7883471484542433 size: 0.0
165000 : 1.7721052788894103 size: 0.0
166000 : 1.8890376590722409 size: 0.0
167000 : 1.9975509725473843 size: 0.0
168000 : 1.87921057040194 size: 0.0
169000 : 1.8745689306378037 size: 0.0
170000 : 1.9128612118177097 size: 0.0
171000 : 1.7417367543827065 size: 0.0
172000 : 1.8849769767027191 size: 0.0
173000 : 1.983803023402713 size: 0.0
174000 : 1.8189604042731249 size: 0.0
175000 : 2.018141939387236 size: 0.0
176000 : 1.8557851574932185 size: 0.0
177000 : 1.8819000350961326 size: 0.0
178000 : 1.863829989952628 size: 0.0
179000 : 1.9349437841884944 size: 0.0
180000 : 1.834972333033754 size: 0.0
181000 : 2.180818265046556 size: 0.0
182000 : 1.9129700768357059 size: 0.0
183000 : 1.9690334973119168 size: 0.0
184000 : 1.7751113636438414 size: 0.0
185000 : 1.887554652673851 size: 0.0
186000 : 1.808476513859179 size: 0.0
187000 : 1.8137376351317231 size: 0.0
188000 : 1.8578489493035724 size: 0.0
189000 : 1.794010881112457 size: 0.0
190000 : 1.9920470117718219 size: 0.0
191000 : 1.7634113839056444 size: 0.0
192000 : 1.731563292653568 size: 0.0
193000 : 2.0148336811152388 size: 0.0
194000 : 1.8447137743439252 size: 0.0
195000 : 1.8439802683379953 size: 0.0
196000 : 1.9325055861472122 size: 0.0
197000 : 1.9048211948725242 size: 0.0
198000 : 1.8505199086370536 size: 0.0
199000 : 1.79711499597788 size: 0.0
200000 : 1.8830961744328834 size: 0.0
201000 : 1.7664028501347522 size: 0.0
202000 : 1.9166900615738685 size: 0.0
203000 : 1.796978441753095 size: 0.0
204000 : 1.7058804354696213 size: 0.0
205000 : 1.7221957416263725 size: 0.0
206000 : 1.9561611118427882 size: 0.0
207000 : 1.8529096075707925 size: 0.0
208000 : 1.856242287379212 size: 0.0
209000 : 1.791819650157814 size: 0.0
210000 : 1.7145710627830206 size: 0.0
211000 : 1.6919868170196692 size: 0.0
212000 : 1.7619806602331167 size: 0.0
213000 : 1.7693241474423078 size: 0.0
214000 : 2.0051219928036668 size: 0.0
215000 : 1.7991944382094622 size: 0.0
216000 : 1.8185357791081445 size: 0.0
217000 : 1.837395568584411 size: 0.0
218000 : 1.8166656397626624 size: 0.0
219000 : 1.773096070941031 size: 0.0
220000 : 1.8286349443321104 size: 0.0
221000 : 1.8884051068823675 size: 0.0
222000 : 1.8711039961708706 size: 0.0
223000 : 1.7750976050317724 size: 0.0
224000 : 1.9359560740714727 size: 0.0
225000 : 1.9771469508490207 size: 0.0
226000 : 1.7687368266896113 size: 0.0
227000 : 1.91878532620933 size: 0.0
228000 : 1.998017561479175 size: 0.0
229000 : 1.7838205650835341 size: 0.0
230000 : 1.884288874116617 size: 0.0
231000 : 1.9526578252447129 size: 0.0
232000 : 2.048808337845234 size: 0.0
233000 : 1.9781533933218698 size: 0.0
234000 : 1.85014842611119 size: 0.0
235000 : 1.8311954220381559 size: 0.0
236000 : 1.9312145123871851 size: 0.0
237000 : 1.7528072776187456 size: 0.0
238000 : 1.9366249146006782 size: 0.0
239000 : 1.7553957884968816 size: 0.0
240000 : 1.6309498302631567 size: 0.0
241000 : 1.8603280792157597 size: 0.0
242000 : 1.8886770114533815 size: 0.0
243000 : 1.8598547829605852 size: 0.0
244000 : 1.8652345722622248 size: 0.0
245000 : 1.945242621270112 size: 0.0
246000 : 1.8153577117028508 size: 0.0
247000 : 1.8277354750680979 size: 0.0
248000 : 1.842799779422473 size: 0.0
249000 : 1.7235810618790723 size: 0.0
250000 : 1.9265812997729412 size: 0.0
251000 : 1.9068628009209168 size: 0.0
252000 : 1.754564080397309 size: 0.0
253000 : 2.023835253061398 size: 0.0
254000 : 1.8903994177017727 size: 0.0
255000 : 1.8352377022640354 size: 0.0
256000 : 1.8419969644082455 size: 0.0
257000 : 1.849945314600521 size: 0.0
258000 : 1.695995044680678 size: 0.0
259000 : 1.7218493685675347 size: 0.0
260000 : 2.0028069343404025 size: 0.0
261000 : 1.8237755745319817 size: 0.0
262000 : 1.8367379069275116 size: 0.0
263000 : 1.8140105715986423 size: 0.0
264000 : 1.7003658117697054 size: 0.0
265000 : 1.9257086598024633 size: 0.0
266000 : 1.8883062168581213 size: 0.0
267000 : 1.8390744632221336 size: 0.0
268000 : 1.7678492242285084 size: 0.0
269000 : 1.8579036397865467 size: 0.0
270000 : 1.8295299420472004 size: 0.0
271000 : 1.9448331305784077 size: 0.0
272000 : 1.8053693033060405 size: 0.0
273000 : 1.9746554381859711 size: 0.0
274000 : 1.7271173691461135 size: 0.0
275000 : 1.8951466548135387 size: 0.0
276000 : 1.9221283249768013 size: 0.0
277000 : 2.0117318020242774 size: 0.0
278000 : 1.8078164444451674 size: 0.0
279000 : 1.8180291182187027 size: 0.0
280000 : 1.966041171169555 size: 0.0
281000 : 1.8493469869581693 size: 0.0
282000 : 1.8968281291910243 size: 0.0
283000 : 1.9155094006756952 size: 0.0
284000 : 1.9266000458818853 size: 0.0
285000 : 1.9076160849316959 size: 0.0
286000 : 1.6517155314762848 size: 0.0
287000 : 1.8500610589245516 size: 0.0
288000 : 1.836220927079018 size: 0.0
289000 : 1.8001817906080657 size: 0.0
290000 : 1.7296950451172453 size: 0.0
291000 : 2.0032150491709 size: 0.0
292000 : 1.8212439899112811 size: 0.0
293000 : 1.9263744046439533 size: 0.0
294000 : 1.8659918118739736 size: 0.0
295000 : 1.8528227563321067 size: 0.0
296000 : 1.749281289310756 size: 0.0
297000 : 1.7733557647438338 size: 0.0
298000 : 1.7686740530220464 size: 0.0
299000 : 1.897431788295553 size: 0.0
300000 : 1.8582023736510953 size: 0.0
301000 : 1.81457622253733 size: 0.0
302000 : 1.651437091564538 size: 0.0
303000 : 2.014096047525688 size: 0.0
304000 : 1.853738907913253 size: 0.0
305000 : 2.044391995353728 size: 0.0
306000 : 1.7511175480740184 size: 0.0
307000 : 1.8249904599776767 size: 0.0
308000 : 1.8475408251588081 size: 0.0
309000 : 1.880790059067464 size: 0.0
310000 : 1.8256009983882395 size: 0.0
311000 : 1.8258197603201372 size: 0.0
312000 : 1.871403074000721 size: 0.0
313000 : 1.883099098137948 size: 0.0
314000 : 1.7800990325015138 size: 0.0
315000 : 1.9687256483668725 size: 0.0
316000 : 1.9454885564608457 size: 0.0
317000 : 1.9165627944122299 size: 0.0
318000 : 1.745083364785846 size: 0.0
319000 : 1.8121822240373198 size: 0.0
320000 : 1.707129545462838 size: 0.0
321000 : 1.6944946680345507 size: 0.0
322000 : 1.8114156973624242 size: 0.0
323000 : 1.8236677414098907 size: 0.0
324000 : 1.9124794103327942 size: 0.0
325000 : 1.846239776405031 size: 0.0
326000 : 1.7760067053242332 size: 0.0
327000 : 1.8993997857693758 size: 0.0
328000 : 1.9003857623067724 size: 0.0
329000 : 1.8802319753654142 size: 0.0
330000 : 1.8674160002057685 size: 0.0
331000 : 1.8948532524111668 size: 0.0
332000 : 1.781520297128244 size: 0.0
333000 : 1.7432395387859456 size: 0.0
334000 : 1.8328333848049734 size: 0.0
335000 : 1.9128749704297787 size: 0.0
336000 : 1.8417984964291498 size: 0.0
337000 : 1.734620800220607 size: 0.0
338000 : 1.8294491102012949 size: 0.0
339000 : 1.8998079005998734 size: 0.0
340000 : 1.94220643955178 size: 0.0
341000 : 1.9297459525314677 size: 0.0
342000 : 1.9094308458636002 size: 0.0
343000 : 1.9149661074816196 size: 0.0
344000 : 1.8614150095692126 size: 0.0
345000 : 1.8034881570709032 size: 0.0
346000 : 1.8636736577229938 size: 0.0
347000 : 1.8195625155337956 size: 0.0
348000 : 1.834780572378042 size: 0.0
349000 : 1.9632982198709439 size: 0.0
350000 : 1.8389532154532755 size: 0.0
351000 : 1.8416170547324895 size: 0.0
352000 : 1.7098991540723325 size: 0.0
353000 : 1.9619825525918433 size: 0.0
354000 : 1.8902614876157806 size: 0.0
355000 : 1.7737415218297192 size: 0.0
356000 : 1.7754620362689506 size: 0.0
357000 : 1.9920659298634167 size: 0.0
358000 : 1.7249595028257378 size: 0.0
359000 : 1.9436590050209672 size: 0.0
360000 : 1.8506155309909333 size: 0.0
361000 : 1.9087859109228646 size: 0.0
362000 : 1.867573536313959 size: 0.0
363000 : 1.8008341208027883 size: 0.0
364000 : 1.5949607407436055 size: 0.0
365000 : 1.7854170800314935 size: 0.0
366000 : 1.7903364717767734 size: 0.0
367000 : 1.933853414182024 size: 0.0
368000 : 1.8751368173509526 size: 0.0
369000 : 1.9329343388958133 size: 0.0
370000 : 1.95476220496067 size: 0.0
371000 : 1.7738866751870475 size: 0.0
372000 : 1.899338387963018 size: 0.0
373000 : 1.648330740924654 size: 0.0
374000 : 1.7627700606005772 size: 0.0
375000 : 1.8405593614296831 size: 0.0
376000 : 1.8787520646547398 size: 0.0
377000 : 1.7799521593176768 size: 0.0
378000 : 1.8771153057664784 size: 0.0
379000 : 1.84179058522721 size: 0.0
380000 : 1.6428463861712899 size: 0.0
381000 : 1.882077521191823 size: 0.0
382000 : 1.7697172997821802 size: 0.0
383000 : 1.9072102058756595 size: 0.0
384000 : 1.7707402525895122 size: 0.0
385000 : 1.8387088281063995 size: 0.0
386000 : 1.77897409398222 size: 0.0
387000 : 1.9310583521402018 size: 0.0
388000 : 1.781460103200442 size: 0.0
389000 : 2.0508514917374843 size: 0.0
390000 : 1.8965644797872516 size: 0.0
391000 : 1.7418796719655736 size: 0.0
392000 : 1.7388876897885133 size: 0.0
393000 : 1.8696548703547007 size: 0.0
394000 : 2.0016739126365186 size: 0.0
395000 : 1.9450341782972662 size: 0.0
396000 : 1.7824486594776014 size: 0.0
397000 : 1.7772621786755316 size: 0.0
398000 : 1.8551388466912762 size: 0.0
399000 : 2.0594093484444174 size: 0.0
400000 : 1.8308578200945123 size: 0.0
401000 : 1.9015794938864112 size: 0.0
402000 : 1.6616521730951854 size: 0.0
403000 : 1.7968585698454436 size: 0.0
404000 : 1.8216498689673175 size: 0.0
405000 : 1.8221888625951215 size: 0.0
406000 : 1.9322381531251207 size: 0.0
407000 : 1.8844775390846136 size: 0.0
408000 : 1.8423139284337857 size: 0.0
409000 : 1.899612872273795 size: 0.0
410000 : 1.9174933925360487 size: 0.0
411000 : 1.8335858089024981 size: 0.0
412000 : 1.787184029786458 size: 0.0
413000 : 1.804562704673494 size: 0.0
414000 : 1.8910364414405685 size: 0.0
415000 : 1.735481917353477 size: 0.0
416000 : 1.678810710189117 size: 0.0
417000 : 1.7281716227959025 size: 0.0
418000 : 1.9059361583980678 size: 0.0
419000 : 1.7945871949754983 size: 0.0
420000 : 1.8615080521833294 size: 0.0
421000 : 1.903507935350536 size: 0.0
422000 : 1.8638877761233181 size: 0.0
423000 : 1.7452307539176353 size: 0.0
424000 : 1.802838922563896 size: 0.0
425000 : 1.9145990965046784 size: 0.0
426000 : 1.944260944298987 size: 0.0
427000 : 1.8723274807491086 size: 0.0
428000 : 1.783840859036336 size: 0.0
429000 : 1.8004643581034332 size: 0.0
430000 : 1.900398832988238 size: 0.0
431000 : 1.9301225945368572 size: 0.0
432000 : 1.9243610037503023 size: 0.0
433000 : 1.9648016922047866 size: 0.0
434000 : 1.8283473893398678 size: 0.0
435000 : 1.8840358876371979 size: 0.0
436000 : 1.8719890188922106 size: 0.0
437000 : 1.8310703906509787 size: 0.0
438000 : 1.8932538137581427 size: 0.0
439000 : 1.7278979983983798 size: 0.0
440000 : 1.8611917760883927 size: 0.0
441000 : 1.863022875372129 size: 0.0
442000 : 1.7140659497374366 size: 0.0
443000 : 1.7333942199546533 size: 0.0
444000 : 1.9504920477223975 size: 0.0
445000 : 1.677367603765727 size: 0.0
446000 : 1.794799765531965 size: 0.0
447000 : 1.8247109881700245 size: 0.0
448000 : 1.8858680188168393 size: 0.0
449000 : 1.988946680524718 size: 0.0
450000 : 1.7699448328292717 size: 0.0
451000 : 1.9328390605072352 size: 0.0
452000 : 1.8777887898272572 size: 0.0
453000 : 1.8501620127406082 size: 0.0
454000 : 1.8726112521230323 size: 0.0
455000 : 1.6380222728145881 size: 0.0
456000 : 1.8800149332600253 size: 0.0
457000 : 1.9562878630564742 size: 0.0
458000 : 1.8720191158561117 size: 0.0
459000 : 1.9114715919987382 size: 0.0
460000 : 1.7520349035337206 size: 0.0
461000 : 1.8643175607678242 size: 0.0
462000 : 1.9518018675913686 size: 0.0
463000 : 1.7869568407046683 size: 0.0
464000 : 1.7637699677326935 size: 0.0
465000 : 1.8288844911585123 size: 0.0
466000 : 1.864630053244442 size: 0.0
467000 : 1.6526058856598016 size: 0.0
468000 : 1.8829327909145637 size: 0.0
469000 : 1.8678509443298006 size: 0.0
470000 : 2.0494795861315516 size: 0.0
471000 : 1.6852504285680239 size: 0.0
472000 : 1.8379791057187884 size: 0.0
473000 : 1.8439137110521115 size: 0.0
474000 : 1.7355402194721194 size: 0.0
475000 : 1.8661271622202027 size: 0.0
476000 : 1.7770109120226212 size: 0.0
477000 : 1.7945710286063175 size: 0.0
478000 : 1.9273779234117376 size: 0.0
479000 : 1.7661966429363678 size: 0.0
480000 : 1.882073737573504 size: 0.0
481000 : 1.6649459848245098 size: 0.0
482000 : 1.7386527614874345 size: 0.0
483000 : 1.9734083919845649 size: 0.0
484000 : 1.9718890972468428 size: 0.0
485000 : 1.63761003040047 size: 0.0
486000 : 1.722617615068939 size: 0.0
487000 : 1.7489177179868323 size: 0.0
488000 : 1.8598790325143568 size: 0.0
489000 : 1.8593821746360142 size: 0.0
490000 : 1.8425091287425148 size: 0.0
491000 : 1.885032183133646 size: 0.0
492000 : 1.788379825157907 size: 0.0
493000 : 1.9530054021821066 size: 0.0
494000 : 1.8343755532352601 size: 0.0
495000 : 1.8331983319901042 size: 0.0
496000 : 1.694428970661921 size: 0.0
497000 : 1.908910770327391 size: 0.0
498000 : 1.9058585942225288 size: 0.0
499000 : 1.749631274005262 size: 0.0
500000 : 1.8734921472607515 size: 0.0
501000 : 1.6712429576032006 size: 0.0
502000 : 1.8255098475832823 size: 0.0
503000 : 1.8833864811475398 size: 0.0
504000 : 1.829077799658082 size: 0.0
505000 : 1.7886613607573696 size: 0.0
506000 : 1.6970032069800356 size: 0.0
507000 : 1.9722989319038489 size: 0.0
508000 : 1.8205276821704377 size: 0.0
509000 : 1.774276731839204 size: 0.0
510000 : 1.8617911356266497 size: 0.0
511000 : 1.91455954049498 size: 0.0
512000 : 1.7511798057936308 size: 0.0
513000 : 1.849270798643837 size: 0.0
514000 : 1.6637061618944398 size: 0.0
515000 : 1.7579870510974316 size: 0.0
516000 : 1.9199307306640763 size: 0.0
517000 : 1.7466361961404862 size: 0.0
518000 : 1.9424786880880958 size: 0.0
519000 : 1.867649724628291 size: 0.0
520000 : 1.6882881581302136 size: 0.0
521000 : 1.8803480636547465 size: 0.0
522000 : 1.7383655504604938 size: 0.0
523000 : 1.6887287776817241 size: 0.0
524000 : 1.7486253474803655 size: 0.0
525000 : 1.9140642304604951 size: 0.0
526000 : 1.9569157717147743 size: 0.0
527000 : 1.947788480450834 size: 0.0
528000 : 1.8304591643098123 size: 0.0
529000 : 1.9292181377759696 size: 0.0
530000 : 1.889834626676339 size: 0.0
531000 : 2.0039394400963344 size: 0.0
532000 : 1.6758060012958929 size: 0.0
533000 : 1.89979723767552 size: 0.0
534000 : 1.8252480899886692 size: 0.0
535000 : 1.9210288398898354 size: 0.0
536000 : 1.8919493253513482 size: 0.0
537000 : 1.752623600147624 size: 0.0
538000 : 1.8839894523214649 size: 0.0
539000 : 2.0310953286849207 size: 0.0
540000 : 1.8768547520504213 size: 0.0
541000 : 1.6980087895396305 size: 0.0
542000 : 1.911082223277185 size: 0.0
543000 : 1.8822950792451645 size: 0.0
544000 : 1.7256114890551586 size: 0.0
545000 : 1.8944459974939236 size: 0.0
546000 : 1.941569587795635 size: 0.0
547000 : 1.854950869653883 size: 0.0
548000 : 1.7474152775488947 size: 0.0
549000 : 1.9918340972500537 size: 0.0
550000 : 2.013979615271054 size: 0.0
551000 : 1.727831269129845 size: 0.0
552000 : 1.8751940875736899 size: 0.0
553000 : 1.8549278239786675 size: 0.0
554000 : 1.7847064477181285 size: 0.0
555000 : 1.8134401051457303 size: 0.0
556000 : 1.6591888655868774 size: 0.0
557000 : 1.90796177005993 size: 0.0
558000 : 1.811408302108437 size: 0.0
559000 : 1.8383277145520873 size: 0.0
560000 : 1.812852784393034 size: 0.0
561000 : 1.7528423620795215 size: 0.0
562000 : 1.7077834235014182 size: 0.0
563000 : 1.7886470861973478 size: 0.0
564000 : 1.7444963879984512 size: 0.0
565000 : 2.0096654304741604 size: 0.0
566000 : 1.8107573477749215 size: 0.0
567000 : 1.7951026269801342 size: 0.0
568000 : 1.9086995756321314 size: 0.0
569000 : 1.8165117152901402 size: 0.0
570000 : 1.80330018003351 size: 0.0
571000 : 1.8633589294719148 size: 0.0
572000 : 1.6974185450818693 size: 0.0
573000 : 1.8339287423083186 size: 0.0
574000 : 1.7774319255519333 size: 0.0
575000 : 1.8322023804589576 size: 0.0
576000 : 1.9053548570381516 size: 0.0
577000 : 1.7737501209622624 size: 0.0
578000 : 1.8912921796424014 size: 0.0
579000 : 1.7503579007051573 size: 0.0
580000 : 1.8866471002252478 size: 0.0
581000 : 1.7243795773270283 size: 0.0
582000 : 1.6798859457223112 size: 0.0
583000 : 1.9146269576941182 size: 0.0
584000 : 1.9828043201491528 size: 0.0
585000 : 1.941235941452961 size: 0.0
586000 : 1.7088357853420477 size: 0.0
587000 : 1.7650775518272035 size: 0.0
588000 : 1.853599773948705 size: 0.0
589000 : 1.9517924085455711 size: 0.0
590000 : 1.8350533368623103 size: 0.0
591000 : 1.818370847745967 size: 0.0
592000 : 1.7311250808591694 size: 0.0
593000 : 1.770442206655567 size: 0.0
594000 : 1.7012878107609808 size: 0.0
595000 : 1.8722156920260478 size: 0.0
596000 : 1.8988296632817658 size: 0.0
597000 : 1.7387047002479952 size: 0.0
598000 : 1.883886606696249 size: 0.0
599000 : 1.7972174976377941 size: 0.0
600000 : 1.7940707310749575 size: 0.0
601000 : 1.8497796953077401 size: 0.0
602000 : 1.7988680151381247 size: 0.0
603000 : 1.7700533538819663 size: 0.0
604000 : 1.9439346932103003 size: 0.0
605000 : 1.7808290988544264 size: 0.0
606000 : 1.771483905571843 size: 0.0
607000 : 1.894506879352329 size: 0.0
608000 : 1.8752463702995523 size: 0.0
609000 : 1.8478436866069774 size: 0.0
610000 : 1.7882104222468072 size: 0.0
611000 : 1.9016930024359806 size: 0.0
612000 : 1.9027883599393258 size: 0.0
613000 : 1.7683390308181657 size: 0.0
614000 : 1.7987823677779948 size: 0.0
615000 : 1.856856437425443 size: 0.0
616000 : 1.6700571372255018 size: 0.0
617000 : 1.7364744292316063 size: 0.0
618000 : 1.8465486572459806 size: 0.0
619000 : 1.929353316139548 size: 0.0
620000 : 1.7537239451478444 size: 0.0
621000 : 2.0046830930786648 size: 0.0
622000 : 1.6641646676416402 size: 0.0
623000 : 1.724844102467009 size: 0.0
624000 : 1.7131626968551052 size: 0.0
625000 : 1.8795309740804973 size: 0.0
626000 : 1.6872810277267611 size: 0.0
627000 : 1.92841291500463 size: 0.0
628000 : 1.7174644989011365 size: 0.0
629000 : 1.797751847734025 size: 0.0
630000 : 1.8596889916851533 size: 0.0
631000 : 1.7474169973754032 size: 0.0
632000 : 1.8597975127378479 size: 0.0
633000 : 1.7386677239780597 size: 0.0
634000 : 1.9518899227086104 size: 0.0
635000 : 1.8671693770844313 size: 0.0
636000 : 1.6843071037280415 size: 0.0
637000 : 1.8128030814069345 size: 0.0
638000 : 1.7542756654918121 size: 0.0
639000 : 1.883712216288274 size: 0.0
640000 : 1.8204428947235622 size: 0.0
641000 : 1.7875448493879682 size: 0.0
642000 : 1.99975269444373 size: 0.0
643000 : 1.7129666366331215 size: 0.0
644000 : 1.7664062897877695 size: 0.0
645000 : 1.8643335551543545 size: 0.0
646000 : 1.8352535246679147 size: 0.0
647000 : 1.760766978665978 size: 0.0
648000 : 1.924712536288666 size: 0.0
649000 : 1.7810681547391256 size: 0.0
650000 : 1.8942329109895046 size: 0.0
651000 : 1.8006330730839297 size: 0.0
652000 : 1.6349085269207169 size: 0.0
653000 : 1.8323808984505532 size: 0.0
654000 : 1.7620762825869964 size: 0.0
655000 : 1.8638870881927145 size: 0.0
656000 : 1.8536570441714422 size: 0.0
657000 : 1.8054723209139074 size: 0.0
658000 : 1.9128115088316104 size: 0.0
659000 : 1.8110904781696426 size: 0.0
660000 : 1.726843400783289 size: 0.0
661000 : 1.7072372066022778 size: 0.0
662000 : 1.8538410656078654 size: 0.0
663000 : 1.7364828563814985 size: 0.0
664000 : 1.8033173782985963 size: 0.0
665000 : 1.7360229747730913 size: 0.0
666000 : 1.7535595297336195 size: 0.0
667000 : 1.7988337905906029 size: 0.0
668000 : 1.7663142790695578 size: 0.0
669000 : 1.7473366814774505 size: 0.0
670000 : 1.8801164030240345 size: 0.0
671000 : 1.7687595283995252 size: 0.0
672000 : 1.8508122791435204 size: 0.0
673000 : 2.0155738944445525 size: 0.0
674000 : 1.7970412154206599 size: 0.0
675000 : 1.7439907590049144 size: 0.0
676000 : 1.816083306506841 size: 0.0
677000 : 1.7983131991064412 size: 0.0
678000 : 1.8814368858173591 size: 0.0
679000 : 1.801841251206241 size: 0.0
680000 : 1.648328161184891 size: 0.0
681000 : 1.6411982764280715 size: 0.0
682000 : 1.9865865626069277 size: 0.0
683000 : 1.8927450890768904 size: 0.0
684000 : 1.832171767547104 size: 0.0
685000 : 1.7855751320876365 size: 0.0
686000 : 1.7085874423942018 size: 0.0
687000 : 1.9499210653215329 size: 0.0
688000 : 1.794034958683578 size: 0.0
689000 : 1.8266504365238045 size: 0.0
690000 : 1.760901125133651 size: 0.0
691000 : 1.7148396996836683 size: 0.0
692000 : 1.91469110722289 size: 0.0
693000 : 1.737604355247775 size: 0.0
694000 : 1.900992001151064 size: 0.0
695000 : 1.9726506364248635 size: 0.0
696000 : 1.8808131047426797 size: 0.0
697000 : 1.8392123933081257 size: 0.0
698000 : 1.8022151414892167 size: 0.0
699000 : 1.7286352880226286 size: 0.0
700000 : 1.7458050039888662 size: 0.0
701000 : 1.8670133888200988 size: 0.0
702000 : 1.6976338673607496 size: 0.0
703000 : 1.7838073224194175 size: 0.0
704000 : 1.804260703138579 size: 0.0
705000 : 1.8197733662637534 size: 0.0
706000 : 1.8060247291884788 size: 0.0
707000 : 1.6756309229573145 size: 0.0
708000 : 1.8989610580270249 size: 0.0
709000 : 1.9822438286899908 size: 0.0
710000 : 1.9727140980230318 size: 0.0
711000 : 1.8734847520067646 size: 0.0
712000 : 1.6592930870733003 size: 0.0
713000 : 1.8931631789011378 size: 0.0
714000 : 1.9822931877107886 size: 0.0
715000 : 1.7947863508851976 size: 0.0
716000 : 1.7692412518045921 size: 0.0
717000 : 1.80267227137521 size: 0.0
718000 : 1.7713339367002907 size: 0.0
719000 : 1.747585540373249 size: 0.0
720000 : 1.802179541080488 size: 0.0
721000 : 1.9905984019036045 size: 0.0
722000 : 1.7946045652232356 size: 0.0
723000 : 1.8025088878568902 size: 0.0
724000 : 1.8171953463273198 size: 0.0
725000 : 1.7433265620072822 size: 0.0
726000 : 1.8417701192917575 size: 0.0
727000 : 1.7207440360704396 size: 0.0
728000 : 1.9905120666128713 size: 0.0
729000 : 1.9328805083260931 size: 0.0
730000 : 1.9062888948149874 size: 0.0
731000 : 1.7873032137635059 size: 0.0
732000 : 1.8471089767224915 size: 0.0
733000 : 1.7542321538811438 size: 0.0
734000 : 2.0375467418840865 size: 0.0
735000 : 1.825867571497077 size: 0.0
736000 : 1.8724451168822989 size: 0.0
737000 : 1.7177033828031851 size: 0.0
738000 : 1.8832543984716772 size: 0.0
739000 : 1.6346132327091853 size: 0.0
740000 : 1.8349608101961463 size: 0.0
741000 : 1.8342046024803025 size: 0.0
742000 : 1.6781865851491358 size: 0.0
743000 : 1.8435494517975841 size: 0.0
744000 : 1.8785931526853425 size: 0.0
745000 : 1.9627624939135062 size: 0.0
746000 : 1.7941218099222638 size: 0.0
747000 : 1.925717602900308 size: 0.0
748000 : 1.8544982113168123 size: 0.0
749000 : 1.908371776699587 size: 0.0
750000 : 1.8702526820490997 size: 0.0
751000 : 1.6608483261850526 size: 0.0
752000 : 1.8071152711775997 size: 0.0
753000 : 1.9134868847015487 size: 0.0
754000 : 1.8790186377635771 size: 0.0
755000 : 1.8121925429963717 size: 0.0
756000 : 1.847609790201804 size: 0.0
757000 : 1.9921280156003782 size: 0.0
758000 : 1.866307228055656 size: 0.0
759000 : 1.836659654821369 size: 0.0
760000 : 1.6540653304350235 size: 0.0
761000 : 1.805247195623928 size: 0.0
762000 : 1.7336374034229733 size: 0.0
763000 : 1.973922276145343 size: 0.0
764000 : 1.8783986403072166 size: 0.0
765000 : 1.7740946022119404 size: 0.0
766000 : 2.041377311466754 size: 0.0
767000 : 1.8164331192186958 size: 0.0
768000 : 1.9516776961174456 size: 0.0
769000 : 1.8575029202100364 size: 0.0
770000 : 1.8242462910473933 size: 0.0
771000 : 1.7815497061615415 size: 0.0
772000 : 1.912240182465444 size: 0.0
773000 : 1.7330454391387036 size: 0.0
774000 : 1.8568591891478567 size: 0.0
775000 : 1.9046406130891183 size: 0.0
776000 : 1.775050481785436 size: 0.0
777000 : 1.8207471320329385 size: 0.0
778000 : 1.7581700406379497 size: 0.0
779000 : 1.8881715544424957 size: 0.0
780000 : 1.7597199482875252 size: 0.0
781000 : 1.7094867396755635 size: 0.0
782000 : 1.7075846115570208 size: 0.0
783000 : 1.678623765047629 size: 0.0
784000 : 1.8338111061751283 size: 0.0
785000 : 1.895257755605996 size: 0.0
786000 : 1.8832217217680132 size: 0.0
787000 : 1.7507565564898573 size: 0.0
788000 : 1.7574542488450586 size: 0.0
789000 : 1.70655787513137 size: 0.0
790000 : 1.9728374095837005 size: 0.0
791000 : 1.880905459426193 size: 0.0
792000 : 1.8308148244317966 size: 0.0
793000 : 1.8379263070449736 size: 0.0
794000 : 1.7911394587736518 size: 0.0
795000 : 1.877347654327794 size: 0.0
796000 : 1.7225594849329473 size: 0.0
797000 : 1.8946449814209718 size: 0.0
798000 : 1.8242748401674365 size: 0.0
799000 : 1.7861505860374234 size: 0.0
800000 : 1.8123659015084412 size: 0.0
801000 : 1.825766101733068 size: 0.0
802000 : 1.8646338368627609 size: 0.0
803000 : 1.829555395479528 size: 0.0
804000 : 1.8454531277599844 size: 0.0
805000 : 1.7084324860257745 size: 0.0
806000 : 1.7644209220662093 size: 0.0
807000 : 1.8713009163061085 size: 0.0
808000 : 1.892003671869021 size: 0.0
809000 : 1.7226090159363958 size: 0.0
810000 : 2.009713757599053 size: 0.0
811000 : 1.8029357487963318 size: 0.0
812000 : 1.8929595514425164 size: 0.0
813000 : 1.8501080101882372 size: 0.0
814000 : 1.711437882849602 size: 0.0
815000 : 1.7545059502613174 size: 0.0
816000 : 1.7196170337593355 size: 0.0
817000 : 1.8124310829331183 size: 0.0
818000 : 1.8313178736855702 size: 0.0
819000 : 1.7519669703866299 size: 0.0
820000 : 1.8918727930717143 size: 0.0
821000 : 1.8027496635680982 size: 0.0
822000 : 1.8722301385687203 size: 0.0
823000 : 1.9110120543556328 size: 0.0
824000 : 1.7495795072273523 size: 0.0
825000 : 1.8128859770446504 size: 0.0
826000 : 1.7558835312947285 size: 0.0
827000 : 1.9398929289323734 size: 0.0
828000 : 1.801994143782858 size: 0.0
829000 : 1.822393693932299 size: 0.0
830000 : 1.8280732489943925 size: 0.0
831000 : 1.7911698997028545 size: 0.0
832000 : 1.8019456446753146 size: 0.0
833000 : 1.7485990341347835 size: 0.0
834000 : 1.759089803854764 size: 0.0
835000 : 1.7319800066166084 size: 0.0
836000 : 1.8208111095790596 size: 0.0
837000 : 1.8640912315992888 size: 0.0
838000 : 1.8720670990157025 size: 0.0
839000 : 2.0057832660962345 size: 0.0
840000 : 1.7758617239495558 size: 0.0
841000 : 1.656441442739344 size: 0.0
842000 : 1.850983229898478 size: 0.0
843000 : 1.8378989618034864 size: 0.0
844000 : 1.7642969225749372 size: 0.0
845000 : 1.8685653602614847 size: 0.0
846000 : 1.886488876186454 size: 0.0
847000 : 1.8707830765443607 size: 0.0
848000 : 1.8706929576353086 size: 0.0
849000 : 1.8668181885113695 size: 0.0
850000 : 1.731217091577381 size: 0.0
851000 : 1.9125263615964798 size: 0.0
852000 : 1.8461422622419916 size: 0.0
853000 : 1.7231889414351051 size: 0.0
854000 : 1.881172376500332 size: 0.0
855000 : 1.9083315327592851 size: 0.0
856000 : 1.873862769873361 size: 0.0
857000 : 1.7643117130829113 size: 0.0
858000 : 1.8671750525119097 size: 0.0
859000 : 1.6937556585837932 size: 0.0
860000 : 1.7397794198332368 size: 0.0
861000 : 1.8684977710796957 size: 0.0
862000 : 1.7077607217915043 size: 0.0
863000 : 1.8390957890708408 size: 0.0
864000 : 1.7731767308042856 size: 0.0
865000 : 1.8773395711432035 size: 0.0
866000 : 1.7759220898600088 size: 0.0
867000 : 1.7152693123455236 size: 0.0
868000 : 1.712468402893572 size: 0.0
869000 : 1.8300139012267285 size: 0.0
870000 : 1.7391386124761221 size: 0.0
871000 : 1.8804699993542084 size: 0.0
872000 : 1.7614592088357008 size: 0.0
873000 : 1.8424628654094328 size: 0.0
874000 : 1.8761406800840388 size: 0.0
875000 : 1.7220287464723847 size: 0.0
876000 : 1.7135651362581241 size: 0.0
877000 : 1.813824314387758 size: 0.0
878000 : 1.6880575293954068 size: 0.0
879000 : 1.816367937794019 size: 0.0
880000 : 1.9123270337041298 size: 0.0
881000 : 1.7460705452017984 size: 0.0
882000 : 1.6867709271843019 size: 0.0
883000 : 1.7206953649802452 size: 0.0
884000 : 1.7215800437362836 size: 0.0
885000 : 1.785108199190544 size: 0.0
886000 : 1.9129205458322573 size: 0.0
887000 : 1.7590640064571346 size: 0.0
888000 : 1.726425826906994 size: 0.0
889000 : 1.8795099921970921 size: 0.0
890000 : 1.807946119363918 size: 0.0
891000 : 1.7918065794763485 size: 0.0
892000 : 1.9368151274125325 size: 0.0
893000 : 1.8031180504062463 size: 0.0
894000 : 1.8744272169334928 size: 0.0
895000 : 1.6725572490210943 size: 0.0
896000 : 1.905884563602809 size: 0.0
897000 : 1.8183713636939196 size: 0.0
898000 : 1.9242755283728235 size: 0.0
899000 : 1.81798474669478 size: 0.0
900000 : 1.8666940170374464 size: 0.0
901000 : 1.6772054241259635 size: 0.0
902000 : 1.7880695684557506 size: 0.0
903000 : 1.7746678203872661 size: 0.0
904000 : 1.7014456908344728 size: 0.0
905000 : 1.7837022410197405 size: 0.0
906000 : 2.0457264087417726 size: 0.0
907000 : 1.817068423130983 size: 0.0
908000 : 1.8546987430877182 size: 0.0
909000 : 1.8333102926958158 size: 0.0
910000 : 1.8562144261897722 size: 0.0
911000 : 1.8725794353326226 size: 0.0
912000 : 1.8298460461594863 size: 0.0
913000 : 1.8307781921271626 size: 0.0
914000 : 1.8505369349194891 size: 0.0
915000 : 1.8414512634570577 size: 0.0
916000 : 1.9154705325966002 size: 0.0
917000 : 1.7893109392296784 size: 0.0
918000 : 1.8739871133299348 size: 0.0
919000 : 1.8550941312020517 size: 0.0
920000 : 1.8012738804410444 size: 0.0
921000 : 1.9263033758091468 size: 0.0
922000 : 1.8203018689498547 size: 0.0
923000 : 1.763405880460817 size: 0.0
924000 : 1.6922724802027524 size: 0.0
925000 : 1.7753244501482603 size: 0.0
926000 : 1.8565384415039976 size: 0.0
927000 : 1.7572566407792172 size: 0.0
928000 : 1.9036873132553858 size: 0.0
929000 : 1.8012713007012815 size: 0.0
930000 : 1.641192601000593 size: 0.0
931000 : 1.7357180495331117 size: 0.0
932000 : 1.8084794375642435 size: 0.0
933000 : 1.7556902227951587 size: 0.0
934000 : 1.6832717681698472 size: 0.0
935000 : 1.9803122915381506 size: 0.0
936000 : 1.793092149791548 size: 0.0
937000 : 1.7378991335113538 size: 0.0
938000 : 1.8712574046954402 size: 0.0
939000 : 1.8281693872962248 size: 0.0
940000 : 1.99883379114017 size: 0.0
941000 : 1.928999719809374 size: 0.0
942000 : 1.7899295608248318 size: 0.0
943000 : 1.922141223675616 size: 0.0
944000 : 1.9435281262236606 size: 0.0
945000 : 1.9270193395846886 size: 0.0
946000 : 1.7708905654263665 size: 0.0
947000 : 1.7837844487268528 size: 0.0
948000 : 1.8035189419654076 size: 0.0
949000 : 1.6627851947990695 size: 0.0
950000 : 1.897149392782836 size: 0.0
951000 : 2.0383364862168487 size: 0.0
952000 : 1.7497325717866201 size: 0.0
953000 : 1.874024605547823 size: 0.0
954000 : 1.8738006841363994 size: 0.0
955000 : 1.8391200386246125 size: 0.0
956000 : 1.811462304660808 size: 0.0
957000 : 1.6619608819534841 size: 0.0
958000 : 1.7465980159919947 size: 0.0
959000 : 1.8527555111156193 size: 0.0
960000 : 1.8016685806247745 size: 0.0
961000 : 1.863692231849287 size: 0.0
962000 : 1.907720994348722 size: 0.0
963000 : 1.8458543632844473 size: 0.0
964000 : 1.8338676884672622 size: 0.0
965000 : 1.745572139479598 size: 0.0
966000 : 1.6764903202636758 size: 0.0
967000 : 1.8932813309822807 size: 0.0
968000 : 1.8704349836590144 size: 0.0
969000 : 1.8064510741799675 size: 0.0
970000 : 1.8054417080020537 size: 0.0
971000 : 1.8535576381992434 size: 0.0
972000 : 1.802397787064433 size: 0.0
973000 : 1.7121476552497128 size: 0.0
974000 : 1.7773347553541958 size: 0.0
975000 : 1.9050004007947232 size: 0.0
976000 : 1.7874579981492824 size: 0.0
977000 : 1.7571071878556175 size: 0.0
978000 : 1.7874738205531617 size: 0.0
979000 : 1.8407880983553309 size: 0.0
980000 : 1.9441847559846548 size: 0.0
981000 : 1.9381536683841978 size: 0.0
982000 : 1.6832521621476488 size: 0.0
983000 : 1.905257686840414 size: 0.0
984000 : 1.7459002823774443 size: 0.0
985000 : 1.953160358550534 size: 0.0
986000 : 1.8808320228342745 size: 0.0
987000 : 1.9077882395652095 size: 0.0
988000 : 1.7779831299479485 size: 0.0
989000 : 1.8664365590091048 size: 0.0
990000 : 1.8206587329503952 size: 0.0
991000 : 1.8758858017954603 size: 0.0
992000 : 1.8188984905188141 size: 0.0
993000 : 1.7471272066086996 size: 0.0
994000 : 1.7546521355145508 size: 0.0
995000 : 1.8381832491253627 size: 0.0
996000 : 1.7199467245010396 size: 0.0
997000 : 1.888087110960922 size: 0.0
998000 : 1.7926124901782916 size: 0.0
999000 : 1.8790893226330818 size: 0.0
1000000 : 1.739009453505324 size: 0.0
1001000 : 1.6947144618623533 size: 0.0
1002000 : 1.8037997896342666 size: 0.0
1003000 : 1.952558419272514 size: 0.0
1004000 : 1.7324476274443044 size: 0.0
1005000 : 1.7909678200880907 size: 0.0
1006000 : 1.7702605929762558 size: 0.0
1007000 : 1.834793127111555 size: 0.0
1008000 : 1.7899868310475693 size: 0.0
1009000 : 1.8887206950467008 size: 0.0
1010000 : 1.7853231775041225 size: 0.0
1011000 : 1.8208836862577236 size: 0.0
1012000 : 1.6545556529726333 size: 0.0
1013000 : 1.7471934199292818 size: 0.0
1014000 : 1.7970828352221686 size: 0.0
1015000 : 1.732696314357452 size: 0.0
1016000 : 1.7041654244752173 size: 0.0
1017000 : 1.7471414811687211 size: 0.0
1018000 : 1.89497346828412 size: 0.0
1019000 : 1.906911128045809 size: 0.0
1020000 : 1.9059751984598137 size: 0.0
1021000 : 1.803272662809372 size: 0.0
1022000 : 1.7421606916170833 size: 0.0
1023000 : 2.061043355610265 size: 0.0
1024000 : 1.7236639575167882 size: 0.0
1025000 : 1.6989201256065525 size: 0.0
1026000 : 1.9438681359244163 size: 0.0
1027000 : 1.6411244958708513 size: 0.0
1028000 : 1.792064381469992 size: 0.0
1029000 : 1.8127521745422792 size: 0.0
1030000 : 1.84197993812581 size: 0.0
1031000 : 1.9583893190673667 size: 0.0
1032000 : 1.8427481846272142 size: 0.0
1033000 : 1.6815849623301848 size: 0.0
1034000 : 1.7010709406382427 size: 0.0
1035000 : 1.932880852291395 size: 0.0
1036000 : 1.8674490208747343 size: 0.0
1037000 : 1.844158786329591 size: 0.0
1038000 : 1.9173955344077076 size: 0.0
1039000 : 1.7527720211753186 size: 0.0
1040000 : 1.62614463499805 size: 0.0
1041000 : 1.869530182932825 size: 0.0
1042000 : 1.8094251701613382 size: 0.0
1043000 : 1.722152573981006 size: 0.0
1044000 : 1.7428260924932715 size: 0.0
1045000 : 1.777832129180491 size: 0.0
1046000 : 1.723661893724978 size: 0.0
1047000 : 1.7228174589092415 size: 0.0
1048000 : 1.8456134155905886 size: 0.0
1049000 : 1.7045112815861023 size: 0.0
1050000 : 1.781188026646777 size: 0.0
1051000 : 1.835082745895608 size: 0.0
1052000 : 1.7279158845940694 size: 0.0
1053000 : 1.893534145479049 size: 0.0
1054000 : 1.8888309359259037 size: 0.0
1055000 : 1.9186040564953206 size: 0.0
1056000 : 1.732927287057561 size: 0.0
1057000 : 1.6598759362770743 size: 0.0
1058000 : 1.7471005492978158 size: 0.0
1059000 : 1.723302106019373 size: 0.0
1060000 : 2.007573777474367 size: 0.0
1061000 : 1.9144133552417466 size: 0.0
1062000 : 1.7931215588248457 size: 0.0
1063000 : 1.8873833579535915 size: 0.0
1064000 : 1.8206630325166666 size: 0.0
1065000 : 1.8891186629007972 size: 0.0
1066000 : 1.8706337956034118 size: 0.0
1067000 : 1.9985771930250826 size: 0.0
1068000 : 1.6944442771178478 size: 0.0
1069000 : 1.8472718442928586 size: 0.0
1070000 : 1.6176192830121296 size: 0.0
1071000 : 1.681762620408526 size: 0.0
1072000 : 1.8962583506687158 size: 0.0
1073000 : 1.7580869730175828 size: 0.0
1074000 : 1.9732818127535299 size: 0.0
1075000 : 1.7711187864040614 size: 0.0
1076000 : 1.8955122899292731 size: 0.0
1077000 : 1.7924970898195627 size: 0.0
1078000 : 1.7441924946543765 size: 0.0
1079000 : 1.8285546284341574 size: 0.0
1080000 : 1.8278897435059218 size: 0.0
1081000 : 1.9402315627719222 size: 0.0
1082000 : 1.741102998314277 size: 0.0
1083000 : 1.7761520306642122 size: 0.0
1084000 : 1.9432815031023234 size: 0.0
1085000 : 1.9855185503450696 size: 0.0
1086000 : 1.8175420633514592 size: 0.0
1087000 : 1.8450699504138621 size: 0.0
1088000 : 1.916946487706305 size: 0.0
1089000 : 1.8883980555936821 size: 0.0
1090000 : 1.9165700176835663 size: 0.0
1091000 : 1.9032047299370647 size: 0.0
1092000 : 1.819875351975715 size: 0.0
1093000 : 1.9062338603667113 size: 0.0
1094000 : 1.8176848089516753 size: 0.0
1095000 : 1.792544213065899 size: 0.0
1096000 : 1.7498287100884524 size: 0.0
1097000 : 1.847508492420446 size: 0.0
1098000 : 1.8496441729788602 size: 0.0
1099000 : 1.8300092576951552 size: 0.0
1100000 : 2.006390020888478 size: 0.0
1101000 : 1.8724626591126867 size: 0.0
1102000 : 1.9328987384870846 size: 0.0
1103000 : 1.834924865822116 size: 0.0
1104000 : 1.8017731460764992 size: 0.0
1105000 : 1.9666773349950963 size: 0.0
1106000 : 1.8611854127303107 size: 0.0
1107000 : 1.7475568192705548 size: 0.0
1108000 : 1.8492210956577377 size: 0.0
1109000 : 1.9619710297542357 size: 0.0
1110000 : 1.7340900617600443 size: 0.0
1111000 : 1.8844364352310572 size: 0.0
1112000 : 1.9551027306093784 size: 0.0
1113000 : 1.87143076320751 size: 0.0
1114000 : 1.768139530943165 size: 0.0
1115000 : 1.7488838374046123 size: 0.0
1116000 : 1.8270363655923405 size: 0.0
1117000 : 1.70039264106324 size: 0.0
1118000 : 1.820804402255676 size: 0.0
1119000 : 1.9034006181763974 size: 0.0
1120000 : 1.7218832491497547 size: 0.0
1121000 : 1.9989507393427568 size: 0.0
1122000 : 1.878349109303768 size: 0.0
1123000 : 1.7532217558073249 size: 0.0
1124000 : 1.8116423704962614 size: 0.0
1125000 : 1.8441804561435997 size: 0.0
1126000 : 1.8066400831132658 size: 0.0
1127000 : 1.8250320797791855 size: 0.0
1128000 : 1.7932232005715054 size: 0.0
1129000 : 1.874332798458169 size: 0.0
1130000 : 1.9502679543283232 size: 0.0
1131000 : 1.949769204640821 size: 0.0
1132000 : 1.8266134602538688 size: 0.0
1133000 : 1.9217666454620368 size: 0.0
1134000 : 1.9092351296069183 size: 0.0
1135000 : 1.6375739140437886 size: 0.0
1136000 : 1.827123560796328 size: 0.0
1137000 : 1.7356131401160853 size: 0.0
1138000 : 1.6931875998879933 size: 0.0
1139000 : 1.6362546351290201 size: 0.0
1140000 : 1.8739289831939432 size: 0.0
1141000 : 1.8169960184349698 size: 0.0
1142000 : 1.8640177950073704 size: 0.0
1143000 : 1.8823380749078802 size: 0.0
1144000 : 1.6771964810281186 size: 0.0
1145000 : 1.7661206266046863 size: 0.0
1146000 : 1.7147296307871163 size: 0.0
1147000 : 1.8156989252821625 size: 0.0
1148000 : 1.897821500982408 size: 0.0
1149000 : 1.9077390525270628 size: 0.0
1150000 : 1.924614506177674 size: 0.0
1151000 : 1.8503695958001996 size: 0.0
1152000 : 1.7829623716557286 size: 0.0
1153000 : 1.6847016319291206 size: 0.0
1154000 : 1.7709591865040606 size: 0.0
1155000 : 1.989350151823642 size: 0.0
1156000 : 1.7405022629148132 size: 0.0
1157000 : 1.8978123859019123 size: 0.0
1158000 : 1.9500292424089256 size: 0.0
1159000 : 1.5730159264761618 size: 0.0
1160000 : 1.7424496224705328 size: 0.0
1161000 : 1.7645117289058647 size: 0.0
1162000 : 1.7752869579303723 size: 0.0
1163000 : 1.9549699600029125 size: 0.0
1164000 : 1.9072925855654228 size: 0.0
1165000 : 1.99993809174136 size: 0.0
1166000 : 1.7175919380454259 size: 0.0
1167000 : 1.9489937348680806 size: 0.0
1168000 : 1.7735005741358603 size: 0.0
1169000 : 1.8519669706614132 size: 0.0
1170000 : 1.8910455565210642 size: 0.0
1171000 : 1.7292695600390107 size: 0.0
1172000 : 1.8284564263405148 size: 0.0
1173000 : 1.8191893131814232 size: 0.0
1174000 : 1.8034203959064632 size: 0.0
1175000 : 1.9166532572865838 size: 0.0
1176000 : 1.6816578829741506 size: 0.0
1177000 : 1.9084966361041134 size: 0.0
1178000 : 1.8522915019235915 size: 0.0
1179000 : 1.726389538567662 size: 0.0
1180000 : 1.832006148254323 size: 0.0
1181000 : 1.6993368395695931 size: 0.0
1182000 : 1.7932379910794798 size: 0.0
1183000 : 1.8081234334769576 size: 0.0
1184000 : 1.7980349311773451 size: 0.0
1185000 : 1.9512343248435213 size: 0.0
1186000 : 1.7655873084043607 size: 0.0
1187000 : 1.747952723332841 size: 0.0
1188000 : 1.9175095589052298 size: 0.0
1189000 : 1.6623836153093048 size: 0.0
1190000 : 1.7440070973567465 size: 0.0
1191000 : 1.8635929978597392 size: 0.0
1192000 : 1.9124088974459406 size: 0.0
1193000 : 1.8110841148115608 size: 0.0
1194000 : 1.7532112648656222 size: 0.0
1195000 : 1.7469682946393024 size: 0.0
1196000 : 1.9041279328068963 size: 0.0
1197000 : 1.8523907359131393 size: 0.0
1198000 : 1.7338143735707112 size: 0.0
1199000 : 1.848846001496206 size: 0.0
1200000 : 1.9390472902380809 size: 0.0
1201000 : 1.7555930525974213 size: 0.0
1202000 : 1.867419267876135 size: 0.0
1203000 : 1.8827941728979682 size: 0.0
1204000 : 1.8529983506186376 size: 0.0
1205000 : 2.0088782658811613 size: 0.0
1206000 : 1.915504757144122 size: 0.0
1207000 : 1.8208116255270121 size: 0.0
1208000 : 1.7946434333023307 size: 0.0
1209000 : 1.8622482655126429 size: 0.0
1210000 : 1.9713459760354182 size: 0.0
1211000 : 1.9634595395974532 size: 0.0
1212000 : 1.702096129220036 size: 0.0
1213000 : 1.8406178355309766 size: 0.0
1214000 : 1.8538620474912706 size: 0.0
1215000 : 1.7690897350891819 size: 0.0
1216000 : 1.8630507365615687 size: 0.0
1217000 : 2.0068399275031354 size: 0.0
1218000 : 1.7479941711516989 size: 0.0
1219000 : 1.9830015842496924 size: 0.0
1220000 : 1.8438999524400423 size: 0.0
1221000 : 1.866697284707813 size: 0.0
1222000 : 1.8009806500213235 size: 0.0
1223000 : 1.9042730861642245 size: 0.0
1224000 : 1.7691162204174147 size: 0.0
1225000 : 1.7458899634183924 size: 0.0
1226000 : 1.9006488957625924 size: 0.0
1227000 : 1.6217922700526648 size: 0.0
1228000 : 1.839208265724505 size: 0.0
1229000 : 1.7912840961830274 size: 0.0
1230000 : 1.710916259469535 size: 0.0
1231000 : 1.8045745714764034 size: 0.0
1232000 : 1.7937680416094388 size: 0.0
1233000 : 1.763512337721701 size: 0.0
1234000 : 1.8360518681332199 size: 0.0
1235000 : 1.634036918846144 size: 0.0
1236000 : 1.7037488824948277 size: 0.0
1237000 : 2.0004743336467503 size: 0.0
1238000 : 1.820959530606754 size: 0.0
1239000 : 1.841623762055873 size: 0.0
1240000 : 1.9219339845813264 size: 0.0
1241000 : 1.9399250896880846 size: 0.0
1242000 : 1.7898808897346377 size: 0.0
1243000 : 1.8491743163767032 size: 0.0
1244000 : 1.7740872069579534 size: 0.0
1245000 : 1.9113818170549879 size: 0.0
1246000 : 1.8278364288841544 size: 0.0
1247000 : 1.8225450386650583 size: 0.0
1248000 : 1.7462311769977044 size: 0.0
1249000 : 1.8633568656801045 size: 0.0
1250000 : 1.8616805507821448 size: 0.0
1251000 : 1.958167117482452 size: 0.0
1252000 : 1.7540567315772637 size: 0.0
1253000 : 1.8769624131898615 size: 0.0
1254000 : 1.914120640769978 size: 0.0
1255000 : 1.7255187904063436 size: 0.0
1256000 : 1.749265294924226 size: 0.0
1257000 : 1.8403559059537125 size: 0.0
1258000 : 1.8563069528559364 size: 0.0
1259000 : 1.7414354407783947 size: 0.0
1260000 : 1.7586484963726499 size: 0.0
1261000 : 1.8509512411254176 size: 0.0
1262000 : 1.9084316266620873 size: 0.0
1263000 : 1.8414763729240837 size: 0.0
1264000 : 1.6467135880585908 size: 0.0
1265000 : 1.8420463234290432 size: 0.0
1266000 : 1.7351025236256736 size: 0.0
1267000 : 1.860366603329553 size: 0.0
1268000 : 1.8513435335520356 size: 0.0
1269000 : 1.8470436233151637 size: 0.0
1270000 : 1.7544522916742482 size: 0.0
1271000 : 1.9356678311486268 size: 0.0
1272000 : 1.6999867620072036 size: 0.0
1273000 : 1.8644171387226738 size: 0.0
1274000 : 1.9152280370588837 size: 0.0
1275000 : 1.9026174091843682 size: 0.0
1276000 : 1.963857163486248 size: 0.0
1277000 : 1.739726621159422 size: 0.0
1278000 : 1.8302443579788845 size: 0.0
1279000 : 1.7767429630525768 size: 0.0
1280000 : 1.7624369302058558 size: 0.0
1281000 : 1.811982724162319 size: 0.0
1282000 : 1.7459341629596643 size: 0.0
1283000 : 1.9591104423224346 size: 0.0
1284000 : 1.7183011944975841 size: 0.0
1285000 : 2.0263836919818834 size: 0.0
1286000 : 1.8049899095782371 size: 0.0
1287000 : 1.7578843774548665 size: 0.0
1288000 : 1.7987895910493312 size: 0.0
1289000 : 1.6738385197700223 size: 0.0
1290000 : 1.8932407430766771 size: 0.0
1291000 : 1.87824385592144 size: 0.0
1292000 : 1.6613121633944297 size: 0.0
1293000 : 1.8141030982648065 size: 0.0
1294000 : 1.8592703859129533 size: 0.0
1295000 : 1.9275462944269324 size: 0.0
1296000 : 1.903827479115839 size: 0.0
1297000 : 1.9109033613202875 size: 0.0
1298000 : 1.7505465656731538 size: 0.0
1299000 : 1.7769238888012846 size: 0.0
1300000 : 1.7802120251031306 size: 0.0
1301000 : 1.8261250295254186 size: 0.0
1302000 : 1.7964158865021227 size: 0.0
1303000 : 1.9726095325713071 size: 0.0
1304000 : 1.8445982020025455 size: 0.0
1305000 : 1.84431408666332 size: 0.0
1306000 : 1.8372046678419534 size: 0.0
1307000 : 1.6847527107764269 size: 0.0
1308000 : 1.9029820124041974 size: 0.0
1309000 : 1.77641671196389 size: 0.0
1310000 : 1.70823625382114 size: 0.0
1311000 : 1.8635806151088772 size: 0.0
1312000 : 1.9688247103737693 size: 0.0
1313000 : 1.8597306114866623 size: 0.0
1314000 : 1.7093245600357998 size: 0.0
1315000 : 1.9497599175776745 size: 0.0
1316000 : 1.8564085946025963 size: 0.0
1317000 : 1.9024215209450355 size: 0.0
1318000 : 1.8224342818379027 size: 0.0
1319000 : 1.800923379798586 size: 0.0
1320000 : 1.8014278049135666 size: 0.0
1321000 : 1.9614631649862377 size: 0.0
1322000 : 1.7597548607656504 size: 0.0
1323000 : 1.6871071532667388 size: 0.0
1324000 : 1.8554054198001135 size: 0.0
1325000 : 1.7445515944293781 size: 0.0
1326000 : 1.8632087886177118 size: 0.0
1327000 : 1.8638612907950851 size: 0.0
1328000 : 1.758595697698835 size: 0.0
1329000 : 1.7638143392566161 size: 0.0
1330000 : 1.7843256781291181 size: 0.0
1331000 : 1.7904219471542522 size: 0.0
1332000 : 1.7786729523605593 size: 0.0
1333000 : 1.9015447533909369 size: 0.0
1334000 : 1.844656332138537 size: 0.0
1335000 : 1.7791087563978456 size: 0.0
1336000 : 1.6975939673857494 size: 0.0
1337000 : 1.8905459469203076 size: 0.0
1338000 : 1.8321602447094962 size: 0.0
1339000 : 1.785032698806815 size: 0.0
1340000 : 1.910435224544639 size: 0.0
1341000 : 1.8250166013406077 size: 0.0
1342000 : 1.757644461656913 size: 0.0
1343000 : 1.7618358508410903 size: 0.0
1344000 : 1.6521872798876016 size: 0.0
1345000 : 1.8267543140449256 size: 0.0
1346000 : 1.7065652703853569 size: 0.0
1347000 : 1.8967694831070803 size: 0.0
1348000 : 1.9330428599485077 size: 0.0
1349000 : 1.9971664193400551 size: 0.0
1350000 : 1.9019241471187402 size: 0.0
1351000 : 1.6785415573405167 size: 0.0
1352000 : 1.8667567907050113 size: 0.0
1353000 : 1.8003348551673335 size: 0.0
1354000 : 1.8749447127299388 size: 0.0
1355000 : 1.8904169599321605 size: 0.0
1356000 : 1.8465956085096662 size: 0.0
1357000 : 1.8805424040502217 size: 0.0
1358000 : 1.85566786532533 size: 0.0
1359000 : 1.7999838385769225 size: 0.0
1360000 : 1.6355254286893617 size: 0.0
1361000 : 1.8831291951018492 size: 0.0
1362000 : 1.9198430195121363 size: 0.0
1363000 : 1.677815274605923 size: 0.0
1364000 : 1.8293822089501093 size: 0.0
1365000 : 1.770110108156751 size: 0.0
1366000 : 1.8540226792871766 size: 0.0
1367000 : 1.856916459370594 size: 0.0
1368000 : 1.8894959928367903 size: 0.0
1369000 : 1.9417486217351831 size: 0.0
1370000 : 1.7911396307563026 size: 0.0
1371000 : 1.617038325617515 size: 0.0
1372000 : 1.877781566555921 size: 0.0
1373000 : 1.8879839213704044 size: 0.0
1374000 : 1.8591978092342893 size: 0.0
1375000 : 1.7921660232166519 size: 0.0
1376000 : 1.6731574684726056 size: 0.0
1377000 : 1.8219030274293875 size: 0.0
1378000 : 1.8315442028541056 size: 0.0
1379000 : 1.7891668177682554 size: 0.0
1380000 : 1.7676247868691324 size: 0.0
1381000 : 1.8245274826815538 size: 0.0
1382000 : 1.9544495405014015 size: 0.0
1383000 : 1.6882776671885111 size: 0.0
1384000 : 1.688369333941421 size: 0.0
1385000 : 2.0248401476903894 size: 0.0
1386000 : 1.843430611785838 size: 0.0
1387000 : 1.9118212327279422 size: 0.0
1388000 : 1.8278202625149733 size: 0.0
1389000 : 1.9293271747766167 size: 0.0
1390000 : 1.8179326359515686 size: 0.0
1391000 : 1.9048507758884727 size: 0.0
1392000 : 1.8116826144365634 size: 0.0
1393000 : 1.8699417374163398 size: 0.0
1394000 : 1.8171962062405742 size: 0.0
1395000 : 1.8847647501115543 size: 0.0
1396000 : 1.9209846403485635 size: 0.0
1397000 : 1.8735759028117218 size: 0.0
1398000 : 1.7925791255440242 size: 0.0
1399000 : 1.8996845890392047 size: 0.0
1400000 : 1.857835534656805 size: 0.0
1401000 : 1.7427280623822796 size: 0.0
1402000 : 1.7313913100027052 size: 0.0
1403000 : 1.8231990886862897 size: 0.0
1404000 : 1.931826770624257 size: 0.0
1405000 : 1.9024832627166952 size: 0.0
1406000 : 1.8732952271255137 size: 0.0
1407000 : 1.7943352403919843 size: 0.0
1408000 : 1.8251627865938411 size: 0.0
1409000 : 1.7950205912556727 size: 0.0
1410000 : 1.752103524611415 size: 0.0
1411000 : 1.8263171341464324 size: 0.0
1412000 : 1.8231724313754059 size: 0.0
1413000 : 1.7181204407315274 size: 0.0
1414000 : 1.8965459056609586 size: 0.0
1415000 : 1.7425406012928393 size: 0.0
1416000 : 1.8132165276996088 size: 0.0
1417000 : 1.8274627105838295 size: 0.0
1418000 : 1.790465802730222 size: 0.0
1419000 : 1.7887232745116801 size: 0.0
1420000 : 1.8515987558059162 size: 0.0
1421000 : 1.9510804003709992 size: 0.0
1422000 : 1.760716931714577 size: 0.0
1423000 : 1.8610780955561723 size: 0.0
1424000 : 1.7231996043594586 size: 0.0
1425000 : 1.8256003104576362 size: 0.0
1426000 : 1.6853739121113434 size: 0.0
1427000 : 1.907998230381913 size: 0.0
1428000 : 1.7561322182078762 size: 0.0
1429000 : 1.901881839386628 size: 0.0
1430000 : 1.7200798390728074 size: 0.0
1431000 : 1.7482925610509459 size: 0.0
1432000 : 1.9089876465723268 size: 0.0
1433000 : 1.85723256348288 size: 0.0
1434000 : 1.873785033715171 size: 0.0
1435000 : 1.7486996439855382 size: 0.0
1436000 : 1.6343456277044428 size: 0.0
1437000 : 1.729415573309593 size: 0.0
1438000 : 1.6481575543952351 size: 0.0
1439000 : 1.801177914121863 size: 0.0
1440000 : 1.8378110786688955 size: 0.0
1441000 : 1.7978510817235729 size: 0.0
1442000 : 1.742742680907603 size: 0.0
1443000 : 1.7657331496922926 size: 0.0
1444000 : 1.8169014279769953 size: 0.0
1445000 : 1.847637479408593 size: 0.0
1446000 : 1.875794479007852 size: 0.0
1447000 : 1.7727140974734648 size: 0.0
1448000 : 1.5929772648312046 size: 0.0
1449000 : 1.72540046634255 size: 0.0
1450000 : 1.6788433868927808 size: 0.0
1451000 : 1.7697443010583658 size: 0.0
1452000 : 1.8079229017060514 size: 0.0
1453000 : 1.759063318526531 size: 0.0
1454000 : 2.0024564336979442 size: 0.0
1455000 : 1.9140922636325857 size: 0.0
1456000 : 1.8745439931534285 size: 0.0
1457000 : 1.971212001550396 size: 0.0
1458000 : 1.7337407649961418 size: 0.0
1459000 : 1.744566728902654 size: 0.0
1460000 : 1.7396500888797881 size: 0.0
1461000 : 1.844599921829054 size: 0.0
1462000 : 1.8858657830423782 size: 0.0
1463000 : 1.8448551440829344 size: 0.0
1464000 : 1.8159981750946639 size: 0.0
1465000 : 1.6629384313409883 size: 0.0
1466000 : 1.9637013472045663 size: 0.0
1467000 : 1.7760294070341471 size: 0.0
1468000 : 1.5838379347817042 size: 0.0
1469000 : 1.881964700572857 size: 0.0
1470000 : 1.9124439819067165 size: 0.0
1471000 : 1.779949751560565 size: 0.0
1472000 : 1.7812265507605702 size: 0.0
1473000 : 1.756678951054969 size: 0.0
1474000 : 1.9274919479092598 size: 0.0
1475000 : 2.023913505167541 size: 0.0
1476000 : 1.841373183333566 size: 0.0
1477000 : 1.7283786899075413 size: 0.0
1478000 : 1.8459859300123573 size: 0.0
1479000 : 1.7987261294511627 size: 0.0
1480000 : 1.892384441458031 size: 0.0
1481000 : 1.8956340536460838 size: 0.0
1482000 : 1.7564226969051835 size: 0.0
1483000 : 1.7663608863679416 size: 0.0
1484000 : 1.8091451824057334 size: 0.0
1485000 : 1.7471117281701218 size: 0.0
1486000 : 1.860242259872979 size: 0.0
1487000 : 1.819128087357716 size: 0.0
1488000 : 1.9260911492179822 size: 0.0
1489000 : 1.7347563225494869 size: 0.0
1490000 : 1.8067300300396671 size: 0.0
1491000 : 1.8338288203881672 size: 0.0
1492000 : 1.7824357607787866 size: 0.0
1493000 : 1.8430696202016768 size: 0.0
1494000 : 1.8692316210509272 size: 0.0
1495000 : 1.7964141666756142 size: 0.0
1496000 : 1.7171298206625576 size: 0.0
1497000 : 1.687159435992601 size: 0.0
1498000 : 1.8213356566641912 size: 0.0
1499000 : 1.949730336561726 size: 0.0
1500000 : 1.810838179620827 size: 0.0
1501000 : 1.7865495857874252 size: 0.0
1502000 : 1.9595527817004537 size: 0.0
1503000 : 1.7479934832210955 size: 0.0
1504000 : 1.8240383640225002 size: 0.0
1505000 : 1.6582300623083173 size: 0.0
1506000 : 1.7882819670295662 size: 0.0
1507000 : 1.7805045675922482 size: 0.0
1508000 : 1.8150135744184743 size: 0.0
1509000 : 1.9038407217799553 size: 0.0
1510000 : 2.0388453828807513 size: 0.0
1511000 : 1.9748719643434074 size: 0.0
1512000 : 1.8295137756780193 size: 0.0
1513000 : 1.7894576404308644 size: 0.0
1514000 : 1.769191204853191 size: 0.0
1515000 : 1.7944052373308856 size: 0.0
1516000 : 1.7803668094889071 size: 0.0
1517000 : 1.8580845655352543 size: 0.0
1518000 : 1.8223986814291742 size: 0.0
1519000 : 1.9414677740663242 size: 0.0
1520000 : 1.7000825563437343 size: 0.0
1521000 : 1.7278343648175605 size: 0.0
1522000 : 1.8782345688582935 size: 0.0
1523000 : 1.7365583567652274 size: 0.0
1524000 : 1.8661333535956337 size: 0.0
1525000 : 1.7717251972310035 size: 0.0
1526000 : 1.8147062414213824 size: 0.0
1527000 : 1.8921407420417586 size: 0.0
1528000 : 1.809439100756058 size: 0.0
1529000 : 1.8486982683991149 size: 0.0
1530000 : 1.6882479141899118 size: 0.0
1531000 : 1.8892700076335565 size: 0.0
1532000 : 1.8528163929740247 size: 0.0
1533000 : 1.9480285682314384 size: 0.0
1534000 : 1.6474787388722796 size: 0.0
1535000 : 1.857543336132989 size: 0.0
1536000 : 1.7272649302605538 size: 0.0
1537000 : 1.7726905358502965 size: 0.0
1538000 : 1.622907749526161 size: 0.0
1539000 : 1.8500366373881292 size: 0.0
1540000 : 1.730008741472419 size: 0.0
1541000 : 1.93581797200283 size: 0.0
1542000 : 1.869906137007611 size: 0.0
1543000 : 1.987302010434517 size: 0.0
1544000 : 1.8685645003482305 size: 0.0
1545000 : 1.6519516636559195 size: 0.0
1546000 : 1.7333825251343946 size: 0.0
1547000 : 1.9481066483549303 size: 0.0
1548000 : 1.7756488094277876 size: 0.0
1549000 : 1.6417782019267808 size: 0.0
1550000 : 1.7932293919469366 size: 0.0
1551000 : 1.7359440347363453 size: 0.0
1552000 : 1.8856647353235194 size: 0.0
1553000 : 1.9992768184487926 size: 0.0
1554000 : 1.72129627236236 size: 0.0
1555000 : 1.8323877777565878 size: 0.0
1556000 : 1.886877384994753 size: 0.0
1557000 : 1.7641820381641609 size: 0.0
1558000 : 1.8306521288440802 size: 0.0
1559000 : 1.8239391300329524 size: 0.0
1560000 : 1.6656266921566247 size: 0.0
1561000 : 1.8718837655098826 size: 0.0
1562000 : 1.753506387094503 size: 0.0
1563000 : 1.7208422381640822 size: 0.0
1564000 : 1.8272109279829662 size: 0.0
1565000 : 1.7498409208566637 size: 0.0
1566000 : 1.6475994706931851 size: 0.0
1567000 : 1.8204766033231314 size: 0.0
1568000 : 1.9155124963634107 size: 0.0
1569000 : 1.8153969237472474 size: 0.0
1570000 : 1.7257568143951378 size: 0.0
1571000 : 1.9218046536278774 size: 0.0
1572000 : 1.93167989744042 size: 0.0
1573000 : 1.8260646636149658 size: 0.0
1574000 : 1.8673331045680528 size: 0.0
1575000 : 1.7375300587426021 size: 0.0
1576000 : 1.7370541827476649 size: 0.0
1577000 : 1.6600327844546612 size: 0.0
1578000 : 1.9850928932841843 size: 0.0
1579000 : 1.8485782245088125 size: 0.0
1580000 : 2.01632683449003 size: 0.0
1581000 : 1.733296877774265 size: 0.0
1582000 : 1.8576262317707048 size: 0.0
1583000 : 1.7818470641648834 size: 0.0
1584000 : 1.9062139103792113 size: 0.0
1585000 : 1.6517110599273623 size: 0.0
1586000 : 1.785899147401862 size: 0.0
1587000 : 1.7183799625516794 size: 0.0
1588000 : 1.8422803918168673 size: 0.0
1589000 : 1.8261805799216473 size: 0.0
1590000 : 1.8204334356777647 size: 0.0
1591000 : 1.5751915070095763 size: 0.0
1592000 : 1.798074143221742 size: 0.0
1593000 : 1.6493191252191624 size: 0.0
1594000 : 1.965484291346061 size: 0.0
1595000 : 1.7692065113091178 size: 0.0
1596000 : 1.7346075575564905 size: 0.0
1597000 : 1.899872222111296 size: 0.0
1598000 : 1.7970577257551428 size: 0.0
1599000 : 1.7171678288283982 size: 0.0
1600000 : 2.0003087143539693 size: 0.0
1601000 : 1.7849723328963623 size: 0.0
1602000 : 2.019933138695972 size: 0.0
1603000 : 1.9427447452489806 size: 0.0
1604000 : 1.8705813408948986 size: 0.0
1605000 : 1.8802429822550695 size: 0.0
1606000 : 1.7664085255622306 size: 0.0
1607000 : 1.7864451923183513 size: 0.0
1608000 : 1.73026207191714 size: 0.0
1609000 : 1.889661612129571 size: 0.0
1610000 : 1.9114251566830052 size: 0.0
1611000 : 1.7049541369120742 size: 0.0
1612000 : 1.814914684394228 size: 0.0
1613000 : 1.8013529924604414 size: 0.0
1614000 : 1.7255377084979386 size: 0.0
1615000 : 1.708384330883533 size: 0.0
1616000 : 1.6946606312926333 size: 0.0
1617000 : 1.7168689229811986 size: 0.0
1618000 : 1.7237260432537498 size: 0.0
1619000 : 1.8806581483742522 size: 0.0
1620000 : 1.8705079043029802 size: 0.0
1621000 : 1.751751132159797 size: 0.0
1622000 : 1.7764801735620586 size: 0.0
1623000 : 1.8324883876073426 size: 0.0
1624000 : 1.6896058892011245 size: 0.0
1625000 : 1.8799222346112103 size: 0.0
1626000 : 1.6641839296985368 size: 0.0
1627000 : 1.829853957361426 size: 0.0
1628000 : 1.936690439990657 size: 0.0
1629000 : 1.893258285307065 size: 0.0
1630000 : 1.8045572012286664 size: 0.0
1631000 : 1.7577567663279263 size: 0.0
1632000 : 1.7544560752925673 size: 0.0
1633000 : 1.7497349795437322 size: 0.0
1634000 : 1.8193354984346566 size: 0.0
1635000 : 1.7179625606580353 size: 0.0
1636000 : 1.7928795792350816 size: 0.0
1637000 : 1.8452880244151562 size: 0.0
1638000 : 1.8091228246611213 size: 0.0
1639000 : 1.8697707866613822 size: 0.0
1640000 : 1.7811689365725312 size: 0.0
1641000 : 1.9358637193879595 size: 0.0
1642000 : 1.8169359964898186 size: 0.0
1643000 : 1.7718065450248617 size: 0.0
1644000 : 1.8938407905455374 size: 0.0
1645000 : 1.6525118111497796 size: 0.0
1646000 : 2.0475217356341293 size: 0.0
1647000 : 1.8709201467170984 size: 0.0
1648000 : 1.7344092615600457 size: 0.0
1649000 : 1.8230341573241122 size: 0.0
1650000 : 1.8455492660618167 size: 0.0
1651000 : 1.8836088547151055 size: 0.0
1652000 : 1.752686201832538 size: 0.0
1653000 : 1.8021580432491302 size: 0.0
1654000 : 1.848453537086937 size: 0.0
1655000 : 1.9451414954714046 size: 0.0
1656000 : 1.93973676868539 size: 0.0
1657000 : 1.8353243815200702 size: 0.0
1658000 : 1.9116733276482003 size: 0.0
1659000 : 1.8903581418655655 size: 0.0
1660000 : 1.868116141577431 size: 0.0
1661000 : 1.7799705614613193 size: 0.0
1662000 : 1.7441362563275444 size: 0.0
1663000 : 1.7516381395581802 size: 0.0
1664000 : 1.763854755179569 size: 0.0
1665000 : 1.6817516135188708 size: 0.0
1666000 : 1.74385231297097 size: 0.0
1667000 : 1.9237435860337049 size: 0.0
1668000 : 1.9436925416378854 size: 0.0
1669000 : 1.8865999769789115 size: 0.0
1670000 : 1.7442483890159068 size: 0.0
1671000 : 1.8169912029207456 size: 0.0
1672000 : 1.917293548695746 size: 0.0
1673000 : 1.739936096028173 size: 0.0
1674000 : 1.7600582381617724 size: 0.0
1675000 : 1.7856060889647918 size: 0.0
1676000 : 1.8016193935866278 size: 0.0
1677000 : 1.7490554760901733 size: 0.0
1678000 : 1.8741891929446985 size: 0.0
1679000 : 1.8944413539623504 size: 0.0
1680000 : 1.7870106712743883 size: 0.0
1681000 : 1.7997655925929776 size: 0.0
1682000 : 1.914118061030215 size: 0.0
1683000 : 1.8829432818562664 size: 0.0
1684000 : 1.766987247182384 size: 0.0
1685000 : 1.9160879503131978 size: 0.0
1686000 : 1.704460374721447 size: 0.0
1687000 : 1.814807023254788 size: 0.0
1688000 : 2.025565914477031 size: 0.0
1689000 : 1.812398922177407 size: 0.0
1690000 : 1.8997764277747655 size: 0.0
1691000 : 1.9549620488009727 size: 0.0
1692000 : 1.7883330458768725 size: 0.0
1693000 : 1.7756556887338222 size: 0.0
1694000 : 1.83652826007611 size: 0.0
1695000 : 1.817005821446069 size: 0.0
1696000 : 1.8406266066461705 size: 0.0
1697000 : 1.7997291322709947 size: 0.0
1698000 : 1.7767998893100125 size: 0.0
1699000 : 1.528251250213685 size: 0.0
1700000 : 1.8168436418063054 size: 0.0
1701000 : 1.6611907436429205 size: 0.0
1702000 : 1.8466017998850972 size: 0.0
1703000 : 1.8669268815467148 size: 0.0
1704000 : 1.834011981911336 size: 0.0
1705000 : 1.7585434149729728 size: 0.0
1706000 : 1.9999943300681922 size: 0.0
1707000 : 1.7029355765388974 size: 0.0
1708000 : 1.756789191934172 size: 0.0
1709000 : 1.7255626459823137 size: 0.0
1710000 : 1.8996771937852177 size: 0.0
1711000 : 1.7861378593212596 size: 0.0
1712000 : 1.845653143582938 size: 0.0
1713000 : 1.6414808439234392 size: 0.0
1714000 : 1.7551624080396608 size: 0.0
1715000 : 1.936680636979558 size: 0.0
1716000 : 1.7158574930114745 size: 0.0
1717000 : 1.8585217454337475 size: 0.0
1718000 : 1.8452101162743153 size: 0.0
1719000 : 1.8560316086319049 size: 0.0
1720000 : 1.7989294129444826 size: 0.0
1721000 : 1.8014640932528987 size: 0.0
1722000 : 1.661997342275467 size: 0.0
1723000 : 1.7038144078848063 size: 0.0
1724000 : 1.6381008688860323 size: 0.0
1725000 : 1.8173934703411139 size: 0.0
1726000 : 1.716892484604367 size: 0.0
1727000 : 1.8093777029497 size: 0.0
1728000 : 1.7135083819833394 size: 0.0
1729000 : 1.934516579283751 size: 0.0
1730000 : 1.818957652550711 size: 0.0
1731000 : 1.7969185917905948 size: 0.0
1732000 : 1.7982727831834884 size: 0.0
1733000 : 1.9264906649159363 size: 0.0
1734000 : 1.9420449478426196 size: 0.0
1735000 : 1.7750755912524618 size: 0.0
1736000 : 1.729419528910563 size: 0.0
1737000 : 1.7360907359375313 size: 0.0
1738000 : 1.6940265312589022 size: 0.0
1739000 : 1.8526899857256405 size: 0.0
1740000 : 1.988522915272992 size: 0.0
1741000 : 1.7590841284272853 size: 0.0
1742000 : 1.6204127972100941 size: 0.0
1743000 : 1.7794138536204762 size: 0.0
1744000 : 1.9129981100077964 size: 0.0
1745000 : 1.6153473921942318 size: 0.0
1746000 : 1.8399563902557583 size: 0.0
1747000 : 2.0174442057726854 size: 0.0
1748000 : 1.882325864139669 size: 0.0
1749000 : 1.8883787935367855 size: 0.0
1750000 : 1.7951136338697895 size: 0.0
1751000 : 1.9023221149728369 size: 0.0
1752000 : 1.859387506098191 size: 0.0
1753000 : 1.7752281398637773 size: 0.0
1754000 : 1.727916400542022 size: 0.0
1755000 : 1.7057359700428965 size: 0.0
1756000 : 1.5810641985885887 size: 0.0
1757000 : 1.7519342936829658 size: 0.0
1758000 : 1.8806841177545326 size: 0.0
1759000 : 1.7539752118007548 size: 0.0
1760000 : 1.8908692743039297 size: 0.0
1761000 : 1.7775082858489164 size: 0.0
1762000 : 2.0172999123286113 size: 0.0
1763000 : 1.8012171261662597 size: 0.0
1764000 : 1.7769577693835046 size: 0.0
1765000 : 1.779713963346232 size: 0.0
1766000 : 1.8590684782808404 size: 0.0
1767000 : 1.8485971426004075 size: 0.0
1768000 : 1.8034515247662692 size: 0.0
1769000 : 1.7975757374995416 size: 0.0
1770000 : 1.869962719299745 size: 0.0
1771000 : 1.95235427586594 size: 0.0
1772000 : 1.7524449101733774 size: 0.0
1773000 : 1.7854636873298773 size: 0.0
1774000 : 1.6821334150037863 size: 0.0
1775000 : 1.8023847163829674 size: 0.0
1776000 : 1.6480103372460966 size: 0.0
1777000 : 1.6462189659547095 size: 0.0
1778000 : 1.8463166526499666 size: 0.0
1779000 : 1.8551448660840564 size: 0.0
1780000 : 1.656027824464019 size: 0.0
1781000 : 1.7033366400807095 size: 0.0
1782000 : 1.7370072314839793 size: 0.0
1783000 : 1.6374088106989604 size: 0.0
1784000 : 1.8027720213127103 size: 0.0
1785000 : 1.7552690372831958 size: 0.0
1786000 : 1.9555643320442941 size: 0.0
1787000 : 1.9924996701088928 size: 0.0
1788000 : 1.967741907603937 size: 0.0
1789000 : 1.8440593803573924 size: 0.0
1790000 : 2.001996896054839 size: 0.0
1791000 : 1.8874535268751436 size: 0.0
1792000 : 1.876729720663244 size: 0.0
1793000 : 1.7557755261899868 size: 0.0
1794000 : 1.793120870894242 size: 0.0
1795000 : 1.829786368179637 size: 0.0
1796000 : 1.874504609126381 size: 0.0
1797000 : 1.6962666052863902 size: 0.0
1798000 : 1.7632320060007947 size: 0.0
1799000 : 1.8004139671867303 size: 0.0
1800000 : 1.8180017729772155 size: 0.0
1801000 : 1.7490890127070915 size: 0.0
1802000 : 1.8764019217306995 size: 0.0
1803000 : 1.7184888275696755 size: 0.0
1804000 : 1.9156034751857172 size: 0.0
1805000 : 1.9068103462124035 size: 0.0
1806000 : 1.8109902122841897 size: 0.0
1807000 : 1.731096703721777 size: 0.0
1808000 : 1.738254965615989 size: 0.0
1809000 : 1.8205173632113858 size: 0.0
1810000 : 1.687449054776654 size: 0.0
1811000 : 1.766543703925809 size: 0.0
1812000 : 1.8420420238627715 size: 0.0
1813000 : 1.7577579702064823 size: 0.0
1814000 : 1.7787751100551719 size: 0.0
1815000 : 1.8338209091862274 size: 0.0
1816000 : 1.8133750957037043 size: 0.0
1817000 : 1.7156567892579175 size: 0.0
1818000 : 1.7079223854833154 size: 0.0
1819000 : 1.7462413239741053 size: 0.0
1820000 : 1.7228540912138752 size: 0.0
1821000 : 1.7564662085158518 size: 0.0
1822000 : 1.6042789327500033 size: 0.0
1823000 : 2.071123430759985 size: 0.0
1824000 : 1.926086333703758 size: 0.0
1825000 : 1.9568738079479637 size: 0.0
1826000 : 1.736503494299602 size: 0.0
1827000 : 1.7031947543937476 size: 0.0
1828000 : 1.7997848546498743 size: 0.0
1829000 : 1.6918036554965004 size: 0.0
1830000 : 1.8164224562943423 size: 0.0
1831000 : 1.928969622845473 size: 0.0
1832000 : 1.9241334707032107 size: 0.0
1833000 : 1.7331137162510961 size: 0.0
1834000 : 1.7912190867410012 size: 0.0
1835000 : 1.8517411574408305 size: 0.0
1836000 : 1.82471803945871 size: 0.0
1837000 : 1.8856372180993815 size: 0.0
1838000 : 1.781145374949363 size: 0.0
1839000 : 1.7984282554998685 size: 0.0
1840000 : 1.800141374685113 size: 0.0
1841000 : 1.7743893804755193 size: 0.0
1842000 : 1.7995258487776749 size: 0.0
1843000 : 1.787296678422773 size: 0.0
1844000 : 1.6793311296906277 size: 0.0
1845000 : 1.7294690599140115 size: 0.0
1846000 : 1.7478216725528835 size: 0.0
1847000 : 1.898247845973897 size: 0.0
1848000 : 1.928556004570148 size: 0.0
1849000 : 1.7695399856691407 size: 0.0
1850000 : 1.789708735101124 size: 0.0
1851000 : 1.7694058392014678 size: 0.0
1852000 : 1.5412414437986546 size: 0.0
1853000 : 1.870059201566879 size: 0.0
1854000 : 1.8902121285949829 size: 0.0
1855000 : 1.7794303639549591 size: 0.0
1856000 : 1.6870815278517601 size: 0.0
1857000 : 1.8427994354571713 size: 0.0
1858000 : 1.8111664945013242 size: 0.0
1859000 : 1.7816850565077706 size: 0.0
1860000 : 1.8851372645333233 size: 0.0
1861000 : 1.762005597717492 size: 0.0
1862000 : 1.7268392731996682 size: 0.0
1863000 : 1.927110318406995 size: 0.0
1864000 : 1.7310748619251175 size: 0.0
1865000 : 1.822841192789844 size: 0.0
1866000 : 1.8653611514932598 size: 0.0
1867000 : 1.863642356880537 size: 0.0
1868000 : 1.6846490052379566 size: 0.0
1869000 : 1.684704727616836 size: 0.0
1870000 : 1.7012823073161532 size: 0.0
1871000 : 1.8541219132767244 size: 0.0
1872000 : 1.8041771195702596 size: 0.0
1873000 : 1.7479104156007288 size: 0.0
1874000 : 1.742761598999198 size: 0.0
1875000 : 1.8897522469865757 size: 0.0
1876000 : 1.859310973818557 size: 0.0
1877000 : 1.7573971506049721 size: 0.0
1878000 : 1.8794064586412726 size: 0.0
1879000 : 1.8246332520118345 size: 0.0
1880000 : 1.8529397045346934 size: 0.0
1881000 : 1.7715305128702268 size: 0.0
1882000 : 1.795495435354705 size: 0.0
1883000 : 1.9562130506033488 size: 0.0
1884000 : 1.736987281496479 size: 0.0
1885000 : 1.733604210771357 size: 0.0
1886000 : 1.7848572765029351 size: 0.0
1887000 : 1.864465809812868 size: 0.0
1888000 : 1.8158160454674002 size: 0.0
1889000 : 1.7670116687188067 size: 0.0
1890000 : 1.8218344063516931 size: 0.0
1891000 : 1.7545983049448308 size: 0.0
1892000 : 1.6721155975736786 size: 0.0
1893000 : 1.9248222612199164 size: 0.0
1894000 : 1.7566569372756586 size: 0.0
1895000 : 1.8595962930363383 size: 0.0
1896000 : 1.727007644214863 size: 0.0
1897000 : 1.7090043283398932 size: 0.0
1898000 : 1.7895302171095284 size: 0.0
1899000 : 1.6058235089374022 size: 0.0
1900000 : 1.83484592578537 size: 0.0
1901000 : 2.028864885685881 size: 0.0
1902000 : 1.8928637571059859 size: 0.0
1903000 : 1.7655723459137358 size: 0.0
1904000 : 1.67659677752456 size: 0.0
1905000 : 1.8185846221809896 size: 0.0
1906000 : 1.9202114063502844 size: 0.0
1907000 : 1.8530523531710086 size: 0.0
1908000 : 1.8367239763327918 size: 0.0
1909000 : 1.7913587366535018 size: 0.0
1910000 : 1.8673331045680528 size: 0.0
1911000 : 1.9463139012023363 size: 0.0
1912000 : 1.775558174570783 size: 0.0
1913000 : 1.8226318899037441 size: 0.0
1914000 : 1.8913527175355052 size: 0.0
1915000 : 1.76347226576405 size: 0.0
1916000 : 1.8215669733296016 size: 0.0
1917000 : 1.9572877701885905 size: 0.0
1918000 : 1.8437372568523263 size: 0.0
1919000 : 1.7437668375934912 size: 0.0
1920000 : 1.8262142885212165 size: 0.0
1921000 : 1.856604482841929 size: 0.0
1922000 : 1.852026304675961 size: 0.0
1923000 : 1.9086591597091787 size: 0.0
1924000 : 1.785401429610265 size: 0.0
1925000 : 1.7964489071710883 size: 0.0
1926000 : 1.9094365212910787 size: 0.0
1927000 : 1.9882179900330124 size: 0.0
1928000 : 1.7855125304027224 size: 0.0
1929000 : 1.766952162721608 size: 0.0
1930000 : 1.8122040658339793 size: 0.0
1931000 : 1.8739497930946976 size: 0.0
1932000 : 1.8131795514296731 size: 0.0
1933000 : 1.8850820581023964 size: 0.0
1934000 : 1.9497064309732561 size: 0.0
1935000 : 1.7075804839734001 size: 0.0
1936000 : 1.9536030418938548 size: 0.0
1937000 : 1.8126766741585505 size: 0.0
1938000 : 1.8248664604864044 size: 0.0
1939000 : 1.7200452705599838 size: 0.0
1940000 : 1.7701740857028718 size: 0.0
1941000 : 1.7423612233879893 size: 0.0
1942000 : 1.9053889096030223 size: 0.0
1943000 : 1.8727163335227095 size: 0.0
1944000 : 1.948094265604068 size: 0.0
1945000 : 1.773884783377888 size: 0.0
1946000 : 1.9117993909312827 size: 0.0
1947000 : 1.6933929471731235 size: 0.0
1948000 : 1.7542570913655189 size: 0.0
1949000 : 1.889649229378709 size: 0.0
1950000 : 1.869040032377866 size: 0.0
1951000 : 1.8654645130664282 size: 0.0
1952000 : 1.8991805078895259 size: 0.0
1953000 : 1.9760025782901796 size: 0.0
Time for GPU to GPU operations:  170.2853183746338
Time for model training:  22523.690768003464
Time for GPU to CPU operations:  351.3390779495239
last series
Last encode part don't need inference.
218.40775299072266
37694.58882713318 
