2399911
0 : 8.25414566446869 size: 0.0
1000 : 5.559101165151495 size: 0.0
2000 : 5.179922071696416 size: 0.0
3000 : 4.969085788281285 size: 0.0
4000 : 4.857085182594597 size: 0.0
5000 : 4.89455573066868 size: 0.0
6000 : 4.9489153190227935 size: 0.0
7000 : 4.952858193276474 size: 0.0
8000 : 4.9257430645761415 size: 0.0
9000 : 4.757253037387055 size: 0.0
10000 : 4.770180973252413 size: 0.0
11000 : 4.8503610049111625 size: 0.0
12000 : 4.810625789290517 size: 0.0
13000 : 4.6367551128865365 size: 0.0
14000 : 4.671667247046385 size: 0.0
15000 : 4.536709365226624 size: 0.0
16000 : 4.630925932918193 size: 0.0
17000 : 4.779390644206116 size: 0.0
18000 : 4.692747160562639 size: 0.0
19000 : 4.665960518725456 size: 0.0
20000 : 4.67647794575632 size: 0.0
21000 : 4.653113414706004 size: 0.0
22000 : 4.6910919995307365 size: 0.0
23000 : 4.634882909749244 size: 0.0
24000 : 4.728099226343395 size: 0.0
25000 : 4.775471159592953 size: 0.0
26000 : 4.617209284615979 size: 0.0
27000 : 4.5755674693278685 size: 0.0
28000 : 4.690987434079012 size: 0.0
29000 : 4.573802927330016 size: 0.0
30000 : 4.570034787449612 size: 0.0
31000 : 4.56965161010349 size: 0.0
32000 : 4.585258347738686 size: 0.0
33000 : 4.605256490381014 size: 0.0
34000 : 4.723141310484322 size: 0.0
35000 : 4.648232891039819 size: 0.0
36000 : 4.560047410948707 size: 0.0
37000 : 4.720353127748535 size: 0.0
38000 : 4.833656330032857 size: 0.0
39000 : 4.737940073625765 size: 0.0
40000 : 4.589113510840427 size: 0.0
41000 : 4.709340046717884 size: 0.0
42000 : 4.709672317199351 size: 0.0
43000 : 4.647468256174083 size: 0.0
44000 : 4.541742609486775 size: 0.0
45000 : 4.682856782276821 size: 0.0
46000 : 4.66347984096941 size: 0.0
47000 : 4.64476881648614 size: 0.0
48000 : 4.54225993330057 size: 0.0
49000 : 4.669694262075687 size: 0.0
50000 : 4.590783118415003 size: 0.0
51000 : 4.602577000680571 size: 0.0
52000 : 4.63661615090464 size: 0.0
53000 : 4.473533946189283 size: 0.0
54000 : 4.560815141502158 size: 0.0
55000 : 4.6579093229079644 size: 0.0
56000 : 4.60341008464135 size: 0.0
57000 : 4.708661059212277 size: 0.0
58000 : 4.63609779519494 size: 0.0
59000 : 4.545697522526016 size: 0.0
60000 : 4.541397612289144 size: 0.0
61000 : 4.739941951681808 size: 0.0
62000 : 4.740389450539353 size: 0.0
63000 : 4.630629434828105 size: 0.0
64000 : 4.7277442541520145 size: 0.0
65000 : 4.6269551974750724 size: 0.0
66000 : 4.780513346950948 size: 0.0
67000 : 4.779226572757192 size: 0.0
68000 : 4.572355865305656 size: 0.0
69000 : 4.600699294098451 size: 0.0
70000 : 4.722548314304147 size: 0.0
71000 : 4.666330969355414 size: 0.0
72000 : 4.611727853567679 size: 0.0
73000 : 4.829521179175512 size: 0.0
74000 : 4.684619604448165 size: 0.0
75000 : 4.552170949504492 size: 0.0
76000 : 4.558528116210985 size: 0.0
77000 : 4.577613030977231 size: 0.0
78000 : 4.534601201892348 size: 0.0
79000 : 4.59707527567947 size: 0.0
80000 : 4.5439677210236376 size: 0.0
81000 : 4.7610500703528045 size: 0.0
82000 : 4.637771186387834 size: 0.0
83000 : 4.459262825820687 size: 0.0
84000 : 4.463908421185794 size: 0.0
85000 : 4.523449502845101 size: 0.0
86000 : 4.477345081732403 size: 0.0
87000 : 4.517305250660376 size: 0.0
88000 : 4.618511537248311 size: 0.0
89000 : 4.597392755652963 size: 0.0
90000 : 4.659236341042021 size: 0.0
91000 : 4.479959905956121 size: 0.0
92000 : 4.546975353621926 size: 0.0
93000 : 4.751681487429703 size: 0.0
94000 : 4.553345247044583 size: 0.0
95000 : 4.580869694453969 size: 0.0
96000 : 4.685287585064116 size: 0.0
97000 : 4.506506803978002 size: 0.0
98000 : 4.648981359536374 size: 0.0
99000 : 4.509995987998707 size: 0.0
100000 : 4.675440202441013 size: 0.0
101000 : 4.6970284966732185 size: 0.0
102000 : 4.5307047629544 size: 0.0
103000 : 4.374646329700281 size: 0.0
104000 : 4.69905204454327 size: 0.0
105000 : 4.713207592570487 size: 0.0
106000 : 4.547145272480979 size: 0.0
107000 : 4.514568662719848 size: 0.0
108000 : 4.386997435754644 size: 0.0
109000 : 4.490021234996897 size: 0.0
110000 : 4.544207808804242 size: 0.0
111000 : 4.582015098908715 size: 0.0
112000 : 4.635802672966059 size: 0.0
113000 : 4.611210873719186 size: 0.0
114000 : 4.618013475491413 size: 0.0
115000 : 4.628592472311286 size: 0.0
116000 : 4.49757849664111 size: 0.0
117000 : 4.519372138158446 size: 0.0
118000 : 4.510612029854098 size: 0.0
119000 : 4.439495827861119 size: 0.0
120000 : 4.671897703798542 size: 0.0
121000 : 4.617899622976542 size: 0.0
122000 : 4.520710163182159 size: 0.0
123000 : 4.6163332049924835 size: 0.0
124000 : 4.496156200118476 size: 0.0
125000 : 4.544090172671052 size: 0.0
126000 : 4.532490630800959 size: 0.0
127000 : 4.625877210219464 size: 0.0
128000 : 4.457423299387059 size: 0.0
129000 : 4.664506921360363 size: 0.0
130000 : 4.675473911040583 size: 0.0
131000 : 4.60987628834849 size: 0.0
132000 : 4.7746329161526475 size: 0.0
133000 : 4.51743148592611 size: 0.0
134000 : 4.532188629266044 size: 0.0
135000 : 4.7329825017319935 size: 0.0
136000 : 4.604353581463983 size: 0.0
137000 : 4.689364949750772 size: 0.0
138000 : 4.551892681575396 size: 0.0
139000 : 4.745596741242178 size: 0.0
140000 : 4.670622968390346 size: 0.0
141000 : 4.657984651309042 size: 0.0
142000 : 4.5121884228319065 size: 0.0
143000 : 4.71655299909507 size: 0.0
144000 : 4.5768686900642965 size: 0.0
145000 : 4.6643751826498026 size: 0.0
146000 : 4.543604837630317 size: 0.0
147000 : 4.641194673035909 size: 0.0
148000 : 4.745510061986143 size: 0.0
149000 : 4.566183064000889 size: 0.0
150000 : 4.48419549468157 size: 0.0
151000 : 4.500789412732719 size: 0.0
152000 : 4.49894369492366 size: 0.0
153000 : 4.487777205368439 size: 0.0
154000 : 4.322134178981735 size: 0.0
155000 : 4.527193909119687 size: 0.0
156000 : 4.605226909365065 size: 0.0
157000 : 4.495184154175798 size: 0.0
158000 : 4.5410075556369875 size: 0.0
159000 : 4.464664800884288 size: 0.0
160000 : 4.505401299498256 size: 0.0
161000 : 4.355317199569809 size: 0.0
162000 : 4.437557927351198 size: 0.0
163000 : 4.588489213817795 size: 0.0
164000 : 4.579272319592755 size: 0.0
165000 : 4.468900045644435 size: 0.0
166000 : 4.495594848746059 size: 0.0
167000 : 4.620252001675044 size: 0.0
168000 : 4.551380861206428 size: 0.0
169000 : 4.619110036873314 size: 0.0
170000 : 4.406669843256237 size: 0.0
171000 : 4.4209832713569455 size: 0.0
172000 : 4.505029129041789 size: 0.0
173000 : 4.658614451776502 size: 0.0
174000 : 4.402783379312039 size: 0.0
175000 : 4.689192623134607 size: 0.0
176000 : 4.583348308418204 size: 0.0
177000 : 4.428995599095342 size: 0.0
178000 : 4.571419247789057 size: 0.0
179000 : 4.67357969412398 size: 0.0
180000 : 4.651690086287463 size: 0.0
181000 : 4.689657320257239 size: 0.0
182000 : 4.654917856678856 size: 0.0
183000 : 4.512498679534063 size: 0.0
184000 : 4.525700411779594 size: 0.0
185000 : 4.495075805105755 size: 0.0
186000 : 4.601235879969143 size: 0.0
187000 : 4.586251031599466 size: 0.0
188000 : 4.5537397752456625 size: 0.0
189000 : 4.561820208113801 size: 0.0
190000 : 4.659575490829523 size: 0.0
191000 : 4.510645394488365 size: 0.0
192000 : 4.5207614140121155 size: 0.0
193000 : 4.335273653507654 size: 0.0
194000 : 4.442962654137212 size: 0.0
195000 : 4.513905153652819 size: 0.0
196000 : 4.671825815050481 size: 0.0
197000 : 4.614865161084719 size: 0.0
198000 : 4.537563431070809 size: 0.0
199000 : 4.56117424127716 size: 0.0
200000 : 4.689239402415642 size: 0.0
201000 : 4.657738716118308 size: 0.0
202000 : 4.654101970983163 size: 0.0
203000 : 4.611956590493326 size: 0.0
204000 : 4.543355806751868 size: 0.0
205000 : 4.643721786107688 size: 0.0
206000 : 4.54104195216716 size: 0.0
207000 : 4.420156034806295 size: 0.0
208000 : 4.5254400300461874 size: 0.0
209000 : 4.598583907492838 size: 0.0
210000 : 4.4869059412591685 size: 0.0
211000 : 4.7622769945840595 size: 0.0
212000 : 4.502710114977555 size: 0.0
213000 : 4.423337713847257 size: 0.0
214000 : 4.7557272073086 size: 0.0
215000 : 4.594232402460707 size: 0.0
216000 : 4.383663724050319 size: 0.0
217000 : 4.521851784018586 size: 0.0
218000 : 4.460114139942458 size: 0.0
219000 : 4.557690560701283 size: 0.0
220000 : 4.5748908895793745 size: 0.0
221000 : 4.437815213396888 size: 0.0
222000 : 4.49416395309088 size: 0.0
223000 : 4.56066586056121 size: 0.0
224000 : 4.615137925568987 size: 0.0
225000 : 4.557889372645681 size: 0.0
226000 : 4.592222957168026 size: 0.0
227000 : 4.535887976086103 size: 0.0
228000 : 4.5716428252351795 size: 0.0
229000 : 4.617074794183004 size: 0.0
230000 : 4.432304889263244 size: 0.0
231000 : 4.649565068653402 size: 0.0
232000 : 4.498013268782492 size: 0.0
233000 : 4.571468090861902 size: 0.0
234000 : 4.738265464801198 size: 0.0
235000 : 4.63721224277253 size: 0.0
236000 : 4.638399610994087 size: 0.0
237000 : 4.544856183397995 size: 0.0
238000 : 4.507800801443095 size: 0.0
239000 : 4.759339186942021 size: 0.0
240000 : 4.65108745907884 size: 0.0
241000 : 4.651531518283368 size: 0.0
242000 : 4.633659769136308 size: 0.0
243000 : 4.753736336142213 size: 0.0
244000 : 4.571658303673757 size: 0.0
245000 : 4.559582025895472 size: 0.0
246000 : 4.611420692553239 size: 0.0
247000 : 4.515684830123948 size: 0.0
248000 : 4.621638869771601 size: 0.0
249000 : 4.59640763902882 size: 0.0
250000 : 4.679635547226161 size: 0.0
251000 : 4.441597455854663 size: 0.0
252000 : 4.537036820193866 size: 0.0
253000 : 4.376154273583046 size: 0.0
254000 : 4.545961343912439 size: 0.0
255000 : 4.388618544221677 size: 0.0
256000 : 4.735815743922307 size: 0.0
257000 : 4.373949112033682 size: 0.0
258000 : 4.551045839002548 size: 0.0
259000 : 4.513404684138808 size: 0.0
260000 : 4.61738092330154 size: 0.0
261000 : 4.569763054861249 size: 0.0
262000 : 4.7922325887460415 size: 0.0
263000 : 4.686173639681361 size: 0.0
264000 : 4.508966843815944 size: 0.0
265000 : 4.58747176445529 size: 0.0
266000 : 4.597879466554904 size: 0.0
267000 : 4.51049095406789 size: 0.0
268000 : 4.460940344597203 size: 0.0
269000 : 4.483959534484587 size: 0.0
270000 : 4.5471941155538245 size: 0.0
271000 : 4.40226330377583 size: 0.0
272000 : 4.530091816786725 size: 0.0
273000 : 4.56325729514441 size: 0.0
274000 : 4.529074023458919 size: 0.0
275000 : 4.54496487643334 size: 0.0
276000 : 4.6081595575275776 size: 0.0
277000 : 4.484172792971656 size: 0.0
278000 : 4.454230613456441 size: 0.0
279000 : 4.653690932447601 size: 0.0
280000 : 4.549840928550602 size: 0.0
281000 : 4.46581123723494 size: 0.0
282000 : 4.683055250255917 size: 0.0
283000 : 4.535330064366704 size: 0.0
284000 : 4.440231225676209 size: 0.0
285000 : 4.602161146630785 size: 0.0
286000 : 4.435750045725327 size: 0.0
287000 : 4.3176450878289145 size: 0.0
288000 : 4.553496247812041 size: 0.0
289000 : 4.652094933447594 size: 0.0
290000 : 4.503718621242215 size: 0.0
291000 : 4.541332946812419 size: 0.0
292000 : 4.428204478901373 size: 0.0
293000 : 4.4881693258124065 size: 0.0
294000 : 4.596249758955328 size: 0.0
295000 : 4.509810590701077 size: 0.0
296000 : 4.554629269515925 size: 0.0
297000 : 4.476963280247488 size: 0.0
298000 : 4.405949923879725 size: 0.0
299000 : 4.513953652760362 size: 0.0
300000 : 4.4735081487916535 size: 0.0
301000 : 4.500257986341553 size: 0.0
302000 : 4.556499064896106 size: 0.0
303000 : 4.5133231643622995 size: 0.0
304000 : 4.57156130545867 size: 0.0
305000 : 4.583787552108507 size: 0.0
306000 : 4.642469752409406 size: 0.0
307000 : 4.644527008879027 size: 0.0
308000 : 4.465579748586879 size: 0.0
309000 : 4.667830314105636 size: 0.0
310000 : 4.515409313917265 size: 0.0
311000 : 4.375115154406532 size: 0.0
312000 : 4.492793595328806 size: 0.0
313000 : 4.497775588759 size: 0.0
314000 : 4.613381982703678 size: 0.0
315000 : 4.614254966639457 size: 0.0
316000 : 4.521331020551774 size: 0.0
317000 : 4.501825436221517 size: 0.0
318000 : 4.596965894713521 size: 0.0
319000 : 4.58421062942963 size: 0.0
320000 : 4.512163657330182 size: 0.0
321000 : 4.617278765606927 size: 0.0
322000 : 4.57927128769685 size: 0.0
323000 : 4.636540822503562 size: 0.0
324000 : 4.510263936968752 size: 0.0
325000 : 4.513589737471136 size: 0.0
326000 : 4.606492357710113 size: 0.0
327000 : 4.554664353976701 size: 0.0
328000 : 4.538399954684605 size: 0.0
329000 : 4.513358936753678 size: 0.0
330000 : 4.777963876134558 size: 0.0
331000 : 4.6042032686271295 size: 0.0
332000 : 4.729327870401159 size: 0.0
333000 : 4.654156317500836 size: 0.0
334000 : 4.558589685999994 size: 0.0
335000 : 4.452235614706433 size: 0.0
336000 : 4.4774489592535245 size: 0.0
337000 : 4.66970286120823 size: 0.0
338000 : 4.465785783802612 size: 0.0
339000 : 4.579759030494697 size: 0.0
340000 : 4.771115870942503 size: 0.0
341000 : 4.658250536487276 size: 0.0
342000 : 4.593564421844756 size: 0.0
343000 : 4.684410473544716 size: 0.0
344000 : 4.560582964923494 size: 0.0
345000 : 4.668826093654132 size: 0.0
346000 : 4.426869549565375 size: 0.0
347000 : 4.592248410600354 size: 0.0
348000 : 4.469847326085388 size: 0.0
349000 : 4.518253906962536 size: 0.0
350000 : 4.5485201017919765 size: 0.0
351000 : 4.687538150033307 size: 0.0
352000 : 4.65496050837627 size: 0.0
353000 : 4.666889225040115 size: 0.0
354000 : 4.572722876282597 size: 0.0
355000 : 4.4229022537752725 size: 0.0
356000 : 4.473072688719669 size: 0.0
357000 : 4.3900074761100445 size: 0.0
358000 : 4.506483070372184 size: 0.0
359000 : 4.541871596474922 size: 0.0
360000 : 4.5065855720320975 size: 0.0
361000 : 4.492913295253806 size: 0.0
362000 : 4.531087596335221 size: 0.0
363000 : 4.719298874098746 size: 0.0
364000 : 4.504758084384029 size: 0.0
365000 : 4.434270650962605 size: 0.0
366000 : 4.691043156457891 size: 0.0
367000 : 4.4125984291967795 size: 0.0
368000 : 4.455294498134679 size: 0.0
369000 : 4.392150035974494 size: 0.0
370000 : 4.569958083187327 size: 0.0
371000 : 4.622835181091003 size: 0.0
372000 : 4.261034246575007 size: 0.0
373000 : 4.473011806861264 size: 0.0
374000 : 4.407626754725638 size: 0.0
375000 : 4.571586414925696 size: 0.0
376000 : 4.491563231444533 size: 0.0
377000 : 4.666055453148732 size: 0.0
378000 : 4.660594660018536 size: 0.0
379000 : 4.470230847396812 size: 0.0
380000 : 4.543598302289585 size: 0.0
381000 : 4.579112719692755 size: 0.0
382000 : 4.538797922538702 size: 0.0
383000 : 4.69361223329648 size: 0.0
384000 : 4.559839999871766 size: 0.0
385000 : 4.424752787098556 size: 0.0
386000 : 4.469683598601766 size: 0.0
387000 : 4.619007535213401 size: 0.0
388000 : 4.532867272806349 size: 0.0
389000 : 4.569130846636677 size: 0.0
390000 : 4.646916879795417 size: 0.0
391000 : 4.505956459495241 size: 0.0
392000 : 4.666174465143129 size: 0.0
393000 : 4.5159713532202845 size: 0.0
394000 : 4.6587128258527954 size: 0.0
395000 : 4.541465373453584 size: 0.0
396000 : 4.505193200490712 size: 0.0
397000 : 4.594720145258554 size: 0.0
398000 : 4.578494958010856 size: 0.0
399000 : 4.636739290482658 size: 0.0
400000 : 4.6205024084146995 size: 0.0
401000 : 4.569800891044439 size: 0.0
402000 : 4.681615411502894 size: 0.0
403000 : 4.5691022975166335 size: 0.0
404000 : 4.606131538108603 size: 0.0
405000 : 4.620320450770087 size: 0.0
406000 : 4.587542277342144 size: 0.0
407000 : 4.581299307115824 size: 0.0
408000 : 4.597794507125378 size: 0.0
409000 : 4.601435035878842 size: 0.0
410000 : 4.7268943158914505 size: 0.0
411000 : 4.64339123545273 size: 0.0
412000 : 4.712902839313157 size: 0.0
413000 : 4.607759869846973 size: 0.0
414000 : 4.619505940935601 size: 0.0
415000 : 4.610743080908839 size: 0.0
416000 : 4.625612356937135 size: 0.0
417000 : 4.596457513997571 size: 0.0
418000 : 4.472954020690573 size: 0.0
419000 : 4.560614953696554 size: 0.0
420000 : 4.427004383963652 size: 0.0
421000 : 4.622713417374192 size: 0.0
422000 : 4.644870286250149 size: 0.0
423000 : 4.569186912980858 size: 0.0
424000 : 4.557590466798481 size: 0.0
425000 : 4.529918458274655 size: 0.0
426000 : 4.576433917922915 size: 0.0
427000 : 4.476208964340803 size: 0.0
428000 : 4.614966630848728 size: 0.0
429000 : 4.70412690860493 size: 0.0
430000 : 4.613748305750016 size: 0.0
431000 : 4.558151474205595 size: 0.0
432000 : 4.7419851055740585 size: 0.0
433000 : 4.7255249900252805 size: 0.0
434000 : 4.5556711404148515 size: 0.0
435000 : 4.794504823529241 size: 0.0
436000 : 4.5264014130645105 size: 0.0
437000 : 4.592867204178159 size: 0.0
438000 : 4.407877849395898 size: 0.0
439000 : 4.5872743283721 size: 0.0
440000 : 4.652729549429278 size: 0.0
441000 : 4.658007009053654 size: 0.0
442000 : 4.691215827039358 size: 0.0
443000 : 4.561411233370049 size: 0.0
444000 : 4.509931322521982 size: 0.0
445000 : 4.697035719944555 size: 0.0
446000 : 4.625678398275067 size: 0.0
447000 : 4.514910220264461 size: 0.0
448000 : 4.390484212018237 size: 0.0
449000 : 4.413287391696136 size: 0.0
450000 : 4.4798649715328445 size: 0.0
451000 : 4.5193394614547815 size: 0.0
452000 : 4.441582665346689 size: 0.0
453000 : 4.304558583959461 size: 0.0
454000 : 4.4654242762704985 size: 0.0
455000 : 4.488331677434821 size: 0.0
456000 : 4.492677679022124 size: 0.0
457000 : 4.669723843091636 size: 0.0
458000 : 4.322159288448762 size: 0.0
459000 : 4.636845231795589 size: 0.0
460000 : 4.444609216036572 size: 0.0
461000 : 4.521949126198974 size: 0.0
462000 : 4.522611259404796 size: 0.0
463000 : 4.437519059272103 size: 0.0
464000 : 4.547937768536155 size: 0.0
465000 : 4.568968838979564 size: 0.0
466000 : 4.49709006591266 size: 0.0
467000 : 4.543131541375143 size: 0.0
468000 : 4.61770597051167 size: 0.0
469000 : 4.6183914933580095 size: 0.0
470000 : 4.705330443195668 size: 0.0
471000 : 4.50948623142155 size: 0.0
472000 : 4.431788597345354 size: 0.0
473000 : 4.551248090599962 size: 0.0
474000 : 4.364301229285581 size: 0.0
475000 : 4.528107136995768 size: 0.0
476000 : 4.633007954889538 size: 0.0
477000 : 4.561444598004316 size: 0.0
478000 : 4.704719560819803 size: 0.0
479000 : 4.536897514246668 size: 0.0
480000 : 4.658394657948699 size: 0.0
481000 : 4.599295227736807 size: 0.0
482000 : 4.567236973685376 size: 0.0
483000 : 4.2812205382373785 size: 0.0
484000 : 4.728568395014949 size: 0.0
485000 : 4.622754693210399 size: 0.0
486000 : 4.580383671482631 size: 0.0
487000 : 4.5970831868814095 size: 0.0
488000 : 4.376455587187357 size: 0.0
489000 : 4.514746148815538 size: 0.0
490000 : 4.570722374087762 size: 0.0
491000 : 4.433196447325317 size: 0.0
492000 : 4.544312374255967 size: 0.0
493000 : 4.595700446368473 size: 0.0
494000 : 4.49851924174133 size: 0.0
495000 : 4.732003232517981 size: 0.0
496000 : 4.411361873937076 size: 0.0
497000 : 4.553947530287905 size: 0.0
498000 : 4.384024887617131 size: 0.0
499000 : 4.43046433093371 size: 0.0
500000 : 4.654817418810753 size: 0.0
501000 : 4.663859234697214 size: 0.0
502000 : 4.47414723632226 size: 0.0
503000 : 4.663793881289886 size: 0.0
504000 : 4.489883304910905 size: 0.0
505000 : 4.505118560020238 size: 0.0
506000 : 4.397799666055337 size: 0.0
507000 : 4.650483112043708 size: 0.0
508000 : 4.481306874077679 size: 0.0
509000 : 4.449571947409869 size: 0.0
510000 : 4.579711219317757 size: 0.0
511000 : 4.683917915232645 size: 0.0
512000 : 4.572513401413847 size: 0.0
513000 : 4.590870485601641 size: 0.0
514000 : 4.674369438456742 size: 0.0
515000 : 4.60404194890062 size: 0.0
516000 : 4.460499381080391 size: 0.0
517000 : 4.276836700466886 size: 0.0
518000 : 4.6466664730557605 size: 0.0
519000 : 4.601899733001473 size: 0.0
520000 : 4.503659803175619 size: 0.0
521000 : 4.650783737717417 size: 0.0
522000 : 4.674595767625277 size: 0.0
523000 : 4.657528897284256 size: 0.0
524000 : 4.513632045203249 size: 0.0
525000 : 4.446199023661149 size: 0.0
526000 : 4.494265078889588 size: 0.0
527000 : 4.524612105564934 size: 0.0
528000 : 4.576748302208693 size: 0.0
529000 : 4.6299098594168955 size: 0.0
530000 : 4.517267758442489 size: 0.0
531000 : 4.445911468668906 size: 0.0
532000 : 4.4809749475615135 size: 0.0
533000 : 4.5436013979773 size: 0.0
534000 : 4.4978182404564135 size: 0.0
535000 : 4.604741918289632 size: 0.0
536000 : 4.5979547949559825 size: 0.0
537000 : 4.470008989777199 size: 0.0
538000 : 4.422250095563201 size: 0.0
539000 : 4.540679068773839 size: 0.0
540000 : 4.4198918694545695 size: 0.0
541000 : 4.574181633127216 size: 0.0
542000 : 4.615596431316187 size: 0.0
543000 : 4.4017263739398365 size: 0.0
544000 : 4.297680309820854 size: 0.0
545000 : 4.484620635794503 size: 0.0
546000 : 4.3640229613564845 size: 0.0
547000 : 4.608911121711849 size: 0.0
548000 : 4.350826044625178 size: 0.0
549000 : 4.636989353257012 size: 0.0
550000 : 4.3734520821726885 size: 0.0
551000 : 4.520437742663192 size: 0.0
552000 : 4.659939406118749 size: 0.0
553000 : 4.329317894308275 size: 0.0
554000 : 4.404824469412479 size: 0.0
555000 : 4.517656095268137 size: 0.0
556000 : 4.369071340089912 size: 0.0
557000 : 4.48909493643935 size: 0.0
558000 : 4.392222612653158 size: 0.0
559000 : 4.4959395019783885 size: 0.0
560000 : 4.64891084664952 size: 0.0
561000 : 4.477654994469257 size: 0.0
562000 : 4.613470381786221 size: 0.0
563000 : 4.545163344412436 size: 0.0
564000 : 4.607147955575202 size: 0.0
565000 : 4.615175761752177 size: 0.0
566000 : 4.506449705737916 size: 0.0
567000 : 4.736873781190416 size: 0.0
568000 : 4.588111195951198 size: 0.0
569000 : 4.478253150128959 size: 0.0
570000 : 4.434483221519072 size: 0.0
571000 : 4.4931420321794535 size: 0.0
572000 : 4.639954678123188 size: 0.0
573000 : 4.587102001755936 size: 0.0
574000 : 4.425189966997049 size: 0.0
575000 : 4.645456059158988 size: 0.0
576000 : 4.475278882164937 size: 0.0
577000 : 4.4502344245809935 size: 0.0
578000 : 4.6871976243845985 size: 0.0
579000 : 4.486459474297528 size: 0.0
580000 : 4.3563246739385635 size: 0.0
581000 : 4.729263892855038 size: 0.0
582000 : 4.561272271388152 size: 0.0
583000 : 4.621113634755866 size: 0.0
584000 : 4.59339966246523 size: 0.0
585000 : 4.5728852279050125 size: 0.0
586000 : 4.61909524636534 size: 0.0
587000 : 4.469775093372026 size: 0.0
588000 : 4.526498755244899 size: 0.0
589000 : 4.767217024247443 size: 0.0
590000 : 4.609612810927368 size: 0.0
591000 : 4.704430973931656 size: 0.0
592000 : 4.61133745295022 size: 0.0
593000 : 4.597334969482272 size: 0.0
594000 : 4.555033084780151 size: 0.0
595000 : 4.539204833490643 size: 0.0
596000 : 4.4922116060382855 size: 0.0
597000 : 4.500759487751469 size: 0.0
598000 : 4.603381535521307 size: 0.0
599000 : 4.645807935662654 size: 0.0
600000 : 4.796379778388948 size: 0.0
601000 : 4.474617092924417 size: 0.0
602000 : 4.538488009801847 size: 0.0
603000 : 4.5321466654992335 size: 0.0
604000 : 4.511065720087074 size: 0.0
605000 : 4.628955011739305 size: 0.0
606000 : 4.649578139334868 size: 0.0
607000 : 4.454791620863556 size: 0.0
608000 : 4.503339227514411 size: 0.0
609000 : 4.479728073342758 size: 0.0
610000 : 4.489488432744524 size: 0.0
611000 : 4.566565897381709 size: 0.0
612000 : 4.330826870086946 size: 0.0
613000 : 4.451650529728198 size: 0.0
614000 : 4.444755057324504 size: 0.0
615000 : 4.545344614126446 size: 0.0
616000 : 4.474600926555236 size: 0.0
617000 : 4.609756932388791 size: 0.0
618000 : 4.601656549533153 size: 0.0
619000 : 4.593307479764367 size: 0.0
620000 : 4.639211713071461 size: 0.0
621000 : 4.461371677085567 size: 0.0
622000 : 4.593310575452083 size: 0.0
623000 : 4.566757830020072 size: 0.0
624000 : 4.764534094893983 size: 0.0
625000 : 4.643411873370833 size: 0.0
626000 : 4.517018383598738 size: 0.0
627000 : 4.475994329992527 size: 0.0
628000 : 4.5827408656953565 size: 0.0
629000 : 4.670534569307803 size: 0.0
630000 : 4.5191389296838755 size: 0.0
631000 : 4.63446155225463 size: 0.0
632000 : 4.545104526345841 size: 0.0
633000 : 4.6181073780187845 size: 0.0
634000 : 4.59356717356717 size: 0.0
635000 : 4.583264724849885 size: 0.0
636000 : 4.651189616773452 size: 0.0
637000 : 4.591505445548627 size: 0.0
638000 : 4.643847333442817 size: 0.0
639000 : 4.5161044677920525 size: 0.0
640000 : 4.5712713427093155 size: 0.0
641000 : 4.495612047011146 size: 0.0
642000 : 4.6387050521820195 size: 0.0
643000 : 4.622966231870961 size: 0.0
644000 : 4.502625155548029 size: 0.0
645000 : 4.464241723563165 size: 0.0
646000 : 4.594454260080321 size: 0.0
647000 : 4.516780703575245 size: 0.0
648000 : 4.5420913903027245 size: 0.0
649000 : 4.614189957197431 size: 0.0
650000 : 4.31290421407523 size: 0.0
651000 : 4.419782488488621 size: 0.0
652000 : 4.561199006778884 size: 0.0
653000 : 4.493658324097344 size: 0.0
654000 : 4.432152168669278 size: 0.0
655000 : 4.587124703465849 size: 0.0
656000 : 4.484792962410668 size: 0.0
657000 : 4.5136224141748 size: 0.0
658000 : 4.483231015975532 size: 0.0
659000 : 4.499949793431207 size: 0.0
660000 : 4.361987374700872 size: 0.0
661000 : 4.666106016048086 size: 0.0
662000 : 4.48323858321217 size: 0.0
663000 : 4.49740685795555 size: 0.0
664000 : 4.284241241517133 size: 0.0
665000 : 4.481981046069061 size: 0.0
666000 : 4.585400061442997 size: 0.0
667000 : 4.508344954550425 size: 0.0
668000 : 4.477845207281112 size: 0.0
669000 : 4.690777615244959 size: 0.0
670000 : 4.5029852872189355 size: 0.0
671000 : 4.648700339884864 size: 0.0
672000 : 4.5926329638076835 size: 0.0
673000 : 4.435995292985458 size: 0.0
674000 : 4.508524848403226 size: 0.0
675000 : 4.489755005853362 size: 0.0
676000 : 4.476860778587573 size: 0.0
677000 : 4.5865107254022695 size: 0.0
678000 : 4.639378536242798 size: 0.0
679000 : 4.57791984802637 size: 0.0
680000 : 4.614595148322864 size: 0.0
681000 : 4.487834991539129 size: 0.0
682000 : 4.643483762118893 size: 0.0
683000 : 4.52364246737937 size: 0.0
684000 : 4.501436067499964 size: 0.0
685000 : 4.678370442846414 size: 0.0
686000 : 4.6264946279360615 size: 0.0
687000 : 4.597464644401023 size: 0.0
688000 : 4.524787527868814 size: 0.0
689000 : 4.614421101880191 size: 0.0
690000 : 4.5511160079241 size: 0.0
691000 : 4.436877220019082 size: 0.0
692000 : 4.469015274020514 size: 0.0
693000 : 4.610083699425431 size: 0.0
694000 : 4.573110181212341 size: 0.0
695000 : 4.628434592237794 size: 0.0
696000 : 4.522117325231518 size: 0.0
697000 : 4.61698433130865 size: 0.0
698000 : 4.481979326242552 size: 0.0
699000 : 4.541135510729229 size: 0.0
700000 : 4.702343104550181 size: 0.0
701000 : 4.6829603158326405 size: 0.0
702000 : 4.675647957483256 size: 0.0
703000 : 4.622695187213201 size: 0.0
704000 : 4.528483435035856 size: 0.0
705000 : 4.490943405970824 size: 0.0
706000 : 4.602334161177553 size: 0.0
707000 : 4.5476361109665415 size: 0.0
708000 : 4.4738727520114825 size: 0.0
709000 : 4.53219378874557 size: 0.0
710000 : 4.632166615761517 size: 0.0
711000 : 4.4391890108119805 size: 0.0
712000 : 4.773526035811694 size: 0.0
713000 : 4.5325607997225115 size: 0.0
714000 : 4.506676034906452 size: 0.0
715000 : 4.671809992646601 size: 0.0
716000 : 4.5467211632639515 size: 0.0
717000 : 4.543779228038292 size: 0.0
718000 : 4.6499293279079295 size: 0.0
719000 : 4.535951953632224 size: 0.0
720000 : 4.611377352925221 size: 0.0
721000 : 4.62729159554016 size: 0.0
722000 : 4.554644060023899 size: 0.0
723000 : 4.611574789008412 size: 0.0
724000 : 4.655506037344807 size: 0.0
725000 : 4.551493681825394 size: 0.0
726000 : 4.468259926217924 size: 0.0
727000 : 4.54791678665275 size: 0.0
728000 : 4.667390382484729 size: 0.0
729000 : 4.586021950708517 size: 0.0
730000 : 4.593232151363289 size: 0.0
731000 : 4.6063104000655 size: 0.0
732000 : 4.475552334579809 size: 0.0
733000 : 4.313778229906915 size: 0.0
734000 : 4.501021245346083 size: 0.0
735000 : 4.64240680675919 size: 0.0
736000 : 4.592770893893675 size: 0.0
737000 : 4.610112936476077 size: 0.0
738000 : 4.424103036643596 size: 0.0
739000 : 4.5768717857520125 size: 0.0
740000 : 4.4214438408959555 size: 0.0
741000 : 4.462394973858201 size: 0.0
742000 : 4.588016949458526 size: 0.0
743000 : 4.524526458204805 size: 0.0
744000 : 4.604835476851702 size: 0.0
745000 : 4.640766092269959 size: 0.0
746000 : 4.527126147955246 size: 0.0
747000 : 4.53934173168073 size: 0.0
748000 : 4.62659609770007 size: 0.0
749000 : 4.669590728519868 size: 0.0
750000 : 4.512127540973501 size: 0.0
751000 : 4.58191053345699 size: 0.0
752000 : 4.470022060458665 size: 0.0
753000 : 4.613013251900228 size: 0.0
754000 : 4.543895144344973 size: 0.0
755000 : 4.62355028495329 size: 0.0
756000 : 4.433967273566484 size: 0.0
757000 : 4.5599603877273704 size: 0.0
758000 : 4.471355269968153 size: 0.0
759000 : 4.566916398024167 size: 0.0
760000 : 4.719327423218789 size: 0.0
761000 : 4.688939808637839 size: 0.0
762000 : 4.519472919991851 size: 0.0
763000 : 4.499852107285517 size: 0.0
764000 : 4.438166745935252 size: 0.0
765000 : 4.586587773629856 size: 0.0
766000 : 4.528526774663873 size: 0.0
767000 : 4.562219895794406 size: 0.0
768000 : 4.542324942742597 size: 0.0
769000 : 4.576259183549639 size: 0.0
770000 : 4.3263071660222705 size: 0.0
771000 : 4.489800753238491 size: 0.0
772000 : 4.534343571881355 size: 0.0
773000 : 4.580459687814312 size: 0.0
774000 : 4.597624588266325 size: 0.0
775000 : 4.552299592527337 size: 0.0
776000 : 4.639772720478576 size: 0.0
777000 : 4.4370203095846 size: 0.0
778000 : 4.5044870397262695 size: 0.0
779000 : 4.590031898196035 size: 0.0
780000 : 4.606919218649555 size: 0.0
781000 : 4.543400522241092 size: 0.0
782000 : 4.514507436896141 size: 0.0
783000 : 4.567386598591627 size: 0.0
784000 : 4.488595154855942 size: 0.0
785000 : 4.520085178228923 size: 0.0
786000 : 4.514043771669415 size: 0.0
787000 : 4.512787954352814 size: 0.0
788000 : 4.4590481914724105 size: 0.0
789000 : 4.52568974885524 size: 0.0
790000 : 4.585177171927479 size: 0.0
791000 : 4.656639403013993 size: 0.0
792000 : 4.6490917723982275 size: 0.0
793000 : 4.517997996778052 size: 0.0
794000 : 4.357172892372619 size: 0.0
795000 : 4.624744532480881 size: 0.0
796000 : 4.616996026128909 size: 0.0
797000 : 4.538323594387622 size: 0.0
798000 : 4.575591890864291 size: 0.0
799000 : 4.478015814070768 size: 0.0
800000 : 4.408524848128443 size: 0.0
801000 : 4.543869002982043 size: 0.0
802000 : 4.450884175035953 size: 0.0
803000 : 4.456834774755806 size: 0.0
804000 : 4.392909167395402 size: 0.0
805000 : 4.462900258886435 size: 0.0
806000 : 4.26586455130714 size: 0.0
807000 : 4.630620147764959 size: 0.0
808000 : 4.631460111031773 size: 0.0
809000 : 4.468765899176763 size: 0.0
810000 : 4.624922706507176 size: 0.0
811000 : 4.6528654157234595 size: 0.0
812000 : 4.512994677499151 size: 0.0
813000 : 4.4968104221223575 size: 0.0
814000 : 4.624274675878724 size: 0.0
815000 : 4.479689549228965 size: 0.0
816000 : 4.460877054981686 size: 0.0
817000 : 4.60997191070237 size: 0.0
818000 : 4.5476918333454215 size: 0.0
819000 : 4.56769823115499 size: 0.0
820000 : 4.522858914422039 size: 0.0
821000 : 4.540097423448621 size: 0.0
822000 : 4.53210814138544 size: 0.0
823000 : 4.571189822932807 size: 0.0
824000 : 4.5373608355080925 size: 0.0
825000 : 4.540479224933536 size: 0.0
826000 : 4.598429467072363 size: 0.0
827000 : 4.550314224805777 size: 0.0
828000 : 4.4887530349294344 size: 0.0
829000 : 4.510480635108839 size: 0.0
830000 : 4.503096731976695 size: 0.0
831000 : 4.4422179692589765 size: 0.0
832000 : 4.532924715011736 size: 0.0
833000 : 4.639813652349481 size: 0.0
834000 : 4.552900499909452 size: 0.0
835000 : 4.507917405680379 size: 0.0
836000 : 4.7236462515472555 size: 0.0
837000 : 4.428012890228311 size: 0.0
838000 : 4.618528391548097 size: 0.0
839000 : 4.750252655566335 size: 0.0
840000 : 4.658933651576503 size: 0.0
841000 : 4.4364379763287785 size: 0.0
842000 : 4.672095827812336 size: 0.0
843000 : 4.495254323097351 size: 0.0
844000 : 4.58421854063157 size: 0.0
845000 : 4.758035558448481 size: 0.0
846000 : 4.557434650516799 size: 0.0
847000 : 4.681940458713024 size: 0.0
848000 : 4.634337724746009 size: 0.0
849000 : 4.6678949795823605 size: 0.0
850000 : 4.474630851536486 size: 0.0
851000 : 4.621279082065996 size: 0.0
852000 : 4.565196227550238 size: 0.0
853000 : 4.425041373986704 size: 0.0
854000 : 4.545627697569766 size: 0.0
855000 : 4.689278614460038 size: 0.0
856000 : 4.379821287664742 size: 0.0
857000 : 4.554230613731225 size: 0.0
858000 : 4.521640589323327 size: 0.0
859000 : 4.511566877531688 size: 0.0
860000 : 4.452511474878417 size: 0.0
861000 : 4.547275979295635 size: 0.0
862000 : 4.648998901766762 size: 0.0
863000 : 4.36515426323386 size: 0.0
864000 : 4.570193355453707 size: 0.0
865000 : 4.3479095628318465 size: 0.0
866000 : 4.610159715757113 size: 0.0
867000 : 4.567159237527186 size: 0.0
868000 : 4.364933437510152 size: 0.0
869000 : 4.527884935410853 size: 0.0
870000 : 4.559426897544394 size: 0.0
871000 : 4.414280075556916 size: 0.0
872000 : 4.459503945497197 size: 0.0
873000 : 4.473000799971609 size: 0.0
874000 : 4.4205257975056504 size: 0.0
875000 : 4.497947915375164 size: 0.0
876000 : 4.485264538839334 size: 0.0
877000 : 4.390601848151427 size: 0.0
878000 : 4.452148591485097 size: 0.0
879000 : 4.393001694061566 size: 0.0
880000 : 4.389707194401638 size: 0.0
881000 : 4.500303389761381 size: 0.0
882000 : 4.550366163566338 size: 0.0
883000 : 4.647814285267619 size: 0.0
884000 : 4.624723894562778 size: 0.0
885000 : 4.436279408324683 size: 0.0
886000 : 4.400101825819786 size: 0.0
887000 : 4.564533750379114 size: 0.0
888000 : 4.581539394896429 size: 0.0
889000 : 4.477307933479817 size: 0.0
890000 : 4.657771392821972 size: 0.0
891000 : 4.458328960026503 size: 0.0
892000 : 4.302605892941565 size: 0.0
893000 : 4.621896843747895 size: 0.0
894000 : 4.54618457739326 size: 0.0
895000 : 4.619516603859954 size: 0.0
896000 : 4.597378997040893 size: 0.0
897000 : 4.536594824781149 size: 0.0
898000 : 4.523428176996394 size: 0.0
899000 : 4.487228236746885 size: 0.0
900000 : 4.417164568577188 size: 0.0
901000 : 4.551099497589616 size: 0.0
902000 : 4.544074350267173 size: 0.0
903000 : 4.46307843291273 size: 0.0
904000 : 4.458697690829952 size: 0.0
905000 : 4.456222172553433 size: 0.0
906000 : 4.552984771408375 size: 0.0
907000 : 4.364637283385367 size: 0.0
908000 : 4.499612707435516 size: 0.0
909000 : 4.467607080075249 size: 0.0
910000 : 4.482048807233501 size: 0.0
911000 : 4.43561899494537 size: 0.0
912000 : 4.5322519188815615 size: 0.0
913000 : 4.575556118472911 size: 0.0
914000 : 4.561775148659275 size: 0.0
915000 : 4.532403263614321 size: 0.0
916000 : 4.5305984776761665 size: 0.0
917000 : 4.383317694956783 size: 0.0
918000 : 4.400960363212893 size: 0.0
919000 : 4.335212427683947 size: 0.0
920000 : 4.466406985137528 size: 0.0
921000 : 4.477626101383913 size: 0.0
922000 : 4.529193035453316 size: 0.0
923000 : 4.480960501018841 size: 0.0
924000 : 4.3223175124875555 size: 0.0
925000 : 4.6377474527820155 size: 0.0
926000 : 4.712461187865742 size: 0.0
927000 : 4.376389201884124 size: 0.0
928000 : 4.374598174558039 size: 0.0
929000 : 4.537655613771671 size: 0.0
930000 : 4.319968573442071 size: 0.0
931000 : 4.437150672433955 size: 0.0
932000 : 4.475637294009335 size: 0.0
933000 : 4.352620855569582 size: 0.0
934000 : 4.480467254776166 size: 0.0
935000 : 4.459212950851937 size: 0.0
936000 : 4.385017571477911 size: 0.0
937000 : 4.702948827446519 size: 0.0
938000 : 4.489552410290645 size: 0.0
939000 : 4.707696580506239 size: 0.0
940000 : 4.595472053408127 size: 0.0
941000 : 4.5510599415799184 size: 0.0
942000 : 4.572215183497251 size: 0.0
943000 : 4.6762048373067495 size: 0.0
944000 : 4.704752925454071 size: 0.0
945000 : 4.710299709909698 size: 0.0
946000 : 4.399235033259438 size: 0.0
947000 : 4.4264406248341235 size: 0.0
948000 : 4.50762056362499 size: 0.0
949000 : 4.75207739149199 size: 0.0
950000 : 4.721586931285824 size: 0.0
951000 : 4.464645882792693 size: 0.0
952000 : 4.589643561370386 size: 0.0
953000 : 4.457143999562057 size: 0.0
954000 : 4.607353990790936 size: 0.0
955000 : 4.6056723444308 size: 0.0
956000 : 4.542969877683332 size: 0.0
957000 : 4.704851643495666 size: 0.0
958000 : 4.654026642582085 size: 0.0
959000 : 4.394827117917824 size: 0.0
960000 : 4.519480831193791 size: 0.0
961000 : 4.423396531913852 size: 0.0
962000 : 4.4447980529872195 size: 0.0
963000 : 4.4454312931076965 size: 0.0
964000 : 4.4950610145977805 size: 0.0
965000 : 4.464871867995927 size: 0.0
966000 : 4.666881313838175 size: 0.0
967000 : 4.602059332901474 size: 0.0
968000 : 4.537780129210896 size: 0.0
969000 : 4.6311182095218575 size: 0.0
970000 : 4.587146373279858 size: 0.0
971000 : 4.567786630237533 size: 0.0
972000 : 4.625108447770107 size: 0.0
973000 : 4.634243822218638 size: 0.0
974000 : 4.4432529608518685 size: 0.0
975000 : 4.556023016918517 size: 0.0
976000 : 4.452839617776263 size: 0.0
977000 : 4.476696363173349 size: 0.0
978000 : 4.315542083974164 size: 0.0
979000 : 4.516140240183432 size: 0.0
980000 : 4.375958901291665 size: 0.0
981000 : 4.431462174274016 size: 0.0
982000 : 4.297817551976243 size: 0.0
983000 : 4.712616660182122 size: 0.0
984000 : 4.6210156046448745 size: 0.0
985000 : 4.593613952848205 size: 0.0
986000 : 4.362730683717902 size: 0.0
987000 : 4.545246240050152 size: 0.0
988000 : 4.338719497900342 size: 0.0
989000 : 4.451417321253627 size: 0.0
990000 : 4.4580713300155095 size: 0.0
991000 : 4.517721104710163 size: 0.0
992000 : 4.557180116193522 size: 0.0
993000 : 4.456574736987702 size: 0.0
994000 : 4.536397044732657 size: 0.0
995000 : 4.697659673001885 size: 0.0
996000 : 4.390634868820392 size: 0.0
997000 : 4.523261353825057 size: 0.0
998000 : 4.472291887484752 size: 0.0
999000 : 4.615101809212306 size: 0.0
1000000 : 4.583031516375314 size: 0.0
1001000 : 4.7173475589420555 size: 0.0
1002000 : 4.548467131135511 size: 0.0
1003000 : 4.43387887448394 size: 0.0
1004000 : 4.557485213416153 size: 0.0
1005000 : 4.736556645182224 size: 0.0
1006000 : 4.355872015601492 size: 0.0
1007000 : 4.584103656220793 size: 0.0
1008000 : 4.545309873630972 size: 0.0
1009000 : 4.539524377255947 size: 0.0
1010000 : 4.530156138298147 size: 0.0
1011000 : 4.488723109948185 size: 0.0
1012000 : 4.530793162036943 size: 0.0
1013000 : 4.545738798362223 size: 0.0
1014000 : 4.65369471606592 size: 0.0
1015000 : 4.508532759605166 size: 0.0
1016000 : 4.557882149374344 size: 0.0
1017000 : 4.420684709475047 size: 0.0
1018000 : 4.455772609904077 size: 0.0
1019000 : 4.546024977493259 size: 0.0
1020000 : 4.627795504707188 size: 0.0
1021000 : 4.557517890119817 size: 0.0
1022000 : 4.780709407172932 size: 0.0
1023000 : 4.634064616296439 size: 0.0
1024000 : 4.55846345073426 size: 0.0
1025000 : 4.467245916508437 size: 0.0
1026000 : 4.4888837417440905 size: 0.0
1027000 : 4.464784500809289 size: 0.0
1028000 : 4.635203141445151 size: 0.0
1029000 : 4.624031836375706 size: 0.0
1030000 : 4.589080146206159 size: 0.0
1031000 : 4.5487240732159 size: 0.0
1032000 : 4.586913164805288 size: 0.0
1033000 : 4.379092425190386 size: 0.0
1034000 : 4.597337033274083 size: 0.0
1035000 : 4.492113919892596 size: 0.0
1036000 : 4.484065475797518 size: 0.0
1037000 : 4.4096073069329735 size: 0.0
1038000 : 4.572414683372251 size: 0.0
1039000 : 4.456188807919165 size: 0.0
1040000 : 4.391658509558328 size: 0.0
1041000 : 4.60705164529072 size: 0.0
1042000 : 4.437356707649688 size: 0.0
1043000 : 4.4643885967470025 size: 0.0
1044000 : 4.344720660519548 size: 0.0
1045000 : 4.556282366756018 size: 0.0
1046000 : 4.414090550675666 size: 0.0
1047000 : 4.4401899498400015 size: 0.0
1048000 : 4.521726580648758 size: 0.0
1049000 : 4.588524298278571 size: 0.0
1050000 : 4.4977377525758095 size: 0.0
1051000 : 4.409625537093965 size: 0.0
1052000 : 4.465571493419636 size: 0.0
1053000 : 4.565854921103043 size: 0.0
1054000 : 4.5313493539298335 size: 0.0
1055000 : 4.335031501935239 size: 0.0
1056000 : 4.353589117893939 size: 0.0
1057000 : 4.558516077425424 size: 0.0
1058000 : 4.709062810684693 size: 0.0
1059000 : 4.4842625679154064 size: 0.0
1060000 : 4.582367319377682 size: 0.0
1061000 : 4.504331223444588 size: 0.0
1062000 : 4.453029142657514 size: 0.0
1063000 : 4.45652451805365 size: 0.0
1064000 : 4.518466821484304 size: 0.0
1065000 : 4.642219689635052 size: 0.0
1066000 : 4.677870317297705 size: 0.0
1067000 : 4.537636695680076 size: 0.0
1068000 : 4.515227356272652 size: 0.0
1069000 : 4.584510567172734 size: 0.0
1070000 : 4.622325080548544 size: 0.0
1071000 : 4.454035585130363 size: 0.0
1072000 : 4.435244072766489 size: 0.0
1073000 : 4.4478820458824915 size: 0.0
1074000 : 4.401697480854492 size: 0.0
1075000 : 4.569741041081938 size: 0.0
1076000 : 4.530242817554182 size: 0.0
1077000 : 4.524440810844674 size: 0.0
1078000 : 4.713350682136004 size: 0.0
1079000 : 4.568110301586457 size: 0.0
1080000 : 4.490135775442372 size: 0.0
1081000 : 4.598228247370854 size: 0.0
1082000 : 4.54495077385597 size: 0.0
1083000 : 4.521338587788411 size: 0.0
1084000 : 4.530103167641681 size: 0.0
1085000 : 4.482988176472514 size: 0.0
1086000 : 4.370666995124616 size: 0.0
1087000 : 4.430193630241252 size: 0.0
1088000 : 4.582551684779407 size: 0.0
1089000 : 4.623255506689712 size: 0.0
1090000 : 4.533373245765187 size: 0.0
1091000 : 4.670948359565779 size: 0.0
1092000 : 4.57086752744509 size: 0.0
1093000 : 4.524153255852432 size: 0.0
1094000 : 4.61778164287805 size: 0.0
1095000 : 4.395764423365026 size: 0.0
1096000 : 4.534591914829201 size: 0.0
1097000 : 4.508376599358183 size: 0.0
1098000 : 4.432755139843203 size: 0.0
1099000 : 4.371763212541216 size: 0.0
1100000 : 4.600924591371081 size: 0.0
1101000 : 4.44418407492364 size: 0.0
1102000 : 4.413576322549585 size: 0.0
1103000 : 4.547463096419774 size: 0.0
1104000 : 4.623280272191436 size: 0.0
1105000 : 4.451320667003843 size: 0.0
1106000 : 4.627903509811929 size: 0.0
1107000 : 4.672781006693373 size: 0.0
1108000 : 4.743698396741954 size: 0.0
1109000 : 4.62519271926903 size: 0.0
1110000 : 4.585446152793429 size: 0.0
1111000 : 4.492151412110484 size: 0.0
1112000 : 4.509103054075427 size: 0.0
1113000 : 4.6563889962743366 size: 0.0
1114000 : 4.58014220784082 size: 0.0
1115000 : 4.520668887345951 size: 0.0
1116000 : 4.488724829774693 size: 0.0
1117000 : 4.585642900946016 size: 0.0
1118000 : 4.642832291837425 size: 0.0
1119000 : 4.7348835979546315 size: 0.0
1120000 : 4.611193675454099 size: 0.0
1121000 : 4.450034580740691 size: 0.0
1122000 : 4.763149290589236 size: 0.0
1123000 : 4.662791910365959 size: 0.0
1124000 : 4.698094101177965 size: 0.0
1125000 : 4.388123922117795 size: 0.0
1126000 : 4.46788637990025 size: 0.0
1127000 : 4.583341429112169 size: 0.0
1128000 : 4.64449777182838 size: 0.0
1129000 : 4.6946792136624325 size: 0.0
1130000 : 4.291843906581174 size: 0.0
1131000 : 4.530981311056987 size: 0.0
1132000 : 4.556024392779724 size: 0.0
1133000 : 4.51364821157243 size: 0.0
1134000 : 4.480873133832203 size: 0.0
1135000 : 4.5669542342073575 size: 0.0
1136000 : 4.6041760953682935 size: 0.0
1137000 : 4.493983027342173 size: 0.0
1138000 : 4.353987085748036 size: 0.0
1139000 : 4.601590852160523 size: 0.0
1140000 : 4.413489987258853 size: 0.0
1141000 : 4.582174698808716 size: 0.0
1142000 : 4.553238617801048 size: 0.0
1143000 : 4.608839576929089 size: 0.0
1144000 : 4.670427252133664 size: 0.0
1145000 : 4.723619766219023 size: 0.0
1146000 : 4.559263514026075 size: 0.0
1147000 : 4.597189128194341 size: 0.0
1148000 : 4.609114405205168 size: 0.0
1149000 : 4.33612806331714 size: 0.0
1150000 : 4.538624564026632 size: 0.0
1151000 : 4.491327271247549 size: 0.0
1152000 : 4.4505525924850895 size: 0.0
1153000 : 4.625725521521403 size: 0.0
1154000 : 4.6312389413427635 size: 0.0
1155000 : 4.558763732442667 size: 0.0
1156000 : 4.677291423694901 size: 0.0
1157000 : 4.49844941678508 size: 0.0
1158000 : 4.650835332512675 size: 0.0
1159000 : 4.654880364460968 size: 0.0
1160000 : 4.608732947685554 size: 0.0
1161000 : 4.61865875439745 size: 0.0
1162000 : 4.570886789501986 size: 0.0
1163000 : 4.517518509147447 size: 0.0
1164000 : 4.452772544542427 size: 0.0
1165000 : 4.52308042807635 size: 0.0
1166000 : 4.667777687414472 size: 0.0
1167000 : 4.450695338085306 size: 0.0
1168000 : 4.328607605960212 size: 0.0
1169000 : 4.44534426988636 size: 0.0
1170000 : 4.570958334284745 size: 0.0
1171000 : 4.4370007035624015 size: 0.0
1172000 : 4.60925233529116 size: 0.0
1173000 : 4.375829914303518 size: 0.0
1174000 : 4.458228178193097 size: 0.0
1175000 : 4.508956180891591 size: 0.0
1176000 : 4.472343138314709 size: 0.0
1177000 : 4.528348600637579 size: 0.0
1178000 : 4.3395649646119825 size: 0.0
1179000 : 4.727780026543394 size: 0.0
1180000 : 4.503038257875401 size: 0.0
1181000 : 4.521718669446818 size: 0.0
1182000 : 4.441322283613283 size: 0.0
1183000 : 4.385413131574896 size: 0.0
1184000 : 4.478962406581116 size: 0.0
1185000 : 4.4429131231337635 size: 0.0
1186000 : 4.610922974761642 size: 0.0
1187000 : 4.463631873083206 size: 0.0
1188000 : 4.414013846413381 size: 0.0
1189000 : 4.4466000872029605 size: 0.0
1190000 : 4.570847233492288 size: 0.0
1191000 : 4.527187717744256 size: 0.0
1192000 : 4.527560576131326 size: 0.0
1193000 : 4.584494056838252 size: 0.0
1194000 : 4.513412251375446 size: 0.0
1195000 : 4.391893437859406 size: 0.0
1196000 : 4.420619012102418 size: 0.0
1197000 : 4.594724272842175 size: 0.0
1198000 : 4.567218055593781 size: 0.0
1199000 : 4.5308454447628055 size: 0.0
1200000 : 4.4592672973696095 size: 0.0
1201000 : 4.54248316678139 size: 0.0
1202000 : 4.62952014673004 size: 0.0
1203000 : 4.565788879765111 size: 0.0
1204000 : 4.566329249254122 size: 0.0
1205000 : 4.481653247136516 size: 0.0
1206000 : 4.327491438556112 size: 0.0
1207000 : 4.574143796944027 size: 0.0
1208000 : 4.533102201107427 size: 0.0
1209000 : 4.55221050551419 size: 0.0
1210000 : 4.527071457472272 size: 0.0
1211000 : 4.643073755479237 size: 0.0
1212000 : 4.578148584952017 size: 0.0
1213000 : 4.602163210422595 size: 0.0
1214000 : 4.52954078437336 size: 0.0
1215000 : 4.517803312417275 size: 0.0
1216000 : 4.538223156519519 size: 0.0
1217000 : 4.515401402715325 size: 0.0
1218000 : 4.637090823021021 size: 0.0
1219000 : 4.615225636720927 size: 0.0
1220000 : 4.480279105756122 size: 0.0
1221000 : 4.487788900188698 size: 0.0
1222000 : 4.7089981452079686 size: 0.0
1223000 : 4.481239800843842 size: 0.0
1224000 : 4.630396914284139 size: 0.0
1225000 : 4.551412849979489 size: 0.0
1226000 : 4.609654430728877 size: 0.0
1227000 : 4.485274169867782 size: 0.0
1228000 : 4.5807778557184085 size: 0.0
1229000 : 4.520480050395304 size: 0.0
1230000 : 4.502609677109452 size: 0.0
1231000 : 4.5595214880023685 size: 0.0
1232000 : 4.542829539840228 size: 0.0
1233000 : 4.557654444344601 size: 0.0
1234000 : 4.613516129171351 size: 0.0
1235000 : 4.430465706794917 size: 0.0
1236000 : 4.44152109555768 size: 0.0
1237000 : 4.3989605489486605 size: 0.0
1238000 : 4.48034239537164 size: 0.0
1239000 : 4.612941019186866 size: 0.0
1240000 : 4.477998959770983 size: 0.0
1241000 : 4.524572205589934 size: 0.0
1242000 : 4.610318971691811 size: 0.0
1243000 : 4.48144274037186 size: 0.0
1244000 : 4.437792855652276 size: 0.0
1245000 : 4.5274983184117135 size: 0.0
1246000 : 4.410991767272419 size: 0.0
1247000 : 4.541470876898412 size: 0.0
1248000 : 4.525644689400714 size: 0.0
1249000 : 4.550283611893923 size: 0.0
1250000 : 4.57104501354078 size: 0.0
1251000 : 4.540746829938279 size: 0.0
1252000 : 4.479285733964739 size: 0.0
1253000 : 4.474877818623125 size: 0.0
1254000 : 4.625401850172479 size: 0.0
1255000 : 4.654375079432733 size: 0.0
1256000 : 4.582209783269492 size: 0.0
1257000 : 4.646621069635933 size: 0.0
1258000 : 4.61088479461315 size: 0.0
1259000 : 4.686421294698604 size: 0.0
1260000 : 4.5737754101058785 size: 0.0
1261000 : 4.754982866395666 size: 0.0
1262000 : 4.594880433089158 size: 0.0
1263000 : 4.681479545208712 size: 0.0
1264000 : 4.481794272910224 size: 0.0
1265000 : 4.444338171378813 size: 0.0
1266000 : 4.261346223103672 size: 0.0
1267000 : 4.667101107665978 size: 0.0
1268000 : 4.676062779637137 size: 0.0
1269000 : 4.495353729069549 size: 0.0
1270000 : 4.477684919450508 size: 0.0
1271000 : 4.380416347636728 size: 0.0
1272000 : 4.421294903920309 size: 0.0
1273000 : 4.604586445973252 size: 0.0
1274000 : 4.522193685528501 size: 0.0
1275000 : 4.51120640189548 size: 0.0
1276000 : 4.4608223644987115 size: 0.0
1277000 : 4.617990773781499 size: 0.0
1278000 : 4.4806629710328485 size: 0.0
1279000 : 4.454388837495236 size: 0.0
1280000 : 4.3938144840695434 size: 0.0
1281000 : 4.409325255385559 size: 0.0
1282000 : 4.393196034457041 size: 0.0
1283000 : 4.3609915951523766 size: 0.0
1284000 : 4.363462641879973 size: 0.0
1285000 : 4.295418737962009 size: 0.0
1286000 : 4.424358602862778 size: 0.0
1287000 : 4.442933761051867 size: 0.0
1288000 : 4.432887566484367 size: 0.0
1289000 : 4.474253177635191 size: 0.0
1290000 : 4.466111174978044 size: 0.0
1291000 : 4.445149929490885 size: 0.0
1292000 : 4.573413214643161 size: 0.0
1293000 : 4.550758284010305 size: 0.0
1294000 : 4.428033872111717 size: 0.0
1295000 : 4.465154263508643 size: 0.0
1296000 : 4.668693323047665 size: 0.0
1297000 : 4.55836163700495 size: 0.0
1298000 : 4.549055655766763 size: 0.0
1299000 : 4.493751882659414 size: 0.0
1300000 : 4.486896998161323 size: 0.0
1301000 : 4.520766229526339 size: 0.0
1302000 : 4.554621014348684 size: 0.0
1303000 : 4.485138647538902 size: 0.0
1304000 : 4.483503436494498 size: 0.0
1305000 : 4.409077944333618 size: 0.0
1306000 : 4.432607578728763 size: 0.0
1307000 : 4.487810226037405 size: 0.0
1308000 : 4.3361287512477436 size: 0.0
1309000 : 4.643951898894542 size: 0.0
1310000 : 4.589902911207887 size: 0.0
1311000 : 4.630728496835002 size: 0.0
1312000 : 4.4920667966462595 size: 0.0
1313000 : 4.562968708256262 size: 0.0
1314000 : 4.559882995534482 size: 0.0
1315000 : 4.368155360491416 size: 0.0
1316000 : 4.550351717023665 size: 0.0
1317000 : 4.514381889561011 size: 0.0
1318000 : 4.590966795886124 size: 0.0
1319000 : 4.618453751077622 size: 0.0
1320000 : 4.55008755167194 size: 0.0
1321000 : 4.501941008562897 size: 0.0
1322000 : 4.601981940708586 size: 0.0
1323000 : 4.623916264034326 size: 0.0
1324000 : 4.603769184416352 size: 0.0
1325000 : 4.6946984757193295 size: 0.0
1326000 : 4.525884089250715 size: 0.0
1327000 : 4.49724347443723 size: 0.0
1328000 : 4.593616704570619 size: 0.0
1329000 : 4.518085019999389 size: 0.0
1330000 : 4.4087666557355565 size: 0.0
1331000 : 4.413894490453682 size: 0.0
1332000 : 4.492649129902081 size: 0.0
1333000 : 4.621770608482162 size: 0.0
1334000 : 4.506320718749769 size: 0.0
1335000 : 4.590402348825993 size: 0.0
1336000 : 4.580878981517116 size: 0.0
1337000 : 4.407660807290508 size: 0.0
1338000 : 4.463575118808421 size: 0.0
1339000 : 4.427943753202665 size: 0.0
1340000 : 4.395560107975801 size: 0.0
1341000 : 4.469512991812111 size: 0.0
1342000 : 4.446965378353393 size: 0.0
1343000 : 4.464724650846788 size: 0.0
1344000 : 4.57810730911581 size: 0.0
1345000 : 4.420039774534311 size: 0.0
1346000 : 4.43307743533092 size: 0.0
1347000 : 4.481338174920135 size: 0.0
1348000 : 4.605824033128861 size: 0.0
1349000 : 4.487278111715636 size: 0.0
1350000 : 4.598387847270855 size: 0.0
1351000 : 4.49653387401977 size: 0.0
1352000 : 4.616177388710802 size: 0.0
1353000 : 4.542554367598847 size: 0.0
1354000 : 4.502705987393934 size: 0.0
1355000 : 4.589338808113057 size: 0.0
1356000 : 4.55907123742241 size: 0.0
1357000 : 4.542592547747339 size: 0.0
1358000 : 4.577227789839298 size: 0.0
1359000 : 4.493483933689369 size: 0.0
1360000 : 4.462066830960355 size: 0.0
1361000 : 4.596423117467398 size: 0.0
1362000 : 4.597721586481412 size: 0.0
1363000 : 4.472858742301995 size: 0.0
1364000 : 4.596472648470846 size: 0.0
1365000 : 4.428880370719264 size: 0.0
1366000 : 4.474449237857175 size: 0.0
1367000 : 4.576115750018819 size: 0.0
1368000 : 4.5406701256759945 size: 0.0
1369000 : 4.548657343947365 size: 0.0
1370000 : 4.485356377574894 size: 0.0
1371000 : 4.6324820319432 size: 0.0
1372000 : 4.437194356027273 size: 0.0
1373000 : 4.503743042778638 size: 0.0
1374000 : 4.630069115351595 size: 0.0
1375000 : 4.657461480085117 size: 0.0
1376000 : 4.639789230813059 size: 0.0
1377000 : 4.694867362682476 size: 0.0
1378000 : 4.48732489099667 size: 0.0
1379000 : 4.462346818715959 size: 0.0
1380000 : 4.472469373580442 size: 0.0
1381000 : 4.673422501981091 size: 0.0
1382000 : 4.670647389926769 size: 0.0
1383000 : 4.551459973225826 size: 0.0
1384000 : 4.493487717307688 size: 0.0
1385000 : 4.598685377256848 size: 0.0
1386000 : 4.482769758505918 size: 0.0
1387000 : 4.4720404488491905 size: 0.0
1388000 : 4.461054541077376 size: 0.0
1389000 : 4.6215938103170755 size: 0.0
1390000 : 4.5100936741443975 size: 0.0
1391000 : 4.498029435151673 size: 0.0
1392000 : 4.490058039284182 size: 0.0
1393000 : 4.746056622850585 size: 0.0
1394000 : 4.643984575598206 size: 0.0
1395000 : 4.682128607733068 size: 0.0
1396000 : 4.632785409339322 size: 0.0
1397000 : 4.541137918486341 size: 0.0
1398000 : 4.443742079510923 size: 0.0
1399000 : 4.376967751521627 size: 0.0
1400000 : 4.7196225454476695 size: 0.0
1401000 : 4.631466990337807 size: 0.0
1402000 : 4.489777707563276 size: 0.0
1403000 : 4.543097488810272 size: 0.0
1404000 : 4.470575500629141 size: 0.0
1405000 : 4.478583356818615 size: 0.0
1406000 : 4.605350736873686 size: 0.0
1407000 : 4.425402193588214 size: 0.0
1408000 : 4.557502067715937 size: 0.0
1409000 : 4.4414261611344035 size: 0.0
1410000 : 4.560542720983192 size: 0.0
1411000 : 4.558554945504519 size: 0.0
1412000 : 4.708572660129733 size: 0.0
1413000 : 4.597188096298436 size: 0.0
1414000 : 4.568926531247452 size: 0.0
1415000 : 4.649644180672799 size: 0.0
1416000 : 4.6824904592304835 size: 0.0
1417000 : 4.595637500718256 size: 0.0
1418000 : 4.510863812454961 size: 0.0
1419000 : 4.607060244423263 size: 0.0
1420000 : 4.550919947702116 size: 0.0
1421000 : 4.538844013889133 size: 0.0
1422000 : 4.656346688542224 size: 0.0
1423000 : 4.728663673403527 size: 0.0
1424000 : 4.6569850881422274 size: 0.0
1425000 : 4.4528919005021255 size: 0.0
1426000 : 4.643254681227944 size: 0.0
1427000 : 4.5208288312112535 size: 0.0
1428000 : 4.358022830633183 size: 0.0
1429000 : 4.49789735247581 size: 0.0
1430000 : 4.6519078163234555 size: 0.0
1431000 : 4.4305455067449175 size: 0.0
1432000 : 4.543769940975146 size: 0.0
1433000 : 4.716170853644853 size: 0.0
1434000 : 4.516158814309725 size: 0.0
1435000 : 4.331668209214966 size: 0.0
1436000 : 4.488903691731591 size: 0.0
1437000 : 4.576287044739079 size: 0.0
1438000 : 4.450866288840263 size: 0.0
1439000 : 4.601624904725394 size: 0.0
1440000 : 4.453458755319369 size: 0.0
1441000 : 4.509300146193317 size: 0.0
1442000 : 4.51030762056207 size: 0.0
1443000 : 4.3284259922809 size: 0.0
1444000 : 4.285465070060672 size: 0.0
1445000 : 4.467986129837751 size: 0.0
1446000 : 4.556214261626277 size: 0.0
1447000 : 4.278557214906117 size: 0.0
1448000 : 4.32800532271689 size: 0.0
1449000 : 4.465945383702612 size: 0.0
1450000 : 4.657067983779943 size: 0.0
1451000 : 4.478096989881975 size: 0.0
1452000 : 4.6028215600100975 size: 0.0
1453000 : 4.576685012593175 size: 0.0
1454000 : 4.598885565062451 size: 0.0
1455000 : 4.427090375289083 size: 0.0
1456000 : 4.513551557322645 size: 0.0
1457000 : 4.57716037264016 size: 0.0
1458000 : 4.534658300132434 size: 0.0
1459000 : 4.593724365710059 size: 0.0
1460000 : 4.61339230166273 size: 0.0
1461000 : 4.680949838644055 size: 0.0
1462000 : 4.680679481916898 size: 0.0
1463000 : 4.637366339227703 size: 0.0
1464000 : 4.5029171820891944 size: 0.0
1465000 : 4.570979660133452 size: 0.0
1466000 : 4.506133945590932 size: 0.0
1467000 : 4.432135658334794 size: 0.0
1468000 : 4.391564607030957 size: 0.0
1469000 : 4.554118481042862 size: 0.0
1470000 : 4.47509795641623 size: 0.0
1471000 : 4.396607138354254 size: 0.0
1472000 : 4.425870330363862 size: 0.0
1473000 : 4.385529735812181 size: 0.0
1474000 : 4.516715006202616 size: 0.0
1475000 : 4.52765103900568 size: 0.0
1476000 : 4.479960249921423 size: 0.0
1477000 : 4.426211199977873 size: 0.0
1478000 : 4.505357615904937 size: 0.0
1479000 : 4.4993602369040495 size: 0.0
1480000 : 4.719365259401979 size: 0.0
1481000 : 4.4893250492262045 size: 0.0
1482000 : 4.67360755531342 size: 0.0
1483000 : 4.488167949951199 size: 0.0
1484000 : 4.504574062947606 size: 0.0
1485000 : 4.458742750284478 size: 0.0
1486000 : 4.619741557167282 size: 0.0
1487000 : 4.54221796953376 size: 0.0
1488000 : 4.62234434260544 size: 0.0
1489000 : 4.52751345288499 size: 0.0
1490000 : 4.483227232357213 size: 0.0
1491000 : 4.735659927640626 size: 0.0
1492000 : 4.734984035822735 size: 0.0
1493000 : 4.449408219926249 size: 0.0
1494000 : 4.616721541818132 size: 0.0
1495000 : 4.544644300772132 size: 0.0
1496000 : 4.638726378030726 size: 0.0
1497000 : 4.651112912511167 size: 0.0
1498000 : 4.456958258299125 size: 0.0
1499000 : 4.548928044639823 size: 0.0
1500000 : 4.558700098861848 size: 0.0
1501000 : 4.4920537259647935 size: 0.0
1502000 : 4.437488102394947 size: 0.0
1503000 : 4.317640616279992 size: 0.0
1504000 : 4.525450692970541 size: 0.0
1505000 : 4.588400814735252 size: 0.0
1506000 : 4.467993697074388 size: 0.0
1507000 : 4.612842645110572 size: 0.0
1508000 : 4.525946690935629 size: 0.0
1509000 : 4.727532371526151 size: 0.0
1510000 : 4.549162972940901 size: 0.0
1511000 : 4.376957776527877 size: 0.0
1512000 : 4.354826361084247 size: 0.0
1513000 : 4.359555883982974 size: 0.0
1514000 : 4.4680662737530525 size: 0.0
1515000 : 4.444460966991529 size: 0.0
1516000 : 4.46782652993775 size: 0.0
1517000 : 4.483026012655703 size: 0.0
1518000 : 4.492404570572554 size: 0.0
1519000 : 4.5192813313187905 size: 0.0
1520000 : 4.4943410952212695 size: 0.0
1521000 : 4.508738450855598 size: 0.0
1522000 : 4.504896358435324 size: 0.0
1523000 : 4.522266606172467 size: 0.0
1524000 : 4.495855574444767 size: 0.0
1525000 : 4.635007769153771 size: 0.0
1526000 : 4.3993251521684895 size: 0.0
1527000 : 4.522146562282165 size: 0.0
1528000 : 4.548814192124952 size: 0.0
1529000 : 4.5133565289965665 size: 0.0
1530000 : 4.406697704445676 size: 0.0
1531000 : 4.650803343739614 size: 0.0
1532000 : 4.38365787664019 size: 0.0
1533000 : 4.477189953381325 size: 0.0
1534000 : 4.509873192385991 size: 0.0
1535000 : 4.379523069748146 size: 0.0
1536000 : 4.576094768135414 size: 0.0
1537000 : 4.406844921594815 size: 0.0
1538000 : 4.509087231671548 size: 0.0
1539000 : 4.530952761936944 size: 0.0
1540000 : 4.408742922129737 size: 0.0
1541000 : 4.556958258573909 size: 0.0
1542000 : 4.452707879065702 size: 0.0
1543000 : 4.3663560779980894 size: 0.0
1544000 : 4.627057699134987 size: 0.0
1545000 : 4.336753392235678 size: 0.0
1546000 : 4.421201345358239 size: 0.0
1547000 : 4.526537279358692 size: 0.0
1548000 : 4.466708642707141 size: 0.0
1549000 : 4.425930180326363 size: 0.0
1550000 : 4.523808602620103 size: 0.0
1551000 : 4.3705190900448745 size: 0.0
1552000 : 4.572057647389061 size: 0.0
1553000 : 4.37404026283864 size: 0.0
1554000 : 4.513358936753678 size: 0.0
1555000 : 4.305574657460759 size: 0.0
1556000 : 4.566614740454554 size: 0.0
1557000 : 4.420389931211468 size: 0.0
1558000 : 4.544897115268901 size: 0.0
1559000 : 4.435032534105928 size: 0.0
1560000 : 4.417962224111889 size: 0.0
1561000 : 4.347915066276674 size: 0.0
1562000 : 4.517223730883868 size: 0.0
1563000 : 4.461074491064876 size: 0.0
1564000 : 4.501596355330568 size: 0.0
1565000 : 4.492976928834626 size: 0.0
1566000 : 4.5216354298438 size: 0.0
1567000 : 4.32127804934574 size: 0.0
1568000 : 4.529667707569697 size: 0.0
1569000 : 4.532394320516476 size: 0.0
1570000 : 4.53472537336627 size: 0.0
1571000 : 4.52830285325245 size: 0.0
1572000 : 4.429255292898144 size: 0.0
1573000 : 4.5896463130928 size: 0.0
1574000 : 4.661204510498496 size: 0.0
1575000 : 4.5780213177903795 size: 0.0
1576000 : 4.492409042121476 size: 0.0
1577000 : 4.565885877980198 size: 0.0
1578000 : 4.501652765640051 size: 0.0
1579000 : 4.553573983970231 size: 0.0
1580000 : 4.567597105356283 size: 0.0
1581000 : 4.420101000358019 size: 0.0
1582000 : 4.528979433000944 size: 0.0
1583000 : 4.521544623004145 size: 0.0
1584000 : 4.52173105219768 size: 0.0
1585000 : 4.589476394233747 size: 0.0
1586000 : 4.670341260808233 size: 0.0
1587000 : 4.6836004352591525 size: 0.0
1588000 : 4.585031674604849 size: 0.0
1589000 : 4.5789269784298225 size: 0.0
1590000 : 4.651432112311169 size: 0.0
1591000 : 4.688383272779647 size: 0.0
1592000 : 4.496985844426238 size: 0.0
1593000 : 4.59256657850445 size: 0.0
1594000 : 4.749924512668489 size: 0.0
1595000 : 4.527651726936283 size: 0.0
1596000 : 4.559531462996119 size: 0.0
1597000 : 4.594439125607044 size: 0.0
1598000 : 4.467192257921368 size: 0.0
1599000 : 4.69562339841567 size: 0.0
1600000 : 4.729394255704392 size: 0.0
1601000 : 4.543234387000359 size: 0.0
1602000 : 4.54749026967861 size: 0.0
1603000 : 4.578215314220552 size: 0.0
1604000 : 4.519823076669008 size: 0.0
1605000 : 4.673761307803291 size: 0.0
1606000 : 4.570712743059313 size: 0.0
1607000 : 4.687344153603134 size: 0.0
1608000 : 4.660275116253233 size: 0.0
1609000 : 4.6751172190226935 size: 0.0
1610000 : 4.677742362205463 size: 0.0
1611000 : 4.660926930500003 size: 0.0
1612000 : 4.705674408497393 size: 0.0
1613000 : 4.60061158294651 size: 0.0
1614000 : 4.474819344521832 size: 0.0
1615000 : 4.692838999298201 size: 0.0
1616000 : 4.631191130165823 size: 0.0
1617000 : 4.4941677367091994 size: 0.0
1618000 : 4.528792315876805 size: 0.0
1619000 : 4.615104904900021 size: 0.0
1620000 : 4.497367645911153 size: 0.0
1621000 : 4.445371099179895 size: 0.0
1622000 : 4.568863585597236 size: 0.0
1623000 : 4.376311465725934 size: 0.0
1624000 : 4.45397917482088 size: 0.0
1625000 : 4.604247640151052 size: 0.0
1626000 : 4.419729861797457 size: 0.0
1627000 : 4.428061733301156 size: 0.0
1628000 : 4.475705055173775 size: 0.0
1629000 : 4.486313289044295 size: 0.0
1630000 : 4.5024473254870365 size: 0.0
1631000 : 4.661860108363585 size: 0.0
1632000 : 4.5607088562239255 size: 0.0
1633000 : 4.54454627066114 size: 0.0
1634000 : 4.536820809984383 size: 0.0
1635000 : 4.378647678055255 size: 0.0
1636000 : 4.472502738214709 size: 0.0
1637000 : 4.6790084984811156 size: 0.0
1638000 : 4.41533123351899 size: 0.0
1639000 : 4.540195453559613 size: 0.0
1640000 : 4.56422590143407 size: 0.0
1641000 : 4.511943175571776 size: 0.0
1642000 : 4.487590776174904 size: 0.0
1643000 : 4.5293220224414625 size: 0.0
1644000 : 4.528658513374434 size: 0.0
1645000 : 4.479506903653749 size: 0.0
1646000 : 4.468768994864478 size: 0.0
1647000 : 4.462101571455829 size: 0.0
1648000 : 4.516989834478694 size: 0.0
1649000 : 4.587033896626194 size: 0.0
1650000 : 4.4583561332853385 size: 0.0
1651000 : 4.559207447681893 size: 0.0
1652000 : 4.458095063621329 size: 0.0
1653000 : 4.537766026633525 size: 0.0
1654000 : 4.598354482636587 size: 0.0
1655000 : 4.366370868506063 size: 0.0
1656000 : 4.412555433534064 size: 0.0
1657000 : 4.432496821901607 size: 0.0
1658000 : 4.51449333431877 size: 0.0
1659000 : 4.5331297183315655 size: 0.0
1660000 : 4.704705802207735 size: 0.0
1661000 : 4.520234459169872 size: 0.0
1662000 : 4.592858605045615 size: 0.0
1663000 : 4.526770831798564 size: 0.0
1664000 : 4.495887219252526 size: 0.0
1665000 : 4.472558116628288 size: 0.0
1666000 : 4.478936265218186 size: 0.0
1667000 : 4.604647671796959 size: 0.0
1668000 : 4.5443625931900185 size: 0.0
1669000 : 4.724456977763423 size: 0.0
1670000 : 4.648975856091546 size: 0.0
1671000 : 4.584791586824244 size: 0.0
1672000 : 4.5872677930313674 size: 0.0
1673000 : 4.582484611545571 size: 0.0
1674000 : 4.571448140874403 size: 0.0
1675000 : 4.538994670691289 size: 0.0
1676000 : 4.415279638723731 size: 0.0
1677000 : 4.53911058699797 size: 0.0
1678000 : 4.5259810874658015 size: 0.0
1679000 : 4.467339131105205 size: 0.0
1680000 : 4.52838265320245 size: 0.0
1681000 : 4.508919720569608 size: 0.0
1682000 : 4.567874341389474 size: 0.0
1683000 : 4.561051101699142 size: 0.0
1684000 : 4.584114319145146 size: 0.0
1685000 : 4.525819767739293 size: 0.0
1686000 : 4.598820211655124 size: 0.0
1687000 : 4.468246167605855 size: 0.0
1688000 : 4.530858515444271 size: 0.0
1689000 : 4.589270702983315 size: 0.0
1690000 : 4.586048092071448 size: 0.0
1691000 : 4.671919373612551 size: 0.0
1692000 : 4.571065651458884 size: 0.0
1693000 : 4.710994863784485 size: 0.0
1694000 : 4.637397296104859 size: 0.0
1695000 : 4.416349370812098 size: 0.0
1696000 : 4.56184394171962 size: 0.0
1697000 : 4.555552128420455 size: 0.0
1698000 : 4.5534030332152735 size: 0.0
1699000 : 4.649321541219781 size: 0.0
1700000 : 4.470951798669229 size: 0.0
1701000 : 4.459556228223059 size: 0.0
1702000 : 4.539942639062844 size: 0.0
1703000 : 4.741071189767373 size: 0.0
1704000 : 4.548341239835079 size: 0.0
1705000 : 4.479956466303104 size: 0.0
1706000 : 4.639963277255732 size: 0.0
1707000 : 4.602078938923672 size: 0.0
1708000 : 4.510146988766165 size: 0.0
1709000 : 4.471105895124402 size: 0.0
1710000 : 4.4287032285888746 size: 0.0
1711000 : 4.498229966922579 size: 0.0
1712000 : 4.467139631230204 size: 0.0
1713000 : 4.395079932414593 size: 0.0
1714000 : 4.542756963161564 size: 0.0
1715000 : 4.439488260624482 size: 0.0
1716000 : 4.631357609371858 size: 0.0
1717000 : 4.612819255470055 size: 0.0
1718000 : 4.6665744967890355 size: 0.0
1719000 : 4.639292200952065 size: 0.0
1720000 : 4.472190073755441 size: 0.0
1721000 : 4.545580230358127 size: 0.0
1722000 : 4.56142327215561 size: 0.0
1723000 : 4.417812255240337 size: 0.0
1724000 : 4.56884845112396 size: 0.0
1725000 : 4.517545682406283 size: 0.0
1726000 : 4.576852523695115 size: 0.0
1727000 : 4.64442381928851 size: 0.0
1728000 : 4.6549305833950205 size: 0.0
1729000 : 4.56869091501577 size: 0.0
1730000 : 4.544571724093468 size: 0.0
1731000 : 4.638034319843655 size: 0.0
1732000 : 4.647782984425162 size: 0.0
1733000 : 4.622077425531302 size: 0.0
1734000 : 4.73781143060292 size: 0.0
1735000 : 4.478176101901372 size: 0.0
1736000 : 4.572089292196819 size: 0.0
1737000 : 4.643730041274929 size: 0.0
1738000 : 4.696975526016753 size: 0.0
1739000 : 4.652108692059663 size: 0.0
1740000 : 4.7265018514821815 size: 0.0
1741000 : 4.589650096711119 size: 0.0
1742000 : 4.676177320082612 size: 0.0
1743000 : 4.516662035546149 size: 0.0
1744000 : 4.540970407384401 size: 0.0
1745000 : 4.691996284308972 size: 0.0
1746000 : 4.664889754741184 size: 0.0
1747000 : 4.517595901340335 size: 0.0
1748000 : 4.43470404724278 size: 0.0
1749000 : 4.351713131138328 size: 0.0
1750000 : 4.489176800181161 size: 0.0
1751000 : 4.745519693014591 size: 0.0
1752000 : 4.5087387948209 size: 0.0
1753000 : 4.49590407355231 size: 0.0
1754000 : 4.444653587560495 size: 0.0
1755000 : 4.5383390728262 size: 0.0
1756000 : 4.473873783907388 size: 0.0
1757000 : 4.547502652429472 size: 0.0
1758000 : 4.618735802625037 size: 0.0
1759000 : 4.620612821276554 size: 0.0
1760000 : 4.636509177695803 size: 0.0
1761000 : 4.547162126780764 size: 0.0
1762000 : 4.472182506518803 size: 0.0
1763000 : 4.533363270771437 size: 0.0
1764000 : 4.454583865821314 size: 0.0
1765000 : 4.467893259206285 size: 0.0
1766000 : 4.620879050420089 size: 0.0
1767000 : 4.480887580374875 size: 0.0
1768000 : 4.396605418527745 size: 0.0
1769000 : 4.433278311067127 size: 0.0
1770000 : 4.360689937582763 size: 0.0
1771000 : 4.514050307010147 size: 0.0
1772000 : 4.555800815333603 size: 0.0
1773000 : 4.539747266771465 size: 0.0
1774000 : 4.621193090740565 size: 0.0
1775000 : 4.553387898741997 size: 0.0
1776000 : 4.500650450750822 size: 0.0
1777000 : 4.446860468936367 size: 0.0
1778000 : 4.579111343831547 size: 0.0
1779000 : 4.559414514793532 size: 0.0
1780000 : 4.443357182338291 size: 0.0
1781000 : 4.541005491845177 size: 0.0
1782000 : 4.490970235264358 size: 0.0
1783000 : 4.594162233539155 size: 0.0
1784000 : 4.432956703510014 size: 0.0
1785000 : 4.4791209745852125 size: 0.0
1786000 : 4.470641198001771 size: 0.0
1787000 : 4.470901579735177 size: 0.0
1788000 : 4.529320990545558 size: 0.0
1789000 : 4.431250291648153 size: 0.0
1790000 : 4.4339105192916985 size: 0.0
1791000 : 4.511962437628672 size: 0.0
1792000 : 4.419973045265777 size: 0.0
1793000 : 4.577781917940378 size: 0.0
1794000 : 4.644174100479456 size: 0.0
1795000 : 4.605785852980369 size: 0.0
1796000 : 4.633450294267557 size: 0.0
1797000 : 4.644327509004026 size: 0.0
1798000 : 4.4985319684574945 size: 0.0
1799000 : 4.487528518455291 size: 0.0
1800000 : 4.551065445024746 size: 0.0
1801000 : 4.515778388686017 size: 0.0
1802000 : 4.567640788949602 size: 0.0
1803000 : 4.5195685423457315 size: 0.0
1804000 : 4.539228567096462 size: 0.0
1805000 : 4.594814391751227 size: 0.0
1806000 : 4.530735375866254 size: 0.0
1807000 : 4.451072668021299 size: 0.0
1808000 : 4.472223094424407 size: 0.0
1809000 : 4.485857191054206 size: 0.0
1810000 : 4.646826072955761 size: 0.0
1811000 : 4.764775214570492 size: 0.0
1812000 : 4.64145402287341 size: 0.0
1813000 : 4.666055453148732 size: 0.0
1814000 : 4.510581760907546 size: 0.0
1815000 : 4.601577093548454 size: 0.0
1816000 : 4.537473656127058 size: 0.0
1817000 : 4.593247285836565 size: 0.0
1818000 : 4.593556854608118 size: 0.0
1819000 : 4.529361578451161 size: 0.0
1820000 : 4.3838295153257505 size: 0.0
1821000 : 4.525541155844895 size: 0.0
1822000 : 4.584099184671871 size: 0.0
1823000 : 4.649750121985731 size: 0.0
1824000 : 4.351573137260526 size: 0.0
1825000 : 4.572505490211907 size: 0.0
1826000 : 4.608751521811848 size: 0.0
1827000 : 4.461196598746989 size: 0.0
1828000 : 4.491021830059617 size: 0.0
1829000 : 4.495619958213085 size: 0.0
1830000 : 4.45714055990904 size: 0.0
1831000 : 4.355818700979725 size: 0.0
1832000 : 4.586093839456578 size: 0.0
1833000 : 4.383322510471007 size: 0.0
1834000 : 4.444860654672134 size: 0.0
1835000 : 4.362133559954105 size: 0.0
1836000 : 4.531097571328971 size: 0.0
1837000 : 4.663714769270489 size: 0.0
1838000 : 4.448256968061373 size: 0.0
1839000 : 4.63374197684342 size: 0.0
1840000 : 4.655059570383167 size: 0.0
1841000 : 4.581428638069273 size: 0.0
1842000 : 4.662473742461863 size: 0.0
1843000 : 4.695859358612653 size: 0.0
1844000 : 4.706847330176278 size: 0.0
1845000 : 4.533191976051178 size: 0.0
1846000 : 4.638233819718655 size: 0.0
1847000 : 4.751060630060089 size: 0.0
1848000 : 4.6591176730129265 size: 0.0
1849000 : 4.4986836571555555 size: 0.0
1850000 : 4.578038172090164 size: 0.0
1851000 : 4.35369677903338 size: 0.0
1852000 : 4.4887165746074515 size: 0.0
1853000 : 4.515220820931919 size: 0.0
1854000 : 4.754610008008595 size: 0.0
1855000 : 4.557019484397617 size: 0.0
1856000 : 4.5965266510232174 size: 0.0
1857000 : 4.580493396413881 size: 0.0
1858000 : 4.592786716297555 size: 0.0
1859000 : 4.521830802135181 size: 0.0
1860000 : 4.623894594220317 size: 0.0
1861000 : 4.428104041033269 size: 0.0
1862000 : 4.6422441111714745 size: 0.0
1863000 : 4.806536041853 size: 0.0
1864000 : 4.256464323576281 size: 0.0
1865000 : 4.644687296709631 size: 0.0
1866000 : 4.666381876220069 size: 0.0
1867000 : 4.570043386582155 size: 0.0
1868000 : 4.544639141292606 size: 0.0
1869000 : 4.650516476677975 size: 0.0
1870000 : 4.568534410803485 size: 0.0
1871000 : 4.5033467947510495 size: 0.0
1872000 : 4.575131321325281 size: 0.0
1873000 : 4.6348144606542006 size: 0.0
1874000 : 4.450987020661169 size: 0.0
1875000 : 4.509991860415086 size: 0.0
1876000 : 4.546787892532486 size: 0.0
1877000 : 4.536322060296881 size: 0.0
1878000 : 4.38603777256283 size: 0.0
1879000 : 4.4943503822844155 size: 0.0
1880000 : 4.369990415376122 size: 0.0
1881000 : 4.442640358649495 size: 0.0
1882000 : 4.559186465798488 size: 0.0
1883000 : 4.398663706893272 size: 0.0
1884000 : 4.36528772177093 size: 0.0
1885000 : 4.506753771064641 size: 0.0
1886000 : 4.640917437002718 size: 0.0
1887000 : 4.5431549310156605 size: 0.0
1888000 : 4.399229185849308 size: 0.0
1889000 : 4.395843879349725 size: 0.0
1890000 : 4.533353295777687 size: 0.0
1891000 : 4.3715355075114735 size: 0.0
1892000 : 4.579275071315169 size: 0.0
1893000 : 4.484745151233728 size: 0.0
1894000 : 4.52757330284749 size: 0.0
1895000 : 4.5656777789726535 size: 0.0
1896000 : 4.549661722628404 size: 0.0
1897000 : 4.561200726605393 size: 0.0
1898000 : 4.565491005813817 size: 0.0
1899000 : 4.535202109274462 size: 0.0
1900000 : 4.624097533748336 size: 0.0
1901000 : 4.643220972628375 size: 0.0
1902000 : 4.592492969929881 size: 0.0
1903000 : 4.601154360192634 size: 0.0
1904000 : 4.651366758903841 size: 0.0
1905000 : 4.59006285507319 size: 0.0
1906000 : 4.553421951306868 size: 0.0
1907000 : 4.433835534855922 size: 0.0
1908000 : 4.5049661833915735 size: 0.0
1909000 : 4.525781587590801 size: 0.0
1910000 : 4.327026741433481 size: 0.0
1911000 : 4.534275810716915 size: 0.0
1912000 : 4.449121008899308 size: 0.0
1913000 : 4.484996589869289 size: 0.0
1914000 : 4.818636397202406 size: 0.0
1915000 : 4.664379998164026 size: 0.0
1916000 : 4.504027846048466 size: 0.0
1917000 : 4.504039196903423 size: 0.0
1918000 : 4.380934015415825 size: 0.0
1919000 : 4.576892423670116 size: 0.0
1920000 : 4.345474976426233 size: 0.0
1921000 : 4.47738222998499 size: 0.0
1922000 : 4.478507340486934 size: 0.0
1923000 : 4.492013825989794 size: 0.0
1924000 : 4.579778292551594 size: 0.0
1925000 : 4.460185684725217 size: 0.0
1926000 : 4.490594625154873 size: 0.0
1927000 : 4.431927215361949 size: 0.0
1928000 : 4.587294966290203 size: 0.0
1929000 : 4.6156077821711445 size: 0.0
1930000 : 4.442603898327512 size: 0.0
1931000 : 4.555117012313772 size: 0.0
1932000 : 4.587155660343004 size: 0.0
1933000 : 4.505833663882526 size: 0.0
1934000 : 4.456738464471323 size: 0.0
1935000 : 4.57736571992529 size: 0.0
1936000 : 4.514920539223513 size: 0.0
1937000 : 4.538715026900986 size: 0.0
1938000 : 4.47373069434187 size: 0.0
1939000 : 4.608872941563357 size: 0.0
1940000 : 4.511545551682981 size: 0.0
1941000 : 4.403184442853851 size: 0.0
1942000 : 4.57650271098326 size: 0.0
1943000 : 4.483540584747085 size: 0.0
1944000 : 4.390805131644746 size: 0.0
1945000 : 4.603377407937686 size: 0.0
1946000 : 4.58426635180851 size: 0.0
1947000 : 4.481154153483713 size: 0.0
1948000 : 4.632319680320785 size: 0.0
1949000 : 4.4153277938659725 size: 0.0
1950000 : 4.55103242435578 size: 0.0
1951000 : 4.492129054365872 size: 0.0
1952000 : 4.454066542007518 size: 0.0
1953000 : 4.618102218539258 size: 0.0
1954000 : 4.473602395284327 size: 0.0
1955000 : 4.606444546533174 size: 0.0
1956000 : 4.55633052189826 size: 0.0
1957000 : 4.569148388867065 size: 0.0
1958000 : 4.4886918091057275 size: 0.0
1959000 : 4.625331681250928 size: 0.0
1960000 : 4.546672664156408 size: 0.0
1961000 : 4.702313867499535 size: 0.0
1962000 : 4.6166173203317085 size: 0.0
1963000 : 4.572151549916431 size: 0.0
1964000 : 4.570256989034527 size: 0.0
1965000 : 4.568719464135813 size: 0.0
1966000 : 4.458188278218096 size: 0.0
1967000 : 4.498826746721073 size: 0.0
1968000 : 4.6541394632010515 size: 0.0
1969000 : 4.422893310677427 size: 0.0
1970000 : 4.5506062513469425 size: 0.0
1971000 : 4.427716736103526 size: 0.0
1972000 : 4.421286992718369 size: 0.0
1973000 : 4.468444635584951 size: 0.0
1974000 : 4.586394121164984 size: 0.0
1975000 : 4.557935807961414 size: 0.0
1976000 : 4.594067643081181 size: 0.0
1977000 : 4.692933245790873 size: 0.0
1978000 : 4.624596283435838 size: 0.0
1979000 : 4.457863918938569 size: 0.0
1980000 : 4.48048789269427 size: 0.0
1981000 : 4.410873099243324 size: 0.0
1982000 : 4.771099360608019 size: 0.0
1983000 : 4.637139666093866 size: 0.0
1984000 : 4.560756323435563 size: 0.0
1985000 : 4.546555715953821 size: 0.0
1986000 : 4.575719845956533 size: 0.0
1987000 : 4.436315524681365 size: 0.0
1988000 : 4.6346232159464416 size: 0.0
1989000 : 4.445453994817611 size: 0.0
1990000 : 4.396566894413952 size: 0.0
1991000 : 4.5714477969091005 size: 0.0
1992000 : 4.691491687211341 size: 0.0
1993000 : 4.687929238581369 size: 0.0
1994000 : 4.498272962585295 size: 0.0
1995000 : 4.439042137628143 size: 0.0
1996000 : 4.620227924103923 size: 0.0
1997000 : 4.299028653803619 size: 0.0
1998000 : 4.462191690364881 size: 0.0
1999000 : 4.586954096676194 size: 0.0
2000000 : 4.469230940264696 size: 0.0
2001000 : 4.454069981660536 size: 0.0
2002000 : 4.460671019765952 size: 0.0
2003000 : 4.584593806775752 size: 0.0
2004000 : 4.449184642480127 size: 0.0
2005000 : 4.621161789898108 size: 0.0
2006000 : 4.694898319559631 size: 0.0
2007000 : 4.642744924650787 size: 0.0
2008000 : 4.661952978995051 size: 0.0
2009000 : 4.729339221256116 size: 0.0
2010000 : 4.46703712957029 size: 0.0
2011000 : 4.5440444252859225 size: 0.0
2012000 : 4.5735246594009205 size: 0.0
2013000 : 4.532300074023803 size: 0.0
2014000 : 4.597461892678609 size: 0.0
2015000 : 4.516389615027183 size: 0.0
2016000 : 4.542075567898845 size: 0.0
2017000 : 4.627603228103523 size: 0.0
2018000 : 4.590137151578363 size: 0.0
2019000 : 4.436282847977701 size: 0.0
2020000 : 4.381730639054621 size: 0.0
2021000 : 4.419469480064051 size: 0.0
2022000 : 4.413889674939457 size: 0.0
2023000 : 4.61070352489914 size: 0.0
2024000 : 4.54884962055103 size: 0.0
2025000 : 4.406986635299126 size: 0.0
2026000 : 4.543033167298849 size: 0.0
2027000 : 4.539125033540643 size: 0.0
2028000 : 4.485421043051619 size: 0.0
2029000 : 4.568452547061674 size: 0.0
2030000 : 4.6581384037989135 size: 0.0
2031000 : 4.286153344629425 size: 0.0
2032000 : 4.448257655991976 size: 0.0
2033000 : 4.475630414703301 size: 0.0
2034000 : 4.52062073220371 size: 0.0
2035000 : 4.554533303196743 size: 0.0
2036000 : 4.396713423632487 size: 0.0
2037000 : 4.420281238176123 size: 0.0
2038000 : 4.6088144674620635 size: 0.0
2039000 : 4.379385827592758 size: 0.0
2040000 : 4.4691174317151265 size: 0.0
2041000 : 4.489805912718017 size: 0.0
2042000 : 4.479116847001592 size: 0.0
2043000 : 4.460235903659269 size: 0.0
2044000 : 4.492575521327511 size: 0.0
2045000 : 4.3644804352077795 size: 0.0
2046000 : 4.659502226220256 size: 0.0
2047000 : 4.454763415708815 size: 0.0
2048000 : 4.616882173614037 size: 0.0
2049000 : 4.270159302064486 size: 0.0
2050000 : 4.487298061703135 size: 0.0
2051000 : 4.520973984568582 size: 0.0
2052000 : 4.539181099884824 size: 0.0
2053000 : 4.513415691028463 size: 0.0
2054000 : 4.5577999416672315 size: 0.0
2055000 : 4.438439166454218 size: 0.0
2056000 : 4.545950680988086 size: 0.0
2057000 : 4.393886028852303 size: 0.0
2058000 : 4.762838689921778 size: 0.0
2059000 : 4.689647345263489 size: 0.0
2060000 : 4.629270083955686 size: 0.0
2061000 : 4.445975102249725 size: 0.0
2062000 : 4.601465648790695 size: 0.0
2063000 : 4.643499240557471 size: 0.0
2064000 : 4.501191164205135 size: 0.0
2065000 : 4.556571641574769 size: 0.0
2066000 : 4.57620758875438 size: 0.0
2067000 : 4.508488044115942 size: 0.0
2068000 : 4.4610290876450485 size: 0.0
2069000 : 4.612911782136218 size: 0.0
2070000 : 4.454705285572823 size: 0.0
2071000 : 4.486266509763261 size: 0.0
2072000 : 4.466485753191623 size: 0.0
2073000 : 4.519267916672023 size: 0.0
2074000 : 4.507190606997833 size: 0.0
2075000 : 4.573803959225922 size: 0.0
2076000 : 4.567908049989042 size: 0.0
2077000 : 4.369374373520731 size: 0.0
2078000 : 4.560001663563577 size: 0.0
2079000 : 4.567930063768353 size: 0.0
2080000 : 4.546118192090026 size: 0.0
2081000 : 4.792790500465441 size: 0.0
2082000 : 4.44242813205833 size: 0.0
2083000 : 4.652938336367425 size: 0.0
2084000 : 4.6851579101453655 size: 0.0
2085000 : 4.596797007750373 size: 0.0
2086000 : 4.542318751367165 size: 0.0
2087000 : 4.550295306714182 size: 0.0
2088000 : 4.621093340803064 size: 0.0
2089000 : 4.538403050372321 size: 0.0
2090000 : 4.591250223294747 size: 0.0
2091000 : 4.445395864681619 size: 0.0
2092000 : 4.617063787293349 size: 0.0
2093000 : 4.718410411724388 size: 0.0
2094000 : 4.7175271088295565 size: 0.0
2095000 : 4.535433253957222 size: 0.0
2096000 : 4.733275560169064 size: 0.0
2097000 : 4.689420328164349 size: 0.0
2098000 : 4.446775509506841 size: 0.0
2099000 : 4.7725003312819485 size: 0.0
2100000 : 4.577130447658909 size: 0.0
2101000 : 4.523548220886696 size: 0.0
2102000 : 4.493277210543032 size: 0.0
2103000 : 4.579125102443617 size: 0.0
2104000 : 4.394311169965236 size: 0.0
2105000 : 4.604618778711615 size: 0.0
2106000 : 4.34526722138399 size: 0.0
2107000 : 4.57000245471125 size: 0.0
2108000 : 4.454520920171098 size: 0.0
2109000 : 4.598223087891328 size: 0.0
2110000 : 4.679762470422498 size: 0.0
2111000 : 4.624121955284759 size: 0.0
2112000 : 4.5217382754690165 size: 0.0
2113000 : 4.474408649951571 size: 0.0
2114000 : 4.570056113298319 size: 0.0
2115000 : 4.545197053012005 size: 0.0
2116000 : 4.529015893322927 size: 0.0
2117000 : 4.454111601462045 size: 0.0
2118000 : 4.323718827126785 size: 0.0
2119000 : 4.460492501774357 size: 0.0
2120000 : 4.5744365114157945 size: 0.0
2121000 : 4.4891616657078846 size: 0.0
2122000 : 4.575507275400066 size: 0.0
2123000 : 4.609685043640731 size: 0.0
2124000 : 4.4904907476337526 size: 0.0
2125000 : 4.477335450703955 size: 0.0
2126000 : 4.3727662153610485 size: 0.0
2127000 : 4.49391079462881 size: 0.0
2128000 : 4.477015219008048 size: 0.0
2129000 : 4.452422043899968 size: 0.0
2130000 : 4.316605280721798 size: 0.0
2131000 : 4.503163461245229 size: 0.0
2132000 : 4.384867602606358 size: 0.0
2133000 : 4.39038927759496 size: 0.0
2134000 : 4.48317494963135 size: 0.0
2135000 : 4.625785715449205 size: 0.0
2136000 : 4.465594539094853 size: 0.0
2137000 : 4.39419250193614 size: 0.0
2138000 : 4.512312594305829 size: 0.0
2139000 : 4.410767157930392 size: 0.0
2140000 : 4.470951454703927 size: 0.0
2141000 : 4.37036671341621 size: 0.0
2142000 : 4.44246596824152 size: 0.0
2143000 : 4.4029935421113935 size: 0.0
2144000 : 4.710559059747199 size: 0.0
2145000 : 4.499515021289826 size: 0.0
2146000 : 4.433661832378552 size: 0.0
2147000 : 4.440033101662415 size: 0.0
2148000 : 4.40714485933792 size: 0.0
2149000 : 4.446311500314812 size: 0.0
2150000 : 4.407476441888783 size: 0.0
2151000 : 4.414787768342263 size: 0.0
2152000 : 4.508485292393528 size: 0.0
2153000 : 4.491784745098845 size: 0.0
2154000 : 4.4150151294067035 size: 0.0
2155000 : 4.50390092285213 size: 0.0
2156000 : 4.468224497791846 size: 0.0
2157000 : 4.462329276485571 size: 0.0
2158000 : 4.593756354483119 size: 0.0
2159000 : 4.632052075316042 size: 0.0
2160000 : 4.523720203537559 size: 0.0
2161000 : 4.4726712812125555 size: 0.0
2162000 : 4.600403483938967 size: 0.0
2163000 : 4.462192034330183 size: 0.0
2164000 : 4.588948063530297 size: 0.0
2165000 : 4.651086083217633 size: 0.0
2166000 : 4.49927458954392 size: 0.0
2167000 : 4.3933074792148 size: 0.0
2168000 : 4.556413073570674 size: 0.0
2169000 : 4.629373273546204 size: 0.0
2170000 : 4.712585703304966 size: 0.0
2171000 : 4.489373892299049 size: 0.0
2172000 : 4.505761431169163 size: 0.0
2173000 : 4.68336275523566 size: 0.0
2174000 : 4.604408271946958 size: 0.0
2175000 : 4.4873441530535665 size: 0.0
2176000 : 4.5072311949034365 size: 0.0
2177000 : 4.6018856304241025 size: 0.0
2178000 : 4.557314950591799 size: 0.0
2179000 : 4.691941593825998 size: 0.0
2180000 : 4.667305079089901 size: 0.0
2181000 : 4.647798118898438 size: 0.0
2182000 : 4.5243369333235535 size: 0.0
2183000 : 4.485847216060457 size: 0.0
2184000 : 4.622514605429795 size: 0.0
2185000 : 4.4146295443034695 size: 0.0
2186000 : 4.469772341649612 size: 0.0
2187000 : 4.473137698161695 size: 0.0
2188000 : 4.576094768135414 size: 0.0
2189000 : 4.6304818737136655 size: 0.0
2190000 : 4.502520590096305 size: 0.0
2191000 : 4.486758380144728 size: 0.0
2192000 : 4.420228611484959 size: 0.0
2193000 : 4.625433494980238 size: 0.0
2194000 : 4.4319543886207855 size: 0.0
2195000 : 4.445976478110932 size: 0.0
2196000 : 4.358549785475427 size: 0.0
2197000 : 4.380134296089312 size: 0.0
2198000 : 4.577572099106326 size: 0.0
2199000 : 4.686473233459164 size: 0.0
2200000 : 4.528409138530683 size: 0.0
2201000 : 4.532673276376175 size: 0.0
2202000 : 4.457354162361412 size: 0.0
2203000 : 4.586969919080072 size: 0.0
2204000 : 4.486782801681151 size: 0.0
2205000 : 4.677158653088434 size: 0.0
2206000 : 4.516668914852184 size: 0.0
2207000 : 4.463336406889024 size: 0.0
2208000 : 4.53687206081434 size: 0.0
2209000 : 4.569967370250474 size: 0.0
2210000 : 4.6899820235020675 size: 0.0
2211000 : 4.514432796425666 size: 0.0
2212000 : 4.605173594743298 size: 0.0
2213000 : 4.401861552303415 size: 0.0
2214000 : 4.439863870733966 size: 0.0
2215000 : 4.398847384364393 size: 0.0
2216000 : 4.631206608604401 size: 0.0
2217000 : 4.502368557432941 size: 0.0
2218000 : 4.499616835019137 size: 0.0
2219000 : 4.61023091657457 size: 0.0
2220000 : 4.509417782326507 size: 0.0
2221000 : 4.677365720200074 size: 0.0
2222000 : 4.573160744111695 size: 0.0
2223000 : 4.543616876415878 size: 0.0
2224000 : 4.5235688588048 size: 0.0
2225000 : 4.4690723722606 size: 0.0
2226000 : 4.406281162465287 size: 0.0
2227000 : 4.52312032805135 size: 0.0
2228000 : 4.531554701214964 size: 0.0
2229000 : 4.368490038729995 size: 0.0
2230000 : 4.44272497411372 size: 0.0
2231000 : 4.43928256937405 size: 0.0
2232000 : 4.495130839554031 size: 0.0
2233000 : 4.484393618695364 size: 0.0
2234000 : 4.184978014918646 size: 0.0
2235000 : 4.545473945079895 size: 0.0
2236000 : 4.5751688135431685 size: 0.0
2237000 : 4.459180962078877 size: 0.0
2238000 : 4.638672719443657 size: 0.0
2239000 : 4.602645449775614 size: 0.0
2240000 : 4.510588296248279 size: 0.0
2241000 : 4.821803973665997 size: 0.0
2242000 : 4.550860097739616 size: 0.0
2243000 : 4.536450359354425 size: 0.0
2244000 : 4.64861985200426 size: 0.0
2245000 : 4.655947688792223 size: 0.0
2246000 : 4.579263032529608 size: 0.0
2247000 : 4.529109795850298 size: 0.0
2248000 : 4.493921801518466 size: 0.0
2249000 : 4.489202941544092 size: 0.0
2250000 : 4.715797307327178 size: 0.0
2251000 : 4.601295729931643 size: 0.0
2252000 : 4.535312522136316 size: 0.0
2253000 : 4.539309054977066 size: 0.0
2254000 : 4.498357234084217 size: 0.0
2255000 : 4.613597304982558 size: 0.0
2256000 : 4.621445561272031 size: 0.0
2257000 : 4.503075406127988 size: 0.0
2258000 : 4.581808375762378 size: 0.0
2259000 : 4.5647752140209255 size: 0.0
2260000 : 4.503035506152988 size: 0.0
2261000 : 4.505907272457095 size: 0.0
2262000 : 4.609163936208616 size: 0.0
2263000 : 4.568492447036674 size: 0.0
2264000 : 4.501694041476258 size: 0.0
2265000 : 4.470647389377202 size: 0.0
2266000 : 4.463357732737731 size: 0.0
2267000 : 4.598391630889173 size: 0.0
2268000 : 4.578610530352235 size: 0.0
2269000 : 4.492504664475356 size: 0.0
2270000 : 4.718043744712748 size: 0.0
2271000 : 4.428268456447493 size: 0.0
2272000 : 4.317982517789908 size: 0.0
2273000 : 4.520087242020733 size: 0.0
2274000 : 4.471651424092939 size: 0.0
2275000 : 4.458398441017451 size: 0.0
2276000 : 4.54285189758484 size: 0.0
2277000 : 4.595315549195841 size: 0.0
2278000 : 4.665284970872866 size: 0.0
2279000 : 4.470445481745089 size: 0.0
2280000 : 4.536322060296881 size: 0.0
2281000 : 4.533109424378764 size: 0.0
2282000 : 4.4357985448328705 size: 0.0
2283000 : 4.581524948353756 size: 0.0
2284000 : 4.432765458802255 size: 0.0
2285000 : 4.54618457739326 size: 0.0
2286000 : 4.655119076380366 size: 0.0
2287000 : 4.509607995138361 size: 0.0
2288000 : 4.549603936457713 size: 0.0
2289000 : 4.685415540156359 size: 0.0
2290000 : 4.666419712403259 size: 0.0
2291000 : 4.5494591270656874 size: 0.0
2292000 : 4.44555340078981 size: 0.0
2293000 : 4.52993737636625 size: 0.0
2294000 : 4.445689955014594 size: 0.0
2295000 : 4.417274981439041 size: 0.0
2296000 : 4.63448734965226 size: 0.0
2297000 : 4.468154328870295 size: 0.0
2298000 : 4.583321135159367 size: 0.0
2299000 : 4.467104546769428 size: 0.0
2300000 : 4.5998122075853 size: 0.0
2301000 : 4.528134998185208 size: 0.0
2302000 : 4.4141534963258815 size: 0.0
2303000 : 4.277601335332622 size: 0.0
2304000 : 4.512078697900656 size: 0.0
2305000 : 4.507360869822187 size: 0.0
2306000 : 4.534588475176184 size: 0.0
2307000 : 4.547927449577103 size: 0.0
2308000 : 4.5863349591330875 size: 0.0
2309000 : 4.543198958574281 size: 0.0
2310000 : 4.533135565741695 size: 0.0
2311000 : 4.549591553706851 size: 0.0
2312000 : 4.54325055336954 size: 0.0
2313000 : 4.75229684135449 size: 0.0
2314000 : 4.472919968125703 size: 0.0
2315000 : 4.651049278930349 size: 0.0
2316000 : 4.454849407034246 size: 0.0
2317000 : 4.512373820129536 size: 0.0
2318000 : 4.590846064065219 size: 0.0
2319000 : 4.631556765281558 size: 0.0
2320000 : 4.381116660991041 size: 0.0
2321000 : 4.541967218828802 size: 0.0
2322000 : 4.532992132210875 size: 0.0
2323000 : 4.3714092722457405 size: 0.0
2324000 : 4.521661915172033 size: 0.0
2325000 : 4.585133832299461 size: 0.0
2326000 : 4.557770016685982 size: 0.0
2327000 : 4.525519486030886 size: 0.0
2328000 : 4.592306540736346 size: 0.0
2329000 : 4.5480557486346465 size: 0.0
2330000 : 4.535805080448387 size: 0.0
2331000 : 4.478378009533485 size: 0.0
2332000 : 4.442592547472556 size: 0.0
2333000 : 4.446336609781839 size: 0.0
2334000 : 4.4670677424821434 size: 0.0
2335000 : 4.374690357258901 size: 0.0
2336000 : 4.399475465005344 size: 0.0
2337000 : 4.47393982524532 size: 0.0
2338000 : 4.385522512540844 size: 0.0
2339000 : 4.459218798262066 size: 0.0
2340000 : 4.531617302899877 size: 0.0
2341000 : 4.442467000137426 size: 0.0
2342000 : 4.702632035403631 size: 0.0
2343000 : 4.560511420140735 size: 0.0
2344000 : 4.551883738477551 size: 0.0
2345000 : 4.435644448377698 size: 0.0
2346000 : 4.401367618130137 size: 0.0
2347000 : 4.6354322223361 size: 0.0
2348000 : 4.597600166729903 size: 0.0
2349000 : 4.5405308197287955 size: 0.0
2350000 : 4.7086700023101224 size: 0.0
2351000 : 4.511373569032118 size: 0.0
2352000 : 4.498749698493486 size: 0.0
2353000 : 4.538316371116286 size: 0.0
2354000 : 4.672277441491646 size: 0.0
2355000 : 4.543670878968249 size: 0.0
2356000 : 4.610602055135131 size: 0.0
2357000 : 4.490081772890001 size: 0.0
2358000 : 4.682603967780053 size: 0.0
2359000 : 4.467486004289042 size: 0.0
2360000 : 4.422027550012984 size: 0.0
2361000 : 4.5378664645016284 size: 0.0
2362000 : 4.562032778670267 size: 0.0
2363000 : 4.43889595237491 size: 0.0
2364000 : 4.638633851364562 size: 0.0
2365000 : 4.495836656353172 size: 0.0
2366000 : 4.557794782187706 size: 0.0
2367000 : 4.399052387684222 size: 0.0
2368000 : 4.499451387709007 size: 0.0
2369000 : 4.520199374709096 size: 0.0
2370000 : 4.488412509280726 size: 0.0
2371000 : 4.405149860587912 size: 0.0
2372000 : 4.395765799226234 size: 0.0
2373000 : 4.459204695684695 size: 0.0
2374000 : 4.455993091662483 size: 0.0
2375000 : 4.6185648518700795 size: 0.0
2376000 : 4.533853077361094 size: 0.0
2377000 : 4.484735520205279 size: 0.0
2378000 : 4.612121693838155 size: 0.0
2379000 : 4.454989056946746 size: 0.0
2380000 : 4.515344304475239 size: 0.0
2381000 : 4.607672502660334 size: 0.0
2382000 : 4.450692930328193 size: 0.0
2383000 : 4.655670796724333 size: 0.0
2384000 : 4.463862329835362 size: 0.0
2385000 : 4.363136906739239 size: 0.0
2386000 : 4.411404181669188 size: 0.0
2387000 : 4.580412564567975 size: 0.0
2388000 : 4.564426089239674 size: 0.0
2389000 : 4.492907103878375 size: 0.0
2390000 : 4.339881756654872 size: 0.0
2391000 : 4.4227072254491935 size: 0.0
2392000 : 4.467433033632576 size: 0.0
2393000 : 4.490614231177072 size: 0.0
2394000 : 4.680563221644915 size: 0.0
2395000 : 4.545533107111791 size: 0.0
2396000 : 4.57748920346861 size: 0.0
2397000 : 4.556300596917009 size: 0.0
2398000 : 4.367432345427189 size: 0.0
2399000 : 4.603209208905143 size: 0.0
Time for GPU to GPU operations:  183.0326337814331
Time for model training:  26440.220821142197
Time for GPU to CPU operations:  384.08373522758484
last series
Last encode part don't need inference.
665.5850915908813
47558.192636966705 
