start!
start to right
1953060
0 : 7.4299243136535065 size: 0.0
1000 : 2.8014047619861864 size: 0.0
2000 : 2.2334640462848214 size: 0.0
3000 : 2.0973248156362834 size: 0.0
4000 : 1.9364156117145783 size: 0.0
5000 : 2.1369356878003543 size: 0.0
6000 : 1.9587358641088553 size: 0.0
7000 : 1.947700941281545 size: 0.0
8000 : 1.7484819139495458 size: 0.0
9000 : 1.8022452384531176 size: 0.0
10000 : 1.5585396308050867 size: 0.0
11000 : 1.7398059051614698 size: 0.0
12000 : 1.7990862611220695 size: 0.0
13000 : 1.7266074405863052 size: 0.0
14000 : 1.6572179444079895 size: 0.0
15000 : 1.8143691554256913 size: 0.0
16000 : 1.6766038288132454 size: 0.0
17000 : 1.7260163362152898 size: 0.0
18000 : 1.711054361538178 size: 0.0
19000 : 1.8249553755169006 size: 0.0
20000 : 1.882100050919086 size: 0.0
21000 : 1.7330619494731865 size: 0.0
22000 : 1.77951824708955 size: 0.0
23000 : 1.9081131147926893 size: 0.0
24000 : 1.7408068441894913 size: 0.0
25000 : 1.575733596325096 size: 0.0
26000 : 1.6254933366992323 size: 0.0
27000 : 1.6646441552722455 size: 0.0
28000 : 1.8173219255583548 size: 0.0
29000 : 1.5342004740723312 size: 0.0
30000 : 1.758615819668986 size: 0.0
31000 : 1.7534265871445025 size: 0.0
32000 : 1.7009835734516046 size: 0.0
33000 : 1.6421080646511357 size: 0.0
34000 : 1.702366829912494 size: 0.0
35000 : 1.7978849623057929 size: 0.0
36000 : 1.7368894233681382 size: 0.0
37000 : 1.7640453119567248 size: 0.0
38000 : 1.6510650930907218 size: 0.0
39000 : 1.7003090574949205 size: 0.0
40000 : 1.8789087408496759 size: 0.0
41000 : 1.7458118832949008 size: 0.0
42000 : 1.5368698167963728 size: 0.0
43000 : 1.6150395432491875 size: 0.0
44000 : 1.6920726363624499 size: 0.0
45000 : 1.6735800298457755 size: 0.0
46000 : 1.7973425290249716 size: 0.0
47000 : 1.7248482300506296 size: 0.0
48000 : 1.5939321125087949 size: 0.0
49000 : 1.7747986991845728 size: 0.0
50000 : 1.7848005222281502 size: 0.0
51000 : 1.6892302790916403 size: 0.0
52000 : 1.4200754526908597 size: 0.0
53000 : 1.5735440851969615 size: 0.0
54000 : 1.5530413454570027 size: 0.0
55000 : 1.7038880164593757 size: 0.0
56000 : 1.7588808449339655 size: 0.0
57000 : 1.6556903945030261 size: 0.0
58000 : 1.749296423784032 size: 0.0
59000 : 1.6186498030560996 size: 0.0
60000 : 1.7839557434471123 size: 0.0
61000 : 1.6089369108659715 size: 0.0
62000 : 1.6898470088776343 size: 0.0
63000 : 1.6363968647812837 size: 0.0
64000 : 1.628742088974031 size: 0.0
65000 : 1.4679936888308827 size: 0.0
66000 : 1.5313866659215647 size: 0.0
67000 : 1.5702186286598783 size: 0.0
68000 : 1.5866935347166302 size: 0.0
69000 : 1.8162632003596435 size: 0.0
70000 : 1.4818544585945197 size: 0.0
71000 : 1.596247514937361 size: 0.0
72000 : 1.5658810542224675 size: 0.0
73000 : 1.6707378445576166 size: 0.0
74000 : 1.4817762064883773 size: 0.0
75000 : 1.578733317721445 size: 0.0
76000 : 1.652904963489652 size: 0.0
77000 : 1.6437934946295913 size: 0.0
78000 : 1.5325251910702766 size: 0.0
79000 : 1.6287604911176732 size: 0.0
80000 : 1.579721358050652 size: 0.0
81000 : 1.607528544938056 size: 0.0
82000 : 1.6730431000097818 size: 0.0
83000 : 1.5065592504430096 size: 0.0
84000 : 1.703283497441593 size: 0.0
85000 : 1.6292373990085158 size: 0.0
86000 : 1.617330524141331 size: 0.0
87000 : 1.6333634347853654 size: 0.0
88000 : 1.6101093165969034 size: 0.0
89000 : 1.5351290084043394 size: 0.0
90000 : 1.5790559571744638 size: 0.0
91000 : 1.3899188968013443 size: 0.0
92000 : 1.610801890731928 size: 0.0
93000 : 1.5294315671465564 size: 0.0
94000 : 1.5367695509109198 size: 0.0
95000 : 1.6676994270648233 size: 0.0
96000 : 1.6041731634197227 size: 0.0
97000 : 1.5429010763794806 size: 0.0
98000 : 1.5936118808128883 size: 0.0
99000 : 1.6100429312936702 size: 0.0
100000 : 1.6306063809093838 size: 0.0
101000 : 1.6121349282587654 size: 0.0
102000 : 1.5132889315712714 size: 0.0
103000 : 1.5678038202591136 size: 0.0
104000 : 1.5764445726037628 size: 0.0
105000 : 1.5524416419534441 size: 0.0
106000 : 1.5132062079162063 size: 0.0
107000 : 1.450827756482964 size: 0.0
108000 : 1.542583596405988 size: 0.0
109000 : 1.6795309735309303 size: 0.0
110000 : 1.598486557068944 size: 0.0
111000 : 1.532482195407561 size: 0.0
112000 : 1.6003149046302663 size: 0.0
113000 : 1.5659006602446657 size: 0.0
114000 : 1.6377711781443283 size: 0.0
115000 : 1.6730267616579497 size: 0.0
116000 : 1.4829026928515285 size: 0.0
117000 : 1.4795230617794235 size: 0.0
118000 : 1.585046456869317 size: 0.0
119000 : 1.6905194610425078 size: 0.0
120000 : 1.6904195391223564 size: 0.0
121000 : 1.5490599470895288 size: 0.0
122000 : 1.5737447889505185 size: 0.0
123000 : 1.414337423527473 size: 0.0
124000 : 1.4679236918919814 size: 0.0
125000 : 1.5247641299847905 size: 0.0
126000 : 1.583509619901207 size: 0.0
127000 : 1.4860518671714775 size: 0.0
128000 : 1.480031614478025 size: 0.0
129000 : 1.5826466109591775 size: 0.0
130000 : 1.5907948049917555 size: 0.0
131000 : 1.5997692036790787 size: 0.0
132000 : 1.470531808792316 size: 0.0
133000 : 1.4261295859665324 size: 0.0
134000 : 1.4634710610611432 size: 0.0
135000 : 1.6242812029759512 size: 0.0
136000 : 1.4280236309004843 size: 0.0
137000 : 1.536463421792384 size: 0.0
138000 : 1.6320040839129457 size: 0.0
139000 : 1.5394848130027419 size: 0.0
140000 : 1.7497296480815556 size: 0.0
141000 : 1.6041069500991405 size: 0.0
142000 : 1.6297992663288845 size: 0.0
143000 : 1.6899120183196603 size: 0.0
144000 : 1.5001319148149648 size: 0.0
145000 : 1.5542589826251114 size: 0.0
146000 : 1.5991180773629121 size: 0.0
147000 : 1.5504320246781123 size: 0.0
148000 : 1.4018754746546285 size: 0.0
149000 : 1.5458756883088038 size: 0.0
150000 : 1.5843676413463617 size: 0.0
151000 : 1.4857901095768644 size: 0.0
152000 : 1.4417318520528064 size: 0.0
153000 : 1.8341956593824575 size: 0.0
154000 : 1.5904561711522067 size: 0.0
155000 : 1.6053175359785636 size: 0.0
156000 : 1.5656796625383071 size: 0.0
157000 : 1.545461554085526 size: 0.0
158000 : 1.4485593053180834 size: 0.0
159000 : 1.4812647300847113 size: 0.0
160000 : 1.736696630816521 size: 0.0
161000 : 1.4721202405556848 size: 0.0
162000 : 1.48311027591112 size: 0.0
163000 : 1.442764521879912 size: 0.0
164000 : 1.5711156901667787 size: 0.0
165000 : 1.4837902953126316 size: 0.0
166000 : 1.6327506606003412 size: 0.0
167000 : 1.6124054569685726 size: 0.0
168000 : 1.5958973582602043 size: 0.0
169000 : 1.5024885930797378 size: 0.0
170000 : 1.498141043648577 size: 0.0
171000 : 1.6688714888304534 size: 0.0
172000 : 1.5299050353843817 size: 0.0
173000 : 1.5669291164968253 size: 0.0
174000 : 1.5717752436328376 size: 0.0
175000 : 1.5564988846699486 size: 0.0
176000 : 1.439152284272515 size: 0.0
177000 : 1.3515194704299507 size: 0.0
178000 : 1.5402693978559778 size: 0.0
179000 : 1.7065946794186544 size: 0.0
180000 : 1.5124603191594144 size: 0.0
181000 : 1.685110950638174 size: 0.0
182000 : 1.5912773883100766 size: 0.0
183000 : 1.5270115992662658 size: 0.0
184000 : 1.6354380615027235 size: 0.0
185000 : 1.46791939232571 size: 0.0
186000 : 1.477397872162712 size: 0.0
187000 : 1.7265723561255293 size: 0.0
188000 : 1.781689700039344 size: 0.0
189000 : 1.5262660544747755 size: 0.0
190000 : 1.554165424063042 size: 0.0
191000 : 1.3593732301642516 size: 0.0
192000 : 1.5148118379446616 size: 0.0
193000 : 1.576993369242666 size: 0.0
194000 : 1.3280714418026407 size: 0.0
195000 : 1.5121808473517624 size: 0.0
196000 : 1.5860076679049893 size: 0.0
197000 : 1.6506444235267113 size: 0.0
198000 : 1.5177664998864846 size: 0.0
199000 : 1.544057659706533 size: 0.0
200000 : 1.4814250179153154 size: 0.0
201000 : 1.5036321057253246 size: 0.0
202000 : 1.3219854917365585 size: 0.0
203000 : 1.641859549720639 size: 0.0
204000 : 1.4112290090957786 size: 0.0
205000 : 1.5368049793369976 size: 0.0
206000 : 1.5153105876321638 size: 0.0
207000 : 1.4108732629824687 size: 0.0
208000 : 1.3328062101722193 size: 0.0
209000 : 1.6108799708554196 size: 0.0
210000 : 1.6595161485714693 size: 0.0
211000 : 1.5193473644132156 size: 0.0
212000 : 1.510329798080526 size: 0.0
213000 : 1.5711493987663478 size: 0.0
214000 : 1.5663309608371245 size: 0.0
215000 : 1.2552765171545905 size: 0.0
216000 : 1.6056087026064745 size: 0.0
217000 : 1.5541783227618566 size: 0.0
218000 : 1.5452967947059995 size: 0.0
219000 : 1.60225314910549 size: 0.0
220000 : 1.56720910425243 size: 0.0
221000 : 1.434240029807246 size: 0.0
222000 : 1.4532888282168108 size: 0.0
223000 : 1.4010582130977283 size: 0.0
224000 : 1.5223006504938317 size: 0.0
225000 : 1.5648305841909973 size: 0.0
226000 : 1.4814484075558327 size: 0.0
227000 : 1.523571430301057 size: 0.0
228000 : 1.5345538984198541 size: 0.0
229000 : 1.40291330396126 size: 0.0
230000 : 1.458872244977072 size: 0.0
231000 : 1.6717570137466295 size: 0.0
232000 : 1.4165954697419763 size: 0.0
233000 : 1.5327381055920446 size: 0.0
234000 : 1.4672531315362674 size: 0.0
235000 : 1.5623268607597367 size: 0.0
236000 : 1.5198688158106315 size: 0.0
237000 : 1.5365722868103802 size: 0.0
238000 : 1.4978550365001921 size: 0.0
239000 : 1.5465168396312203 size: 0.0
240000 : 1.5063575147935475 size: 0.0
241000 : 1.3913510823264044 size: 0.0
242000 : 1.4755368478977253 size: 0.0
243000 : 1.6392768862526321 size: 0.0
244000 : 1.5577187576125184 size: 0.0
245000 : 1.4871100764222365 size: 0.0
246000 : 1.3417110418772684 size: 0.0
247000 : 1.3900472818502134 size: 0.0
248000 : 1.5356200188725528 size: 0.0
249000 : 1.4347204633424313 size: 0.0
250000 : 1.6170751299047996 size: 0.0
251000 : 1.3723007360729818 size: 0.0
252000 : 1.507977935329977 size: 0.0
253000 : 1.6693554480099815 size: 0.0
254000 : 1.473985392404292 size: 0.0
255000 : 1.5489964854913603 size: 0.0
256000 : 1.6674424849844345 size: 0.0
257000 : 1.632522611605297 size: 0.0
258000 : 1.571560265319259 size: 0.0
259000 : 1.3954585439769607 size: 0.0
260000 : 1.437194089809791 size: 0.0
261000 : 1.4359190104362942 size: 0.0
262000 : 1.4806490321946224 size: 0.0
263000 : 1.5621911664482058 size: 0.0
264000 : 1.5842549927100464 size: 0.0
265000 : 1.5039115775329768 size: 0.0
266000 : 1.7053235556461275 size: 0.0
267000 : 1.7570248081658542 size: 0.0
268000 : 1.4011599408357136 size: 0.0
269000 : 1.4337549527404876 size: 0.0
270000 : 1.4639608676508007 size: 0.0
271000 : 1.5105243104586517 size: 0.0
272000 : 1.4747962906031102 size: 0.0
273000 : 1.4228899487722295 size: 0.0
274000 : 1.5200315113983478 size: 0.0
275000 : 1.5599295945893599 size: 0.0
276000 : 1.438387219450152 size: 0.0
277000 : 1.6228303573332727 size: 0.0
278000 : 1.4581242924284694 size: 0.0
279000 : 1.610532221935375 size: 0.0
280000 : 1.3836641457634402 size: 0.0
281000 : 1.5471863680910292 size: 0.0
282000 : 1.486184121829991 size: 0.0
283000 : 1.5664639034262415 size: 0.0
284000 : 1.5716732579208759 size: 0.0
285000 : 1.4522225357814613 size: 0.0
286000 : 1.5176942671731222 size: 0.0
287000 : 1.5622513603760078 size: 0.0
288000 : 1.5577497144896737 size: 0.0
289000 : 1.7245641147114041 size: 0.0
290000 : 1.523545116955475 size: 0.0
291000 : 1.625987786820463 size: 0.0
292000 : 1.5096146942182382 size: 0.0
293000 : 1.3275100904302246 size: 0.0
294000 : 1.6662638878780716 size: 0.0
295000 : 1.4920953375227965 size: 0.0
296000 : 1.593001858350278 size: 0.0
297000 : 1.6229913330944803 size: 0.0
298000 : 1.550528850910548 size: 0.0
299000 : 1.6690696128442475 size: 0.0
300000 : 1.4580240265430164 size: 0.0
301000 : 1.5715078106107458 size: 0.0
302000 : 1.551979008622623 size: 0.0
303000 : 1.7177775073257069 size: 0.0
304000 : 1.4645100082550055 size: 0.0
305000 : 1.4659593060538265 size: 0.0
306000 : 1.630630974428457 size: 0.0
307000 : 1.4221281516202327 size: 0.0
308000 : 1.5523921109499956 size: 0.0
309000 : 1.5054697403497939 size: 0.0
310000 : 1.6163474713089991 size: 0.0
311000 : 1.365561681890248 size: 0.0
312000 : 1.479422279946018 size: 0.0
313000 : 1.4584852840126306 size: 0.0
314000 : 1.5364831997972332 size: 0.0
315000 : 1.7076504809123012 size: 0.0
316000 : 1.6898779657547895 size: 0.0
317000 : 1.491862988961481 size: 0.0
318000 : 1.47329728981819 size: 0.0
319000 : 1.5250453216189512 size: 0.0
320000 : 1.5282426510811418 size: 0.0
321000 : 1.6648656689265569 size: 0.0
322000 : 1.629342308425542 size: 0.0
323000 : 1.6540687700880405 size: 0.0
324000 : 1.4247159745677653 size: 0.0
325000 : 1.5468308799516959 size: 0.0
326000 : 1.5329204072019593 size: 0.0
327000 : 1.4964444347978154 size: 0.0
328000 : 1.4570695228307278 size: 0.0
329000 : 1.6639864936153463 size: 0.0
330000 : 1.552440610057539 size: 0.0
331000 : 1.4914271849241947 size: 0.0
332000 : 1.5639995640220283 size: 0.0
333000 : 1.455992567471025 size: 0.0
334000 : 1.5319674513335284 size: 0.0
335000 : 1.4396036527397045 size: 0.0
336000 : 1.4418064925232807 size: 0.0
337000 : 1.3644598750374954 size: 0.0
338000 : 1.5307479223562603 size: 0.0
339000 : 1.4636036596849586 size: 0.0
340000 : 1.5009574315391063 size: 0.0
341000 : 1.463658178185282 size: 0.0
342000 : 1.5135481094261216 size: 0.0
343000 : 1.5180184544699986 size: 0.0
344000 : 1.5327520361867646 size: 0.0
345000 : 1.5577151459768503 size: 0.0
346000 : 1.387939118515937 size: 0.0
347000 : 1.5167772556787218 size: 0.0
348000 : 1.4726183023125836 size: 0.0
349000 : 1.4503283188648584 size: 0.0
350000 : 1.5143469688393794 size: 0.0
351000 : 1.5412736045543658 size: 0.0
352000 : 1.6211015877267998 size: 0.0
353000 : 1.6141266593384076 size: 0.0
354000 : 1.5877854525669581 size: 0.0
355000 : 1.3725344604955043 size: 0.0
356000 : 1.550111105051602 size: 0.0
357000 : 1.5802510646153094 size: 0.0
358000 : 1.5042749768742498 size: 0.0
359000 : 1.55167941484482 size: 0.0
360000 : 1.3327111897576176 size: 0.0
361000 : 1.6302178721010847 size: 0.0
362000 : 1.3939798371448422 size: 0.0
363000 : 1.6789838967185358 size: 0.0
364000 : 1.366779749014984 size: 0.0
365000 : 1.5640673251864683 size: 0.0
366000 : 1.4830686561096111 size: 0.0
367000 : 1.3829298658355813 size: 0.0
368000 : 1.5601172276614512 size: 0.0
369000 : 1.625389803143413 size: 0.0
370000 : 1.6109912436305278 size: 0.0
371000 : 1.4934684470072852 size: 0.0
372000 : 1.5662403259801199 size: 0.0
373000 : 1.6235836413440519 size: 0.0
374000 : 1.3937584954731819 size: 0.0
375000 : 1.5807615091230702 size: 0.0
376000 : 1.494141931068064 size: 0.0
377000 : 1.6228647538634453 size: 0.0
378000 : 1.4411962120866941 size: 0.0
379000 : 1.5131724993166373 size: 0.0
380000 : 1.4719487738527746 size: 0.0
381000 : 1.550824489087381 size: 0.0
382000 : 1.5738761836957778 size: 0.0
383000 : 1.6184936428091161 size: 0.0
384000 : 1.817117438186479 size: 0.0
385000 : 1.572328855785965 size: 0.0
386000 : 1.6079356278726482 size: 0.0
387000 : 1.4538715054379339 size: 0.0
388000 : 1.4552499463845994 size: 0.0
389000 : 1.6045608123147674 size: 0.0
390000 : 1.5631542692930376 size: 0.0
391000 : 1.570823147677661 size: 0.0
392000 : 1.4412921784058754 size: 0.0
393000 : 1.599342686704939 size: 0.0
394000 : 1.5002459393124867 size: 0.0
395000 : 1.5023272733532285 size: 0.0
396000 : 1.4561234462683315 size: 0.0
397000 : 1.5015837923535487 size: 0.0
398000 : 1.4397902539158907 size: 0.0
399000 : 1.435224286518134 size: 0.0
400000 : 1.7149738461513413 size: 0.0
401000 : 1.6475702336425386 size: 0.0
402000 : 1.5688960820747433 size: 0.0
403000 : 1.681612307571672 size: 0.0
404000 : 1.586230041472555 size: 0.0
405000 : 1.5950455281904807 size: 0.0
406000 : 1.529168605673387 size: 0.0
407000 : 1.5442146798667709 size: 0.0
408000 : 1.5415131763870178 size: 0.0
409000 : 1.353737444686803 size: 0.0
410000 : 1.4304063645368632 size: 0.0
411000 : 1.4097619110925934 size: 0.0
412000 : 1.3785056121421357 size: 0.0
413000 : 1.4970274559842403 size: 0.0
414000 : 1.418118290124041 size: 0.0
415000 : 1.4956562383089111 size: 0.0
416000 : 1.449590513292657 size: 0.0
417000 : 1.4936741382577172 size: 0.0
418000 : 1.5045185043078715 size: 0.0
419000 : 1.3812575925299169 size: 0.0
420000 : 1.4380865937764435 size: 0.0
421000 : 1.5614308311487413 size: 0.0
422000 : 1.4618499525941104 size: 0.0
423000 : 1.4527887026681017 size: 0.0
424000 : 1.515675018869342 size: 0.0
425000 : 1.575348699152465 size: 0.0
426000 : 1.755856702001194 size: 0.0
427000 : 1.5669461427792608 size: 0.0
428000 : 1.4402931311870135 size: 0.0
429000 : 1.4111738026648515 size: 0.0
430000 : 1.4766033123157256 size: 0.0
431000 : 1.510018681465115 size: 0.0
432000 : 1.4751808438104395 size: 0.0
433000 : 1.5843222379265338 size: 0.0
434000 : 1.4684757562012511 size: 0.0
435000 : 1.4823427173403194 size: 0.0
436000 : 1.5105556113011087 size: 0.0
437000 : 1.4188210112354664 size: 0.0
438000 : 1.540341974534642 size: 0.0
439000 : 1.4108741228957231 size: 0.0
440000 : 1.4381785185033298 size: 0.0
441000 : 1.519589859950932 size: 0.0
442000 : 1.5282579575370685 size: 0.0
443000 : 1.5317351027722128 size: 0.0
444000 : 1.4670826967292623 size: 0.0
445000 : 1.4792133210252196 size: 0.0
446000 : 1.5221611725639819 size: 0.0
447000 : 1.5453872575803533 size: 0.0
448000 : 1.5432237158324993 size: 0.0
449000 : 1.5425851442498457 size: 0.0
450000 : 1.492633987185299 size: 0.0
451000 : 1.5317946087694114 size: 0.0
452000 : 1.5675436105083582 size: 0.0
453000 : 1.4202710829562162 size: 0.0
454000 : 1.5280323162991365 size: 0.0
455000 : 1.7098941665754575 size: 0.0
456000 : 1.5773443858330771 size: 0.0
457000 : 1.4320818195215688 size: 0.0
458000 : 1.4653614943594273 size: 0.0
459000 : 1.6447964974494231 size: 0.0
460000 : 1.5041074657723095 size: 0.0
461000 : 1.6644634015061888 size: 0.0
462000 : 1.401484730071868 size: 0.0
463000 : 1.4293707710046928 size: 0.0
464000 : 1.589592130314272 size: 0.0
465000 : 1.6501998483742308 size: 0.0
466000 : 1.567077365541869 size: 0.0
467000 : 1.6433391164660118 size: 0.0
468000 : 1.5212890485414567 size: 0.0
469000 : 1.602154259081244 size: 0.0
470000 : 1.5641557242690116 size: 0.0
471000 : 1.5214973195316515 size: 0.0
472000 : 1.6730874715337043 size: 0.0
473000 : 1.3891403313408883 size: 0.0
474000 : 1.6562730717241492 size: 0.0
475000 : 1.4611198862411978 size: 0.0
476000 : 1.4829744096169384 size: 0.0
477000 : 1.4328882461714645 size: 0.0
478000 : 1.5775836137004273 size: 0.0
479000 : 1.5430355668124554 size: 0.0
480000 : 1.5442968875738832 size: 0.0
481000 : 1.575293492721538 size: 0.0
482000 : 1.4753215256188452 size: 0.0
483000 : 1.5435246854715092 size: 0.0
484000 : 1.4526172359651914 size: 0.0
485000 : 1.3998545065243395 size: 0.0
486000 : 1.4085993083727608 size: 0.0
487000 : 1.4035065581154114 size: 0.0
488000 : 1.5077619251204932 size: 0.0
489000 : 1.683440139185042 size: 0.0
490000 : 1.5187323544537301 size: 0.0
491000 : 1.359034252359401 size: 0.0
492000 : 1.6287171514896557 size: 0.0
493000 : 1.50306507892543 size: 0.0
494000 : 1.613438040804353 size: 0.0
495000 : 1.5064680996380524 size: 0.0
496000 : 1.4396058885141656 size: 0.0
497000 : 1.4885640177526305 size: 0.0
498000 : 1.5872811994346283 size: 0.0
499000 : 1.4504287567329623 size: 0.0
500000 : 1.357377629474965 size: 0.0
501000 : 1.4230383697999243 size: 0.0
502000 : 1.4589437897598307 size: 0.0
503000 : 1.511745215297127 size: 0.0
504000 : 1.6689158603543761 size: 0.0
505000 : 1.8183428145738765 size: 0.0
506000 : 1.5209098267963042 size: 0.0
507000 : 1.5252176482351159 size: 0.0
508000 : 1.6540029007327601 size: 0.0
509000 : 1.461062100070508 size: 0.0
510000 : 1.616333884679581 size: 0.0
511000 : 1.4207728423401085 size: 0.0
512000 : 1.366482562994293 size: 0.0
513000 : 1.6538145797300654 size: 0.0
514000 : 1.5132407764290299 size: 0.0
515000 : 1.581234461412943 size: 0.0
516000 : 1.684879290007462 size: 0.0
517000 : 1.3629740309253662 size: 0.0
518000 : 1.3828119717284149 size: 0.0
519000 : 1.445568870984881 size: 0.0
520000 : 1.559231001061555 size: 0.0
521000 : 1.4111671813327933 size: 0.0
522000 : 1.527031377271115 size: 0.0
523000 : 1.620078290954166 size: 0.0
524000 : 1.432548924401312 size: 0.0
525000 : 1.4980578040455592 size: 0.0
526000 : 1.5865674714335478 size: 0.0
527000 : 1.5399402230622266 size: 0.0
528000 : 1.4253691646757425 size: 0.0
529000 : 1.4318690769824514 size: 0.0
530000 : 1.381335328688107 size: 0.0
531000 : 1.363069653279246 size: 0.0
532000 : 1.5535765554664878 size: 0.0
533000 : 1.6471791450944766 size: 0.0
534000 : 1.5749496994024632 size: 0.0
535000 : 1.3496974002353845 size: 0.0
536000 : 1.5308803489974245 size: 0.0
537000 : 1.4554752436572296 size: 0.0
538000 : 1.4026409694336188 size: 0.0
539000 : 1.3407179280598611 size: 0.0
540000 : 1.607200058074908 size: 0.0
541000 : 1.54113292274596 size: 0.0
542000 : 1.6173669844633138 size: 0.0
543000 : 1.4268537189179902 size: 0.0
544000 : 1.6366364366139354 size: 0.0
545000 : 1.6126828649844145 size: 0.0
546000 : 1.540066286345309 size: 0.0
547000 : 1.4467868521182914 size: 0.0
548000 : 1.6463233594237832 size: 0.0
549000 : 1.5518871698870624 size: 0.0
550000 : 1.5040897515592706 size: 0.0
551000 : 1.5486654188884494 size: 0.0
552000 : 1.5056503221331998 size: 0.0
553000 : 1.5126185431982082 size: 0.0
554000 : 1.459373574404337 size: 0.0
555000 : 1.4243873157219666 size: 0.0
556000 : 1.5267548291685276 size: 0.0
557000 : 1.4760866764325338 size: 0.0
558000 : 1.597183960471309 size: 0.0
559000 : 1.6071644576661794 size: 0.0
560000 : 1.4323700624444147 size: 0.0
561000 : 1.5173190010289397 size: 0.0
562000 : 1.442842258038102 size: 0.0
563000 : 1.5980330388186186 size: 0.0
564000 : 1.575158142375309 size: 0.0
565000 : 1.373352238000357 size: 0.0
566000 : 1.5399517458998344 size: 0.0
567000 : 1.5807793953187599 size: 0.0
568000 : 1.4525221295592643 size: 0.0
569000 : 1.3326838445161304 size: 0.0
570000 : 1.5483119945409263 size: 0.0
571000 : 1.6602465588896835 size: 0.0
572000 : 1.4828204851444162 size: 0.0
573000 : 1.3565054194611144 size: 0.0
574000 : 1.4303581234032963 size: 0.0
575000 : 1.6152337116620115 size: 0.0
576000 : 1.415371125250484 size: 0.0
577000 : 1.2894413007051146 size: 0.0
578000 : 1.4505527562242344 size: 0.0
579000 : 1.4997100413723983 size: 0.0
580000 : 1.577474920665082 size: 0.0
581000 : 1.5730792160916793 size: 0.0
582000 : 1.5143117123959524 size: 0.0
583000 : 1.5446943394800272 size: 0.0
584000 : 1.4570574840451676 size: 0.0
585000 : 1.4712003053562197 size: 0.0
586000 : 1.460225920422013 size: 0.0
587000 : 1.6945251089637534 size: 0.0
588000 : 1.6983260975304724 size: 0.0
589000 : 1.6015096681058103 size: 0.0
590000 : 1.5134254857960565 size: 0.0
591000 : 1.6046875635284532 size: 0.0
592000 : 1.4984547400037507 size: 0.0
593000 : 1.4248256994990158 size: 0.0
594000 : 1.521170552495012 size: 0.0
595000 : 1.4532375773868536 size: 0.0
596000 : 1.5617880391145835 size: 0.0
597000 : 1.6393138625225676 size: 0.0
598000 : 1.552246097679413 size: 0.0
599000 : 1.4454962943062168 size: 0.0
600000 : 1.5057086242518423 size: 0.0
601000 : 1.4812970628230735 size: 0.0
602000 : 1.3528924079317883 size: 0.0
603000 : 1.5637703111484282 size: 0.0
604000 : 1.567579038934436 size: 0.0
605000 : 1.3588829076266418 size: 0.0
606000 : 1.5121521262490683 size: 0.0
607000 : 1.535485528439578 size: 0.0
608000 : 1.5220014006813305 size: 0.0
609000 : 1.3844634351333251 size: 0.0
610000 : 1.498895531537912 size: 0.0
611000 : 1.385527663776864 size: 0.0
612000 : 1.4592567981844011 size: 0.0
613000 : 1.5559265264078772 size: 0.0
614000 : 1.4158401219393868 size: 0.0
615000 : 1.491340333685509 size: 0.0
616000 : 1.4764129275212206 size: 0.0
617000 : 1.5044748207145524 size: 0.0
618000 : 1.512475797597992 size: 0.0
619000 : 1.433457422754495 size: 0.0
620000 : 1.5559987591212396 size: 0.0
621000 : 1.4879269940138347 size: 0.0
622000 : 1.5489270045004118 size: 0.0
623000 : 1.5200690036162359 size: 0.0
624000 : 1.4221203264096185 size: 0.0
625000 : 1.5366968022496048 size: 0.0
626000 : 1.506937440292257 size: 0.0
627000 : 1.563708053428816 size: 0.0
628000 : 1.3108761004214244 size: 0.0
629000 : 1.419096785416125 size: 0.0
630000 : 1.3482175755160355 size: 0.0
631000 : 1.3609482472808532 size: 0.0
632000 : 1.6951301439294888 size: 0.0
633000 : 1.406818943971029 size: 0.0
634000 : 1.5470955612513737 size: 0.0
635000 : 1.4444657742622469 size: 0.0
636000 : 1.4479738763745464 size: 0.0
637000 : 1.5015110436922336 size: 0.0
638000 : 1.4793493593020521 size: 0.0
639000 : 1.4716865003102089 size: 0.0
640000 : 1.3666846426090569 size: 0.0
641000 : 1.38065522329527 size: 0.0
642000 : 1.4744547330584965 size: 0.0
643000 : 1.4213200911351538 size: 0.0
644000 : 1.5003785379363022 size: 0.0
645000 : 1.6328591816530356 size: 0.0
646000 : 1.5881160032219164 size: 0.0
647000 : 1.2678079470183836 size: 0.0
648000 : 1.6910686016467127 size: 0.0
649000 : 1.2676821417092776 size: 0.0
650000 : 1.6795371649063613 size: 0.0
651000 : 1.3456656969425331 size: 0.0
652000 : 1.3400297394824336 size: 0.0
653000 : 1.4073490804923137 size: 0.0
654000 : 1.4546602178747907 size: 0.0
655000 : 1.502762905407864 size: 0.0
656000 : 1.4415504963474715 size: 0.0
657000 : 1.3808622904069088 size: 0.0
658000 : 1.4331765750856358 size: 0.0
659000 : 1.3929036557070682 size: 0.0
660000 : 1.5323004097455988 size: 0.0
661000 : 1.424237690815716 size: 0.0
662000 : 1.4982973758782112 size: 0.0
663000 : 1.4529355758519384 size: 0.0
664000 : 1.4241602126315023 size: 0.0
665000 : 1.4038901654181608 size: 0.0
666000 : 1.4413804914970936 size: 0.0
667000 : 1.449081616628754 size: 0.0
668000 : 1.4343670389949081 size: 0.0
669000 : 1.5126627427394799 size: 0.0
670000 : 1.4785288300747856 size: 0.0
671000 : 1.481202472365099 size: 0.0
672000 : 1.6781826295481659 size: 0.0
673000 : 1.5931583625625632 size: 0.0
674000 : 1.4982390737595688 size: 0.0
675000 : 1.480248312618112 size: 0.0
676000 : 1.5089432739492699 size: 0.0
677000 : 1.5056031988868632 size: 0.0
678000 : 1.4900504638040377 size: 0.0
679000 : 1.499719156452894 size: 0.0
680000 : 1.6217119541547118 size: 0.0
681000 : 1.4812442641492585 size: 0.0
682000 : 1.516909854302537 size: 0.0
683000 : 1.52760046786282 size: 0.0
684000 : 1.3694765229718382 size: 0.0
685000 : 1.485064514772874 size: 0.0
686000 : 1.4408584381603995 size: 0.0
687000 : 1.6695000854193571 size: 0.0
688000 : 1.6848197840102634 size: 0.0
689000 : 1.5398062485772044 size: 0.0
690000 : 1.4374058864443287 size: 0.0
691000 : 1.540571571373544 size: 0.0
692000 : 1.724289802383278 size: 0.0
693000 : 1.6349492868089714 size: 0.0
694000 : 1.5967433409197984 size: 0.0
695000 : 1.584572472683539 size: 0.0
696000 : 1.5610937451530502 size: 0.0
697000 : 1.6420432271917604 size: 0.0
698000 : 1.592030500338205 size: 0.0
699000 : 1.6082199151945245 size: 0.0
700000 : 1.3868783295254152 size: 0.0
701000 : 1.4684673290513588 size: 0.0
702000 : 1.483975176662309 size: 0.0
703000 : 1.5525794000567852 size: 0.0
704000 : 1.4686518664357346 size: 0.0
705000 : 1.2129506408726736 size: 0.0
706000 : 1.3864568000481505 size: 0.0
707000 : 1.5732818116543958 size: 0.0
708000 : 1.505538533410139 size: 0.0
709000 : 1.4188755297357898 size: 0.0
710000 : 1.5136389162657773 size: 0.0
711000 : 1.7216837492747539 size: 0.0
712000 : 1.62481314531507 size: 0.0
713000 : 1.435735590939149 size: 0.0
714000 : 1.3985706560356488 size: 0.0
715000 : 1.308423885794097 size: 0.0
716000 : 1.518906572879054 size: 0.0
717000 : 1.5155995184856133 size: 0.0
718000 : 1.6605078005363443 size: 0.0
719000 : 1.548917889419916 size: 0.0
720000 : 1.5467005171023418 size: 0.0
721000 : 1.4264662420055962 size: 0.0
722000 : 1.7231535130090274 size: 0.0
723000 : 1.5996302416971815 size: 0.0
724000 : 1.566159666116865 size: 0.0
725000 : 1.5167691724941312 size: 0.0
726000 : 1.4911975880852928 size: 0.0
727000 : 1.4840420779134946 size: 0.0
728000 : 1.497676002560644 size: 0.0
729000 : 1.6560646287513034 size: 0.0
730000 : 1.4842371062395732 size: 0.0
731000 : 1.4693905319211904 size: 0.0
732000 : 1.4453437456949016 size: 0.0
733000 : 1.4182901867835782 size: 0.0
734000 : 1.5826404195837465 size: 0.0
735000 : 1.5373883444887242 size: 0.0
736000 : 1.5787267823807123 size: 0.0
737000 : 1.6473371971506194 size: 0.0
738000 : 1.3254714080868968 size: 0.0
739000 : 1.3535532512677289 size: 0.0
740000 : 1.3611936665236344 size: 0.0
741000 : 1.4092491448190458 size: 0.0
742000 : 1.4346474567071401 size: 0.0
743000 : 1.5763897101381377 size: 0.0
744000 : 1.5747703214976134 size: 0.0
745000 : 1.5381823883877577 size: 0.0
746000 : 1.317623237788749 size: 0.0
747000 : 1.5312241423164994 size: 0.0
748000 : 1.3969446460630663 size: 0.0
749000 : 1.4586010283366613 size: 0.0
750000 : 1.485161169022659 size: 0.0
751000 : 1.5425189309292635 size: 0.0
752000 : 1.352837115509536 size: 0.0
753000 : 1.455255449829427 size: 0.0
754000 : 1.5351769915639302 size: 0.0
755000 : 1.5773536728962236 size: 0.0
756000 : 1.3134189499057567 size: 0.0
757000 : 1.592256141576137 size: 0.0
758000 : 1.3734156136072 size: 0.0
759000 : 1.594151390388645 size: 0.0
760000 : 1.510882378337748 size: 0.0
761000 : 1.683745924338276 size: 0.0
762000 : 1.3865793376868902 size: 0.0
763000 : 1.530649032332014 size: 0.0
764000 : 1.508880500281705 size: 0.0
765000 : 1.4844207837106946 size: 0.0
766000 : 1.549677536788777 size: 0.0
767000 : 1.6407705555753758 size: 0.0
768000 : 1.464052878369012 size: 0.0
769000 : 1.3985224149020816 size: 0.0
770000 : 1.5164891847385265 size: 0.0
771000 : 1.5487715321840319 size: 0.0
772000 : 1.6928706358624532 size: 0.0
773000 : 1.454391752956794 size: 0.0
774000 : 1.575759909670678 size: 0.0
775000 : 1.4652244241866896 size: 0.0
776000 : 1.4222420901264294 size: 0.0
777000 : 1.3714485620379566 size: 0.0
778000 : 1.3102388187086524 size: 0.0
779000 : 1.3883769003537083 size: 0.0
780000 : 1.3710953096730845 size: 0.0
781000 : 1.5326894345018505 size: 0.0
782000 : 1.5459377740457652 size: 0.0
783000 : 1.5232878309097841 size: 0.0
784000 : 1.4974271436648454 size: 0.0
785000 : 1.3888036753018242 size: 0.0
786000 : 1.4621013912296719 size: 0.0
787000 : 1.6300285192024846 size: 0.0
788000 : 1.450489294626066 size: 0.0
789000 : 1.4236560454904978 size: 0.0
790000 : 1.5326548659890271 size: 0.0
791000 : 1.5367084970698635 size: 0.0
792000 : 1.4560921454258746 size: 0.0
793000 : 1.6029197538602344 size: 0.0
794000 : 1.500195548395784 size: 0.0
795000 : 1.5357933773846224 size: 0.0
796000 : 1.522142254472387 size: 0.0
797000 : 1.3712958414439904 size: 0.0
798000 : 1.463062774247995 size: 0.0
799000 : 1.4955996560167772 size: 0.0
800000 : 1.5781372258535546 size: 0.0
801000 : 1.4045026816292088 size: 0.0
802000 : 1.501602366479842 size: 0.0
803000 : 1.4825090245637036 size: 0.0
804000 : 1.3585501211972222 size: 0.0
805000 : 1.5447725915861696 size: 0.0
806000 : 1.539918209282916 size: 0.0
807000 : 1.3668254964001134 size: 0.0
808000 : 1.3970669257278296 size: 0.0
809000 : 1.5819311631315882 size: 0.0
810000 : 1.4321620494281961 size: 0.0
811000 : 1.4703892351747507 size: 0.0
812000 : 1.3774743181762368 size: 0.0
813000 : 1.5725472737525608 size: 0.0
814000 : 1.4778586136843732 size: 0.0
815000 : 1.5109303614973388 size: 0.0
816000 : 1.4698440501715155 size: 0.0
817000 : 1.5997901855624839 size: 0.0
818000 : 1.4992702817341421 size: 0.0
819000 : 1.407002105494198 size: 0.0
820000 : 1.3557815444836328 size: 0.0
821000 : 1.3197281334526587 size: 0.0
822000 : 1.4978474692635542 size: 0.0
823000 : 1.5363222240360257 size: 0.0
824000 : 1.4023944323036068 size: 0.0
825000 : 1.5574595797576682 size: 0.0
826000 : 1.4333702275505074 size: 0.0
827000 : 1.3997120188980998 size: 0.0
828000 : 1.4862558385954008 size: 0.0
829000 : 1.2204068627095053 size: 0.0
830000 : 1.5247906153130235 size: 0.0
831000 : 1.598122813762369 size: 0.0
832000 : 1.5648722039925063 size: 0.0
833000 : 1.5618330985691096 size: 0.0
834000 : 1.589581983337871 size: 0.0
835000 : 1.4439233409814256 size: 0.0
836000 : 1.3615201755862976 size: 0.0
837000 : 1.4848859967812786 size: 0.0
838000 : 1.4221849058950176 size: 0.0
839000 : 1.4161668889760262 size: 0.0
840000 : 1.5250578763524643 size: 0.0
841000 : 1.3235831245717486 size: 0.0
842000 : 1.4728052474540714 size: 0.0
843000 : 1.44283985028099 size: 0.0
844000 : 1.4324304283548677 size: 0.0
845000 : 1.4596614733618813 size: 0.0
846000 : 1.4759975894193869 size: 0.0
847000 : 1.366423744927698 size: 0.0
848000 : 1.4753165381219702 size: 0.0
849000 : 1.5897892224321608 size: 0.0
850000 : 1.4864195660790223 size: 0.0
851000 : 1.5638917308999374 size: 0.0
852000 : 1.4638059112823731 size: 0.0
853000 : 1.609221026205197 size: 0.0
854000 : 1.5881746493058606 size: 0.0
855000 : 1.5571887070825594 size: 0.0
856000 : 1.427262521679091 size: 0.0
857000 : 1.537163047216094 size: 0.0
858000 : 1.5780828793358819 size: 0.0
859000 : 1.5073870029416123 size: 0.0
860000 : 1.4148818346087793 size: 0.0
861000 : 1.4469521274457706 size: 0.0
862000 : 1.6605616311060643 size: 0.0
863000 : 1.528669855985885 size: 0.0
864000 : 1.511534192584518 size: 0.0
865000 : 1.6762636471298387 size: 0.0
866000 : 1.4592041714932371 size: 0.0
867000 : 1.4432988719761428 size: 0.0
868000 : 1.3245287711775178 size: 0.0
869000 : 1.568625553364936 size: 0.0
870000 : 1.5397206012170748 size: 0.0
871000 : 1.455401979047962 size: 0.0
872000 : 1.4461959197299268 size: 0.0
873000 : 1.4935398198073933 size: 0.0
874000 : 1.4996281776305875 size: 0.0
875000 : 1.5434085971821767 size: 0.0
876000 : 1.3459801672196359 size: 0.0
877000 : 1.479879925779964 size: 0.0
878000 : 1.3359528047524052 size: 0.0
879000 : 1.5493106977944866 size: 0.0
880000 : 1.40100472649331 size: 0.0
881000 : 1.4416587594261896 size: 0.0
882000 : 1.3952372882966257 size: 0.0
883000 : 1.5504449233769269 size: 0.0
884000 : 1.58616726780499 size: 0.0
885000 : 1.5246366908405011 size: 0.0
886000 : 1.546075876114408 size: 0.0
887000 : 1.608787285959721 size: 0.0
888000 : 1.4892915043657802 size: 0.0
889000 : 1.5114010780127503 size: 0.0
890000 : 1.459833627995395 size: 0.0
891000 : 1.4333176008593433 size: 0.0
892000 : 1.4256334160187931 size: 0.0
893000 : 1.4198810263040593 size: 0.0
894000 : 1.3094804612096729 size: 0.0
895000 : 1.5572222436994776 size: 0.0
896000 : 1.693843885683686 size: 0.0
897000 : 1.5240593450815547 size: 0.0
898000 : 1.4441445106704351 size: 0.0
899000 : 1.3381153146043543 size: 0.0
900000 : 1.4120015551634544 size: 0.0
901000 : 1.4602802669396857 size: 0.0
902000 : 1.436217572318192 size: 0.0
903000 : 1.4233115642408198 size: 0.0
904000 : 1.4119579575614605 size: 0.0
905000 : 1.5003429375275734 size: 0.0
906000 : 1.492094821574844 size: 0.0
907000 : 1.5646886985040356 size: 0.0
908000 : 1.4137049573289249 size: 0.0
909000 : 1.4772513429441767 size: 0.0
910000 : 1.5796644317932163 size: 0.0
911000 : 1.6066419743728582 size: 0.0
912000 : 1.4286585908474698 size: 0.0
913000 : 1.4721209284862884 size: 0.0
914000 : 1.5441314402637532 size: 0.0
915000 : 1.523491114403104 size: 0.0
916000 : 1.4922105658988747 size: 0.0
917000 : 1.5880943334079078 size: 0.0
918000 : 1.4570786379112235 size: 0.0
919000 : 1.5728186623756222 size: 0.0
920000 : 1.5928635842989842 size: 0.0
921000 : 1.4922317197649309 size: 0.0
922000 : 1.5088110192907564 size: 0.0
923000 : 1.640640880656625 size: 0.0
924000 : 1.5965689505118235 size: 0.0
925000 : 1.6130433406206228 size: 0.0
926000 : 1.4141798874192826 size: 0.0
927000 : 1.4212052067243774 size: 0.0
928000 : 1.4746416781999845 size: 0.0
929000 : 1.3738417006247126 size: 0.0
930000 : 1.4459764698674258 size: 0.0
931000 : 1.2794470448981752 size: 0.0
932000 : 1.450086855223047 size: 0.0
933000 : 1.5699998667279809 size: 0.0
934000 : 1.634681509821578 size: 0.0
935000 : 1.522474352971203 size: 0.0
936000 : 1.5624080365709438 size: 0.0
937000 : 1.3263812823012864 size: 0.0
938000 : 1.5760300944151835 size: 0.0
939000 : 1.52938048829925 size: 0.0
940000 : 1.4905686475310875 size: 0.0
941000 : 1.5076110963356866 size: 0.0
942000 : 1.4344297266711477 size: 0.0
943000 : 1.4935300167962942 size: 0.0
944000 : 1.5071888789278185 size: 0.0
945000 : 1.4357852939252485 size: 0.0
946000 : 1.489443537029143 size: 0.0
947000 : 1.4061042700653685 size: 0.0
948000 : 1.4584742771229753 size: 0.0
949000 : 1.4489462662825248 size: 0.0
950000 : 1.397252580999436 size: 0.0
951000 : 1.3165827427510288 size: 0.0
952000 : 1.4497874334278948 size: 0.0
953000 : 1.399196586893464 size: 0.0
954000 : 1.4804433409441904 size: 0.0
955000 : 1.3970663237885517 size: 0.0
956000 : 1.4794993281736044 size: 0.0
957000 : 1.4493576487833886 size: 0.0
958000 : 1.374102942271373 size: 0.0
959000 : 1.4461386495071895 size: 0.0
960000 : 1.4304069664761412 size: 0.0
961000 : 1.4724762446429709 size: 0.0
962000 : 1.5419317821592178 size: 0.0
963000 : 1.6471155115136573 size: 0.0
964000 : 1.6386144090815087 size: 0.0
965000 : 1.5272267495624952 size: 0.0
966000 : 1.584321893961232 size: 0.0
967000 : 1.4730556541937276 size: 0.0
968000 : 1.319784801736118 size: 0.0
969000 : 1.3765028741728382 size: 0.0
970000 : 1.4402893475686944 size: 0.0
971000 : 1.432143303319252 size: 0.0
972000 : 1.4966661204347775 size: 0.0
973000 : 1.3863838794041847 size: 0.0
974000 : 1.3178725266411744 size: 0.0
975000 : 1.611586303602513 size: 0.0
976000 : 1.4016086435718147 size: 0.0
977000 : 1.5615195741965866 size: 0.0
978000 : 1.436061068105907 size: 0.0
979000 : 1.4530258667436415 size: 0.0
980000 : 1.4661323206005945 size: 0.0
981000 : 1.3472101011472812 size: 0.0
982000 : 1.3033692296939139 size: 0.0
983000 : 1.4332612765411858 size: 0.0
984000 : 1.2314797937026563 size: 0.0
985000 : 1.5064426462057248 size: 0.0
986000 : 1.5154172168756987 size: 0.0
987000 : 1.5123172295938965 size: 0.0
988000 : 1.5319641836631621 size: 0.0
989000 : 1.4306074982470471 size: 0.0
990000 : 1.6251230580519247 size: 0.0
991000 : 1.3231978834338158 size: 0.0
992000 : 1.3915111981743575 size: 0.0
993000 : 1.436913414123583 size: 0.0
994000 : 1.4218199587098865 size: 0.0
995000 : 1.3869224430753615 size: 0.0
996000 : 1.4229908165969607 size: 0.0
997000 : 1.5618201998702947 size: 0.0
998000 : 1.4905087975685871 size: 0.0
999000 : 1.3277410631303332 size: 0.0
1000000 : 1.619673443794035 size: 0.0
1001000 : 1.4987818510056918 size: 0.0
1002000 : 1.4075623389793834 size: 0.0
1003000 : 1.4210622891415106 size: 0.0
1004000 : 1.304341017662614 size: 0.0
1005000 : 1.4229017295838138 size: 0.0
1006000 : 1.3775748420356662 size: 0.0
1007000 : 1.484717453783433 size: 0.0
1008000 : 1.5088395684107996 size: 0.0
1009000 : 1.4644838668920743 size: 0.0
1010000 : 1.5608951051913038 size: 0.0
1011000 : 1.4482586796443753 size: 0.0
1012000 : 1.451722926180705 size: 0.0
1013000 : 1.451011949902038 size: 0.0
1014000 : 1.3529758195174568 size: 0.0
1015000 : 1.4635598041089886 size: 0.0
1016000 : 1.409872495937098 size: 0.0
1017000 : 1.396972507252506 size: 0.0
1018000 : 1.5094452913071386 size: 0.0
1019000 : 1.453173255875431 size: 0.0
1020000 : 1.4753125825210003 size: 0.0
1021000 : 1.3649854540185322 size: 0.0
1022000 : 1.3959641729704975 size: 0.0
1023000 : 1.4014579007783334 size: 0.0
1024000 : 1.562681145020514 size: 0.0
1025000 : 1.5014850743119534 size: 0.0
1026000 : 1.5300517365855677 size: 0.0
1027000 : 1.4585152089938807 size: 0.0
1028000 : 1.3307023464042145 size: 0.0
1029000 : 1.3859839337496032 size: 0.0
1030000 : 1.5507971438458938 size: 0.0
1031000 : 1.3283958870734933 size: 0.0
1032000 : 1.460318791053479 size: 0.0
1033000 : 1.5847150463011044 size: 0.0
1034000 : 1.506207717904646 size: 0.0
1035000 : 1.5949858502106313 size: 0.0
1036000 : 1.297885132914526 size: 0.0
1037000 : 1.3828874721121438 size: 0.0
1038000 : 1.7809770039341684 size: 0.0
1039000 : 1.5043494453620734 size: 0.0
1040000 : 1.467424082291225 size: 0.0
1041000 : 1.3953501949069171 size: 0.0
1042000 : 1.4129533931446545 size: 0.0
1043000 : 1.5090117230443134 size: 0.0
1044000 : 1.4501797258545128 size: 0.0
1045000 : 1.407436877635579 size: 0.0
1046000 : 1.3964683401115017 size: 0.0
1047000 : 1.4089081892137103 size: 0.0
1048000 : 1.3434305244205946 size: 0.0
1049000 : 1.511711334714907 size: 0.0
1050000 : 1.415520234208782 size: 0.0
1051000 : 1.5220328735064383 size: 0.0
1052000 : 1.4046750942366986 size: 0.0
1053000 : 1.5452589585228098 size: 0.0
1054000 : 1.4449836140239949 size: 0.0
1055000 : 1.3971900653058476 size: 0.0
1056000 : 1.5097751540314934 size: 0.0
1057000 : 1.574574089292979 size: 0.0
1058000 : 1.3682418595212942 size: 0.0
1059000 : 1.5585327514990521 size: 0.0
1060000 : 1.353748451576458 size: 0.0
1061000 : 1.5199367489577225 size: 0.0
1062000 : 1.3459494683164568 size: 0.0
1063000 : 1.4764254822547336 size: 0.0
1064000 : 1.411629728672289 size: 0.0
1065000 : 1.4642905583925045 size: 0.0
1066000 : 1.3064870171800802 size: 0.0
1067000 : 1.2849611526501385 size: 0.0
1068000 : 1.506326901881694 size: 0.0
1069000 : 1.3574578593815925 size: 0.0
1070000 : 1.3643460225226243 size: 0.0
1071000 : 1.4939768277232357 size: 0.0
1072000 : 1.5374836228773021 size: 0.0
1073000 : 1.3445168528347697 size: 0.0
1074000 : 1.4124658223294584 size: 0.0
1075000 : 1.4648531136434768 size: 0.0
1076000 : 1.531001424783632 size: 0.0
1077000 : 1.4196481617947911 size: 0.0
1078000 : 1.612594465901871 size: 0.0
1079000 : 1.369004860551847 size: 0.0
1080000 : 1.3762478239016087 size: 0.0
1081000 : 1.7145898088919647 size: 0.0
1082000 : 1.36370332335635 size: 0.0
1083000 : 1.5555529800902033 size: 0.0
1084000 : 1.353383246417351 size: 0.0
1085000 : 1.2791213957487664 size: 0.0
1086000 : 1.3464555272666208 size: 0.0
1087000 : 1.3666084542947246 size: 0.0
1088000 : 1.4532076524056035 size: 0.0
1089000 : 1.4822355721488318 size: 0.0
1090000 : 1.4580928196033616 size: 0.0
1091000 : 1.3781537356384703 size: 0.0
1092000 : 1.3536561828842701 size: 0.0
1093000 : 1.3879864997362497 size: 0.0
1094000 : 1.3623851623288121 size: 0.0
1095000 : 1.5167889504989804 size: 0.0
1096000 : 1.4183548522603027 size: 0.0
1097000 : 1.4031643126401943 size: 0.0
1098000 : 1.5164088688405737 size: 0.0
1099000 : 1.4582892237906468 size: 0.0
1100000 : 1.5237611271649587 size: 0.0
1101000 : 1.5892987279119 size: 0.0
1102000 : 1.6671397955189158 size: 0.0
1103000 : 1.5013115438172329 size: 0.0
1104000 : 1.5364594661914142 size: 0.0
1105000 : 1.4815497053371909 size: 0.0
1106000 : 1.6112738111258953 size: 0.0
1107000 : 1.435656048963125 size: 0.0
1108000 : 1.4789979987463395 size: 0.0
1109000 : 1.4210312462730297 size: 0.0
1110000 : 1.4943778912650478 size: 0.0
1111000 : 1.4838346668365543 size: 0.0
1112000 : 1.4593993718019664 size: 0.0
1113000 : 1.5135272995253672 size: 0.0
1114000 : 1.3085604400188822 size: 0.0
1115000 : 1.403960592313689 size: 0.0
1116000 : 1.5403350952286075 size: 0.0
1117000 : 1.4230495486722303 size: 0.0
1118000 : 1.3520877870997268 size: 0.0
1119000 : 1.4162122064045284 size: 0.0
1120000 : 1.3650109074508598 size: 0.0
1121000 : 1.495857973958373 size: 0.0
1122000 : 1.4814674976300786 size: 0.0
1123000 : 1.6184883113469393 size: 0.0
1124000 : 1.441087175086047 size: 0.0
1125000 : 1.594753157684014 size: 0.0
1126000 : 1.3834283575491073 size: 0.0
1127000 : 1.4476168403913554 size: 0.0
1128000 : 1.4965354136201217 size: 0.0
1129000 : 1.5336570088956047 size: 0.0
1130000 : 1.3892735319039815 size: 0.0
1131000 : 1.4778670408342656 size: 0.0
1132000 : 1.494992901224533 size: 0.0
1133000 : 1.4600105981431328 size: 0.0
1134000 : 1.5406439760695572 size: 0.0
1135000 : 1.479549891072958 size: 0.0
1136000 : 1.4917424291232262 size: 0.0
1137000 : 1.4766040002463292 size: 0.0
1138000 : 1.391859119077053 size: 0.0
1139000 : 1.4521781642575387 size: 0.0
1140000 : 1.533200050992262 size: 0.0
1141000 : 1.5573034195106847 size: 0.0
1142000 : 1.5395260888389488 size: 0.0
1143000 : 1.5131387907170681 size: 0.0
1144000 : 1.566801849335187 size: 0.0
1145000 : 1.529892136685567 size: 0.0
1146000 : 1.4642814433120088 size: 0.0
1147000 : 1.5849558220123123 size: 0.0
1148000 : 1.27457142273754 size: 0.0
1149000 : 1.508117069294525 size: 0.0
1150000 : 1.2421961186692434 size: 0.0
1151000 : 1.5134315051888367 size: 0.0
1152000 : 1.5880575291206231 size: 0.0
1153000 : 1.6133575529237492 size: 0.0
1154000 : 1.5973282539153828 size: 0.0
1155000 : 1.4911893329180512 size: 0.0
1156000 : 1.4508409991470803 size: 0.0
1157000 : 1.5067778403922563 size: 0.0
1158000 : 1.433417952736122 size: 0.0
1159000 : 1.4169171632904152 size: 0.0
1160000 : 1.3987314598142053 size: 0.0
1161000 : 1.5369702546644768 size: 0.0
1162000 : 1.4442105520083666 size: 0.0
1163000 : 1.609223261979658 size: 0.0
1164000 : 1.3832904274631153 size: 0.0
1165000 : 1.437942128349719 size: 0.0
1166000 : 1.3436743098281927 size: 0.0
1167000 : 1.360477358782791 size: 0.0
1168000 : 1.5278034073908382 size: 0.0
1169000 : 1.3163684523680537 size: 0.0
1170000 : 1.4295007038974197 size: 0.0
1171000 : 1.4182619816288369 size: 0.0
1172000 : 1.3478570138885018 size: 0.0
1173000 : 1.4801910423953748 size: 0.0
1174000 : 1.5712135482951197 size: 0.0
1175000 : 1.4546142985070105 size: 0.0
1176000 : 1.4414843690182146 size: 0.0
1177000 : 1.36617901361552 size: 0.0
1178000 : 1.31950017044894 size: 0.0
1179000 : 1.3638182077671264 size: 0.0
1180000 : 1.433943015769206 size: 0.0
1181000 : 1.6458213420659147 size: 0.0
1182000 : 1.4980566001670033 size: 0.0
1183000 : 1.4721130172843486 size: 0.0
1184000 : 1.530676721538803 size: 0.0
1185000 : 1.579697280479531 size: 0.0
1186000 : 1.4813041141117589 size: 0.0
1187000 : 1.3968428323337554 size: 0.0
1188000 : 1.293865468407235 size: 0.0
1189000 : 1.4884126730198712 size: 0.0
1190000 : 1.6170851048985497 size: 0.0
1191000 : 1.5887781364277382 size: 0.0
1192000 : 1.3595365276912459 size: 0.0
1193000 : 1.4268863096303286 size: 0.0
1194000 : 1.4600621929383917 size: 0.0
1195000 : 1.6042273379547445 size: 0.0
1196000 : 1.6016463943132462 size: 0.0
1197000 : 1.4007188053362505 size: 0.0
1198000 : 1.3224836394847828 size: 0.0
1199000 : 1.566419359919668 size: 0.0
1200000 : 1.5060030585501194 size: 0.0
1201000 : 1.3586167644744316 size: 0.0
1202000 : 1.4045031115858357 size: 0.0
1203000 : 1.570771724865053 size: 0.0
1204000 : 1.4378390247505266 size: 0.0
1205000 : 1.5256161320371648 size: 0.0
1206000 : 1.5549236955706962 size: 0.0
1207000 : 1.622559312675513 size: 0.0
1208000 : 1.5422554535081416 size: 0.0
1209000 : 1.4677346829586833 size: 0.0
1210000 : 1.4042295731796386 size: 0.0
1211000 : 1.566183743687986 size: 0.0
1212000 : 1.4013700176437427 size: 0.0
1213000 : 1.5290243122293132 size: 0.0
1214000 : 1.6426934935946726 size: 0.0
1215000 : 1.46095684668818 size: 0.0
1216000 : 1.4952670415700084 size: 0.0
1217000 : 1.3651257058703108 size: 0.0
1218000 : 1.445620293797489 size: 0.0
1219000 : 1.5046321848400919 size: 0.0
1220000 : 1.382475917628629 size: 0.0
1221000 : 1.4639173560401324 size: 0.0
1222000 : 1.4472228281382287 size: 0.0
1223000 : 1.5429351289443514 size: 0.0
1224000 : 1.3913352599225248 size: 0.0
1225000 : 1.543187771458469 size: 0.0
1226000 : 1.4515683137775792 size: 0.0
1227000 : 1.2269267250037144 size: 0.0
1228000 : 1.5727780744700186 size: 0.0
1229000 : 1.4278371157156238 size: 0.0
1230000 : 1.5909086575066267 size: 0.0
1231000 : 1.4338514350076215 size: 0.0
1232000 : 1.389419115217937 size: 0.0
1233000 : 1.4109581364206696 size: 0.0
1234000 : 1.2957147978519628 size: 0.0
1235000 : 1.3587471273237857 size: 0.0
1236000 : 1.4240505736915772 size: 0.0
1237000 : 1.4647875882534982 size: 0.0
1238000 : 1.7614229204963687 size: 0.0
1239000 : 1.5085841741742685 size: 0.0
1240000 : 1.4957472171312174 size: 0.0
1241000 : 1.453910373517029 size: 0.0
1242000 : 1.390509485224407 size: 0.0
1243000 : 1.4141927861180974 size: 0.0
1244000 : 1.6208697551134366 size: 0.0
1245000 : 1.501834027110554 size: 0.0
1246000 : 1.2601031242597298 size: 0.0
1247000 : 1.4445689638527646 size: 0.0
1248000 : 1.3884044175778463 size: 0.0
1249000 : 1.4844961121117726 size: 0.0
1250000 : 1.4278227551642766 size: 0.0
1251000 : 1.3799494924874545 size: 0.0
1252000 : 1.5336398106305185 size: 0.0
1253000 : 1.3138389315391636 size: 0.0
1254000 : 1.3808510255432773 size: 0.0
1255000 : 1.4034477400488161 size: 0.0
1256000 : 1.613876940529355 size: 0.0
1257000 : 1.350078599781022 size: 0.0
1258000 : 1.52423975488231 size: 0.0
1259000 : 1.476658174781351 size: 0.0
1260000 : 1.4379456539940616 size: 0.0
1261000 : 1.583728897781057 size: 0.0
1262000 : 1.50611278348137 size: 0.0
1263000 : 1.3121998508851156 size: 0.0
1264000 : 1.5607504677819282 size: 0.0
1265000 : 1.4735047008951305 size: 0.0
1266000 : 1.4946117876702212 size: 0.0
1267000 : 1.5487163257531047 size: 0.0
1268000 : 1.5945546897049183 size: 0.0
1269000 : 1.5286813788234928 size: 0.0
1270000 : 1.4693286181668797 size: 0.0
1271000 : 1.6290994689225238 size: 0.0
1272000 : 1.509345541369638 size: 0.0
1273000 : 1.3553127197773807 size: 0.0
1274000 : 1.488466847554893 size: 0.0
1275000 : 1.5649585392832392 size: 0.0
1276000 : 1.4172171870248453 size: 0.0
1277000 : 1.4831878400866592 size: 0.0
1278000 : 1.5535351076476298 size: 0.0
1279000 : 1.7021042124046266 size: 0.0
1280000 : 1.398145944879343 size: 0.0
1281000 : 1.3833346270043871 size: 0.0
1282000 : 1.6530822776026917 size: 0.0
1283000 : 1.4216957012446383 size: 0.0
1284000 : 1.381486243464239 size: 0.0
1285000 : 1.406473516816771 size: 0.0
1286000 : 1.5335381688838585 size: 0.0
1287000 : 1.5427335652775402 size: 0.0
1288000 : 1.5028533682822178 size: 0.0
1289000 : 1.4396943735880345 size: 0.0
1290000 : 1.4250880590329071 size: 0.0
1291000 : 1.3154039736620151 size: 0.0
1292000 : 1.5314054120305087 size: 0.0
1293000 : 1.3652165987012919 size: 0.0
1294000 : 1.2117886400921192 size: 0.0
1295000 : 1.5168692663969334 size: 0.0
1296000 : 1.4361822298834397 size: 0.0
1297000 : 1.500406399125742 size: 0.0
1298000 : 1.5191206912793784 size: 0.0
1299000 : 1.5019891554616323 size: 0.0
1300000 : 1.477422809647087 size: 0.0
1301000 : 1.4648773631972485 size: 0.0
1302000 : 1.4454054874665614 size: 0.0
1303000 : 1.470430167045656 size: 0.0
1304000 : 1.3231382914452918 size: 0.0
1305000 : 1.4630256259954086 size: 0.0
1306000 : 1.3699107791652667 size: 0.0
1307000 : 1.4005653108203555 size: 0.0
1308000 : 1.4921029047594345 size: 0.0
1309000 : 1.4738717118720717 size: 0.0
1310000 : 1.4830550694801932 size: 0.0
1311000 : 1.371362742695176 size: 0.0
1312000 : 1.4715489141895186 size: 0.0
1313000 : 1.5749307813108684 size: 0.0
1314000 : 1.3818144723534107 size: 0.0
1315000 : 1.5345158902540135 size: 0.0
1316000 : 1.3490571088262224 size: 0.0
1317000 : 1.4244267857403397 size: 0.0
1318000 : 1.340837112036909 size: 0.0
1319000 : 1.5070256673921496 size: 0.0
1320000 : 1.4036541192298515 size: 0.0
1321000 : 1.499333055401707 size: 0.0
1322000 : 1.3705443632510454 size: 0.0
1323000 : 1.505756435428782 size: 0.0
1324000 : 1.488858108085606 size: 0.0
1325000 : 1.2726028233244389 size: 0.0
1326000 : 1.5119070509715886 size: 0.0
1327000 : 1.5712723663617147 size: 0.0
1328000 : 1.4284243504769947 size: 0.0
1329000 : 1.4567499790654248 size: 0.0
1330000 : 1.3156009797885784 size: 0.0
1331000 : 1.554778542213368 size: 0.0
1332000 : 1.544675765353734 size: 0.0
1333000 : 1.4785959033086222 size: 0.0
1334000 : 1.491006859325486 size: 0.0
1335000 : 1.4025744121477348 size: 0.0
1336000 : 1.4240733613928165 size: 0.0
1337000 : 1.5110251239379642 size: 0.0
1338000 : 1.4619567538202962 size: 0.0
1339000 : 1.3953375541820787 size: 0.0
1340000 : 1.4681943925844394 size: 0.0
1341000 : 1.5059432085876192 size: 0.0
1342000 : 1.405426228464342 size: 0.0
1343000 : 1.4544328568103502 size: 0.0
1344000 : 1.4454099590154839 size: 0.0
1345000 : 1.4054092021819065 size: 0.0
1346000 : 1.4049537061310964 size: 0.0
1347000 : 1.5225620641231432 size: 0.0
1348000 : 1.4299709044648785 size: 0.0
1349000 : 1.4417100102561466 size: 0.0
1350000 : 1.6109929634570364 size: 0.0
1351000 : 1.5675334635319573 size: 0.0
1352000 : 1.7142786922765538 size: 0.0
1353000 : 1.2017583539198238 size: 0.0
1354000 : 1.6056124862247934 size: 0.0
1355000 : 1.4310328973339563 size: 0.0
1356000 : 1.5328712201638126 size: 0.0
1357000 : 1.5042971626362112 size: 0.0
1358000 : 1.445578845978631 size: 0.0
1359000 : 1.60247036319353 size: 0.0
1360000 : 1.3156687409530183 size: 0.0
1361000 : 1.5806450768684361 size: 0.0
1362000 : 1.566997049643916 size: 0.0
1363000 : 1.4077369013700092 size: 0.0
1364000 : 1.5218462723302522 size: 0.0
1365000 : 1.4793830679016213 size: 0.0
1366000 : 1.4216416986922673 size: 0.0
1367000 : 1.3473794180670557 size: 0.0
1368000 : 1.3946948550158045 size: 0.0
1369000 : 1.5289589588219854 size: 0.0
1370000 : 1.500467624949449 size: 0.0
1371000 : 1.5612941049413054 size: 0.0
1372000 : 1.4482371818130175 size: 0.0
1373000 : 1.4144490402678829 size: 0.0
1374000 : 1.3241553108511692 size: 0.0
1375000 : 1.3995706491590905 size: 0.0
1376000 : 1.3702992879735658 size: 0.0
1377000 : 1.302115304186473 size: 0.0
1378000 : 1.4228614856435118 size: 0.0
1379000 : 1.4907081254609371 size: 0.0
1380000 : 1.465826879412662 size: 0.0
1381000 : 1.6014112940295167 size: 0.0
1382000 : 1.4915718223335703 size: 0.0
1383000 : 1.4527856069803862 size: 0.0
1384000 : 1.6218304502011562 size: 0.0
1385000 : 1.218345134690962 size: 0.0
1386000 : 1.515616028820096 size: 0.0
1387000 : 1.3666995191083564 size: 0.0
1388000 : 1.38821781640166 size: 0.0
1389000 : 1.4449304713848783 size: 0.0
1390000 : 1.6267785630491303 size: 0.0
1391000 : 1.5029170018630371 size: 0.0
1392000 : 1.5058972892198388 size: 0.0
1393000 : 1.4622437928645864 size: 0.0
1394000 : 1.3777815651820033 size: 0.0
1395000 : 1.3707156579713047 size: 0.0
1396000 : 1.3969209984485726 size: 0.0
1397000 : 1.6059624709192992 size: 0.0
1398000 : 1.4433441034133196 size: 0.0
1399000 : 1.5386699592029538 size: 0.0
1400000 : 1.5619273450617823 size: 0.0
1401000 : 1.4275173139763444 size: 0.0
1402000 : 1.3448620220150513 size: 0.0
1403000 : 1.421000203404549 size: 0.0
1404000 : 1.5137199200943336 size: 0.0
1405000 : 1.415772188792296 size: 0.0
1406000 : 1.3766464796863087 size: 0.0
1407000 : 1.6417720105513498 size: 0.0
1408000 : 1.5004132784317763 size: 0.0
1409000 : 1.4682397960042672 size: 0.0
1410000 : 1.4765066580659407 size: 0.0
1411000 : 1.390128543652746 size: 0.0
1412000 : 1.3448078474800296 size: 0.0
1413000 : 1.4196390467142954 size: 0.0
1414000 : 1.491053294641219 size: 0.0
1415000 : 1.4504163739821 size: 0.0
1416000 : 1.4186355279465108 size: 0.0
1417000 : 1.5666522244289363 size: 0.0
1418000 : 1.3580047642113362 size: 0.0
1419000 : 1.4185446351155298 size: 0.0
1420000 : 1.4423990587468285 size: 0.0
1421000 : 1.3270854652652442 size: 0.0
1422000 : 1.3646605787910524 size: 0.0
1423000 : 1.4152568427789856 size: 0.0
1424000 : 1.4692360915007154 size: 0.0
1425000 : 1.3305913316030826 size: 0.0
1426000 : 1.563905833477308 size: 0.0
1427000 : 1.4969118836428603 size: 0.0
1428000 : 1.3750842752771963 size: 0.0
1429000 : 1.3559652219547542 size: 0.0
1430000 : 1.5786567854418112 size: 0.0
1431000 : 1.411917541638508 size: 0.0
1432000 : 1.42037453052071 size: 0.0
1433000 : 1.4103028825208823 size: 0.0
1434000 : 1.3512202206174493 size: 0.0
1435000 : 1.3686262407459724 size: 0.0
1436000 : 1.3768488172750488 size: 0.0
1437000 : 1.3618009372638311 size: 0.0
1438000 : 1.4578831727519599 size: 0.0
1439000 : 1.547538932525298 size: 0.0
1440000 : 1.3972204202437248 size: 0.0
1441000 : 1.440825245508783 size: 0.0
1442000 : 1.318470424326899 size: 0.0
1443000 : 1.426539936571491 size: 0.0
1444000 : 1.2450744203140833 size: 0.0
1445000 : 1.445195496649858 size: 0.0
1446000 : 1.5302137442426804 size: 0.0
1447000 : 1.6854200034617746 size: 0.0
1448000 : 1.499060978848042 size: 0.0
1449000 : 1.439010742550855 size: 0.0
1450000 : 1.4386856093493987 size: 0.0
1451000 : 1.3684730042040538 size: 0.0
1452000 : 1.3466077319126342 size: 0.0
1453000 : 1.4313470236457573 size: 0.0
1454000 : 1.600160980157744 size: 0.0
1455000 : 1.4700273836773352 size: 0.0
1456000 : 1.448507366557523 size: 0.0
1457000 : 1.3688271164821801 size: 0.0
1458000 : 1.5730014799334895 size: 0.0
1459000 : 1.6201405486737783 size: 0.0
1460000 : 1.525458079981022 size: 0.0
1461000 : 1.4946160872364929 size: 0.0
1462000 : 1.5176024284375615 size: 0.0
1463000 : 1.455378417424794 size: 0.0
1464000 : 1.5833020368416155 size: 0.0
1465000 : 1.5836853861703888 size: 0.0
1466000 : 1.4274585819010746 size: 0.0
1467000 : 1.4476287071942648 size: 0.0
1468000 : 1.549940842227248 size: 0.0
1469000 : 1.6167428594233326 size: 0.0
1470000 : 1.4635866334025232 size: 0.0
1471000 : 1.630723673077272 size: 0.0
1472000 : 1.4708047452592352 size: 0.0
1473000 : 1.4765295317585054 size: 0.0
1474000 : 1.5565570148059402 size: 0.0
1475000 : 1.7799980786854572 size: 0.0
1476000 : 1.4054570133588464 size: 0.0
1477000 : 1.5920485585165454 size: 0.0
1478000 : 1.4828008791222178 size: 0.0
1479000 : 1.5253571261649654 size: 0.0
1480000 : 1.4320148322790576 size: 0.0
1481000 : 1.4655714851761308 size: 0.0
1482000 : 1.6218789493086996 size: 0.0
1483000 : 1.267280820193489 size: 0.0
1484000 : 1.3155231576390631 size: 0.0
1485000 : 1.3898794267829713 size: 0.0
1486000 : 1.4834050541746988 size: 0.0
1487000 : 1.5306612431002253 size: 0.0
1488000 : 1.4792585524623967 size: 0.0
1489000 : 1.3506931797838804 size: 0.0
1490000 : 1.4859751629091926 size: 0.0
1491000 : 1.4342494888530435 size: 0.0
1492000 : 1.5986422013679746 size: 0.0
1493000 : 1.4639711866098524 size: 0.0
1494000 : 1.4936553921487732 size: 0.0
1495000 : 1.6667564461901427 size: 0.0
1496000 : 1.6121363041199723 size: 0.0
1497000 : 1.4902735253022068 size: 0.0
1498000 : 1.5077025911059456 size: 0.0
1499000 : 1.441270766565843 size: 0.0
1500000 : 1.4418572274052852 size: 0.0
1501000 : 1.5242027786123744 size: 0.0
1502000 : 1.3994699533170103 size: 0.0
1503000 : 1.4138296447508005 size: 0.0
1504000 : 1.5451500935048137 size: 0.0
1505000 : 1.4780827070784475 size: 0.0
1506000 : 1.5619094588660927 size: 0.0
1507000 : 1.543983707166662 size: 0.0
1508000 : 1.5826830712811604 size: 0.0
1509000 : 1.40175818248674 size: 0.0
1510000 : 1.4131031040422306 size: 0.0
1511000 : 1.6113358968628568 size: 0.0
1512000 : 1.4432594879490952 size: 0.0
1513000 : 1.547459992488552 size: 0.0
1514000 : 1.6394584999319433 size: 0.0
1515000 : 1.4582692738031469 size: 0.0
1516000 : 1.4466552853903814 size: 0.0
1517000 : 1.4002068989759575 size: 0.0
1518000 : 1.619151648431317 size: 0.0
1519000 : 1.6260257949863037 size: 0.0
1520000 : 1.4093754660761046 size: 0.0
1521000 : 1.5398722899151358 size: 0.0
1522000 : 1.497607037517648 size: 0.0
1523000 : 1.6284180736598053 size: 0.0
1524000 : 1.543858331814183 size: 0.0
1525000 : 1.4868175339331187 size: 0.0
1526000 : 1.6276945426476255 size: 0.0
1527000 : 1.556285282217577 size: 0.0
1528000 : 1.3639240630887324 size: 0.0
1529000 : 1.52825623771056 size: 0.0
1530000 : 1.49654504464857 size: 0.0
1531000 : 1.52848549058416 size: 0.0
1532000 : 1.460248278166625 size: 0.0
1533000 : 1.5570886131797572 size: 0.0
1534000 : 1.7008958622996644 size: 0.0
1535000 : 1.321679620591999 size: 0.0
1536000 : 1.3762511775633006 size: 0.0
1537000 : 1.3883631417416393 size: 0.0
1538000 : 1.3770035156695 size: 0.0
1539000 : 1.5164191877996254 size: 0.0
1540000 : 1.4852031327894695 size: 0.0
1541000 : 1.5078931478831017 size: 0.0
1542000 : 1.4296810277068492 size: 0.0
1543000 : 1.4533089501869616 size: 0.0
1544000 : 1.4502038034256337 size: 0.0
1545000 : 1.5748815942727217 size: 0.0
1546000 : 1.4830505979312707 size: 0.0
1547000 : 1.477449122992669 size: 0.0
1548000 : 1.4786982329858855 size: 0.0
1549000 : 1.434862349029393 size: 0.0
1550000 : 1.2481686461770816 size: 0.0
1551000 : 1.2778643745536102 size: 0.0
1552000 : 1.4655192024502686 size: 0.0
1553000 : 1.5728945067246527 size: 0.0
1554000 : 1.2964243982694228 size: 0.0
1555000 : 1.4517707373576447 size: 0.0
1556000 : 1.4997169206784329 size: 0.0
1557000 : 1.5983895588538573 size: 0.0
1558000 : 1.4210961697237305 size: 0.0
1559000 : 1.544522700794466 size: 0.0
1560000 : 1.4602739035816037 size: 0.0
1561000 : 1.5139278471192268 size: 0.0
1562000 : 1.3942230206131623 size: 0.0
1563000 : 1.5194926897531946 size: 0.0
1564000 : 1.5324115105380562 size: 0.0
1565000 : 1.4508738478333951 size: 0.0
1566000 : 1.5218495400006185 size: 0.0
1567000 : 1.4685096367834711 size: 0.0
1568000 : 1.4780223411679947 size: 0.0
1569000 : 1.5042507273204782 size: 0.0
1570000 : 1.4627145093799978 size: 0.0
1571000 : 1.5165149821361559 size: 0.0
1572000 : 1.4492572109152848 size: 0.0
1573000 : 1.6099724184068165 size: 0.0
1574000 : 1.4887074512834502 size: 0.0
1575000 : 1.5100028590612358 size: 0.0
1576000 : 1.3978821234929195 size: 0.0
1577000 : 1.3298775176106765 size: 0.0
1578000 : 1.5229218518287482 size: 0.0
1579000 : 1.4695874520564283 size: 0.0
1580000 : 1.4746304993276784 size: 0.0
1581000 : 1.5204349826972718 size: 0.0
1582000 : 1.577232769092667 size: 0.0
1583000 : 1.3663870266317386 size: 0.0
1584000 : 1.5001350105026803 size: 0.0
1585000 : 1.3949835278952776 size: 0.0
1586000 : 1.7106845988388228 size: 0.0
1587000 : 1.538828871172351 size: 0.0
1588000 : 1.4964624929761559 size: 0.0
1589000 : 1.5570327188182267 size: 0.0
1590000 : 1.477183409797086 size: 0.0
1591000 : 1.53320159883612 size: 0.0
1592000 : 1.5061583588838485 size: 0.0
1593000 : 1.4461599753558965 size: 0.0
1594000 : 1.5382953809893747 size: 0.0
1595000 : 1.432818593197865 size: 0.0
1596000 : 1.3997385042263326 size: 0.0
1597000 : 1.3327090399744819 size: 0.0
1598000 : 1.46996254621796 size: 0.0
1599000 : 1.4337888333227076 size: 0.0
1600000 : 1.582610838567798 size: 0.0
1601000 : 1.2895697717453092 size: 0.0
1602000 : 1.4056762912386964 size: 0.0
1603000 : 1.4410342044295814 size: 0.0
1604000 : 1.5244237763187332 size: 0.0
1605000 : 1.4832801947701726 size: 0.0
1606000 : 1.4490363851915768 size: 0.0
1607000 : 1.4753842992864101 size: 0.0
1608000 : 1.5409918969722527 size: 0.0
1609000 : 1.5082565472243747 size: 0.0
1610000 : 1.3480279646434594 size: 0.0
1611000 : 1.6909423663809795 size: 0.0
1612000 : 1.5112342548414135 size: 0.0
1613000 : 1.4097251068053087 size: 0.0
1614000 : 1.4898829527020974 size: 0.0
1615000 : 1.5196557293062125 size: 0.0
1616000 : 1.5258293905242348 size: 0.0
1617000 : 1.4909317029070588 size: 0.0
1618000 : 1.511812460513614 size: 0.0
1619000 : 1.5787644465812514 size: 0.0
1620000 : 1.407274440021839 size: 0.0
1621000 : 1.4365553462444867 size: 0.0
1622000 : 1.4603304858737376 size: 0.0
1623000 : 1.4975962026106435 size: 0.0
1624000 : 1.3886911126568346 size: 0.0
1625000 : 1.3380161666061319 size: 0.0
1626000 : 1.554935046425653 size: 0.0
1627000 : 1.4427820641103 size: 0.0
1628000 : 1.5473624783255127 size: 0.0
1629000 : 1.3851829245532097 size: 0.0
1630000 : 1.5096604416033679 size: 0.0
1631000 : 1.4198318392659126 size: 0.0
1632000 : 1.451465984100316 size: 0.0
1633000 : 1.5114081293014356 size: 0.0
1634000 : 1.4533902979808198 size: 0.0
1635000 : 1.5112192923507883 size: 0.0
1636000 : 1.5425062042130997 size: 0.0
1637000 : 1.4480512685674347 size: 0.0
1638000 : 1.5954844279154827 size: 0.0
1639000 : 1.371501876659724 size: 0.0
1640000 : 1.567693063431958 size: 0.0
1641000 : 1.3880172846307541 size: 0.0
1642000 : 1.508326372180625 size: 0.0
1643000 : 1.5013860123050564 size: 0.0
1644000 : 1.6089474018076741 size: 0.0
1645000 : 1.4337877154354768 size: 0.0
1646000 : 1.3939145697288398 size: 0.0
1647000 : 1.5876526819604921 size: 0.0
1648000 : 1.5341612620279343 size: 0.0
1649000 : 1.5566318272590656 size: 0.0
1650000 : 1.4717659562949075 size: 0.0
1651000 : 1.5341763965012103 size: 0.0
1652000 : 1.4109552127156049 size: 0.0
1653000 : 1.4479028475397402 size: 0.0
1654000 : 1.4852533517235216 size: 0.0
1655000 : 1.3941925796839596 size: 0.0
1656000 : 1.4378999926002576 size: 0.0
1657000 : 1.3859662195365643 size: 0.0
1658000 : 1.4345965498424846 size: 0.0
1659000 : 1.4441789072006077 size: 0.0
1660000 : 1.5170541477466108 size: 0.0
1661000 : 1.679003674723385 size: 0.0
1662000 : 1.4909636916801192 size: 0.0
1663000 : 1.5748226042234756 size: 0.0
1664000 : 1.4252266770495026 size: 0.0
1665000 : 1.42340925038651 size: 0.0
1666000 : 1.5302335222475296 size: 0.0
1667000 : 1.487342424983552 size: 0.0
1668000 : 1.411084199703752 size: 0.0
1669000 : 1.420004767821355 size: 0.0
1670000 : 1.5011092922198181 size: 0.0
1671000 : 1.4868340442676016 size: 0.0
1672000 : 1.3292525326574411 size: 0.0
1673000 : 1.5115880231542382 size: 0.0
1674000 : 1.3892871185333997 size: 0.0
1675000 : 1.4698545411132182 size: 0.0
1676000 : 1.4090842134568684 size: 0.0
1677000 : 1.4386454514004223 size: 0.0
1678000 : 1.4088132547904342 size: 0.0
1679000 : 1.3487517536296154 size: 0.0
1680000 : 1.2334710948256713 size: 0.0
1681000 : 1.4252406076442223 size: 0.0
1682000 : 1.3057423323018442 size: 0.0
1683000 : 1.5382511814481028 size: 0.0
1684000 : 1.449961479870568 size: 0.0
1685000 : 1.4424931332568505 size: 0.0
1686000 : 1.520505151618824 size: 0.0
1687000 : 1.4996613702822041 size: 0.0
1688000 : 1.4442970592817506 size: 0.0
1689000 : 1.5503431096476161 size: 0.0
1690000 : 1.4235212110922215 size: 0.0
1691000 : 1.5789962791946144 size: 0.0
1692000 : 1.4264485277925574 size: 0.0
1693000 : 1.5207574501676397 size: 0.0
1694000 : 1.6463128684820805 size: 0.0
1695000 : 1.4946074881039497 size: 0.0
1696000 : 1.5171413429505982 size: 0.0
1697000 : 1.5083203527878448 size: 0.0
1698000 : 1.4408328987367465 size: 0.0
1699000 : 1.3135770019618995 size: 0.0
1700000 : 1.2903688031412177 size: 0.0
1701000 : 1.3636115706121148 size: 0.0
1702000 : 1.356670608797268 size: 0.0
1703000 : 1.5319475013460284 size: 0.0
1704000 : 1.3700299631423147 size: 0.0
1705000 : 1.4414199615154666 size: 0.0
1706000 : 1.385751671179613 size: 0.0
1707000 : 1.4768941349783347 size: 0.0
1708000 : 1.3864561981088726 size: 0.0
1709000 : 1.4155839537809265 size: 0.0
1710000 : 1.3461290182039576 size: 0.0
1711000 : 1.4476594920887693 size: 0.0
1712000 : 1.5694288843271162 size: 0.0
1713000 : 1.3032222705187515 size: 0.0
1714000 : 1.5148756435081316 size: 0.0
1715000 : 1.477311192906677 size: 0.0
1716000 : 1.4099639907073571 size: 0.0
1717000 : 1.5165653730528588 size: 0.0
1718000 : 1.57598555090861 size: 0.0
1719000 : 1.389918466844717 size: 0.0
1720000 : 1.4027519842347507 size: 0.0
1721000 : 1.6541707558000023 size: 0.0
1722000 : 1.5247231981138851 size: 0.0
1723000 : 1.6249945870117302 size: 0.0
1724000 : 1.5302459049983916 size: 0.0
1725000 : 1.537515267685061 size: 0.0
1726000 : 1.4252705326254727 size: 0.0
1727000 : 1.52312754307918 size: 0.0
1728000 : 1.491199995842405 size: 0.0
1729000 : 1.2913478143812542 size: 0.0
1730000 : 1.496210366409991 size: 0.0
1731000 : 1.501847613739972 size: 0.0
1732000 : 1.386181455824119 size: 0.0
1733000 : 1.357375995639782 size: 0.0
1734000 : 1.5174720655882075 size: 0.0
1735000 : 1.4371325200207823 size: 0.0
1736000 : 1.5006901704996656 size: 0.0
1737000 : 1.4893764637953064 size: 0.0
1738000 : 1.37016557146252 size: 0.0
1739000 : 1.3865112325571485 size: 0.0
1740000 : 1.480072890314232 size: 0.0
1741000 : 1.4791077236775898 size: 0.0
1742000 : 1.4129384306540294 size: 0.0
1743000 : 1.5374003832742846 size: 0.0
1744000 : 1.585854947311023 size: 0.0
1745000 : 1.3434268267936011 size: 0.0
1746000 : 1.3867374757343585 size: 0.0
1747000 : 1.4752207437854397 size: 0.0
1748000 : 1.422045083999866 size: 0.0
1749000 : 1.4973354769119356 size: 0.0
1750000 : 1.4701778684968403 size: 0.0
1751000 : 1.4814134950777076 size: 0.0
1752000 : 1.4704862333898372 size: 0.0
1753000 : 1.526420838860552 size: 0.0
1754000 : 1.6028019457443934 size: 0.0
1755000 : 1.3969743990616654 size: 0.0
1756000 : 1.518480571852867 size: 0.0
1757000 : 1.4621810191970215 size: 0.0
1758000 : 1.4722421762551465 size: 0.0
1759000 : 1.5218385331109634 size: 0.0
1760000 : 1.5504925625712158 size: 0.0
1761000 : 1.4204710987791695 size: 0.0
1762000 : 1.3764243640927194 size: 0.0
1763000 : 1.492315647298552 size: 0.0
1764000 : 1.5826803195587464 size: 0.0
1765000 : 1.408243734242102 size: 0.0
1766000 : 1.3910314525697758 size: 0.0
1767000 : 1.444033065912676 size: 0.0
1768000 : 1.45671317477814 size: 0.0
1769000 : 1.5390140964873302 size: 0.0
1770000 : 1.399211979340716 size: 0.0
1771000 : 1.3878826222151286 size: 0.0
1772000 : 1.4333147631456042 size: 0.0
1773000 : 1.3833632621157557 size: 0.0
1774000 : 1.4933587220760347 size: 0.0
1775000 : 1.5775542046671296 size: 0.0
1776000 : 1.5324106506248019 size: 0.0
1777000 : 1.3873395010037037 size: 0.0
1778000 : 1.499699206465394 size: 0.0
1779000 : 1.52584039741389 size: 0.0
1780000 : 1.4772343166617412 size: 0.0
1781000 : 1.337570129601119 size: 0.0
1782000 : 1.5751187583482615 size: 0.0
1783000 : 1.6003687351999865 size: 0.0
1784000 : 1.7378755718881855 size: 0.0
1785000 : 1.3976353283889313 size: 0.0
1786000 : 1.4753636613683065 size: 0.0
1787000 : 1.2857937206629653 size: 0.0
1788000 : 1.5989479865212088 size: 0.0
1789000 : 1.3917760514566864 size: 0.0
1790000 : 1.4227115167719595 size: 0.0
1791000 : 1.456899947936977 size: 0.0
1792000 : 1.4582599867400001 size: 0.0
1793000 : 1.3606623261237938 size: 0.0
1794000 : 1.6380181452309672 size: 0.0
1795000 : 1.5155788805675097 size: 0.0
1796000 : 1.4947041423537346 size: 0.0
1797000 : 1.4440340978085813 size: 0.0
1798000 : 1.3658568041191286 size: 0.0
1799000 : 1.5137314429319413 size: 0.0
1800000 : 1.431479536278247 size: 0.0
1801000 : 1.404494168487991 size: 0.0
1802000 : 1.459407283003906 size: 0.0
1803000 : 1.3782765312511864 size: 0.0
1804000 : 1.4588414600825674 size: 0.0
1805000 : 1.462557661202411 size: 0.0
1806000 : 1.3236688579232037 size: 0.0
1807000 : 1.4878518375954077 size: 0.0
1808000 : 1.426716390771276 size: 0.0
1809000 : 1.4700681435655898 size: 0.0
1810000 : 1.3963422768284193 size: 0.0
1811000 : 1.3949102632860102 size: 0.0
1812000 : 1.490372415326453 size: 0.0
1813000 : 1.5772974345693915 size: 0.0
1814000 : 1.4782806591095907 size: 0.0
1815000 : 1.3472583422808482 size: 0.0
1816000 : 1.534647972929876 size: 0.0
1817000 : 1.4385419178446028 size: 0.0
1818000 : 1.429445755440469 size: 0.0
1819000 : 1.5159952505652485 size: 0.0
1820000 : 1.4325171076109025 size: 0.0
1821000 : 1.3944265620804583 size: 0.0
1822000 : 1.5147242987753724 size: 0.0
1823000 : 1.5623416512677109 size: 0.0
1824000 : 1.5871157521244983 size: 0.0
1825000 : 1.6410004963795792 size: 0.0
1826000 : 1.3043737803576034 size: 0.0
1827000 : 1.6452298937295975 size: 0.0
1828000 : 1.4741749172855427 size: 0.0
1829000 : 1.3668793269698336 size: 0.0
1830000 : 1.7064082502251192 size: 0.0
1831000 : 1.4511213308679867 size: 0.0
1832000 : 1.429606645210351 size: 0.0
1833000 : 1.6789431368302812 size: 0.0
1834000 : 1.519934857148563 size: 0.0
1835000 : 1.311350772537806 size: 0.0
1836000 : 1.3431847612125118 size: 0.0
1837000 : 1.4245787324123769 size: 0.0
1838000 : 1.546681427028096 size: 0.0
1839000 : 1.2763789603981082 size: 0.0
1840000 : 1.573895961700627 size: 0.0
1841000 : 1.3796455131520544 size: 0.0
1842000 : 1.376560230386901 size: 0.0
1843000 : 1.4983610094590305 size: 0.0
1844000 : 1.5252645994988014 size: 0.0
1845000 : 1.539435797947246 size: 0.0
1846000 : 1.4743169749551555 size: 0.0
1847000 : 1.504855246338261 size: 0.0
1848000 : 1.577717932150751 size: 0.0
1849000 : 1.501297269257211 size: 0.0
1850000 : 1.5611601304562832 size: 0.0
1851000 : 1.5045890171947254 size: 0.0
1852000 : 1.4588148027716836 size: 0.0
1853000 : 1.4190315180001225 size: 0.0
1854000 : 1.5039057301228473 size: 0.0
1855000 : 1.5711402836858521 size: 0.0
1856000 : 1.542492101635729 size: 0.0
1857000 : 1.3811560367745823 size: 0.0
1858000 : 1.625161754148369 size: 0.0
1859000 : 1.4140906284234849 size: 0.0
1860000 : 1.6776276415338316 size: 0.0
1861000 : 1.5958868673185016 size: 0.0
1862000 : 1.3803328418162275 size: 0.0
1863000 : 1.4496660136763857 size: 0.0
1864000 : 1.457184923189457 size: 0.0
1865000 : 1.5016025384624927 size: 0.0
1866000 : 1.3905336487868534 size: 0.0
1867000 : 1.409502131298465 size: 0.0
1868000 : 1.585584246618565 size: 0.0
1869000 : 1.4414828211743569 size: 0.0
1870000 : 1.5951614444971622 size: 0.0
1871000 : 1.4798770020748993 size: 0.0
1872000 : 1.4355341992549886 size: 0.0
1873000 : 1.421242354976964 size: 0.0
1874000 : 1.562681145020514 size: 0.0
1875000 : 1.5864926589804225 size: 0.0
1876000 : 1.4293561524793694 size: 0.0
1877000 : 1.5094353163133885 size: 0.0
1878000 : 1.581486244013806 size: 0.0
1879000 : 1.4031202850815734 size: 0.0
1880000 : 1.4556670043129416 size: 0.0
1881000 : 1.5376917218848463 size: 0.0
1882000 : 1.447634726587045 size: 0.0
1883000 : 1.399010243691254 size: 0.0
1884000 : 1.4642520342787113 size: 0.0
1885000 : 1.4999300071828519 size: 0.0
1886000 : 1.5602510301638226 size: 0.0
1887000 : 1.3859264055528895 size: 0.0
1888000 : 1.507278481888918 size: 0.0
1889000 : 1.5416548900913287 size: 0.0
1890000 : 1.432004169354704 size: 0.0
1891000 : 1.385068556090386 size: 0.0
1892000 : 1.5532389535228441 size: 0.0
1893000 : 1.564480083548539 size: 0.0
1894000 : 1.4745902553873764 size: 0.0
1895000 : 1.5441080506232359 size: 0.0
1896000 : 1.3247465872048354 size: 0.0
1897000 : 1.522956936289524 size: 0.0
1898000 : 1.546226188951262 size: 0.0
1899000 : 1.4074993073378423 size: 0.0
1900000 : 1.221665173774543 size: 0.0
1901000 : 1.4478522846403865 size: 0.0
1902000 : 1.5441703083428482 size: 0.0
1903000 : 1.4218523774395742 size: 0.0
1904000 : 1.496276751713224 size: 0.0
1905000 : 1.6188690809359496 size: 0.0
1906000 : 1.41666202702786 size: 0.0
1907000 : 1.4806328658254413 size: 0.0
1908000 : 1.4890400657302187 size: 0.0
1909000 : 1.4123051905335526 size: 0.0
1910000 : 1.432266270914619 size: 0.0
1911000 : 1.328415321113041 size: 0.0
1912000 : 1.4088607220020724 size: 0.0
1913000 : 1.5177663279038338 size: 0.0
1914000 : 1.3683340422221566 size: 0.0
1915000 : 1.4004769977291376 size: 0.0
1916000 : 1.325437355522026 size: 0.0
1917000 : 1.5289766730350243 size: 0.0
1918000 : 1.4077084382412914 size: 0.0
1919000 : 1.2859833315355416 size: 0.0
1920000 : 1.4534723337052813 size: 0.0
1921000 : 1.4553723980320137 size: 0.0
1922000 : 1.4240271840510599 size: 0.0
1923000 : 1.389655161406246 size: 0.0
1924000 : 1.335645815720615 size: 0.0
1925000 : 1.6841966908661874 size: 0.0
1926000 : 1.5746783107794018 size: 0.0
1927000 : 1.4104891397317667 size: 0.0
1928000 : 1.5444809090103064 size: 0.0
1929000 : 1.503442236878772 size: 0.0
1930000 : 1.5325590716524966 size: 0.0
1931000 : 1.5042966466882586 size: 0.0
1932000 : 1.363853980158506 size: 0.0
1933000 : 1.3273486847123899 size: 0.0
1934000 : 1.397289815243348 size: 0.0
1935000 : 1.491892913942731 size: 0.0
1936000 : 1.3892798092707381 size: 0.0
1937000 : 1.3183283666572863 size: 0.0
1938000 : 1.5025479270942856 size: 0.0
1939000 : 1.4963137279831595 size: 0.0
1940000 : 1.345192228704708 size: 0.0
1941000 : 1.3435639829576642 size: 0.0
1942000 : 1.6821519891300796 size: 0.0
1943000 : 1.3937435329825567 size: 0.0
1944000 : 1.4415836030077624 size: 0.0
1945000 : 1.5365330747659833 size: 0.0
1946000 : 1.446145700795875 size: 0.0
1947000 : 1.504274804891599 size: 0.0
1948000 : 1.3834029041167795 size: 0.0
1949000 : 1.487833779417067 size: 0.0
1950000 : 1.4289525091977944 size: 0.0
1951000 : 1.6858946755781559 size: 0.0
1952000 : 1.4738065304473946 size: 0.0
1953000 : 1.409798715379878 size: 0.0
waiting for write process!
write end!
end join!
last series
Last encode part don't need inference.
178.53074073791504
28207.827642202377 
@@@@@@@@@@@@@
end
main
