start!
start to right
2399911
0 : 7.982037465995967 size: 0.0
1000 : 5.581437583914953 size: 0.0
2000 : 5.308772505618737 size: 0.0
3000 : 5.127391346851578 size: 0.0
4000 : 4.855422454326055 size: 0.0
5000 : 4.851285583642201 size: 0.0
6000 : 4.727228306199426 size: 0.0
7000 : 4.779297429609348 size: 0.0
8000 : 4.573241919922902 size: 0.0
9000 : 4.630514550417329 size: 0.0
10000 : 4.71144442643384 size: 0.0
11000 : 4.695527432096488 size: 0.0
12000 : 4.580198274185 size: 0.0
13000 : 4.647650213818696 size: 0.0
14000 : 4.631278841317763 size: 0.0
15000 : 4.547689769553611 size: 0.0
16000 : 4.544004525310922 size: 0.0
17000 : 4.642499333425355 size: 0.0
18000 : 4.489984086744311 size: 0.0
19000 : 4.4420167495574665 size: 0.0
20000 : 4.5839832683651895 size: 0.0
21000 : 4.48413358092726 size: 0.0
22000 : 4.510077163809915 size: 0.0
23000 : 4.540645016208968 size: 0.0
24000 : 4.637613650279644 size: 0.0
25000 : 4.723327395712555 size: 0.0
26000 : 4.542304304824492 size: 0.0
27000 : 4.571555458048541 size: 0.0
28000 : 4.640160025408319 size: 0.0
29000 : 4.4195210748593095 size: 0.0
30000 : 4.475359370045541 size: 0.0
31000 : 4.441769094540224 size: 0.0
32000 : 4.5077784436984825 size: 0.0
33000 : 4.351767821621302 size: 0.0
34000 : 4.62071773069358 size: 0.0
35000 : 4.580795741914098 size: 0.0
36000 : 4.556306444327139 size: 0.0
37000 : 4.589276206428143 size: 0.0
38000 : 4.47956296999793 size: 0.0
39000 : 4.476060027365156 size: 0.0
40000 : 4.535424310859377 size: 0.0
41000 : 4.445215282898213 size: 0.0
42000 : 4.555977957463991 size: 0.0
43000 : 4.491252974742377 size: 0.0
44000 : 4.422802847803074 size: 0.0
45000 : 4.547015941527531 size: 0.0
46000 : 4.4408820080270734 size: 0.0
47000 : 4.486048779727268 size: 0.0
48000 : 4.333350199540404 size: 0.0
49000 : 4.438286101894951 size: 0.0
50000 : 4.4519126312881125 size: 0.0
51000 : 4.522888839403288 size: 0.0
52000 : 4.355425548639853 size: 0.0
53000 : 4.463351541362299 size: 0.0
54000 : 4.5418537102792325 size: 0.0
55000 : 4.588188588144087 size: 0.0
56000 : 4.630463299587372 size: 0.0
57000 : 4.592916735181607 size: 0.0
58000 : 4.469369214315989 size: 0.0
59000 : 4.509862529461638 size: 0.0
60000 : 4.530646288853107 size: 0.0
61000 : 4.484172792971656 size: 0.0
62000 : 4.4413649353106965 size: 0.0
63000 : 4.477926727057621 size: 0.0
64000 : 4.584070635551828 size: 0.0
65000 : 4.448706530710728 size: 0.0
66000 : 4.559217422675643 size: 0.0
67000 : 4.689588527196894 size: 0.0
68000 : 4.534532064866701 size: 0.0
69000 : 4.482890146361521 size: 0.0
70000 : 4.471656583572464 size: 0.0
71000 : 4.395874492261578 size: 0.0
72000 : 4.5072256914586095 size: 0.0
73000 : 4.581655655168412 size: 0.0
74000 : 4.4038039243622595 size: 0.0
75000 : 4.446316659794339 size: 0.0
76000 : 4.433536972974025 size: 0.0
77000 : 4.272396796352211 size: 0.0
78000 : 4.3998259656478025 size: 0.0
79000 : 4.493640437901654 size: 0.0
80000 : 4.3864876791774865 size: 0.0
81000 : 4.443110559216954 size: 0.0
82000 : 4.524883150222694 size: 0.0
83000 : 4.3560591327256315 size: 0.0
84000 : 4.307351926174776 size: 0.0
85000 : 4.283465943727044 size: 0.0
86000 : 4.510909215874789 size: 0.0
87000 : 4.392323394486564 size: 0.0
88000 : 4.433692445290405 size: 0.0
89000 : 4.4793927071735755 size: 0.0
90000 : 4.256047437630589 size: 0.0
91000 : 4.276251959453952 size: 0.0
92000 : 4.3591988479997825 size: 0.0
93000 : 4.480840113163237 size: 0.0
94000 : 4.296465424375159 size: 0.0
95000 : 4.335239944908085 size: 0.0
96000 : 4.399701450208577 size: 0.0
97000 : 4.487367886659386 size: 0.0
98000 : 4.457574644119818 size: 0.0
99000 : 4.402154610740485 size: 0.0
100000 : 4.499194789593919 size: 0.0
101000 : 4.460734309381469 size: 0.0
102000 : 4.340910212907032 size: 0.0
103000 : 4.386136490604424 size: 0.0
104000 : 4.478188484652234 size: 0.0
105000 : 4.493491500926007 size: 0.0
106000 : 4.390230021660261 size: 0.0
107000 : 4.443596926153594 size: 0.0
108000 : 4.337060209284817 size: 0.0
109000 : 4.380323820970563 size: 0.0
110000 : 4.372283288077425 size: 0.0
111000 : 4.572970875265142 size: 0.0
112000 : 4.335957456527485 size: 0.0
113000 : 4.4490508399777555 size: 0.0
114000 : 4.297695100328829 size: 0.0
115000 : 4.491676739994102 size: 0.0
116000 : 4.366978311228911 size: 0.0
117000 : 4.314578293198728 size: 0.0
118000 : 4.3708905725707385 size: 0.0
119000 : 4.364788972083428 size: 0.0
120000 : 4.4879409328520605 size: 0.0
121000 : 4.441895673771259 size: 0.0
122000 : 4.41101790863535 size: 0.0
123000 : 4.476688451971409 size: 0.0
124000 : 4.221777142723761 size: 0.0
125000 : 4.3688068307728845 size: 0.0
126000 : 4.308772846836204 size: 0.0
127000 : 4.406851456935548 size: 0.0
128000 : 4.338600829871246 size: 0.0
129000 : 4.462687688329969 size: 0.0
130000 : 4.599044477031849 size: 0.0
131000 : 4.381854810528544 size: 0.0
132000 : 4.466972120128264 size: 0.0
133000 : 4.475491452721403 size: 0.0
134000 : 4.585182331407005 size: 0.0
135000 : 4.488547343679003 size: 0.0
136000 : 4.548275198497148 size: 0.0
137000 : 4.650474856876467 size: 0.0
138000 : 4.41786866554982 size: 0.0
139000 : 4.598738691878615 size: 0.0
140000 : 4.511651492995913 size: 0.0
141000 : 4.61698433130865 size: 0.0
142000 : 4.2734355715634225 size: 0.0
143000 : 4.413159436603894 size: 0.0
144000 : 4.378807621920557 size: 0.0
145000 : 4.434758393760452 size: 0.0
146000 : 4.439658523448836 size: 0.0
147000 : 4.392491249553805 size: 0.0
148000 : 4.668854986739476 size: 0.0
149000 : 4.528940908887151 size: 0.0
150000 : 4.332724870621867 size: 0.0
151000 : 4.367458142824819 size: 0.0
152000 : 4.3726850395498404 size: 0.0
153000 : 4.325036214232394 size: 0.0
154000 : 4.219008909975473 size: 0.0
155000 : 4.451606502169577 size: 0.0
156000 : 4.560405822793105 size: 0.0
157000 : 4.35763346191163 size: 0.0
158000 : 4.379529261123577 size: 0.0
159000 : 4.283643085857432 size: 0.0
160000 : 4.25895188063836 size: 0.0
161000 : 4.384646432917349 size: 0.0
162000 : 4.191372329877725 size: 0.0
163000 : 4.390407507755952 size: 0.0
164000 : 4.363881247652174 size: 0.0
165000 : 4.441871596200138 size: 0.0
166000 : 4.3439477704865705 size: 0.0
167000 : 4.501438475257076 size: 0.0
168000 : 4.434441945682865 size: 0.0
169000 : 4.4167985894961515 size: 0.0
170000 : 4.326673489068608 size: 0.0
171000 : 4.440512589293021 size: 0.0
172000 : 4.44957401120168 size: 0.0
173000 : 4.3916616052460435 size: 0.0
174000 : 4.29467542894498 size: 0.0
175000 : 4.533417961254411 size: 0.0
176000 : 4.4706037057838826 size: 0.0
177000 : 4.375341827540369 size: 0.0
178000 : 4.423746344625707 size: 0.0
179000 : 4.433398354957429 size: 0.0
180000 : 4.455570014341361 size: 0.0
181000 : 4.523720891468162 size: 0.0
182000 : 4.424230991735838 size: 0.0
183000 : 4.297997789794347 size: 0.0
184000 : 4.385790461510888 size: 0.0
185000 : 4.386532050701409 size: 0.0
186000 : 4.314389800213383 size: 0.0
187000 : 4.394832621362651 size: 0.0
188000 : 4.2934278667956205 size: 0.0
189000 : 4.5664138647183465 size: 0.0
190000 : 4.481731327260008 size: 0.0
191000 : 4.426673489343392 size: 0.0
192000 : 4.227522051193182 size: 0.0
193000 : 4.275397205679163 size: 0.0
194000 : 4.19805488775965 size: 0.0
195000 : 4.318190960762753 size: 0.0
196000 : 4.520291213444657 size: 0.0
197000 : 4.399686315735302 size: 0.0
198000 : 4.457975019731027 size: 0.0
199000 : 4.346825384200807 size: 0.0
200000 : 4.410788827744401 size: 0.0
201000 : 4.4664097368599425 size: 0.0
202000 : 4.415404154162956 size: 0.0
203000 : 4.344121472963942 size: 0.0
204000 : 4.332875527424023 size: 0.0
205000 : 4.4045486092404955 size: 0.0
206000 : 4.401738068760095 size: 0.0
207000 : 4.29017257918009 size: 0.0
208000 : 4.446899337015462 size: 0.0
209000 : 4.451549747894792 size: 0.0
210000 : 4.455387712731446 size: 0.0
211000 : 4.61232394543557 size: 0.0
212000 : 4.420516854407805 size: 0.0
213000 : 4.1718746567494085 size: 0.0
214000 : 4.508246924439432 size: 0.0
215000 : 4.557483837554946 size: 0.0
216000 : 4.192099128560271 size: 0.0
217000 : 4.3415713142169485 size: 0.0
218000 : 4.44544986723399 size: 0.0
219000 : 4.2422437661070385 size: 0.0
220000 : 4.413096490953678 size: 0.0
221000 : 4.363191253256912 size: 0.0
222000 : 4.344691767434203 size: 0.0
223000 : 4.422131083568804 size: 0.0
224000 : 4.345416846290241 size: 0.0
225000 : 4.338722937553358 size: 0.0
226000 : 4.33008424900052 size: 0.0
227000 : 4.291551192109406 size: 0.0
228000 : 4.42706973737098 size: 0.0
229000 : 4.550603155659227 size: 0.0
230000 : 4.292362950221478 size: 0.0
231000 : 4.457543687242663 size: 0.0
232000 : 4.36783925637913 size: 0.0
233000 : 4.349308469713964 size: 0.0
234000 : 4.483072447971436 size: 0.0
235000 : 4.398128840849088 size: 0.0
236000 : 4.509488295213361 size: 0.0
237000 : 4.393871926274932 size: 0.0
238000 : 4.466000418150888 size: 0.0
239000 : 4.377044455783912 size: 0.0
240000 : 4.439217559932024 size: 0.0
241000 : 4.588836274807236 size: 0.0
242000 : 4.570344356221165 size: 0.0
243000 : 4.475070439192091 size: 0.0
244000 : 4.3511266702988864 size: 0.0
245000 : 4.324441498225711 size: 0.0
246000 : 4.35548677446356 size: 0.0
247000 : 4.352672450364841 size: 0.0
248000 : 4.606378505195242 size: 0.0
249000 : 4.514792584131271 size: 0.0
250000 : 4.39094925310617 size: 0.0
251000 : 4.407671470214862 size: 0.0
252000 : 4.273504020658466 size: 0.0
253000 : 4.326905665647273 size: 0.0
254000 : 4.501055297910953 size: 0.0
255000 : 4.382811034067341 size: 0.0
256000 : 4.438399266479219 size: 0.0
257000 : 4.351598934658155 size: 0.0
258000 : 4.38132372810268 size: 0.0
259000 : 4.394555041364159 size: 0.0
260000 : 4.344772255314807 size: 0.0
261000 : 4.483694337236956 size: 0.0
262000 : 4.517779234846154 size: 0.0
263000 : 4.453936523123466 size: 0.0
264000 : 4.496905012580332 size: 0.0
265000 : 4.434512458569719 size: 0.0
266000 : 4.491472424604877 size: 0.0
267000 : 4.299739630082286 size: 0.0
268000 : 4.352546903029711 size: 0.0
269000 : 4.448962784860513 size: 0.0
270000 : 4.309152928494611 size: 0.0
271000 : 4.317147714002619 size: 0.0
272000 : 4.449871197222371 size: 0.0
273000 : 4.475910746424208 size: 0.0
274000 : 4.4646610172659695 size: 0.0
275000 : 4.401923122092423 size: 0.0
276000 : 4.4125186292467795 size: 0.0
277000 : 4.3495010902829305 size: 0.0
278000 : 4.4298125166869395 size: 0.0
279000 : 4.480998681167333 size: 0.0
280000 : 4.326618110655031 size: 0.0
281000 : 4.230783874149446 size: 0.0
282000 : 4.434108299340191 size: 0.0
283000 : 4.387203470970378 size: 0.0
284000 : 4.348036142062881 size: 0.0
285000 : 4.456453661201494 size: 0.0
286000 : 4.454555660666572 size: 0.0
287000 : 4.234943102577912 size: 0.0
288000 : 4.265654044542484 size: 0.0
289000 : 4.429795318421854 size: 0.0
290000 : 4.348585110684436 size: 0.0
291000 : 4.484403937654416 size: 0.0
292000 : 4.2498096268837955 size: 0.0
293000 : 4.503050296660962 size: 0.0
294000 : 4.38954621864043 size: 0.0
295000 : 4.265732124665976 size: 0.0
296000 : 4.338342167964348 size: 0.0
297000 : 4.423535837861051 size: 0.0
298000 : 4.340262526243882 size: 0.0
299000 : 4.354525391445237 size: 0.0
300000 : 4.2939874983415285 size: 0.0
301000 : 4.381577574495354 size: 0.0
302000 : 4.356154411114209 size: 0.0
303000 : 4.267783877690769 size: 0.0
304000 : 4.2798457089263815 size: 0.0
305000 : 4.386905253053781 size: 0.0
306000 : 4.363025805946782 size: 0.0
307000 : 4.489417231927067 size: 0.0
308000 : 4.488057193124044 size: 0.0
309000 : 4.432639567501822 size: 0.0
310000 : 4.390160196704011 size: 0.0
311000 : 4.130512829216903 size: 0.0
312000 : 4.221122920719878 size: 0.0
313000 : 4.4338888494776905 size: 0.0
314000 : 4.408250707782968 size: 0.0
315000 : 4.428230964229606 size: 0.0
316000 : 4.390394093109184 size: 0.0
317000 : 4.467424090534731 size: 0.0
318000 : 4.4368094588546425 size: 0.0
319000 : 4.261767924563588 size: 0.0
320000 : 4.252422731281005 size: 0.0
321000 : 4.363781497714673 size: 0.0
322000 : 4.320477298123323 size: 0.0
323000 : 4.449117225280989 size: 0.0
324000 : 4.448024447517406 size: 0.0
325000 : 4.376901710183695 size: 0.0
326000 : 4.443246081545834 size: 0.0
327000 : 4.323106912855016 size: 0.0
328000 : 4.397323962043051 size: 0.0
329000 : 4.413906873204544 size: 0.0
330000 : 4.353670293705147 size: 0.0
331000 : 4.540108430338276 size: 0.0
332000 : 4.404570966985108 size: 0.0
333000 : 4.430535531751167 size: 0.0
334000 : 4.365653700851966 size: 0.0
335000 : 4.308167467905167 size: 0.0
336000 : 4.4419176875505695 size: 0.0
337000 : 4.485022043301617 size: 0.0
338000 : 4.48690422143266 size: 0.0
339000 : 4.268969182120515 size: 0.0
340000 : 4.503660147140922 size: 0.0
341000 : 4.643708027495618 size: 0.0
342000 : 4.396842410620635 size: 0.0
343000 : 4.412799304932988 size: 0.0
344000 : 4.283256124892991 size: 0.0
345000 : 4.525175176763859 size: 0.0
346000 : 4.366975559506497 size: 0.0
347000 : 4.310393955303237 size: 0.0
348000 : 4.510805338353667 size: 0.0
349000 : 4.293379711653379 size: 0.0
350000 : 4.289096999681593 size: 0.0
351000 : 4.471682380970094 size: 0.0
352000 : 4.44331109098786 size: 0.0
353000 : 4.54460199304002 size: 0.0
354000 : 4.340300706392374 size: 0.0
355000 : 4.289130708281163 size: 0.0
356000 : 4.314525666507564 size: 0.0
357000 : 4.3497140048046985 size: 0.0
358000 : 4.345965470946493 size: 0.0
359000 : 4.336062709909813 size: 0.0
360000 : 4.236346824974254 size: 0.0
361000 : 4.381217098859144 size: 0.0
362000 : 4.3789899235304715 size: 0.0
363000 : 4.431573619031775 size: 0.0
364000 : 4.239146702530301 size: 0.0
365000 : 4.273591731810406 size: 0.0
366000 : 4.411386983404102 size: 0.0
367000 : 4.345303337740671 size: 0.0
368000 : 4.269719026478278 size: 0.0
369000 : 4.107209523990294 size: 0.0
370000 : 4.323165730921611 size: 0.0
371000 : 4.36301342319592 size: 0.0
372000 : 4.220550562457807 size: 0.0
373000 : 4.163721303237304 size: 0.0
374000 : 4.263937657686873 size: 0.0
375000 : 4.409619001753232 size: 0.0
376000 : 4.3663939141812795 size: 0.0
377000 : 4.456805193739858 size: 0.0
378000 : 4.456246938055157 size: 0.0
379000 : 4.342583260134625 size: 0.0
380000 : 4.354764791295238 size: 0.0
381000 : 4.425625083103732 size: 0.0
382000 : 4.2659075469698555 size: 0.0
383000 : 4.3227780820265655 size: 0.0
384000 : 4.34514167404886 size: 0.0
385000 : 4.158105725721332 size: 0.0
386000 : 4.32964982082444 size: 0.0
387000 : 4.386703345421668 size: 0.0
388000 : 4.3929311811747125 size: 0.0
389000 : 4.329043409997498 size: 0.0
390000 : 4.329869958617545 size: 0.0
391000 : 4.297872586424519 size: 0.0
392000 : 4.400922183064402 size: 0.0
393000 : 4.432823932903548 size: 0.0
394000 : 4.332473775951607 size: 0.0
395000 : 4.47368081937312 size: 0.0
396000 : 4.368729094614695 size: 0.0
397000 : 4.519749124129137 size: 0.0
398000 : 4.324298064694891 size: 0.0
399000 : 4.432217866041907 size: 0.0
400000 : 4.449332203594567 size: 0.0
401000 : 4.477991392534346 size: 0.0
402000 : 4.332447290623374 size: 0.0
403000 : 4.373896485342518 size: 0.0
404000 : 4.359744033003018 size: 0.0
405000 : 4.468363459773744 size: 0.0
406000 : 4.256455036513134 size: 0.0
407000 : 4.3847196975266165 size: 0.0
408000 : 4.496464736994123 size: 0.0
409000 : 4.437358427476196 size: 0.0
410000 : 4.532330686935657 size: 0.0
411000 : 4.587105441408952 size: 0.0
412000 : 4.361361701817033 size: 0.0
413000 : 4.470606457506296 size: 0.0
414000 : 4.438444669899046 size: 0.0
415000 : 4.3844348942567875 size: 0.0
416000 : 4.522747813629581 size: 0.0
417000 : 4.438900767889134 size: 0.0
418000 : 4.354080300344804 size: 0.0
419000 : 4.375308462906102 size: 0.0
420000 : 4.4651580471269625 size: 0.0
421000 : 4.509494142623489 size: 0.0
422000 : 4.390139214820605 size: 0.0
423000 : 4.521802596980439 size: 0.0
424000 : 4.287286366333309 size: 0.0
425000 : 4.36326658165799 size: 0.0
426000 : 4.390899722102721 size: 0.0
427000 : 4.235924435583735 size: 0.0
428000 : 4.449496962974093 size: 0.0
429000 : 4.395205479749722 size: 0.0
430000 : 4.454180050557087 size: 0.0
431000 : 4.445095926938515 size: 0.0
432000 : 4.526291344167959 size: 0.0
433000 : 4.6014721841314286 size: 0.0
434000 : 4.393306791284196 size: 0.0
435000 : 4.5713556142082385 size: 0.0
436000 : 4.346727354089816 size: 0.0
437000 : 4.487528862420594 size: 0.0
438000 : 4.207275565603009 size: 0.0
439000 : 4.559895034320043 size: 0.0
440000 : 4.466778811628694 size: 0.0
441000 : 4.406236446976063 size: 0.0
442000 : 4.541782853427077 size: 0.0
443000 : 4.462233654131691 size: 0.0
444000 : 4.372319404434107 size: 0.0
445000 : 4.441701333375784 size: 0.0
446000 : 4.35632192221615 size: 0.0
447000 : 4.262391877620918 size: 0.0
448000 : 4.395797787999293 size: 0.0
449000 : 4.311916001763373 size: 0.0
450000 : 4.359532838307758 size: 0.0
451000 : 4.232163175009366 size: 0.0
452000 : 4.236008019152055 size: 0.0
453000 : 4.221774734966648 size: 0.0
454000 : 4.286419573772961 size: 0.0
455000 : 4.1843815790854535 size: 0.0
456000 : 4.3083862298370645 size: 0.0
457000 : 4.392374301351219 size: 0.0
458000 : 4.151337176513975 size: 0.0
459000 : 4.370752642484747 size: 0.0
460000 : 4.254802283238343 size: 0.0
461000 : 4.309715655728234 size: 0.0
462000 : 4.252768072443937 size: 0.0
463000 : 4.174625347267308 size: 0.0
464000 : 4.341846486458329 size: 0.0
465000 : 4.469822560583664 size: 0.0
466000 : 4.406969780999342 size: 0.0
467000 : 4.372850142894669 size: 0.0
468000 : 4.3739343215257085 size: 0.0
469000 : 4.41647354228602 size: 0.0
470000 : 4.245007527306404 size: 0.0
471000 : 4.533617805094714 size: 0.0
472000 : 4.2390607112048695 size: 0.0
473000 : 4.277188576970551 size: 0.0
474000 : 4.169127749849827 size: 0.0
475000 : 4.517776483123741 size: 0.0
476000 : 4.355160007426921 size: 0.0
477000 : 4.430131028556338 size: 0.0
478000 : 4.2874170731479655 size: 0.0
479000 : 4.320233770689701 size: 0.0
480000 : 4.388970420725342 size: 0.0
481000 : 4.391515076027508 size: 0.0
482000 : 4.490115825454872 size: 0.0
483000 : 4.259148628790947 size: 0.0
484000 : 4.449020571031204 size: 0.0
485000 : 4.337520090893224 size: 0.0
486000 : 4.335543322304207 size: 0.0
487000 : 4.452748466971306 size: 0.0
488000 : 4.381797024357854 size: 0.0
489000 : 4.384139084097304 size: 0.0
490000 : 4.546526478903175 size: 0.0
491000 : 4.380877949071643 size: 0.0
492000 : 4.423628708492517 size: 0.0
493000 : 4.428581120906762 size: 0.0
494000 : 4.3310514794289725 size: 0.0
495000 : 4.484367821297735 size: 0.0
496000 : 4.37669739479447 size: 0.0
497000 : 4.342032227721261 size: 0.0
498000 : 4.299462050083793 size: 0.0
499000 : 4.229591346448363 size: 0.0
500000 : 4.409886262792673 size: 0.0
501000 : 4.394936498883773 size: 0.0
502000 : 4.315852684641622 size: 0.0
503000 : 4.317849747183441 size: 0.0
504000 : 4.251935676413761 size: 0.0
505000 : 4.342896612524497 size: 0.0
506000 : 4.328267424276805 size: 0.0
507000 : 4.340498830406168 size: 0.0
508000 : 4.290069733554874 size: 0.0
509000 : 4.258027301907322 size: 0.0
510000 : 4.377308277170335 size: 0.0
511000 : 4.515494617312093 size: 0.0
512000 : 4.437184724998825 size: 0.0
513000 : 4.463481216281051 size: 0.0
514000 : 4.475331164890799 size: 0.0
515000 : 4.447452089255335 size: 0.0
516000 : 4.412080761417682 size: 0.0
517000 : 4.331189753480266 size: 0.0
518000 : 4.443543611531827 size: 0.0
519000 : 4.290852254616299 size: 0.0
520000 : 4.458731055464219 size: 0.0
521000 : 4.437531442022965 size: 0.0
522000 : 4.418592712509952 size: 0.0
523000 : 4.398598353485943 size: 0.0
524000 : 4.453963008451699 size: 0.0
525000 : 4.334773527958945 size: 0.0
526000 : 4.345963407154683 size: 0.0
527000 : 4.301479750543716 size: 0.0
528000 : 4.308179162725425 size: 0.0
529000 : 4.157410227881242 size: 0.0
530000 : 4.371871217645958 size: 0.0
531000 : 4.305078315530369 size: 0.0
532000 : 4.2769405779880065 size: 0.0
533000 : 4.388244309973399 size: 0.0
534000 : 4.296420364920634 size: 0.0
535000 : 4.42183527340932 size: 0.0
536000 : 4.461468675300654 size: 0.0
537000 : 4.334423027316487 size: 0.0
538000 : 4.330181591180908 size: 0.0
539000 : 4.444576539332909 size: 0.0
540000 : 4.1922308672708315 size: 0.0
541000 : 4.239952269266943 size: 0.0
542000 : 4.337841354485036 size: 0.0
543000 : 4.2587496290409455 size: 0.0
544000 : 4.333202982391266 size: 0.0
545000 : 4.276826381507834 size: 0.0
546000 : 4.276617938534988 size: 0.0
547000 : 4.429918801965173 size: 0.0
548000 : 4.422190933531303 size: 0.0
549000 : 4.300898105218497 size: 0.0
550000 : 4.293672082159846 size: 0.0
551000 : 4.178940735942757 size: 0.0
552000 : 4.391783712928156 size: 0.0
553000 : 4.185384581905285 size: 0.0
554000 : 4.355923610396752 size: 0.0
555000 : 4.43370138838825 size: 0.0
556000 : 4.1998307806124595 size: 0.0
557000 : 4.252298559807081 size: 0.0
558000 : 4.471951017870742 size: 0.0
559000 : 4.3515934312133275 size: 0.0
560000 : 4.369123966781076 size: 0.0
561000 : 4.424721142290798 size: 0.0
562000 : 4.316823354723092 size: 0.0
563000 : 4.287956754706373 size: 0.0
564000 : 4.3552356797933 size: 0.0
565000 : 4.406410149453434 size: 0.0
566000 : 4.239835665029657 size: 0.0
567000 : 4.451394275578412 size: 0.0
568000 : 4.263483967453897 size: 0.0
569000 : 4.395347193454033 size: 0.0
570000 : 4.365253669206059 size: 0.0
571000 : 4.527543033900938 size: 0.0
572000 : 4.373564902791655 size: 0.0
573000 : 4.35507814368511 size: 0.0
574000 : 4.259728898254958 size: 0.0
575000 : 4.420561569897029 size: 0.0
576000 : 4.296414517510504 size: 0.0
577000 : 4.42379071614963 size: 0.0
578000 : 4.250655093595436 size: 0.0
579000 : 4.3120074965336315 size: 0.0
580000 : 4.260533433095695 size: 0.0
581000 : 4.609343486096117 size: 0.0
582000 : 4.308525535784264 size: 0.0
583000 : 4.327046003490377 size: 0.0
584000 : 4.380908561983497 size: 0.0
585000 : 4.359725802842027 size: 0.0
586000 : 4.479390643381765 size: 0.0
587000 : 4.416991897995721 size: 0.0
588000 : 4.400841695183798 size: 0.0
589000 : 4.553651720128421 size: 0.0
590000 : 4.374322658351357 size: 0.0
591000 : 4.443315562536783 size: 0.0
592000 : 4.397901823749949 size: 0.0
593000 : 4.385682456406147 size: 0.0
594000 : 4.2635558562019575 size: 0.0
595000 : 4.465445946084507 size: 0.0
596000 : 4.325325833016447 size: 0.0
597000 : 4.302116086351908 size: 0.0
598000 : 4.404223905995666 size: 0.0
599000 : 4.5147901763741585 size: 0.0
600000 : 4.447220600607274 size: 0.0
601000 : 4.374429287594891 size: 0.0
602000 : 4.362232277995701 size: 0.0
603000 : 4.453934459331656 size: 0.0
604000 : 4.269979064246382 size: 0.0
605000 : 4.439344827093662 size: 0.0
606000 : 4.424122642665795 size: 0.0
607000 : 4.265652324715975 size: 0.0
608000 : 4.366052012671364 size: 0.0
609000 : 4.222142777839495 size: 0.0
610000 : 4.273335477660621 size: 0.0
611000 : 4.30389851454545 size: 0.0
612000 : 4.260430243505177 size: 0.0
613000 : 4.251986239313115 size: 0.0
614000 : 4.292063356443675 size: 0.0
615000 : 4.380413251949012 size: 0.0
616000 : 4.353663414399112 size: 0.0
617000 : 4.246479698797789 size: 0.0
618000 : 4.453857067138768 size: 0.0
619000 : 4.391386776969965 size: 0.0
620000 : 4.507063339836194 size: 0.0
621000 : 4.355819044945027 size: 0.0
622000 : 4.277677695629604 size: 0.0
623000 : 4.410170378131898 size: 0.0
624000 : 4.368356924158228 size: 0.0
625000 : 4.494139187589156 size: 0.0
626000 : 4.256911478468524 size: 0.0
627000 : 4.2712138996795765 size: 0.0
628000 : 4.254104721606443 size: 0.0
629000 : 4.415537612700025 size: 0.0
630000 : 4.312924851993333 size: 0.0
631000 : 4.444361217054029 size: 0.0
632000 : 4.291368890499491 size: 0.0
633000 : 4.230143754722935 size: 0.0
634000 : 4.307076409968093 size: 0.0
635000 : 4.35223767822346 size: 0.0
636000 : 4.429394598845343 size: 0.0
637000 : 4.3427394203816085 size: 0.0
638000 : 4.394181151081184 size: 0.0
639000 : 4.304447483167004 size: 0.0
640000 : 4.417885175884303 size: 0.0
641000 : 4.2957207394969235 size: 0.0
642000 : 4.416366913042485 size: 0.0
643000 : 4.441992671986346 size: 0.0
644000 : 4.32361219788325 size: 0.0
645000 : 4.431937534321001 size: 0.0
646000 : 4.446010530675803 size: 0.0
647000 : 4.302775123870014 size: 0.0
648000 : 4.40403334921851 size: 0.0
649000 : 4.255804254162269 size: 0.0
650000 : 4.166165520671367 size: 0.0
651000 : 4.2576743935077515 size: 0.0
652000 : 4.250852529678627 size: 0.0
653000 : 4.246768629651239 size: 0.0
654000 : 4.277203711443827 size: 0.0
655000 : 4.421845936333673 size: 0.0
656000 : 4.617450060327187 size: 0.0
657000 : 4.26852168326297 size: 0.0
658000 : 4.289518701141509 size: 0.0
659000 : 4.274788731060411 size: 0.0
660000 : 4.262901290232774 size: 0.0
661000 : 4.31701631925736 size: 0.0
662000 : 4.2417095879934585 size: 0.0
663000 : 4.3790951769127995 size: 0.0
664000 : 4.273789511858898 size: 0.0
665000 : 4.489561697353792 size: 0.0
666000 : 4.411980323549579 size: 0.0
667000 : 4.474171313893381 size: 0.0
668000 : 4.370885413091212 size: 0.0
669000 : 4.481300682702248 size: 0.0
670000 : 4.263430996797431 size: 0.0
671000 : 4.332859705020144 size: 0.0
672000 : 4.314422132951745 size: 0.0
673000 : 4.459008635462712 size: 0.0
674000 : 4.306518154283393 size: 0.0
675000 : 4.2964499459365815 size: 0.0
676000 : 4.300435471887677 size: 0.0
677000 : 4.295233340664378 size: 0.0
678000 : 4.544998928998211 size: 0.0
679000 : 4.38046656657078 size: 0.0
680000 : 4.538470811536761 size: 0.0
681000 : 4.398476933734434 size: 0.0
682000 : 4.321116729619231 size: 0.0
683000 : 4.419695121301983 size: 0.0
684000 : 4.468780345719435 size: 0.0
685000 : 4.328083402840382 size: 0.0
686000 : 4.455747844402353 size: 0.0
687000 : 4.455220545594808 size: 0.0
688000 : 4.363670396922216 size: 0.0
689000 : 4.4172653504105925 size: 0.0
690000 : 4.3866417756326594 size: 0.0
691000 : 4.201086597929059 size: 0.0
692000 : 4.376149458068821 size: 0.0
693000 : 4.478877103186289 size: 0.0
694000 : 4.313548805050664 size: 0.0
695000 : 4.254382301604935 size: 0.0
696000 : 4.415931796935802 size: 0.0
697000 : 4.443497176216094 size: 0.0
698000 : 4.23109757050462 size: 0.0
699000 : 4.426999224484126 size: 0.0
700000 : 4.423298157837558 size: 0.0
701000 : 4.423171922571825 size: 0.0
702000 : 4.432209610874666 size: 0.0
703000 : 4.519481175159092 size: 0.0
704000 : 4.374948675200497 size: 0.0
705000 : 4.4621105145536735 size: 0.0
706000 : 4.4159648176047686 size: 0.0
707000 : 4.32052648516147 size: 0.0
708000 : 4.2700891331429345 size: 0.0
709000 : 4.363963799324588 size: 0.0
710000 : 4.425394626351576 size: 0.0
711000 : 4.362332371898503 size: 0.0
712000 : 4.4969782771896 size: 0.0
713000 : 4.330362860894917 size: 0.0
714000 : 4.489233210490644 size: 0.0
715000 : 4.4267718634196855 size: 0.0
716000 : 4.460399631142891 size: 0.0
717000 : 4.269975624593364 size: 0.0
718000 : 4.492294845641304 size: 0.0
719000 : 4.269108144102413 size: 0.0
720000 : 4.459090499204523 size: 0.0
721000 : 4.3994768408665506 size: 0.0
722000 : 4.278328821945771 size: 0.0
723000 : 4.29871598934435 size: 0.0
724000 : 4.34474886567429 size: 0.0
725000 : 4.416972635938825 size: 0.0
726000 : 4.352276202337253 size: 0.0
727000 : 4.333069179888895 size: 0.0
728000 : 4.414397023759503 size: 0.0
729000 : 4.225069234626576 size: 0.0
730000 : 4.403786382131871 size: 0.0
731000 : 4.377068533355032 size: 0.0
732000 : 4.290816138259618 size: 0.0
733000 : 4.212623538114238 size: 0.0
734000 : 4.342670283355962 size: 0.0
735000 : 4.4554169497820935 size: 0.0
736000 : 4.338520341990642 size: 0.0
737000 : 4.4046717488185125 size: 0.0
738000 : 4.242598050367816 size: 0.0
739000 : 4.286081455881365 size: 0.0
740000 : 4.275796549394467 size: 0.0
741000 : 4.3046211856443755 size: 0.0
742000 : 4.412680636903892 size: 0.0
743000 : 4.406991450813351 size: 0.0
744000 : 4.384634394131789 size: 0.0
745000 : 4.616365193765544 size: 0.0
746000 : 4.462488876385572 size: 0.0
747000 : 4.384507470935452 size: 0.0
748000 : 4.546236860119122 size: 0.0
749000 : 4.491739685644318 size: 0.0
750000 : 4.401075591588971 size: 0.0
751000 : 4.199853138357072 size: 0.0
752000 : 4.456266544077355 size: 0.0
753000 : 4.428408794290598 size: 0.0
754000 : 4.416041865832355 size: 0.0
755000 : 4.270946982605437 size: 0.0
756000 : 4.315468819364896 size: 0.0
757000 : 4.368194228570511 size: 0.0
758000 : 4.160042250370047 size: 0.0
759000 : 4.359145877343317 size: 0.0
760000 : 4.516655156240115 size: 0.0
761000 : 4.357949566023915 size: 0.0
762000 : 4.353740118661397 size: 0.0
763000 : 4.266969023890981 size: 0.0
764000 : 4.255531489678001 size: 0.0
765000 : 4.382564410946004 size: 0.0
766000 : 4.2434954558400175 size: 0.0
767000 : 4.30304135301355 size: 0.0
768000 : 4.422573766912124 size: 0.0
769000 : 4.292134557261132 size: 0.0
770000 : 4.180322100594488 size: 0.0
771000 : 4.192236714680961 size: 0.0
772000 : 4.329507419189526 size: 0.0
773000 : 4.355140401404722 size: 0.0
774000 : 4.323556475504371 size: 0.0
775000 : 4.348879888948014 size: 0.0
776000 : 4.3992329694676275 size: 0.0
777000 : 4.348842052764825 size: 0.0
778000 : 4.365316958821577 size: 0.0
779000 : 4.366211268606063 size: 0.0
780000 : 4.289742966518234 size: 0.0
781000 : 4.245099710007266 size: 0.0
782000 : 4.252512850190056 size: 0.0
783000 : 4.467771839454776 size: 0.0
784000 : 4.2766433919673155 size: 0.0
785000 : 4.481718256578542 size: 0.0
786000 : 4.251962505707295 size: 0.0
787000 : 4.227199755705465 size: 0.0
788000 : 4.23092421199255 size: 0.0
789000 : 4.304808302768515 size: 0.0
790000 : 4.3439291963602775 size: 0.0
791000 : 4.35367889283769 size: 0.0
792000 : 4.384401185657219 size: 0.0
793000 : 4.230196381414099 size: 0.0
794000 : 4.3337206501703625 size: 0.0
795000 : 4.342041170819106 size: 0.0
796000 : 4.4932782424389375 size: 0.0
797000 : 4.388371577135038 size: 0.0
798000 : 4.388427299513917 size: 0.0
799000 : 4.2201838954461675 size: 0.0
800000 : 4.2871787051938695 size: 0.0
801000 : 4.229521865457415 size: 0.0
802000 : 4.287113695751843 size: 0.0
803000 : 4.28435027851778 size: 0.0
804000 : 4.290167763665865 size: 0.0
805000 : 4.249298150480129 size: 0.0
806000 : 4.164340096815109 size: 0.0
807000 : 4.295023865795628 size: 0.0
808000 : 4.3589333067868505 size: 0.0
809000 : 4.283410909278767 size: 0.0
810000 : 4.420512726824184 size: 0.0
811000 : 4.3908109790548755 size: 0.0
812000 : 4.521113978446384 size: 0.0
813000 : 4.448417255891977 size: 0.0
814000 : 4.294879400368902 size: 0.0
815000 : 4.343618251727517 size: 0.0
816000 : 4.293586434799716 size: 0.0
817000 : 4.354263977815926 size: 0.0
818000 : 4.382029888867122 size: 0.0
819000 : 4.388565229599909 size: 0.0
820000 : 4.297862611430769 size: 0.0
821000 : 4.365842537802613 size: 0.0
822000 : 4.318736833696591 size: 0.0
823000 : 4.333916710392346 size: 0.0
824000 : 4.317120884709085 size: 0.0
825000 : 4.2651257138390335 size: 0.0
826000 : 4.4262989111298126 size: 0.0
827000 : 4.461762077703026 size: 0.0
828000 : 4.144850334888732 size: 0.0
829000 : 4.34741390883206 size: 0.0
830000 : 4.4900549435964665 size: 0.0
831000 : 4.281716880167768 size: 0.0
832000 : 4.368163615658657 size: 0.0
833000 : 4.388384647816503 size: 0.0
834000 : 4.377392548669258 size: 0.0
835000 : 4.315962753538175 size: 0.0
836000 : 4.422464385946175 size: 0.0
837000 : 4.290349377345176 size: 0.0
838000 : 4.422269357620097 size: 0.0
839000 : 4.24187331547708 size: 0.0
840000 : 4.533616085268205 size: 0.0
841000 : 4.291346876720181 size: 0.0
842000 : 4.370954206151557 size: 0.0
843000 : 4.391647502668673 size: 0.0
844000 : 4.39952052445987 size: 0.0
845000 : 4.48379683889687 size: 0.0
846000 : 4.310392235476728 size: 0.0
847000 : 4.355436211564206 size: 0.0
848000 : 4.405698829209466 size: 0.0
849000 : 4.414625416719849 size: 0.0
850000 : 4.227711576074433 size: 0.0
851000 : 4.418220886018787 size: 0.0
852000 : 4.319918010542717 size: 0.0
853000 : 4.239802988325994 size: 0.0
854000 : 4.409769314590086 size: 0.0
855000 : 4.370317182412761 size: 0.0
856000 : 4.238803081193877 size: 0.0
857000 : 4.454574922723469 size: 0.0
858000 : 4.334208736933512 size: 0.0
859000 : 4.399265646171291 size: 0.0
860000 : 4.170673185950481 size: 0.0
861000 : 4.449996400592199 size: 0.0
862000 : 4.450881767278841 size: 0.0
863000 : 4.194982589684637 size: 0.0
864000 : 4.343893080003596 size: 0.0
865000 : 4.378815189157195 size: 0.0
866000 : 4.27235861620372 size: 0.0
867000 : 4.503386006795446 size: 0.0
868000 : 4.25165637658876 size: 0.0
869000 : 4.239693951325346 size: 0.0
870000 : 4.432050698905268 size: 0.0
871000 : 4.268062833550468 size: 0.0
872000 : 4.352711318443936 size: 0.0
873000 : 4.29878959791892 size: 0.0
874000 : 4.404058458685536 size: 0.0
875000 : 4.303201640844154 size: 0.0
876000 : 4.196865111780981 size: 0.0
877000 : 4.241335009779879 size: 0.0
878000 : 4.201105859985956 size: 0.0
879000 : 4.317634768869863 size: 0.0
880000 : 4.3726609619787205 size: 0.0
881000 : 4.291554975727725 size: 0.0
882000 : 4.277204055409128 size: 0.0
883000 : 4.414692489953685 size: 0.0
884000 : 4.302171464765486 size: 0.0
885000 : 4.342381696467814 size: 0.0
886000 : 4.272451830800487 size: 0.0
887000 : 4.368794104056721 size: 0.0
888000 : 4.19762217941008 size: 0.0
889000 : 4.2915398412544485 size: 0.0
890000 : 4.364100697514675 size: 0.0
891000 : 4.2417119957505705 size: 0.0
892000 : 4.219161974534741 size: 0.0
893000 : 4.3897697960865525 size: 0.0
894000 : 4.339744858464785 size: 0.0
895000 : 4.44678342070878 size: 0.0
896000 : 4.380180387439744 size: 0.0
897000 : 4.332762018874454 size: 0.0
898000 : 4.370284849674399 size: 0.0
899000 : 4.28537288735981 size: 0.0
900000 : 4.21047100325604 size: 0.0
901000 : 4.348843428626031 size: 0.0
902000 : 4.371429910163844 size: 0.0
903000 : 4.3465650024674005 size: 0.0
904000 : 4.203543542079286 size: 0.0
905000 : 4.369816712898751 size: 0.0
906000 : 4.365316614856274 size: 0.0
907000 : 4.384551842459374 size: 0.0
908000 : 4.30934417320237 size: 0.0
909000 : 4.464810642172219 size: 0.0
910000 : 4.197282685657276 size: 0.0
911000 : 4.286460849609168 size: 0.0
912000 : 4.3896985952690954 size: 0.0
913000 : 4.251843493712899 size: 0.0
914000 : 4.435730095737828 size: 0.0
915000 : 4.440743046045177 size: 0.0
916000 : 4.262268050112297 size: 0.0
917000 : 4.276826725473136 size: 0.0
918000 : 4.203971434914632 size: 0.0
919000 : 4.18004348870009 size: 0.0
920000 : 4.29717708858443 size: 0.0
921000 : 4.340051331548623 size: 0.0
922000 : 4.307208148678654 size: 0.0
923000 : 4.295400851766319 size: 0.0
924000 : 4.202170432594797 size: 0.0
925000 : 4.444291048132476 size: 0.0
926000 : 4.4531488425825145 size: 0.0
927000 : 4.370839665706083 size: 0.0
928000 : 4.293869174277734 size: 0.0
929000 : 4.372281912216218 size: 0.0
930000 : 4.185708941184813 size: 0.0
931000 : 4.375580195494465 size: 0.0
932000 : 4.259354664006681 size: 0.0
933000 : 4.297895632099735 size: 0.0
934000 : 4.317247119974818 size: 0.0
935000 : 4.247465159387233 size: 0.0
936000 : 4.340299330531167 size: 0.0
937000 : 4.51991904298819 size: 0.0
938000 : 4.277228132980249 size: 0.0
939000 : 4.478292362173355 size: 0.0
940000 : 4.226563075931971 size: 0.0
941000 : 4.377539421853094 size: 0.0
942000 : 4.387208974415205 size: 0.0
943000 : 4.426098035393605 size: 0.0
944000 : 4.467595041289688 size: 0.0
945000 : 4.366963176755635 size: 0.0
946000 : 4.213342081629543 size: 0.0
947000 : 4.192335776687858 size: 0.0
948000 : 4.44367191058937 size: 0.0
949000 : 4.435639288898172 size: 0.0
950000 : 4.399221962577972 size: 0.0
951000 : 4.48632429593395 size: 0.0
952000 : 4.357278833685551 size: 0.0
953000 : 4.354071701212261 size: 0.0
954000 : 4.4541869298631225 size: 0.0
955000 : 4.524048346435405 size: 0.0
956000 : 4.365224088190111 size: 0.0
957000 : 4.427371394940593 size: 0.0
958000 : 4.393334308508335 size: 0.0
959000 : 4.1115826988364335 size: 0.0
960000 : 4.32862721198241 size: 0.0
961000 : 4.372275720840787 size: 0.0
962000 : 4.174245265608901 size: 0.0
963000 : 4.217954312360383 size: 0.0
964000 : 4.289657663123406 size: 0.0
965000 : 4.285690367333303 size: 0.0
966000 : 4.332923682566265 size: 0.0
967000 : 4.270701735345307 size: 0.0
968000 : 4.474630851536486 size: 0.0
969000 : 4.420544715597245 size: 0.0
970000 : 4.236939477189128 size: 0.0
971000 : 4.375162621618171 size: 0.0
972000 : 4.416102403725459 size: 0.0
973000 : 4.353667885948035 size: 0.0
974000 : 4.239461774746681 size: 0.0
975000 : 4.313295646588594 size: 0.0
976000 : 4.312040173237295 size: 0.0
977000 : 4.251108439863111 size: 0.0
978000 : 4.183526481345363 size: 0.0
979000 : 4.3066863533159365 size: 0.0
980000 : 4.39629137820727 size: 0.0
981000 : 4.31619905770046 size: 0.0
982000 : 4.234901826741705 size: 0.0
983000 : 4.54538141841373 size: 0.0
984000 : 4.360013357834269 size: 0.0
985000 : 4.54076093251565 size: 0.0
986000 : 4.297517270267837 size: 0.0
987000 : 4.35591535522951 size: 0.0
988000 : 4.161229274626302 size: 0.0
989000 : 4.2796847331651735 size: 0.0
990000 : 4.272317684332815 size: 0.0
991000 : 4.379780011828535 size: 0.0
992000 : 4.469536037487327 size: 0.0
993000 : 4.220913101885826 size: 0.0
994000 : 4.384701467365625 size: 0.0
995000 : 4.42308524331579 size: 0.0
996000 : 4.253686115834243 size: 0.0
997000 : 4.232726934138894 size: 0.0
998000 : 4.225542530881751 size: 0.0
999000 : 4.397800010020639 size: 0.0
1000000 : 4.413584233751525 size: 0.0
1001000 : 4.462248788604968 size: 0.0
1002000 : 4.267698230330639 size: 0.0
1003000 : 4.206472750588781 size: 0.0
1004000 : 4.322506693403504 size: 0.0
1005000 : 4.3924675159479865 size: 0.0
1006000 : 4.16068271376186 size: 0.0
1007000 : 4.322990652583032 size: 0.0
1008000 : 4.477454806663654 size: 0.0
1009000 : 4.358097815068959 size: 0.0
1010000 : 4.435178719359161 size: 0.0
1011000 : 4.301199074857507 size: 0.0
1012000 : 4.278861280232842 size: 0.0
1013000 : 4.272109929290572 size: 0.0
1014000 : 4.3814313892421195 size: 0.0
1015000 : 4.309410558505603 size: 0.0
1016000 : 4.372566027555444 size: 0.0
1017000 : 4.29645957696503 size: 0.0
1018000 : 4.367877780492924 size: 0.0
1019000 : 4.415197087051316 size: 0.0
1020000 : 4.36196501695626 size: 0.0
1021000 : 4.285768791422096 size: 0.0
1022000 : 4.47810799677163 size: 0.0
1023000 : 4.3357115213367505 size: 0.0
1024000 : 4.312670661635359 size: 0.0
1025000 : 4.311400397776086 size: 0.0
1026000 : 4.22088008121686 size: 0.0
1027000 : 4.222586837044023 size: 0.0
1028000 : 4.521086805187548 size: 0.0
1029000 : 4.49802083601913 size: 0.0
1030000 : 4.313450774939672 size: 0.0
1031000 : 4.426729899652875 size: 0.0
1032000 : 4.279532012571208 size: 0.0
1033000 : 4.140026565497331 size: 0.0
1034000 : 4.206458991976712 size: 0.0
1035000 : 4.363728183092905 size: 0.0
1036000 : 4.289912197446683 size: 0.0
1037000 : 4.255668387868088 size: 0.0
1038000 : 4.370353298769443 size: 0.0
1039000 : 4.314472007920496 size: 0.0
1040000 : 4.319749467544872 size: 0.0
1041000 : 4.422535242798331 size: 0.0
1042000 : 4.334308830836314 size: 0.0
1043000 : 4.378421004921417 size: 0.0
1044000 : 4.168919306876981 size: 0.0
1045000 : 4.421676017474621 size: 0.0
1046000 : 4.32793756155245 size: 0.0
1047000 : 4.3138745401913985 size: 0.0
1048000 : 4.272558804009324 size: 0.0
1049000 : 4.39924535221849 size: 0.0
1050000 : 4.40271974573122 size: 0.0
1051000 : 4.400997167500178 size: 0.0
1052000 : 4.317097151103265 size: 0.0
1053000 : 4.492499161030529 size: 0.0
1054000 : 4.395818081952095 size: 0.0
1055000 : 4.347370569204042 size: 0.0
1056000 : 4.317455562947663 size: 0.0
1057000 : 4.326242844510848 size: 0.0
1058000 : 4.728647163069044 size: 0.0
1059000 : 4.3070138082831795 size: 0.0
1060000 : 4.486700937939339 size: 0.0
1061000 : 4.360702664298927 size: 0.0
1062000 : 4.270223623575909 size: 0.0
1063000 : 4.267021650582145 size: 0.0
1064000 : 4.308813434741808 size: 0.0
1065000 : 4.2446797283738595 size: 0.0
1066000 : 4.353146778515921 size: 0.0
1067000 : 4.301933440776692 size: 0.0
1068000 : 4.36808828725758 size: 0.0
1069000 : 4.429806669276811 size: 0.0
1070000 : 4.4240029427407945 size: 0.0
1071000 : 4.374806273565583 size: 0.0
1072000 : 4.2544263291635565 size: 0.0
1073000 : 4.3793607181257315 size: 0.0
1074000 : 4.014799118098086 size: 0.0
1075000 : 4.325180335693817 size: 0.0
1076000 : 4.378304744649434 size: 0.0
1077000 : 4.285526639849682 size: 0.0
1078000 : 4.487485522792576 size: 0.0
1079000 : 4.4153370809291195 size: 0.0
1080000 : 4.322079488498761 size: 0.0
1081000 : 4.512676509595055 size: 0.0
1082000 : 4.268925154561894 size: 0.0
1083000 : 4.282920070793205 size: 0.0
1084000 : 4.413819506017906 size: 0.0
1085000 : 4.383247870000533 size: 0.0
1086000 : 4.222028581359322 size: 0.0
1087000 : 4.265587315273949 size: 0.0
1088000 : 4.471790042109534 size: 0.0
1089000 : 4.384229890936959 size: 0.0
1090000 : 4.230977182649016 size: 0.0
1091000 : 4.423839559222475 size: 0.0
1092000 : 4.441832384155742 size: 0.0
1093000 : 4.309280195656249 size: 0.0
1094000 : 4.347627855249733 size: 0.0
1095000 : 4.280511281785221 size: 0.0
1096000 : 4.316251340426322 size: 0.0
1097000 : 4.428473115802021 size: 0.0
1098000 : 4.170676281638196 size: 0.0
1099000 : 4.1940119196031675 size: 0.0
1100000 : 4.341759119271691 size: 0.0
1101000 : 4.223292309877862 size: 0.0
1102000 : 4.228829119339739 size: 0.0
1103000 : 4.247232294877965 size: 0.0
1104000 : 4.339617935268449 size: 0.0
1105000 : 4.378520410893616 size: 0.0
1106000 : 4.3604536334204775 size: 0.0
1107000 : 4.290065605971253 size: 0.0
1108000 : 4.45594665634675 size: 0.0
1109000 : 4.396897445068911 size: 0.0
1110000 : 4.322272453033029 size: 0.0
1111000 : 4.491533306463283 size: 0.0
1112000 : 4.346756591140462 size: 0.0
1113000 : 4.37480386580847 size: 0.0
1114000 : 4.515990615277182 size: 0.0
1115000 : 4.338784163377066 size: 0.0
1116000 : 4.361706011084061 size: 0.0
1117000 : 4.316911409840333 size: 0.0
1118000 : 4.480101963625734 size: 0.0
1119000 : 4.575106555823556 size: 0.0
1120000 : 4.592258385594104 size: 0.0
1121000 : 4.251913318669149 size: 0.0
1122000 : 4.53528534887748 size: 0.0
1123000 : 4.4836300157255335 size: 0.0
1124000 : 4.411765689201302 size: 0.0
1125000 : 4.285562756206363 size: 0.0
1126000 : 4.212594645028894 size: 0.0
1127000 : 4.430805888478323 size: 0.0
1128000 : 4.503945294376052 size: 0.0
1129000 : 4.42699784862292 size: 0.0
1130000 : 4.103821121802995 size: 0.0
1131000 : 4.467697542949603 size: 0.0
1132000 : 4.37822012918521 size: 0.0
1133000 : 4.280096803596641 size: 0.0
1134000 : 4.393478429969758 size: 0.0
1135000 : 4.449308469988748 size: 0.0
1136000 : 4.303879940419157 size: 0.0
1137000 : 4.342521690345616 size: 0.0
1138000 : 4.3359646797988205 size: 0.0
1139000 : 4.408979226292023 size: 0.0
1140000 : 4.275151614453732 size: 0.0
1141000 : 4.327516548023138 size: 0.0
1142000 : 4.335790289390846 size: 0.0
1143000 : 4.526619487065805 size: 0.0
1144000 : 4.321506786271388 size: 0.0
1145000 : 4.442916562786781 size: 0.0
1146000 : 4.251800842015484 size: 0.0
1147000 : 4.281189925325525 size: 0.0
1148000 : 4.490062854798406 size: 0.0
1149000 : 4.259194376176077 size: 0.0
1150000 : 4.401235535454274 size: 0.0
1151000 : 4.131808546508503 size: 0.0
1152000 : 4.348244241070425 size: 0.0
1153000 : 4.580721789374227 size: 0.0
1154000 : 4.470084662143579 size: 0.0
1155000 : 4.368188725125684 size: 0.0
1156000 : 4.508259995120898 size: 0.0
1157000 : 4.4601767416273725 size: 0.0
1158000 : 4.395055166912868 size: 0.0
1159000 : 4.449151965776463 size: 0.0
1160000 : 4.427366923391671 size: 0.0
1161000 : 4.362868957769195 size: 0.0
1162000 : 4.388410101248831 size: 0.0
1163000 : 4.235832940813476 size: 0.0
1164000 : 4.219249685686681 size: 0.0
1165000 : 4.425101567914506 size: 0.0
1166000 : 4.310684262017893 size: 0.0
1167000 : 4.127465640608915 size: 0.0
1168000 : 4.157530271771544 size: 0.0
1169000 : 4.3356929472104575 size: 0.0
1170000 : 4.338718466004436 size: 0.0
1171000 : 4.227831275999433 size: 0.0
1172000 : 4.411038890518756 size: 0.0
1173000 : 4.210783667715308 size: 0.0
1174000 : 4.4552869308980405 size: 0.0
1175000 : 4.30353563115213 size: 0.0
1176000 : 4.237058145218223 size: 0.0
1177000 : 4.333643257977474 size: 0.0
1178000 : 4.385712381387397 size: 0.0
1179000 : 4.274746767293601 size: 0.0
1180000 : 4.321879988623761 size: 0.0
1181000 : 4.348977919059006 size: 0.0
1182000 : 4.301130281797162 size: 0.0
1183000 : 4.154672264079506 size: 0.0
1184000 : 4.316654467759944 size: 0.0
1185000 : 4.384520885582219 size: 0.0
1186000 : 4.463815550554328 size: 0.0
1187000 : 4.304372154765926 size: 0.0
1188000 : 4.179417127885648 size: 0.0
1189000 : 4.2299280884787525 size: 0.0
1190000 : 4.2731762217259215 size: 0.0
1191000 : 4.336343041630719 size: 0.0
1192000 : 4.42934403594599 size: 0.0
1193000 : 4.202219963598246 size: 0.0
1194000 : 4.4179976525379665 size: 0.0
1195000 : 4.273314151811913 size: 0.0
1196000 : 4.291804350571476 size: 0.0
1197000 : 4.3449586845083426 size: 0.0
1198000 : 4.469300421255644 size: 0.0
1199000 : 4.282422353001608 size: 0.0
1200000 : 4.283900715868424 size: 0.0
1201000 : 4.316314630041839 size: 0.0
1202000 : 4.321043121044662 size: 0.0
1203000 : 4.200743320557938 size: 0.0
1204000 : 4.18409574391972 size: 0.0
1205000 : 4.448450276560942 size: 0.0
1206000 : 4.2896944674106905 size: 0.0
1207000 : 4.450162535832932 size: 0.0
1208000 : 4.278371817608487 size: 0.0
1209000 : 4.299780561953191 size: 0.0
1210000 : 4.292459604471263 size: 0.0
1211000 : 4.474985823727867 size: 0.0
1212000 : 4.438604269799047 size: 0.0
1213000 : 4.391345501133757 size: 0.0
1214000 : 4.407242201518309 size: 0.0
1215000 : 4.371059459533885 size: 0.0
1216000 : 4.323852973594458 size: 0.0
1217000 : 4.324189027694245 size: 0.0
1218000 : 4.476634105453736 size: 0.0
1219000 : 4.445565095610068 size: 0.0
1220000 : 4.38237626192596 size: 0.0
1221000 : 4.271706457991648 size: 0.0
1222000 : 4.46815157714788 size: 0.0
1223000 : 4.3537012505823025 size: 0.0
1224000 : 4.444604056557047 size: 0.0
1225000 : 4.345967878703605 size: 0.0
1226000 : 4.3613716768107835 size: 0.0
1227000 : 4.383380640606999 size: 0.0
1228000 : 4.464943068813384 size: 0.0
1229000 : 4.259317515754095 size: 0.0
1230000 : 4.34691550310986 size: 0.0
1231000 : 4.367395541139905 size: 0.0
1232000 : 4.338903175371462 size: 0.0
1233000 : 4.319629767619872 size: 0.0
1234000 : 4.374442702241659 size: 0.0
1235000 : 4.252496339855574 size: 0.0
1236000 : 4.349392053282283 size: 0.0
1237000 : 4.149445367354484 size: 0.0
1238000 : 4.278993706874007 size: 0.0
1239000 : 4.362939814621351 size: 0.0
1240000 : 4.33352458994838 size: 0.0
1241000 : 4.2677498251258985 size: 0.0
1242000 : 4.333827967344502 size: 0.0
1243000 : 4.331901761654838 size: 0.0
1244000 : 4.2091329782323275 size: 0.0
1245000 : 4.378188484377451 size: 0.0
1246000 : 4.411843769324793 size: 0.0
1247000 : 4.240496422374273 size: 0.0
1248000 : 4.373855553471613 size: 0.0
1249000 : 4.230022678936727 size: 0.0
1250000 : 4.298409172295211 size: 0.0
1251000 : 4.190379302051643 size: 0.0
1252000 : 4.235410551422957 size: 0.0
1253000 : 4.263726119026312 size: 0.0
1254000 : 4.310346832056901 size: 0.0
1255000 : 4.420452188931081 size: 0.0
1256000 : 4.364322211168986 size: 0.0
1257000 : 4.3003969477738835 size: 0.0
1258000 : 4.677319284884341 size: 0.0
1259000 : 4.445904589362871 size: 0.0
1260000 : 4.211665594748933 size: 0.0
1261000 : 4.429485749650301 size: 0.0
1262000 : 4.369087162493791 size: 0.0
1263000 : 4.300168898778839 size: 0.0
1264000 : 4.2991916933566365 size: 0.0
1265000 : 4.228485498003315 size: 0.0
1266000 : 4.299774026612458 size: 0.0
1267000 : 4.4413184999949635 size: 0.0
1268000 : 4.360772145289876 size: 0.0
1269000 : 4.306614808533177 size: 0.0
1270000 : 4.446192832285718 size: 0.0
1271000 : 4.167821025668572 size: 0.0
1272000 : 4.114188235997005 size: 0.0
1273000 : 4.374418624670538 size: 0.0
1274000 : 4.223612197608467 size: 0.0
1275000 : 4.363808670973509 size: 0.0
1276000 : 4.379268879390171 size: 0.0
1277000 : 4.464458077737951 size: 0.0
1278000 : 4.276440796404599 size: 0.0
1279000 : 4.152382831031221 size: 0.0
1280000 : 4.184602748774463 size: 0.0
1281000 : 4.1493944604898285 size: 0.0
1282000 : 4.044305837541317 size: 0.0
1283000 : 4.056673109964861 size: 0.0
1284000 : 4.165054512746793 size: 0.0
1285000 : 4.131642411267769 size: 0.0
1286000 : 4.160264451954962 size: 0.0
1287000 : 4.199853482322373 size: 0.0
1288000 : 4.126058822524858 size: 0.0
1289000 : 4.2668255903601615 size: 0.0
1290000 : 4.172178722076134 size: 0.0
1291000 : 4.276843235807618 size: 0.0
1292000 : 4.333892632821225 size: 0.0
1293000 : 4.419123107005213 size: 0.0
1294000 : 4.416002309822656 size: 0.0
1295000 : 4.314768506010583 size: 0.0
1296000 : 4.2127332630454895 size: 0.0
1297000 : 4.386563007578564 size: 0.0
1298000 : 4.320437742113625 size: 0.0
1299000 : 4.379075570890601 size: 0.0
1300000 : 4.283030483655058 size: 0.0
1301000 : 4.227398223684561 size: 0.0
1302000 : 4.361607980973069 size: 0.0
1303000 : 4.299244664013102 size: 0.0
1304000 : 4.233805265359804 size: 0.0
1305000 : 4.290392373007892 size: 0.0
1306000 : 4.412210092371131 size: 0.0
1307000 : 4.241733665564579 size: 0.0
1308000 : 4.392162418725356 size: 0.0
1309000 : 4.465768929502827 size: 0.0
1310000 : 4.236067181183952 size: 0.0
1311000 : 4.438181880408528 size: 0.0
1312000 : 4.23441649170097 size: 0.0
1313000 : 4.433016897437816 size: 0.0
1314000 : 4.27235070500178 size: 0.0
1315000 : 4.275740827015587 size: 0.0
1316000 : 4.263817957761873 size: 0.0
1317000 : 4.546168067058777 size: 0.0
1318000 : 4.437168902594946 size: 0.0
1319000 : 4.440890607159617 size: 0.0
1320000 : 4.262599632663161 size: 0.0
1321000 : 4.40632759778102 size: 0.0
1322000 : 4.477745801308913 size: 0.0
1323000 : 4.299971462695649 size: 0.0
1324000 : 4.419250374166851 size: 0.0
1325000 : 4.4972214606579195 size: 0.0
1326000 : 4.225389122357181 size: 0.0
1327000 : 4.250130546510305 size: 0.0
1328000 : 4.421504034823758 size: 0.0
1329000 : 4.4329769974628155 size: 0.0
1330000 : 4.255325110496965 size: 0.0
1331000 : 4.26475835889679 size: 0.0
1332000 : 4.2657348763883896 size: 0.0
1333000 : 4.32595013003908 size: 0.0
1334000 : 4.181556248097079 size: 0.0
1335000 : 4.360333933495477 size: 0.0
1336000 : 4.247613408432277 size: 0.0
1337000 : 4.294149849963943 size: 0.0
1338000 : 4.388214384992149 size: 0.0
1339000 : 4.244792548992825 size: 0.0
1340000 : 4.259520799247414 size: 0.0
1341000 : 4.277155212336283 size: 0.0
1342000 : 4.290656882324919 size: 0.0
1343000 : 4.264551979715755 size: 0.0
1344000 : 4.378458841104607 size: 0.0
1345000 : 4.259637747450001 size: 0.0
1346000 : 4.182150964103763 size: 0.0
1347000 : 4.3226016278267805 size: 0.0
1348000 : 4.209814717460347 size: 0.0
1349000 : 4.210156962935565 size: 0.0
1350000 : 4.362264954699365 size: 0.0
1351000 : 4.341654897785268 size: 0.0
1352000 : 4.360244158551727 size: 0.0
1353000 : 4.356742247814858 size: 0.0
1354000 : 4.345234544680326 size: 0.0
1355000 : 4.276886231470334 size: 0.0
1356000 : 4.317912692833657 size: 0.0
1357000 : 4.351621980333371 size: 0.0
1358000 : 4.2694149611515515 size: 0.0
1359000 : 4.385851687334596 size: 0.0
1360000 : 4.353237241390274 size: 0.0
1361000 : 4.440910901112419 size: 0.0
1362000 : 4.3346827211192895 size: 0.0
1363000 : 4.360665516046341 size: 0.0
1364000 : 4.418718259845082 size: 0.0
1365000 : 4.3557340855155005 size: 0.0
1366000 : 4.288995185952283 size: 0.0
1367000 : 4.369871403381725 size: 0.0
1368000 : 4.360948943454963 size: 0.0
1369000 : 4.280659186864963 size: 0.0
1370000 : 4.359933557884268 size: 0.0
1371000 : 4.384941899111531 size: 0.0
1372000 : 4.20598019227671 size: 0.0
1373000 : 4.236790884178782 size: 0.0
1374000 : 4.403709333904285 size: 0.0
1375000 : 4.323820640856096 size: 0.0
1376000 : 4.3494051239637495 size: 0.0
1377000 : 4.496531122297356 size: 0.0
1378000 : 4.3863205120408475 size: 0.0
1379000 : 4.268375154044436 size: 0.0
1380000 : 4.411113530989231 size: 0.0
1381000 : 4.290791716723196 size: 0.0
1382000 : 4.388650876960039 size: 0.0
1383000 : 4.388994842261765 size: 0.0
1384000 : 4.320336272349616 size: 0.0
1385000 : 4.346984640135506 size: 0.0
1386000 : 4.4677078619086545 size: 0.0
1387000 : 4.288494716438271 size: 0.0
1388000 : 4.326827929489084 size: 0.0
1389000 : 4.43247171243458 size: 0.0
1390000 : 4.313907904825665 size: 0.0
1391000 : 4.380652651799013 size: 0.0
1392000 : 4.346111656199726 size: 0.0
1393000 : 4.259430680338363 size: 0.0
1394000 : 4.319431299640776 size: 0.0
1395000 : 4.386612194616711 size: 0.0
1396000 : 4.344544206319763 size: 0.0
1397000 : 4.252821043100403 size: 0.0
1398000 : 4.245880855207485 size: 0.0
1399000 : 4.159801474658839 size: 0.0
1400000 : 4.314426604500667 size: 0.0
1401000 : 4.290582241854445 size: 0.0
1402000 : 4.263513892435147 size: 0.0
1403000 : 4.399499886541767 size: 0.0
1404000 : 4.274002770345968 size: 0.0
1405000 : 4.313595584331699 size: 0.0
1406000 : 4.273745828265579 size: 0.0
1407000 : 4.324430835301357 size: 0.0
1408000 : 4.295696317960501 size: 0.0
1409000 : 4.042886980671698 size: 0.0
1410000 : 4.240284883713711 size: 0.0
1411000 : 4.419108316497239 size: 0.0
1412000 : 4.257397157474561 size: 0.0
1413000 : 4.26887252787073 size: 0.0
1414000 : 4.341775285640872 size: 0.0
1415000 : 4.393994721887648 size: 0.0
1416000 : 4.571421999511472 size: 0.0
1417000 : 4.4698614286627585 size: 0.0
1418000 : 4.336355424381581 size: 0.0
1419000 : 4.370545575373107 size: 0.0
1420000 : 4.286090055013908 size: 0.0
1421000 : 4.310724505958195 size: 0.0
1422000 : 4.46154572352824 size: 0.0
1423000 : 4.460559918973495 size: 0.0
1424000 : 4.333694852772734 size: 0.0
1425000 : 4.232097133671434 size: 0.0
1426000 : 4.341647330548629 size: 0.0
1427000 : 4.382460189459581 size: 0.0
1428000 : 4.279248585162586 size: 0.0
1429000 : 4.429047881821204 size: 0.0
1430000 : 4.393576116115448 size: 0.0
1431000 : 4.288973172172972 size: 0.0
1432000 : 4.382185705148804 size: 0.0
1433000 : 4.388304503901201 size: 0.0
1434000 : 4.311813500103458 size: 0.0
1435000 : 4.324529897308254 size: 0.0
1436000 : 4.359799755381897 size: 0.0
1437000 : 4.300771525987463 size: 0.0
1438000 : 4.478795239444478 size: 0.0
1439000 : 4.32887624286086 size: 0.0
1440000 : 4.305206958553215 size: 0.0
1441000 : 4.388109131609821 size: 0.0
1442000 : 4.226160636528952 size: 0.0
1443000 : 4.184894431350326 size: 0.0
1444000 : 4.072602143087774 size: 0.0
1445000 : 4.143806744163296 size: 0.0
1446000 : 4.1839241052341585 size: 0.0
1447000 : 4.0557192941831754 size: 0.0
1448000 : 4.166147634475677 size: 0.0
1449000 : 4.289552409741078 size: 0.0
1450000 : 4.457518921740938 size: 0.0
1451000 : 4.299504357815906 size: 0.0
1452000 : 4.424863543925712 size: 0.0
1453000 : 4.218519447351118 size: 0.0
1454000 : 4.3570298028071015 size: 0.0
1455000 : 4.276447331745332 size: 0.0
1456000 : 4.248343990733142 size: 0.0
1457000 : 4.307872001710985 size: 0.0
1458000 : 4.28534089858675 size: 0.0
1459000 : 4.2923433441992795 size: 0.0
1460000 : 4.326243532441452 size: 0.0
1461000 : 4.450109565176467 size: 0.0
1462000 : 4.34156374698031 size: 0.0
1463000 : 4.369212365863619 size: 0.0
1464000 : 4.310920222214877 size: 0.0
1465000 : 4.401137505343282 size: 0.0
1466000 : 4.231090347233284 size: 0.0
1467000 : 4.4591162966021525 size: 0.0
1468000 : 4.237009990075982 size: 0.0
1469000 : 4.3537872419077335 size: 0.0
1470000 : 4.389750877994957 size: 0.0
1471000 : 4.1985016986865915 size: 0.0
1472000 : 4.361318362189016 size: 0.0
1473000 : 4.189220138984828 size: 0.0
1474000 : 4.373160399596825 size: 0.0
1475000 : 4.263249039152819 size: 0.0
1476000 : 4.22273577401967 size: 0.0
1477000 : 4.333697260529846 size: 0.0
1478000 : 4.394401632839589 size: 0.0
1479000 : 4.313710124777173 size: 0.0
1480000 : 4.495298694621273 size: 0.0
1481000 : 4.34630978021352 size: 0.0
1482000 : 4.522035805455009 size: 0.0
1483000 : 4.210929165037938 size: 0.0
1484000 : 4.244860310157265 size: 0.0
1485000 : 4.400169930949528 size: 0.0
1486000 : 4.57197200002893 size: 0.0
1487000 : 4.377405963316025 size: 0.0
1488000 : 4.331516520516905 size: 0.0
1489000 : 4.254048655262261 size: 0.0
1490000 : 4.398258171802537 size: 0.0
1491000 : 4.454689807134245 size: 0.0
1492000 : 4.45026572542345 size: 0.0
1493000 : 4.357147782905593 size: 0.0
1494000 : 4.317766851545725 size: 0.0
1495000 : 4.320404377479357 size: 0.0
1496000 : 4.37932460176905 size: 0.0
1497000 : 4.52056294603302 size: 0.0
1498000 : 4.424210697783036 size: 0.0
1499000 : 4.339963276431381 size: 0.0
1500000 : 4.346063845022787 size: 0.0
1501000 : 4.379682325682845 size: 0.0
1502000 : 4.141498393023415 size: 0.0
1503000 : 4.296547288116971 size: 0.0
1504000 : 4.39443568540446 size: 0.0
1505000 : 4.2654314989922675 size: 0.0
1506000 : 4.445636296427526 size: 0.0
1507000 : 4.33802159230314 size: 0.0
1508000 : 4.312442612640314 size: 0.0
1509000 : 4.45300231336398 size: 0.0
1510000 : 4.212008528154753 size: 0.0
1511000 : 4.173272187770319 size: 0.0
1512000 : 4.055579300305373 size: 0.0
1513000 : 4.253778986465709 size: 0.0
1514000 : 4.333703795870578 size: 0.0
1515000 : 4.282219757438892 size: 0.0
1516000 : 4.160225583875866 size: 0.0
1517000 : 4.193573707808769 size: 0.0
1518000 : 4.300674527772376 size: 0.0
1519000 : 4.3265324632949005 size: 0.0
1520000 : 4.392553163308116 size: 0.0
1521000 : 4.228703915969911 size: 0.0
1522000 : 4.308149925674779 size: 0.0
1523000 : 4.373238823685619 size: 0.0
1524000 : 4.455364667056231 size: 0.0
1525000 : 4.299202700246292 size: 0.0
1526000 : 4.193140999459198 size: 0.0
1527000 : 4.43547349762274 size: 0.0
1528000 : 4.236404611144945 size: 0.0
1529000 : 4.344898834545842 size: 0.0
1530000 : 4.133325777454415 size: 0.0
1531000 : 4.377025881657618 size: 0.0
1532000 : 4.257768296035122 size: 0.0
1533000 : 4.187108535997534 size: 0.0
1534000 : 4.380428386422288 size: 0.0
1535000 : 4.1860621935496845 size: 0.0
1536000 : 4.2138054028909675 size: 0.0
1537000 : 4.435733879356146 size: 0.0
1538000 : 4.155676298795243 size: 0.0
1539000 : 4.17935796585375 size: 0.0
1540000 : 4.232987659837602 size: 0.0
1541000 : 4.400744696968712 size: 0.0
1542000 : 3.9717387899056593 size: 0.0
1543000 : 4.121642995981304 size: 0.0
1544000 : 4.329842785358708 size: 0.0
1545000 : 4.168760050942283 size: 0.0
1546000 : 4.217974950278486 size: 0.0
1547000 : 4.237028908167576 size: 0.0
1548000 : 4.286630424502919 size: 0.0
1549000 : 4.261897599482339 size: 0.0
1550000 : 4.298840504783575 size: 0.0
1551000 : 4.283667507393854 size: 0.0
1552000 : 4.307757805230811 size: 0.0
1553000 : 4.238420591778358 size: 0.0
1554000 : 4.4346032654093746 size: 0.0
1555000 : 4.195010106908775 size: 0.0
1556000 : 4.413173195215963 size: 0.0
1557000 : 4.489307163030515 size: 0.0
1558000 : 4.309891421997415 size: 0.0
1559000 : 4.369985599861898 size: 0.0
1560000 : 4.454843559624116 size: 0.0
1561000 : 4.138326345010902 size: 0.0
1562000 : 4.408060494971114 size: 0.0
1563000 : 4.351269759864404 size: 0.0
1564000 : 4.32281488631385 size: 0.0
1565000 : 4.425589654677655 size: 0.0
1566000 : 4.310010433991812 size: 0.0
1567000 : 4.115330544764036 size: 0.0
1568000 : 4.357995657374347 size: 0.0
1569000 : 4.248290332146073 size: 0.0
1570000 : 4.387225140784386 size: 0.0
1571000 : 4.1810251656712145 size: 0.0
1572000 : 4.37086890275673 size: 0.0
1573000 : 4.446274696027528 size: 0.0
1574000 : 4.4051477967961015 size: 0.0
1575000 : 4.310637482736858 size: 0.0
1576000 : 4.308078724857322 size: 0.0
1577000 : 4.38650831709559 size: 0.0
1578000 : 4.300135534144572 size: 0.0
1579000 : 4.3155929908388195 size: 0.0
1580000 : 4.3258039447858465 size: 0.0
1581000 : 4.206757209893309 size: 0.0
1582000 : 4.411283793813585 size: 0.0
1583000 : 4.389832397771467 size: 0.0
1584000 : 4.4349833470677815 size: 0.0
1585000 : 4.346300493150374 size: 0.0
1586000 : 4.403168964415274 size: 0.0
1587000 : 4.3758502082563195 size: 0.0
1588000 : 4.446568442395201 size: 0.0
1589000 : 4.491002911968022 size: 0.0
1590000 : 4.515973417012095 size: 0.0
1591000 : 4.317815350653269 size: 0.0
1592000 : 4.229901947115821 size: 0.0
1593000 : 4.395603447603818 size: 0.0
1594000 : 4.4556522220484736 size: 0.0
1595000 : 4.386733958333522 size: 0.0
1596000 : 4.330218051502891 size: 0.0
1597000 : 4.413891394765966 size: 0.0
1598000 : 4.307219843498912 size: 0.0
1599000 : 4.463809359178897 size: 0.0
1600000 : 4.446443582990676 size: 0.0
1601000 : 4.422191277496605 size: 0.0
1602000 : 4.485541774872525 size: 0.0
1603000 : 4.374669375375496 size: 0.0
1604000 : 4.328126054537796 size: 0.0
1605000 : 4.397493536936801 size: 0.0
1606000 : 4.332437659594927 size: 0.0
1607000 : 4.507342295695894 size: 0.0
1608000 : 4.465503388289895 size: 0.0
1609000 : 4.543799178025792 size: 0.0
1610000 : 4.408093859605381 size: 0.0
1611000 : 4.506626159937701 size: 0.0
1612000 : 4.45610006487132 size: 0.0
1613000 : 4.277844518800942 size: 0.0
1614000 : 4.259323363164224 size: 0.0
1615000 : 4.4528771099941515 size: 0.0
1616000 : 4.348341927216115 size: 0.0
1617000 : 4.351586551907293 size: 0.0
1618000 : 4.292789467195618 size: 0.0
1619000 : 4.378247990374649 size: 0.0
1620000 : 4.379866347119268 size: 0.0
1621000 : 4.226069829689297 size: 0.0
1622000 : 4.430684468726814 size: 0.0
1623000 : 4.265032499242266 size: 0.0
1624000 : 4.283153967198378 size: 0.0
1625000 : 4.377355744381973 size: 0.0
1626000 : 4.138909022232025 size: 0.0
1627000 : 4.190948564625999 size: 0.0
1628000 : 4.236077844108305 size: 0.0
1629000 : 4.291652317908113 size: 0.0
1630000 : 4.273257397537129 size: 0.0
1631000 : 4.20895411627543 size: 0.0
1632000 : 4.2808132833201356 size: 0.0
1633000 : 4.309647206633191 size: 0.0
1634000 : 4.2004027949092295 size: 0.0
1635000 : 4.163189188915535 size: 0.0
1636000 : 4.2519669772562185 size: 0.0
1637000 : 4.38887445440616 size: 0.0
1638000 : 4.214226760385582 size: 0.0
1639000 : 4.354564603489633 size: 0.0
1640000 : 4.291560479172552 size: 0.0
1641000 : 4.371692699654362 size: 0.0
1642000 : 4.2691463242509045 size: 0.0
1643000 : 4.354963947204937 size: 0.0
1644000 : 4.289514229592586 size: 0.0
1645000 : 4.370475062486253 size: 0.0
1646000 : 4.3310693656246615 size: 0.0
1647000 : 4.1514960884833725 size: 0.0
1648000 : 4.419347716347239 size: 0.0
1649000 : 4.383042866680705 size: 0.0
1650000 : 4.257497939307966 size: 0.0
1651000 : 4.225378115467526 size: 0.0
1652000 : 4.344555901140022 size: 0.0
1653000 : 4.218281079397022 size: 0.0
1654000 : 4.3486852045872375 size: 0.0
1655000 : 4.25143107931613 size: 0.0
1656000 : 4.261347598964879 size: 0.0
1657000 : 4.35341575938187 size: 0.0
1658000 : 4.240777442025782 size: 0.0
1659000 : 4.177748896172278 size: 0.0
1660000 : 4.4024469812469516 size: 0.0
1661000 : 4.246747303802532 size: 0.0
1662000 : 4.370315806551555 size: 0.0
1663000 : 4.261454916139018 size: 0.0
1664000 : 4.481476105006128 size: 0.0
1665000 : 4.34040355201759 size: 0.0
1666000 : 4.47473920060653 size: 0.0
1667000 : 4.376724568053307 size: 0.0
1668000 : 4.334191538668425 size: 0.0
1669000 : 4.281008999576817 size: 0.0
1670000 : 4.499292819704912 size: 0.0
1671000 : 4.295421489684422 size: 0.0
1672000 : 4.332171086486089 size: 0.0
1673000 : 4.3729829135011355 size: 0.0
1674000 : 4.3787825124535305 size: 0.0
1675000 : 4.3599063846254325 size: 0.0
1676000 : 4.277275600191888 size: 0.0
1677000 : 4.300085659175822 size: 0.0
1678000 : 4.324437714607392 size: 0.0
1679000 : 4.402865930984453 size: 0.0
1680000 : 4.3009183991713 size: 0.0
1681000 : 4.2924269277675995 size: 0.0
1682000 : 4.373080943612127 size: 0.0
1683000 : 4.496625368790029 size: 0.0
1684000 : 4.350978765219144 size: 0.0
1685000 : 4.277004899499429 size: 0.0
1686000 : 4.276360308523995 size: 0.0
1687000 : 4.236079907900115 size: 0.0
1688000 : 4.28701944925917 size: 0.0
1689000 : 4.414878575181919 size: 0.0
1690000 : 4.364578809284073 size: 0.0
1691000 : 4.397130997508782 size: 0.0
1692000 : 4.60552099969804 size: 0.0
1693000 : 4.372949892832169 size: 0.0
1694000 : 4.4440936120492855 size: 0.0
1695000 : 4.4080900759870625 size: 0.0
1696000 : 4.293852663943252 size: 0.0
1697000 : 4.373429380462775 size: 0.0
1698000 : 4.330353573831771 size: 0.0
1699000 : 4.42380069114338 size: 0.0
1700000 : 4.227591188218829 size: 0.0
1701000 : 4.330522460794918 size: 0.0
1702000 : 4.263274836550448 size: 0.0
1703000 : 4.517698746965551 size: 0.0
1704000 : 4.405320811342869 size: 0.0
1705000 : 4.381546273652896 size: 0.0
1706000 : 4.392283838476865 size: 0.0
1707000 : 4.334584691008297 size: 0.0
1708000 : 4.2290007580253 size: 0.0
1709000 : 4.353116509569369 size: 0.0
1710000 : 4.18989431097621 size: 0.0
1711000 : 4.279010905139093 size: 0.0
1712000 : 4.371826846122035 size: 0.0
1713000 : 4.238325657355082 size: 0.0
1714000 : 4.300134502248667 size: 0.0
1715000 : 4.284393962111099 size: 0.0
1716000 : 4.273064433002861 size: 0.0
1717000 : 4.286514852161539 size: 0.0
1718000 : 4.429440346230473 size: 0.0
1719000 : 4.360885997804747 size: 0.0
1720000 : 4.333199198772947 size: 0.0
1721000 : 4.215095272772439 size: 0.0
1722000 : 4.308504553900858 size: 0.0
1723000 : 4.154094058407306 size: 0.0
1724000 : 4.126659041976369 size: 0.0
1725000 : 4.325818391328519 size: 0.0
1726000 : 4.420045277979139 size: 0.0
1727000 : 4.425007665387135 size: 0.0
1728000 : 4.43607750069257 size: 0.0
1729000 : 4.35811398143814 size: 0.0
1730000 : 4.359408322868534 size: 0.0
1731000 : 4.4984366900689166 size: 0.0
1732000 : 4.445252087185498 size: 0.0
1733000 : 4.3797910187181905 size: 0.0
1734000 : 4.383274011363464 size: 0.0
1735000 : 4.364541661031486 size: 0.0
1736000 : 4.316509314402617 size: 0.0
1737000 : 4.456901504024341 size: 0.0
1738000 : 4.431557452662594 size: 0.0
1739000 : 4.4630471320702725 size: 0.0
1740000 : 4.479237578822497 size: 0.0
1741000 : 4.429926713167113 size: 0.0
1742000 : 4.388149375550123 size: 0.0
1743000 : 4.463243192292256 size: 0.0
1744000 : 4.338085913814563 size: 0.0
1745000 : 4.49997834255125 size: 0.0
1746000 : 4.316956813260162 size: 0.0
1747000 : 4.43621302302145 size: 0.0
1748000 : 4.270279001989486 size: 0.0
1749000 : 4.281941145544494 size: 0.0
1750000 : 4.249195992785516 size: 0.0
1751000 : 4.392637434807039 size: 0.0
1752000 : 4.375129256983903 size: 0.0
1753000 : 4.466782595247013 size: 0.0
1754000 : 4.30041036242065 size: 0.0
1755000 : 4.369711459516423 size: 0.0
1756000 : 4.335549169714336 size: 0.0
1757000 : 4.388640558000987 size: 0.0
1758000 : 4.338054612972106 size: 0.0
1759000 : 4.503196137948893 size: 0.0
1760000 : 4.401016429557075 size: 0.0
1761000 : 4.324205538028727 size: 0.0
1762000 : 4.291977021152942 size: 0.0
1763000 : 4.41049955292565 size: 0.0
1764000 : 4.419489774016853 size: 0.0
1765000 : 4.3995108934314215 size: 0.0
1766000 : 4.369745512081294 size: 0.0
1767000 : 4.266635721513609 size: 0.0
1768000 : 4.1776735677712 size: 0.0
1769000 : 4.158583149560127 size: 0.0
1770000 : 4.236567306732661 size: 0.0
1771000 : 4.257524424636199 size: 0.0
1772000 : 4.351956314606648 size: 0.0
1773000 : 4.470550735127417 size: 0.0
1774000 : 4.4217124777966035 size: 0.0
1775000 : 4.30429510653834 size: 0.0
1776000 : 4.32078961861729 size: 0.0
1777000 : 4.219598466502631 size: 0.0
1778000 : 4.4248611361686 size: 0.0
1779000 : 4.25645228479072 size: 0.0
1780000 : 4.263098726315964 size: 0.0
1781000 : 4.291431148219103 size: 0.0
1782000 : 4.3550086626941615 size: 0.0
1783000 : 4.329488157132629 size: 0.0
1784000 : 4.30814614205646 size: 0.0
1785000 : 4.349069757794567 size: 0.0
1786000 : 4.152222199235315 size: 0.0
1787000 : 4.345843363264381 size: 0.0
1788000 : 4.425407009102439 size: 0.0
1789000 : 4.319679642588621 size: 0.0
1790000 : 4.394742846418901 size: 0.0
1791000 : 4.415533141151102 size: 0.0
1792000 : 4.3523412117792795 size: 0.0
1793000 : 4.464281623538166 size: 0.0
1794000 : 4.333528717532 size: 0.0
1795000 : 4.348188518691546 size: 0.0
1796000 : 4.394957480767178 size: 0.0
1797000 : 4.30244938872928 size: 0.0
1798000 : 4.207316841439216 size: 0.0
1799000 : 4.332389160487383 size: 0.0
1800000 : 4.2951370303798955 size: 0.0
1801000 : 4.380505090684573 size: 0.0
1802000 : 4.35528142717843 size: 0.0
1803000 : 4.33464110131778 size: 0.0
1804000 : 4.2617042909827685 size: 0.0
1805000 : 4.348832765701678 size: 0.0
1806000 : 4.4095422974909475 size: 0.0
1807000 : 4.2061937947290815 size: 0.0
1808000 : 4.272117152561909 size: 0.0
1809000 : 4.162625085820705 size: 0.0
1810000 : 4.507702771332102 size: 0.0
1811000 : 4.46025207002845 size: 0.0
1812000 : 4.457520641567447 size: 0.0
1813000 : 4.366710018293565 size: 0.0
1814000 : 4.390155725155088 size: 0.0
1815000 : 4.3592824315681025 size: 0.0
1816000 : 4.416357625979339 size: 0.0
1817000 : 4.333479186528551 size: 0.0
1818000 : 4.368444635310167 size: 0.0
1819000 : 4.246996678646283 size: 0.0
1820000 : 4.302770652321092 size: 0.0
1821000 : 4.33587077727145 size: 0.0
1822000 : 4.358997972263575 size: 0.0
1823000 : 4.368277812138831 size: 0.0
1824000 : 4.256348751234901 size: 0.0
1825000 : 4.298439785207065 size: 0.0
1826000 : 4.397781435894346 size: 0.0
1827000 : 4.171592605201993 size: 0.0
1828000 : 4.265263987890327 size: 0.0
1829000 : 4.303509489789199 size: 0.0
1830000 : 4.256841997477576 size: 0.0
1831000 : 4.2213798628002674 size: 0.0
1832000 : 4.360072175900864 size: 0.0
1833000 : 4.244315813084634 size: 0.0
1834000 : 4.287029768218223 size: 0.0
1835000 : 4.283867007268856 size: 0.0
1836000 : 4.3833913035313525 size: 0.0
1837000 : 4.376135699456753 size: 0.0
1838000 : 4.255140401129939 size: 0.0
1839000 : 4.415232859442696 size: 0.0
1840000 : 4.346486922343909 size: 0.0
1841000 : 4.380094052149011 size: 0.0
1842000 : 4.45855976074396 size: 0.0
1843000 : 4.353145746620015 size: 0.0
1844000 : 4.341770814091949 size: 0.0
1845000 : 4.332355107922512 size: 0.0
1846000 : 4.443547395150145 size: 0.0
1847000 : 4.510721754785348 size: 0.0
1848000 : 4.496899509135504 size: 0.0
1849000 : 4.401066648491127 size: 0.0
1850000 : 4.320284677554357 size: 0.0
1851000 : 4.22254040172829 size: 0.0
1852000 : 4.160512794902807 size: 0.0
1853000 : 4.318579297588402 size: 0.0
1854000 : 4.473253270503075 size: 0.0
1855000 : 4.387662320682879 size: 0.0
1856000 : 4.3240631363938125 size: 0.0
1857000 : 4.373160399596825 size: 0.0
1858000 : 4.436468589240633 size: 0.0
1859000 : 4.330581622826815 size: 0.0
1860000 : 4.386666197169082 size: 0.0
1861000 : 4.25501107017649 size: 0.0
1862000 : 4.368961271193359 size: 0.0
1863000 : 4.354084771893726 size: 0.0
1864000 : 4.241435447647984 size: 0.0
1865000 : 4.503500891206222 size: 0.0
1866000 : 4.350185581233364 size: 0.0
1867000 : 4.407533196163568 size: 0.0
1868000 : 4.439499267514137 size: 0.0
1869000 : 4.386700249733953 size: 0.0
1870000 : 4.194711888992178 size: 0.0
1871000 : 4.2783556512393055 size: 0.0
1872000 : 4.322330239203719 size: 0.0
1873000 : 4.394843284287005 size: 0.0
1874000 : 4.200759486927119 size: 0.0
1875000 : 4.191538121153156 size: 0.0
1876000 : 4.273357835405233 size: 0.0
1877000 : 4.156387275073911 size: 0.0
1878000 : 4.246058341303176 size: 0.0
1879000 : 4.3084505513484865 size: 0.0
1880000 : 4.228051757757839 size: 0.0
1881000 : 4.236747200585463 size: 0.0
1882000 : 4.336407707107443 size: 0.0
1883000 : 4.244248051920193 size: 0.0
1884000 : 4.272880755531739 size: 0.0
1885000 : 4.282239019495788 size: 0.0
1886000 : 4.365710111161449 size: 0.0
1887000 : 4.2258214867414505 size: 0.0
1888000 : 4.151906095123029 size: 0.0
1889000 : 4.171726407704364 size: 0.0
1890000 : 4.294031181934847 size: 0.0
1891000 : 4.18996413593246 size: 0.0
1892000 : 4.219154063332801 size: 0.0
1893000 : 4.138384131181592 size: 0.0
1894000 : 4.275144735147697 size: 0.0
1895000 : 4.305500360955587 size: 0.0
1896000 : 4.33913191229711 size: 0.0
1897000 : 4.495378150605972 size: 0.0
1898000 : 4.4090112150650835 size: 0.0
1899000 : 4.324736620454591 size: 0.0
1900000 : 4.482671040464322 size: 0.0
1901000 : 4.491499253898412 size: 0.0
1902000 : 4.3186738880463755 size: 0.0
1903000 : 4.47193863511988 size: 0.0
1904000 : 4.308561308175642 size: 0.0
1905000 : 4.365412581175456 size: 0.0
1906000 : 4.330999540668412 size: 0.0
1907000 : 4.332569398305488 size: 0.0
1908000 : 4.21821503805909 size: 0.0
1909000 : 4.206514026424988 size: 0.0
1910000 : 4.26981327297095 size: 0.0
1911000 : 4.2903067256477625 size: 0.0
1912000 : 4.180333795414747 size: 0.0
1913000 : 4.388545623577711 size: 0.0
1914000 : 4.5719764715778535 size: 0.0
1915000 : 4.422878520169453 size: 0.0
1916000 : 4.2974794340846465 size: 0.0
1917000 : 4.3918738318372075 size: 0.0
1918000 : 4.216479733111885 size: 0.0
1919000 : 4.197959609371072 size: 0.0
1920000 : 4.196497068908135 size: 0.0
1921000 : 4.155777080628649 size: 0.0
1922000 : 4.310146988216598 size: 0.0
1923000 : 4.398433938071719 size: 0.0
1924000 : 4.353942714224114 size: 0.0
1925000 : 4.286352844504426 size: 0.0
1926000 : 4.2065188419392125 size: 0.0
1927000 : 4.345566471196491 size: 0.0
1928000 : 4.396744724474944 size: 0.0
1929000 : 4.367574403096802 size: 0.0
1930000 : 4.27078394305242 size: 0.0
1931000 : 4.2535547210889835 size: 0.0
1932000 : 4.255968669576494 size: 0.0
1933000 : 4.256715074281239 size: 0.0
1934000 : 4.349279232663318 size: 0.0
1935000 : 4.339719061067156 size: 0.0
1936000 : 4.223396531364285 size: 0.0
1937000 : 4.276168375885633 size: 0.0
1938000 : 4.342589795475358 size: 0.0
1939000 : 4.479786891409353 size: 0.0
1940000 : 4.315773916587527 size: 0.0
1941000 : 4.265497540330199 size: 0.0
1942000 : 4.277773661948786 size: 0.0
1943000 : 4.232769241871006 size: 0.0
1944000 : 4.3757882945020095 size: 0.0
1945000 : 4.478760842914306 size: 0.0
1946000 : 4.375977819383261 size: 0.0
1947000 : 4.30209648032971 size: 0.0
1948000 : 4.451148340387678 size: 0.0
1949000 : 4.2974329987689135 size: 0.0
1950000 : 4.288185491632021 size: 0.0
1951000 : 4.323983680409114 size: 0.0
1952000 : 4.333682126056569 size: 0.0
1953000 : 4.399476496901249 size: 0.0
1954000 : 4.308025066270252 size: 0.0
1955000 : 4.214142488886659 size: 0.0
1956000 : 4.370541791754788 size: 0.0
1957000 : 4.369002890994868 size: 0.0
1958000 : 4.218425200858444 size: 0.0
1959000 : 4.413956404207992 size: 0.0
1960000 : 4.241793859492382 size: 0.0
1961000 : 4.486931738656797 size: 0.0
1962000 : 4.399725527779698 size: 0.0
1963000 : 4.439295296090213 size: 0.0
1964000 : 4.315416192673732 size: 0.0
1965000 : 4.465639598549378 size: 0.0
1966000 : 4.347412189005551 size: 0.0
1967000 : 4.277692830102881 size: 0.0
1968000 : 4.294819206441101 size: 0.0
1969000 : 4.260614952872204 size: 0.0
1970000 : 4.425129085138644 size: 0.0
1971000 : 4.199122556056206 size: 0.0
1972000 : 4.365407077730628 size: 0.0
1973000 : 4.296791159515894 size: 0.0
1974000 : 4.418857221826979 size: 0.0
1975000 : 4.409960903263148 size: 0.0
1976000 : 4.320087585436468 size: 0.0
1977000 : 4.333258704770145 size: 0.0
1978000 : 4.4229641675295825 size: 0.0
1979000 : 4.46206201544613 size: 0.0
1980000 : 4.182946211881353 size: 0.0
1981000 : 4.304935913895455 size: 0.0
1982000 : 4.38245193429234 size: 0.0
1983000 : 4.41503817508192 size: 0.0
1984000 : 4.437212242222963 size: 0.0
1985000 : 4.413129511622644 size: 0.0
1986000 : 4.370931504441644 size: 0.0
1987000 : 4.197779027587666 size: 0.0
1988000 : 4.398559141441547 size: 0.0
1989000 : 4.266660830980634 size: 0.0
1990000 : 4.290171891249486 size: 0.0
1991000 : 4.383224824325318 size: 0.0
1992000 : 4.486103470210242 size: 0.0
1993000 : 4.430553417946857 size: 0.0
1994000 : 4.228568393641031 size: 0.0
1995000 : 4.07310742811601 size: 0.0
1996000 : 4.314751307745497 size: 0.0
1997000 : 4.212172599603677 size: 0.0
1998000 : 4.219452969180001 size: 0.0
1999000 : 4.252753281935963 size: 0.0
2000000 : 4.271478408996604 size: 0.0
2001000 : 4.261222395595051 size: 0.0
2002000 : 4.330524180621427 size: 0.0
2003000 : 4.3124656583155305 size: 0.0
2004000 : 4.338576752300125 size: 0.0
2005000 : 4.266749917993781 size: 0.0
2006000 : 4.404333630926916 size: 0.0
2007000 : 4.510693893595908 size: 0.0
2008000 : 4.465521618450887 size: 0.0
2009000 : 4.493038154658333 size: 0.0
2010000 : 4.353840212564199 size: 0.0
2011000 : 4.361208293292464 size: 0.0
2012000 : 4.360940000357118 size: 0.0
2013000 : 4.411222911955179 size: 0.0
2014000 : 4.495349257520627 size: 0.0
2015000 : 4.4433334487324725 size: 0.0
2016000 : 4.437208802569946 size: 0.0
2017000 : 4.376347582082615 size: 0.0
2018000 : 4.327015734543825 size: 0.0
2019000 : 4.287047998379214 size: 0.0
2020000 : 4.378469160063659 size: 0.0
2021000 : 4.268388912656504 size: 0.0
2022000 : 4.2295548861263805 size: 0.0
2023000 : 4.346839486778178 size: 0.0
2024000 : 4.440419374696253 size: 0.0
2025000 : 4.081448930648158 size: 0.0
2026000 : 4.349500746317629 size: 0.0
2027000 : 4.410559746853452 size: 0.0
2028000 : 4.227955791438658 size: 0.0
2029000 : 4.276524036007617 size: 0.0
2030000 : 4.327072832783912 size: 0.0
2031000 : 4.158158008447194 size: 0.0
2032000 : 4.191810541672123 size: 0.0
2033000 : 4.319669667594871 size: 0.0
2034000 : 4.434941383300971 size: 0.0
2035000 : 4.28673017444042 size: 0.0
2036000 : 4.32437752067959 size: 0.0
2037000 : 4.178372849229609 size: 0.0
2038000 : 4.54346587564842 size: 0.0
2039000 : 4.227847442368614 size: 0.0
2040000 : 4.27373206965351 size: 0.0
2041000 : 4.370324405684098 size: 0.0
2042000 : 4.220186991133883 size: 0.0
2043000 : 4.278241454759133 size: 0.0
2044000 : 4.34742388382581 size: 0.0
2045000 : 4.234449168404634 size: 0.0
2046000 : 4.461197630642894 size: 0.0
2047000 : 4.237748139613484 size: 0.0
2048000 : 4.407296548035981 size: 0.0
2049000 : 4.200805234312248 size: 0.0
2050000 : 4.381575166738241 size: 0.0
2051000 : 4.315800745881062 size: 0.0
2052000 : 4.4594623256956885 size: 0.0
2053000 : 4.237953142933313 size: 0.0
2054000 : 4.383315631164972 size: 0.0
2055000 : 4.304420309908168 size: 0.0
2056000 : 4.219668291458881 size: 0.0
2057000 : 4.476933699231539 size: 0.0
2058000 : 4.361624491307552 size: 0.0
2059000 : 4.374758806353944 size: 0.0
2060000 : 4.438036727051199 size: 0.0
2061000 : 4.2315481650498805 size: 0.0
2062000 : 4.328938500580471 size: 0.0
2063000 : 4.488668075499908 size: 0.0
2064000 : 4.268163271418572 size: 0.0
2065000 : 4.41875575206297 size: 0.0
2066000 : 4.3763905777453305 size: 0.0
2067000 : 4.164613205264678 size: 0.0
2068000 : 4.153870824926486 size: 0.0
2069000 : 4.393988530512217 size: 0.0
2070000 : 4.323925894238424 size: 0.0
2071000 : 4.187880738099908 size: 0.0
2072000 : 4.251916414356865 size: 0.0
2073000 : 4.2484433967053405 size: 0.0
2074000 : 4.165983219061451 size: 0.0
2075000 : 4.360008886285347 size: 0.0
2076000 : 4.224418796241014 size: 0.0
2077000 : 4.248091520201676 size: 0.0
2078000 : 4.364453605914245 size: 0.0
2079000 : 4.45153323756031 size: 0.0
2080000 : 4.344278321141529 size: 0.0
2081000 : 4.434624591258081 size: 0.0
2082000 : 4.195463453176449 size: 0.0
2083000 : 4.5707099913369 size: 0.0
2084000 : 4.4758079007989915 size: 0.0
2085000 : 4.371355957623973 size: 0.0
2086000 : 4.296941128387446 size: 0.0
2087000 : 4.451110160239187 size: 0.0
2088000 : 4.567171620278048 size: 0.0
2089000 : 4.359839999322199 size: 0.0
2090000 : 4.341284103190008 size: 0.0
2091000 : 4.482213910578329 size: 0.0
2092000 : 4.354276016601486 size: 0.0
2093000 : 4.382081139697079 size: 0.0
2094000 : 4.458327928130597 size: 0.0
2095000 : 4.268583940982583 size: 0.0
2096000 : 4.446954371463738 size: 0.0
2097000 : 4.444083293090234 size: 0.0
2098000 : 4.270474030315565 size: 0.0
2099000 : 4.4354284381682145 size: 0.0
2100000 : 4.356397594582529 size: 0.0
2101000 : 4.206063087914426 size: 0.0
2102000 : 4.2779972393949075 size: 0.0
2103000 : 4.371163681020309 size: 0.0
2104000 : 4.1788344506645245 size: 0.0
2105000 : 4.233628811160019 size: 0.0
2106000 : 4.128893096611077 size: 0.0
2107000 : 4.428868675899005 size: 0.0
2108000 : 4.29964675945082 size: 0.0
2109000 : 4.358031429765726 size: 0.0
2110000 : 4.3409157163518595 size: 0.0
2111000 : 4.435292227908731 size: 0.0
2112000 : 4.330667958117548 size: 0.0
2113000 : 4.2993712432441376 size: 0.0
2114000 : 4.440409399702503 size: 0.0
2115000 : 4.223773173369675 size: 0.0
2116000 : 4.307163433189429 size: 0.0
2117000 : 4.271020935145309 size: 0.0
2118000 : 4.15376006809933 size: 0.0
2119000 : 4.22171522896945 size: 0.0
2120000 : 4.203031377745016 size: 0.0
2121000 : 4.369288038229999 size: 0.0
2122000 : 4.387538493174258 size: 0.0
2123000 : 4.383205218303119 size: 0.0
2124000 : 4.420122670172027 size: 0.0
2125000 : 4.1888713581688775 size: 0.0
2126000 : 4.1925235817426 size: 0.0
2127000 : 4.207927379849779 size: 0.0
2128000 : 4.31394470911295 size: 0.0
2129000 : 4.269184160434094 size: 0.0
2130000 : 4.204799015430584 size: 0.0
2131000 : 4.304239040194158 size: 0.0
2132000 : 4.36983838271276 size: 0.0
2133000 : 4.368915867773532 size: 0.0
2134000 : 4.127113076174647 size: 0.0
2135000 : 4.353933771126269 size: 0.0
2136000 : 4.268960239022671 size: 0.0
2137000 : 4.254873828021101 size: 0.0
2138000 : 4.3787955831349965 size: 0.0
2139000 : 4.292216077037641 size: 0.0
2140000 : 4.391902724922553 size: 0.0
2141000 : 4.260093845440089 size: 0.0
2142000 : 4.326208447980675 size: 0.0
2143000 : 4.142897987836137 size: 0.0
2144000 : 4.3166279824317115 size: 0.0
2145000 : 4.3550489066344635 size: 0.0
2146000 : 4.1748410135114895 size: 0.0
2147000 : 4.351708659589406 size: 0.0
2148000 : 4.149254122646725 size: 0.0
2149000 : 4.183229639289975 size: 0.0
2150000 : 4.231890410525097 size: 0.0
2151000 : 4.318841399148316 size: 0.0
2152000 : 4.305459773049983 size: 0.0
2153000 : 4.395033153133558 size: 0.0
2154000 : 4.312024694798718 size: 0.0
2155000 : 4.27254401350135 size: 0.0
2156000 : 4.317623761980207 size: 0.0
2157000 : 4.282731233842557 size: 0.0
2158000 : 4.328005666682191 size: 0.0
2159000 : 4.36545523287287 size: 0.0
2160000 : 4.297209077357491 size: 0.0
2161000 : 4.27790608858995 size: 0.0
2162000 : 4.164520334633213 size: 0.0
2163000 : 4.233479186253768 size: 0.0
2164000 : 4.297107263628179 size: 0.0
2165000 : 4.405454957810542 size: 0.0
2166000 : 4.403789821784889 size: 0.0
2167000 : 4.344520816679245 size: 0.0
2168000 : 4.3841886151007525 size: 0.0
2169000 : 4.362235373683417 size: 0.0
2170000 : 4.365089253791834 size: 0.0
2171000 : 4.457415044219817 size: 0.0
2172000 : 4.3257513180946825 size: 0.0
2173000 : 4.266836597249816 size: 0.0
2174000 : 4.368956799644437 size: 0.0
2175000 : 4.205860492351709 size: 0.0
2176000 : 4.3579997849579675 size: 0.0
2177000 : 4.38520675239386 size: 0.0
2178000 : 4.285587865673389 size: 0.0
2179000 : 4.343885512766958 size: 0.0
2180000 : 4.504526251770667 size: 0.0
2181000 : 4.5265685802011495 size: 0.0
2182000 : 4.334844384811101 size: 0.0
2183000 : 4.232126714687383 size: 0.0
2184000 : 4.32670960542529 size: 0.0
2185000 : 4.50341077229717 size: 0.0
2186000 : 4.318044431544218 size: 0.0
2187000 : 4.3197893675198715 size: 0.0
2188000 : 4.3226270812591086 size: 0.0
2189000 : 4.41269405155066 size: 0.0
2190000 : 4.249413378856207 size: 0.0
2191000 : 4.220087241196382 size: 0.0
2192000 : 4.265777184120502 size: 0.0
2193000 : 4.305781036641794 size: 0.0
2194000 : 4.307513245901284 size: 0.0
2195000 : 4.242161902365227 size: 0.0
2196000 : 4.224616920254808 size: 0.0
2197000 : 4.201681657901045 size: 0.0
2198000 : 4.329372240825948 size: 0.0
2199000 : 4.369689445737112 size: 0.0
2200000 : 4.256933148282533 size: 0.0
2201000 : 4.227398911615164 size: 0.0
2202000 : 4.220285709175479 size: 0.0
2203000 : 4.308472565127797 size: 0.0
2204000 : 4.295207199301447 size: 0.0
2205000 : 4.3452493351883 size: 0.0
2206000 : 4.402218244321304 size: 0.0
2207000 : 4.238750798468015 size: 0.0
2208000 : 4.35385637893338 size: 0.0
2209000 : 4.3150828902963605 size: 0.0
2210000 : 4.383442554361309 size: 0.0
2211000 : 4.3235196712170865 size: 0.0
2212000 : 4.338726377206376 size: 0.0
2213000 : 4.446993927473437 size: 0.0
2214000 : 4.1920984406296675 size: 0.0
2215000 : 4.323453973844456 size: 0.0
2216000 : 4.3459620312934755 size: 0.0
2217000 : 4.2273662349115 size: 0.0
2218000 : 4.364344224948296 size: 0.0
2219000 : 4.415909095225889 size: 0.0
2220000 : 4.276909965076153 size: 0.0
2221000 : 4.405053550303428 size: 0.0
2222000 : 4.355617137312914 size: 0.0
2223000 : 4.2961379694079165 size: 0.0
2224000 : 4.253240680768508 size: 0.0
2225000 : 4.356420984223047 size: 0.0
2226000 : 4.29518380966093 size: 0.0
2227000 : 4.2777062447496474 size: 0.0
2228000 : 4.36943181572612 size: 0.0
2229000 : 4.390496594769099 size: 0.0
2230000 : 4.270154486550262 size: 0.0
2231000 : 4.264276807474374 size: 0.0
2232000 : 4.287257817213266 size: 0.0
2233000 : 4.331219678461516 size: 0.0
2234000 : 4.331877340118416 size: 0.0
2235000 : 4.320465259337762 size: 0.0
2236000 : 4.326741938163652 size: 0.0
2237000 : 4.281672164678544 size: 0.0
2238000 : 4.315085642018774 size: 0.0
2239000 : 4.292826271482903 size: 0.0
2240000 : 4.190341809833755 size: 0.0
2241000 : 4.445925571246277 size: 0.0
2242000 : 4.2928627318048855 size: 0.0
2243000 : 4.442085886583113 size: 0.0
2244000 : 4.453072826250833 size: 0.0
2245000 : 4.570658052576339 size: 0.0
2246000 : 4.4808542157406075 size: 0.0
2247000 : 4.473728974515361 size: 0.0
2248000 : 4.1948952224979985 size: 0.0
2249000 : 4.329819739683493 size: 0.0
2250000 : 4.4475552788458526 size: 0.0
2251000 : 4.377543205471413 size: 0.0
2252000 : 4.261807824538588 size: 0.0
2253000 : 4.33846221185465 size: 0.0
2254000 : 4.252802468974109 size: 0.0
2255000 : 4.308125848103658 size: 0.0
2256000 : 4.32096710471298 size: 0.0
2257000 : 4.228884841718619 size: 0.0
2258000 : 4.4147310140674785 size: 0.0
2259000 : 4.332776121451825 size: 0.0
2260000 : 4.314992771387308 size: 0.0
2261000 : 4.273213713943809 size: 0.0
2262000 : 4.330702354647721 size: 0.0
2263000 : 4.451662568513758 size: 0.0
2264000 : 4.393538279932258 size: 0.0
2265000 : 4.2755069306104145 size: 0.0
2266000 : 4.220542651255868 size: 0.0
2267000 : 4.377555932187577 size: 0.0
2268000 : 4.3010525456389725 size: 0.0
2269000 : 4.352411036735529 size: 0.0
2270000 : 4.374678662438643 size: 0.0
2271000 : 4.396093254193476 size: 0.0
2272000 : 4.264769021821144 size: 0.0
2273000 : 4.409543329386853 size: 0.0
2274000 : 4.296450977832487 size: 0.0
2275000 : 4.465993538844854 size: 0.0
2276000 : 4.440746141732892 size: 0.0
2277000 : 4.277428320785853 size: 0.0
2278000 : 4.408440232664219 size: 0.0
2279000 : 4.273351644029802 size: 0.0
2280000 : 4.22606260641796 size: 0.0
2281000 : 4.311824850958415 size: 0.0
2282000 : 4.380749993979402 size: 0.0
2283000 : 4.358344782155598 size: 0.0
2284000 : 4.193592625900363 size: 0.0
2285000 : 4.246053869754253 size: 0.0
2286000 : 4.360350099864658 size: 0.0
2287000 : 4.37142509464962 size: 0.0
2288000 : 4.340264590035693 size: 0.0
2289000 : 4.417621010532577 size: 0.0
2290000 : 4.355886806109467 size: 0.0
2291000 : 4.334655891825755 size: 0.0
2292000 : 4.292698316390661 size: 0.0
2293000 : 4.319877422637114 size: 0.0
2294000 : 4.293519017600578 size: 0.0
2295000 : 4.356415824743521 size: 0.0
2296000 : 4.299177590779266 size: 0.0
2297000 : 4.312167096433632 size: 0.0
2298000 : 4.3028917281073 size: 0.0
2299000 : 4.340798768149273 size: 0.0
2300000 : 4.444497427313512 size: 0.0
2301000 : 4.213633420240105 size: 0.0
2302000 : 4.335234441463258 size: 0.0
2303000 : 4.106559085604731 size: 0.0
2304000 : 4.290141966268235 size: 0.0
2305000 : 4.244666313727092 size: 0.0
2306000 : 4.292542844074281 size: 0.0
2307000 : 4.166042381093349 size: 0.0
2308000 : 4.3112751944062575 size: 0.0
2309000 : 4.424906883553729 size: 0.0
2310000 : 4.458410823768313 size: 0.0
2311000 : 4.27087371799617 size: 0.0
2312000 : 4.367015459481498 size: 0.0
2313000 : 4.4336945090822155 size: 0.0
2314000 : 4.342656180778591 size: 0.0
2315000 : 4.331424681781344 size: 0.0
2316000 : 4.5201498437056475 size: 0.0
2317000 : 4.3158482130927 size: 0.0
2318000 : 4.241462276941518 size: 0.0
2319000 : 4.464403731220278 size: 0.0
2320000 : 4.426023738888432 size: 0.0
2321000 : 4.393073238844325 size: 0.0
2322000 : 4.307242545208827 size: 0.0
2323000 : 4.278196395304607 size: 0.0
2324000 : 4.363404855709284 size: 0.0
2325000 : 4.299205795934007 size: 0.0
2326000 : 4.410489921897201 size: 0.0
2327000 : 4.35731873366055 size: 0.0
2328000 : 4.472314933159968 size: 0.0
2329000 : 4.392712419242815 size: 0.0
2330000 : 4.447988331160725 size: 0.0
2331000 : 4.398040097801243 size: 0.0
2332000 : 4.28929374783418 size: 0.0
2333000 : 4.296195411613305 size: 0.0
2334000 : 4.332260861429839 size: 0.0
2335000 : 4.1551149474228275 size: 0.0
2336000 : 4.1996047954092255 size: 0.0
2337000 : 4.243540859259846 size: 0.0
2338000 : 4.206237822287703 size: 0.0
2339000 : 4.322021702328072 size: 0.0
2340000 : 4.229293472497069 size: 0.0
2341000 : 4.293066359263507 size: 0.0
2342000 : 4.4641416296603635 size: 0.0
2343000 : 4.26872496675629 size: 0.0
2344000 : 4.241441982988716 size: 0.0
2345000 : 4.297324305733569 size: 0.0
2346000 : 4.382545836819711 size: 0.0
2347000 : 4.4028016094730305 size: 0.0
2348000 : 4.442464248415011 size: 0.0
2349000 : 4.417323480546584 size: 0.0
2350000 : 4.373916091364717 size: 0.0
2351000 : 4.346264376793693 size: 0.0
2352000 : 4.391753100016302 size: 0.0
2353000 : 4.372343482005228 size: 0.0
2354000 : 4.443576976166094 size: 0.0
2355000 : 4.4131890176198425 size: 0.0
2356000 : 4.383316663060878 size: 0.0
2357000 : 4.285418634744939 size: 0.0
2358000 : 4.365519898349595 size: 0.0
2359000 : 4.324093405340364 size: 0.0
2360000 : 4.374845829575281 size: 0.0
2361000 : 4.332766834388678 size: 0.0
2362000 : 4.366765740672444 size: 0.0
2363000 : 4.216911065600248 size: 0.0
2364000 : 4.38593836659063 size: 0.0
2365000 : 4.495747225374724 size: 0.0
2366000 : 4.4774272894395155 size: 0.0
2367000 : 4.201093821200396 size: 0.0
2368000 : 4.349544085945646 size: 0.0
2369000 : 4.2466011185492984 size: 0.0
2370000 : 4.1695810961175015 size: 0.0
2371000 : 4.3248202040229105 size: 0.0
2372000 : 4.316540271279772 size: 0.0
2373000 : 4.1273631389490015 size: 0.0
2374000 : 4.312451211772857 size: 0.0
2375000 : 4.360585372131038 size: 0.0
2376000 : 4.283727013391053 size: 0.0
2377000 : 4.305559522987483 size: 0.0
2378000 : 4.257385462654302 size: 0.0
2379000 : 4.203762304011184 size: 0.0
2380000 : 4.348162033363313 size: 0.0
2381000 : 4.398305295048873 size: 0.0
2382000 : 4.409732854268103 size: 0.0
2383000 : 4.381745085597293 size: 0.0
2384000 : 4.1383985777242644 size: 0.0
2385000 : 3.997999852761807 size: 0.0
2386000 : 4.3326918499529015 size: 0.0
2387000 : 4.350400215581642 size: 0.0
2388000 : 4.31130752714462 size: 0.0
2389000 : 4.117265005620941 size: 0.0
2390000 : 4.25931063644806 size: 0.0
2391000 : 4.230880872364533 size: 0.0
2392000 : 4.3521871153241065 size: 0.0
2393000 : 4.279772444317113 size: 0.0
2394000 : 4.476675381289943 size: 0.0
2395000 : 4.401313271612464 size: 0.0
2396000 : 4.391956383509622 size: 0.0
2397000 : 4.288459975942797 size: 0.0
2398000 : 4.1702800336106085 size: 0.0
2399000 : 4.445492862896706 size: 0.0
waiting for write process!
write end!
end join!
last series
Last encode part don't need inference.
637.3749952316284
36946.21879315376 
@@@@@@@@@@@@@
end
main
