start!
start to right
413868
0 : 7.5396485569733755 size: 0.0
1000 : 2.685735594373943 size: 0.0
2000 : 2.322259548838544 size: 0.0
3000 : 2.317815001192296 size: 0.0
4000 : 2.118665282868595 size: 0.0
5000 : 2.2195888299785116 size: 0.0
6000 : 2.140176872838515 size: 0.0
7000 : 2.0594231070564866 size: 0.0
8000 : 2.0110643373562787 size: 0.0
9000 : 1.9659792574152442 size: 0.0
10000 : 1.8155938438824852 size: 0.0
11000 : 1.858645228977067 size: 0.0
12000 : 1.971787283517532 size: 0.0
13000 : 1.967362341893483 size: 0.0
14000 : 2.076915290493092 size: 0.0
15000 : 1.8653503165862553 size: 0.0
16000 : 1.8793928720118545 size: 0.0
17000 : 1.89937467630235 size: 0.0
18000 : 1.7427757015765688 size: 0.0
19000 : 1.8821378871022758 size: 0.0
20000 : 1.944485381658363 size: 0.0
21000 : 1.851991220215185 size: 0.0
22000 : 1.742603718925706 size: 0.0
23000 : 1.7985300692291792 size: 0.0
24000 : 1.7663448919814115 size: 0.0
25000 : 1.7114301436303132 size: 0.0
26000 : 1.7826579623637016 size: 0.0
27000 : 1.9088651949249122 size: 0.0
28000 : 1.8357763519265378 size: 0.0
29000 : 1.7477463441518055 size: 0.0
30000 : 1.6095471053112327 size: 0.0
31000 : 1.8810074451381547 size: 0.0
32000 : 1.6846641397112325 size: 0.0
33000 : 1.7490193597334922 size: 0.0
34000 : 1.9232288419596724 size: 0.0
35000 : 1.7390689595025226 size: 0.0
36000 : 1.6444967316889694 size: 0.0
37000 : 1.829082787154957 size: 0.0
38000 : 1.68890935946513 size: 0.0
39000 : 1.7296726873726331 size: 0.0
40000 : 1.7690876712973715 size: 0.0
41000 : 1.8930267966590038 size: 0.0
42000 : 1.8101791421027207 size: 0.0
43000 : 1.6478798024140917 size: 0.0
44000 : 1.667603460745642 size: 0.0
45000 : 1.702210153717558 size: 0.0
46000 : 1.59616960679652 size: 0.0
47000 : 1.6399156298179367 size: 0.0
48000 : 1.6754603161676584 size: 0.0
49000 : 1.6585862383782541 size: 0.0
50000 : 1.7010260531663677 size: 0.0
51000 : 1.6388488214346346 size: 0.0
52000 : 1.604489955462612 size: 0.0
53000 : 1.5902847044492965 size: 0.0
54000 : 1.77345465476808 size: 0.0
55000 : 1.5940031413436013 size: 0.0
56000 : 1.8360699263115605 size: 0.0
57000 : 1.746917387774647 size: 0.0
58000 : 1.5943170096814259 size: 0.0
59000 : 1.950073785915499 size: 0.0
60000 : 1.797504880647386 size: 0.0
61000 : 1.8584214795482945 size: 0.0
62000 : 1.7013234111697093 size: 0.0
63000 : 1.7740125664874788 size: 0.0
64000 : 1.6436101611237715 size: 0.0
65000 : 1.5827496285670442 size: 0.0
66000 : 1.6098446352972255 size: 0.0
67000 : 1.7666773344455293 size: 0.0
68000 : 1.7436356148308827 size: 0.0
69000 : 1.7355288686171626 size: 0.0
70000 : 1.681996000865747 size: 0.0
71000 : 1.7295818805329775 size: 0.0
72000 : 1.6055588276377242 size: 0.0
73000 : 1.7182559630604073 size: 0.0
74000 : 1.7981382927505136 size: 0.0
75000 : 1.8229595168536377 size: 0.0
76000 : 1.8262263273067767 size: 0.0
77000 : 1.7903037950731093 size: 0.0
78000 : 1.6559394253814754 size: 0.0
79000 : 1.5960975460658087 size: 0.0
80000 : 1.6219585772760492 size: 0.0
81000 : 1.5847635454086477 size: 0.0
82000 : 1.8267417593114126 size: 0.0
83000 : 1.6663266615456365 size: 0.0
84000 : 1.7907762314150295 size: 0.0
85000 : 1.7963142447554628 size: 0.0
86000 : 1.6481351966506228 size: 0.0
87000 : 1.6097810017164063 size: 0.0
88000 : 1.7876612816426023 size: 0.0
89000 : 1.701648630362491 size: 0.0
90000 : 1.755627277144943 size: 0.0
91000 : 1.6670759899554457 size: 0.0
92000 : 1.5521391244705764 size: 0.0
93000 : 1.5712703025699044 size: 0.0
94000 : 1.5333974870754528 size: 0.0
95000 : 1.7673398116166528 size: 0.0
96000 : 1.668113561288101 size: 0.0
97000 : 1.7084997312422618 size: 0.0
98000 : 1.788880122689267 size: 0.0
99000 : 1.7934662120571747 size: 0.0
100000 : 1.726590242321219 size: 0.0
101000 : 1.6909437422421862 size: 0.0
102000 : 1.6907263561714958 size: 0.0
103000 : 1.6186559944315306 size: 0.0
104000 : 1.7294912456759728 size: 0.0
105000 : 1.7883478363848466 size: 0.0
106000 : 1.802659888624348 size: 0.0
107000 : 1.8476390272524508 size: 0.0
108000 : 1.7219496344529879 size: 0.0
109000 : 1.7645046776171793 size: 0.0
110000 : 1.6813092741408517 size: 0.0
111000 : 1.6915147246430509 size: 0.0
112000 : 1.67801597835948 size: 0.0
113000 : 1.7884536057151272 size: 0.0
114000 : 1.6088340652407556 size: 0.0
115000 : 1.7050440838384755 size: 0.0
116000 : 1.6945875386660167 size: 0.0
117000 : 1.9265410558326392 size: 0.0
118000 : 1.8068784510673617 size: 0.0
119000 : 1.7499325876095737 size: 0.0
120000 : 1.6263283124691714 size: 0.0
121000 : 1.5516642803715441 size: 0.0
122000 : 1.7287567077741377 size: 0.0
123000 : 1.7350488650386044 size: 0.0
124000 : 1.6714436613567576 size: 0.0
125000 : 1.7000863399620532 size: 0.0
126000 : 1.7359125619112374 size: 0.0
127000 : 1.806341349248717 size: 0.0
128000 : 1.7567752613394523 size: 0.0
129000 : 1.608127732493662 size: 0.0
130000 : 1.6307412153076601 size: 0.0
131000 : 1.6515368415020384 size: 0.0
132000 : 1.5708523847283078 size: 0.0
133000 : 1.7537426912567884 size: 0.0
134000 : 1.6703071999998562 size: 0.0
135000 : 1.6436254675796984 size: 0.0
136000 : 1.6369386101315015 size: 0.0
137000 : 1.6118826297099498 size: 0.0
138000 : 1.6645856811709523 size: 0.0
139000 : 1.7815548656410674 size: 0.0
140000 : 1.7315674202371887 size: 0.0
141000 : 1.6693007575270071 size: 0.0
142000 : 1.5786739837068975 size: 0.0
143000 : 1.5858855602228767 size: 0.0
144000 : 1.6856824489869913 size: 0.0
145000 : 1.6281621634753214 size: 0.0
146000 : 1.6534121403270465 size: 0.0
147000 : 1.7095741068622017 size: 0.0
148000 : 1.5475845079277766 size: 0.0
149000 : 1.7036016653456891 size: 0.0
150000 : 1.65628321870055 size: 0.0
151000 : 1.6173313840545853 size: 0.0
152000 : 1.6889736809765528 size: 0.0
153000 : 1.691667273254366 size: 0.0
154000 : 1.6364960987708315 size: 0.0
155000 : 1.7414787804064122 size: 0.0
156000 : 1.650862841493307 size: 0.0
157000 : 1.663917872537652 size: 0.0
158000 : 1.7717525424724907 size: 0.0
159000 : 1.700150489490825 size: 0.0
160000 : 1.7333176876750194 size: 0.0
161000 : 1.793965993640582 size: 0.0
162000 : 1.6901926940058685 size: 0.0
163000 : 1.770619004820654 size: 0.0
164000 : 1.6315459221310473 size: 0.0
165000 : 1.7104685886293391 size: 0.0
166000 : 1.734934152610479 size: 0.0
167000 : 1.7959584126508277 size: 0.0
168000 : 1.5501498011480463 size: 0.0
169000 : 1.6914851436271023 size: 0.0
170000 : 1.5732542944302577 size: 0.0
171000 : 1.670100476853519 size: 0.0
172000 : 1.6298185283857811 size: 0.0
173000 : 1.4892369858654568 size: 0.0
174000 : 1.6693769458413392 size: 0.0
175000 : 1.5048098429184331 size: 0.0
176000 : 1.521208388678202 size: 0.0
177000 : 1.5264306418716511 size: 0.0
178000 : 1.6176990829621298 size: 0.0
179000 : 1.6267630846105525 size: 0.0
180000 : 1.8078744025985083 size: 0.0
181000 : 1.6294184967398744 size: 0.0
182000 : 1.617062059223334 size: 0.0
183000 : 1.5936877251619188 size: 0.0
184000 : 1.6227717112493285 size: 0.0
185000 : 1.550943673064429 size: 0.0
186000 : 1.7879741180845217 size: 0.0
187000 : 1.5714837330396252 size: 0.0
188000 : 1.525501763574341 size: 0.0
189000 : 1.6292563171001107 size: 0.0
190000 : 1.5924088621701031 size: 0.0
191000 : 1.5814196867279222 size: 0.0
192000 : 1.4758837369045157 size: 0.0
193000 : 1.6256838934763884 size: 0.0
194000 : 1.7435883196018955 size: 0.0
195000 : 1.670818848386173 size: 0.0
196000 : 1.7780417760318927 size: 0.0
197000 : 1.6209569503174242 size: 0.0
198000 : 1.5885086396138364 size: 0.0
199000 : 1.6296890254496814 size: 0.0
200000 : 1.6119171982227731 size: 0.0
201000 : 1.7931181191718284 size: 0.0
202000 : 1.5136017680131908 size: 0.0
203000 : 1.641377138384969 size: 0.0
204000 : 1.5721195528998648 size: 0.0
205000 : 1.6655482680678313 size: 0.0
206000 : 1.6248951810395316 size: 0.0
207000 : 1.556624947953031 size: 0.0
208000 : 1.5524326988555992 size: 0.0
209000 : 1.670608341621517 size: 0.0
210000 : 1.621557341751586 size: 0.0
211000 : 1.6368734287068245 size: 0.0
212000 : 1.5838441261571352 size: 0.0
213000 : 1.5806478285908498 size: 0.0
214000 : 1.57722537383868 size: 0.0
215000 : 1.5324713605005564 size: 0.0
216000 : 1.6789654945748935 size: 0.0
217000 : 1.7624058013460497 size: 0.0
218000 : 1.6107740295424882 size: 0.0
219000 : 1.5618941524101657 size: 0.0
220000 : 1.5778197458800618 size: 0.0
221000 : 1.6291159792570067 size: 0.0
222000 : 1.7657899039670772 size: 0.0
223000 : 1.6903679443270976 size: 0.0
224000 : 1.5942413373150464 size: 0.0
225000 : 1.4144627988799519 size: 0.0
226000 : 1.7033940822860976 size: 0.0
227000 : 1.7101247953102645 size: 0.0
228000 : 1.5820675453737223 size: 0.0
229000 : 1.6212402057433952 size: 0.0
230000 : 1.6061600789851407 size: 0.0
231000 : 1.5265984969388933 size: 0.0
232000 : 1.4225174343504607 size: 0.0
233000 : 1.6323067733784642 size: 0.0
234000 : 1.5808870564582 size: 0.0
235000 : 1.533137621289999 size: 0.0
236000 : 1.6769624126402942 size: 0.0
237000 : 1.6833837288755589 size: 0.0
238000 : 1.6586865042637071 size: 0.0
239000 : 1.7673167659414373 size: 0.0
240000 : 1.565764965933135 size: 0.0
241000 : 1.5836239883640308 size: 0.0
242000 : 1.5474665278292847 size: 0.0
243000 : 1.543265335634008 size: 0.0
244000 : 1.6623376959415246 size: 0.0
245000 : 1.8690893913986637 size: 0.0
246000 : 1.7700031349479142 size: 0.0
247000 : 1.4713573255164574 size: 0.0
248000 : 1.3817900508169882 size: 0.0
249000 : 1.4725782303549324 size: 0.0
250000 : 1.5922523579578178 size: 0.0
251000 : 1.6261577056795153 size: 0.0
252000 : 1.6202480378305677 size: 0.0
253000 : 1.5149757374109338 size: 0.0
254000 : 1.771021444223673 size: 0.0
255000 : 1.5700033063809982 size: 0.0
256000 : 1.6063057482904215 size: 0.0
257000 : 1.6402095481682613 size: 0.0
258000 : 1.6972362434719548 size: 0.0
259000 : 1.6599598638106954 size: 0.0
260000 : 1.5582267943631671 size: 0.0
261000 : 1.5002567742194912 size: 0.0
262000 : 1.5948969351801352 size: 0.0
263000 : 1.5808413090730706 size: 0.0
264000 : 1.6108115217603762 size: 0.0
265000 : 1.4856195027872083 size: 0.0
266000 : 1.4562918172835262 size: 0.0
267000 : 1.4757119262363037 size: 0.0
268000 : 1.5796037219174617 size: 0.0
269000 : 1.5636786443955182 size: 0.0
270000 : 1.6864861239144733 size: 0.0
271000 : 1.5957828178147295 size: 0.0
272000 : 1.4918408031995196 size: 0.0
273000 : 1.5227648316685105 size: 0.0
274000 : 1.3864144063247128 size: 0.0
275000 : 1.5398411610553295 size: 0.0
276000 : 1.5849757719998125 size: 0.0
277000 : 1.5846694708986258 size: 0.0
278000 : 1.6170445169929462 size: 0.0
279000 : 1.4883392364279528 size: 0.0
280000 : 1.5203792603183923 size: 0.0
281000 : 1.6219965854418898 size: 0.0
282000 : 1.5419028890738729 size: 0.0
283000 : 1.447943091480042 size: 0.0
284000 : 1.5672756615383139 size: 0.0
285000 : 1.7415353626985461 size: 0.0
286000 : 1.6648199215414274 size: 0.0
287000 : 1.613391777471271 size: 0.0
288000 : 1.5620989837473434 size: 0.0
289000 : 1.6312525197286754 size: 0.0
290000 : 1.5731598759549341 size: 0.0
291000 : 1.524484142229186 size: 0.0
292000 : 1.530646624574902 size: 0.0
293000 : 1.5958461074302472 size: 0.0
294000 : 1.6526598882121726 size: 0.0
295000 : 1.702763077940082 size: 0.0
296000 : 1.5650061784775282 size: 0.0
297000 : 1.570107527867421 size: 0.0
298000 : 1.5839313213611226 size: 0.0
299000 : 1.4717857342997567 size: 0.0
300000 : 1.5751416320408262 size: 0.0
301000 : 1.638749415462436 size: 0.0
302000 : 1.3657017617593759 size: 0.0
303000 : 1.4990821327140982 size: 0.0
304000 : 1.5438927283443555 size: 0.0
305000 : 1.5097959639322478 size: 0.0
306000 : 1.563368215710711 size: 0.0
307000 : 1.7324823679397787 size: 0.0
308000 : 1.6406267780792543 size: 0.0
309000 : 1.5525788841088326 size: 0.0
310000 : 1.6059409730879415 size: 0.0
311000 : 1.430931771535249 size: 0.0
312000 : 1.498102347552133 size: 0.0
313000 : 1.4762197910043016 size: 0.0
314000 : 1.6533044791876064 size: 0.0
315000 : 1.6896043413572668 size: 0.0
316000 : 1.5849909064730885 size: 0.0
317000 : 1.576584738464216 size: 0.0
318000 : 1.4799709046022704 size: 0.0
319000 : 1.5859971769632866 size: 0.0
320000 : 1.6989543501540743 size: 0.0
321000 : 1.478586100297523 size: 0.0
322000 : 1.5885721012120047 size: 0.0
323000 : 1.6373097486920634 size: 0.0
324000 : 1.6651353377231097 size: 0.0
325000 : 1.5404281378427243 size: 0.0
326000 : 1.7121942625480966 size: 0.0
327000 : 1.8050578427253279 size: 0.0
328000 : 1.8281747187584014 size: 0.0
329000 : 1.600558604046539 size: 0.0
330000 : 1.693734676700388 size: 0.0
331000 : 1.4722223982502973 size: 0.0
332000 : 1.627416790666482 size: 0.0
333000 : 1.4940588634476972 size: 0.0
334000 : 1.4040500232921378 size: 0.0
335000 : 1.5617802998952945 size: 0.0
336000 : 1.6165698448765646 size: 0.0
337000 : 1.4066043096227523 size: 0.0
338000 : 1.5302778937714523 size: 0.0
339000 : 1.589925432691644 size: 0.0
340000 : 1.637124695359735 size: 0.0
341000 : 1.7872614219793463 size: 0.0
342000 : 1.6375316063116765 size: 0.0
343000 : 1.5381901276070467 size: 0.0
344000 : 1.7215688648639775 size: 0.0
345000 : 1.4650892458231115 size: 0.0
346000 : 1.5206685351371436 size: 0.0
347000 : 1.4748384263525716 size: 0.0
348000 : 1.5997781467769234 size: 0.0
349000 : 1.383780320044098 size: 0.0
350000 : 1.6340959088953901 size: 0.0
351000 : 1.5059160353287828 size: 0.0
352000 : 1.4168291941644988 size: 0.0
353000 : 1.6067709613610053 size: 0.0
354000 : 1.616488153117405 size: 0.0
355000 : 1.4882816222399138 size: 0.0
356000 : 1.625347151445999 size: 0.0
357000 : 1.7174368096943478 size: 0.0
358000 : 1.6047916130322253 size: 0.0
359000 : 1.5913499649887408 size: 0.0
360000 : 1.6310065845379416 size: 0.0
361000 : 1.5878437546856006 size: 0.0
362000 : 1.617493391711698 size: 0.0
363000 : 1.6928778591337894 size: 0.0
364000 : 1.6035249608086206 size: 0.0
365000 : 1.5658612762176183 size: 0.0
366000 : 1.6111633982640414 size: 0.0
367000 : 1.7175372475624515 size: 0.0
368000 : 1.6257317046533282 size: 0.0
369000 : 1.6539882822074368 size: 0.0
370000 : 1.6018343713506393 size: 0.0
371000 : 1.6948859285652635 size: 0.0
372000 : 1.5832860424550854 size: 0.0
373000 : 1.4130939889617349 size: 0.0
374000 : 1.6502578065275717 size: 0.0
375000 : 1.4431949944550218 size: 0.0
376000 : 1.738790175625474 size: 0.0
377000 : 1.676867306234367 size: 0.0
378000 : 1.6260127243048381 size: 0.0
379000 : 1.4302934579265718 size: 0.0
380000 : 1.553284184960021 size: 0.0
381000 : 1.5691917202515764 size: 0.0
382000 : 1.5915795618276425 size: 0.0
383000 : 1.7352808696346185 size: 0.0
384000 : 1.6194699883180643 size: 0.0
385000 : 1.6471576472631186 size: 0.0
386000 : 1.3892699202683134 size: 0.0
387000 : 1.5564058420558318 size: 0.0
388000 : 1.7171220814432688 size: 0.0
389000 : 1.5693759136706504 size: 0.0
390000 : 1.5481639174785335 size: 0.0
391000 : 1.6171293044398214 size: 0.0
392000 : 1.6152779112032833 size: 0.0
393000 : 1.58582639819098 size: 0.0
394000 : 1.5498228621287562 size: 0.0
395000 : 1.5736242291122637 size: 0.0
396000 : 1.7136903396279521 size: 0.0
397000 : 1.5691762418129989 size: 0.0
398000 : 1.6349800717034757 size: 0.0
399000 : 1.666710870787664 size: 0.0
400000 : 1.610474607747336 size: 0.0
401000 : 1.6762485126565627 size: 0.0
402000 : 1.5813512376328787 size: 0.0
403000 : 1.5998161549427643 size: 0.0
404000 : 1.7813139179472086 size: 0.0
405000 : 1.4756868167692778 size: 0.0
406000 : 1.5332715957750211 size: 0.0
407000 : 1.3958984755978678 size: 0.0
408000 : 1.5161620737365855 size: 0.0
409000 : 1.6980084455743287 size: 0.0
410000 : 1.6805427474659562 size: 0.0
411000 : 1.5726011043222807 size: 0.0
412000 : 1.5770365368880326 size: 0.0
413000 : 1.4852904999761078 size: 0.0
waiting for write process!
write end!
end join!
last series
Last encode part don't need inference.
42.137929916381836
压缩完成，总共用时：6201.225402355194 秒
@@@@@@@@@@@@@
end！
main执行完毕
