FLAGS.seq_len change from 1 to 16 due to FLAGS.vocab_dim = 16 and FLAGS.hidden_dim = 256.
mlpCompressor(
  (input_map): Embedding(256, 16)
  (output_logit_map): Linear(in_features=256, out_features=256, bias=True)
  (layers): ModuleList(
    (0): BELayer(
      (V_map): dense_baens()
      (layernorm1): LayerNorm((16,), eps=1e-05, elementwise_affine=True)
      (layernorm2): LayerNorm((16,), eps=1e-05, elementwise_affine=True)
    )
    (1): LinearLayer(
      (U_map): Linear(in_features=256, out_features=4096, bias=True)
      (V_map): Linear(in_features=4096, out_features=256, bias=True)
      (layernorm1): LayerNorm((256,), eps=1e-05, elementwise_affine=True)
      (layernorm2): LayerNorm((256,), eps=1e-05, elementwise_affine=True)
    )
    (2): BELayer(
      (V_map): dense_baens()
      (layernorm1): LayerNorm((32,), eps=1e-05, elementwise_affine=False)
      (layernorm2): LayerNorm((32,), eps=1e-05, elementwise_affine=True)
    )
    (3): LinearLayer(
      (U_map): Linear(in_features=256, out_features=4096, bias=True)
      (V_map): Linear(in_features=4096, out_features=256, bias=True)
      (layernorm1): LayerNorm((256,), eps=1e-05, elementwise_affine=True)
      (layernorm2): LayerNorm((256,), eps=1e-05, elementwise_affine=True)
    )
    (4): BELayer(
      (V_map): dense_baens()
      (layernorm1): LayerNorm((64,), eps=1e-05, elementwise_affine=False)
      (layernorm2): LayerNorm((64,), eps=1e-05, elementwise_affine=True)
    )
    (5): LinearLayer(
      (U_map): Linear(in_features=256, out_features=4096, bias=True)
      (V_map): Linear(in_features=4096, out_features=256, bias=True)
      (layernorm1): LayerNorm((256,), eps=1e-05, elementwise_affine=True)
      (layernorm2): LayerNorm((256,), eps=1e-05, elementwise_affine=True)
    )
    (6): BELayer(
      (V_map): dense_baens()
      (layernorm1): LayerNorm((128,), eps=1e-05, elementwise_affine=False)
      (layernorm2): LayerNorm((128,), eps=1e-05, elementwise_affine=True)
    )
    (7): LinearLayer(
      (U_map): Linear(in_features=256, out_features=4096, bias=True)
      (V_map): Linear(in_features=4096, out_features=256, bias=True)
      (layernorm1): LayerNorm((256,), eps=1e-05, elementwise_affine=True)
      (layernorm2): LayerNorm((256,), eps=1e-05, elementwise_affine=True)
    )
  )
)
1953108
999 : 2.6667700355673962 size: 0.0
1999 : 2.2543551228504284 size: 0.0
2999 : 2.1322634351243646 size: 0.0
3999 : 2.0718878936430705 size: 0.0
4999 : 2.063021500060489 size: 0.0
5999 : 2.014248252171702 size: 0.0
6999 : 2.027058551903869 size: 0.0
7999 : 1.9838905625720022 size: 0.0
8999 : 1.7524572929242397 size: 0.0
9999 : 2.035461280259724 size: 0.0
10999 : 1.81916076406138 size: 0.0
11999 : 1.9459331316133262 size: 0.0
12999 : 1.726274310191584 size: 0.0
13999 : 1.8504361530860836 size: 0.0
14999 : 1.8433085041037252 size: 0.0
15999 : 1.812936539944004 size: 0.0
16999 : 1.8948848972189256 size: 0.0
17999 : 1.7473282543275581 size: 0.0
18999 : 2.0535435361714396 size: 0.0
19999 : 1.879567778367782 size: 0.0
20999 : 1.8316083523828774 size: 0.0
21999 : 1.6696627810070732 size: 0.0
22999 : 1.6952259382660193 size: 0.0
23999 : 1.7282918386688555 size: 0.0
24999 : 1.7084613791111194 size: 0.0
25999 : 1.8022491940540875 size: 0.0
26999 : 1.5358365450299891 size: 0.0
27999 : 1.7185110133316368 size: 0.0
28999 : 1.7128637910079056 size: 0.0
29999 : 1.8041293083933196 size: 0.0
30999 : 1.9955888224836904 size: 0.0
31999 : 1.779127158541488 size: 0.0
32999 : 1.8610813632265388 size: 0.0
33999 : 1.7767376315904002 size: 0.0
34999 : 1.6377773695197593 size: 0.0
35999 : 1.6407980727995137 size: 0.0
36999 : 1.7741159280606476 size: 0.0
37999 : 1.6885117355763353 size: 0.0
38999 : 1.7215583739222748 size: 0.0
39999 : 1.7590641784397854 size: 0.0
40999 : 1.6860974431235232 size: 0.0
41999 : 1.8298795827764045 size: 0.0
42999 : 1.8091088940664015 size: 0.0
43999 : 1.8119118673101635 size: 0.0
44999 : 1.6874437233144772 size: 0.0
45999 : 1.765940388786582 size: 0.0
46999 : 1.5444504680811038 size: 0.0
47999 : 1.5615672133908756 size: 0.0
48999 : 1.8234589544717432 size: 0.0
49999 : 1.6853472548004595 size: 0.0
50999 : 1.6493254885772444 size: 0.0
51999 : 1.5899075464959544 size: 0.0
52999 : 1.6730154108029929 size: 0.0
53999 : 1.6284605533745684 size: 0.0
54999 : 1.6699996950201135 size: 0.0
55999 : 1.749331680227459 size: 0.0
56999 : 1.676216867848804 size: 0.0
57999 : 1.9252073303751982 size: 0.0
58999 : 1.7101794857932389 size: 0.0
59999 : 1.6395382998819437 size: 0.0
60999 : 1.6914144587575979 size: 0.0
61999 : 1.712348015037968 size: 0.0
62999 : 1.626492899866047 size: 0.0
63999 : 1.6812348056530282 size: 0.0
64999 : 1.569014406138537 size: 0.0
65999 : 1.5829451728410753 size: 0.0
66999 : 1.8091945414265311 size: 0.0
67999 : 1.6515564475242368 size: 0.0
68999 : 1.7783683710858813 size: 0.0
69999 : 1.7310999713921436 size: 0.0
70999 : 1.7216376579243227 size: 0.0
71999 : 1.5605256864572503 size: 0.0
72999 : 1.8088528118992666 size: 0.0
73999 : 1.6781057533032302 size: 0.0
74999 : 1.6683498654503865 size: 0.0
75999 : 1.7220925520358548 size: 0.0
76999 : 1.6921211354699932 size: 0.0
77999 : 1.8352739906033675 size: 0.0
78999 : 1.5842314310868781 size: 0.0
79999 : 1.5911948366376625 size: 0.0
80999 : 1.7322252538767389 size: 0.0
81999 : 1.7905268565712784 size: 0.0
82999 : 1.6593006543099382 size: 0.0
83999 : 1.7807360562403096 size: 0.0
84999 : 1.7719066389276639 size: 0.0
85999 : 1.7671786638727944 size: 0.0
86999 : 1.7554876272324424 size: 0.0
87999 : 1.687820193337216 size: 0.0
88999 : 1.7087346595433404 size: 0.0
89999 : 1.6892632997606059 size: 0.0
90999 : 1.702284106257429 size: 0.0
91999 : 1.720332137621623 size: 0.0
92999 : 1.5690207694966187 size: 0.0
93999 : 1.7165134348418654 size: 0.0
94999 : 1.6372118905637225 size: 0.0
95999 : 1.557650308517475 size: 0.0
96999 : 1.8486600882506232 size: 0.0
97999 : 1.84396926144834 size: 0.0
98999 : 1.7524760390331837 size: 0.0
99999 : 1.7831721904897813 size: 0.0
100999 : 1.8712261038529832 size: 0.0
101999 : 1.7239829853341389 size: 0.0
102999 : 1.6735476971074132 size: 0.0
103999 : 1.651783120658074 size: 0.0
104999 : 1.7345138270117701 size: 0.0
105999 : 1.6512657968442785 size: 0.0
106999 : 1.574460064795457 size: 0.0
107999 : 1.775558174570783 size: 0.0
108999 : 1.6698425028772248 size: 0.0
109999 : 1.5513220348963273 size: 0.0
110999 : 1.7269603489858758 size: 0.0
111999 : 1.714022954074721 size: 0.0
112999 : 1.7836104022841797 size: 0.0
113999 : 1.651252898145464 size: 0.0
114999 : 1.60595662350917 size: 0.0
115999 : 1.6533242571924556 size: 0.0
116999 : 1.731935463110035 size: 0.0
117999 : 1.67161358021581 size: 0.0
118999 : 1.6590139592309499 size: 0.0
119999 : 1.632300925968335 size: 0.0
120999 : 1.8073900994536785 size: 0.0
121999 : 1.7606505464113438 size: 0.0
122999 : 1.4903142851904614 size: 0.0
123999 : 1.6495858703106507 size: 0.0
124999 : 1.5928642722295878 size: 0.0
125999 : 1.5764665863830734 size: 0.0
126999 : 1.6501430940994462 size: 0.0
127999 : 1.7489863390645264 size: 0.0
128999 : 1.5415345022357247 size: 0.0
129999 : 1.632354756538055 size: 0.0
130999 : 1.6079167097810534 size: 0.0
131999 : 1.5831426089242657 size: 0.0
132999 : 1.6246884578931944 size: 0.0
133999 : 1.573062017826593 size: 0.0
134999 : 1.589973071885933 size: 0.0
135999 : 1.6726165830356419 size: 0.0
136999 : 1.7240650210586004 size: 0.0
137999 : 1.7651945000297902 size: 0.0
138999 : 1.7624221396978816 size: 0.0
139999 : 1.708923152528686 size: 0.0
140999 : 1.7581297966976477 size: 0.0
141999 : 1.7851150784965784 size: 0.0
142999 : 1.6615995464040214 size: 0.0
143999 : 1.6883474921447614 size: 0.0
144999 : 1.680362509647852 size: 0.0
145999 : 1.73053518036671 size: 0.0
146999 : 1.5560966172495805 size: 0.0
147999 : 1.634087137780196 size: 0.0
148999 : 1.4698010545087998 size: 0.0
149999 : 1.6723216327894121 size: 0.0
150999 : 1.6131348353908819 size: 0.0
151999 : 1.6553961321873998 size: 0.0
152999 : 1.7191949883341182 size: 0.0
153999 : 1.6242244487011666 size: 0.0
154999 : 1.7104723722476582 size: 0.0
155999 : 1.5459673550617137 size: 0.0
156999 : 1.5931540629962917 size: 0.0
157999 : 1.5768635223412646 size: 0.0
158999 : 1.7521090280562426 size: 0.0
159999 : 1.526595057285876 size: 0.0
160999 : 1.546925814374972 size: 0.0
161999 : 1.5921333459634208 size: 0.0
162999 : 1.521738783173463 size: 0.0
163999 : 1.5787204190226303 size: 0.0
164999 : 1.7007235356835 size: 0.0
165999 : 1.8201138919124618 size: 0.0
166999 : 1.5310363372617573 size: 0.0
167999 : 1.6057564357035656 size: 0.0
168999 : 1.8652072270207376 size: 0.0
169999 : 1.5417745900163293 size: 0.0
170999 : 1.5248066096995536 size: 0.0
171999 : 1.7596934629592924 size: 0.0
172999 : 1.7215733364129 size: 0.0
173999 : 1.645673093020871 size: 0.0
174999 : 1.5683094492526504 size: 0.0
175999 : 1.8137978290595251 size: 0.0
176999 : 1.4511815247957887 size: 0.0
177999 : 1.5363399382490646 size: 0.0
178999 : 1.622773431075837 size: 0.0
179999 : 1.757910174852496 size: 0.0
180999 : 1.6788547377477379 size: 0.0
181999 : 1.6871771502056399 size: 0.0
182999 : 1.550197956290288 size: 0.0
183999 : 1.541808986546502 size: 0.0
184999 : 1.6340264279044414 size: 0.0
185999 : 1.6064957891196248 size: 0.0
186999 : 1.6472045985268042 size: 0.0
187999 : 1.6155668420567328 size: 0.0
188999 : 1.5360023363054207 size: 0.0
189999 : 1.651049614652144 size: 0.0
190999 : 1.5837777408539022 size: 0.0
191999 : 1.6561564674868643 size: 0.0
192999 : 1.5850285706736273 size: 0.0
193999 : 1.6870043076415229 size: 0.0
194999 : 1.6243661624054775 size: 0.0
195999 : 1.5732661612331673 size: 0.0
196999 : 1.6159126991676178 size: 0.0
197999 : 1.8633852428174968 size: 0.0
198999 : 1.589663675097031 size: 0.0
199999 : 1.5688616855445707 size: 0.0
200999 : 1.763271562010493 size: 0.0
201999 : 1.5090653816313826 size: 0.0
202999 : 1.5938101768093331 size: 0.0
203999 : 1.700283260097291 size: 0.0
204999 : 1.7066039664818011 size: 0.0
205999 : 1.4694015388108455 size: 0.0
206999 : 1.6547499933681082 size: 0.0
207999 : 1.4808698579183301 size: 0.0
208999 : 1.4801169178728528 size: 0.0
209999 : 1.7870215061813925 size: 0.0
210999 : 1.5411269033531798 size: 0.0
211999 : 1.6757630056331771 size: 0.0
212999 : 1.6083366914144603 size: 0.0
213999 : 1.5264585030610909 size: 0.0
214999 : 1.499191685662698 size: 0.0
215999 : 1.6807658089641253 size: 0.0
216999 : 1.6848727546667293 size: 0.0
217999 : 1.62066509575891 size: 0.0
218999 : 1.6435334568614868 size: 0.0
219999 : 1.588813736836467 size: 0.0
220999 : 1.6763449949236968 size: 0.0
221999 : 1.6087418825398931 size: 0.0
222999 : 1.5946112719970522 size: 0.0
223999 : 1.6328467989021735 size: 0.0
224999 : 1.4553679264830912 size: 0.0
225999 : 1.670690033380677 size: 0.0
226999 : 1.4567357045054032 size: 0.0
227999 : 1.647930881261398 size: 0.0
228999 : 1.5702593885481329 size: 0.0
229999 : 1.4779452929404082 size: 0.0
230999 : 1.6547720071474186 size: 0.0
231999 : 1.6616004063172756 size: 0.0
232999 : 1.6586472922193103 size: 0.0
233999 : 1.5815736112004444 size: 0.0
234999 : 1.6778744366378198 size: 0.0
235999 : 1.840460643388088 size: 0.0
236999 : 1.6841963469008858 size: 0.0
237999 : 1.4952237019419912 size: 0.0
238999 : 1.6689440655091174 size: 0.0
239999 : 1.6047751026977424 size: 0.0
240999 : 1.6645235954339908 size: 0.0
241999 : 1.5920951658149294 size: 0.0
242999 : 1.515775456737446 size: 0.0
243999 : 1.4754364100296216 size: 0.0
244999 : 1.5039786507668131 size: 0.0
245999 : 1.7076123007638098 size: 0.0
246999 : 1.5929081278055577 size: 0.0
247999 : 1.7384960852924987 size: 0.0
248999 : 1.5633394946080168 size: 0.0
249999 : 1.572500494471526 size: 0.0
250999 : 1.5280577697314641 size: 0.0
251999 : 1.589545694998539 size: 0.0
252999 : 1.5217306999888724 size: 0.0
253999 : 1.7176280544021072 size: 0.0
254999 : 1.8349016481642495 size: 0.0
255999 : 1.6019041963068896 size: 0.0
256999 : 1.5783843649228444 size: 0.0
257999 : 1.603261311404848 size: 0.0
258999 : 1.5745721974838194 size: 0.0
259999 : 1.6458462795502897 size: 0.0
260999 : 1.5702564648430681 size: 0.0
261999 : 1.6551171763277004 size: 0.0
262999 : 1.6542619066049595 size: 0.0
263999 : 1.6374865468571504 size: 0.0
264999 : 1.5464886344764788 size: 0.0
265999 : 1.7976280202254038 size: 0.0
266999 : 1.6007555241817768 size: 0.0
267999 : 1.4702103732178533 size: 0.0
268999 : 1.7615844122055289 size: 0.0
269999 : 1.6947321760753922 size: 0.0
270999 : 1.5026798377874973 size: 0.0
271999 : 1.4718473040887656 size: 0.0
272999 : 1.7768917280455732 size: 0.0
273999 : 1.5506358241193845 size: 0.0
274999 : 1.6554642373171415 size: 0.0
275999 : 1.60525699808546 size: 0.0
276999 : 1.6257917265984794 size: 0.0
277999 : 1.648456116277133 size: 0.0
278999 : 1.6351188617027221 size: 0.0
279999 : 1.6192916423091195 size: 0.0
280999 : 1.72383972378597 size: 0.0
281999 : 1.6088442122171565 size: 0.0
282999 : 1.6327303666475395 size: 0.0
283999 : 1.560885990110808 size: 0.0
284999 : 1.4309033084065312 size: 0.0
285999 : 1.5033657045991382 size: 0.0
286999 : 1.487185748788616 size: 0.0
287999 : 1.5376702240534883 size: 0.0
288999 : 1.6518900938669105 size: 0.0
289999 : 1.5338023342355838 size: 0.0
290999 : 1.7005570564774648 size: 0.0
291999 : 1.622961580095881 size: 0.0
292999 : 1.843460536767088 size: 0.0
293999 : 1.6161385123882008 size: 0.0
294999 : 1.7365956770004645 size: 0.0
295999 : 1.586305197890982 size: 0.0
296999 : 1.5485126982944832 size: 0.0
297999 : 1.624053497946209 size: 0.0
298999 : 1.5102886942269698 size: 0.0
299999 : 1.412542870557045 size: 0.0
300999 : 1.5937288290154752 size: 0.0
301999 : 1.5190969576735593 size: 0.0
302999 : 1.5057760414509804 size: 0.0
303999 : 1.694241165607179 size: 0.0
304999 : 1.5701816523899428 size: 0.0
305999 : 1.4934682750246344 size: 0.0
306999 : 1.5380632044107099 size: 0.0
307999 : 1.7094728090808435 size: 0.0
308999 : 1.6981417321287475 size: 0.0
309999 : 1.6695714582194652 size: 0.0
310999 : 1.456799854034175 size: 0.0
311999 : 1.5938722625462947 size: 0.0
312999 : 1.8111768134603758 size: 0.0
313999 : 1.4930642877777576 size: 0.0
314999 : 1.5359325113491704 size: 0.0
315999 : 1.619888938055566 size: 0.0
316999 : 1.4813448740000132 size: 0.0
317999 : 1.5974924973469569 size: 0.0
318999 : 1.5375319500021947 size: 0.0
319999 : 1.6794506576329773 size: 0.0
320999 : 1.530509898367466 size: 0.0
321999 : 1.4849195333981968 size: 0.0
322999 : 1.5068927248030326 size: 0.0
323999 : 1.542796510927756 size: 0.0
324999 : 1.5939436353464027 size: 0.0
325999 : 1.7117754847932458 size: 0.0
326999 : 1.6604778755550942 size: 0.0
327999 : 1.5066263236768462 size: 0.0
328999 : 1.5403581409038232 size: 0.0
329999 : 1.5561831245229645 size: 0.0
330999 : 1.5783616632129305 size: 0.0
331999 : 1.544757285130243 size: 0.0
332999 : 1.7053878771575501 size: 0.0
333999 : 1.6192206134743132 size: 0.0
334999 : 1.6781872730797391 size: 0.0
335999 : 1.5977697333801477 size: 0.0
336999 : 1.7231184285482515 size: 0.0
337999 : 1.4761575332846892 size: 0.0
338999 : 1.5535020869786642 size: 0.0
339999 : 1.5922544217496282 size: 0.0
340999 : 1.5304677626180048 size: 0.0
341999 : 1.4689638429643996 size: 0.0
342999 : 1.6930116616361608 size: 0.0
343999 : 1.5099228871285846 size: 0.0
344999 : 1.5998146070989065 size: 0.0
345999 : 1.5618430735628595 size: 0.0
346999 : 1.7561277466589538 size: 0.0
347999 : 1.6632956393068303 size: 0.0
348999 : 1.7186303692913356 size: 0.0
349999 : 1.6252917730324212 size: 0.0
350999 : 1.7392232279403466 size: 0.0
351999 : 1.6853465668698562 size: 0.0
352999 : 1.5331981591831028 size: 0.0
353999 : 1.556696320753139 size: 0.0
354999 : 1.5609551271364548 size: 0.0
355999 : 1.6233383940839214 size: 0.0
356999 : 1.5681649838259255 size: 0.0
357999 : 1.6729646759209882 size: 0.0
358999 : 1.6368773843077944 size: 0.0
359999 : 1.6883039805340931 size: 0.0
360999 : 1.6668226595107247 size: 0.0
361999 : 1.510048778429016 size: 0.0
362999 : 1.3662697344638504 size: 0.0
363999 : 1.6949452625798114 size: 0.0
364999 : 1.5164934843047981 size: 0.0
365999 : 1.571023679448567 size: 0.0
366999 : 1.6343858716447448 size: 0.0
367999 : 1.7173207214050152 size: 0.0
368999 : 1.7284237493620673 size: 0.0
369999 : 1.7466422155332664 size: 0.0
370999 : 1.6284404314044174 size: 0.0
371999 : 1.7813988773767349 size: 0.0
372999 : 1.4224627438674864 size: 0.0
373999 : 1.5583733235817023 size: 0.0
374999 : 1.505316331825224 size: 0.0
375999 : 1.7909908657633062 size: 0.0
376999 : 1.6408537951783932 size: 0.0
377999 : 1.6340200645463596 size: 0.0
378999 : 1.585291016198844 size: 0.0
379999 : 1.5792050661327617 size: 0.0
380999 : 1.657465427442581 size: 0.0
381999 : 1.715720078873435 size: 0.0
382999 : 1.4718727575210933 size: 0.0
383999 : 1.735514594057141 size: 0.0
384999 : 1.6510981137596874 size: 0.0
385999 : 1.5957430898223803 size: 0.0
386999 : 1.554478948435565 size: 0.0
387999 : 1.3952056434888669 size: 0.0
388999 : 1.6153896999263442 size: 0.0
389999 : 1.7473956715266963 size: 0.0
390999 : 1.6180728012624548 size: 0.0
391999 : 1.6757738405401814 size: 0.0
392999 : 1.7640160749060783 size: 0.0
393999 : 1.6188840434265748 size: 0.0
394999 : 1.586980917726222 size: 0.0
395999 : 1.6024356226980556 size: 0.0
396999 : 1.5497755668997688 size: 0.0
397999 : 1.6536988354060347 size: 0.0
398999 : 1.6206730069608497 size: 0.0
399999 : 1.6271770468511793 size: 0.0
400999 : 1.5595894129059533 size: 0.0
401999 : 1.6365509612364566 size: 0.0
402999 : 1.5312564750548616 size: 0.0
403999 : 1.575064239847938 size: 0.0
404999 : 1.5169746917619122 size: 0.0
405999 : 1.7106512342045554 size: 0.0
406999 : 1.5694328399280861 size: 0.0
407999 : 1.642891273643165 size: 0.0
408999 : 1.568935466101791 size: 0.0
409999 : 1.3643959834827 size: 0.0
410999 : 1.5359091217086531 size: 0.0
411999 : 1.662824922791419 size: 0.0
412999 : 1.6943717004391838 size: 0.0
413999 : 1.454256058645263 size: 0.0
414999 : 1.6114727950529437 size: 0.0
415999 : 1.5397106262233247 size: 0.0
416999 : 1.5700432063559981 size: 0.0
417999 : 1.579605957691923 size: 0.0
418999 : 1.654049680013795 size: 0.0
419999 : 1.310989007031716 size: 0.0
420999 : 1.6145856810335606 size: 0.0
421999 : 1.4745665217815573 size: 0.0
422999 : 1.8090186031746984 size: 0.0
423999 : 1.5051489927059347 size: 0.0
424999 : 1.8689547289830382 size: 0.0
425999 : 1.6660268957851827 size: 0.0
426999 : 1.467864185894783 size: 0.0
427999 : 1.5376086542644793 size: 0.0
428999 : 1.5859847942124246 size: 0.0
429999 : 1.5997189847450268 size: 0.0
430999 : 1.5007632631262822 size: 0.0
431999 : 1.7128992194339834 size: 0.0
432999 : 1.622057639282946 size: 0.0
433999 : 1.6301919027208043 size: 0.0
434999 : 1.5571706489042187 size: 0.0
435999 : 1.8112684802132857 size: 0.0
436999 : 1.7230332971360742 size: 0.0
437999 : 1.5508642170797304 size: 0.0
438999 : 1.6107986230615614 size: 0.0
439999 : 1.4187391474936557 size: 0.0
440999 : 1.66478655690716 size: 0.0
441999 : 1.4524983959534452 size: 0.0
442999 : 1.561644261618462 size: 0.0
443999 : 1.5504719246531122 size: 0.0
444999 : 1.5385383924750438 size: 0.0
445999 : 1.4836473777297645 size: 0.0
446999 : 1.5489614010305843 size: 0.0
447999 : 1.6327461890514188 size: 0.0
448999 : 1.6089057820061654 size: 0.0
449999 : 1.5321007378879472 size: 0.0
450999 : 1.6831400294592864 size: 0.0
451999 : 1.628135162199136 size: 0.0
452999 : 1.534656916027721 size: 0.0
453999 : 1.6428527495293717 size: 0.0
454999 : 1.5050177699433263 size: 0.0
455999 : 1.5686148904405826 size: 0.0
456999 : 1.613666089799397 size: 0.0
457999 : 1.5075510743905356 size: 0.0
458999 : 1.5103894760603753 size: 0.0
459999 : 1.5416512784556606 size: 0.0
460999 : 1.6914751686333525 size: 0.0
461999 : 1.603059403772735 size: 0.0
462999 : 1.5857330116115613 size: 0.0
463999 : 1.6205280255861723 size: 0.0
464999 : 1.5244784668017075 size: 0.0
465999 : 1.6231022619042867 size: 0.0
466999 : 1.388342761797512 size: 0.0
467999 : 1.5385447558331258 size: 0.0
468999 : 1.5831427809069167 size: 0.0
469999 : 1.8531206302834011 size: 0.0
470999 : 1.3850071582840278 size: 0.0
471999 : 1.6507744424107635 size: 0.0
472999 : 1.4414765438076005 size: 0.0
473999 : 1.65595232408029 size: 0.0
474999 : 1.5802268150615377 size: 0.0
475999 : 1.6000278655859763 size: 0.0
476999 : 1.4947743112752865 size: 0.0
477999 : 1.4626680740642648 size: 0.0
478999 : 1.5883872198623272 size: 0.0
479999 : 1.4625184491580143 size: 0.0
480999 : 1.5189309944154767 size: 0.0
481999 : 1.5467407610426438 size: 0.0
482999 : 1.632704397267259 size: 0.0
483999 : 1.633816609070389 size: 0.0
484999 : 1.6233850013823052 size: 0.0
485999 : 1.5634266898120042 size: 0.0
486999 : 1.5482330545041803 size: 0.0
487999 : 1.515031975737766 size: 0.0
488999 : 1.5905275439523148 size: 0.0
489999 : 1.7258030777282198 size: 0.0
490999 : 1.7405218689370117 size: 0.0
491999 : 1.698800425681552 size: 0.0
492999 : 1.4338430938490547 size: 0.0
493999 : 1.656081655033739 size: 0.0
494999 : 1.4976479693885532 size: 0.0
495999 : 1.5514303839663708 size: 0.0
496999 : 1.632768546796031 size: 0.0
497999 : 1.5308729537434376 size: 0.0
498999 : 1.6047257436769449 size: 0.0
499999 : 1.6442989516404771 size: 0.0
500999 : 1.5339469716449594 size: 0.0
501999 : 1.6744414909439473 size: 0.0
502999 : 1.6252848937263866 size: 0.0
503999 : 1.4142866886454684 size: 0.0
504999 : 1.5937185100564233 size: 0.0
505999 : 1.5189165478728042 size: 0.0
506999 : 1.4981788798317668 size: 0.0
507999 : 1.6203894075695768 size: 0.0
508999 : 1.4982196397200211 size: 0.0
509999 : 1.39533978995654 size: 0.0
510999 : 1.4935762801293762 size: 0.0
511999 : 1.5122393214530556 size: 0.0
512999 : 1.6311109780070152 size: 0.0
513999 : 1.6177468941390698 size: 0.0
514999 : 1.7059693505001172 size: 0.0
515999 : 1.5190298844397228 size: 0.0
516999 : 1.5549367662521618 size: 0.0
517999 : 1.703862391044397 size: 0.0
518999 : 1.5428240281518941 size: 0.0
519999 : 1.5397806231622257 size: 0.0
520999 : 1.510592931536346 size: 0.0
521999 : 1.4866125306132902 size: 0.0
522999 : 1.6663228779273176 size: 0.0
523999 : 1.6341019282881704 size: 0.0
524999 : 1.6607122879082201 size: 0.0
525999 : 1.5652588209916458 size: 0.0
526999 : 1.474169757806017 size: 0.0
527999 : 1.497895452423145 size: 0.0
528999 : 1.506503700046781 size: 0.0
529999 : 1.608248120349266 size: 0.0
530999 : 1.5897218052330224 size: 0.0
531999 : 1.5847487549006736 size: 0.0
532999 : 1.4587436019542264 size: 0.0
533999 : 1.4906671935900317 size: 0.0
534999 : 1.563342934261034 size: 0.0
535999 : 1.563278956714913 size: 0.0
536999 : 1.543920933499097 size: 0.0
537999 : 1.7270356773869535 size: 0.0
538999 : 1.4880974288208397 size: 0.0
539999 : 1.5760342219988042 size: 0.0
540999 : 1.705729090736862 size: 0.0
541999 : 1.5407019342228978 size: 0.0
542999 : 1.670184748352442 size: 0.0
543999 : 1.664093466824183 size: 0.0
544999 : 1.5763504980937408 size: 0.0
545999 : 1.4879985387965937 size: 0.0
546999 : 1.733001067614781 size: 0.0
547999 : 1.5562682559351415 size: 0.0
548999 : 1.6369018058442169 size: 0.0
549999 : 1.5566799824013071 size: 0.0
550999 : 1.4839359646179124 size: 0.0
551999 : 1.6174970033473661 size: 0.0
552999 : 1.547404786057625 size: 0.0
553999 : 1.6085253563824569 size: 0.0
554999 : 1.5200595445704383 size: 0.0
555999 : 1.624917366801493 size: 0.0
556999 : 1.6125322081822586 size: 0.0
557999 : 1.6241972754423302 size: 0.0
558999 : 1.5220022605945847 size: 0.0
559999 : 1.6465347261016936 size: 0.0
560999 : 1.6907810466544702 size: 0.0
561999 : 1.6648147620619016 size: 0.0
562999 : 1.4874848266184664 size: 0.0
563999 : 1.6049195681244672 size: 0.0
564999 : 1.6377555277230997 size: 0.0
565999 : 1.559072261074809 size: 0.0
566999 : 1.6110758590947523 size: 0.0
567999 : 1.569981980532291 size: 0.0
568999 : 1.5783503123579736 size: 0.0
569999 : 1.49702143659146 size: 0.0
570999 : 1.3916438827894981 size: 0.0
571999 : 1.459345885197548 size: 0.0
572999 : 1.641507329251672 size: 0.0
573999 : 1.5626947316499322 size: 0.0
574999 : 1.6103316901644689 size: 0.0
575999 : 1.5528083089650835 size: 0.0
576999 : 1.4456808316905927 size: 0.0
577999 : 1.4620967476980986 size: 0.0
578999 : 1.5925860043004918 size: 0.0
579999 : 1.637831716037432 size: 0.0
580999 : 1.4872578095193276 size: 0.0
581999 : 1.5106477940019711 size: 0.0
582999 : 1.5614439018302069 size: 0.0
583999 : 1.5115424477517596 size: 0.0
584999 : 1.5773337229087236 size: 0.0
585999 : 1.4690090744015767 size: 0.0
586999 : 1.6652027549222481 size: 0.0
587999 : 1.5521004283741322 size: 0.0
588999 : 1.5505974719882423 size: 0.0
589999 : 1.727966447493423 size: 0.0
590999 : 1.720322162627873 size: 0.0
591999 : 1.634063576157028 size: 0.0
592999 : 1.544046480834227 size: 0.0
593999 : 1.5256713384680918 size: 0.0
594999 : 1.6158483776561952 size: 0.0
595999 : 1.5007863088014979 size: 0.0
596999 : 1.574268132157094 size: 0.0
597999 : 1.5718345776473852 size: 0.0
598999 : 1.704654715116922 size: 0.0
599999 : 1.4111644296103796 size: 0.0
600999 : 1.4735143319235788 size: 0.0
601999 : 1.3885813017342588 size: 0.0
602999 : 1.541576809967837 size: 0.0
603999 : 1.6343652337266412 size: 0.0
604999 : 1.6960585062788462 size: 0.0
605999 : 1.513246623839159 size: 0.0
606999 : 1.5618807377633985 size: 0.0
607999 : 1.6432921652023262 size: 0.0
608999 : 1.5169518180693475 size: 0.0
609999 : 1.4342364181715779 size: 0.0
610999 : 1.5065389564902079 size: 0.0
611999 : 1.5392982118265557 size: 0.0
612999 : 1.5449431983758257 size: 0.0
613999 : 1.6068571246690877 size: 0.0
614999 : 1.5966439349475996 size: 0.0
615999 : 1.3738382609716953 size: 0.0
616999 : 1.4809025346219942 size: 0.0
617999 : 1.4385991880673403 size: 0.0
618999 : 1.4675888416707517 size: 0.0
619999 : 1.4385043396353894 size: 0.0
620999 : 1.4218136813431301 size: 0.0
621999 : 1.6389929428960577 size: 0.0
622999 : 1.5791627584006496 size: 0.0
623999 : 1.5872910024457276 size: 0.0
624999 : 1.7855051351487352 size: 0.0
625999 : 1.585249396397335 size: 0.0
626999 : 1.5386678954111435 size: 0.0
627999 : 1.6511540081212177 size: 0.0
628999 : 1.4035251322417044 size: 0.0
629999 : 1.5596754042313847 size: 0.0
630999 : 1.5183906249264658 size: 0.0
631999 : 1.5887261976671778 size: 0.0
632999 : 1.5789919796283427 size: 0.0
633999 : 1.560480970968026 size: 0.0
634999 : 1.7035282287537705 size: 0.0
635999 : 1.575668414900419 size: 0.0
636999 : 1.4497893252370544 size: 0.0
637999 : 1.6164964082846462 size: 0.0
638999 : 1.5802646512447276 size: 0.0
639999 : 1.487400211154242 size: 0.0
640999 : 1.5341416560057362 size: 0.0
641999 : 1.6871262433409846 size: 0.0
642999 : 1.5838563369253464 size: 0.0
643999 : 1.5201132031575075 size: 0.0
644999 : 1.566785339000704 size: 0.0
645999 : 1.5136387442831263 size: 0.0
646999 : 1.509394384442483 size: 0.0
647999 : 1.520782215669364 size: 0.0
648999 : 1.4366225054696486 size: 0.0
649999 : 1.5960485310103127 size: 0.0
650999 : 1.472300478373789 size: 0.0
651999 : 1.4835648260573504 size: 0.0
652999 : 1.367599762294298 size: 0.0
653999 : 1.5566266677795397 size: 0.0
654999 : 1.6953322235442525 size: 0.0
655999 : 1.5664460172305517 size: 0.0
656999 : 1.4220750949724417 size: 0.0
657999 : 1.5794222802208016 size: 0.0
658999 : 1.6239035290746566 size: 0.0
659999 : 1.368558393590207 size: 0.0
660999 : 1.6410276696384156 size: 0.0
661999 : 1.7444336143308863 size: 0.0
662999 : 1.636743581805423 size: 0.0
663999 : 1.4217280339830005 size: 0.0
664999 : 1.5066307952257687 size: 0.0
665999 : 1.3942432285746387 size: 0.0
666999 : 1.5519036802215451 size: 0.0
667999 : 1.4306381971502262 size: 0.0
668999 : 1.6476959529603192 size: 0.0
669999 : 1.6524768986716545 size: 0.0
670999 : 1.6556898785550735 size: 0.0
671999 : 1.6428928214870226 size: 0.0
672999 : 1.60830074704043 size: 0.0
673999 : 1.4376969670809139 size: 0.0
674999 : 1.610485786619642 size: 0.0
675999 : 1.5923896001132065 size: 0.0
676999 : 1.506791942969627 size: 0.0
677999 : 1.4772265774424524 size: 0.0
678999 : 1.5770556269622784 size: 0.0
679999 : 1.4900083280545764 size: 0.0
680999 : 1.6146971257913196 size: 0.0
681999 : 1.5316649338506607 size: 0.0
682999 : 1.5017196586477302 size: 0.0
683999 : 1.5133310673207327 size: 0.0
684999 : 1.6117691211603802 size: 0.0
685999 : 1.432009500816881 size: 0.0
686999 : 1.351040154781996 size: 0.0
687999 : 1.6551058254727433 size: 0.0
688999 : 1.63989636776104 size: 0.0
689999 : 1.6706356868630041 size: 0.0
690999 : 1.3572358297793288 size: 0.0
691999 : 1.5775284072695002 size: 0.0
692999 : 1.561011193480636 size: 0.0
693999 : 1.643682221854483 size: 0.0
694999 : 1.5726227741362895 size: 0.0
695999 : 1.5613407122396892 size: 0.0
696999 : 1.578230612432973 size: 0.0
697999 : 1.5231672710715294 size: 0.0
698999 : 1.5794233121167067 size: 0.0
699999 : 1.6132409486864643 size: 0.0
700999 : 1.5595266392383884 size: 0.0
701999 : 1.6221272922565455 size: 0.0
702999 : 1.4948934952523345 size: 0.0
703999 : 1.475660159458394 size: 0.0
704999 : 1.6524873896133572 size: 0.0
705999 : 1.4620052529278396 size: 0.0
706999 : 1.6079125821974327 size: 0.0
707999 : 1.6182937989688135 size: 0.0
708999 : 1.427740117500537 size: 0.0
709999 : 1.6447717319476989 size: 0.0
710999 : 1.630021811879101 size: 0.0
711999 : 1.6303637133890163 size: 0.0
712999 : 1.6231842976287483 size: 0.0
713999 : 1.6365158767756807 size: 0.0
714999 : 1.5068032938245841 size: 0.0
715999 : 1.5520273357475156 size: 0.0
716999 : 1.536140094408762 size: 0.0
717999 : 1.5036670182034497 size: 0.0
718999 : 1.6095218238615558 size: 0.0
719999 : 1.472785641431873 size: 0.0
720999 : 1.4327793811534681 size: 0.0
721999 : 1.5166021773401435 size: 0.0
722999 : 1.4934275151363798 size: 0.0
723999 : 1.6736641293620473 size: 0.0
724999 : 1.6046605622522678 size: 0.0
725999 : 1.5917766539455314 size: 0.0
726999 : 1.6399472746256953 size: 0.0
727999 : 1.5457974362026612 size: 0.0
728999 : 1.5745730573970738 size: 0.0
729999 : 1.5077414591850407 size: 0.0
730999 : 1.5239343136943775 size: 0.0
731999 : 1.5504504268217545 size: 0.0
732999 : 1.4642140261128707 size: 0.0
733999 : 1.5145146519239707 size: 0.0
734999 : 1.6788810510933199 size: 0.0
735999 : 1.6496973150684098 size: 0.0
736999 : 1.5102830187994911 size: 0.0
737999 : 1.422785383320505 size: 0.0
738999 : 1.527487475261203 size: 0.0
739999 : 1.5715977575371471 size: 0.0
740999 : 1.460320166914686 size: 0.0
741999 : 1.4171683439520002 size: 0.0
742999 : 1.556141160756154 size: 0.0
743999 : 1.596129534838869 size: 0.0
744999 : 1.6146785516650264 size: 0.0
745999 : 1.6751547029970753 size: 0.0
746999 : 1.5005451891249881 size: 0.0
747999 : 1.5351842148352663 size: 0.0
748999 : 1.5454502032305693 size: 0.0
749999 : 1.4582221505568105 size: 0.0
750999 : 1.7221494782932905 size: 0.0
751999 : 1.4849025071157613 size: 0.0
752999 : 1.6065033563562627 size: 0.0
753999 : 1.4451863815693622 size: 0.0
754999 : 1.4881901274696547 size: 0.0
755999 : 1.6596750605408666 size: 0.0
756999 : 1.6522725832824294 size: 0.0
757999 : 1.6371056052854893 size: 0.0
758999 : 1.7948854128920946 size: 0.0
759999 : 1.6125277366333362 size: 0.0
760999 : 1.5067811080626228 size: 0.0
761999 : 1.5487075546379108 size: 0.0
762999 : 1.5827021613554062 size: 0.0
763999 : 1.3853104496888244 size: 0.0
764999 : 1.5889729927711658 size: 0.0
765999 : 1.7166119809008096 size: 0.0
766999 : 1.483869923279981 size: 0.0
767999 : 1.5774604741224094 size: 0.0
768999 : 1.4583100336914012 size: 0.0
769999 : 1.5606412587986302 size: 0.0
770999 : 1.6611733733951832 size: 0.0
771999 : 1.6375950679098448 size: 0.0
772999 : 1.6194827150342281 size: 0.0
773999 : 1.7017519919356596 size: 0.0
774999 : 1.6867662836527286 size: 0.0
775999 : 1.7296721714246805 size: 0.0
776999 : 1.5298310828445105 size: 0.0
777999 : 1.3594232771156527 size: 0.0
778999 : 1.5849656250234117 size: 0.0
779999 : 1.5967546917747553 size: 0.0
780999 : 1.5071424436120855 size: 0.0
781999 : 1.546962274696955 size: 0.0
782999 : 1.6092753727228695 size: 0.0
783999 : 1.6081093303500198 size: 0.0
784999 : 1.62581374037779 size: 0.0
785999 : 1.6628013611682506 size: 0.0
786999 : 1.698644953365172 size: 0.0
787999 : 1.5662109169468224 size: 0.0
788999 : 1.5606252644121 size: 0.0
789999 : 1.4187247869423087 size: 0.0
790999 : 1.458819274320606 size: 0.0
791999 : 1.515298720829254 size: 0.0
792999 : 1.671130996897489 size: 0.0
793999 : 1.6768263743634617 size: 0.0
794999 : 1.6574360184092836 size: 0.0
795999 : 1.5541213965044212 size: 0.0
796999 : 1.6314920915613271 size: 0.0
797999 : 1.5319275513585282 size: 0.0
798999 : 1.759596292761555 size: 0.0
799999 : 1.5868701608990663 size: 0.0
800999 : 1.6221271202738947 size: 0.0
801999 : 1.5635728750652376 size: 0.0
802999 : 1.6102444949604815 size: 0.0
803999 : 1.647692513307302 size: 0.0
804999 : 1.6770963871253164 size: 0.0
805999 : 1.6097911486928072 size: 0.0
806999 : 1.5707548705652685 size: 0.0
807999 : 1.686726899625681 size: 0.0
808999 : 1.4976316310367213 size: 0.0
809999 : 1.6177907497150399 size: 0.0
810999 : 1.5424948533581426 size: 0.0
811999 : 1.54973394709826 size: 0.0
812999 : 1.546030988642533 size: 0.0
813999 : 1.5420360036456406 size: 0.0
814999 : 1.549191169852137 size: 0.0
815999 : 1.494432925713324 size: 0.0
816999 : 1.582738621677389 size: 0.0
817999 : 1.489219099669767 size: 0.0
818999 : 1.5885137990933622 size: 0.0
819999 : 1.5222824203328402 size: 0.0
820999 : 1.3982411372765955 size: 0.0
821999 : 1.549173627621749 size: 0.0
822999 : 1.69710175303898 size: 0.0
823999 : 1.6727409264922157 size: 0.0
824999 : 1.5364372804294528 size: 0.0
825999 : 1.5706709430316474 size: 0.0
826999 : 1.4371261566627003 size: 0.0
827999 : 1.5040916433684302 size: 0.0
828999 : 1.5136062395621133 size: 0.0
829999 : 1.6633408707440072 size: 0.0
830999 : 1.4280933698654092 size: 0.0
831999 : 1.5212680666580514 size: 0.0
832999 : 1.5705878754112808 size: 0.0
833999 : 1.5444920878826125 size: 0.0
834999 : 1.5226582024249755 size: 0.0
835999 : 1.5001886690897495 size: 0.0
836999 : 1.526936098882537 size: 0.0
837999 : 1.6283052530408393 size: 0.0
838999 : 1.6318278016958114 size: 0.0
839999 : 1.6858814329140395 size: 0.0
840999 : 1.6104809711054178 size: 0.0
841999 : 1.559675060266083 size: 0.0
842999 : 1.5618181360784844 size: 0.0
843999 : 1.5549470852112135 size: 0.0
844999 : 1.5549895649259766 size: 0.0
845999 : 1.6319738149663938 size: 0.0
846999 : 1.5450257500482398 size: 0.0
847999 : 1.5800022057195109 size: 0.0
848999 : 1.6197640786510397 size: 0.0
849999 : 1.6904434447108263 size: 0.0
850999 : 1.564031208829787 size: 0.0
851999 : 1.5787494840906262 size: 0.0
852999 : 1.528338789382974 size: 0.0
853999 : 1.4383367425421236 size: 0.0
854999 : 1.4149925054446093 size: 0.0
855999 : 1.383953334590866 size: 0.0
856999 : 1.464747516295847 size: 0.0
857999 : 1.602233543083292 size: 0.0
858999 : 1.6619024078521907 size: 0.0
859999 : 1.4862800881491725 size: 0.0
860999 : 1.5823177801307278 size: 0.0
861999 : 1.4651668099986506 size: 0.0
862999 : 1.524390067719164 size: 0.0
863999 : 1.482456053907238 size: 0.0
864999 : 1.7359988972019706 size: 0.0
865999 : 1.5637056456717038 size: 0.0
866999 : 1.5695346536573969 size: 0.0
867999 : 1.5071862991880556 size: 0.0
868999 : 1.5557485243642342 size: 0.0
869999 : 1.6147736580709535 size: 0.0
870999 : 1.5770031722537652 size: 0.0
871999 : 1.5880704278194377 size: 0.0
872999 : 1.5552384238217751 size: 0.0
873999 : 1.6088289057612297 size: 0.0
874999 : 1.5225794343708803 size: 0.0
875999 : 1.6472396829875802 size: 0.0
876999 : 1.5173281161094354 size: 0.0
877999 : 1.7076731826222151 size: 0.0
878999 : 1.6155238463940171 size: 0.0
879999 : 1.6511104965105494 size: 0.0
880999 : 1.594433613918711 size: 0.0
881999 : 1.5448025165674197 size: 0.0
882999 : 1.479409725212505 size: 0.0
883999 : 1.5166697665219324 size: 0.0
884999 : 1.5403502297018834 size: 0.0
885999 : 1.5057748375724245 size: 0.0
886999 : 1.6616404782749266 size: 0.0
887999 : 1.6944686986542705 size: 0.0
888999 : 1.4558040744856793 size: 0.0
889999 : 1.6012111062239125 size: 0.0
890999 : 1.4491419825392067 size: 0.0
891999 : 1.5905093137913233 size: 0.0
892999 : 1.5280575977488133 size: 0.0
893999 : 1.6525759606785515 size: 0.0
894999 : 1.5134856797238585 size: 0.0
895999 : 1.5854697061730905 size: 0.0
896999 : 1.4862462075669525 size: 0.0
897999 : 1.4566509170585278 size: 0.0
898999 : 1.6704657680039516 size: 0.0
899999 : 1.6248315474587123 size: 0.0
900999 : 1.5950788928247481 size: 0.0
901999 : 1.4941716840666632 size: 0.0
902999 : 1.65596625467501 size: 0.0
903999 : 1.6331171556293298 size: 0.0
904999 : 1.6131869461340933 size: 0.0
905999 : 1.5153982987841037 size: 0.0
906999 : 1.632171595014886 size: 0.0
907999 : 1.598562745383276 size: 0.0
908999 : 1.6196086063346598 size: 0.0
909999 : 1.5076365497680144 size: 0.0
910999 : 1.6531768680606662 size: 0.0
911999 : 1.5577411153571306 size: 0.0
912999 : 1.5664604637732242 size: 0.0
913999 : 1.6599877250001351 size: 0.0
914999 : 1.726439585519063 size: 0.0
915999 : 1.5031283685409476 size: 0.0
916999 : 1.6027732246416992 size: 0.0
917999 : 1.547863635770127 size: 0.0
918999 : 1.4772659614695 size: 0.0
919999 : 1.5098246850349417 size: 0.0
920999 : 1.543677750030777 size: 0.0
921999 : 1.4773543605520436 size: 0.0
922999 : 1.521056871962792 size: 0.0
923999 : 1.75486728581078 size: 0.0
924999 : 1.4763757792686343 size: 0.0
925999 : 1.4649778010653525 size: 0.0
926999 : 1.5912973382975768 size: 0.0
927999 : 1.4422852062319573 size: 0.0
928999 : 1.7274929792555977 size: 0.0
929999 : 1.5282428230637926 size: 0.0
930999 : 1.5076730100899973 size: 0.0
931999 : 1.5137579282601743 size: 0.0
932999 : 1.7069118154268454 size: 0.0
933999 : 1.5143722502890562 size: 0.0
934999 : 1.5357293998385015 size: 0.0
935999 : 1.5777189640466562 size: 0.0
936999 : 1.5571847514815895 size: 0.0
937999 : 1.581577738784065 size: 0.0
938999 : 1.5899954296305452 size: 0.0
939999 : 1.4238171932343564 size: 0.0
940999 : 1.5527347003905143 size: 0.0
941999 : 1.3717955370360724 size: 0.0
942999 : 1.552355306662711 size: 0.0
943999 : 1.5831668584780374 size: 0.0
944999 : 1.6698603890729147 size: 0.0
945999 : 1.4426082756416032 size: 0.0
946999 : 1.5451913693410206 size: 0.0
947999 : 1.6006427035628108 size: 0.0
948999 : 1.5850959878727655 size: 0.0
949999 : 1.5682843397856243 size: 0.0
950999 : 1.4965961234958762 size: 0.0
951999 : 1.5371639071293481 size: 0.0
952999 : 1.6714403936863913 size: 0.0
953999 : 1.608092476050235 size: 0.0
954999 : 1.5723453661204478 size: 0.0
955999 : 1.5445141016619228 size: 0.0
956999 : 1.5003704547517116 size: 0.0
957999 : 1.5887225860315095 size: 0.0
958999 : 1.7753841281281098 size: 0.0
959999 : 1.5766968711525786 size: 0.0
960999 : 1.589905310721493 size: 0.0
961999 : 1.5846870131290138 size: 0.0
962999 : 1.6379835767181439 size: 0.0
963999 : 1.4470508454873658 size: 0.0
964999 : 1.5086386926745918 size: 0.0
965999 : 1.5429666017694594 size: 0.0
966999 : 1.4950128512120333 size: 0.0
967999 : 1.3965883840018039 size: 0.0
968999 : 1.5410348926349684 size: 0.0
969999 : 1.6725584528996504 size: 0.0
970999 : 1.6443947459770076 size: 0.0
971999 : 1.4968654483271275 size: 0.0
972999 : 1.6138019560935786 size: 0.0
973999 : 1.7166912649028574 size: 0.0
974999 : 1.6099438692867734 size: 0.0
975999 : 1.5130115235554296 size: 0.0
976999 : 1.5359560729723387 size: 0.0
977999 : 1.701174818159364 size: 0.0
978999 : 1.6575264812836374 size: 0.0
979999 : 1.4938526562493128 size: 0.0
980999 : 1.609852546499165 size: 0.0
981999 : 1.5142699206117929 size: 0.0
982999 : 1.6503143888197056 size: 0.0
983999 : 1.6451356472369247 size: 0.0
984999 : 1.5060510417097102 size: 0.0
985999 : 1.5064734311002292 size: 0.0
986999 : 1.425895517578708 size: 0.0
987999 : 1.7149963758786044 size: 0.0
988999 : 1.6023778365273658 size: 0.0
989999 : 1.6980175606548245 size: 0.0
990999 : 1.6525499912982713 size: 0.0
991999 : 1.6813533016994726 size: 0.0
992999 : 1.4679914530564213 size: 0.0
993999 : 1.5313703275697328 size: 0.0
994999 : 1.6440010776891827 size: 0.0
995999 : 1.592375153570534 size: 0.0
996999 : 1.4643228911308668 size: 0.0
997999 : 1.4630736091549994 size: 0.0
998999 : 1.5193989592084745 size: 0.0
999999 : 1.5779802056933168 size: 0.0
1000999 : 1.604636484681147 size: 0.0
1001999 : 1.634389483280413 size: 0.0
1002999 : 1.5446190110789493 size: 0.0
1003999 : 1.5086933831575662 size: 0.0
1004999 : 1.5871847171674944 size: 0.0
1005999 : 1.5306318340669278 size: 0.0
1006999 : 1.5837773968886004 size: 0.0
1007999 : 1.4968396509294981 size: 0.0
1008999 : 1.5799767522871833 size: 0.0
1009999 : 1.4914792956674061 size: 0.0
1010999 : 1.5678065719815275 size: 0.0
1011999 : 1.5519723012992395 size: 0.0
1012999 : 1.4731151601909263 size: 0.0
1013999 : 1.558852467247006 size: 0.0
1014999 : 1.6395288408361461 size: 0.0
1015999 : 1.5141574439581285 size: 0.0
1016999 : 1.53244418724172 size: 0.0
1017999 : 1.5729390502312262 size: 0.0
1018999 : 1.5921164916636363 size: 0.0
1019999 : 1.6094098631558442 size: 0.0
1020999 : 1.6664296791535034 size: 0.0
1021999 : 1.4695091999502856 size: 0.0
1022999 : 1.613065870347886 size: 0.0
1023999 : 1.6451287679308901 size: 0.0
1024999 : 1.6873658151736364 size: 0.0
1025999 : 1.591384705484215 size: 0.0
1026999 : 1.6032135002279082 size: 0.0
1027999 : 1.6050547464880454 size: 0.0
1028999 : 1.6925063766079258 size: 0.0
1029999 : 1.5683452216440297 size: 0.0
1030999 : 1.3348395610533703 size: 0.0
1031999 : 1.487786312205429 size: 0.0
1032999 : 1.4599844567802016 size: 0.0
1033999 : 1.5816350090068023 size: 0.0
1034999 : 1.5674065403356205 size: 0.0
1035999 : 1.4481216094716376 size: 0.0
1036999 : 1.519080963287029 size: 0.0
1037999 : 1.7877861410471287 size: 0.0
1038999 : 1.539256592025047 size: 0.0
1039999 : 1.6427576431234445 size: 0.0
1040999 : 1.5788578331606697 size: 0.0
1041999 : 1.4698655480028735 size: 0.0
1042999 : 1.5482691708608616 size: 0.0
1043999 : 1.494229642220004 size: 0.0
1044999 : 1.6398734940684754 size: 0.0
1045999 : 1.435642892290334 size: 0.0
1046999 : 1.5661290532050116 size: 0.0
1047999 : 1.4695057602972683 size: 0.0
1048999 : 1.4853518977824658 size: 0.0
1049999 : 1.4548253212196192 size: 0.0
1050999 : 1.6080761376984032 size: 0.0
1051999 : 1.564557819706729 size: 0.0
1052999 : 1.5334174370629527 size: 0.0
1053999 : 1.615150472058994 size: 0.0
1054999 : 1.5402597668275295 size: 0.0
1055999 : 1.5975860559090262 size: 0.0
1056999 : 1.595520200306862 size: 0.0
1057999 : 1.7156739875230038 size: 0.0
1058999 : 1.6602161179604809 size: 0.0
1059999 : 1.4378932852768738 size: 0.0
1060999 : 1.5790265481411663 size: 0.0
1061999 : 1.5248263877044028 size: 0.0
1062999 : 1.4376451143116789 size: 0.0
1063999 : 1.4614279071688931 size: 0.0
1064999 : 1.5215275884782034 size: 0.0
1065999 : 1.3175580563640719 size: 0.0
1066999 : 1.6956687935919912 size: 0.0
1067999 : 1.5689457850608426 size: 0.0
1068999 : 1.5462136342177493 size: 0.0
1069999 : 1.6354702222584347 size: 0.0
1070999 : 1.547080254795447 size: 0.0
1071999 : 1.6251681175064507 size: 0.0
1072999 : 1.5098062828912995 size: 0.0
1073999 : 1.5630939033825848 size: 0.0
1074999 : 1.5523006161797366 size: 0.0
1075999 : 1.6093558606034732 size: 0.0
1076999 : 1.54643308408025 size: 0.0
1077999 : 1.4430063294870252 size: 0.0
1078999 : 1.5078953836575628 size: 0.0
1079999 : 1.626766180298268 size: 0.0
1080999 : 1.578055362111744 size: 0.0
1081999 : 1.6811524259632649 size: 0.0
1082999 : 1.4718753372608562 size: 0.0
1083999 : 1.5059162073114336 size: 0.0
1084999 : 1.5026834494231653 size: 0.0
1085999 : 1.6417255752356168 size: 0.0
1086999 : 1.7192412516672002 size: 0.0
1087999 : 1.5657603224015617 size: 0.0
1088999 : 1.5112896332549912 size: 0.0
1089999 : 1.642965226183036 size: 0.0
1090999 : 1.5273287352744567 size: 0.0
1091999 : 1.6772905555381405 size: 0.0
1092999 : 1.6699033847356304 size: 0.0
1093999 : 1.5495568049678714 size: 0.0
1094999 : 1.559465585397332 size: 0.0
1095999 : 1.5229230557073041 size: 0.0
1096999 : 1.5087652719056268 size: 0.0
1097999 : 1.5039607645711235 size: 0.0
1098999 : 1.5834377311531465 size: 0.0
1099999 : 1.5488618230757347 size: 0.0
1100999 : 1.7911731673732207 size: 0.0
1101999 : 1.6221460383654895 size: 0.0
1102999 : 1.5028490687159464 size: 0.0
1103999 : 1.4707239134133296 size: 0.0
1104999 : 1.5786296121829748 size: 0.0
1105999 : 1.6329049290381652 size: 0.0
1106999 : 1.545758912088868 size: 0.0
1107999 : 1.5883263380039216 size: 0.0
1108999 : 1.556786955610144 size: 0.0
1109999 : 1.5977539109762682 size: 0.0
1110999 : 1.744736131813754 size: 0.0
1111999 : 1.5801943103405247 size: 0.0
1112999 : 1.6345404840478706 size: 0.0
1113999 : 1.5557693342649885 size: 0.0
1114999 : 1.5019967226982702 size: 0.0
1115999 : 1.6225324833819783 size: 0.0
1116999 : 1.5216292302248633 size: 0.0
1117999 : 1.5639830536875454 size: 0.0
1118999 : 1.6236956020497635 size: 0.0
1119999 : 1.732617374320706 size: 0.0
1120999 : 1.4973801924011598 size: 0.0
1121999 : 1.6190601536610583 size: 0.0
1122999 : 1.6583176014776064 size: 0.0
1123999 : 1.429612234646504 size: 0.0
1124999 : 1.6620234836383982 size: 0.0
1125999 : 1.5862233341491712 size: 0.0
1126999 : 1.5726124551772378 size: 0.0
1127999 : 1.4321787317453298 size: 0.0
1128999 : 1.7015856847122752 size: 0.0
1129999 : 1.8341647025053023 size: 0.0
1130999 : 1.6415766382599697 size: 0.0
1131999 : 1.5193000691842282 size: 0.0
1132999 : 1.4943281882789485 size: 0.0
1133999 : 1.470937859831003 size: 0.0
1134999 : 1.5266253262324279 size: 0.0
1135999 : 1.4590103470457148 size: 0.0
1136999 : 1.5791077239523734 size: 0.0
1137999 : 1.4432161483210777 size: 0.0
1138999 : 1.5098967457656534 size: 0.0
1139999 : 1.74749009000202 size: 0.0
1140999 : 1.6005745984330693 size: 0.0
1141999 : 1.5716311221714145 size: 0.0
1142999 : 1.5531627652085118 size: 0.0
1143999 : 1.5566880655858977 size: 0.0
1144999 : 1.5290176049059296 size: 0.0
1145999 : 1.5587589086849367 size: 0.0
1146999 : 1.5647291144269884 size: 0.0
1147999 : 1.7174168597068475 size: 0.0
1148999 : 1.5729564204789634 size: 0.0
1149999 : 1.6702875939776578 size: 0.0
1150999 : 1.5578068127297602 size: 0.0
1151999 : 1.5085478858349364 size: 0.0
1152999 : 1.6326743003033581 size: 0.0
1153999 : 1.598694312111186 size: 0.0
1154999 : 1.4074251828153204 size: 0.0
1155999 : 1.4890978519009088 size: 0.0
1156999 : 1.3464015247142498 size: 0.0
1157999 : 1.4576829849463555 size: 0.0
1158999 : 1.5109393045951838 size: 0.0
1159999 : 1.5553822013178964 size: 0.0
1160999 : 1.5803910584931118 size: 0.0
1161999 : 1.6469096482805745 size: 0.0
1162999 : 1.5449994367026578 size: 0.0
1163999 : 1.5524700190908365 size: 0.0
1164999 : 1.5425079240396082 size: 0.0
1165999 : 1.5604639446855906 size: 0.0
1166999 : 1.3730118843342995 size: 0.0
1167999 : 1.5567883314713507 size: 0.0
1168999 : 1.5838587446824586 size: 0.0
1169999 : 1.5834618087242671 size: 0.0
1170999 : 1.5716273385530957 size: 0.0
1171999 : 1.4645432009066222 size: 0.0
1172999 : 1.4281485762963362 size: 0.0
1173999 : 1.6720732898415664 size: 0.0
1174999 : 1.5840664997247007 size: 0.0
1175999 : 1.571289564626801 size: 0.0
1176999 : 1.657890396572863 size: 0.0
1177999 : 1.5448259062079372 size: 0.0
1178999 : 1.6269371310532257 size: 0.0
1179999 : 1.6682759129105156 size: 0.0
1180999 : 1.5575555460768498 size: 0.0
1181999 : 1.4769816741476238 size: 0.0
1182999 : 1.5132787845948705 size: 0.0
1183999 : 1.6018969730355532 size: 0.0
1184999 : 1.6042945831712319 size: 0.0
1185999 : 1.5917217914799062 size: 0.0
1186999 : 1.6471889481055757 size: 0.0
1187999 : 1.4914208215661127 size: 0.0
1188999 : 1.678616197810991 size: 0.0
1189999 : 1.6424915859625597 size: 0.0
1190999 : 1.5362823240610255 size: 0.0
1191999 : 1.6320126830454889 size: 0.0
1192999 : 1.5389122827580195 size: 0.0
1193999 : 1.492334221424845 size: 0.0
1194999 : 1.6397945540317294 size: 0.0
1195999 : 1.515963261792188 size: 0.0
1196999 : 1.6341426881764247 size: 0.0
1197999 : 1.5381636422788136 size: 0.0
1198999 : 1.6923787654809856 size: 0.0
1199999 : 1.5977721411372596 size: 0.0
1200999 : 1.516289168915573 size: 0.0
1201999 : 1.5898710861739715 size: 0.0
1202999 : 1.5401856423050078 size: 0.0
1203999 : 1.6043491016715552 size: 0.0
1204999 : 1.487692237695407 size: 0.0
1205999 : 1.8141110094667463 size: 0.0
1206999 : 1.5660736747914337 size: 0.0
1207999 : 1.491884486792839 size: 0.0
1208999 : 1.594475061737569 size: 0.0
1209999 : 1.7161930311633078 size: 0.0
1210999 : 1.482456053907238 size: 0.0
1211999 : 1.486990032531934 size: 0.0
1212999 : 1.489557733509316 size: 0.0
1213999 : 1.5370559020246064 size: 0.0
1214999 : 1.598913761973687 size: 0.0
1215999 : 1.4868956140566105 size: 0.0
1216999 : 1.504629605100329 size: 0.0
1217999 : 1.498117138060107 size: 0.0
1218999 : 1.553455995628233 size: 0.0
1219999 : 1.5720951313634424 size: 0.0
1220999 : 1.565553083307272 size: 0.0
1221999 : 1.5904501517594265 size: 0.0
1222999 : 1.7226017926650596 size: 0.0
1223999 : 1.4338948606269644 size: 0.0
1224999 : 1.5465720460621473 size: 0.0
1225999 : 1.6320028800343898 size: 0.0
1226999 : 1.5642786918643785 size: 0.0
1227999 : 1.5614342708017586 size: 0.0
1228999 : 1.4274511866470876 size: 0.0
1229999 : 1.5466153856901648 size: 0.0
1230999 : 1.6613143991688908 size: 0.0
1231999 : 1.4354345353088136 size: 0.0
1232999 : 1.5094832994729792 size: 0.0
1233999 : 1.5333634345105818 size: 0.0
1234999 : 1.6021071358349077 size: 0.0
1235999 : 1.5410811559680504 size: 0.0
1236999 : 1.5175178129733369 size: 0.0
1237999 : 1.5639682631795713 size: 0.0
1238999 : 1.5749832360193816 size: 0.0
1239999 : 1.4254578217322622 size: 0.0
1240999 : 1.5804466088893403 size: 0.0
1241999 : 1.6764327060756368 size: 0.0
1242999 : 1.525236050378758 size: 0.0
1243999 : 1.646053862609881 size: 0.0
1244999 : 1.5028514764730583 size: 0.0
1245999 : 1.520241846180353 size: 0.0
1246999 : 1.6466838350599917 size: 0.0
1247999 : 1.625601513786625 size: 0.0
1248999 : 1.5447338954897256 size: 0.0
1249999 : 1.6209603899704415 size: 0.0
1250999 : 1.4876260243748247 size: 0.0
1251999 : 1.6310069285032431 size: 0.0
1252999 : 1.5854855285769698 size: 0.0
1253999 : 1.5824945782958146 size: 0.0
1254999 : 1.4548827634250072 size: 0.0
1255999 : 1.5117532984817175 size: 0.0
1256999 : 1.5168168116884202 size: 0.0
1257999 : 1.4563575146561558 size: 0.0
1258999 : 1.6600977938966872 size: 0.0
1259999 : 1.6941878509854116 size: 0.0
1260999 : 1.5448699337665581 size: 0.0
1261999 : 1.4989997530243349 size: 0.0
1262999 : 1.4787350372731702 size: 0.0
1263999 : 1.6147612753200915 size: 0.0
1264999 : 1.5244437263062331 size: 0.0
1265999 : 1.4879445362442227 size: 0.0
1266999 : 1.6009625912934158 size: 0.0
1267999 : 1.5040902675072232 size: 0.0
1268999 : 1.743335677087778 size: 0.0
1269999 : 1.665779584733242 size: 0.0
1270999 : 1.6001164366511706 size: 0.0
1271999 : 1.781728568118439 size: 0.0
1272999 : 1.565812777110075 size: 0.0
1273999 : 1.5783785175127152 size: 0.0
1274999 : 1.5839437041119848 size: 0.0
1275999 : 1.6058202412670357 size: 0.0
1276999 : 1.4870849669552104 size: 0.0
1277999 : 1.6310781293207004 size: 0.0
1278999 : 1.3778442528582426 size: 0.0
1279999 : 1.4313494314028694 size: 0.0
1280999 : 1.6048038238004365 size: 0.0
1281999 : 1.7260467771444925 size: 0.0
1282999 : 1.5081702119336415 size: 0.0
1283999 : 1.5052817633124007 size: 0.0
1284999 : 1.5272348327470857 size: 0.0
1285999 : 1.5204459895869271 size: 0.0
1286999 : 1.6599758581972255 size: 0.0
1287999 : 1.572837752449868 size: 0.0
1288999 : 1.5489622609438387 size: 0.0
1289999 : 1.6250809223024634 size: 0.0
1290999 : 1.5952680737406972 size: 0.0
1291999 : 1.6054470389146633 size: 0.0
1292999 : 1.4351623727638232 size: 0.0
1293999 : 1.5080071723806237 size: 0.0
1294999 : 1.5760966517010673 size: 0.0
1295999 : 1.7036450049737064 size: 0.0
1296999 : 1.7118148688202932 size: 0.0
1297999 : 1.6642544425853905 size: 0.0
1298999 : 1.6296639159826556 size: 0.0
1299999 : 1.505939768934602 size: 0.0
1300999 : 1.4497688593016016 size: 0.0
1301999 : 1.5922951816378828 size: 0.0
1302999 : 1.602262092203335 size: 0.0
1303999 : 1.476709425611308 size: 0.0
1304999 : 1.6043104055751112 size: 0.0
1305999 : 1.540888535399084 size: 0.0
1306999 : 1.5479002680747607 size: 0.0
1307999 : 1.5536632347225225 size: 0.0
1308999 : 1.5334955171864444 size: 0.0
1309999 : 1.6453740151910206 size: 0.0
1310999 : 1.6536357177731682 size: 0.0
1311999 : 1.5367944883952949 size: 0.0
1312999 : 1.5789297219087304 size: 0.0
1313999 : 1.5637235318673934 size: 0.0
1314999 : 1.512322733038724 size: 0.0
1315999 : 1.5970943575102095 size: 0.0
1316999 : 1.5474752989444787 size: 0.0
1317999 : 1.5277752022360966 size: 0.0
1318999 : 1.6507888889534361 size: 0.0
1319999 : 1.5963792536479218 size: 0.0
1320999 : 1.6556045751602455 size: 0.0
1321999 : 1.5393382837842067 size: 0.0
1322999 : 1.6204760868256116 size: 0.0
1323999 : 1.5970367433221704 size: 0.0
1324999 : 1.4459532522095593 size: 0.0
1325999 : 1.5401684440399215 size: 0.0
1326999 : 1.4543306991157376 size: 0.0
1327999 : 1.6305881507483921 size: 0.0
1328999 : 1.529959553884705 size: 0.0
1329999 : 1.669956527374747 size: 0.0
1330999 : 1.5881058562455155 size: 0.0
1331999 : 1.583541092726315 size: 0.0
1332999 : 1.6413031858450977 size: 0.0
1333999 : 1.599998112587377 size: 0.0
1334999 : 1.6728153949800393 size: 0.0
1335999 : 1.6717632051220608 size: 0.0
1336999 : 1.7267673844516076 size: 0.0
1337999 : 1.7137820063808622 size: 0.0
1338999 : 1.6129857264325838 size: 0.0
1339999 : 1.7130017210938975 size: 0.0
1340999 : 1.5921947437697788 size: 0.0
1341999 : 1.6081564535963562 size: 0.0
1342999 : 1.599516561164961 size: 0.0
1343999 : 1.5711402836858521 size: 0.0
1344999 : 1.6306311464111078 size: 0.0
1345999 : 1.6163925307635252 size: 0.0
1346999 : 1.4853785550933496 size: 0.0
1347999 : 1.6449562693320747 size: 0.0
1348999 : 1.5065957107649925 size: 0.0
1349999 : 1.614291762683236 size: 0.0
1350999 : 1.5116091770202944 size: 0.0
1351999 : 1.5856399689974445 size: 0.0
1352999 : 1.6639876974939023 size: 0.0
1353999 : 1.530591590126626 size: 0.0
1354999 : 1.4496761606527866 size: 0.0
1355999 : 1.6167428594233326 size: 0.0
1356999 : 1.6109339734077905 size: 0.0
1357999 : 1.5262739656767152 size: 0.0
1358999 : 1.660181893412959 size: 0.0
1359999 : 1.3856892414773498 size: 0.0
1360999 : 1.5509326661747738 size: 0.0
1361999 : 1.4745228381882383 size: 0.0
1362999 : 1.6384164570503656 size: 0.0
1363999 : 1.5171989571386373 size: 0.0
1364999 : 1.6886816544353878 size: 0.0
1365999 : 1.5614543927719096 size: 0.0
1366999 : 1.6924704322338955 size: 0.0
1367999 : 1.6335892480059482 size: 0.0
1368999 : 1.6555700066474222 size: 0.0
1369999 : 1.6259317204762818 size: 0.0
1370999 : 1.4935554702286218 size: 0.0
1371999 : 1.4875436446850616 size: 0.0
1372999 : 1.5664291629307672 size: 0.0
1373999 : 1.5113355526227716 size: 0.0
1374999 : 1.619018877824851 size: 0.0
1375999 : 1.5788156974112084 size: 0.0
1376999 : 1.565914074891433 size: 0.0
1377999 : 1.5463525961996463 size: 0.0
1378999 : 1.4705139225966262 size: 0.0
1379999 : 1.4865781340831177 size: 0.0
1380999 : 1.5618674950992821 size: 0.0
1381999 : 1.6279210437988119 size: 0.0
1382999 : 1.7150503784309754 size: 0.0
1383999 : 1.6273923691300596 size: 0.0
1384999 : 1.4673614806063109 size: 0.0
1385999 : 1.5738335319983636 size: 0.0
1386999 : 1.505781544895808 size: 0.0
1387999 : 1.4586233860812734 size: 0.0
1388999 : 1.6140288012100668 size: 0.0
1389999 : 1.5050401276879386 size: 0.0
1390999 : 1.5002712207621636 size: 0.0
1391999 : 1.3982853368178674 size: 0.0
1392999 : 1.574318351091146 size: 0.0
1393999 : 1.4999318989920114 size: 0.0
1394999 : 1.5527945503530145 size: 0.0
1395999 : 1.687565659013939 size: 0.0
1396999 : 1.6870682851876437 size: 0.0
1397999 : 1.5630801447705156 size: 0.0
1398999 : 1.554867285261213 size: 0.0
1399999 : 1.5838038822168332 size: 0.0
1400999 : 1.7039373754801732 size: 0.0
1401999 : 1.51722337867506 size: 0.0
1402999 : 1.446799922799757 size: 0.0
1403999 : 1.5907010744470353 size: 0.0
1404999 : 1.4457116165850972 size: 0.0
1405999 : 1.4912546863253793 size: 0.0
1406999 : 1.461320418012104 size: 0.0
1407999 : 1.4211592013652716 size: 0.0
1408999 : 1.6994876683543998 size: 0.0
1409999 : 1.5140425595473521 size: 0.0
1410999 : 1.4484101963597855 size: 0.0
1411999 : 1.5710503367594508 size: 0.0
1412999 : 1.596334022210745 size: 0.0
1413999 : 1.6519568231354453 size: 0.0
1414999 : 1.5293275176427843 size: 0.0
1415999 : 1.4480633073529952 size: 0.0
1416999 : 1.588006278290666 size: 0.0
1417999 : 1.45154853577273 size: 0.0
1418999 : 1.5239475563584939 size: 0.0
1419999 : 1.6305915904014094 size: 0.0
1420999 : 1.5630503917719165 size: 0.0
1421999 : 1.6426821427397158 size: 0.0
1422999 : 1.6476369629110734 size: 0.0
1423999 : 1.6275904931438534 size: 0.0
1424999 : 1.4350306340532624 size: 0.0
1425999 : 1.56898912468886 size: 0.0
1426999 : 1.3505124260178234 size: 0.0
1427999 : 1.5656872297749451 size: 0.0
1428999 : 1.5123265166570432 size: 0.0
1429999 : 1.5220769010650592 size: 0.0
1430999 : 1.629689541397634 size: 0.0
1431999 : 1.4521028358564607 size: 0.0
1432999 : 1.6414861753856158 size: 0.0
1433999 : 1.5686472231789448 size: 0.0
1434999 : 1.5089312351637096 size: 0.0
1435999 : 1.3835073835771787 size: 0.0
1436999 : 1.5708976161654846 size: 0.0
1437999 : 1.4959788777619296 size: 0.0
1438999 : 1.4934158203161212 size: 0.0
1439999 : 1.6612856780661966 size: 0.0
1440999 : 1.5861347630839768 size: 0.0
1441999 : 1.5234390036598926 size: 0.0
1442999 : 1.5039499296641192 size: 0.0
1443999 : 1.491292522508569 size: 0.0
1444999 : 1.4854373731599446 size: 0.0
1445999 : 1.53672775912676 size: 0.0
1446999 : 1.557784454985148 size: 0.0
1447999 : 1.66786023084338 size: 0.0
1448999 : 1.6268406487860916 size: 0.0
1449999 : 1.5090313290665116 size: 0.0
1450999 : 1.5434163364014657 size: 0.0
1451999 : 1.664611306585931 size: 0.0
1452999 : 1.439795929343369 size: 0.0
1453999 : 1.6526786343211166 size: 0.0
1454999 : 1.6022927051151887 size: 0.0
1455999 : 1.5517643742743463 size: 0.0
1456999 : 1.6429982468520017 size: 0.0
1457999 : 1.5359571048682439 size: 0.0
1458999 : 1.5326118703263114 size: 0.0
1459999 : 1.602008933741265 size: 0.0
1460999 : 1.5597385218642514 size: 0.0
1461999 : 1.5494745972607589 size: 0.0
1462999 : 1.7013167038463257 size: 0.0
1463999 : 1.5942306743906929 size: 0.0
1464999 : 1.6533144541813565 size: 0.0
1465999 : 1.5905645202222503 size: 0.0
1466999 : 1.5806665746997939 size: 0.0
1467999 : 1.5028112325327565 size: 0.0
1468999 : 1.5662444535637405 size: 0.0
1469999 : 1.6745594710424392 size: 0.0
1470999 : 1.4515806965284412 size: 0.0
1471999 : 1.6504462995129172 size: 0.0
1472999 : 1.446458881203096 size: 0.0
1473999 : 1.5209013996464118 size: 0.0
1474999 : 1.5648775354546829 size: 0.0
1475999 : 1.6548672855359967 size: 0.0
1476999 : 1.5336595886353677 size: 0.0
1477999 : 1.4411422955256485 size: 0.0
1478999 : 1.4038029702141734 size: 0.0
1479999 : 1.6032580437344817 size: 0.0
1480999 : 1.5089173045689896 size: 0.0
1481999 : 1.4495010823142083 size: 0.0
1482999 : 1.4501635594853317 size: 0.0
1483999 : 1.7330027874412897 size: 0.0
1484999 : 1.5472709835552538 size: 0.0
1485999 : 1.6279728105767215 size: 0.0
1486999 : 1.604850775064122 size: 0.0
1487999 : 1.5600372557288 size: 0.0
1488999 : 1.5435384440835782 size: 0.0
1489999 : 1.4408493230799038 size: 0.0
1490999 : 1.4830272082907534 size: 0.0
1491999 : 1.554248147718107 size: 0.0
1492999 : 1.5504158583089311 size: 0.0
1493999 : 1.5798940286321181 size: 0.0
1494999 : 1.6737408336243322 size: 0.0
1495999 : 1.5611857558712618 size: 0.0
1496999 : 1.6053945842061503 size: 0.0
1497999 : 1.504856622199468 size: 0.0
1498999 : 1.439562290912172 size: 0.0
1499999 : 1.6116084893644744 size: 0.0
1500999 : 1.6059968674494718 size: 0.0
1501999 : 1.6616344588821466 size: 0.0
1502999 : 1.383431711210799 size: 0.0
1503999 : 1.4791866637143358 size: 0.0
1504999 : 1.4928462137764635 size: 0.0
1505999 : 1.4167308200882052 size: 0.0
1506999 : 1.6732379563532094 size: 0.0
1507999 : 1.6123390716653396 size: 0.0
1508999 : 1.724709784016685 size: 0.0
1509999 : 1.3687270225793782 size: 0.0
1510999 : 1.4789195746575459 size: 0.0
1511999 : 1.5481353683584902 size: 0.0
1512999 : 1.4388097808233218 size: 0.0
1513999 : 1.5835312897152156 size: 0.0
1514999 : 1.6099633033263208 size: 0.0
1515999 : 1.5296781902678935 size: 0.0
1516999 : 1.5537521497530187 size: 0.0
1517999 : 1.5391566701048955 size: 0.0
1518999 : 1.6113152589447532 size: 0.0
1519999 : 1.5089379424870932 size: 0.0
1520999 : 1.6593240439504555 size: 0.0
1521999 : 1.5704152048298146 size: 0.0
1522999 : 1.6052767760903093 size: 0.0
1523999 : 1.590054591662442 size: 0.0
1524999 : 1.6550475233541009 size: 0.0
1525999 : 1.6137255957965957 size: 0.0
1526999 : 1.6244382231361891 size: 0.0
1527999 : 1.6162755825609385 size: 0.0
1528999 : 1.5203575905043836 size: 0.0
1529999 : 1.4937250451223725 size: 0.0
1530999 : 1.5242093139531072 size: 0.0
1531999 : 1.490067662069124 size: 0.0
1532999 : 1.6603554239076797 size: 0.0
1533999 : 1.5673628567423015 size: 0.0
1534999 : 1.6360284779431356 size: 0.0
1535999 : 1.4487340396913602 size: 0.0
1536999 : 1.3193142572033574 size: 0.0
1537999 : 1.517253131673659 size: 0.0
1538999 : 1.5253812037360863 size: 0.0
1539999 : 1.6116619759688928 size: 0.0
1540999 : 1.438828182966964 size: 0.0
1541999 : 1.5093684150622029 size: 0.0
1542999 : 1.728679831529202 size: 0.0
1543999 : 1.5218230546723857 size: 0.0
1544999 : 1.5514180012155085 size: 0.0
1545999 : 1.4911700708611546 size: 0.0
1546999 : 1.5895955699672892 size: 0.0
1547999 : 1.5888665355102818 size: 0.0
1548999 : 1.433349417649753 size: 0.0
1549999 : 1.4537536973220928 size: 0.0
1550999 : 1.642516523446935 size: 0.0
1551999 : 1.4456125545782001 size: 0.0
1552999 : 1.559760363660911 size: 0.0
1553999 : 1.62175942136635 size: 0.0
1554999 : 1.6371883289405542 size: 0.0
1555999 : 1.532323971368767 size: 0.0
1556999 : 1.553370692233405 size: 0.0
1557999 : 1.6863607485619942 size: 0.0
1558999 : 1.6442222473781922 size: 0.0
1559999 : 1.3752038892108716 size: 0.0
1560999 : 1.7953028147857386 size: 0.0
1561999 : 1.5911098772081362 size: 0.0
1562999 : 1.674844274312268 size: 0.0
1563999 : 1.6455535650785214 size: 0.0
1564999 : 1.4953213880876812 size: 0.0
1565999 : 1.6495217207818789 size: 0.0
1566999 : 1.460842650208007 size: 0.0
1567999 : 1.5027018515668078 size: 0.0
1568999 : 1.4693552754777635 size: 0.0
1569999 : 1.435102522801323 size: 0.0
1570999 : 1.610560943038069 size: 0.0
1571999 : 1.5015471600489148 size: 0.0
1572999 : 1.5671239728402528 size: 0.0
1573999 : 1.5791261260960157 size: 0.0
1574999 : 1.5191380615271155 size: 0.0
1575999 : 1.7200569653802427 size: 0.0
1576999 : 1.525814084068308 size: 0.0
1577999 : 1.6669485508111563 size: 0.0
1578999 : 1.5900766054417526 size: 0.0
1579999 : 1.5073906145772804 size: 0.0
1580999 : 1.4785494679928892 size: 0.0
1581999 : 1.6743647866816624 size: 0.0
1582999 : 1.4578133477957096 size: 0.0
1583999 : 1.4843681570195306 size: 0.0
1584999 : 1.5782749839568957 size: 0.0
1585999 : 1.6160471896005926 size: 0.0
1586999 : 1.531046656220809 size: 0.0
1587999 : 1.59717020185924 size: 0.0
1588999 : 1.4805289883043202 size: 0.0
1589999 : 1.5668345260388508 size: 0.0
1590999 : 1.6167765680229018 size: 0.0
1591999 : 1.6278433076406218 size: 0.0
1592999 : 1.6893305449770932 size: 0.0
1593999 : 1.6912484954995153 size: 0.0
1594999 : 1.6711279012097735 size: 0.0
1595999 : 1.4806866963951613 size: 0.0
1596999 : 1.5066574525366523 size: 0.0
1597999 : 1.5919962757906831 size: 0.0
1598999 : 1.5869852172924934 size: 0.0
1599999 : 1.4729342344422185 size: 0.0
1600999 : 1.6903706960495115 size: 0.0
1601999 : 1.450257118047401 size: 0.0
1602999 : 1.5838513494284714 size: 0.0
1603999 : 1.6024849817188533 size: 0.0
1604999 : 1.5711284168829425 size: 0.0
1605999 : 1.537098897687322 size: 0.0
1606999 : 1.5600269367697484 size: 0.0
1607999 : 1.65015186521464 size: 0.0
1608999 : 1.577712944653876 size: 0.0
1609999 : 1.5540973189333003 size: 0.0
1610999 : 1.5408206022519932 size: 0.0
1611999 : 1.4593711666472249 size: 0.0
1612999 : 1.470560701877661 size: 0.0
1613999 : 1.7408940393934786 size: 0.0
1614999 : 1.5304949358768412 size: 0.0
1615999 : 1.4473174185962032 size: 0.0
1616999 : 1.5423405849203187 size: 0.0
1617999 : 1.7742194616164668 size: 0.0
1618999 : 1.4250757622733705 size: 0.0
1619999 : 1.597356975018077 size: 0.0
1620999 : 1.509307877169099 size: 0.0
1621999 : 1.5810433886878343 size: 0.0
1622999 : 1.4377405646829076 size: 0.0
1623999 : 1.6830285847015272 size: 0.0
1624999 : 1.4228490169013241 size: 0.0
1625999 : 1.5118196837849505 size: 0.0
1626999 : 1.5006500985420144 size: 0.0
1627999 : 1.5920771076365887 size: 0.0
1628999 : 1.622204512466783 size: 0.0
1629999 : 1.570955918284127 size: 0.0
1630999 : 1.6315682798756594 size: 0.0
1631999 : 1.4758428050336103 size: 0.0
1632999 : 1.6777672914463322 size: 0.0
1633999 : 1.5863069177174907 size: 0.0
1634999 : 1.8390166770514438 size: 0.0
1635999 : 1.5933320650399345 size: 0.0
1636999 : 1.6052513226579816 size: 0.0
1637999 : 1.585101835282895 size: 0.0
1638999 : 1.5748927731450277 size: 0.0
1639999 : 1.6586180551686636 size: 0.0
1640999 : 1.5235858768437294 size: 0.0
1641999 : 1.5121431831512233 size: 0.0
1642999 : 1.5313469379292155 size: 0.0
1643999 : 1.6104584413781549 size: 0.0
1644999 : 1.5777516407503203 size: 0.0
1645999 : 1.5657955788449887 size: 0.0
1646999 : 1.5678583387594371 size: 0.0
1647999 : 1.4440554236572882 size: 0.0
1648999 : 1.6417173200683755 size: 0.0
1649999 : 1.5255555941440613 size: 0.0
1650999 : 1.6350222074529372 size: 0.0
1651999 : 1.6619015479389363 size: 0.0
1652999 : 1.466118905953827 size: 0.0
1653999 : 1.5530189877123906 size: 0.0
1654999 : 1.6259566579606568 size: 0.0
1655999 : 1.55292921276864 size: 0.0
1656999 : 1.534752194416299 size: 0.0
1657999 : 1.6155006287361506 size: 0.0
1658999 : 1.4519778044692835 size: 0.0
1659999 : 1.6440765780729114 size: 0.0
1660999 : 1.6292207166913821 size: 0.0
1661999 : 1.4892447250847456 size: 0.0
1662999 : 1.5577509183682299 size: 0.0
1663999 : 1.5387385802806481 size: 0.0
1664999 : 1.5036720057003248 size: 0.0
1665999 : 1.515930585088524 size: 0.0
1666999 : 1.639911330251665 size: 0.0
1667999 : 1.5580611750703863 size: 0.0
1668999 : 1.578834959468105 size: 0.0
1669999 : 1.4757683365457868 size: 0.0
1670999 : 1.6054494466717755 size: 0.0
1671999 : 1.511433066785811 size: 0.0
1672999 : 1.584439702077073 size: 0.0
1673999 : 1.4519322290668049 size: 0.0
1674999 : 1.6483900749392015 size: 0.0
1675999 : 1.5895214454447673 size: 0.0
1676999 : 1.6011662187520372 size: 0.0
1677999 : 1.5908398644462816 size: 0.0
1678999 : 1.4335427261493228 size: 0.0
1679999 : 1.7345824480894645 size: 0.0
1680999 : 1.5956084274067548 size: 0.0
1681999 : 1.5399840786381966 size: 0.0
1682999 : 1.5907774347440184 size: 0.0
1683999 : 1.473667052517545 size: 0.0
1684999 : 1.5843937827092927 size: 0.0
1685999 : 1.5356475360966908 size: 0.0
1686999 : 1.547678238472497 size: 0.0
1687999 : 1.5192359196554563 size: 0.0
1688999 : 1.5736706644279965 size: 0.0
1689999 : 1.5953619762680684 size: 0.0
1690999 : 1.591064989736261 size: 0.0
1691999 : 1.5949784549566444 size: 0.0
1692999 : 1.4328513558928544 size: 0.0
1693999 : 1.563035945229244 size: 0.0
1694999 : 1.5627808949580144 size: 0.0
1695999 : 1.6152923577459557 size: 0.0
1696999 : 1.501933261100102 size: 0.0
1697999 : 1.6803105708872914 size: 0.0
1698999 : 1.5219444744238948 size: 0.0
1699999 : 1.5813194208424692 size: 0.0
1700999 : 1.4308312476758198 size: 0.0
1701999 : 1.4970663240633353 size: 0.0
1702999 : 1.5736316243662507 size: 0.0
1703999 : 1.413076876687974 size: 0.0
1704999 : 1.492128874139715 size: 0.0
1705999 : 1.6813335236946234 size: 0.0
1706999 : 1.5158057256839976 size: 0.0
1707999 : 1.63611309340736 size: 0.0
1708999 : 1.4863404540596252 size: 0.0
1709999 : 1.531695890727816 size: 0.0
1710999 : 1.6881959754293512 size: 0.0
1711999 : 1.486046019761348 size: 0.0
1712999 : 1.639015128658019 size: 0.0
1713999 : 1.6697117960625691 size: 0.0
1714999 : 1.4921116758746287 size: 0.0
1715999 : 1.627830580924458 size: 0.0
1716999 : 1.4935609736734494 size: 0.0
1717999 : 1.5883337332579088 size: 0.0
1718999 : 1.530019747812507 size: 0.0
1719999 : 1.5935148825978018 size: 0.0
1720999 : 1.5363858576168448 size: 0.0
1721999 : 1.6146506904755866 size: 0.0
1722999 : 1.600222549946753 size: 0.0
1723999 : 1.728024405646764 size: 0.0
1724999 : 1.5582039206706024 size: 0.0
1725999 : 1.5465751417498628 size: 0.0
1726999 : 1.5930687596014637 size: 0.0
1727999 : 1.4967546914999719 size: 0.0
1728999 : 1.6756747785332844 size: 0.0
1729999 : 1.6598098949391429 size: 0.0
1730999 : 1.463139134544978 size: 0.0
1731999 : 1.5369884848254682 size: 0.0
1732999 : 1.5268409924766098 size: 0.0
1733999 : 1.4655861037014541 size: 0.0
1734999 : 1.5586756690819192 size: 0.0
1735999 : 1.5687719106008204 size: 0.0
1736999 : 1.601037403746541 size: 0.0
1737999 : 1.5190943779337964 size: 0.0
1738999 : 1.446524062627773 size: 0.0
1739999 : 1.6008509745530057 size: 0.0
1740999 : 1.3835703292273944 size: 0.0
1741999 : 1.7065109238676843 size: 0.0
1742999 : 1.482548752556053 size: 0.0
1743999 : 1.4663906385421903 size: 0.0
1744999 : 1.4923985429362678 size: 0.0
1745999 : 1.6238963058033205 size: 0.0
1746999 : 1.5933838318178444 size: 0.0
1747999 : 1.436898709606934 size: 0.0
1748999 : 1.7304170282855673 size: 0.0
1749999 : 1.6990656229291825 size: 0.0
1750999 : 1.59866318325138 size: 0.0
1751999 : 1.4992324455509523 size: 0.0
1752999 : 1.4500663892875942 size: 0.0
1753999 : 1.6051324826462354 size: 0.0
1754999 : 1.5477284574065489 size: 0.0
1755999 : 1.5323267230911808 size: 0.0
1756999 : 1.595617886452552 size: 0.0
1757999 : 1.5265555012761776 size: 0.0
1758999 : 1.340505615477371 size: 0.0
1759999 : 1.550085135671322 size: 0.0
1760999 : 1.4859644999848391 size: 0.0
1761999 : 1.548847720498364 size: 0.0
1762999 : 1.67456961801884 size: 0.0
1763999 : 1.5610669158595156 size: 0.0
1764999 : 1.621814627797277 size: 0.0
1765999 : 1.5724932712001898 size: 0.0
1766999 : 1.4562491655861123 size: 0.0
1767999 : 1.6126040969303193 size: 0.0
1768999 : 1.5863045099603785 size: 0.0
1769999 : 1.4931674773682753 size: 0.0
1770999 : 1.6113426041862404 size: 0.0
1771999 : 1.571948946110209 size: 0.0
1772999 : 1.6029797758053856 size: 0.0
1773999 : 1.544328532381642 size: 0.0
1774999 : 1.6349687208485189 size: 0.0
1775999 : 1.5080935076713569 size: 0.0
1776999 : 1.5621123983941108 size: 0.0
1777999 : 1.4894949598417508 size: 0.0
1778999 : 1.5842365905664042 size: 0.0
1779999 : 1.3915193673502735 size: 0.0
1780999 : 1.6038823407571137 size: 0.0
1781999 : 1.678355300129632 size: 0.0
1782999 : 1.5333121836806247 size: 0.0
1783999 : 1.6482547245929726 size: 0.0
1784999 : 1.6650340399417516 size: 0.0
1785999 : 1.6627977495325825 size: 0.0
1786999 : 1.4871535880329048 size: 0.0
1787999 : 1.604052431598817 size: 0.0
1788999 : 1.8749263105862966 size: 0.0
1789999 : 1.4258782333222964 size: 0.0
1790999 : 1.456667083427709 size: 0.0
1791999 : 1.4299951540186502 size: 0.0
1792999 : 1.599417671140715 size: 0.0
1793999 : 1.5061287778679 size: 0.0
1794999 : 1.6578095647269575 size: 0.0
1795999 : 1.4560918014605728 size: 0.0
1796999 : 1.5181025539862705 size: 0.0
1797999 : 1.5634000325011206 size: 0.0
1798999 : 1.5182965504164438 size: 0.0
1799999 : 1.5385915351141604 size: 0.0
1800999 : 1.5633038941992883 size: 0.0
1801999 : 1.5232372680104305 size: 0.0
1802999 : 1.528014086138145 size: 0.0
1803999 : 1.4810260181653137 size: 0.0
1804999 : 1.4536878279668124 size: 0.0
1805999 : 1.7762495448272515 size: 0.0
1806999 : 1.6427153353913324 size: 0.0
1807999 : 1.5792570048933223 size: 0.0
1808999 : 1.5526174082226258 size: 0.0
1809999 : 1.5860979587966924 size: 0.0
1810999 : 1.6582329860133818 size: 0.0
1811999 : 1.4041553626657912 size: 0.0
1812999 : 1.586741517876221 size: 0.0
1813999 : 1.4750938205891029 size: 0.0
1814999 : 1.6344864814954996 size: 0.0
1815999 : 1.5804777377491466 size: 0.0
1816999 : 1.5095283589275053 size: 0.0
1817999 : 1.5610586606922743 size: 0.0
1818999 : 1.5738555457776742 size: 0.0
1819999 : 1.4571589538091765 size: 0.0
1820999 : 1.443104187615366 size: 0.0
1821999 : 1.5999724871723986 size: 0.0
1822999 : 1.6742879104367268 size: 0.0
1823999 : 1.5528757261642219 size: 0.0
1824999 : 1.6644406997962748 size: 0.0
1825999 : 1.62219195773327 size: 0.0
1826999 : 1.7844682517466834 size: 0.0
1827999 : 1.5263477462339352 size: 0.0
1828999 : 1.5121338960880768 size: 0.0
1829999 : 1.5144659808337764 size: 0.0
1830999 : 1.4716314658619327 size: 0.0
1831999 : 1.5970429346976014 size: 0.0
1832999 : 1.5335080719199574 size: 0.0
1833999 : 1.6198595290222686 size: 0.0
1834999 : 1.5035101700258628 size: 0.0
1835999 : 1.4854384050558498 size: 0.0
1836999 : 1.4102207608050954 size: 0.0
1837999 : 1.5142326003765556 size: 0.0
1838999 : 1.555484359012509 size: 0.0
1839999 : 1.5385937708886217 size: 0.0
1840999 : 1.5872722563367836 size: 0.0
1841999 : 1.4985747838940529 size: 0.0
1842999 : 1.5951191367650501 size: 0.0
1843999 : 1.7101576439965793 size: 0.0
1844999 : 1.4267077056474076 size: 0.0
1845999 : 1.4767950729714376 size: 0.0
1846999 : 1.5712001336483523 size: 0.0
1847999 : 1.4839228939364468 size: 0.0
1848999 : 1.6762304544782223 size: 0.0
1849999 : 1.5522770545565683 size: 0.0
1850999 : 1.7344116693171578 size: 0.0
1851999 : 1.617854383295859 size: 0.0
1852999 : 1.4059416604689778 size: 0.0
1853999 : 1.5254948842683067 size: 0.0
1854999 : 1.641749480824087 size: 0.0
1855999 : 1.4791336930578702 size: 0.0
1856999 : 1.5793443720799607 size: 0.0
1857999 : 1.513620342139484 size: 0.0
1858999 : 1.6549252436893374 size: 0.0
1859999 : 1.5912409279880937 size: 0.0
1860999 : 1.3826117839228107 size: 0.0
1861999 : 1.552624631493962 size: 0.0
1862999 : 1.526000857227145 size: 0.0
1863999 : 1.507503951144199 size: 0.0
1864999 : 1.4369555498730444 size: 0.0
1865999 : 1.4195935573031422 size: 0.0
1866999 : 1.46198736673215 size: 0.0
1867999 : 1.6202992886605248 size: 0.0
1868999 : 1.4819674511961367 size: 0.0
1869999 : 1.4861106852380725 size: 0.0
1870999 : 1.462884600221701 size: 0.0
1871999 : 1.5769226843731614 size: 0.0
1872999 : 1.4926676957848681 size: 0.0
1873999 : 1.5916349402412204 size: 0.0
1874999 : 1.5640908868096364 size: 0.0
1875999 : 1.4371580594444353 size: 0.0
1876999 : 1.6711174102680708 size: 0.0
1877999 : 1.5556516981317985 size: 0.0
1878999 : 1.794556410080994 size: 0.0
1879999 : 1.5425837683886388 size: 0.0
1880999 : 1.6835751455659693 size: 0.0
1881999 : 1.524700840369273 size: 0.0
1882999 : 1.4917869726297996 size: 0.0
1883999 : 1.5179283355609465 size: 0.0
1884999 : 1.6320672015458124 size: 0.0
1885999 : 1.5149052245240802 size: 0.0
1886999 : 1.6259078148878117 size: 0.0
1887999 : 1.6394146443559734 size: 0.0
1888999 : 1.561383535919754 size: 0.0
1889999 : 1.6308715781570142 size: 0.0
1890999 : 1.3371145475589834 size: 0.0
1891999 : 1.612276985928378 size: 0.0
1892999 : 1.6448401810427424 size: 0.0
1893999 : 1.648028567407088 size: 0.0
1894999 : 1.581423642328892 size: 0.0
1895999 : 1.676103875247187 size: 0.0
1896999 : 1.4599823929883913 size: 0.0
1897999 : 1.4403644179957962 size: 0.0
1898999 : 1.479040994409055 size: 0.0
1899999 : 1.5444355055904786 size: 0.0
1900999 : 1.5442201833115983 size: 0.0
1901999 : 1.539760501192075 size: 0.0
1902999 : 1.548092888643727 size: 0.0
1903999 : 1.4972880097002974 size: 0.0
1904999 : 1.495015602934447 size: 0.0
1905999 : 1.5195840125408027 size: 0.0
1906999 : 1.5822366043195204 size: 0.0
1907999 : 1.5626954195805356 size: 0.0
1908999 : 1.6669745201914368 size: 0.0
1909999 : 1.604947429313907 size: 0.0
1910999 : 1.6680273979800189 size: 0.0
1911999 : 1.616105663701886 size: 0.0
1912999 : 1.5179338390057742 size: 0.0
1913999 : 1.5288131175340536 size: 0.0
1914999 : 1.5333113237673703 size: 0.0
1915999 : 1.4512542734571037 size: 0.0
1916999 : 1.4630034402334473 size: 0.0
1917999 : 1.4629401506179298 size: 0.0
1918999 : 1.434572902227991 size: 0.0
1919999 : 1.6054239932394478 size: 0.0
1920999 : 1.6723135496048218 size: 0.0
1921999 : 1.6580871447254502 size: 0.0
1922999 : 1.5849707845029375 size: 0.0
1923999 : 1.5937360522868114 size: 0.0
1924999 : 1.4791706693278057 size: 0.0
1925999 : 1.6063033405333094 size: 0.0
1926999 : 1.5610591766402269 size: 0.0
1927999 : 1.660345104948628 size: 0.0
1928999 : 1.4910766842817362 size: 0.0
1929999 : 1.6120358662518686 size: 0.0
1930999 : 1.721847820723677 size: 0.0
1931999 : 1.6386508694034916 size: 0.0
1932999 : 1.5412054994246243 size: 0.0
1933999 : 1.4234783014208312 size: 0.0
1934999 : 1.4488071323179768 size: 0.0
1935999 : 1.49856222916054 size: 0.0
1936999 : 1.5420943057642833 size: 0.0
1937999 : 1.4847831511560625 size: 0.0
1938999 : 1.5357963010896871 size: 0.0
1939999 : 1.5113644457081166 size: 0.0
1940999 : 1.511169417382038 size: 0.0
1941999 : 1.5804275188150947 size: 0.0
1942999 : 1.5757783118143203 size: 0.0
1943999 : 1.6170049609832475 size: 0.0
1944999 : 1.5493935934322025 size: 0.0
1945999 : 1.4770812521024734 size: 0.0
1946999 : 1.57993822817339 size: 0.0
1947999 : 1.551437779220358 size: 0.0
1948999 : 1.6067714773089579 size: 0.0
1949999 : 1.5551617195594902 size: 0.0
1950999 : 1.5129152132709465 size: 0.0
1951999 : 1.533422252577177 size: 0.0
1952999 : 1.6154314917105037 size: 0.0
last series
Last encode part don't need inference.
188.97670555114746
38307.23150777817 
