FLAGS.seq_len change from 1 to 16 due to FLAGS.vocab_dim = 16 and FLAGS.hidden_dim = 256.
mlpCompressor(
  (input_map): Embedding(256, 16)
  (output_logit_map): Linear(in_features=256, out_features=256, bias=True)
  (layers): ModuleList(
    (0): BELayer(
      (V_map): dense_baens()
      (layernorm1): LayerNorm((16,), eps=1e-05, elementwise_affine=True)
      (layernorm2): LayerNorm((16,), eps=1e-05, elementwise_affine=True)
    )
    (1): LinearLayer(
      (U_map): Linear(in_features=256, out_features=4096, bias=True)
      (V_map): Linear(in_features=4096, out_features=256, bias=True)
      (layernorm1): LayerNorm((256,), eps=1e-05, elementwise_affine=True)
      (layernorm2): LayerNorm((256,), eps=1e-05, elementwise_affine=True)
    )
    (2): BELayer(
      (V_map): dense_baens()
      (layernorm1): LayerNorm((32,), eps=1e-05, elementwise_affine=False)
      (layernorm2): LayerNorm((32,), eps=1e-05, elementwise_affine=True)
    )
    (3): LinearLayer(
      (U_map): Linear(in_features=256, out_features=4096, bias=True)
      (V_map): Linear(in_features=4096, out_features=256, bias=True)
      (layernorm1): LayerNorm((256,), eps=1e-05, elementwise_affine=True)
      (layernorm2): LayerNorm((256,), eps=1e-05, elementwise_affine=True)
    )
    (4): BELayer(
      (V_map): dense_baens()
      (layernorm1): LayerNorm((64,), eps=1e-05, elementwise_affine=False)
      (layernorm2): LayerNorm((64,), eps=1e-05, elementwise_affine=True)
    )
    (5): LinearLayer(
      (U_map): Linear(in_features=256, out_features=4096, bias=True)
      (V_map): Linear(in_features=4096, out_features=256, bias=True)
      (layernorm1): LayerNorm((256,), eps=1e-05, elementwise_affine=True)
      (layernorm2): LayerNorm((256,), eps=1e-05, elementwise_affine=True)
    )
    (6): BELayer(
      (V_map): dense_baens()
      (layernorm1): LayerNorm((128,), eps=1e-05, elementwise_affine=False)
      (layernorm2): LayerNorm((128,), eps=1e-05, elementwise_affine=True)
    )
    (7): LinearLayer(
      (U_map): Linear(in_features=256, out_features=4096, bias=True)
      (V_map): Linear(in_features=4096, out_features=256, bias=True)
      (layernorm1): LayerNorm((256,), eps=1e-05, elementwise_affine=True)
      (layernorm2): LayerNorm((256,), eps=1e-05, elementwise_affine=True)
    )
  )
)
1953108
999 : 2.5554970884765082 size: 0.0
1999 : 1.9362506803524009 size: 0.0
2999 : 2.055047524453235 size: 0.0
3999 : 1.8971650432040645 size: 0.0
4999 : 1.8175683766970412 size: 0.0
5999 : 1.8720172240469521 size: 0.0
6999 : 1.8710353750931763 size: 0.0
7999 : 1.7202165652802432 size: 0.0
8999 : 1.8050611103956944 size: 0.0
9999 : 1.748199518436829 size: 0.0
10999 : 1.6777148367378192 size: 0.0
11999 : 1.6091634120171578 size: 0.0
12999 : 1.599066826532955 size: 0.0
13999 : 1.5604374593573578 size: 0.0
14999 : 1.7376526823726675 size: 0.0
15999 : 1.5773997642466548 size: 0.0
16999 : 1.6379636267306439 size: 0.0
17999 : 1.4863538687063926 size: 0.0
18999 : 1.5461787217396241 size: 0.0
19999 : 1.4726475393632301 size: 0.0
20999 : 1.4855495058483073 size: 0.0
21999 : 1.7203367811531964 size: 0.0
22999 : 1.5268311894655107 size: 0.0
23999 : 1.503293127920474 size: 0.0
24999 : 1.4979836795230375 size: 0.0
25999 : 1.3568422474828292 size: 0.0
26999 : 1.6763644289632442 size: 0.0
27999 : 1.5606782350685657 size: 0.0
28999 : 1.5339027721036875 size: 0.0
29999 : 1.551949083641373 size: 0.0
30999 : 1.6597407579134962 size: 0.0
31999 : 1.479669247032657 size: 0.0
32999 : 1.4452152746547071 size: 0.0
33999 : 1.7461279874071867 size: 0.0
34999 : 1.6509190798201392 size: 0.0
35999 : 1.6384553251294605 size: 0.0
36999 : 1.7087735276224354 size: 0.0
37999 : 1.4908441637377696 size: 0.0
38999 : 1.589850276273217 size: 0.0
39999 : 1.5197534154519026 size: 0.0
40999 : 1.5201113113483482 size: 0.0
41999 : 1.4940961836829345 size: 0.0
42999 : 1.5032640628524783 size: 0.0
43999 : 1.6619527987688936 size: 0.0
44999 : 1.6146635891744014 size: 0.0
45999 : 1.6184905471214006 size: 0.0
46999 : 1.5712102806247532 size: 0.0
47999 : 1.5056934897785663 size: 0.0
48999 : 1.3611306348820933 size: 0.0
49999 : 1.4850940957888226 size: 0.0
50999 : 1.7517193153693873 size: 0.0
51999 : 1.430477307380344 size: 0.0
52999 : 1.5088013882623081 size: 0.0
53999 : 1.4524418136613113 size: 0.0
54999 : 1.4466384310905969 size: 0.0
55999 : 1.5557239308451607 size: 0.0
56999 : 1.5029006635112052 size: 0.0
57999 : 1.6053068730542102 size: 0.0
58999 : 1.509187833278797 size: 0.0
59999 : 1.546406770734668 size: 0.0
60999 : 1.3880541749093642 size: 0.0
61999 : 1.5353544776596206 size: 0.0
62999 : 1.6336202048831037 size: 0.0
63999 : 1.525618539794277 size: 0.0
64999 : 1.5182790081860558 size: 0.0
65999 : 1.3234666923171146 size: 0.0
66999 : 1.4172742852649318 size: 0.0
67999 : 1.4706324186430706 size: 0.0
68999 : 1.708590882047219 size: 0.0
69999 : 1.625067679638347 size: 0.0
70999 : 1.5022593402061377 size: 0.0
71999 : 1.413248515373535 size: 0.0
72999 : 1.6915840336513486 size: 0.0
73999 : 1.655077448335351 size: 0.0
74999 : 1.372505481418834 size: 0.0
75999 : 1.5516916256130313 size: 0.0
76999 : 1.7036637510826504 size: 0.0
77999 : 1.3864619595276764 size: 0.0
78999 : 1.498995797423365 size: 0.0
79999 : 1.4750434296724 size: 0.0
80999 : 1.50036615518544 size: 0.0
81999 : 1.4012094718391621 size: 0.0
82999 : 1.4363439795665762 size: 0.0
83999 : 1.5273464494874955 size: 0.0
84999 : 1.3090250511501882 size: 0.0
85999 : 1.5385817321030613 size: 0.0
86999 : 1.3747883791263869 size: 0.0
87999 : 1.5480622757318736 size: 0.0
88999 : 1.2418027083553946 size: 0.0
89999 : 1.5106299078062815 size: 0.0
90999 : 1.5912225258444515 size: 0.0
91999 : 1.6508556182219707 size: 0.0
92999 : 1.421889009744208 size: 0.0
93999 : 1.5118508126447565 size: 0.0
94999 : 1.5076587355299755 size: 0.0
95999 : 1.4757427111308081 size: 0.0
96999 : 1.6404391450071631 size: 0.0
97999 : 1.6219327798784198 size: 0.0
98999 : 1.5349334641303085 size: 0.0
99999 : 1.4471578186962024 size: 0.0
100999 : 1.3975381581911939 size: 0.0
101999 : 1.3459954736755626 size: 0.0
102999 : 1.438058560604353 size: 0.0
103999 : 1.5012878102114138 size: 0.0
104999 : 1.3547226473022704 size: 0.0
105999 : 1.4724528550024536 size: 0.0
106999 : 1.573577449831229 size: 0.0
107999 : 1.4762012168780083 size: 0.0
108999 : 1.4923665541632072 size: 0.0
109999 : 1.5792931212500034 size: 0.0
110999 : 1.4178696032108933 size: 0.0
111999 : 1.3166609088658459 size: 0.0
112999 : 1.2763148968606617 size: 0.0
113999 : 1.407108562755082 size: 0.0
114999 : 1.2607840035744957 size: 0.0
115999 : 1.4634631498592037 size: 0.0
116999 : 1.5318530828707047 size: 0.0
117999 : 1.3518913829124415 size: 0.0
118999 : 1.4365457152160384 size: 0.0
119999 : 1.3914633010060922 size: 0.0
120999 : 1.284638943153747 size: 0.0
121999 : 1.5271784224376026 size: 0.0
122999 : 1.4084461578221674 size: 0.0
123999 : 1.4038294555424062 size: 0.0
124999 : 1.4464380713023417 size: 0.0
125999 : 1.4673021465917633 size: 0.0
126999 : 1.5489409350951315 size: 0.0
127999 : 1.5952534552153739 size: 0.0
128999 : 1.535121957115654 size: 0.0
129999 : 1.2927772481839006 size: 0.0
130999 : 1.587706512530212 size: 0.0
131999 : 1.4521473793630342 size: 0.0
132999 : 1.3456639771160246 size: 0.0
133999 : 1.480910445823934 size: 0.0
134999 : 1.4056675201235025 size: 0.0
135999 : 1.486473740614044 size: 0.0
136999 : 1.297745225028049 size: 0.0
137999 : 1.5275007179253195 size: 0.0
138999 : 1.5174818685993066 size: 0.0
139999 : 1.2780045404140634 size: 0.0
140999 : 1.3374941132694378 size: 0.0
141999 : 1.2719314890467959 size: 0.0
142999 : 1.4659130427207443 size: 0.0
143999 : 1.4980839454084904 size: 0.0
144999 : 1.4369292365274624 size: 0.0
145999 : 1.4131385324683083 size: 0.0
146999 : 1.4066080072497458 size: 0.0
147999 : 1.5664095569085688 size: 0.0
148999 : 1.3709055268178574 size: 0.0
149999 : 1.3838339786311673 size: 0.0
150999 : 1.5249995742338218 size: 0.0
151999 : 1.4005461347547843 size: 0.0
152999 : 1.4121592632542954 size: 0.0
153999 : 1.5876272285281643 size: 0.0
154999 : 1.483303240445388 size: 0.0
155999 : 1.3662376596994643 size: 0.0
156999 : 1.3376311834421755 size: 0.0
157999 : 1.3756095962842567 size: 0.0
158999 : 1.3538303153182687 size: 0.0
159999 : 1.3124067460141036 size: 0.0
160999 : 1.2961765712695295 size: 0.0
161999 : 1.5536996950445054 size: 0.0
162999 : 1.5071935224593918 size: 0.0
163999 : 1.549503318363453 size: 0.0
164999 : 1.4969043164062226 size: 0.0
165999 : 1.3225651592612917 size: 0.0
166999 : 1.5486157159023501 size: 0.0
167999 : 1.5848906405876353 size: 0.0
168999 : 1.4575980255168293 size: 0.0
169999 : 1.5803946701287799 size: 0.0
170999 : 1.4916777636465017 size: 0.0
171999 : 1.4236503700630194 size: 0.0
172999 : 1.3955398057794934 size: 0.0
173999 : 1.5082610187732972 size: 0.0
174999 : 1.4083138171723286 size: 0.0
175999 : 1.423753903618839 size: 0.0
176999 : 1.5063750570239356 size: 0.0
177999 : 1.3215119375074078 size: 0.0
178999 : 1.4492302096390994 size: 0.0
179999 : 1.4065271754038402 size: 0.0
180999 : 1.4149144253211177 size: 0.0
181999 : 1.3733136278952383 size: 0.0
182999 : 1.4784213409179965 size: 0.0
183999 : 1.524777544631558 size: 0.0
184999 : 1.4171225965668708 size: 0.0
185999 : 1.3348626067285858 size: 0.0
186999 : 1.5002502388787584 size: 0.0
187999 : 1.4217335374278282 size: 0.0
188999 : 1.5121258129034862 size: 0.0
189999 : 1.4118183936402855 size: 0.0
190999 : 1.1904964139933745 size: 0.0
191999 : 1.4499134967109772 size: 0.0
192999 : 1.3058161128590644 size: 0.0
193999 : 1.458668961483752 size: 0.0
194999 : 1.417278154874576 size: 0.0
195999 : 1.4112126707439465 size: 0.0
196999 : 1.3613704646887215 size: 0.0
197999 : 1.558451403705194 size: 0.0
198999 : 1.382161963299479 size: 0.0
199999 : 1.5321139805520636 size: 0.0
200999 : 1.4115425334683014 size: 0.0
201999 : 1.432927802181163 size: 0.0
202999 : 1.39324581519096 size: 0.0
203999 : 1.5461255791005075 size: 0.0
204999 : 1.4895126740547897 size: 0.0
205999 : 1.5386890492771996 size: 0.0
206999 : 1.4808555833583086 size: 0.0
207999 : 1.347395240470935 size: 0.0
208999 : 1.5115046115685697 size: 0.0
209999 : 1.5922802191472576 size: 0.0
210999 : 1.3733345237873182 size: 0.0
211999 : 1.638214205452951 size: 0.0
212999 : 1.5517495837663722 size: 0.0
213999 : 1.4187992554301323 size: 0.0
214999 : 1.5408341888814114 size: 0.0
215999 : 1.5250585642830676 size: 0.0
216999 : 1.3580193827366596 size: 0.0
217999 : 1.3863693468701868 size: 0.0
218999 : 1.3227314664846759 size: 0.0
219999 : 1.4748305151506318 size: 0.0
220999 : 1.4261655303405627 size: 0.0
221999 : 1.3191611926440894 size: 0.0
222999 : 1.4453987801431776 size: 0.0
223999 : 1.4246147627777326 size: 0.0
224999 : 1.3885297929303253 size: 0.0
225999 : 1.4846410934864498 size: 0.0
226999 : 1.2405969379901955 size: 0.0
227999 : 1.4601614269279395 size: 0.0
228999 : 1.4485214691348938 size: 0.0
229999 : 1.4216937234441533 size: 0.0
230999 : 1.427781393336744 size: 0.0
231999 : 1.4509789292330724 size: 0.0
232999 : 1.3645934195658904 size: 0.0
233999 : 1.3825860725165067 size: 0.0
234999 : 1.5375641107579059 size: 0.0
235999 : 1.2521484967006977 size: 0.0
236999 : 1.5444857245245305 size: 0.0
237999 : 1.3365366858520844 size: 0.0
238999 : 1.387560412718737 size: 0.0
239999 : 1.4059285037961868 size: 0.0
240999 : 1.5384159408276294 size: 0.0
241999 : 1.5618960442193253 size: 0.0
242999 : 1.4021281171687459 size: 0.0
243999 : 1.461462991629669 size: 0.0
244999 : 1.4840030378517488 size: 0.0
245999 : 1.2648053879082954 size: 0.0
246999 : 1.376109377867664 size: 0.0
247999 : 1.3625685818259572 size: 0.0
248999 : 1.6200542133830451 size: 0.0
249999 : 1.4976944047042862 size: 0.0
250999 : 1.4595132243168376 size: 0.0
251999 : 1.5573603457681204 size: 0.0
252999 : 1.582431632645599 size: 0.0
253999 : 1.3643159255587234 size: 0.0
254999 : 1.536645207454346 size: 0.0
255999 : 1.4345586276679694 size: 0.0
256999 : 1.5378554493684675 size: 0.0
257999 : 1.3525097465336187 size: 0.0
258999 : 1.2296546278203748 size: 0.0
259999 : 1.46164856090995 size: 0.0
260999 : 1.2467013761912455 size: 0.0
261999 : 1.3341523183805224 size: 0.0
262999 : 1.3983525820343548 size: 0.0
263999 : 1.3719847179520215 size: 0.0
264999 : 1.3635464751787632 size: 0.0
265999 : 1.4792583804797457 size: 0.0
266999 : 1.6328866988771737 size: 0.0
267999 : 1.3538735689549608 size: 0.0
268999 : 1.6238512463487944 size: 0.0
269999 : 1.4238136675900137 size: 0.0
270999 : 1.2334954303707684 size: 0.0
271999 : 1.3835273335646787 size: 0.0
272999 : 1.466715857734972 size: 0.0
273999 : 1.5406747609640616 size: 0.0
274999 : 1.3552207950504946 size: 0.0
275999 : 1.3159771058460155 size: 0.0
276999 : 1.4486772854165755 size: 0.0
277999 : 1.4548060591627225 size: 0.0
278999 : 1.2986031604818782 size: 0.0
279999 : 1.4735662706841393 size: 0.0
280999 : 1.3158145822409502 size: 0.0
281999 : 1.3979267529908184 size: 0.0
282999 : 1.3905507610606143 size: 0.0
283999 : 1.472281904247496 size: 0.0
284999 : 1.4321052951534115 size: 0.0
285999 : 1.4065441156949503 size: 0.0
286999 : 1.4002583217885654 size: 0.0
287999 : 1.4178837917795895 size: 0.0
288999 : 1.2821039188800292 size: 0.0
289999 : 1.4005853467991811 size: 0.0
290999 : 1.3640290584970842 size: 0.0
291999 : 1.6044639860823315 size: 0.0
292999 : 1.4771034378644348 size: 0.0
293999 : 1.375675207665561 size: 0.0
294999 : 1.4173348231580354 size: 0.0
295999 : 1.3499386059032197 size: 0.0
296999 : 1.5291391966400896 size: 0.0
297999 : 1.3897872440821089 size: 0.0
298999 : 1.3967242502959856 size: 0.0
299999 : 1.2851812044519175 size: 0.0
300999 : 1.377764366916917 size: 0.0
301999 : 1.2841748479703938 size: 0.0
302999 : 1.4936691507608422 size: 0.0
303999 : 1.5073419434870863 size: 0.0
304999 : 1.4812848520548623 size: 0.0
305999 : 1.1956538297274484 size: 0.0
306999 : 1.2862401876246052 size: 0.0
307999 : 1.4378011885673367 size: 0.0
308999 : 1.5252566882968617 size: 0.0
309999 : 1.3297142200836822 size: 0.0
310999 : 1.5249079074809118 size: 0.0
311999 : 1.3963120938731928 size: 0.0
312999 : 1.2433859806392378 size: 0.0
313999 : 1.3877693716395354 size: 0.0
314999 : 1.4113338325214795 size: 0.0
315999 : 1.2419384026669256 size: 0.0
316999 : 1.3659127844719845 size: 0.0
317999 : 1.570602837901906 size: 0.0
318999 : 1.3659738383130409 size: 0.0
319999 : 1.4414570237767275 size: 0.0
320999 : 1.4941508741659089 size: 0.0
321999 : 1.3731047549657653 size: 0.0
322999 : 1.3553699900001182 size: 0.0
323999 : 1.3312888932349822 size: 0.0
324999 : 1.345578931695173 size: 0.0
325999 : 1.3131133367351733 size: 0.0
326999 : 1.420758051832134 size: 0.0
327999 : 1.2113661647102745 size: 0.0
328999 : 1.3451642815239426 size: 0.0
329999 : 1.4030022189917561 size: 0.0
330999 : 1.3608895152055835 size: 0.0
331999 : 1.459698105666515 size: 0.0
332999 : 1.389102409166373 size: 0.0
333999 : 1.4115006556928165 size: 0.0
334999 : 1.4622646027653408 size: 0.0
335999 : 1.395079064257832 size: 0.0
336999 : 1.412953909092607 size: 0.0
337999 : 1.4276445811379828 size: 0.0
338999 : 1.3347576113202342 size: 0.0
339999 : 1.4079770751419391 size: 0.0
340999 : 1.510572981548846 size: 0.0
341999 : 1.4697100756864934 size: 0.0
342999 : 1.456279606515315 size: 0.0
343999 : 1.4328336416798155 size: 0.0
344999 : 1.4190944636503382 size: 0.0
345999 : 1.2336600177676442 size: 0.0
346999 : 1.404916987835137 size: 0.0
347999 : 1.3938000292833652 size: 0.0
348999 : 1.3304741254265195 size: 0.0
349999 : 1.362638664756184 size: 0.0
350999 : 1.4443180411651557 size: 0.0
351999 : 1.3327398248689863 size: 0.0
352999 : 1.2659323902193993 size: 0.0
353999 : 1.446767246096093 size: 0.0
354999 : 1.3280887260590524 size: 0.0
355999 : 1.4380708573638896 size: 0.0
356999 : 1.2885865469303266 size: 0.0
357999 : 1.4756321262863035 size: 0.0
358999 : 1.5214823570410265 size: 0.0
359999 : 1.354206699349682 size: 0.0
360999 : 1.4345354100101029 size: 0.0
361999 : 1.3502030292289213 size: 0.0
362999 : 1.4913033574155734 size: 0.0
363999 : 1.2934751537811018 size: 0.0
364999 : 1.2055493674927926 size: 0.0
365999 : 1.2571928338418294 size: 0.0
366999 : 1.3661292246380954 size: 0.0
367999 : 1.4049089046505467 size: 0.0
368999 : 1.4689487084911237 size: 0.0
369999 : 1.5314050680652072 size: 0.0
370999 : 1.2708394852051423 size: 0.0
371999 : 1.3984506121453464 size: 0.0
372999 : 1.377104985433509 size: 0.0
373999 : 1.2250133320215402 size: 0.0
374999 : 1.4007832988303242 size: 0.0
375999 : 1.3780308540344288 size: 0.0
376999 : 1.5324249251848234 size: 0.0
377999 : 1.4636538786190105 size: 0.0
378999 : 1.4596035152085405 size: 0.0
379999 : 1.2748412635167437 size: 0.0
380999 : 1.458088692019741 size: 0.0
381999 : 1.2807793085030839 size: 0.0
382999 : 1.344502148318121 size: 0.0
383999 : 1.4397954133954165 size: 0.0
384999 : 1.5131454980404517 size: 0.0
385999 : 1.370316228264676 size: 0.0
386999 : 1.311781331104241 size: 0.0
387999 : 1.4646482823062992 size: 0.0
388999 : 1.4640353361386242 size: 0.0
389999 : 1.4336871055847222 size: 0.0
390999 : 1.3996883712836061 size: 0.0
391999 : 1.2899313652687483 size: 0.0
392999 : 1.4580754493556245 size: 0.0
393999 : 1.3749501288095234 size: 0.0
394999 : 1.4183183919383198 size: 0.0
395999 : 1.4957654472922088 size: 0.0
396999 : 1.3053876180844397 size: 0.0
397999 : 1.4133786202489127 size: 0.0
398999 : 1.3141209830865785 size: 0.0
399999 : 1.363649320803979 size: 0.0
400999 : 1.3280395390209057 size: 0.0
401999 : 1.3423064458145555 size: 0.0
402999 : 1.353928431420586 size: 0.0
403999 : 1.3487910516653376 size: 0.0
404999 : 1.2323579371179618 size: 0.0
405999 : 1.4601652105462584 size: 0.0
406999 : 1.3423361128218292 size: 0.0
407999 : 1.4478687949748694 size: 0.0
408999 : 1.4894218672151343 size: 0.0
409999 : 1.2478335379818755 size: 0.0
410999 : 1.348096069773201 size: 0.0
411999 : 1.3213134695283122 size: 0.0
412999 : 1.6029558702169155 size: 0.0
413999 : 1.3739215865660384 size: 0.0
414999 : 1.3193629282935515 size: 0.0
415999 : 1.4367163220056942 size: 0.0
416999 : 1.39697826867131 size: 0.0
417999 : 1.4095676566884439 size: 0.0
418999 : 1.3709569496304652 size: 0.0
419999 : 1.3167341734751135 size: 0.0
420999 : 1.4208029393040094 size: 0.0
421999 : 1.281123531778786 size: 0.0
422999 : 1.5372791355054263 size: 0.0
423999 : 1.2054419643273289 size: 0.0
424999 : 1.458862098000671 size: 0.0
425999 : 1.4399102118148674 size: 0.0
426999 : 1.4332781308409703 size: 0.0
427999 : 1.3606471916505178 size: 0.0
428999 : 1.4033549554086757 size: 0.0
429999 : 1.3411665448046368 size: 0.0
430999 : 1.1816289025235627 size: 0.0
431999 : 1.4145970313389504 size: 0.0
432999 : 1.4528439090990286 size: 0.0
433999 : 1.2538935186676774 size: 0.0
434999 : 1.502616204206678 size: 0.0
435999 : 1.5439233412562092 size: 0.0
436999 : 1.310792086896478 size: 0.0
437999 : 1.3295425813981212 size: 0.0
438999 : 1.2197996779606342 size: 0.0
439999 : 1.4054239066985552 size: 0.0
440999 : 1.4319436314616003 size: 0.0
441999 : 1.2865729740540248 size: 0.0
442999 : 1.430449618173555 size: 0.0
443999 : 1.3483200771759498 size: 0.0
444999 : 1.3878563088695466 size: 0.0
445999 : 1.3530833946655716 size: 0.0
446999 : 1.3277384833905703 size: 0.0
447999 : 1.2643282220434764 size: 0.0
448999 : 1.3991933192230974 size: 0.0
449999 : 1.356813096423508 size: 0.0
450999 : 1.3837675073366087 size: 0.0
451999 : 1.4013147252214901 size: 0.0
452999 : 1.2956727480938268 size: 0.0
453999 : 1.4209217793157556 size: 0.0
454999 : 1.4159678190576523 size: 0.0
455999 : 1.527290727108616 size: 0.0
456999 : 1.2741265036197578 size: 0.0
457999 : 1.3417742455014605 size: 0.0
458999 : 1.4078830866232426 size: 0.0
459999 : 1.4023453312567855 size: 0.0
460999 : 1.316354349790683 size: 0.0
461999 : 1.4098327679447489 size: 0.0
462999 : 1.5999298354749845 size: 0.0
463999 : 1.4143977894379258 size: 0.0
464999 : 1.4194154692681737 size: 0.0
465999 : 1.306324149609713 size: 0.0
466999 : 1.4151248460944483 size: 0.0
467999 : 1.4568683031292184 size: 0.0
468999 : 1.2063510646197897 size: 0.0
469999 : 1.3310610162225889 size: 0.0
470999 : 1.3571223212297592 size: 0.0
471999 : 1.4728917547274554 size: 0.0
472999 : 1.4491973609527846 size: 0.0
473999 : 1.3359550405268665 size: 0.0
474999 : 1.4063969845371371 size: 0.0
475999 : 1.4160221655753251 size: 0.0
476999 : 1.3852011547142011 size: 0.0
477999 : 1.378097067355011 size: 0.0
478999 : 1.1598298435527254 size: 0.0
479999 : 1.4694772111772252 size: 0.0
480999 : 1.2690782108776564 size: 0.0
481999 : 1.3881771425047311 size: 0.0
482999 : 1.3328644262995364 size: 0.0
483999 : 1.4402307014847502 size: 0.0
484999 : 1.322651322569374 size: 0.0
485999 : 1.341532781859649 size: 0.0
486999 : 1.1685955412932263 size: 0.0
487999 : 1.2228774794804749 size: 0.0
488999 : 1.2179471668368653 size: 0.0
489999 : 1.3481339059563908 size: 0.0
490999 : 1.2544203875185955 size: 0.0
491999 : 1.24044533528346 size: 0.0
492999 : 1.2438812906737227 size: 0.0
493999 : 1.4071724543098776 size: 0.0
494999 : 1.4257061646801081 size: 0.0
495999 : 1.3160228532311449 size: 0.0
496999 : 1.4267644599221923 size: 0.0
497999 : 1.274523009621322 size: 0.0
498999 : 1.3608067915505186 size: 0.0
499999 : 1.3166321017718265 size: 0.0
500999 : 1.3708120542471134 size: 0.0
501999 : 1.4878170970999334 size: 0.0
502999 : 1.347971468342651 size: 0.0
503999 : 1.4101374352107523 size: 0.0
504999 : 1.2947405161348249 size: 0.0
505999 : 1.5164872929293671 size: 0.0
506999 : 1.3219914251380134 size: 0.0
507999 : 1.3981626271964767 size: 0.0
508999 : 1.3380661275662074 size: 0.0
509999 : 1.3406907548010247 size: 0.0
510999 : 1.3439849964869763 size: 0.0
511999 : 1.3621733656942745 size: 0.0
512999 : 1.4259332677705725 size: 0.0
513999 : 1.3091401075436153 size: 0.0
514999 : 1.4417458686388516 size: 0.0
515999 : 1.388641753636037 size: 0.0
516999 : 1.421276837498462 size: 0.0
517999 : 1.3170624023642852 size: 0.0
518999 : 1.42267178877961 size: 0.0
519999 : 1.3844138181385512 size: 0.0
520999 : 1.3604996305360777 size: 0.0
521999 : 1.4477822877014854 size: 0.0
522999 : 1.456605685621351 size: 0.0
523999 : 1.3466291437526667 size: 0.0
524999 : 1.4335457358457129 size: 0.0
525999 : 1.4487214849578471 size: 0.0
526999 : 1.4572069369687672 size: 0.0
527999 : 1.3671317975013002 size: 0.0
528999 : 1.3341022714291215 size: 0.0
529999 : 1.2647070998233272 size: 0.0
530999 : 1.412968269643954 size: 0.0
531999 : 1.473100197700301 size: 0.0
532999 : 1.4145887761717089 size: 0.0
533999 : 1.3107537347653357 size: 0.0
534999 : 1.2310083892566415 size: 0.0
535999 : 1.2796155878960207 size: 0.0
536999 : 1.3297537760933806 size: 0.0
537999 : 1.2991394883785938 size: 0.0
538999 : 1.36105522048969 size: 0.0
539999 : 1.3661725642661129 size: 0.0
540999 : 1.4786944493675667 size: 0.0
541999 : 1.3991658879902849 size: 0.0
542999 : 1.52464838566076 size: 0.0
543999 : 1.4138474449551648 size: 0.0
544999 : 1.3805448964247413 size: 0.0
545999 : 1.4069294428242083 size: 0.0
546999 : 1.3431185478919296 size: 0.0
547999 : 1.385334269285969 size: 0.0
548999 : 1.3280819327443434 size: 0.0
549999 : 1.4196202146140258 size: 0.0
550999 : 1.3735182012584397 size: 0.0
551999 : 1.4668598072137442 size: 0.0
552999 : 1.3485758153777827 size: 0.0
553999 : 1.3656714068214986 size: 0.0
554999 : 1.264591269507971 size: 0.0
555999 : 1.28890815448744 size: 0.0
556999 : 1.3574011910981332 size: 0.0
557999 : 1.3053993988960237 size: 0.0
558999 : 1.2570224850261498 size: 0.0
559999 : 1.4560694437159607 size: 0.0
560999 : 1.3519015298888424 size: 0.0
561999 : 1.373041895306875 size: 0.0
562999 : 1.3474494150059568 size: 0.0
563999 : 1.3370159155087138 size: 0.0
564999 : 1.3774085348122818 size: 0.0
565999 : 1.1965617261413533 size: 0.0
566999 : 1.2462389148430755 size: 0.0
567999 : 1.3824259566685533 size: 0.0
568999 : 1.4626993749067219 size: 0.0
569999 : 1.5351735519109129 size: 0.0
570999 : 1.2947640777579932 size: 0.0
571999 : 1.4759738558135678 size: 0.0
572999 : 1.1703803772438806 size: 0.0
573999 : 1.4115539703145839 size: 0.0
574999 : 1.278289515666543 size: 0.0
575999 : 1.3328664900913467 size: 0.0
576999 : 1.3459602172321359 size: 0.0
577999 : 1.3510459162008 size: 0.0
578999 : 1.5081014188732964 size: 0.0
579999 : 1.4140782456726226 size: 0.0
580999 : 1.4647800210168602 size: 0.0
581999 : 1.3488061861386136 size: 0.0
582999 : 1.2644863600909448 size: 0.0
583999 : 1.3422319773267317 size: 0.0
584999 : 1.5387583582854973 size: 0.0
585999 : 1.2505661703214346 size: 0.0
586999 : 1.5245405525386688 size: 0.0
587999 : 1.3712031427951754 size: 0.0
588999 : 1.553320473299353 size: 0.0
589999 : 1.4056290820010346 size: 0.0
590999 : 1.3749365421801052 size: 0.0
591999 : 1.406790050885684 size: 0.0
592999 : 1.2453928461921557 size: 0.0
593999 : 1.3387578417879777 size: 0.0
594999 : 1.3001883245748806 size: 0.0
595999 : 1.2612772498171703 size: 0.0
596999 : 1.5247139110507386 size: 0.0
597999 : 1.4746243079522474 size: 0.0
598999 : 1.3598070564010531 size: 0.0
599999 : 1.2480977033336007 size: 0.0
600999 : 1.2207442066791727 size: 0.0
601999 : 1.3174828139543193 size: 0.0
602999 : 1.450542953213135 size: 0.0
603999 : 1.3620172914386164 size: 0.0
604999 : 1.2569272066375718 size: 0.0
605999 : 1.5515524916484833 size: 0.0
606999 : 1.3536620302943996 size: 0.0
607999 : 1.6555307946030253 size: 0.0
608999 : 1.298689409781286 size: 0.0
609999 : 1.4551118443159565 size: 0.0
610999 : 1.271534467097279 size: 0.0
611999 : 1.4515165469996696 size: 0.0
612999 : 1.3719668317563316 size: 0.0
613999 : 1.3754432030695471 size: 0.0
614999 : 1.2572995490766898 size: 0.0
615999 : 1.459558971701967 size: 0.0
616999 : 1.3930495829863254 size: 0.0
617999 : 1.322133052850999 size: 0.0
618999 : 1.2952120925634907 size: 0.0
619999 : 1.4835820243224367 size: 0.0
620999 : 1.2470776742313334 size: 0.0
621999 : 1.4352258343619917 size: 0.0
622999 : 1.3633868752787623 size: 0.0
623999 : 1.3011148811064042 size: 0.0
624999 : 1.5545723350149834 size: 0.0
625999 : 1.194966071106648 size: 0.0
626999 : 1.3126536271094171 size: 0.0
627999 : 1.3419097678303404 size: 0.0
628999 : 1.3769152025782818 size: 0.0
629999 : 1.3928190402428438 size: 0.0
630999 : 1.3320519802568604 size: 0.0
631999 : 1.4650586329112578 size: 0.0
632999 : 1.4406922169283407 size: 0.0
633999 : 1.2333150205700134 size: 0.0
634999 : 1.449209227755694 size: 0.0
635999 : 1.5914497149262412 size: 0.0
636999 : 1.3498209697700296 size: 0.0
637999 : 1.370127305322703 size: 0.0
638999 : 1.3803777292881028 size: 0.0
639999 : 1.3480578036333841 size: 0.0
640999 : 1.4396269563888964 size: 0.0
641999 : 1.2628842557068323 size: 0.0
642999 : 1.3115495844822034 size: 0.0
643999 : 1.3822167397737788 size: 0.0
644999 : 1.415310759340031 size: 0.0
645999 : 1.3885075211770386 size: 0.0
646999 : 1.1960269460884951 size: 0.0
647999 : 1.3029988650552808 size: 0.0
648999 : 1.3256348775965419 size: 0.0
649999 : 1.3705965599855823 size: 0.0
650999 : 1.2815875409708137 size: 0.0
651999 : 1.1834192419190446 size: 0.0
652999 : 1.4581798428246981 size: 0.0
653999 : 1.4393136039990244 size: 0.0
654999 : 1.3883444816240207 size: 0.0
655999 : 1.319967619293985 size: 0.0
656999 : 1.5106257802226608 size: 0.0
657999 : 1.3179499188340627 size: 0.0
658999 : 1.2831593764083744 size: 0.0
659999 : 1.3760358552844203 size: 0.0
660999 : 1.3812746188123524 size: 0.0
661999 : 1.2180555159069089 size: 0.0
662999 : 1.2593736598460952 size: 0.0
663999 : 1.272825712839957 size: 0.0
664999 : 1.3431946502149363 size: 0.0
665999 : 1.3479911603561747 size: 0.0
666999 : 1.3578034585185013 size: 0.0
667999 : 1.2924176324609464 size: 0.0
668999 : 1.3842226594221172 size: 0.0
669999 : 1.4507904362477266 size: 0.0
670999 : 1.4972040821666763 size: 0.0
671999 : 1.3897740014179922 size: 0.0
672999 : 1.3716711075881731 size: 0.0
673999 : 1.3213740074214158 size: 0.0
674999 : 1.1177276307082555 size: 0.0
675999 : 1.428549811820799 size: 0.0
676999 : 1.2371515235541355 size: 0.0
677999 : 1.2653384481346446 size: 0.0
678999 : 1.2201187917693102 size: 0.0
679999 : 1.3547235072155248 size: 0.0
680999 : 1.3831612684923174 size: 0.0
681999 : 1.5302667148991462 size: 0.0
682999 : 1.5018245680647566 size: 0.0
683999 : 1.3332600723878463 size: 0.0
684999 : 1.2687298600183339 size: 0.0
685999 : 1.3109848794480952 size: 0.0
686999 : 1.3477565760203978 size: 0.0
687999 : 1.3378702393268747 size: 0.0
688999 : 1.5662776462153571 size: 0.0
689999 : 1.4065980322559957 size: 0.0
690999 : 1.3916216970275368 size: 0.0
691999 : 1.513173875177844 size: 0.0
692999 : 1.516575004081307 size: 0.0
693999 : 1.3238950151090882 size: 0.0
694999 : 1.3505323760053236 size: 0.0
695999 : 1.4855954252160877 size: 0.0
696999 : 1.5353457065444265 size: 0.0
697999 : 1.3096253565930247 size: 0.0
698999 : 1.3445744670228086 size: 0.0
699999 : 1.392107891981526 size: 0.0
700999 : 1.341136275858085 size: 0.0
701999 : 1.5355524296907637 size: 0.0
702999 : 1.4144981413147042 size: 0.0
703999 : 1.236302101241524 size: 0.0
704999 : 1.2093987691757295 size: 0.0
705999 : 1.3194216603688211 size: 0.0
706999 : 1.3146266980714407 size: 0.0
707999 : 1.4357836600900653 size: 0.0
708999 : 1.4470775027982496 size: 0.0
709999 : 1.368255188176736 size: 0.0
710999 : 1.3414504021698859 size: 0.0
711999 : 1.3659605096575989 size: 0.0
712999 : 1.5922109101389599 size: 0.0
713999 : 1.3031935494160574 size: 0.0
714999 : 1.4647858684269894 size: 0.0
715999 : 1.3034182447494096 size: 0.0
716999 : 1.2966502114900056 size: 0.0
717999 : 1.5035435346601302 size: 0.0
718999 : 1.2875839740671218 size: 0.0
719999 : 1.414275423781837 size: 0.0
720999 : 1.433885229598516 size: 0.0
721999 : 1.483288449937414 size: 0.0
722999 : 1.480116573907551 size: 0.0
723999 : 1.3443261240749629 size: 0.0
724999 : 1.4092648812315998 size: 0.0
725999 : 1.4243778566761691 size: 0.0
726999 : 1.382363870931592 size: 0.0
727999 : 1.427599349700806 size: 0.0
728999 : 1.353770981303721 size: 0.0
729999 : 1.3972236879140911 size: 0.0
730999 : 1.2112413912970736 size: 0.0
731999 : 1.3827426627201171 size: 0.0
732999 : 1.3464536354574612 size: 0.0
733999 : 1.4183991377929 size: 0.0
734999 : 1.4646343517115794 size: 0.0
735999 : 1.2921983545810964 size: 0.0
736999 : 1.66825888662808 size: 0.0
737999 : 1.4868551981336577 size: 0.0
738999 : 1.437248092362162 size: 0.0
739999 : 1.4200960906089632 size: 0.0
740999 : 1.3754484485403984 size: 0.0
741999 : 1.3336797960472768 size: 0.0
742999 : 1.2970265095300935 size: 0.0
743999 : 1.4690604972141845 size: 0.0
744999 : 1.4297540343421407 size: 0.0
745999 : 1.4203928466730271 size: 0.0
746999 : 1.2688101759162866 size: 0.0
747999 : 1.4899880341017746 size: 0.0
748999 : 1.4370878045315578 size: 0.0
749999 : 1.2505408888717577 size: 0.0
750999 : 1.326775036580437 size: 0.0
751999 : 1.4892903004872242 size: 0.0
752999 : 1.2668818204434875 size: 0.0
753999 : 1.376226928009529 size: 0.0
754999 : 1.3688050167115444 size: 0.0
755999 : 1.3761638103766622 size: 0.0
756999 : 1.3002990814020363 size: 0.0
757999 : 1.3925323451638554 size: 0.0
758999 : 1.4483761437949145 size: 0.0
759999 : 1.2648363447854507 size: 0.0
760999 : 1.3450782901985112 size: 0.0
761999 : 1.2792001638028616 size: 0.0
762999 : 1.3226465930464752 size: 0.0
763999 : 1.4389036833506927 size: 0.0
764999 : 1.2481107740150663 size: 0.0
765999 : 1.4583375509155394 size: 0.0
766999 : 1.4344690247068699 size: 0.0
767999 : 1.3395710617525824 size: 0.0
768999 : 1.5421827048468266 size: 0.0
769999 : 1.1307517048754452 size: 0.0
770999 : 1.2516109649254261 size: 0.0
771999 : 1.293285628899851 size: 0.0
772999 : 1.3736871742129124 size: 0.0
773999 : 1.357215965783154 size: 0.0
774999 : 1.4161185618511336 size: 0.0
775999 : 1.426635816899347 size: 0.0
776999 : 1.2276851684940193 size: 0.0
777999 : 1.3692638664240464 size: 0.0
778999 : 1.4410878630166506 size: 0.0
779999 : 1.4130645799284374 size: 0.0
780999 : 1.4005842289119503 size: 0.0
781999 : 1.4309128534436542 size: 0.0
782999 : 1.4762225427267155 size: 0.0
783999 : 1.3107129748770812 size: 0.0
784999 : 1.2626321291406675 size: 0.0
785999 : 1.2603801883102699 size: 0.0
786999 : 1.380222514945699 size: 0.0
787999 : 1.2704717003062722 size: 0.0
788999 : 1.3976537305325736 size: 0.0
789999 : 1.4135365863137304 size: 0.0
790999 : 1.3649046221726266 size: 0.0
791999 : 1.296298077012364 size: 0.0
792999 : 1.3677287492824448 size: 0.0
793999 : 1.4184163360579862 size: 0.0
794999 : 1.41601416838206 size: 0.0
795999 : 1.3587494490895722 size: 0.0
796999 : 1.280346944118815 size: 0.0
797999 : 1.5582551715005597 size: 0.0
798999 : 1.5207067152856353 size: 0.0
799999 : 1.4894576396065138 size: 0.0
800999 : 1.2695019761293824 size: 0.0
801999 : 1.2349728473330055 size: 0.0
802999 : 1.2498974157835545 size: 0.0
803999 : 1.3933950961319088 size: 0.0
804999 : 1.4842500049383878 size: 0.0
805999 : 1.279010724912936 size: 0.0
806999 : 1.2339901384659753 size: 0.0
807999 : 1.2528227546834054 size: 0.0
808999 : 1.1937971050287335 size: 0.0
809999 : 1.3797842171599752 size: 0.0
810999 : 1.2885856870170722 size: 0.0
811999 : 1.553207480697736 size: 0.0
812999 : 1.396872843306331 size: 0.0
813999 : 1.3066215936043803 size: 0.0
814999 : 1.410107854194804 size: 0.0
815999 : 1.2970626258867746 size: 0.0
816999 : 1.5014761312141085 size: 0.0
817999 : 1.371213203780251 size: 0.0
818999 : 1.2919818284236602 size: 0.0
819999 : 1.4398950773415915 size: 0.0
820999 : 1.3541471933524836 size: 0.0
821999 : 1.2385699504671266 size: 0.0
822999 : 1.3638590536467063 size: 0.0
823999 : 1.354671740437615 size: 0.0
824999 : 1.3412692184472017 size: 0.0
825999 : 1.3833357448916177 size: 0.0
826999 : 1.4365653212382368 size: 0.0
827999 : 1.3667028727700483 size: 0.0
828999 : 1.3520873571430996 size: 0.0
829999 : 1.3974912929188337 size: 0.0
830999 : 1.309056523975296 size: 0.0
831999 : 1.4451093333417755 size: 0.0
832999 : 1.397428175285967 size: 0.0
833999 : 1.3861217778442698 size: 0.0
834999 : 1.2974099448501921 size: 0.0
835999 : 1.3559806144020066 size: 0.0
836999 : 1.302792227900269 size: 0.0
837999 : 1.3382811918711113 size: 0.0
838999 : 1.399796806344975 size: 0.0
839999 : 1.3013652878460604 size: 0.0
840999 : 1.3189552434196812 size: 0.0
841999 : 1.5260276865206797 size: 0.0
842999 : 1.2745730565727231 size: 0.0
843999 : 1.3828013088040614 size: 0.0
844999 : 1.454708716982334 size: 0.0
845999 : 1.3027536177951504 size: 0.0
846999 : 1.1981102579297218 size: 0.0
847999 : 1.443740007475606 size: 0.0
848999 : 1.426064748507157 size: 0.0
849999 : 1.2906197258288266 size: 0.0
850999 : 1.299982289359147 size: 0.0
851999 : 1.3858861616125877 size: 0.0
852999 : 1.3301817549200528 size: 0.0
853999 : 1.3829971110520687 size: 0.0
854999 : 1.4294920187735511 size: 0.0
855999 : 1.31444018288658 size: 0.0
856999 : 1.3740515194587652 size: 0.0
857999 : 1.357908797892155 size: 0.0
858999 : 1.3077683739203336 size: 0.0
859999 : 1.4245475175612454 size: 0.0
860999 : 1.4703560425231341 size: 0.0
861999 : 1.2893032846277972 size: 0.0
862999 : 1.2908308345327608 size: 0.0
863999 : 1.280653159228676 size: 0.0
864999 : 1.3243963445363534 size: 0.0
865999 : 1.37506011171475 size: 0.0
866999 : 1.462388258291311 size: 0.0
867999 : 1.3368113421455123 size: 0.0
868999 : 1.4767488096383556 size: 0.0
869999 : 1.304286585153616 size: 0.0
870999 : 1.2978991495005714 size: 0.0
871999 : 1.2247540681753646 size: 0.0
872999 : 1.292124144067249 size: 0.0
873999 : 1.26848693452399 size: 0.0
874999 : 1.414322289054197 size: 0.0
875999 : 1.3987410908426536 size: 0.0
876999 : 1.52111431416818 size: 0.0
877999 : 1.2835644815424816 size: 0.0
878999 : 1.2875488896063458 size: 0.0
879999 : 1.3165593531105115 size: 0.0
880999 : 1.4497563045680886 size: 0.0
881999 : 1.2627767665500431 size: 0.0
882999 : 1.356324751686383 size: 0.0
883999 : 1.4967748134701229 size: 0.0
884999 : 1.5590992623509943 size: 0.0
885999 : 1.2622913455179827 size: 0.0
886999 : 1.2526461285009693 size: 0.0
887999 : 1.4081768329909163 size: 0.0
888999 : 1.41574011402791 size: 0.0
889999 : 1.3290378123178388 size: 0.0
890999 : 1.4099697521261612 size: 0.0
891999 : 1.300381547083125 size: 0.0
892999 : 1.2314351642047574 size: 0.0
893999 : 1.3512710414907794 size: 0.0
894999 : 1.4303920899768416 size: 0.0
895999 : 1.33748955572919 size: 0.0
896999 : 1.3635621255999917 size: 0.0
897999 : 1.2734893938896366 size: 0.0
898999 : 1.286301327456987 size: 0.0
899999 : 1.5512702681184174 size: 0.0
900999 : 1.1871393126485323 size: 0.0
901999 : 1.2856980123177602 size: 0.0
902999 : 1.2701512966277149 size: 0.0
903999 : 1.2943701514961918 size: 0.0
904999 : 1.328531753367675 size: 0.0
905999 : 1.370525961107403 size: 0.0
906999 : 1.3396702097508049 size: 0.0
907999 : 1.3863091529423848 size: 0.0
908999 : 1.3785112875696142 size: 0.0
909999 : 1.430826518152921 size: 0.0
910999 : 1.3214257741993256 size: 0.0
911999 : 1.4158519027509708 size: 0.0
912999 : 1.30924768269173 size: 0.0
913999 : 1.341324080912827 size: 0.0
914999 : 1.226305953625425 size: 0.0
915999 : 1.366079349669345 size: 0.0
916999 : 1.6130467802736401 size: 0.0
917999 : 1.2643616726690694 size: 0.0
918999 : 1.4309905896018442 size: 0.0
919999 : 1.4527900785293086 size: 0.0
920999 : 1.2610332924269214 size: 0.0
921999 : 1.4685478169319626 size: 0.0
922999 : 1.4922661162951034 size: 0.0
923999 : 1.398320765243945 size: 0.0
924999 : 1.2996135585556972 size: 0.0
925999 : 1.382771727788113 size: 0.0
926999 : 1.4135842255080193 size: 0.0
927999 : 1.344157925042419 size: 0.0
928999 : 1.3179697828302375 size: 0.0
929999 : 1.3244146606886702 size: 0.0
930999 : 1.4386481171315106 size: 0.0
931999 : 1.4821270510961373 size: 0.0
932999 : 1.432032460500771 size: 0.0
933999 : 1.2239559826840356 size: 0.0
934999 : 1.3934931262429004 size: 0.0
935999 : 1.396367558278096 size: 0.0
936999 : 1.313847960628334 size: 0.0
937999 : 1.3776179236897073 size: 0.0
938999 : 1.2571144957443614 size: 0.0
939999 : 1.1900672312881464 size: 0.0
940999 : 1.272990558210809 size: 0.0
941999 : 1.172324899085861 size: 0.0
942999 : 1.351651295131837 size: 0.0
943999 : 1.280823164079054 size: 0.0
944999 : 1.3860988181603795 size: 0.0
945999 : 1.377492290363252 size: 0.0
946999 : 1.1699195497308936 size: 0.0
947999 : 1.2466864137006204 size: 0.0
948999 : 1.5198172210153726 size: 0.0
949999 : 1.277935317397091 size: 0.0
950999 : 1.3950924789045993 size: 0.0
951999 : 1.3284088717636335 size: 0.0
952999 : 1.3503290065206783 size: 0.0
953999 : 1.3022161720112042 size: 0.0
954999 : 1.2852449240240622 size: 0.0
955999 : 1.3707544400590743 size: 0.0
956999 : 1.2652819518338363 size: 0.0
957999 : 1.3124366709953537 size: 0.0
958999 : 1.2575509877122513 size: 0.0
959999 : 1.334310112462689 size: 0.0
960999 : 1.4101683060965822 size: 0.0
961999 : 1.198017989237534 size: 0.0
962999 : 1.1117242323145875 size: 0.0
963999 : 1.3358092852302603 size: 0.0
964999 : 1.1860934861486356 size: 0.0
965999 : 1.4004898964279522 size: 0.0
966999 : 1.4418398571575481 size: 0.0
967999 : 1.2045146338738766 size: 0.0
968999 : 1.3040247415676773 size: 0.0
969999 : 1.3887327324583434 size: 0.0
970999 : 1.4057322715915523 size: 0.0
971999 : 1.3178771701727479 size: 0.0
972999 : 1.430437837361971 size: 0.0
973999 : 1.3405884251237614 size: 0.0
974999 : 1.4804154797547506 size: 0.0
975999 : 1.2139057465242402 size: 0.0
976999 : 1.31799420436666 size: 0.0
977999 : 1.329202313723389 size: 0.0
978999 : 1.305971499184119 size: 0.0
979999 : 1.4056714757244724 size: 0.0
980999 : 1.3783743893795273 size: 0.0
981999 : 1.1962856939867184 size: 0.0
982999 : 1.4097306102501364 size: 0.0
983999 : 1.3670682499118063 size: 0.0
984999 : 1.4554736958133718 size: 0.0
985999 : 1.269557698508262 size: 0.0
986999 : 1.4577481663710325 size: 0.0
987999 : 1.3841941103020738 size: 0.0
988999 : 1.3410073748612632 size: 0.0
989999 : 1.4707275250489977 size: 0.0
990999 : 1.5815560689700563 size: 0.0
991999 : 1.3777936039675636 size: 0.0
992999 : 1.377111348791591 size: 0.0
993999 : 1.1780471058453683 size: 0.0
994999 : 1.3060021120959726 size: 0.0
995999 : 1.2221972880963126 size: 0.0
996999 : 1.30029976933264 size: 0.0
997999 : 1.5958390561415619 size: 0.0
998999 : 1.4719743992677532 size: 0.0
999999 : 1.5001453294617322 size: 0.0
1000999 : 1.300731187812329 size: 0.0
1001999 : 1.3262495435907256 size: 0.0
1002999 : 1.0658511278672995 size: 0.0
1003999 : 1.261276991843194 size: 0.0
1004999 : 1.5076172877111176 size: 0.0
1005999 : 1.3176964164066909 size: 0.0
1006999 : 1.3133949583259612 size: 0.0
1007999 : 1.2537217079994654 size: 0.0
1008999 : 1.4539994605301758 size: 0.0
1009999 : 1.4441541416988835 size: 0.0
1010999 : 1.2581215401564887 size: 0.0
1011999 : 1.3560312632926856 size: 0.0
1012999 : 1.2425882391132106 size: 0.0
1013999 : 1.5215332639056818 size: 0.0
1014999 : 1.2952416735794392 size: 0.0
1015999 : 1.2429091587397205 size: 0.0
1016999 : 1.3357596682354862 size: 0.0
1017999 : 1.4046636573904163 size: 0.0
1018999 : 1.342856102366713 size: 0.0
1019999 : 1.3419508716838966 size: 0.0
1020999 : 1.2587617455743254 size: 0.0
1021999 : 1.3321054668612788 size: 0.0
1022999 : 1.4518821821154038 size: 0.0
1023999 : 1.613552237284526 size: 0.0
1024999 : 1.3134382979539787 size: 0.0
1025999 : 1.4528131242045241 size: 0.0
1026999 : 1.4297312466409013 size: 0.0
1027999 : 1.4031386872252158 size: 0.0
1028999 : 1.3688539457757147 size: 0.0
1029999 : 1.4050426211615925 size: 0.0
1030999 : 1.3294589118384765 size: 0.0
1031999 : 1.4087189223064358 size: 0.0
1032999 : 1.269860903921733 size: 0.0
1033999 : 1.3545164401038858 size: 0.0
1034999 : 1.3763724253321588 size: 0.0
1035999 : 1.3511715495272552 size: 0.0
1036999 : 1.3587749885132254 size: 0.0
1037999 : 1.2052883838201083 size: 0.0
1038999 : 1.377603133181733 size: 0.0
1039999 : 1.2413635506564165 size: 0.0
1040999 : 1.3883921208183096 size: 0.0
1041999 : 1.2348559851217442 size: 0.0
1042999 : 1.4225404800256762 size: 0.0
1043999 : 1.2628952625964875 size: 0.0
1044999 : 1.2916149034380442 size: 0.0
1045999 : 1.3239804044952417 size: 0.0
1046999 : 1.1925583999858942 size: 0.0
1047999 : 1.3616555259325265 size: 0.0
1048999 : 1.3261391307288717 size: 0.0
1049999 : 1.291332163960026 size: 0.0
1050999 : 1.3012585726112 size: 0.0
1051999 : 1.367317538764232 size: 0.0
1052999 : 1.456296976763052 size: 0.0
1053999 : 1.2100415543333292 size: 0.0
1054999 : 1.3910274109774805 size: 0.0
1055999 : 1.3376471778287056 size: 0.0
1056999 : 1.384995807429071 size: 0.0
1057999 : 1.3835786703859614 size: 0.0
1058999 : 1.499304162316362 size: 0.0
1059999 : 1.3315489310030868 size: 0.0
1060999 : 1.2708427528755089 size: 0.0
1061999 : 1.2956532280629538 size: 0.0
1062999 : 1.2979457567989552 size: 0.0
1063999 : 1.277955439367242 size: 0.0
1064999 : 1.402751038330171 size: 0.0
1065999 : 1.3114814793524616 size: 0.0
1066999 : 1.386328157025305 size: 0.0
1067999 : 1.5496931872100055 size: 0.0
1068999 : 1.248123070774603 size: 0.0
1069999 : 1.4020056655213315 size: 0.0
1070999 : 1.2688804308291641 size: 0.0
1071999 : 1.2959712239843992 size: 0.0
1072999 : 1.4723888774563325 size: 0.0
1073999 : 1.2971669333645228 size: 0.0
1074999 : 1.3335963844616086 size: 0.0
1075999 : 1.161871105635816 size: 0.0
1076999 : 1.3133881650112522 size: 0.0
1077999 : 1.2992363146110297 size: 0.0
1078999 : 1.3788038300587317 size: 0.0
1079999 : 1.4134712329064025 size: 0.0
1080999 : 1.2860822215597878 size: 0.0
1081999 : 1.2067765496980243 size: 0.0
1082999 : 1.3828086180667232 size: 0.0
1083999 : 1.3835217441285257 size: 0.0
1084999 : 1.3901885655978972 size: 0.0
1085999 : 1.4068178260837985 size: 0.0
1086999 : 1.396633013499703 size: 0.0
1087999 : 1.450510448492122 size: 0.0
1088999 : 1.4025233333004286 size: 0.0
1089999 : 1.3126849279518742 size: 0.0
1090999 : 1.1653796377047427 size: 0.0
1091999 : 1.3309576546494204 size: 0.0
1092999 : 1.3533539233753789 size: 0.0
1093999 : 1.2643597808599099 size: 0.0
1094999 : 1.306058780379432 size: 0.0
1095999 : 1.4757886304985885 size: 0.0
1096999 : 1.4055399949878877 size: 0.0
1097999 : 1.3720498993766985 size: 0.0
1098999 : 1.286753813811407 size: 0.0
1099999 : 1.3736440065675457 size: 0.0
1100999 : 1.3800282605415495 size: 0.0
1101999 : 1.431316840690531 size: 0.0
1102999 : 1.2949677912079403 size: 0.0
1103999 : 1.472942317626809 size: 0.0
1104999 : 1.3566370721803498 size: 0.0
1105999 : 1.4449586765396198 size: 0.0
1106999 : 1.2825945853829408 size: 0.0
1107999 : 1.2741331249518162 size: 0.0
1108999 : 1.2428202437092246 size: 0.0
1109999 : 1.2735517376005743 size: 0.0
1110999 : 1.4332618784804638 size: 0.0
1111999 : 1.3811562947485587 size: 0.0
1112999 : 1.364908663764922 size: 0.0
1113999 : 1.445093854903198 size: 0.0
1114999 : 1.3024007953869052 size: 0.0
1115999 : 1.4293417919280225 size: 0.0
1116999 : 1.3697504913346628 size: 0.0
1117999 : 1.3042366241935404 size: 0.0
1118999 : 1.357120085455298 size: 0.0
1119999 : 1.2217505631606964 size: 0.0
1120999 : 1.3298944579017864 size: 0.0
1121999 : 1.33141899811036 size: 0.0
1122999 : 1.3536379527232787 size: 0.0
1123999 : 1.4121240068108687 size: 0.0
1124999 : 1.349804287452896 size: 0.0
1125999 : 1.4986721260744413 size: 0.0
1126999 : 1.383916272329605 size: 0.0
1127999 : 1.3879842639617885 size: 0.0
1128999 : 1.3833105494332663 size: 0.0
1129999 : 1.4797158543310407 size: 0.0
1130999 : 1.329238172106094 size: 0.0
1131999 : 1.4089334706633871 size: 0.0
1132999 : 1.451179976951931 size: 0.0
1133999 : 1.2319707181795443 size: 0.0
1134999 : 1.2747259491493401 size: 0.0
1135999 : 1.401120728791317 size: 0.0
1136999 : 1.3019710107423992 size: 0.0
1137999 : 1.3342543900838095 size: 0.0
1138999 : 1.2614317762289704 size: 0.0
1139999 : 1.3236919035984194 size: 0.0
1140999 : 1.1844190630598355 size: 0.0
1141999 : 1.485064514772874 size: 0.0
1142999 : 1.3680760682458624 size: 0.0
1143999 : 1.362276125328165 size: 0.0
1144999 : 1.4082789906855289 size: 0.0
1145999 : 1.2621669160700837 size: 0.0
1146999 : 1.1617367011941668 size: 0.0
1147999 : 1.3222451855393613 size: 0.0
1148999 : 1.2996442574588762 size: 0.0
1149999 : 1.4821807096832065 size: 0.0
1150999 : 1.4531283684035556 size: 0.0
1151999 : 1.4625205129498247 size: 0.0
1152999 : 1.394107534263108 size: 0.0
1153999 : 1.4511319937923404 size: 0.0
1154999 : 1.3576515978377894 size: 0.0
1155999 : 1.3629537369725644 size: 0.0
1156999 : 1.3823305062973246 size: 0.0
1157999 : 1.3586650056079985 size: 0.0
1158999 : 1.151727654879253 size: 0.0
1159999 : 1.2276148275898164 size: 0.0
1160999 : 1.3050507900627248 size: 0.0
1161999 : 1.2254742455258525 size: 0.0
1162999 : 1.2950120767405373 size: 0.0
1163999 : 1.3552876103103548 size: 0.0
1164999 : 1.3876512195583928 size: 0.0
1165999 : 1.3058024402383208 size: 0.0
1166999 : 1.2877114132114111 size: 0.0
1167999 : 1.3779751316555493 size: 0.0
1168999 : 1.349911518635709 size: 0.0
1169999 : 1.4566098132049716 size: 0.0
1170999 : 1.2609665631583866 size: 0.0
1171999 : 1.3275043290114206 size: 0.0
1172999 : 1.4696266641008249 size: 0.0
1173999 : 1.5141214995840981 size: 0.0
1174999 : 1.2699959103026603 size: 0.0
1175999 : 1.4090954783205 size: 0.0
1176999 : 1.3214637823651663 size: 0.0
1177999 : 1.4658963604036106 size: 0.0
1178999 : 1.1934081662638072 size: 0.0
1179999 : 1.1860791255972887 size: 0.0
1180999 : 1.1639549334249952 size: 0.0
1181999 : 1.3447884994318076 size: 0.0
1182999 : 1.4439902422326112 size: 0.0
1183999 : 1.1156564436439147 size: 0.0
1184999 : 1.42841540737915 size: 0.0
1185999 : 1.2795449890178414 size: 0.0
1186999 : 1.4057498998132658 size: 0.0
1187999 : 1.3109871152225565 size: 0.0
1188999 : 1.3896452724038215 size: 0.0
1189999 : 1.3976981020564962 size: 0.0
1190999 : 1.2936695801679023 size: 0.0
1191999 : 1.4004810393214329 size: 0.0
1192999 : 1.4306854923792136 size: 0.0
1193999 : 1.4474357426599969 size: 0.0
1194999 : 1.355521076758901 size: 0.0
1195999 : 1.2094457204394151 size: 0.0
1196999 : 1.2077826482055716 size: 0.0
1197999 : 1.275074557982639 size: 0.0
1198999 : 1.1975914722633942 size: 0.0
1199999 : 1.3731713982429747 size: 0.0
1200999 : 1.2649270656337808 size: 0.0
1201999 : 1.2846177032963655 size: 0.0
1202999 : 1.3435258888004982 size: 0.0
1203999 : 1.287474421118522 size: 0.0
1204999 : 1.2392951153144895 size: 0.0
1205999 : 1.3985861344742263 size: 0.0
1206999 : 1.4960045031769083 size: 0.0
1207999 : 1.4457491088029852 size: 0.0
1208999 : 1.4300672147493618 size: 0.0
1209999 : 1.3814645736502302 size: 0.0
1210999 : 1.2493351185065587 size: 0.0
1211999 : 1.2723521586108062 size: 0.0
1212999 : 1.3346784993008372 size: 0.0
1213999 : 1.2511774826539264 size: 0.0
1214999 : 1.1932350657257138 size: 0.0
1215999 : 1.2912073045554995 size: 0.0
1216999 : 1.4608976846562831 size: 0.0
1217999 : 1.3245212039408798 size: 0.0
1218999 : 1.2578613304057331 size: 0.0
1219999 : 1.3748586340392643 size: 0.0
1220999 : 1.3460835287928044 size: 0.0
1221999 : 1.3493444058444888 size: 0.0
1222999 : 1.33705701936227 size: 0.0
1223999 : 1.327750952132758 size: 0.0
1224999 : 1.2499275127474556 size: 0.0
1225999 : 1.1901729146271016 size: 0.0
1226999 : 1.370156370390699 size: 0.0
1227999 : 1.23273629894986 size: 0.0
1228999 : 1.217121650112724 size: 0.0
1229999 : 1.409854523750083 size: 0.0
1230999 : 1.166780350404695 size: 0.0
1231999 : 1.3491406064032163 size: 0.0
1232999 : 1.1606623255742268 size: 0.0
1233999 : 1.3795295108540473 size: 0.0
1234999 : 1.240073422800969 size: 0.0
1235999 : 1.3345262086634981 size: 0.0
1236999 : 1.179242987208143 size: 0.0
1237999 : 1.2467789403667846 size: 0.0
1238999 : 1.3934358560201632 size: 0.0
1239999 : 1.2386428711110924 size: 0.0
1240999 : 1.28353627638774 size: 0.0
1241999 : 1.2838816175506726 size: 0.0
1242999 : 1.3535442221785585 size: 0.0
1243999 : 1.4416121521278058 size: 0.0
1244999 : 1.2491675214132927 size: 0.0
1245999 : 1.5405402705310869 size: 0.0
1246999 : 1.3808141352646672 size: 0.0
1247999 : 1.2194319790530894 size: 0.0
1248999 : 1.458549949489355 size: 0.0
1249999 : 1.3703470131591804 size: 0.0
1250999 : 1.319315977029866 size: 0.0
1251999 : 1.3686676885648303 size: 0.0
1252999 : 1.3140373135269339 size: 0.0
1253999 : 1.223639706589099 size: 0.0
1254999 : 1.4601646945983058 size: 0.0
1255999 : 1.3660160600538276 size: 0.0
1256999 : 1.535534371512423 size: 0.0
1257999 : 1.313728002729357 size: 0.0
1258999 : 1.4542777284592718 size: 0.0
1259999 : 1.1930033191036762 size: 0.0
1260999 : 1.2119319876316133 size: 0.0
1261999 : 1.4224046997228201 size: 0.0
1262999 : 1.261001303653861 size: 0.0
1263999 : 1.2949861933515825 size: 0.0
1264999 : 1.3780070344372843 size: 0.0
1265999 : 1.3229426611799355 size: 0.0
1266999 : 1.16787966350901 size: 0.0
1267999 : 1.5113185263403361 size: 0.0
1268999 : 1.3323399652057302 size: 0.0
1269999 : 1.4199771646058916 size: 0.0
1270999 : 1.5531483186658395 size: 0.0
1271999 : 1.2325108296945788 size: 0.0
1272999 : 1.305322522651088 size: 0.0
1273999 : 1.297035194653962 size: 0.0
1274999 : 1.2812913008547024 size: 0.0
1275999 : 1.2350449940550423 size: 0.0
1276999 : 1.655445835173499 size: 0.0
1277999 : 1.504064126144292 size: 0.0
1278999 : 1.2080150827582128 size: 0.0
1279999 : 1.5982848214194818 size: 0.0
1280999 : 1.3116120141844665 size: 0.0
1281999 : 1.387338125142497 size: 0.0
1282999 : 1.4119003433734216 size: 0.0
1283999 : 1.4592100189033663 size: 0.0
1284999 : 1.2670227602258695 size: 0.0
1285999 : 1.219550905056161 size: 0.0
1286999 : 1.2760816023947663 size: 0.0
1287999 : 1.332409102231377 size: 0.0
1288999 : 1.3913141920477943 size: 0.0
1289999 : 1.3026327999829193 size: 0.0
1290999 : 1.2472144864300947 size: 0.0
1291999 : 1.2167198986403083 size: 0.0
1292999 : 1.3548665967810427 size: 0.0
1293999 : 1.3060758066618672 size: 0.0
1294999 : 1.2556108514278679 size: 0.0
1295999 : 1.2709056125343992 size: 0.0
1296999 : 1.5714154559272326 size: 0.0
1297999 : 1.2749866748480483 size: 0.0
1298999 : 1.419158011239832 size: 0.0
1299999 : 1.3656416538228993 size: 0.0
1300999 : 1.4513927194910483 size: 0.0
1301999 : 1.3597005131488435 size: 0.0
1302999 : 1.2574013628060006 size: 0.0
1303999 : 1.2651949286124997 size: 0.0
1304999 : 1.3511258021421257 size: 0.0
1305999 : 1.337922952009364 size: 0.0
1306999 : 1.2730889322871026 size: 0.0
1307999 : 1.165219005908837 size: 0.0
1308999 : 1.2763475735643257 size: 0.0
1309999 : 1.2921020442966131 size: 0.0
1310999 : 1.2518018656678838 size: 0.0
1311999 : 1.388303721735766 size: 0.0
1312999 : 1.3342641071035832 size: 0.0
1313999 : 1.4559153472607875 size: 0.0
1314999 : 1.1989918409980447 size: 0.0
1315999 : 1.315562799640087 size: 0.0
1316999 : 1.2672904512219376 size: 0.0
1317999 : 1.340220812207542 size: 0.0
1318999 : 1.4829658104843952 size: 0.0
1319999 : 1.3817933184873545 size: 0.0
1320999 : 1.3060222340661234 size: 0.0
1321999 : 1.398209148503535 size: 0.0
1322999 : 1.3317690687961912 size: 0.0
1323999 : 1.4120368975982065 size: 0.0
1324999 : 1.233881617413281 size: 0.0
1325999 : 1.3259633644596898 size: 0.0
1326999 : 1.2798448407696208 size: 0.0
1327999 : 1.428318581146714 size: 0.0
1328999 : 1.2520851210938548 size: 0.0
1329999 : 1.322136664486667 size: 0.0
1330999 : 1.182810165361014 size: 0.0
1331999 : 1.284600848996581 size: 0.0
1332999 : 1.2459258204271797 size: 0.0
1333999 : 1.4877739294545669 size: 0.0
1334999 : 1.2041722164160087 size: 0.0
1335999 : 1.2444922590409127 size: 0.0
1336999 : 1.497965449362046 size: 0.0
1337999 : 1.3025768196300633 size: 0.0
1338999 : 1.1986004084846809 size: 0.0
1339999 : 1.4524667511456866 size: 0.0
1340999 : 1.4956901188911311 size: 0.0
1341999 : 1.1877042756566167 size: 0.0
1342999 : 1.3905553186008621 size: 0.0
1343999 : 1.1838811013279364 size: 0.0
1344999 : 1.4265978087335063 size: 0.0
1345999 : 1.2890202871758025 size: 0.0
1346999 : 1.3518722068468703 size: 0.0
1347999 : 1.519210122257827 size: 0.0
1348999 : 1.3680645454082545 size: 0.0
1349999 : 1.478654893357868 size: 0.0
1350999 : 1.3415606430490887 size: 0.0
1351999 : 1.2093409830050397 size: 0.0
1352999 : 1.2679890447497422 size: 0.0
1353999 : 1.3642485083595852 size: 0.0
1354999 : 1.4813785825995824 size: 0.0
1355999 : 1.3152193502863139 size: 0.0
1356999 : 1.5704480535161294 size: 0.0
1357999 : 1.2398562947042548 size: 0.0
1358999 : 1.3207167757211435 size: 0.0
1359999 : 1.4078580631475421 size: 0.0
1360999 : 1.350442343087597 size: 0.0
1361999 : 1.4125308317714846 size: 0.0
1362999 : 1.317452459016442 size: 0.0
1363999 : 1.5169973934718262 size: 0.0
1364999 : 1.2914011290030218 size: 0.0
1365999 : 1.1816764557265262 size: 0.0
1366999 : 1.370595872054979 size: 0.0
1367999 : 1.3797633212678955 size: 0.0
1368999 : 1.2280406566333528 size: 0.0
1369999 : 1.3208148918234608 size: 0.0
1370999 : 1.2034902192140122 size: 0.0
1371999 : 1.4274073310711175 size: 0.0
1372999 : 1.3396551612688543 size: 0.0
1373999 : 1.3625584348495563 size: 0.0
1374999 : 1.4619302684920634 size: 0.0
1375999 : 1.213281621484259 size: 0.0
1376999 : 1.326240256527579 size: 0.0
1377999 : 1.3429148344419826 size: 0.0
1378999 : 1.3568733763426353 size: 0.0
1379999 : 1.309190670442969 size: 0.0
1380999 : 1.3481081945500868 size: 0.0
1381999 : 1.3121611547886713 size: 0.0
1382999 : 1.6184902031560988 size: 0.0
1383999 : 1.1031916570573308 size: 0.0
1384999 : 1.4053060985827144 size: 0.0
1385999 : 1.3562919889913936 size: 0.0
1386999 : 1.3433156400098183 size: 0.0
1387999 : 1.2394746652019903 size: 0.0
1388999 : 1.3346352456641453 size: 0.0
1389999 : 1.2821970474854714 size: 0.0
1390999 : 1.4839419840106927 size: 0.0
1391999 : 1.2983303100062844 size: 0.0
1392999 : 1.2246525984113554 size: 0.0
1393999 : 1.2342323760297156 size: 0.0
1394999 : 1.3182784916885362 size: 0.0
1395999 : 1.2075159031140834 size: 0.0
1396999 : 1.366776395353292 size: 0.0
1397999 : 1.4784500620206904 size: 0.0
1398999 : 1.3935340581138058 size: 0.0
1399999 : 1.3910777159028578 size: 0.0
1400999 : 1.2428326264600866 size: 0.0
1401999 : 1.320056104367854 size: 0.0
1402999 : 1.3859816119838164 size: 0.0
1403999 : 1.4177331349774336 size: 0.0
1404999 : 1.2290847633067408 size: 0.0
1405999 : 1.366616107522688 size: 0.0
1406999 : 1.3628644779767667 size: 0.0
1407999 : 1.269600780162303 size: 0.0
1408999 : 1.4372328718975607 size: 0.0
1409999 : 1.4363374442258434 size: 0.0
1410999 : 1.2857160704961008 size: 0.0
1411999 : 1.3769373023489178 size: 0.0
1412999 : 1.3406844774342683 size: 0.0
1413999 : 1.4864341846043456 size: 0.0
1414999 : 1.500468828828005 size: 0.0
1415999 : 1.1866810648753086 size: 0.0
1416999 : 1.4518990364151885 size: 0.0
1417999 : 1.38688426292687 size: 0.0
1418999 : 1.1849021623261091 size: 0.0
1419999 : 1.1710217865402734 size: 0.0
1420999 : 1.2550183711956455 size: 0.0
1421999 : 1.437112570033282 size: 0.0
1422999 : 1.2911615571703698 size: 0.0
1423999 : 1.3575060145238342 size: 0.0
1424999 : 1.3127601703616265 size: 0.0
1425999 : 1.3198075894373573 size: 0.0
1426999 : 1.5840214402701747 size: 0.0
1427999 : 1.2704577697115524 size: 0.0
1428999 : 1.2489972585889386 size: 0.0
1429999 : 1.3549015952504933 size: 0.0
1430999 : 1.3318981417756637 size: 0.0
1431999 : 1.31860216303746 size: 0.0
1432999 : 1.4120465286266548 size: 0.0
1433999 : 1.28331699850789 size: 0.0
1434999 : 1.178989656763422 size: 0.0
1435999 : 1.1678845650145595 size: 0.0
1436999 : 1.4352664222675953 size: 0.0
1437999 : 1.4507183755170152 size: 0.0
1438999 : 1.2899529490914314 size: 0.0
1439999 : 1.3262229722711674 size: 0.0
1440999 : 1.3901447960132525 size: 0.0
1441999 : 1.268244954934226 size: 0.0
1442999 : 1.4359734429452924 size: 0.0
1443999 : 1.2786388984217707 size: 0.0
1444999 : 1.4540694574690771 size: 0.0
1445999 : 1.5463976556541723 size: 0.0
1446999 : 1.2714703175685071 size: 0.0
1447999 : 1.3651122052322182 size: 0.0
1448999 : 1.3476564821175956 size: 0.0
1449999 : 1.2969727649516989 size: 0.0
1450999 : 1.4685853091498506 size: 0.0
1451999 : 1.4018447757514494 size: 0.0
1452999 : 1.3760466042000992 size: 0.0
1453999 : 1.4793957946177851 size: 0.0
1454999 : 1.2810654016427943 size: 0.0
1455999 : 1.3878794405360877 size: 0.0
1456999 : 1.373525682503752 size: 0.0
1457999 : 1.2874020164225088 size: 0.0
1458999 : 1.3280357554025868 size: 0.0
1459999 : 1.3427669293622406 size: 0.0
1460999 : 1.3723844056326266 size: 0.0
1461999 : 1.3055167770552376 size: 0.0
1462999 : 1.5979706091163555 size: 0.0
1463999 : 1.3527437289301176 size: 0.0
1464999 : 1.2193954327397811 size: 0.0
1465999 : 1.3568096567704906 size: 0.0
1466999 : 1.3593295465709325 size: 0.0
1467999 : 1.3635715846457892 size: 0.0
1468999 : 1.428163452795636 size: 0.0
1469999 : 1.2636930041225147 size: 0.0
1470999 : 1.4553488364088454 size: 0.0
1471999 : 1.3857723090977165 size: 0.0
1472999 : 1.2784096455481706 size: 0.0
1473999 : 1.4404354468306024 size: 0.0
1474999 : 1.3240868617561257 size: 0.0
1475999 : 1.3445662118555672 size: 0.0
1476999 : 1.32849985058594 size: 0.0
1477999 : 1.2792289708968811 size: 0.0
1478999 : 1.310350177475086 size: 0.0
1479999 : 1.224979623421971 size: 0.0
1480999 : 1.4808014088232868 size: 0.0
1481999 : 1.317051567457281 size: 0.0
1482999 : 1.268101005455454 size: 0.0
1483999 : 1.4038150949910593 size: 0.0
1484999 : 1.5152192648445555 size: 0.0
1485999 : 1.2446659615182842 size: 0.0
1486999 : 1.3630380084714873 size: 0.0
1487999 : 1.4682263813575 size: 0.0
1488999 : 1.2733098440021358 size: 0.0
1489999 : 1.3588310548574067 size: 0.0
1490999 : 1.1761082594308665 size: 0.0
1491999 : 1.4511509118839352 size: 0.0
1492999 : 1.2461162052216848 size: 0.0
1493999 : 1.4237073823117805 size: 0.0
1494999 : 1.2915922017281305 size: 0.0
1495999 : 1.413479144108342 size: 0.0
1496999 : 1.45849715081554 size: 0.0
1497999 : 1.2837574460767498 size: 0.0
1498999 : 1.3993484475741758 size: 0.0
1499999 : 1.3878643920541371 size: 0.0
1500999 : 1.2721576462326805 size: 0.0
1501999 : 1.3267538827143808 size: 0.0
1502999 : 1.3645272922366338 size: 0.0
1503999 : 1.3930163903347088 size: 0.0
1504999 : 1.3172283656223678 size: 0.0
1505999 : 1.5974768469257283 size: 0.0
1506999 : 1.402052788767668 size: 0.0
1507999 : 1.4671262083399306 size: 0.0
1508999 : 1.3596568295555245 size: 0.0
1509999 : 1.4826811791972174 size: 0.0
1510999 : 1.2738927791972352 size: 0.0
1511999 : 1.3738062721986348 size: 0.0
1512999 : 1.3098140215610212 size: 0.0
1513999 : 1.2331748547095602 size: 0.0
1514999 : 1.381129035498397 size: 0.0
1515999 : 1.4412134103517804 size: 0.0
1516999 : 1.290952856223548 size: 0.0
1517999 : 1.4607929472219077 size: 0.0
1518999 : 1.3855612003937823 size: 0.0
1519999 : 1.4319827575146717 size: 0.0
1520999 : 1.4580350334326717 size: 0.0
1521999 : 1.1941006544075063 size: 0.0
1522999 : 1.3038128589418143 size: 0.0
1523999 : 1.2634962559699277 size: 0.0
1524999 : 1.2991484314764388 size: 0.0
1525999 : 1.3145656442303844 size: 0.0
1526999 : 1.5672696421455337 size: 0.0
1527999 : 1.4952058157463013 size: 0.0
1528999 : 1.282397665247703 size: 0.0
1529999 : 1.3516219720898648 size: 0.0
1530999 : 1.233367561269852 size: 0.0
1531999 : 1.2983321158241183 size: 0.0
1532999 : 1.438859483809421 size: 0.0
1533999 : 1.3352538672592988 size: 0.0
1534999 : 1.3428464713382646 size: 0.0
1535999 : 1.4760999190966502 size: 0.0
1536999 : 1.3839480891200147 size: 0.0
1537999 : 1.259506946400514 size: 0.0
1538999 : 1.3416345095976343 size: 0.0
1539999 : 1.282982750225938 size: 0.0
1540999 : 1.509587348976751 size: 0.0
1541999 : 1.3986228527701856 size: 0.0
1542999 : 1.460069244227077 size: 0.0
1543999 : 1.5159040997602913 size: 0.0
1544999 : 1.3516345268233778 size: 0.0
1545999 : 1.309068906726158 size: 0.0
1546999 : 1.190153480587554 size: 0.0
1547999 : 1.3266076974611474 size: 0.0
1548999 : 1.392499754451517 size: 0.0
1549999 : 1.2515823298140574 size: 0.0
1550999 : 1.2753816330057546 size: 0.0
1551999 : 1.4654349309513457 size: 0.0
1552999 : 1.2913418809797996 size: 0.0
1553999 : 1.3901264798609356 size: 0.0
1554999 : 1.368962810793711 size: 0.0
1555999 : 1.3300830368784575 size: 0.0
1556999 : 1.4059040822597644 size: 0.0
1557999 : 1.4223146668050934 size: 0.0
1558999 : 1.3189370992500153 size: 0.0
1559999 : 1.361222043661027 size: 0.0
1560999 : 1.3535829182750025 size: 0.0
1561999 : 1.2780560492179966 size: 0.0
1562999 : 1.3404799900623923 size: 0.0
1563999 : 1.4258308521019836 size: 0.0
1564999 : 1.4134172303540316 size: 0.0
1565999 : 1.2186084401294328 size: 0.0
1566999 : 1.423355849773417 size: 0.0
1567999 : 1.2175372461885339 size: 0.0
1568999 : 1.5509854648485888 size: 0.0
1569999 : 1.4701902512477023 size: 0.0
1570999 : 1.3388813253312972 size: 0.0
1571999 : 1.3314627676950044 size: 0.0
1572999 : 1.3482717500510573 size: 0.0
1573999 : 1.3608997481733098 size: 0.0
1574999 : 1.2325938113236201 size: 0.0
1575999 : 1.3047621171832517 size: 0.0
1576999 : 1.3849645925779392 size: 0.0
1577999 : 1.3429477691196228 size: 0.0
1578999 : 1.1889066923601241 size: 0.0
1579999 : 1.4007111521082871 size: 0.0
1580999 : 1.3349035385994912 size: 0.0
1581999 : 1.4845955180839712 size: 0.0
1582999 : 1.3837654435447984 size: 0.0
1583999 : 1.3263603864092066 size: 0.0
1584999 : 1.363255824498805 size: 0.0
1585999 : 1.384571870194694 size: 0.0
1586999 : 1.6245065002485817 size: 0.0
1587999 : 1.3360511788286988 size: 0.0
1588999 : 1.2976667149479302 size: 0.0
1589999 : 1.3333025521026094 size: 0.0
1590999 : 1.3525643510252676 size: 0.0
1591999 : 1.2926594400680596 size: 0.0
1592999 : 1.3039598181169767 size: 0.0
1593999 : 1.377582581254955 size: 0.0
1594999 : 1.3470861016560092 size: 0.0
1595999 : 1.311849694207959 size: 0.0
1596999 : 1.300276465683448 size: 0.0
1597999 : 1.3320536140920436 size: 0.0
1598999 : 1.541823777054476 size: 0.0
1599999 : 1.4405580704606675 size: 0.0
1600999 : 1.4471237661313316 size: 0.0
1601999 : 1.1689309074624088 size: 0.0
1602999 : 1.436272778749119 size: 0.0
1603999 : 1.348010336421746 size: 0.0
1604999 : 1.2480971873856481 size: 0.0
1605999 : 1.5152742992928316 size: 0.0
1606999 : 1.3422193366018933 size: 0.0
1607999 : 1.364875557104631 size: 0.0
1608999 : 1.3030901018515635 size: 0.0
1609999 : 1.23412858449992 size: 0.0
1610999 : 1.408911112918775 size: 0.0
1611999 : 1.2986467580838719 size: 0.0
1612999 : 1.381941309558422 size: 0.0
1613999 : 1.2920283497307186 size: 0.0
1614999 : 1.41762478590739 size: 0.0
1615999 : 1.3549169876977454 size: 0.0
1616999 : 1.409751076185589 size: 0.0
1617999 : 1.337799124500743 size: 0.0
1618999 : 1.493861255381856 size: 0.0
1619999 : 1.37395675701814 size: 0.0
1620999 : 1.3583813202254005 size: 0.0
1621999 : 1.310526975640173 size: 0.0
1622999 : 1.2932052270105727 size: 0.0
1623999 : 1.2673403261906877 size: 0.0
1624999 : 1.4218314815474944 size: 0.0
1625999 : 1.4464017829630096 size: 0.0
1626999 : 1.2492307250374848 size: 0.0
1627999 : 1.3693962930652106 size: 0.0
1628999 : 1.3708184176051952 size: 0.0
1629999 : 1.2967460918178617 size: 0.0
1630999 : 1.4011734414738064 size: 0.0
1631999 : 1.3002819691282754 size: 0.0
1632999 : 1.3165946095539383 size: 0.0
1633999 : 1.1931548358190864 size: 0.0
1634999 : 1.3173960487069591 size: 0.0
1635999 : 1.5450873198372486 size: 0.0
1636999 : 1.338974195962763 size: 0.0
1637999 : 1.322685633108221 size: 0.0
1638999 : 1.2420802883538873 size: 0.0
1639999 : 1.380366980372424 size: 0.0
1640999 : 1.3502331261928222 size: 0.0
1641999 : 1.4157348685570588 size: 0.0
1642999 : 1.3114156959885066 size: 0.0
1643999 : 1.3375185348058602 size: 0.0
1644999 : 1.3636236953890006 size: 0.0
1645999 : 1.3996987762339832 size: 0.0
1646999 : 1.3459640868417801 size: 0.0
1647999 : 1.279873561872315 size: 0.0
1648999 : 1.4109950266992797 size: 0.0
1649999 : 1.5757992936977256 size: 0.0
1650999 : 1.3320770897238865 size: 0.0
1651999 : 1.5076344859762039 size: 0.0
1652999 : 1.3100990828048265 size: 0.0
1653999 : 1.5252369102920125 size: 0.0
1654999 : 1.4403357828844274 size: 0.0
1655999 : 1.2668188747932716 size: 0.0
1656999 : 1.4317627057128928 size: 0.0
1657999 : 1.3213386649866634 size: 0.0
1658999 : 1.5434424777643967 size: 0.0
1659999 : 1.464806506345093 size: 0.0
1660999 : 1.35190006803631 size: 0.0
1661999 : 1.4587883174434508 size: 0.0
1662999 : 1.3583820941473292 size: 0.0
1663999 : 1.3579971109833728 size: 0.0
1664999 : 1.3730800754553667 size: 0.0
1665999 : 1.2662667244926766 size: 0.0
1666999 : 1.247479425703749 size: 0.0
1667999 : 1.3527738258940185 size: 0.0
1668999 : 1.2588113625690993 size: 0.0
1669999 : 1.3482065686263804 size: 0.0
1670999 : 1.401217812997729 size: 0.0
1671999 : 1.4988148716746574 size: 0.0
1672999 : 1.3119907199816665 size: 0.0
1673999 : 1.3907832816045806 size: 0.0
1674999 : 1.3380576144249898 size: 0.0
1675999 : 1.3650815923203645 size: 0.0
1676999 : 1.292326051699362 size: 0.0
1677999 : 1.428203524753287 size: 0.0
1678999 : 1.246644277951159 size: 0.0
1679999 : 1.375702122950421 size: 0.0
1680999 : 1.3951603260603647 size: 0.0
1681999 : 1.2641302700123334 size: 0.0
1682999 : 1.4019686032600707 size: 0.0
1683999 : 1.4446269220061054 size: 0.0
1684999 : 1.3485859623541836 size: 0.0
1685999 : 1.2549084742817442 size: 0.0
1686999 : 1.2669651460378306 size: 0.0
1687999 : 1.2301032445651505 size: 0.0
1688999 : 1.2554224444338478 size: 0.0
1689999 : 1.4210438010065427 size: 0.0
1690999 : 1.3006062424164773 size: 0.0
1691999 : 1.4071919743407504 size: 0.0
1692999 : 1.475019696066581 size: 0.0
1693999 : 1.2470882511643615 size: 0.0
1694999 : 1.299955374074287 size: 0.0
1695999 : 1.3033934792476856 size: 0.0
1696999 : 1.4268665316254794 size: 0.0
1697999 : 1.4322736661686062 size: 0.0
1698999 : 1.1967535727883907 size: 0.0
1699999 : 1.3793094590522685 size: 0.0
1700999 : 1.3950217940350946 size: 0.0
1701999 : 1.1799401188834153 size: 0.0
1702999 : 1.212866971313029 size: 0.0
1703999 : 1.3836313830684508 size: 0.0
1704999 : 1.2853856918237934 size: 0.0
1705999 : 1.3726292229361299 size: 0.0
1706999 : 1.3308603984603575 size: 0.0
1707999 : 1.3976401439031554 size: 0.0
1708999 : 1.3903394803740292 size: 0.0
1709999 : 1.4173103156302875 size: 0.0
1710999 : 1.313269153016855 size: 0.0
1711999 : 1.2512572826039268 size: 0.0
1712999 : 1.2510690475925574 size: 0.0
1713999 : 1.2032644059934294 size: 0.0
1714999 : 1.239604770077368 size: 0.0
1715999 : 1.3952872492567014 size: 0.0
1716999 : 1.166066966368916 size: 0.0
1717999 : 1.0969466230392007 size: 0.0
1718999 : 1.3459441368542802 size: 0.0
1719999 : 1.1779285238075985 size: 0.0
1720999 : 1.4135179261961117 size: 0.0
1721999 : 1.2874654780206773 size: 0.0
1722999 : 1.4220513613666226 size: 0.0
1723999 : 1.4273333785312465 size: 0.0
1724999 : 1.187005252172185 size: 0.0
1725999 : 1.3286550649283437 size: 0.0
1726999 : 1.3211838806008869 size: 0.0
1727999 : 1.5624823330761166 size: 0.0
1728999 : 1.4755843151093635 size: 0.0
1729999 : 1.3545621874890155 size: 0.0
1730999 : 1.4371940038184656 size: 0.0
1731999 : 1.3795485149369677 size: 0.0
1732999 : 1.2414748234315247 size: 0.0
1733999 : 1.2640216629683136 size: 0.0
1734999 : 1.3648507056115813 size: 0.0
1735999 : 1.3712205130429125 size: 0.0
1736999 : 1.400839107200529 size: 0.0
1737999 : 1.2640274243871175 size: 0.0
1738999 : 1.415827997162501 size: 0.0
1739999 : 1.335721316104344 size: 0.0
1740999 : 1.1828570306333739 size: 0.0
1741999 : 1.2664068903531298 size: 0.0
1742999 : 1.3244398561470216 size: 0.0
1743999 : 1.5082028886373056 size: 0.0
1744999 : 1.3484730557438922 size: 0.0
1745999 : 1.3131651035130831 size: 0.0
1746999 : 1.4338546166866626 size: 0.0
1747999 : 1.477484035470794 size: 0.0
1748999 : 1.1572161372162377 size: 0.0
1749999 : 1.4652006905808705 size: 0.0
1750999 : 1.4027733960747832 size: 0.0
1751999 : 1.4044207318960726 size: 0.0
1752999 : 1.2555795505854108 size: 0.0
1753999 : 1.3587374103040117 size: 0.0
1754999 : 1.2605565565187298 size: 0.0
1755999 : 1.2464592246188306 size: 0.0
1756999 : 1.4046537683879916 size: 0.0
1757999 : 1.29030946912667 size: 0.0
1758999 : 1.3541297371134209 size: 0.0
1759999 : 1.3410471028536124 size: 0.0
1760999 : 1.3062901830361677 size: 0.0
1761999 : 1.2253688201608737 size: 0.0
1762999 : 1.3028942136122308 size: 0.0
1763999 : 1.3647549112750506 size: 0.0
1764999 : 1.4164524661677838 size: 0.0
1765999 : 1.2617795251490151 size: 0.0
1766999 : 1.3913875426483873 size: 0.0
1767999 : 1.2591911862535299 size: 0.0
1768999 : 1.3119164234764937 size: 0.0
1769999 : 1.2482113838658209 size: 0.0
1770999 : 1.2792354202462886 size: 0.0
1771999 : 1.4303093663217765 size: 0.0
1772999 : 1.2421293034093832 size: 0.0
1773999 : 1.3038643677457478 size: 0.0
1774999 : 1.3343701344078402 size: 0.0
1775999 : 1.4409627456381477 size: 0.0
1776999 : 1.3179900767830393 size: 0.0
1777999 : 1.2994848295415264 size: 0.0
1778999 : 1.32179046341048 size: 0.0
1779999 : 1.281376088301578 size: 0.0
1780999 : 1.451232603643095 size: 0.0
1781999 : 1.3112307286475036 size: 0.0
1782999 : 1.505101009546344 size: 0.0
1783999 : 1.3783017267095379 size: 0.0
1784999 : 1.3114220593465886 size: 0.0
1785999 : 1.3219314031928622 size: 0.0
1786999 : 1.3219466236574635 size: 0.0
1787999 : 1.1746859629082311 size: 0.0
1788999 : 1.494383910657828 size: 0.0
1789999 : 1.3828888479733505 size: 0.0
1790999 : 1.4668948916745201 size: 0.0
1791999 : 1.3687161016810483 size: 0.0
1792999 : 1.3851416487170025 size: 0.0
1793999 : 1.3640491804672352 size: 0.0
1794999 : 1.2390079042875486 size: 0.0
1795999 : 1.5987490025941604 size: 0.0
1796999 : 1.3936007013910152 size: 0.0
1797999 : 1.4349206511480357 size: 0.0
1798999 : 1.3363299627057474 size: 0.0
1799999 : 1.3210873123424276 size: 0.0
1800999 : 1.281129551171566 size: 0.0
1801999 : 1.2786648678020511 size: 0.0
1802999 : 1.2616161416306955 size: 0.0
1803999 : 1.331214510738484 size: 0.0
1804999 : 1.2793641492604593 size: 0.0
1805999 : 1.3502449929957319 size: 0.0
1806999 : 1.2879075594247202 size: 0.0
1807999 : 1.291506812341977 size: 0.0
1808999 : 1.5137969683219201 size: 0.0
1809999 : 1.298048000484893 size: 0.0
1810999 : 1.1657426070893886 size: 0.0
1811999 : 1.3324287082535755 size: 0.0
1812999 : 1.4559359851788911 size: 0.0
1813999 : 1.4654492055113673 size: 0.0
1814999 : 1.3434437670847112 size: 0.0
1815999 : 1.4336527090545497 size: 0.0
1816999 : 1.2161272464254351 size: 0.0
1817999 : 1.2392803248065154 size: 0.0
1818999 : 1.3745610180619463 size: 0.0
1819999 : 1.4391434271659955 size: 0.0
1820999 : 1.2341769976161379 size: 0.0
1821999 : 1.4050565517563123 size: 0.0
1822999 : 1.3734616189663058 size: 0.0
1823999 : 1.2740482515136153 size: 0.0
1824999 : 1.093205312452331 size: 0.0
1825999 : 1.3447488574307835 size: 0.0
1826999 : 1.3347014589847275 size: 0.0
1827999 : 1.367049847768164 size: 0.0
1828999 : 1.1922686952105157 size: 0.0
1829999 : 1.246356808950242 size: 0.0
1830999 : 1.157681780243449 size: 0.0
1831999 : 1.3242885974055878 size: 0.0
1832999 : 1.3148765888631444 size: 0.0
1833999 : 1.393920159164993 size: 0.0
1834999 : 1.5304923561370782 size: 0.0
1835999 : 1.2946685413954389 size: 0.0
1836999 : 1.5108583007666274 size: 0.0
1837999 : 1.2092285923427006 size: 0.0
1838999 : 1.4001111046394268 size: 0.0
1839999 : 1.3757263725041926 size: 0.0
1840999 : 1.1893815364591562 size: 0.0
1841999 : 1.2390706779551135 size: 0.0
1842999 : 1.2568439670345541 size: 0.0
1843999 : 1.2832381444624694 size: 0.0
1844999 : 1.261098215877622 size: 0.0
1845999 : 1.395624249261067 size: 0.0
1846999 : 1.5020269916448221 size: 0.0
1847999 : 1.3731605633359705 size: 0.0
1848999 : 1.4132519550265523 size: 0.0
1849999 : 1.3702330746529836 size: 0.0
1850999 : 1.2469507510349966 size: 0.0
1851999 : 1.3763145531701435 size: 0.0
1852999 : 1.345222755625236 size: 0.0
1853999 : 1.3616279227170631 size: 0.0
1854999 : 1.3036474116316843 size: 0.0
1855999 : 1.3407345243856694 size: 0.0
1856999 : 1.4228528865109686 size: 0.0
1857999 : 1.355557365098233 size: 0.0
1858999 : 1.2671551868670339 size: 0.0
1859999 : 1.5525967703045223 size: 0.0
1860999 : 1.413207067554677 size: 0.0
1861999 : 1.299862675425472 size: 0.0
1862999 : 1.3667910138786155 size: 0.0
1863999 : 1.3432058290872424 size: 0.0
1864999 : 1.3238073899484737 size: 0.0
1865999 : 1.525372776586194 size: 0.0
1866999 : 1.3476213116654943 size: 0.0
1867999 : 1.2798392513334678 size: 0.0
1868999 : 1.4637326466731058 size: 0.0
1869999 : 1.3709123201325664 size: 0.0
1870999 : 1.3172257858826049 size: 0.0
1871999 : 1.2276746775523166 size: 0.0
1872999 : 1.4103011626943738 size: 0.0
1873999 : 1.550879695518308 size: 0.0
1874999 : 1.220658387336392 size: 0.0
1875999 : 1.3739435143540233 size: 0.0
1876999 : 1.4566087813090665 size: 0.0
1877999 : 1.3023983876297933 size: 0.0
1878999 : 1.2709026888293344 size: 0.0
1879999 : 1.3073726418406983 size: 0.0
1880999 : 1.382294733905945 size: 0.0
1881999 : 1.3886584359531706 size: 0.0
1882999 : 1.4327067184834787 size: 0.0
1883999 : 1.2620066282394795 size: 0.0
1884999 : 1.3248105647509565 size: 0.0
1885999 : 1.1476506341578991 size: 0.0
1886999 : 1.3439647885255 size: 0.0
1887999 : 1.46372353159261 size: 0.0
1888999 : 1.4329308978688784 size: 0.0
1889999 : 1.2448097390144055 size: 0.0
1890999 : 1.436910232444542 size: 0.0
1891999 : 1.437530745848855 size: 0.0
1892999 : 1.3537966067186997 size: 0.0
1893999 : 1.158870180360911 size: 0.0
1894999 : 1.4123404469769794 size: 0.0
1895999 : 1.2787373584893897 size: 0.0
1896999 : 1.3068517923825602 size: 0.0
1897999 : 1.3282136714549042 size: 0.0
1898999 : 1.4192244825343905 size: 0.0
1899999 : 1.3148083977420773 size: 0.0
1900999 : 1.433876028526695 size: 0.0
1901999 : 1.2854899133102162 size: 0.0
1902999 : 1.5442375535593356 size: 0.0
1903999 : 1.509409518915759 size: 0.0
1904999 : 1.3136435592477835 size: 0.0
1905999 : 1.3281844344042577 size: 0.0
1906999 : 1.2335050613992167 size: 0.0
1907999 : 1.3395196389399744 size: 0.0
1908999 : 1.2867590592822584 size: 0.0
1909999 : 1.235659058109948 size: 0.0
1910999 : 1.4223966165382296 size: 0.0
1911999 : 1.4724774485215268 size: 0.0
1912999 : 1.3644138696783896 size: 0.0
1913999 : 1.415081936423058 size: 0.0
1914999 : 1.4240153172481504 size: 0.0
1915999 : 1.4032462623733304 size: 0.0
1916999 : 1.2469330368219578 size: 0.0
1917999 : 1.4444487479798116 size: 0.0
1918999 : 1.3699212701069694 size: 0.0
1919999 : 1.3145902377494578 size: 0.0
1920999 : 1.418706298807341 size: 0.0
1921999 : 1.3997917328567746 size: 0.0
1922999 : 1.3156806937472534 size: 0.0
1923999 : 1.2132449891796253 size: 0.0
1924999 : 1.2080314211100447 size: 0.0
1925999 : 1.2712242103951226 size: 0.0
1926999 : 1.3111956441867276 size: 0.0
1927999 : 1.3963785651677514 size: 0.0
1928999 : 1.4432280151239874 size: 0.0
1929999 : 1.3324329218285216 size: 0.0
1930999 : 1.4449564407651585 size: 0.0
1931999 : 1.2997795218137798 size: 0.0
1932999 : 1.2929315166217246 size: 0.0
1933999 : 1.3423660378030793 size: 0.0
1934999 : 1.5379913156626492 size: 0.0
1935999 : 1.2198918606614966 size: 0.0
1936999 : 1.3370567613882935 size: 0.0
1937999 : 1.349566521438078 size: 0.0
1938999 : 1.5413594238971464 size: 0.0
1939999 : 1.3748275051794583 size: 0.0
1940999 : 1.3526303063718734 size: 0.0
1941999 : 1.4584890676309494 size: 0.0
1942999 : 1.3137754699409951 size: 0.0
1943999 : 1.416069804769614 size: 0.0
1944999 : 1.1241826555430892 size: 0.0
1945999 : 1.2346897638896852 size: 0.0
1946999 : 1.2119589029164732 size: 0.0
1947999 : 1.4141940759879787 size: 0.0
1948999 : 1.4043644935692403 size: 0.0
1949999 : 1.4457272670063257 size: 0.0
1950999 : 1.4375065822864088 size: 0.0
1951999 : 1.4000074850922821 size: 0.0
1952999 : 1.2870516877627014 size: 0.0
last series
Last encode part don't need inference.
163.93605041503906
37458.5242190361 
