FLAGS.seq_len change from 1 to 16 due to FLAGS.vocab_dim = 16 and FLAGS.hidden_dim = 256.
mlpCompressor(
  (input_map): Embedding(256, 16)
  (output_logit_map): Linear(in_features=256, out_features=256, bias=True)
  (layers): ModuleList(
    (0): BELayer(
      (V_map): dense_baens()
      (layernorm1): LayerNorm((16,), eps=1e-05, elementwise_affine=True)
      (layernorm2): LayerNorm((16,), eps=1e-05, elementwise_affine=True)
    )
    (1): LinearLayer(
      (U_map): Linear(in_features=256, out_features=4096, bias=True)
      (V_map): Linear(in_features=4096, out_features=256, bias=True)
      (layernorm1): LayerNorm((256,), eps=1e-05, elementwise_affine=True)
      (layernorm2): LayerNorm((256,), eps=1e-05, elementwise_affine=True)
    )
    (2): BELayer(
      (V_map): dense_baens()
      (layernorm1): LayerNorm((32,), eps=1e-05, elementwise_affine=False)
      (layernorm2): LayerNorm((32,), eps=1e-05, elementwise_affine=True)
    )
    (3): LinearLayer(
      (U_map): Linear(in_features=256, out_features=4096, bias=True)
      (V_map): Linear(in_features=4096, out_features=256, bias=True)
      (layernorm1): LayerNorm((256,), eps=1e-05, elementwise_affine=True)
      (layernorm2): LayerNorm((256,), eps=1e-05, elementwise_affine=True)
    )
    (4): BELayer(
      (V_map): dense_baens()
      (layernorm1): LayerNorm((64,), eps=1e-05, elementwise_affine=False)
      (layernorm2): LayerNorm((64,), eps=1e-05, elementwise_affine=True)
    )
    (5): LinearLayer(
      (U_map): Linear(in_features=256, out_features=4096, bias=True)
      (V_map): Linear(in_features=4096, out_features=256, bias=True)
      (layernorm1): LayerNorm((256,), eps=1e-05, elementwise_affine=True)
      (layernorm2): LayerNorm((256,), eps=1e-05, elementwise_affine=True)
    )
    (6): BELayer(
      (V_map): dense_baens()
      (layernorm1): LayerNorm((128,), eps=1e-05, elementwise_affine=False)
      (layernorm2): LayerNorm((128,), eps=1e-05, elementwise_affine=True)
    )
    (7): LinearLayer(
      (U_map): Linear(in_features=256, out_features=4096, bias=True)
      (V_map): Linear(in_features=4096, out_features=256, bias=True)
      (layernorm1): LayerNorm((256,), eps=1e-05, elementwise_affine=True)
      (layernorm2): LayerNorm((256,), eps=1e-05, elementwise_affine=True)
    )
  )
)
1722812
999 : 1.646491386473676 size: 0.0
1999 : 1.4967354294430752 size: 0.0
2999 : 1.377444479186312 size: 0.0
3999 : 1.2796161038439733 size: 0.0
4999 : 1.2378495151426623 size: 0.0
5999 : 1.218560027013215 size: 0.0
6999 : 1.2392271821673988 size: 0.0
7999 : 1.1496005734533818 size: 0.0
8999 : 1.1211113033726559 size: 0.0
9999 : 1.1743373540749322 size: 0.0
10999 : 1.1939384747677426 size: 0.0
11999 : 1.1617099578919576 size: 0.0
12999 : 1.1521343938485435 size: 0.0
13999 : 1.1899711789776395 size: 0.0
14999 : 1.115409132591974 size: 0.0
15999 : 1.209786590053425 size: 0.0
16999 : 1.1390637983742955 size: 0.0
17999 : 1.126159768097408 size: 0.0
18999 : 1.1664682878847044 size: 0.0
19999 : 1.1254235963603898 size: 0.0
20999 : 1.0841627226439408 size: 0.0
21999 : 1.200837300833128 size: 0.0
22999 : 1.1567600392261497 size: 0.0
23999 : 1.170642994751748 size: 0.0
24999 : 1.151945126941269 size: 0.0
25999 : 1.1964035021025594 size: 0.0
26999 : 1.1149962882385778 size: 0.0
27999 : 1.1042773835322277 size: 0.0
28999 : 1.0865087379843603 size: 0.0
29999 : 1.1197264990679086 size: 0.0
30999 : 1.1872097395440608 size: 0.0
31999 : 1.198957616450523 size: 0.0
32999 : 1.0745131200693303 size: 0.0
33999 : 1.0988665513621076 size: 0.0
34999 : 1.1630626874323189 size: 0.0
35999 : 1.0368569167236403 size: 0.0
36999 : 1.1600553128080064 size: 0.0
37999 : 1.1336324142773972 size: 0.0
38999 : 1.0662818584163856 size: 0.0
39999 : 1.0528109733222544 size: 0.0
40999 : 1.0538723642520542 size: 0.0
41999 : 1.0719020794639311 size: 0.0
42999 : 1.0713924088780993 size: 0.0
43999 : 1.009813504788718 size: 0.0
44999 : 0.9437907409836928 size: 0.0
45999 : 1.0257446017034417 size: 0.0
46999 : 0.9781269052458016 size: 0.0
47999 : 1.054619456887402 size: 0.0
48999 : 1.088354627776071 size: 0.0
49999 : 1.0714175183451253 size: 0.0
50999 : 1.0789658368914938 size: 0.0
51999 : 1.0116760768975623 size: 0.0
52999 : 0.9421433191710779 size: 0.0
53999 : 0.9537862006691883 size: 0.0
54999 : 0.9881807530412651 size: 0.0
55999 : 1.066060516744725 size: 0.0
56999 : 0.9850785299850018 size: 0.0
57999 : 1.022878510826813 size: 0.0
58999 : 0.9854238711479343 size: 0.0
59999 : 1.0146824196259696 size: 0.0
60999 : 1.0697546180939328 size: 0.0
61999 : 1.0399154561865847 size: 0.0
62999 : 1.0050494133771675 size: 0.0
63999 : 1.0527822522195602 size: 0.0
64999 : 1.106566300632561 size: 0.0
65999 : 1.109242694645288 size: 0.0
66999 : 1.0256782164002087 size: 0.0
67999 : 1.02275528525747 size: 0.0
68999 : 1.0393359606445023 size: 0.0
69999 : 1.0506887074106073 size: 0.0
70999 : 1.0572365168855815 size: 0.0
71999 : 1.0684871919483994 size: 0.0
72999 : 1.0342597207216357 size: 0.0
73999 : 1.061585958125902 size: 0.0
74999 : 1.1246624871389965 size: 0.0
75999 : 1.0179724477369752 size: 0.0
76999 : 1.0591364952209883 size: 0.0
77999 : 1.0496031529183611 size: 0.0
78999 : 0.9934838380806198 size: 0.0
79999 : 0.9962660014236274 size: 0.0
80999 : 1.0165327809666025 size: 0.0
81999 : 1.0262848852011273 size: 0.0
82999 : 1.074664722776066 size: 0.0
83999 : 1.0089631365715268 size: 0.0
84999 : 0.9645770801149244 size: 0.0
85999 : 1.0213401260148451 size: 0.0
86999 : 1.0115771008819907 size: 0.0
87999 : 1.0635298780286042 size: 0.0
88999 : 1.0943997319625733 size: 0.0
89999 : 1.1399081471987065 size: 0.0
90999 : 1.1702806273063802 size: 0.0
91999 : 1.0481049260553699 size: 0.0
92999 : 1.0168282471607848 size: 0.0
93999 : 1.0466664631635534 size: 0.0
94999 : 1.010291874532093 size: 0.0
95999 : 0.9742615091763346 size: 0.0
96999 : 1.101155898419068 size: 0.0
97999 : 0.9699630607919949 size: 0.0
98999 : 1.0179360734063176 size: 0.0
99999 : 1.066176089086105 size: 0.0
100999 : 0.980380393920057 size: 0.0
101999 : 1.0353462211184614 size: 0.0
102999 : 1.0053364524214574 size: 0.0
103999 : 0.9267598150167013 size: 0.0
104999 : 0.9861750053755776 size: 0.0
105999 : 0.9584689442868809 size: 0.0
106999 : 1.0356919062466958 size: 0.0
107999 : 0.9843859558499772 size: 0.0
108999 : 1.0440828537909668 size: 0.0
109999 : 1.0812270647850382 size: 0.0
110999 : 0.9899187237195592 size: 0.0
111999 : 1.0614198228851686 size: 0.0
112999 : 0.9823350627384383 size: 0.0
113999 : 0.9497068581820479 size: 0.0
114999 : 1.0016470805951485 size: 0.0
115999 : 1.059909213271315 size: 0.0
116999 : 1.0293514218573365 size: 0.0
117999 : 0.9375320343448188 size: 0.0
118999 : 0.9595972364678663 size: 0.0
119999 : 0.9601101747240647 size: 0.0
120999 : 1.001520587355439 size: 0.0
121999 : 0.9636213725240798 size: 0.0
122999 : 0.9340839541776704 size: 0.0
123999 : 0.9265610030723039 size: 0.0
124999 : 1.022888829785865 size: 0.0
125999 : 0.938425054259424 size: 0.0
126999 : 0.9440838854120884 size: 0.0
127999 : 1.0031140066156827 size: 0.0
128999 : 0.999579763140452 size: 0.0
129999 : 0.977458838638525 size: 0.0
130999 : 1.0023648501885245 size: 0.0
131999 : 1.0035052671463958 size: 0.0
132999 : 0.963063718778657 size: 0.0
133999 : 0.9299972164365429 size: 0.0
134999 : 0.9689963463114951 size: 0.0
135999 : 0.9813285342742637 size: 0.0
136999 : 0.9489622592951374 size: 0.0
137999 : 1.0615679859388867 size: 0.0
138999 : 0.9292102238261947 size: 0.0
139999 : 0.9434350808617085 size: 0.0
140999 : 0.9492499002787055 size: 0.0
141999 : 0.9838210788332183 size: 0.0
142999 : 0.9854826032232039 size: 0.0
143999 : 0.9506852674828065 size: 0.0
144999 : 0.9251712112706816 size: 0.0
145999 : 0.9725538934359177 size: 0.0
146999 : 0.9592833681300417 size: 0.0
147999 : 0.9823574204830504 size: 0.0
148999 : 0.9546728572257115 size: 0.0
149999 : 0.9026564464982788 size: 0.0
150999 : 1.0208930571139274 size: 0.0
151999 : 0.9409308414824951 size: 0.0
152999 : 0.9997454684245584 size: 0.0
153999 : 0.9758606898553824 size: 0.0
154999 : 1.0131808391012864 size: 0.0
155999 : 1.005574562401577 size: 0.0
156999 : 0.9997799509460564 size: 0.0
157999 : 0.9537527500435955 size: 0.0
158999 : 0.9532096288321708 size: 0.0
159999 : 0.9827511747622009 size: 0.0
160999 : 0.9893863514238134 size: 0.0
161999 : 0.987409926800098 size: 0.0
162999 : 0.9849607218691607 size: 0.0
163999 : 0.9811270565987779 size: 0.0
164999 : 0.9703771950152726 size: 0.0
165999 : 0.9559434650502859 size: 0.0
166999 : 0.942465872632771 size: 0.0
167999 : 0.9873465511932551 size: 0.0
168999 : 0.9715887267992757 size: 0.0
169999 : 1.0641479836758052 size: 0.0
170999 : 1.0082678107140886 size: 0.0
171999 : 1.0460106933158133 size: 0.0
172999 : 1.0846711033598913 size: 0.0
173999 : 0.9449395850914563 size: 0.0
174999 : 0.9594013482285336 size: 0.0
175999 : 1.0404945217720396 size: 0.0
176999 : 0.9568069039489426 size: 0.0
177999 : 1.0685233942964059 size: 0.0
178999 : 0.9525173126711225 size: 0.0
179999 : 1.0163923571321731 size: 0.0
180999 : 1.024005513137917 size: 0.0
181999 : 1.0374666812122746 size: 0.0
182999 : 1.0175744798828785 size: 0.0
183999 : 0.9734815678546718 size: 0.0
184999 : 0.9897517285655715 size: 0.0
185999 : 0.9927102601170389 size: 0.0
186999 : 1.1086148719783133 size: 0.0
187999 : 1.0199137878999145 size: 0.0
188999 : 1.0265091505778523 size: 0.0
189999 : 0.9691468311310001 size: 0.0
190999 : 0.9640542528563014 size: 0.0
191999 : 0.9416999478971536 size: 0.0
192999 : 0.97355896004756 size: 0.0
193999 : 0.937561959326069 size: 0.0
194999 : 0.8750530590521471 size: 0.0
195999 : 0.9514941878811397 size: 0.0
196999 : 0.9494720158722948 size: 0.0
197999 : 0.9575366263365536 size: 0.0
198999 : 0.9022222762961756 size: 0.0
199999 : 0.9591505975235756 size: 0.0
200999 : 1.023855028318412 size: 0.0
201999 : 1.0581850871964154 size: 0.0
202999 : 0.863833598840461 size: 0.0
203999 : 0.970228773987578 size: 0.0
204999 : 0.9294554710863251 size: 0.0
205999 : 0.9192245671517982 size: 0.0
206999 : 0.9778774444107251 size: 0.0
207999 : 0.9172876125464559 size: 0.0
208999 : 0.919926342358644 size: 0.0
209999 : 0.9661238920767845 size: 0.0
210999 : 0.9402090302968239 size: 0.0
211999 : 0.9831710704042823 size: 0.0
212999 : 0.9362920394320979 size: 0.0
213999 : 0.9265991832207955 size: 0.0
214999 : 0.9228093735263827 size: 0.0
215999 : 0.8972787209884496 size: 0.0
216999 : 0.9448515299742145 size: 0.0
217999 : 0.9701907658217374 size: 0.0
218999 : 0.9394478350841051 size: 0.0
219999 : 0.9681992927160714 size: 0.0
220999 : 0.962726030843688 size: 0.0
221999 : 0.9852709785713173 size: 0.0
222999 : 1.0420235335295356 size: 0.0
223999 : 1.0395647835614754 size: 0.0
224999 : 1.0822371188935553 size: 0.0
225999 : 0.9527334948632571 size: 0.0
226999 : 0.9500098056215428 size: 0.0
227999 : 0.9612557511614618 size: 0.0
228999 : 0.9756605020497781 size: 0.0
229999 : 1.0060989375040577 size: 0.0
230999 : 0.9376425331979982 size: 0.0
231999 : 0.9202180249345073 size: 0.0
232999 : 1.0069920434099882 size: 0.0
233999 : 0.9882522118326986 size: 0.0
234999 : 0.957780497735477 size: 0.0
235999 : 0.930859537447969 size: 0.0
236999 : 1.0275016624559816 size: 0.0
237999 : 0.982734664427718 size: 0.0
238999 : 0.9148118362959603 size: 0.0
239999 : 0.9088192728092966 size: 0.0
240999 : 0.9818764709999126 size: 0.0
241999 : 0.9586436786601574 size: 0.0
242999 : 0.9217596774168415 size: 0.0
243999 : 0.9776216202175667 size: 0.0
244999 : 0.9288585193051803 size: 0.0
245999 : 0.9605849328317714 size: 0.0
246999 : 0.9491434430178214 size: 0.0
247999 : 0.9549445038227493 size: 0.0
248999 : 0.897596544927244 size: 0.0
249999 : 0.9746587031085022 size: 0.0
250999 : 0.9485354843470213 size: 0.0
251999 : 0.937970590104519 size: 0.0
252999 : 0.9021032643017786 size: 0.0
253999 : 0.9274166167603465 size: 0.0
254999 : 0.9343920610966912 size: 0.0
255999 : 0.9637947310361494 size: 0.0
256999 : 0.957452784794258 size: 0.0
257999 : 0.9720530799566053 size: 0.0
258999 : 0.9425049986858424 size: 0.0
259999 : 0.9708779225032597 size: 0.0
260999 : 0.9613298756839836 size: 0.0
261999 : 0.9547236780990415 size: 0.0
262999 : 0.9282742082488739 size: 0.0
263999 : 0.9760102287703076 size: 0.0
264999 : 0.9210236776624742 size: 0.0
265999 : 0.9876353960553792 size: 0.0
266999 : 0.9484975621725061 size: 0.0
267999 : 0.9482576463745525 size: 0.0
268999 : 0.9115580105329615 size: 0.0
269999 : 0.8985753841846298 size: 0.0
270999 : 0.9574598360829434 size: 0.0
271999 : 0.895704907750404 size: 0.0
272999 : 0.8824232895635473 size: 0.0
273999 : 0.9211671971846191 size: 0.0
274999 : 0.9698710500737834 size: 0.0
275999 : 1.0004321951494535 size: 0.0
276999 : 0.9231308950921707 size: 0.0
277999 : 0.9568010565388133 size: 0.0
278999 : 0.9046618501986645 size: 0.0
279999 : 0.9633032046199835 size: 0.0
280999 : 0.9554306127854131 size: 0.0
281999 : 0.9223173311622642 size: 0.0
282999 : 0.9342408023552573 size: 0.0
283999 : 0.9009746281554913 size: 0.0
284999 : 0.9136768367915913 size: 0.0
285999 : 0.9376874206698734 size: 0.0
286999 : 0.8728899472609202 size: 0.0
287999 : 0.9050268833751208 size: 0.0
288999 : 0.9273520372749474 size: 0.0
289999 : 0.9121620995941171 size: 0.0
290999 : 0.7892178078764008 size: 0.0
291999 : 0.802528835096555 size: 0.0
292999 : 0.8295359586921454 size: 0.0
293999 : 0.8612057899266027 size: 0.0
294999 : 0.9167536064155268 size: 0.0
295999 : 0.8848293268491181 size: 0.0
296999 : 0.8854250747517068 size: 0.0
297999 : 0.8938006298487255 size: 0.0
298999 : 0.8858675001210514 size: 0.0
299999 : 0.8071270492413485 size: 0.0
300999 : 0.8907395966373439 size: 0.0
301999 : 0.9724086540872641 size: 0.0
302999 : 0.8871898747235355 size: 0.0
303999 : 0.945801218172279 size: 0.0
304999 : 0.8654149793151444 size: 0.0
305999 : 0.9154492040000579 size: 0.0
306999 : 0.8910856257308799 size: 0.0
307999 : 0.9891462636432089 size: 0.0
308999 : 0.8484128604421726 size: 0.0
309999 : 0.8316445519830488 size: 0.0
310999 : 0.9426909119314251 size: 0.0
311999 : 0.9248604386205725 size: 0.0
312999 : 0.8529106367188622 size: 0.0
313999 : 0.9185277794418276 size: 0.0
314999 : 0.9358816888271393 size: 0.0
315999 : 0.9066197866874122 size: 0.0
316999 : 0.862934043585123 size: 0.0
317999 : 0.8589242680802566 size: 0.0
318999 : 0.9316242583050305 size: 0.0
319999 : 0.9035732860100284 size: 0.0
320999 : 0.963010490148215 size: 0.0
321999 : 0.8549552524636447 size: 0.0
322999 : 0.8941896546049772 size: 0.0
323999 : 0.8661625019071196 size: 0.0
324999 : 0.9332246428626344 size: 0.0
325999 : 0.8965177837497071 size: 0.0
326999 : 0.9225869999588171 size: 0.0
327999 : 0.9087777389991133 size: 0.0
328999 : 0.8955823701116643 size: 0.0
329999 : 0.93635524305629 size: 0.0
330999 : 0.9114555088730472 size: 0.0
331999 : 0.9292883039496864 size: 0.0
332999 : 0.8517427025368529 size: 0.0
333999 : 0.8481674411993914 size: 0.0
334999 : 0.9171667947342248 size: 0.0
335999 : 0.9354551718529995 size: 0.0
336999 : 0.8344372922590845 size: 0.0
337999 : 0.8970207470121554 size: 0.0
338999 : 0.8795708713076622 size: 0.0
339999 : 0.842237737371618 size: 0.0
340999 : 0.8625169856567807 size: 0.0
341999 : 0.9023386225594843 size: 0.0
342999 : 0.9027231757668135 size: 0.0
343999 : 0.9091423422189424 size: 0.0
344999 : 0.8716803072860766 size: 0.0
345999 : 0.8970509299673818 size: 0.0
346999 : 0.8165050912102466 size: 0.0
347999 : 0.9720850687296657 size: 0.0
348999 : 0.8505974700647574 size: 0.0
349999 : 0.895894862588282 size: 0.0
350999 : 0.9427476662062098 size: 0.0
351999 : 0.8697094720985142 size: 0.0
352999 : 0.9407734773569556 size: 0.0
353999 : 0.8756101968496172 size: 0.0
354999 : 0.9525052738855622 size: 0.0
355999 : 0.9590049282182949 size: 0.0
356999 : 0.9110262401764936 size: 0.0
357999 : 0.9272412804477919 size: 0.0
358999 : 0.871087397097227 size: 0.0
359999 : 0.8436506608397815 size: 0.0
360999 : 0.9313981011191459 size: 0.0
361999 : 0.9227119453546689 size: 0.0
362999 : 0.8408350468711809 size: 0.0
363999 : 0.9113939390840383 size: 0.0
364999 : 0.8593786462438362 size: 0.0
365999 : 0.9195283745045474 size: 0.0
366999 : 0.8662340466898786 size: 0.0
367999 : 0.8896380477585676 size: 0.0
368999 : 0.8922190773913912 size: 0.0
369999 : 0.8612225582350618 size: 0.0
370999 : 0.8344147625318215 size: 0.0
371999 : 0.9602819853922766 size: 0.0
372999 : 0.9196878884132227 size: 0.0
373999 : 0.9044125613462389 size: 0.0
374999 : 0.9065213266197932 size: 0.0
375999 : 0.9196958856064879 size: 0.0
376999 : 0.8941851830560548 size: 0.0
377999 : 0.8355916398116756 size: 0.0
378999 : 0.9593933510352685 size: 0.0
379999 : 0.9446814391325112 size: 0.0
380999 : 0.898166409440878 size: 0.0
381999 : 0.9747344614662072 size: 0.0
382999 : 0.8905970230197786 size: 0.0
383999 : 0.8471152513414127 size: 0.0
384999 : 0.9063659402947387 size: 0.0
385999 : 0.8639046276752672 size: 0.0
386999 : 0.8425148014221581 size: 0.0
387999 : 0.813782347873112 size: 0.0
388999 : 0.9379401491753163 size: 0.0
389999 : 0.856905535724429 size: 0.0
390999 : 0.9474140714720704 size: 0.0
391999 : 0.8849238313157671 size: 0.0
392999 : 0.8691666088610658 size: 0.0
393999 : 0.853497011566979 size: 0.0
394999 : 0.8605882002273543 size: 0.0
395999 : 0.8543612243875646 size: 0.0
396999 : 0.8061765871213552 size: 0.0
397999 : 0.8372444790777926 size: 0.0
398999 : 0.8553332703302412 size: 0.0
399999 : 0.849337439173211 size: 0.0
400999 : 0.9168527544137492 size: 0.0
401999 : 0.9421707504038905 size: 0.0
402999 : 0.9093920610279952 size: 0.0
403999 : 0.9187333847009341 size: 0.0
404999 : 0.9323689431832665 size: 0.0
405999 : 0.9000827261281168 size: 0.0
406999 : 0.8694386854147307 size: 0.0
407999 : 0.8912055836298567 size: 0.0
408999 : 0.9523614963894408 size: 0.0
409999 : 0.8721174011932444 size: 0.0
410999 : 0.8785527340145544 size: 0.0
411999 : 0.8893480850092129 size: 0.0
412999 : 0.8791778909504407 size: 0.0
413999 : 0.9048803541565857 size: 0.0
414999 : 0.8824790979337523 size: 0.0
415999 : 0.873993387948856 size: 0.0
416999 : 0.8577469608437752 size: 0.0
417999 : 0.8631730134784968 size: 0.0
418999 : 0.9696374976339116 size: 0.0
419999 : 0.8868884751278985 size: 0.0
420999 : 0.9752750889291946 size: 0.0
421999 : 0.9627819252052183 size: 0.0
422999 : 1.019667508743879 size: 0.0
423999 : 1.0138615464334015 size: 0.0
424999 : 0.9541392810514097 size: 0.0
425999 : 0.9523056880192359 size: 0.0
426999 : 1.0086204611396827 size: 0.0
427999 : 0.9101066489423302 size: 0.0
428999 : 0.9952421027117158 size: 0.0
429999 : 0.8849582278459397 size: 0.0
430999 : 1.0066870321786832 size: 0.0
431999 : 0.924021163284362 size: 0.0
432999 : 0.9281076430515132 size: 0.0
433999 : 0.964687235002802 size: 0.0
434999 : 0.9018519116575425 size: 0.0
435999 : 0.9426250425761447 size: 0.0
436999 : 0.9806910805788407 size: 0.0
437999 : 0.9499828043453573 size: 0.0
438999 : 0.9963405559027765 size: 0.0
439999 : 0.9644252194342126 size: 0.0
440999 : 0.9650150339353465 size: 0.0
441999 : 1.0132179873538727 size: 0.0
442999 : 0.9383112017445527 size: 0.0
443999 : 0.9489111804478312 size: 0.0
444999 : 0.9334694601661375 size: 0.0
445999 : 0.9454782347539586 size: 0.0
446999 : 0.8876311822056495 size: 0.0
447999 : 0.8995494079277913 size: 0.0
448999 : 0.8989067947528424 size: 0.0
449999 : 0.9689593700415596 size: 0.0
450999 : 0.8821929188027166 size: 0.0
451999 : 0.9497545833676624 size: 0.0
452999 : 0.8833094301721179 size: 0.0
453999 : 0.8630006008710069 size: 0.0
454999 : 0.902567789441759 size: 0.0
455999 : 0.9069389004960882 size: 0.0
456999 : 0.9309778615117626 size: 0.0
457999 : 0.9587590790188865 size: 0.0
458999 : 0.9516064065608276 size: 0.0
459999 : 0.8921357517970482 size: 0.0
460999 : 0.887244995163137 size: 0.0
461999 : 0.8984944663473988 size: 0.0
462999 : 0.9153105859834625 size: 0.0
463999 : 0.8819417381411315 size: 0.0
464999 : 0.9112815484216995 size: 0.0
465999 : 0.8538307439009782 size: 0.0
466999 : 0.8917239393395572 size: 0.0
467999 : 0.8809712400423126 size: 0.0
468999 : 0.9004570463677197 size: 0.0
469999 : 0.9004694291185819 size: 0.0
470999 : 0.9594822660657646 size: 0.0
471999 : 0.9572237039033087 size: 0.0
472999 : 0.9301170883441943 size: 0.0
473999 : 0.9245826006481037 size: 0.0
474999 : 0.884754772369969 size: 0.0
475999 : 0.929808465477221 size: 0.0
476999 : 0.8912848676319044 size: 0.0
477999 : 0.9118122868822621 size: 0.0
478999 : 0.8823682551152713 size: 0.0
479999 : 0.9948546257993218 size: 0.0
480999 : 0.8529531164336254 size: 0.0
481999 : 0.8188849871328862 size: 0.0
482999 : 0.8630016327669121 size: 0.0
483999 : 0.845761661887797 size: 0.0
484999 : 0.893124996004811 size: 0.0
485999 : 0.886002162536677 size: 0.0
486999 : 0.8853032250435705 size: 0.0
487999 : 0.7993040744015519 size: 0.0
488999 : 0.819574035623568 size: 0.0
489999 : 0.9025650377193452 size: 0.0
490999 : 0.9430455401575042 size: 0.0
491999 : 0.8958915089265902 size: 0.0
492999 : 0.9624608335960575 size: 0.0
493999 : 0.8580417391073542 size: 0.0
494999 : 0.8876820890703049 size: 0.0
495999 : 0.8505472511307055 size: 0.0
496999 : 0.9012316562272058 size: 0.0
497999 : 0.9633148134489168 size: 0.0
498999 : 0.8990985554085544 size: 0.0
499999 : 0.9478487576221262 size: 0.0
500999 : 0.8886330671382507 size: 0.0
501999 : 0.8847883089868872 size: 0.0
502999 : 0.861294360991797 size: 0.0
503999 : 0.9155218666700474 size: 0.0
504999 : 0.8851763018472337 size: 0.0
505999 : 0.9134579888683683 size: 0.0
506999 : 0.9127767655883007 size: 0.0
507999 : 0.9720794792935127 size: 0.0
508999 : 0.9227116873806926 size: 0.0
509999 : 0.9605955097647995 size: 0.0
510999 : 0.8790000608894486 size: 0.0
511999 : 0.8825351642779335 size: 0.0
512999 : 0.8805882346788412 size: 0.0
513999 : 0.8792062680878331 size: 0.0
514999 : 0.9363005525733157 size: 0.0
515999 : 0.881442902462304 size: 0.0
516999 : 0.9127020391265008 size: 0.0
517999 : 0.8085950931491135 size: 0.0
518999 : 0.8860819624866773 size: 0.0
519999 : 0.8645629772627701 size: 0.0
520999 : 0.8482089750095747 size: 0.0
521999 : 0.8552170960495833 size: 0.0
522999 : 0.8924093761945708 size: 0.0
523999 : 0.8943998174043316 size: 0.0
524999 : 0.8956092853965243 size: 0.0
525999 : 0.9036519680727981 size: 0.0
526999 : 0.8720039786350003 size: 0.0
527999 : 0.8813269861556223 size: 0.0
528999 : 0.7700616063013723 size: 0.0
529999 : 0.7681824378667198 size: 0.0
530999 : 0.864590666469559 size: 0.0
531999 : 0.9205656018719011 size: 0.0
532999 : 0.8275098310823306 size: 0.0
533999 : 0.9068220382848269 size: 0.0
534999 : 0.8612683056201913 size: 0.0
535999 : 0.8270897634575981 size: 0.0
536999 : 0.8415385419045353 size: 0.0
537999 : 0.8791272420597616 size: 0.0
538999 : 0.9112932432419582 size: 0.0
539999 : 0.9215608654724441 size: 0.0
540999 : 0.9390906271182631 size: 0.0
541999 : 0.8581759715663525 size: 0.0
542999 : 0.9425303661268446 size: 0.0
543999 : 0.917068162683955 size: 0.0
544999 : 0.9419746041905814 size: 0.0
545999 : 0.9374519764208422 size: 0.0
546999 : 0.9290931036409571 size: 0.0
547999 : 0.9911909653793168 size: 0.0
548999 : 1.0497879482767132 size: 0.0
549999 : 0.9915201401730682 size: 0.0
550999 : 0.9277396001786669 size: 0.0
551999 : 1.005091205161327 size: 0.0
552999 : 0.9953618886280416 size: 0.0
553999 : 0.9856781474972349 size: 0.0
554999 : 1.028166891349519 size: 0.0
555999 : 0.9987759162303194 size: 0.0
556999 : 0.9092456178007855 size: 0.0
557999 : 0.9200055403693663 size: 0.0
558999 : 0.9233504309459971 size: 0.0
559999 : 0.8640092791183173 size: 0.0
560999 : 0.9253222120381391 size: 0.0
561999 : 0.8979082634819329 size: 0.0
562999 : 0.8917922164519497 size: 0.0
563999 : 0.8855849326256838 size: 0.0
564999 : 0.9002590943365766 size: 0.0
565999 : 0.9526817280853473 size: 0.0
566999 : 0.9564560593411826 size: 0.0
567999 : 0.9296963327888584 size: 0.0
568999 : 1.0028540548389036 size: 0.0
569999 : 0.9703898357401111 size: 0.0
570999 : 0.8776070874087852 size: 0.0
571999 : 0.9185368945223233 size: 0.0
572999 : 0.99164207587253 size: 0.0
573999 : 0.9355065946656076 size: 0.0
574999 : 0.8874990135384614 size: 0.0
575999 : 0.9431143332178493 size: 0.0
576999 : 0.9237750561109773 size: 0.0
577999 : 0.8797349427565854 size: 0.0
578999 : 0.9705075578646266 size: 0.0
579999 : 1.0023547032121234 size: 0.0
580999 : 0.96055973737342 size: 0.0
581999 : 0.9502680375718132 size: 0.0
582999 : 0.945667071704606 size: 0.0
583999 : 0.9350355341848943 size: 0.0
584999 : 0.9470972794291811 size: 0.0
585999 : 0.9605341979497669 size: 0.0
586999 : 0.9453992947172126 size: 0.0
587999 : 0.9720154157560663 size: 0.0
588999 : 0.9793804867879407 size: 0.0
589999 : 0.998329363277354 size: 0.0
590999 : 1.0041112480167107 size: 0.0
591999 : 0.9882186752157803 size: 0.0
592999 : 0.9618560566042984 size: 0.0
593999 : 0.8976796985389363 size: 0.0
594999 : 0.9726897597300993 size: 0.0
595999 : 0.9013810231594802 size: 0.0
596999 : 0.9349125665895274 size: 0.0
597999 : 0.9299142348075016 size: 0.0
598999 : 0.9985024638154475 size: 0.0
599999 : 1.006487102347055 size: 0.0
600999 : 0.9924023251806691 size: 0.0
601999 : 0.9636496636701467 size: 0.0
602999 : 0.9472886101282659 size: 0.0
603999 : 0.9769765132941803 size: 0.0
604999 : 0.9450164613363919 size: 0.0
605999 : 0.8788310019436504 size: 0.0
606999 : 0.9472604909648499 size: 0.0
607999 : 0.9898745241782875 size: 0.0
608999 : 0.9494889561634048 size: 0.0
609999 : 0.9674117841577706 size: 0.0
610999 : 0.9294579648347625 size: 0.0
611999 : 0.9144740623696658 size: 0.0
612999 : 0.9069796603843426 size: 0.0
613999 : 0.9857627629614595 size: 0.0
614999 : 0.9652956236302291 size: 0.0
615999 : 0.9509601817502107 size: 0.0
616999 : 0.8973071841171674 size: 0.0
617999 : 0.9162730008976908 size: 0.0
618999 : 0.926127262826828 size: 0.0
619999 : 0.8736589676842532 size: 0.0
620999 : 0.891630810734115 size: 0.0
621999 : 0.867826176080241 size: 0.0
622999 : 0.9339983068175407 size: 0.0
623999 : 0.848916253661248 size: 0.0
624999 : 0.8892916746997299 size: 0.0
625999 : 0.9334454685863423 size: 0.0
626999 : 0.9562526038652118 size: 0.0
627999 : 0.899211891975473 size: 0.0
628999 : 0.8549426117388063 size: 0.0
629999 : 0.8776527488025894 size: 0.0
630999 : 0.843482547798563 size: 0.0
631999 : 0.8229447235978282 size: 0.0
632999 : 0.7975378985685163 size: 0.0
633999 : 0.8828224612961999 size: 0.0
634999 : 0.8872440492585573 size: 0.0
635999 : 0.8481845534731522 size: 0.0
636999 : 0.8343631677365626 size: 0.0
637999 : 0.8734769240483149 size: 0.0
638999 : 0.8675596889627291 size: 0.0
639999 : 0.9073085772041177 size: 0.0
640999 : 0.8679307415319656 size: 0.0
641999 : 0.8356366132748763 size: 0.0
642999 : 0.9176234086722656 size: 0.0
643999 : 0.9387324732478413 size: 0.0
644999 : 0.9744860325270359 size: 0.0
645999 : 0.8128435805733774 size: 0.0
646999 : 0.8789316977857305 size: 0.0
647999 : 0.8635916192506969 size: 0.0
648999 : 0.859838871817545 size: 0.0
649999 : 0.9386821683224639 size: 0.0
650999 : 0.8671150278189234 size: 0.0
651999 : 0.9369239036913679 size: 0.0
652999 : 0.8603604951976119 size: 0.0
653999 : 0.849602550429516 size: 0.0
654999 : 0.8745009087515521 size: 0.0
655999 : 0.8508379018106637 size: 0.0
656999 : 0.829707511386381 size: 0.0
657999 : 0.8225913852416306 size: 0.0
658999 : 0.8624694324538171 size: 0.0
659999 : 0.9410127052243058 size: 0.0
660999 : 0.8300007418061021 size: 0.0
661999 : 0.8700545552874704 size: 0.0
662999 : 0.8147851787102931 size: 0.0
663999 : 0.8588806704782629 size: 0.0
664999 : 0.9016453604938564 size: 0.0
665999 : 0.790797726498552 size: 0.0
666999 : 0.8361369967975616 size: 0.0
667999 : 0.9081744238598866 size: 0.0
668999 : 0.8150916517941306 size: 0.0
669999 : 0.7719904777221241 size: 0.0
670999 : 0.8552949181990988 size: 0.0
671999 : 0.8627801191126008 size: 0.0
672999 : 0.883287502384133 size: 0.0
673999 : 0.9170676467360024 size: 0.0
674999 : 0.9059271265610622 size: 0.0
675999 : 0.8265741594703114 size: 0.0
676999 : 0.7964147658670567 size: 0.0
677999 : 0.8584759953007827 size: 0.0
678999 : 0.7669493222600334 size: 0.0
679999 : 0.8647623051551201 size: 0.0
680999 : 0.8400479682695073 size: 0.0
681999 : 0.7733590296663649 size: 0.0
682999 : 0.789072740510398 size: 0.0
683999 : 0.8280317124363737 size: 0.0
684999 : 0.7983809575230458 size: 0.0
685999 : 0.8462733962654393 size: 0.0
686999 : 0.8338599465001381 size: 0.0
687999 : 0.8498700694429332 size: 0.0
688999 : 0.7974464037982573 size: 0.0
689999 : 0.7896899002530192 size: 0.0
690999 : 0.8904490319487112 size: 0.0
691999 : 0.8873278048095274 size: 0.0
692999 : 0.8813833964651053 size: 0.0
693999 : 0.8413079131697283 size: 0.0
694999 : 0.8772886615307127 size: 0.0
695999 : 0.9053800497486676 size: 0.0
696999 : 0.8687200559081004 size: 0.0
697999 : 0.8555150559922031 size: 0.0
698999 : 0.8780648192340567 size: 0.0
699999 : 0.8520133172379856 size: 0.0
700999 : 0.8936439536537896 size: 0.0
701999 : 0.9440744263662909 size: 0.0
702999 : 0.9470732878493857 size: 0.0
703999 : 0.8856262084618909 size: 0.0
704999 : 0.9628648208429342 size: 0.0
705999 : 0.8586806546553094 size: 0.0
706999 : 0.8713570658937799 size: 0.0
707999 : 0.8732808638263313 size: 0.0
708999 : 0.8746624004607122 size: 0.0
709999 : 0.8861758650140484 size: 0.0
710999 : 0.9184662956441442 size: 0.0
711999 : 0.8615794222356021 size: 0.0
712999 : 0.8104317818690028 size: 0.0
713999 : 0.8247249160169091 size: 0.0
714999 : 0.8740958896087702 size: 0.0
715999 : 0.872035193486132 size: 0.0
716999 : 0.9347510748803672 size: 0.0
717999 : 0.8659841558981749 size: 0.0
718999 : 0.9340773328456121 size: 0.0
719999 : 0.8032798833328729 size: 0.0
720999 : 0.8346812496493334 size: 0.0
721999 : 0.8620222775615738 size: 0.0
722999 : 0.8454919930912441 size: 0.0
723999 : 0.8606335176558566 size: 0.0
724999 : 0.8316909013074563 size: 0.0
725999 : 0.8619632015210025 size: 0.0
726999 : 0.8656062240229039 size: 0.0
727999 : 0.859755546223202 size: 0.0
728999 : 0.9746624007354958 size: 0.0
729999 : 0.8480375083066646 size: 0.0
730999 : 0.9082172475399514 size: 0.0
731999 : 0.923857521792066 size: 0.0
732999 : 0.9458682914061155 size: 0.0
733999 : 0.8076217573365554 size: 0.0
734999 : 0.9255858614419119 size: 0.0
735999 : 0.9709747487356954 size: 0.0
736999 : 0.9456113493257264 size: 0.0
737999 : 0.9167106107528111 size: 0.0
738999 : 0.9389129690399217 size: 0.0
739999 : 0.9316344912727569 size: 0.0
740999 : 0.923505903262377 size: 0.0
741999 : 0.8671303342748501 size: 0.0
742999 : 0.9512592595800611 size: 0.0
743999 : 0.8904000168932152 size: 0.0
744999 : 0.880617299746837 size: 0.0
745999 : 0.9536019212587888 size: 0.0
746999 : 0.9220128358789116 size: 0.0
747999 : 0.9462515547435633 size: 0.0
748999 : 0.9949894601975983 size: 0.0
749999 : 0.9525304693439135 size: 0.0
750999 : 0.9760380899597474 size: 0.0
751999 : 0.8901925198249493 size: 0.0
752999 : 0.9709880773911373 size: 0.0
753999 : 1.0076319048625233 size: 0.0
754999 : 0.9387850139476799 size: 0.0
755999 : 0.9360256383059115 size: 0.0
756999 : 0.9330935060913514 size: 0.0
757999 : 0.9051304169309402 size: 0.0
758999 : 0.9386814803918604 size: 0.0
759999 : 0.9848946805312294 size: 0.0
760999 : 0.9821594684519073 size: 0.0
761999 : 0.9636914554543063 size: 0.0
762999 : 0.92547484664078 size: 0.0
763999 : 0.9725388449539673 size: 0.0
764999 : 0.9169050371396116 size: 0.0
765999 : 0.9072286052714665 size: 0.0
766999 : 0.9293249362543202 size: 0.0
767999 : 0.8379165872773645 size: 0.0
768999 : 0.9469954656998704 size: 0.0
769999 : 0.8359697436695975 size: 0.0
770999 : 0.9156794027782378 size: 0.0
771999 : 0.9195317281662393 size: 0.0
772999 : 0.9552493430714036 size: 0.0
773999 : 0.94433833374404 size: 0.0
774999 : 0.9095330868017028 size: 0.0
775999 : 0.8917987517926825 size: 0.0
776999 : 0.8995671221408301 size: 0.0
777999 : 0.930150538969787 size: 0.0
778999 : 0.9123248811731587 size: 0.0
779999 : 0.9100762080131275 size: 0.0
780999 : 0.92956210032986 size: 0.0
781999 : 0.9217944179123158 size: 0.0
782999 : 0.9172598373483416 size: 0.0
783999 : 0.9048921349681698 size: 0.0
784999 : 0.9141259694843195 size: 0.0
785999 : 0.968952060778898 size: 0.0
786999 : 0.9936673435690905 size: 0.0
787999 : 0.9922010194878341 size: 0.0
788999 : 0.990388494330391 size: 0.0
789999 : 0.9417515426924125 size: 0.0
790999 : 0.9619077373908828 size: 0.0
791999 : 0.9740787776097928 size: 0.0
792999 : 1.0318591868808926 size: 0.0
793999 : 0.895414085087795 size: 0.0
794999 : 1.0064205450611712 size: 0.0
795999 : 0.9677723457853045 size: 0.0
796999 : 0.9098986359261116 size: 0.0
797999 : 0.9449070803704432 size: 0.0
798999 : 0.9626982556455737 size: 0.0
799999 : 0.9698968474714128 size: 0.0
800999 : 0.9111335573506321 size: 0.0
801999 : 0.9155532535038299 size: 0.0
802999 : 0.9362154211611387 size: 0.0
803999 : 0.9392756804505914 size: 0.0
804999 : 0.8303779857507696 size: 0.0
805999 : 0.9194586355396226 size: 0.0
806999 : 0.9170353999889655 size: 0.0
807999 : 0.866115120686807 size: 0.0
808999 : 0.9077169500085914 size: 0.0
809999 : 0.8923423029607344 size: 0.0
810999 : 0.907594670343828 size: 0.0
811999 : 0.9236880328896407 size: 0.0
812999 : 0.9116096913195457 size: 0.0
813999 : 0.8739863366601706 size: 0.0
814999 : 0.9761867689614183 size: 0.0
815999 : 0.9115040079805905 size: 0.0
816999 : 0.9046590984762507 size: 0.0
817999 : 0.9382271882196063 size: 0.0
818999 : 0.9118201980842018 size: 0.0
819999 : 0.8980900491438949 size: 0.0
820999 : 0.913864555855008 size: 0.0
821999 : 0.9286045869211813 size: 0.0
822999 : 0.9392705209710656 size: 0.0
823999 : 0.9091383006266471 size: 0.0
824999 : 0.9079866188051443 size: 0.0
825999 : 0.8837795447482515 size: 0.0
826999 : 0.8980599521799939 size: 0.0
827999 : 0.8478718890138837 size: 0.0
828999 : 0.8384336531171835 size: 0.0
829999 : 0.9879518441329668 size: 0.0
830999 : 0.8664265812675195 size: 0.0
831999 : 0.8693878645414007 size: 0.0
832999 : 0.9174947656494201 size: 0.0
833999 : 0.9285682125905238 size: 0.0
834999 : 0.9407746812355117 size: 0.0
835999 : 0.9471327938465842 size: 0.0
836999 : 0.8217135857916268 size: 0.0
837999 : 1.040153566166704 size: 0.0
838999 : 0.8898955057869092 size: 0.0
839999 : 0.831410397603899 size: 0.0
840999 : 0.9106774593605439 size: 0.0
841999 : 0.937112482668039 size: 0.0
842999 : 0.9649530341897105 size: 0.0
843999 : 1.001050214805329 size: 0.0
844999 : 0.989430722947736 size: 0.0
845999 : 0.9029920706414375 size: 0.0
846999 : 0.873622851327572 size: 0.0
847999 : 0.9519250904128764 size: 0.0
848999 : 1.0050307532595488 size: 0.0
849999 : 0.9227256179754125 size: 0.0
850999 : 0.9476418624931382 size: 0.0
851999 : 0.922971897131448 size: 0.0
852999 : 0.8872595276971349 size: 0.0
853999 : 0.9427555774081495 size: 0.0
854999 : 0.918880859824049 size: 0.0
855999 : 0.9317364769847185 size: 0.0
856999 : 0.8830806932464704 size: 0.0
857999 : 0.9308137040715141 size: 0.0
858999 : 0.8954220822810601 size: 0.0
859999 : 0.8903165193162214 size: 0.0
860999 : 0.9303894228718356 size: 0.0
861999 : 0.8540833004237702 size: 0.0
862999 : 0.9148052149639021 size: 0.0
863999 : 0.9676772393793773 size: 0.0
864999 : 0.9280668831632587 size: 0.0
865999 : 0.8922452187543224 size: 0.0
866999 : 0.913923373921603 size: 0.0
867999 : 0.845985497307895 size: 0.0
868999 : 0.8949112078166722 size: 0.0
869999 : 0.9572636898696343 size: 0.0
870999 : 0.970100990877987 size: 0.0
871999 : 0.9887326453678839 size: 0.0
872999 : 0.9479069737494432 size: 0.0
873999 : 0.9114690955024654 size: 0.0
874999 : 0.9137273136996195 size: 0.0
875999 : 0.9377472706323736 size: 0.0
876999 : 0.9234374541673337 size: 0.0
877999 : 0.9355846747890992 size: 0.0
878999 : 0.9163098051849754 size: 0.0
879999 : 0.8934703371677436 size: 0.0
880999 : 0.916364323685299 size: 0.0
881999 : 0.936653632955537 size: 0.0
882999 : 0.9432688596296496 size: 0.0
883999 : 0.9212792438816563 size: 0.0
884999 : 0.9324306849549262 size: 0.0
885999 : 0.8294924470814771 size: 0.0
886999 : 0.8727280255951329 size: 0.0
887999 : 0.9178368391419863 size: 0.0
888999 : 0.9517867303702573 size: 0.0
889999 : 0.8637879374466568 size: 0.0
890999 : 0.8707289852528289 size: 0.0
891999 : 0.9115224101242329 size: 0.0
892999 : 0.904784129863428 size: 0.0
893999 : 0.9178912716509844 size: 0.0
894999 : 0.8621045712600117 size: 0.0
895999 : 0.9124908444312413 size: 0.0
896999 : 0.8162785900590602 size: 0.0
897999 : 0.903628836406257 size: 0.0
898999 : 0.908823142418941 size: 0.0
899999 : 0.9537138819645005 size: 0.0
900999 : 0.8526788041054991 size: 0.0
901999 : 0.9570402844061635 size: 0.0
902999 : 0.9211227396693711 size: 0.0
903999 : 0.9382601228972466 size: 0.0
904999 : 0.8936583142051366 size: 0.0
905999 : 0.9070173245848816 size: 0.0
906999 : 0.938325992252527 size: 0.0
907999 : 0.9754423420571586 size: 0.0
908999 : 0.9229922770755753 size: 0.0
909999 : 0.9724085680959387 size: 0.0
910999 : 0.9183968146531956 size: 0.0
911999 : 0.9369627717704629 size: 0.0
912999 : 0.8898266267352387 size: 0.0
913999 : 0.9924915841764669 size: 0.0
914999 : 0.9036885143861064 size: 0.0
915999 : 0.9270710176234377 size: 0.0
916999 : 0.86360417398421 size: 0.0
917999 : 0.9068486096043852 size: 0.0
918999 : 0.9413300132151476 size: 0.0
919999 : 0.9020315475363687 size: 0.0
920999 : 0.9011090325971406 size: 0.0
921999 : 0.9229610622244436 size: 0.0
922999 : 0.8829246189908124 size: 0.0
923999 : 0.9337110097992743 size: 0.0
924999 : 0.9016065784060867 size: 0.0
925999 : 0.9220334737970151 size: 0.0
926999 : 0.8968766255507323 size: 0.0
927999 : 0.8511479865301693 size: 0.0
928999 : 0.8697318298431264 size: 0.0
929999 : 0.8421142538282985 size: 0.0
930999 : 0.8642783459755922 size: 0.0
931999 : 0.8300148443834728 size: 0.0
932999 : 0.9111363950643713 size: 0.0
933999 : 0.850273454750532 size: 0.0
934999 : 0.8228982022907698 size: 0.0
935999 : 0.9145592797731683 size: 0.0
936999 : 0.8415410356529728 size: 0.0
937999 : 0.8330245407735719 size: 0.0
938999 : 0.8607743714469133 size: 0.0
939999 : 0.7912502988442974 size: 0.0
940999 : 0.8674855644402072 size: 0.0
941999 : 0.8338266678571961 size: 0.0
942999 : 0.8745714216384058 size: 0.0
943999 : 0.832267903101101 size: 0.0
944999 : 0.8594881132011103 size: 0.0
945999 : 0.8799756324764678 size: 0.0
946999 : 0.8799197381149374 size: 0.0
947999 : 0.9146797536200977 size: 0.0
948999 : 0.9164441236352993 size: 0.0
949999 : 0.8463863028757307 size: 0.0
950999 : 0.8813972410684998 size: 0.0
951999 : 0.824566434004139 size: 0.0
952999 : 0.8744246344458944 size: 0.0
953999 : 0.7952443379366099 size: 0.0
954999 : 0.8383603025165905 size: 0.0
955999 : 0.8107245823320968 size: 0.0
956999 : 0.8063095297104721 size: 0.0
957999 : 0.890419708906739 size: 0.0
958999 : 0.9003355406248852 size: 0.0
959999 : 0.8039993727527575 size: 0.0
960999 : 0.9083413330225489 size: 0.0
961999 : 0.8486951699635639 size: 0.0
962999 : 0.82945418094166 size: 0.0
963999 : 0.8361929771504175 size: 0.0
964999 : 0.8638270634997282 size: 0.0
965999 : 0.8774936648505413 size: 0.0
966999 : 0.9103906782902301 size: 0.0
967999 : 0.8742219528918526 size: 0.0
968999 : 0.9386525873065155 size: 0.0
969999 : 0.877151763340626 size: 0.0
970999 : 0.7873922980288175 size: 0.0
971999 : 0.8508633552429914 size: 0.0
972999 : 0.8519582827897094 size: 0.0
973999 : 0.8226631020070403 size: 0.0
974999 : 0.8065542610226499 size: 0.0
975999 : 0.8155683877023223 size: 0.0
976999 : 0.8268165690167025 size: 0.0
977999 : 0.8519611205034486 size: 0.0
978999 : 0.8740035349252568 size: 0.0
979999 : 0.887198559847404 size: 0.0
980999 : 0.8227213181343573 size: 0.0
981999 : 0.818955328037089 size: 0.0
982999 : 0.8615685013372723 size: 0.0
983999 : 0.8361690715619475 size: 0.0
984999 : 0.8809429488962457 size: 0.0
985999 : 0.8396317702544194 size: 0.0
986999 : 0.847012663690173 size: 0.0
987999 : 0.8830677945476557 size: 0.0
988999 : 0.8613809542565064 size: 0.0
989999 : 0.8850255590537525 size: 0.0
990999 : 0.9223156113357556 size: 0.0
991999 : 0.8360566808996087 size: 0.0
992999 : 0.8317461937297087 size: 0.0
993999 : 0.8419059828381037 size: 0.0
994999 : 0.8811897440002339 size: 0.0
995999 : 0.8641890869797944 size: 0.0
996999 : 0.857865112924918 size: 0.0
997999 : 0.8991817090202465 size: 0.0
998999 : 0.8556752578314819 size: 0.0
999999 : 0.913887085582271 size: 0.0
1000999 : 0.8819526590394613 size: 0.0
1001999 : 0.8527143185229024 size: 0.0
1002999 : 0.8749823741826425 size: 0.0
1003999 : 0.9146790656894943 size: 0.0
1004999 : 0.8181312731654798 size: 0.0
1005999 : 0.907403511627394 size: 0.0
1006999 : 0.9529118408722018 size: 0.0
1007999 : 0.8968724119757862 size: 0.0
1008999 : 0.9197950336047103 size: 0.0
1009999 : 0.8330842187534213 size: 0.0
1010999 : 0.9304758441538941 size: 0.0
1011999 : 0.887184801235335 size: 0.0
1012999 : 0.8937573762120335 size: 0.0
1013999 : 0.8127483881761248 size: 0.0
1014999 : 0.8898896583767799 size: 0.0
1015999 : 0.9275175705764029 size: 0.0
1016999 : 0.8599040532422221 size: 0.0
1017999 : 0.8070151745269623 size: 0.0
1018999 : 0.8490123059717549 size: 0.0
1019999 : 0.942203943055507 size: 0.0
1020999 : 0.875597814098755 size: 0.0
1021999 : 0.8511691403962254 size: 0.0
1022999 : 0.8846885590493868 size: 0.0
1023999 : 0.8925824767326643 size: 0.0
1024999 : 0.8370032734099576 size: 0.0
1025999 : 0.8829807713263191 size: 0.0
1026999 : 0.8996396988194942 size: 0.0
1027999 : 0.8122163598456807 size: 0.0
1028999 : 0.9162637138345442 size: 0.0
1029999 : 0.8139204499417548 size: 0.0
1030999 : 0.8595478771722852 size: 0.0
1031999 : 0.8780860590914382 size: 0.0
1032999 : 0.856448491829761 size: 0.0
1033999 : 0.832366965107998 size: 0.0
1034999 : 0.8300014297367055 size: 0.0
1035999 : 0.7831217108339177 size: 0.0
1036999 : 0.7794644137719946 size: 0.0
1037999 : 0.7392998434634706 size: 0.0
1038999 : 0.8120077448901841 size: 0.0
1039999 : 0.8260907162387361 size: 0.0
1040999 : 0.8532828931666547 size: 0.0
1041999 : 0.8294489354708088 size: 0.0
1042999 : 0.7849064607932464 size: 0.0
1043999 : 0.9133997727410512 size: 0.0
1044999 : 0.8600645990468024 size: 0.0
1045999 : 0.8617010139697621 size: 0.0
1046999 : 0.8233035653988534 size: 0.0
1047999 : 0.868089481518712 size: 0.0
1048999 : 0.8992389792429839 size: 0.0
1049999 : 0.9049141487474803 size: 0.0
1050999 : 0.8843073595037494 size: 0.0
1051999 : 0.8276098389938072 size: 0.0
1052999 : 0.8729265795655539 size: 0.0
1053999 : 0.8677048423200573 size: 0.0
1054999 : 0.8302893286942499 size: 0.0
1055999 : 0.8270551089534492 size: 0.0
1056999 : 0.8659937009352978 size: 0.0
1057999 : 0.8538425247125624 size: 0.0
1058999 : 0.8241513538762816 size: 0.0
1059999 : 0.8264615968253217 size: 0.0
1060999 : 0.7984460529563974 size: 0.0
1061999 : 0.8488405812948684 size: 0.0
1062999 : 0.8843370265110232 size: 0.0
1063999 : 0.8540816665885871 size: 0.0
1064999 : 0.8394081928082977 size: 0.0
1065999 : 0.8158810521615909 size: 0.0
1066999 : 0.8040779688242018 size: 0.0
1067999 : 0.8391728345505919 size: 0.0
1068999 : 0.7844824375675442 size: 0.0
1069999 : 0.903766164552971 size: 0.0
1070999 : 0.8237674885995558 size: 0.0
1071999 : 0.7786497319548575 size: 0.0
1072999 : 0.9106297341749294 size: 0.0
1073999 : 0.87127932973559 size: 0.0
1074999 : 0.8377157975324823 size: 0.0
1075999 : 0.8500787703897552 size: 0.0
1076999 : 0.7866599099101182 size: 0.0
1077999 : 0.7995773548337729 size: 0.0
1078999 : 0.7997622361834504 size: 0.0
1079999 : 0.8524622779480628 size: 0.0
1080999 : 0.8470153294212615 size: 0.0
1081999 : 0.8100492924534839 size: 0.0
1082999 : 0.8298611778849269 size: 0.0
1083999 : 0.8990304502788127 size: 0.0
1084999 : 0.9273596905029109 size: 0.0
1085999 : 0.8402798868741959 size: 0.0
1086999 : 0.8652620007472019 size: 0.0
1087999 : 0.8938941884107949 size: 0.0
1088999 : 0.9869201202104407 size: 0.0
1089999 : 0.9116859656252033 size: 0.0
1090999 : 0.8560673782754491 size: 0.0
1091999 : 0.9094638637847304 size: 0.0
1092999 : 0.8384135311470327 size: 0.0
1093999 : 0.8502819678917496 size: 0.0
1094999 : 0.9192513964453329 size: 0.0
1095999 : 0.8504234236220842 size: 0.0
1096999 : 0.8947775772969517 size: 0.0
1097999 : 0.8578129161903811 size: 0.0
1098999 : 0.8600351900135049 size: 0.0
1099999 : 0.7707843633916233 size: 0.0
1100999 : 0.8756797638318912 size: 0.0
1101999 : 0.8456967384370963 size: 0.0
1102999 : 0.8175122216136992 size: 0.0
1103999 : 0.863187202047193 size: 0.0
1104999 : 0.8377119279228378 size: 0.0
1105999 : 0.887903172767989 size: 0.0
1106999 : 0.8730628758163627 size: 0.0
1107999 : 0.8320493991431799 size: 0.0
1108999 : 0.8520893335696669 size: 0.0
1109999 : 0.8907139712223653 size: 0.0
1110999 : 0.8186086970042751 size: 0.0
1111999 : 0.9288848326507623 size: 0.0
1112999 : 0.8699859342097762 size: 0.0
1113999 : 0.815218488999142 size: 0.0
1114999 : 0.8554888286379466 size: 0.0
1115999 : 0.8016352992339973 size: 0.0
1116999 : 0.7903031043946706 size: 0.0
1117999 : 0.7843808818122098 size: 0.0
1118999 : 0.7858542571821514 size: 0.0
1119999 : 0.7744105315937401 size: 0.0
1120999 : 0.8635955748516668 size: 0.0
1121999 : 0.8384959968281214 size: 0.0
1122999 : 0.8190329782039536 size: 0.0
1123999 : 0.7842740805860239 size: 0.0
1124999 : 0.8139376482068411 size: 0.0
1125999 : 0.7504887767546287 size: 0.0
1126999 : 0.8720448245145803 size: 0.0
1127999 : 0.7773436957042054 size: 0.0
1128999 : 0.7346084147219094 size: 0.0
1129999 : 0.7057554873259341 size: 0.0
1130999 : 0.8259514102915372 size: 0.0
1131999 : 0.7845285289179754 size: 0.0
1132999 : 0.7783756776007076 size: 0.0
1133999 : 0.8434532247565909 size: 0.0
1134999 : 0.793266021503735 size: 0.0
1135999 : 0.8346078990487404 size: 0.0
1136999 : 0.8077514322553059 size: 0.0
1137999 : 0.7702046958668901 size: 0.0
1138999 : 0.8093025437834376 size: 0.0
1139999 : 0.7261031847061401 size: 0.0
1140999 : 0.6979193988090092 size: 0.0
1141999 : 0.7163157810325258 size: 0.0
1142999 : 0.8067623600301939 size: 0.0
1143999 : 0.7946345734479758 size: 0.0
1144999 : 0.7700467298020727 size: 0.0
1145999 : 0.8070772602639237 size: 0.0
1146999 : 0.892804678317579 size: 0.0
1147999 : 0.7750123848804346 size: 0.0
1148999 : 0.7953714331155975 size: 0.0
1149999 : 0.8193340338342889 size: 0.0
1150999 : 0.8085463360675939 size: 0.0
1151999 : 0.7789936972565831 size: 0.0
1152999 : 0.7823501106708217 size: 0.0
1153999 : 0.8413853053626166 size: 0.0
1154999 : 0.8516118237395462 size: 0.0
1155999 : 0.8189205015502893 size: 0.0
1156999 : 0.7624979812990769 size: 0.0
1157999 : 0.8279884587996817 size: 0.0
1158999 : 0.8379828005979467 size: 0.0
1159999 : 0.8752010501232146 size: 0.0
1160999 : 0.8648995473105086 size: 0.0
1161999 : 0.7981729445068272 size: 0.0
1162999 : 0.8023660535175133 size: 0.0
1163999 : 0.8710417357034229 size: 0.0
1164999 : 0.8105910378037018 size: 0.0
1165999 : 0.8459975360934553 size: 0.0
1166999 : 0.804722645790961 size: 0.0
1167999 : 0.8576457490537425 size: 0.0
1168999 : 0.7448149831113391 size: 0.0
1169999 : 0.8338703514505152 size: 0.0
1170999 : 0.8302856310672563 size: 0.0
1171999 : 0.8315275177891366 size: 0.0
1172999 : 0.8365154446207852 size: 0.0
1173999 : 0.7412691308071752 size: 0.0
1174999 : 0.7855656702940036 size: 0.0
1175999 : 0.73957578962678 size: 0.0
1176999 : 0.7156330099086005 size: 0.0
1177999 : 0.7932141687344999 size: 0.0
1178999 : 0.8449609106653797 size: 0.0
1179999 : 0.8234626493509015 size: 0.0
1180999 : 0.7799037434536237 size: 0.0
1181999 : 0.7436767159366037 size: 0.0
1182999 : 0.7314118591816479 size: 0.0
1183999 : 0.7625788131449823 size: 0.0
1184999 : 0.7281517560518924 size: 0.0
1185999 : 0.7353974711240681 size: 0.0
1186999 : 0.8076613133462538 size: 0.0
1187999 : 0.7969122256846775 size: 0.0
1188999 : 0.7812952550817547 size: 0.0
1189999 : 0.7539971368409045 size: 0.0
1190999 : 0.8139543305239748 size: 0.0
1191999 : 0.7667590234568538 size: 0.0
1192999 : 0.7858852140593067 size: 0.0
1193999 : 0.7929769186676346 size: 0.0
1194999 : 0.7324343820323527 size: 0.0
1195999 : 0.7913539183914423 size: 0.0
1196999 : 0.8129163292346924 size: 0.0
1197999 : 0.794829945739356 size: 0.0
1198999 : 0.8003123226922352 size: 0.0
1199999 : 0.8311329035967319 size: 0.0
1200999 : 0.8255506907150268 size: 0.0
1201999 : 0.8656679657945636 size: 0.0
1202999 : 0.8168540440088472 size: 0.0
1203999 : 0.8772165148086758 size: 0.0
1204999 : 0.7551536341766314 size: 0.0
1205999 : 0.8041268118970468 size: 0.0
1206999 : 0.8457491931456095 size: 0.0
1207999 : 0.878108158862074 size: 0.0
1208999 : 0.7934350804495331 size: 0.0
1209999 : 0.809903193191576 size: 0.0
1210999 : 0.8560221468382722 size: 0.0
1211999 : 0.8620215896309704 size: 0.0
1212999 : 0.8504436315835606 size: 0.0
1213999 : 0.8178812963824508 size: 0.0
1214999 : 0.7900183871161671 size: 0.0
1215999 : 0.7848828991700783 size: 0.0
1216999 : 0.8672710160832559 size: 0.0
1217999 : 0.7978499610885069 size: 0.0
1218999 : 0.785888051773046 size: 0.0
1219999 : 0.7755300526595316 size: 0.0
1220999 : 0.7948232384159724 size: 0.0
1221999 : 0.8489932158975092 size: 0.0
1222999 : 0.7666412153410127 size: 0.0
1223999 : 0.7906069117474197 size: 0.0
1224999 : 0.8461566200455034 size: 0.0
1225999 : 0.8000005181462209 size: 0.0
1226999 : 0.7354562891906631 size: 0.0
1227999 : 0.7618987937434708 size: 0.0
1228999 : 0.7638081451333497 size: 0.0
1229999 : 0.8262921939142219 size: 0.0
1230999 : 0.7940259268465724 size: 0.0
1231999 : 0.7459511005029389 size: 0.0
1232999 : 0.7368844331234279 size: 0.0
1233999 : 0.7971446602373184 size: 0.0
1234999 : 0.7551386716860063 size: 0.0
1235999 : 0.7816043938966806 size: 0.0
1236999 : 0.7673943273691409 size: 0.0
1237999 : 0.7150483118913297 size: 0.0
1238999 : 0.6996504041899434 size: 0.0
1239999 : 0.7068346784600982 size: 0.0
1240999 : 0.8087102355338661 size: 0.0
1241999 : 0.8268512235208514 size: 0.0
1242999 : 0.8088515192815499 size: 0.0
1243999 : 0.8253198040062436 size: 0.0
1244999 : 0.8007287786812994 size: 0.0
1245999 : 0.7735787375028421 size: 0.0
1246999 : 0.7852361515349505 size: 0.0
1247999 : 0.7754012376540353 size: 0.0
1248999 : 0.7772851356115865 size: 0.0
1249999 : 0.8282974256319567 size: 0.0
1250999 : 0.799053323696594 size: 0.0
1251999 : 0.8411275033689731 size: 0.0
1252999 : 0.8005286768670206 size: 0.0
1253999 : 0.8145568717412727 size: 0.0
1254999 : 0.7772021539825452 size: 0.0
1255999 : 0.75548323892701 size: 0.0
1256999 : 0.8215412591754622 size: 0.0
1257999 : 0.7625036567265553 size: 0.0
1258999 : 0.8039266240914424 size: 0.0
1259999 : 0.8595192420609165 size: 0.0
1260999 : 0.7389717005656243 size: 0.0
1261999 : 0.8502354465846912 size: 0.0
1262999 : 0.7829516199922143 size: 0.0
1263999 : 0.8787545556553419 size: 0.0
1264999 : 0.8386616161209022 size: 0.0
1265999 : 0.828355469776623 size: 0.0
1266999 : 0.7866501928903444 size: 0.0
1267999 : 0.8610146312101686 size: 0.0
1268999 : 0.785454139544919 size: 0.0
1269999 : 0.7603567113045094 size: 0.0
1270999 : 0.8335356732119362 size: 0.0
1271999 : 0.8459550563786922 size: 0.0
1272999 : 0.828230094424144 size: 0.0
1273999 : 0.7897421829788814 size: 0.0
1274999 : 0.8344614558215308 size: 0.0
1275999 : 0.8999818583033858 size: 0.0
1276999 : 0.8343323828420581 size: 0.0
1277999 : 0.8277562822210169 size: 0.0
1278999 : 0.8049279070847658 size: 0.0
1279999 : 0.7726074654820945 size: 0.0
1280999 : 0.7969774071093544 size: 0.0
1281999 : 0.8687732845385425 size: 0.0
1282999 : 0.8552790098038939 size: 0.0
1283999 : 0.8164473910308822 size: 0.0
1284999 : 0.850926472875858 size: 0.0
1285999 : 0.8602594553902301 size: 0.0
1286999 : 0.8464309323736297 size: 0.0
1287999 : 0.8383811984086704 size: 0.0
1288999 : 0.8419097664564227 size: 0.0
1289999 : 0.9220070744601077 size: 0.0
1290999 : 0.8394368279196663 size: 0.0
1291999 : 0.825321695815403 size: 0.0
1292999 : 0.8516699538755379 size: 0.0
1293999 : 0.8619986299470802 size: 0.0
1294999 : 0.866455990300817 size: 0.0
1295999 : 0.879591165260464 size: 0.0
1296999 : 0.8322990319609072 size: 0.0
1297999 : 0.9393654553943418 size: 0.0
1298999 : 0.777718961848388 size: 0.0
1299999 : 0.7995040902245054 size: 0.0
1300999 : 0.8551214736957036 size: 0.0
1301999 : 0.8299401179216729 size: 0.0
1302999 : 0.814734529819614 size: 0.0
1303999 : 0.8800206059396685 size: 0.0
1304999 : 0.8322149324446353 size: 0.0
1305999 : 0.8635414003166451 size: 0.0
1306999 : 0.8072877670285797 size: 0.0
1307999 : 0.8837956251261071 size: 0.0
1308999 : 0.9036597932834124 size: 0.0
1309999 : 0.886571253128382 size: 0.0
1310999 : 0.8065388685753977 size: 0.0
1311999 : 0.9371170402082869 size: 0.0
1312999 : 0.8689463850766359 size: 0.0
1313999 : 0.8169707342374577 size: 0.0
1314999 : 0.9135321993822156 size: 0.0
1315999 : 0.899524642426067 size: 0.0
1316999 : 0.8519993866432656 size: 0.0
1317999 : 0.9231591002469122 size: 0.0
1318999 : 0.8682589704211373 size: 0.0
1319999 : 0.9729211623868352 size: 0.0
1320999 : 0.9437842916342853 size: 0.0
1321999 : 0.8567749149010987 size: 0.0
1322999 : 0.8452528512152193 size: 0.0
1323999 : 0.8606322277859751 size: 0.0
1324999 : 0.773666018698155 size: 0.0
1325999 : 0.8405332173189167 size: 0.0
1326999 : 0.824116355406831 size: 0.0
1327999 : 0.8353113940820948 size: 0.0
1328999 : 0.7872693304334506 size: 0.0
1329999 : 0.794829343800078 size: 0.0
1330999 : 0.8279770219533994 size: 0.0
1331999 : 0.8380509057276884 size: 0.0
1332999 : 0.8068768144843431 size: 0.0
1333999 : 0.775869804386311 size: 0.0
1334999 : 0.7845500267493333 size: 0.0
1335999 : 0.803069204585566 size: 0.0
1336999 : 0.8231641734603291 size: 0.0
1337999 : 0.815086750288581 size: 0.0
1338999 : 0.7692435708225434 size: 0.0
1339999 : 0.828599857123499 size: 0.0
1340999 : 0.7625752015093142 size: 0.0
1341999 : 0.8215825350116693 size: 0.0
1342999 : 0.7677357129311037 size: 0.0
1343999 : 0.7834299897355893 size: 0.0
1344999 : 0.8179301394552958 size: 0.0
1345999 : 0.8516821646437491 size: 0.0
1346999 : 0.7719293378897424 size: 0.0
1347999 : 0.7387102869363129 size: 0.0
1348999 : 0.7991829986153445 size: 0.0
1349999 : 0.8034258966034554 size: 0.0
1350999 : 0.8185155683988328 size: 0.0
1351999 : 0.7357604405087139 size: 0.0
1352999 : 0.7578259865970632 size: 0.0
1353999 : 0.7725773685181935 size: 0.0
1354999 : 0.7881422283779048 size: 0.0
1355999 : 0.8615784763310224 size: 0.0
1356999 : 0.8325284568171581 size: 0.0
1357999 : 0.8257987756888965 size: 0.0
1358999 : 0.759736713848149 size: 0.0
1359999 : 0.8084699757706107 size: 0.0
1360999 : 0.8586991427902771 size: 0.0
1361999 : 0.8444995672044403 size: 0.0
1362999 : 0.8353402011761142 size: 0.0
1363999 : 0.7732563560237998 size: 0.0
1364999 : 0.8754349465283879 size: 0.0
1365999 : 0.8803311206158013 size: 0.0
1366999 : 0.8088045680178644 size: 0.0
1367999 : 0.8512746517525297 size: 0.0
1368999 : 0.8045252097077705 size: 0.0
1369999 : 0.9034713002980668 size: 0.0
1370999 : 0.8870000918683084 size: 0.0
1371999 : 0.8318466315978126 size: 0.0
1372999 : 0.7853322898367828 size: 0.0
1373999 : 0.8431452038288957 size: 0.0
1374999 : 0.92329918011604 size: 0.0
1375999 : 0.8614181885004182 size: 0.0
1376999 : 0.8102294442802627 size: 0.0
1377999 : 0.8540186349470459 size: 0.0
1378999 : 0.7911637915709134 size: 0.0
1379999 : 0.7937656311044915 size: 0.0
1380999 : 0.8445629428112832 size: 0.0
1381999 : 0.8555996714564277 size: 0.0
1382999 : 0.80945251265499 size: 0.0
1383999 : 0.8943249189598809 size: 0.0
1384999 : 0.859752966483439 size: 0.0
1385999 : 0.8002209139133015 size: 0.0
1386999 : 0.9228449739351112 size: 0.0
1387999 : 0.8738816852171205 size: 0.0
1388999 : 0.8529260291661145 size: 0.0
1389999 : 0.8210045873134448 size: 0.0
1390999 : 0.7605237064584972 size: 0.0
1391999 : 0.7697007007085367 size: 0.0
1392999 : 0.7862914370806446 size: 0.0
1393999 : 0.7763505818867981 size: 0.0
1394999 : 0.8003042395076446 size: 0.0
1395999 : 0.8116894050034371 size: 0.0
1396999 : 0.8424776531695717 size: 0.0
1397999 : 0.7942244808169935 size: 0.0
1398999 : 0.7658863834863758 size: 0.0
1399999 : 0.7828447327747031 size: 0.0
1400999 : 0.8586028325057941 size: 0.0
1401999 : 0.8246569828698183 size: 0.0
1402999 : 0.8111807663135103 size: 0.0
1403999 : 0.78101526732615 size: 0.0
1404999 : 0.8118967300890522 size: 0.0
1405999 : 0.8131823863955772 size: 0.0
1406999 : 0.8009177016232722 size: 0.0
1407999 : 0.8581793252280444 size: 0.0
1408999 : 0.7708831674245439 size: 0.0
1409999 : 0.808865277893619 size: 0.0
1410999 : 0.8060559412917749 size: 0.0
1411999 : 0.7975004923419536 size: 0.0
1412999 : 0.8018278338116382 size: 0.0
1413999 : 0.8500099773294101 size: 0.0
1414999 : 0.856487961848134 size: 0.0
1415999 : 0.7840866194965834 size: 0.0
1416999 : 0.8110972687365164 size: 0.0
1417999 : 0.842982422249854 size: 0.0
1418999 : 0.8284768035368067 size: 0.0
1419999 : 0.8661195062444039 size: 0.0
1420999 : 0.8513363935241895 size: 0.0
1421999 : 0.8280759979689709 size: 0.0
1422999 : 0.8407066618223119 size: 0.0
1423999 : 0.7910288711813116 size: 0.0
1424999 : 0.8293268277886962 size: 0.0
1425999 : 0.8382265860055448 size: 0.0
1426999 : 0.8638367805195019 size: 0.0
1427999 : 0.8269609484521019 size: 0.0
1428999 : 0.7748084134565112 size: 0.0
1429999 : 0.811192461133769 size: 0.0
1430999 : 0.8230118828229901 size: 0.0
1431999 : 0.8065788545417233 size: 0.0
1432999 : 0.8588857439664633 size: 0.0
1433999 : 0.7886357325945557 size: 0.0
1434999 : 0.855847498456321 size: 0.0
1435999 : 0.8342090712813895 size: 0.0
1436999 : 0.8057578093665042 size: 0.0
1437999 : 0.8254352043649725 size: 0.0
1438999 : 0.8087412784023468 size: 0.0
1439999 : 0.8397766656377712 size: 0.0
1440999 : 0.8711716685961498 size: 0.0
1441999 : 0.849692841321219 size: 0.0
1442999 : 0.8045253816904213 size: 0.0
1443999 : 0.8371843711413162 size: 0.0
1444999 : 0.850672110535232 size: 0.0
1445999 : 0.8510650908924534 size: 0.0
1446999 : 0.8689441493021747 size: 0.0
1447999 : 0.8032818611333579 size: 0.0
1448999 : 0.8573012678040642 size: 0.0
1449999 : 0.9020073839739225 size: 0.0
1450999 : 0.8566436921384903 size: 0.0
1451999 : 0.9031222615081407 size: 0.0
1452999 : 0.8731509309336044 size: 0.0
1453999 : 0.916254512762723 size: 0.0
1454999 : 0.8602499103531072 size: 0.0
1455999 : 0.8593302331276182 size: 0.0
1456999 : 0.8684767004571295 size: 0.0
1457999 : 0.8629672362367395 size: 0.0
1458999 : 0.8722879219915749 size: 0.0
1459999 : 0.8572808018686117 size: 0.0
1460999 : 0.869897793101209 size: 0.0
1461999 : 0.7955246696575162 size: 0.0
1462999 : 0.8740181534505802 size: 0.0
1463999 : 0.8955946668712009 size: 0.0
1464999 : 0.8622898825663163 size: 0.0
1465999 : 0.9898426213965524 size: 0.0
1466999 : 0.8592548187352149 size: 0.0
1467999 : 0.824506240076337 size: 0.0
1468999 : 0.890732029400706 size: 0.0
1469999 : 0.8604261925702416 size: 0.0
1470999 : 0.8893493748790944 size: 0.0
1471999 : 0.8588850560358599 size: 0.0
1472999 : 0.9117452136484256 size: 0.0
1473999 : 0.8231750083673335 size: 0.0
1474999 : 0.9085695540002439 size: 0.0
1475999 : 0.9148066768164345 size: 0.0
1476999 : 0.8773217681910038 size: 0.0
1477999 : 0.9160167467479052 size: 0.0
1478999 : 0.8467891722353769 size: 0.0
1479999 : 0.8217288062562281 size: 0.0
1480999 : 0.797871114954563 size: 0.0
1481999 : 0.8470885080392035 size: 0.0
1482999 : 0.7797531726427933 size: 0.0
1483999 : 0.805766322507722 size: 0.0
1484999 : 0.8126273123899174 size: 0.0
1485999 : 0.8309474203077764 size: 0.0
1486999 : 0.8253648634607696 size: 0.0
1487999 : 0.8162165043220988 size: 0.0
1488999 : 0.8576374078951756 size: 0.0
1489999 : 0.79326103400686 size: 0.0
1490999 : 0.8620707766691171 size: 0.0
1491999 : 0.8410486493235526 size: 0.0
1492999 : 0.7760023170188008 size: 0.0
1493999 : 0.7854929216326887 size: 0.0
1494999 : 0.8166812014447301 size: 0.0
1495999 : 0.8132851460294677 size: 0.0
1496999 : 0.7875161255374388 size: 0.0
1497999 : 0.8614310012079075 size: 0.0
1498999 : 0.865755332981202 size: 0.0
1499999 : 0.8217757575199136 size: 0.0
1500999 : 0.7614061494400742 size: 0.0
1501999 : 0.7710113804907621 size: 0.0
1502999 : 0.8151742034665448 size: 0.0
1503999 : 0.7586622522368835 size: 0.0
1504999 : 0.8367379901710017 size: 0.0
1505999 : 0.8446339716460896 size: 0.0
1506999 : 0.899740308670249 size: 0.0
1507999 : 0.8877370375272555 size: 0.0
1508999 : 0.8373180876523619 size: 0.0
1509999 : 0.8324230314521793 size: 0.0
1510999 : 0.7745633381790317 size: 0.0
1511999 : 0.784892014250574 size: 0.0
1512999 : 0.7538812205342229 size: 0.0
1513999 : 0.7409763303440813 size: 0.0
1514999 : 0.7736002353342 size: 0.0
1515999 : 0.8532375757381524 size: 0.0
1516999 : 0.8235055590222918 size: 0.0
1517999 : 0.8828456789540664 size: 0.0
1518999 : 0.8481385481140464 size: 0.0
1519999 : 0.8594010899797737 size: 0.0
1520999 : 0.8730462794905545 size: 0.0
1521999 : 0.8239006891626491 size: 0.0
1522999 : 0.8476411742877512 size: 0.0
1523999 : 0.8649553556807136 size: 0.0
1524999 : 0.8663105789695125 size: 0.0
1525999 : 0.8599946880992267 size: 0.0
1526999 : 0.8749858998269852 size: 0.0
1527999 : 0.8649913860460694 size: 0.0
1528999 : 0.8633158450700384 size: 0.0
1529999 : 0.8409880254391234 size: 0.0
1530999 : 0.8385118192320007 size: 0.0
1531999 : 0.7812442622257738 size: 0.0
1532999 : 0.8255451012788738 size: 0.0
1533999 : 0.7991073262489649 size: 0.0
1534999 : 0.8890218339205261 size: 0.0
1535999 : 0.8251743926749391 size: 0.0
1536999 : 0.8187478309688231 size: 0.0
1537999 : 0.773483631096915 size: 0.0
1538999 : 0.8419255028689766 size: 0.0
1539999 : 0.8357649983237454 size: 0.0
1540999 : 0.8141857331807107 size: 0.0
1541999 : 0.7570996178711441 size: 0.0
1542999 : 0.8206479812868808 size: 0.0
1543999 : 0.8097026614206699 size: 0.0
1544999 : 0.8021939848753251 size: 0.0
1545999 : 0.7416186855450538 size: 0.0
1546999 : 0.88342345466964 size: 0.0
1547999 : 0.8598000897297755 size: 0.0
1548999 : 0.8653507437950472 size: 0.0
1549999 : 0.9101408734898518 size: 0.0
1550999 : 0.8935407640632719 size: 0.0
1551999 : 0.8085676619163008 size: 0.0
1552999 : 0.8076257989288507 size: 0.0
1553999 : 0.8820223980043861 size: 0.0
1554999 : 0.8434368004134335 size: 0.0
1555999 : 0.8483194738627541 size: 0.0
1556999 : 0.7883190265429918 size: 0.0
1557999 : 0.8215580274839214 size: 0.0
1558999 : 0.9083967114361268 size: 0.0
