start!
start to right
2399927
0 : 7.726601265697886 size: 0.0
1000 : 5.233321308928112 size: 0.0
2000 : 4.837123844239554 size: 0.0
3000 : 4.603189258917642 size: 0.0
4000 : 4.56740310892611 size: 0.0
5000 : 4.881835893810867 size: 0.0
6000 : 4.587735929807016 size: 0.0
7000 : 4.4681003263179235 size: 0.0
8000 : 4.466738567688392 size: 0.0
9000 : 4.4073973298693865 size: 0.0
10000 : 4.386133394916709 size: 0.0
11000 : 4.473067529240144 size: 0.0
12000 : 4.409633792261206 size: 0.0
13000 : 4.4113876713347056 size: 0.0
14000 : 4.293243501393896 size: 0.0
15000 : 4.213352056623293 size: 0.0
16000 : 4.237014461624904 size: 0.0
17000 : 4.2960922220227875 size: 0.0
18000 : 4.451500560856645 size: 0.0
19000 : 4.209679883062071 size: 0.0
20000 : 4.4099595274019405 size: 0.0
21000 : 4.472250267683243 size: 0.0
22000 : 4.1443412662421775 size: 0.0
23000 : 4.1889982813652145 size: 0.0
24000 : 4.320712570389704 size: 0.0
25000 : 4.26644447680585 size: 0.0
26000 : 4.229590314552458 size: 0.0
27000 : 4.3939259288273025 size: 0.0
28000 : 4.266427966471366 size: 0.0
29000 : 4.195709388367183 size: 0.0
30000 : 4.196400070693048 size: 0.0
31000 : 4.320231018967288 size: 0.0
32000 : 4.262771271348721 size: 0.0
33000 : 4.28958267868763 size: 0.0
34000 : 4.149051183118707 size: 0.0
35000 : 4.239439760967371 size: 0.0
36000 : 4.3752348543315325 size: 0.0
37000 : 4.290158476602719 size: 0.0
38000 : 4.483542304573594 size: 0.0
39000 : 4.18319902637812 size: 0.0
40000 : 4.2038390082734685 size: 0.0
41000 : 4.241130350425353 size: 0.0
42000 : 4.298639285082065 size: 0.0
43000 : 4.225364356855457 size: 0.0
44000 : 4.162195129193548 size: 0.0
45000 : 4.116382390656713 size: 0.0
46000 : 4.220367228951988 size: 0.0
47000 : 4.341867812307036 size: 0.0
48000 : 4.185436864631147 size: 0.0
49000 : 4.233731656785235 size: 0.0
50000 : 4.241804178451433 size: 0.0
51000 : 4.257915169218959 size: 0.0
52000 : 4.295553228394983 size: 0.0
53000 : 4.147000461989818 size: 0.0
54000 : 4.1783360449423235 size: 0.0
55000 : 4.218825576469653 size: 0.0
56000 : 4.466689036684944 size: 0.0
57000 : 4.160065983975866 size: 0.0
58000 : 4.263392128718336 size: 0.0
59000 : 4.209087230847198 size: 0.0
60000 : 4.44437944721502 size: 0.0
61000 : 4.360114139667675 size: 0.0
62000 : 4.2328115496031185 size: 0.0
63000 : 4.414002151593122 size: 0.0
64000 : 4.314114627972002 size: 0.0
65000 : 4.2960426910193386 size: 0.0
66000 : 4.368059738137537 size: 0.0
67000 : 4.340404239948193 size: 0.0
68000 : 4.15696720057262 size: 0.0
69000 : 4.144828665074723 size: 0.0
70000 : 4.236758895405722 size: 0.0
71000 : 4.160558198322636 size: 0.0
72000 : 4.185468165473605 size: 0.0
73000 : 4.36897537377073 size: 0.0
74000 : 4.323344936843809 size: 0.0
75000 : 4.142532696685705 size: 0.0
76000 : 4.0953547598663205 size: 0.0
77000 : 4.049386892978407 size: 0.0
78000 : 4.061527492268115 size: 0.0
79000 : 4.080568723441042 size: 0.0
80000 : 4.302153234604495 size: 0.0
81000 : 4.147752714104692 size: 0.0
82000 : 4.371977502924191 size: 0.0
83000 : 4.112146801931264 size: 0.0
84000 : 4.251656720554061 size: 0.0
85000 : 4.097933467733357 size: 0.0
86000 : 4.130513861112808 size: 0.0
87000 : 4.218085019175038 size: 0.0
88000 : 4.154961194932956 size: 0.0
89000 : 3.9749462663442507 size: 0.0
90000 : 4.127654477559563 size: 0.0
91000 : 4.149440207874958 size: 0.0
92000 : 4.2032638982889825 size: 0.0
93000 : 4.1810561225483704 size: 0.0
94000 : 4.260863639785351 size: 0.0
95000 : 4.150394023656643 size: 0.0
96000 : 4.114831451111232 size: 0.0
97000 : 4.222674548195963 size: 0.0
98000 : 4.2008478860096625 size: 0.0
99000 : 4.170667682505653 size: 0.0
100000 : 4.074312338567954 size: 0.0
101000 : 4.34288319787773 size: 0.0
102000 : 4.150629639888326 size: 0.0
103000 : 4.12654759721861 size: 0.0
104000 : 4.2811004943470765 size: 0.0
105000 : 4.137033723407017 size: 0.0
106000 : 4.135343477914337 size: 0.0
107000 : 4.130313329341901 size: 0.0
108000 : 4.172627940760187 size: 0.0
109000 : 4.054826360259896 size: 0.0
110000 : 3.9334919121455814 size: 0.0
111000 : 4.123160914857819 size: 0.0
112000 : 4.180623070233498 size: 0.0
113000 : 4.28362072811282 size: 0.0
114000 : 4.127724646481115 size: 0.0
115000 : 4.213581137514243 size: 0.0
116000 : 4.300566866632936 size: 0.0
117000 : 4.128365797803531 size: 0.0
118000 : 4.170101171653711 size: 0.0
119000 : 4.184318633435238 size: 0.0
120000 : 4.163294098332561 size: 0.0
121000 : 4.285758816428347 size: 0.0
122000 : 4.323150252483033 size: 0.0
123000 : 4.059574457284916 size: 0.0
124000 : 4.315026479986877 size: 0.0
125000 : 4.110670158890955 size: 0.0
126000 : 4.070763992515353 size: 0.0
127000 : 4.151357814432078 size: 0.0
128000 : 4.122553472134972 size: 0.0
129000 : 4.117115724679992 size: 0.0
130000 : 4.287174577610249 size: 0.0
131000 : 4.298423618837884 size: 0.0
132000 : 4.2464160652169705 size: 0.0
133000 : 4.193082181392603 size: 0.0
134000 : 4.310562842266384 size: 0.0
135000 : 4.125786058040589 size: 0.0
136000 : 4.269311083630431 size: 0.0
137000 : 4.223573329529372 size: 0.0
138000 : 4.300547604576039 size: 0.0
139000 : 4.231318740193629 size: 0.0
140000 : 4.356268951559684 size: 0.0
141000 : 4.326672801138005 size: 0.0
142000 : 4.12786911190784 size: 0.0
143000 : 4.020954377172466 size: 0.0
144000 : 4.394382026817391 size: 0.0
145000 : 4.284881016978343 size: 0.0
146000 : 4.129880277027029 size: 0.0
147000 : 4.351175513371731 size: 0.0
148000 : 4.29165575756113 size: 0.0
149000 : 4.250392992035522 size: 0.0
150000 : 4.221501626517078 size: 0.0
151000 : 4.09896054812431 size: 0.0
152000 : 4.0224203572884205 size: 0.0
153000 : 4.121547029662123 size: 0.0
154000 : 4.134808611870154 size: 0.0
155000 : 4.2138518382067005 size: 0.0
156000 : 4.040922594833543 size: 0.0
157000 : 4.246696396937876 size: 0.0
158000 : 4.119481174059959 size: 0.0
159000 : 4.179650680325519 size: 0.0
160000 : 4.125473393581321 size: 0.0
161000 : 4.084233673730928 size: 0.0
162000 : 4.171304706244449 size: 0.0
163000 : 4.045689265984857 size: 0.0
164000 : 4.243116062112215 size: 0.0
165000 : 4.236633348070592 size: 0.0
166000 : 3.9830985879604497 size: 0.0
167000 : 4.4135350467133785 size: 0.0
168000 : 4.157670609614649 size: 0.0
169000 : 4.05315881647713 size: 0.0
170000 : 4.232575589406135 size: 0.0
171000 : 4.100231155948885 size: 0.0
172000 : 4.1481551535077115 size: 0.0
173000 : 4.15188820892734 size: 0.0
174000 : 4.246337641128177 size: 0.0
175000 : 4.321676361165139 size: 0.0
176000 : 4.122817293521395 size: 0.0
177000 : 4.1963047923044705 size: 0.0
178000 : 4.293699255418682 size: 0.0
179000 : 4.278581980407841 size: 0.0
180000 : 4.3100792270521575 size: 0.0
181000 : 4.194435684854893 size: 0.0
182000 : 4.224816420129808 size: 0.0
183000 : 4.255543528463561 size: 0.0
184000 : 4.32607980495783 size: 0.0
185000 : 4.176616906364299 size: 0.0
186000 : 4.097115518245854 size: 0.0
187000 : 4.162191001609927 size: 0.0
188000 : 4.185129015686103 size: 0.0
189000 : 4.0676146462127525 size: 0.0
190000 : 4.218881642813835 size: 0.0
191000 : 4.152450248230359 size: 0.0
192000 : 4.043604492291098 size: 0.0
193000 : 4.0840871445123925 size: 0.0
194000 : 4.143132572171914 size: 0.0
195000 : 3.978220472051377 size: 0.0
196000 : 4.051281797825614 size: 0.0
197000 : 4.216902810433007 size: 0.0
198000 : 4.164596350964894 size: 0.0
199000 : 4.048499806465257 size: 0.0
200000 : 4.0350108631927855 size: 0.0
201000 : 4.04736231321245 size: 0.0
202000 : 4.249948932830994 size: 0.0
203000 : 4.246461468636798 size: 0.0
204000 : 4.148515973109221 size: 0.0
205000 : 4.178477070716031 size: 0.0
206000 : 4.145593987871062 size: 0.0
207000 : 4.233950418717132 size: 0.0
208000 : 4.268528906534307 size: 0.0
209000 : 4.2255920618852 size: 0.0
210000 : 4.226240780444254 size: 0.0
211000 : 4.155997562387055 size: 0.0
212000 : 4.2204377418388415 size: 0.0
213000 : 4.142580851827946 size: 0.0
214000 : 4.020700186814491 size: 0.0
215000 : 4.234693383768859 size: 0.0
216000 : 4.234158517724676 size: 0.0
217000 : 4.07152277997096 size: 0.0
218000 : 4.1977043871171915 size: 0.0
219000 : 4.139484820147113 size: 0.0
220000 : 4.121685647678718 size: 0.0
221000 : 4.149337362249742 size: 0.0
222000 : 4.069205485733234 size: 0.0
223000 : 4.108826848839008 size: 0.0
224000 : 4.21383979942114 size: 0.0
225000 : 4.194886967330757 size: 0.0
226000 : 4.181624697192123 size: 0.0
227000 : 4.210022472502589 size: 0.0
228000 : 4.066371899577618 size: 0.0
229000 : 4.262111545900011 size: 0.0
230000 : 4.0178865506463755 size: 0.0
231000 : 4.291727646309191 size: 0.0
232000 : 4.090194936375134 size: 0.0
233000 : 4.043537763022563 size: 0.0
234000 : 4.239851143468235 size: 0.0
235000 : 4.0954754916872265 size: 0.0
236000 : 4.040024501430738 size: 0.0
237000 : 4.226637028471842 size: 0.0
238000 : 4.109950927445047 size: 0.0
239000 : 4.246182512777098 size: 0.0
240000 : 4.1595063524299585 size: 0.0
241000 : 4.262004228725873 size: 0.0
242000 : 4.1872309876449485 size: 0.0
243000 : 4.113433920090321 size: 0.0
244000 : 4.1852593785354575 size: 0.0
245000 : 4.117713880339693 size: 0.0
246000 : 4.237828283528787 size: 0.0
247000 : 4.217998339919003 size: 0.0
248000 : 4.204183661505797 size: 0.0
249000 : 4.171591229340787 size: 0.0
250000 : 4.1058869774051585 size: 0.0
251000 : 4.205298797013992 size: 0.0
252000 : 4.148940770256853 size: 0.0
253000 : 4.099889598404271 size: 0.0
254000 : 4.223313979691871 size: 0.0
255000 : 4.165007733465758 size: 0.0
256000 : 4.156048813217012 size: 0.0
257000 : 4.165905482903262 size: 0.0
258000 : 4.157710509589649 size: 0.0
259000 : 4.170101171653711 size: 0.0
260000 : 4.14425596284735 size: 0.0
261000 : 4.182793835252688 size: 0.0
262000 : 4.207775003221115 size: 0.0
263000 : 4.2607497872704805 size: 0.0
264000 : 4.1544383676743335 size: 0.0
265000 : 4.13782553153159 size: 0.0
266000 : 4.1243094150002815 size: 0.0
267000 : 4.27477256469123 size: 0.0
268000 : 4.121335834966863 size: 0.0
269000 : 3.980542237838025 size: 0.0
270000 : 4.218121823462322 size: 0.0
271000 : 4.1383621174022815 size: 0.0
272000 : 4.110541171902808 size: 0.0
273000 : 4.334343571331788 size: 0.0
274000 : 4.100327122268066 size: 0.0
275000 : 4.06125747950626 size: 0.0
276000 : 4.033693476087176 size: 0.0
277000 : 4.09755923348508 size: 0.0
278000 : 4.175373815763863 size: 0.0
279000 : 4.157258539183181 size: 0.0
280000 : 4.1847496219583 size: 0.0
281000 : 4.1466812621898175 size: 0.0
282000 : 4.214608217905195 size: 0.0
283000 : 4.106369904688782 size: 0.0
284000 : 4.130882247950956 size: 0.0
285000 : 4.088522577078145 size: 0.0
286000 : 4.170652204067076 size: 0.0
287000 : 4.221864853875701 size: 0.0
288000 : 4.015323321217916 size: 0.0
289000 : 4.262562140445272 size: 0.0
290000 : 4.166712081535809 size: 0.0
291000 : 4.077231916049001 size: 0.0
292000 : 4.0793985534845705 size: 0.0
293000 : 4.2782748193934 size: 0.0
294000 : 4.0875673854352526 size: 0.0
295000 : 4.013608654188814 size: 0.0
296000 : 4.107793233107322 size: 0.0
297000 : 4.000649417480999 size: 0.0
298000 : 4.149484579398881 size: 0.0
299000 : 4.119639742064054 size: 0.0
300000 : 4.091703224223202 size: 0.0
301000 : 4.193276177822776 size: 0.0
302000 : 4.169386067791423 size: 0.0
303000 : 4.288847968803144 size: 0.0
304000 : 4.178628071483489 size: 0.0
305000 : 4.014238454656273 size: 0.0
306000 : 4.1695608021647 size: 0.0
307000 : 4.239179379233965 size: 0.0
308000 : 4.03647890710055 size: 0.0
309000 : 4.068485222391421 size: 0.0
310000 : 4.071851266834107 size: 0.0
311000 : 4.034916616700112 size: 0.0
312000 : 4.097491128355339 size: 0.0
313000 : 4.131606982841692 size: 0.0
314000 : 4.220282269522461 size: 0.0
315000 : 4.047907498215685 size: 0.0
316000 : 4.007393545151934 size: 0.0
317000 : 4.125105006743173 size: 0.0
318000 : 4.209786168340304 size: 0.0
319000 : 4.126707197118611 size: 0.0
320000 : 4.222447531096824 size: 0.0
321000 : 4.258167639750426 size: 0.0
322000 : 4.1123892974689795 size: 0.0
323000 : 4.000308203901688 size: 0.0
324000 : 3.9519208850814365 size: 0.0
325000 : 4.17180139214014 size: 0.0
326000 : 4.056835805552577 size: 0.0
327000 : 4.229175492398577 size: 0.0
328000 : 4.2806894558115145 size: 0.0
329000 : 4.156632866299343 size: 0.0
330000 : 4.311773256163156 size: 0.0
331000 : 4.30959939545625 size: 0.0
332000 : 4.188545623028143 size: 0.0
333000 : 4.229168269127241 size: 0.0
334000 : 4.305429848068733 size: 0.0
335000 : 4.180079261091469 size: 0.0
336000 : 4.08248392224105 size: 0.0
337000 : 4.237912898993011 size: 0.0
338000 : 4.264069396397434 size: 0.0
339000 : 4.211267626894836 size: 0.0
340000 : 4.127870487769046 size: 0.0
341000 : 4.106116746226712 size: 0.0
342000 : 4.214242926754763 size: 0.0
343000 : 4.227206635011499 size: 0.0
344000 : 4.145600523211796 size: 0.0
345000 : 4.249629045100389 size: 0.0
346000 : 4.086549248142145 size: 0.0
347000 : 4.11815793954422 size: 0.0
348000 : 4.181295522398371 size: 0.0
349000 : 4.067025089685595 size: 0.0
350000 : 4.0692773744812945 size: 0.0
351000 : 4.061758980916176 size: 0.0
352000 : 4.168976061151766 size: 0.0
353000 : 4.282425792654625 size: 0.0
354000 : 4.052268634276264 size: 0.0
355000 : 4.152733331673679 size: 0.0
356000 : 4.030004792191471 size: 0.0
357000 : 4.054415321724334 size: 0.0
358000 : 4.111004149198931 size: 0.0
359000 : 4.003996887797393 size: 0.0
360000 : 4.021023170232811 size: 0.0
361000 : 4.120293620102634 size: 0.0
362000 : 4.053142994073251 size: 0.0
363000 : 4.132378840978764 size: 0.0
364000 : 4.061744878338805 size: 0.0
365000 : 3.978686889000517 size: 0.0
366000 : 4.071561992015356 size: 0.0
367000 : 4.114034483507133 size: 0.0
368000 : 4.101841257526262 size: 0.0
369000 : 4.0959577310402455 size: 0.0
370000 : 4.0159056544737375 size: 0.0
371000 : 4.0566682944506365 size: 0.0
372000 : 4.007501206291374 size: 0.0
373000 : 4.120775859455654 size: 0.0
374000 : 3.9287503504612937 size: 0.0
375000 : 4.111056431924793 size: 0.0
376000 : 4.100987191682077 size: 0.0
377000 : 4.228712171137152 size: 0.0
378000 : 4.122703784971826 size: 0.0
379000 : 4.247975259929692 size: 0.0
380000 : 4.008110712806031 size: 0.0
381000 : 4.15982348843815 size: 0.0
382000 : 4.161124365209275 size: 0.0
383000 : 4.066807359649603 size: 0.0
384000 : 4.2417429526277255 size: 0.0
385000 : 4.122561727302213 size: 0.0
386000 : 4.051655344143287 size: 0.0
387000 : 4.046474882733998 size: 0.0
388000 : 4.255916386850632 size: 0.0
389000 : 4.059182680806251 size: 0.0
390000 : 4.142788606870188 size: 0.0
391000 : 4.13613734983072 size: 0.0
392000 : 4.11977629628884 size: 0.0
393000 : 4.213945052803468 size: 0.0
394000 : 4.2189452763946536 size: 0.0
395000 : 4.281907780910227 size: 0.0
396000 : 4.256942435345679 size: 0.0
397000 : 4.09679975809887 size: 0.0
398000 : 4.163717519618985 size: 0.0
399000 : 4.233382188038681 size: 0.0
400000 : 4.157124048750207 size: 0.0
401000 : 4.162356104954755 size: 0.0
402000 : 4.205317371140285 size: 0.0
403000 : 4.096206761918695 size: 0.0
404000 : 4.3128883916713505 size: 0.0
405000 : 4.343536387985707 size: 0.0
406000 : 4.092643625358119 size: 0.0
407000 : 4.340973502522549 size: 0.0
408000 : 4.318360879621806 size: 0.0
409000 : 4.184647464263687 size: 0.0
410000 : 4.386844715160677 size: 0.0
411000 : 4.277892329977881 size: 0.0
412000 : 4.238954769891938 size: 0.0
413000 : 4.2590313366230586 size: 0.0
414000 : 4.069827374998754 size: 0.0
415000 : 4.271990573330873 size: 0.0
416000 : 4.238527908952497 size: 0.0
417000 : 4.210148707768322 size: 0.0
418000 : 4.153568135460968 size: 0.0
419000 : 4.074559993585196 size: 0.0
420000 : 4.2599239265810365 size: 0.0
421000 : 4.306548079264642 size: 0.0
422000 : 4.08645259389236 size: 0.0
423000 : 4.2726138384576 size: 0.0
424000 : 4.12400019019403 size: 0.0
425000 : 4.032089565885229 size: 0.0
426000 : 4.247439361989604 size: 0.0
427000 : 4.045472911810071 size: 0.0
428000 : 4.097960297026892 size: 0.0
429000 : 4.243344799037862 size: 0.0
430000 : 4.272382349809539 size: 0.0
431000 : 4.074737823646188 size: 0.0
432000 : 4.208558900143747 size: 0.0
433000 : 4.220103751530866 size: 0.0
434000 : 4.285678672513044 size: 0.0
435000 : 4.127918642911288 size: 0.0
436000 : 4.195298349831621 size: 0.0
437000 : 4.098743849984223 size: 0.0
438000 : 3.9763795697565416 size: 0.0
439000 : 4.241093202172766 size: 0.0
440000 : 4.471593637922249 size: 0.0
441000 : 4.127910387744047 size: 0.0
442000 : 4.100609517780783 size: 0.0
443000 : 4.314564190621358 size: 0.0
444000 : 4.082446430023161 size: 0.0
445000 : 4.234695791525971 size: 0.0
446000 : 4.178274475153315 size: 0.0
447000 : 4.159231180188578 size: 0.0
448000 : 4.079090360574225 size: 0.0
449000 : 4.32783987540676 size: 0.0
450000 : 3.924642716828086 size: 0.0
451000 : 4.0825482437524725 size: 0.0
452000 : 3.998172523343273 size: 0.0
453000 : 4.103316868670665 size: 0.0
454000 : 3.9687497314336637 size: 0.0
455000 : 4.130467081831773 size: 0.0
456000 : 4.185789085100114 size: 0.0
457000 : 4.1094160614008635 size: 0.0
458000 : 4.032119834831781 size: 0.0
459000 : 4.083575324143425 size: 0.0
460000 : 4.124154974579806 size: 0.0
461000 : 4.066333719429126 size: 0.0
462000 : 4.080276008969273 size: 0.0
463000 : 4.052213255862687 size: 0.0
464000 : 4.0750945156640785 size: 0.0
465000 : 4.062198912537083 size: 0.0
466000 : 4.283667163428553 size: 0.0
467000 : 4.226262794223564 size: 0.0
468000 : 3.9796131875580643 size: 0.0
469000 : 4.121139774744879 size: 0.0
470000 : 4.156253816536841 size: 0.0
471000 : 4.283376856713897 size: 0.0
472000 : 4.08485005955162 size: 0.0
473000 : 4.097352854304044 size: 0.0
474000 : 4.098379934694997 size: 0.0
475000 : 4.17520768052313 size: 0.0
476000 : 4.012185669735575 size: 0.0
477000 : 4.2670539833205074 size: 0.0
478000 : 4.016320476627619 size: 0.0
479000 : 4.1482604068900395 size: 0.0
480000 : 4.1065790355922305 size: 0.0
481000 : 4.041435103133114 size: 0.0
482000 : 4.229304479386724 size: 0.0
483000 : 4.140011087058754 size: 0.0
484000 : 4.245115188445844 size: 0.0
485000 : 4.3118781655801826 size: 0.0
486000 : 4.1400024879262105 size: 0.0
487000 : 4.15776863972564 size: 0.0
488000 : 4.265316614581491 size: 0.0
489000 : 4.1671582045321465 size: 0.0
490000 : 4.226917360192749 size: 0.0
491000 : 4.355883022491148 size: 0.0
492000 : 4.227348692681113 size: 0.0
493000 : 4.231775182149019 size: 0.0
494000 : 4.0926229874400155 size: 0.0
495000 : 4.087673326748184 size: 0.0
496000 : 4.023108631857173 size: 0.0
497000 : 4.008428536744826 size: 0.0
498000 : 4.086127546682229 size: 0.0
499000 : 4.250699809084661 size: 0.0
500000 : 4.0464456456833515 size: 0.0
501000 : 4.2049730618732575 size: 0.0
502000 : 4.040914339666302 size: 0.0
503000 : 4.02696689064663 size: 0.0
504000 : 4.105786883502357 size: 0.0
505000 : 4.093226990509846 size: 0.0
506000 : 4.103719996004288 size: 0.0
507000 : 3.9353015135979597 size: 0.0
508000 : 4.120254064092936 size: 0.0
509000 : 3.9915800843704 size: 0.0
510000 : 4.227473896050941 size: 0.0
511000 : 4.237530065612191 size: 0.0
512000 : 4.132279778971867 size: 0.0
513000 : 4.234530344215841 size: 0.0
514000 : 4.271458115043802 size: 0.0
515000 : 4.236734817834601 size: 0.0
516000 : 4.212489047681264 size: 0.0
517000 : 4.15882908475086 size: 0.0
518000 : 4.139919936253796 size: 0.0
519000 : 4.154029392930582 size: 0.0
520000 : 4.199921243486814 size: 0.0
521000 : 4.125462386691665 size: 0.0
522000 : 4.315433046973517 size: 0.0
523000 : 4.211282417402811 size: 0.0
524000 : 4.167281688075466 size: 0.0
525000 : 4.165120898050025 size: 0.0
526000 : 4.0898695451997025 size: 0.0
527000 : 4.1674306250511135 size: 0.0
528000 : 4.139150829839138 size: 0.0
529000 : 4.129556261712803 size: 0.0
530000 : 4.046695364492404 size: 0.0
531000 : 4.134805172217137 size: 0.0
532000 : 4.038575031649266 size: 0.0
533000 : 4.101085565758371 size: 0.0
534000 : 4.033036846326182 size: 0.0
535000 : 4.141580256765226 size: 0.0
536000 : 4.113068628939888 size: 0.0
537000 : 4.15252213697842 size: 0.0
538000 : 4.057511697370468 size: 0.0
539000 : 4.162111201659926 size: 0.0
540000 : 4.066361580618566 size: 0.0
541000 : 4.100687253938973 size: 0.0
542000 : 4.086425076668221 size: 0.0
543000 : 4.063077743882992 size: 0.0
544000 : 3.9085313820952585 size: 0.0
545000 : 4.087201750319518 size: 0.0
546000 : 4.083211752819501 size: 0.0
547000 : 4.099118084232501 size: 0.0
548000 : 4.151766101245227 size: 0.0
549000 : 4.125315169542527 size: 0.0
550000 : 4.062913328468767 size: 0.0
551000 : 4.00626258723986 size: 0.0
552000 : 4.226176114967529 size: 0.0
553000 : 4.183240302214328 size: 0.0
554000 : 4.062944973276526 size: 0.0
555000 : 3.974720281141017 size: 0.0
556000 : 4.001053920675829 size: 0.0
557000 : 3.998723899721939 size: 0.0
558000 : 3.9993860329277613 size: 0.0
559000 : 4.0355735904264085 size: 0.0
560000 : 4.166640192787748 size: 0.0
561000 : 4.131483499298373 size: 0.0
562000 : 4.0875766724983995 size: 0.0
563000 : 4.0667901613845165 size: 0.0
564000 : 4.12277429785868 size: 0.0
565000 : 4.125210260125501 size: 0.0
566000 : 4.041838230466737 size: 0.0
567000 : 4.366035158371579 size: 0.0
568000 : 4.247891676361373 size: 0.0
569000 : 4.154560819321747 size: 0.0
570000 : 4.187525765908528 size: 0.0
571000 : 4.083451152669502 size: 0.0
572000 : 4.1224151980836785 size: 0.0
573000 : 4.188536679930299 size: 0.0
574000 : 4.2294031974283195 size: 0.0
575000 : 4.265295976663388 size: 0.0
576000 : 4.2569204215663685 size: 0.0
577000 : 4.073612025213641 size: 0.0
578000 : 4.115141019882785 size: 0.0
579000 : 4.094133339079892 size: 0.0
580000 : 4.1061153703655044 size: 0.0
581000 : 4.263691722496139 size: 0.0
582000 : 4.223414417559975 size: 0.0
583000 : 4.228787843503532 size: 0.0
584000 : 4.119041930369655 size: 0.0
585000 : 4.1507383329236704 size: 0.0
586000 : 4.170045793240133 size: 0.0
587000 : 3.9991459451471565 size: 0.0
588000 : 4.266730655936885 size: 0.0
589000 : 4.211143111455612 size: 0.0
590000 : 4.409222065795041 size: 0.0
591000 : 4.147507810809864 size: 0.0
592000 : 4.193602256928812 size: 0.0
593000 : 4.087225139960036 size: 0.0
594000 : 4.189663510258752 size: 0.0
595000 : 4.146951274951672 size: 0.0
596000 : 4.182757374930705 size: 0.0
597000 : 4.199749948766554 size: 0.0
598000 : 4.192182712128591 size: 0.0
599000 : 4.307401801143525 size: 0.0
600000 : 4.130812766960007 size: 0.0
601000 : 4.415456092923516 size: 0.0
602000 : 4.116632109465765 size: 0.0
603000 : 4.070437569444015 size: 0.0
604000 : 4.143868313952305 size: 0.0
605000 : 4.139654395040864 size: 0.0
606000 : 4.1277339335442615 size: 0.0
607000 : 4.02035518961686 size: 0.0
608000 : 4.127700568909994 size: 0.0
609000 : 3.9436007083979954 size: 0.0
610000 : 4.021813258530875 size: 0.0
611000 : 3.9892799883977608 size: 0.0
612000 : 3.990985712329018 size: 0.0
613000 : 3.970799420666647 size: 0.0
614000 : 4.156890152345033 size: 0.0
615000 : 4.124524049348558 size: 0.0
616000 : 3.944740953373216 size: 0.0
617000 : 3.978398990042973 size: 0.0
618000 : 4.168337317586462 size: 0.0
619000 : 4.209738701128666 size: 0.0
620000 : 4.266004201219641 size: 0.0
621000 : 4.260338404769616 size: 0.0
622000 : 4.105277470890501 size: 0.0
623000 : 4.118489522095084 size: 0.0
624000 : 4.164721210369421 size: 0.0
625000 : 4.248603340570643 size: 0.0
626000 : 4.1677302188289165 size: 0.0
627000 : 4.112109653678677 size: 0.0
628000 : 4.046563969747145 size: 0.0
629000 : 4.163763610969417 size: 0.0
630000 : 4.245149241010715 size: 0.0
631000 : 4.234552701960453 size: 0.0
632000 : 4.051224011654924 size: 0.0
633000 : 3.96711245659745 size: 0.0
634000 : 4.098060734894996 size: 0.0
635000 : 4.090935149704448 size: 0.0
636000 : 4.371470154104146 size: 0.0
637000 : 4.076200020143824 size: 0.0
638000 : 4.06967912595371 size: 0.0
639000 : 4.232904076269283 size: 0.0
640000 : 4.107974502821332 size: 0.0
641000 : 4.221407036059104 size: 0.0
642000 : 4.300427216720435 size: 0.0
643000 : 3.96334122102933 size: 0.0
644000 : 4.088830082057887 size: 0.0
645000 : 4.136824248538266 size: 0.0
646000 : 4.238320497875556 size: 0.0
647000 : 4.125878584706753 size: 0.0
648000 : 4.135421902003131 size: 0.0
649000 : 4.23776121029495 size: 0.0
650000 : 3.985857533645591 size: 0.0
651000 : 4.089534866961123 size: 0.0
652000 : 4.120525452715998 size: 0.0
653000 : 4.174768092867524 size: 0.0
654000 : 4.073101924671182 size: 0.0
655000 : 4.099226089337242 size: 0.0
656000 : 4.088093652346893 size: 0.0
657000 : 4.251215757037249 size: 0.0
658000 : 4.197463955371285 size: 0.0
659000 : 4.1146209443465755 size: 0.0
660000 : 4.114019349033858 size: 0.0
661000 : 4.111971379627383 size: 0.0
662000 : 4.224526113415152 size: 0.0
663000 : 4.130578870554834 size: 0.0
664000 : 4.125673925352227 size: 0.0
665000 : 4.16426476841403 size: 0.0
666000 : 4.124424987341661 size: 0.0
667000 : 4.12660744718111 size: 0.0
668000 : 4.029254947833708 size: 0.0
669000 : 4.082775260851611 size: 0.0
670000 : 4.195951539939598 size: 0.0
671000 : 4.026427897018825 size: 0.0
672000 : 4.192906071158119 size: 0.0
673000 : 3.987864227215858 size: 0.0
674000 : 4.1517523426331575 size: 0.0
675000 : 4.126170611247918 size: 0.0
676000 : 3.9908708279182417 size: 0.0
677000 : 4.045966158052746 size: 0.0
678000 : 4.188096748309392 size: 0.0
679000 : 4.263453010576741 size: 0.0
680000 : 4.081311688492769 size: 0.0
681000 : 4.042864278961784 size: 0.0
682000 : 4.104036444081875 size: 0.0
683000 : 4.173553895352432 size: 0.0
684000 : 4.062149725498936 size: 0.0
685000 : 4.196798382512446 size: 0.0
686000 : 4.072921342887776 size: 0.0
687000 : 4.090271984602721 size: 0.0
688000 : 4.150643398500394 size: 0.0
689000 : 4.209972253568537 size: 0.0
690000 : 4.077904368213875 size: 0.0
691000 : 4.094180806291531 size: 0.0
692000 : 4.239890699477933 size: 0.0
693000 : 4.18301947649062 size: 0.0
694000 : 4.011223598786648 size: 0.0
695000 : 4.047154214204906 size: 0.0
696000 : 4.065109202954983 size: 0.0
697000 : 4.1467455837012395 size: 0.0
698000 : 4.1250905602005 size: 0.0
699000 : 4.288003877952709 size: 0.0
700000 : 4.002374747434455 size: 0.0
701000 : 4.146483138176023 size: 0.0
702000 : 4.121808099326133 size: 0.0
703000 : 4.046668191233568 size: 0.0
704000 : 4.100730249601688 size: 0.0
705000 : 4.258075113084262 size: 0.0
706000 : 4.173586572056097 size: 0.0
707000 : 4.058661229408835 size: 0.0
708000 : 4.1019227773027716 size: 0.0
709000 : 4.179828510386511 size: 0.0
710000 : 4.039117808895389 size: 0.0
711000 : 4.1255487219823985 size: 0.0
712000 : 4.135213459030285 size: 0.0
713000 : 4.0204487481789295 size: 0.0
714000 : 4.084349246072308 size: 0.0
715000 : 4.150915819019361 size: 0.0
716000 : 4.159112856124785 size: 0.0
717000 : 4.215355654505845 size: 0.0
718000 : 4.082239706876824 size: 0.0
719000 : 4.0455028367913215 size: 0.0
720000 : 4.070463022876343 size: 0.0
721000 : 4.23940158081888 size: 0.0
722000 : 4.229503291331121 size: 0.0
723000 : 4.1644821544847215 size: 0.0
724000 : 4.1807874856477225 size: 0.0
725000 : 4.196752635127317 size: 0.0
726000 : 4.210036919045262 size: 0.0
727000 : 4.16186285871208 size: 0.0
728000 : 4.023393435127002 size: 0.0
729000 : 4.185362912091277 size: 0.0
730000 : 4.1965084197630915 size: 0.0
731000 : 4.203412147334027 size: 0.0
732000 : 4.190648970848196 size: 0.0
733000 : 3.9115018664409607 size: 0.0
734000 : 4.103568651271528 size: 0.0
735000 : 4.0283258975537475 size: 0.0
736000 : 4.295693910203389 size: 0.0
737000 : 4.073059960904371 size: 0.0
738000 : 4.0525833625273435 size: 0.0
739000 : 4.114896460553258 size: 0.0
740000 : 4.155690401372614 size: 0.0
741000 : 3.9703612088722484 size: 0.0
742000 : 4.126116952660849 size: 0.0
743000 : 4.291020453648843 size: 0.0
744000 : 4.181207467281129 size: 0.0
745000 : 4.205454613295673 size: 0.0
746000 : 4.143935731151443 size: 0.0
747000 : 4.166187878415979 size: 0.0
748000 : 4.178938328185645 size: 0.0
749000 : 4.059489153890088 size: 0.0
750000 : 4.130816206613025 size: 0.0
751000 : 4.047239517599734 size: 0.0
752000 : 4.145936233346279 size: 0.0
753000 : 4.286952032060032 size: 0.0
754000 : 4.119172981149613 size: 0.0
755000 : 4.011930791446996 size: 0.0
756000 : 4.293278585854671 size: 0.0
757000 : 4.304585069287694 size: 0.0
758000 : 4.098363768325816 size: 0.0
759000 : 4.077435887472925 size: 0.0
760000 : 4.126275176699643 size: 0.0
761000 : 4.200044039099529 size: 0.0
762000 : 3.999366082940261 size: 0.0
763000 : 4.06627455739723 size: 0.0
764000 : 4.177525662691458 size: 0.0
765000 : 4.3344969798563575 size: 0.0
766000 : 4.116103434797013 size: 0.0
767000 : 3.8594987843689696 size: 0.0
768000 : 4.214271131909505 size: 0.0
769000 : 4.111364624835139 size: 0.0
770000 : 4.039703237838926 size: 0.0
771000 : 4.095817393197142 size: 0.0
772000 : 4.109170470175432 size: 0.0
773000 : 3.9723266266063084 size: 0.0
774000 : 4.160353538968109 size: 0.0
775000 : 4.228602446205902 size: 0.0
776000 : 4.118772261573103 size: 0.0
777000 : 4.15438986856679 size: 0.0
778000 : 4.081451682370571 size: 0.0
779000 : 3.8457350128204193 size: 0.0
780000 : 4.164008858229547 size: 0.0
781000 : 4.073936040527866 size: 0.0
782000 : 4.037539696091072 size: 0.0
783000 : 4.032380216565188 size: 0.0
784000 : 4.112081792489238 size: 0.0
785000 : 4.069132221123966 size: 0.0
786000 : 4.155943903799987 size: 0.0
787000 : 4.01747688797202 size: 0.0
788000 : 4.008444359148705 size: 0.0
789000 : 4.0589123240790945 size: 0.0
790000 : 4.005101360381234 size: 0.0
791000 : 4.117668132954563 size: 0.0
792000 : 4.09266976672105 size: 0.0
793000 : 4.098420522600601 size: 0.0
794000 : 3.9977549494669784 size: 0.0
795000 : 4.160920737750654 size: 0.0
796000 : 4.052676577124111 size: 0.0
797000 : 4.064427463726964 size: 0.0
798000 : 4.099453450401683 size: 0.0
799000 : 4.130317456925523 size: 0.0
800000 : 4.096513578967834 size: 0.0
801000 : 4.0302703334044025 size: 0.0
802000 : 4.056113822384255 size: 0.0
803000 : 4.07906353128069 size: 0.0
804000 : 4.107125596456672 size: 0.0
805000 : 3.825889590772058 size: 0.0
806000 : 4.001731532320228 size: 0.0
807000 : 4.102652327707731 size: 0.0
808000 : 4.183229295324672 size: 0.0
809000 : 4.169830814926555 size: 0.0
810000 : 4.160219392500435 size: 0.0
811000 : 4.178862655819266 size: 0.0
812000 : 4.138690604265429 size: 0.0
813000 : 4.038025031131807 size: 0.0
814000 : 4.133711018592347 size: 0.0
815000 : 4.053043932066354 size: 0.0
816000 : 4.039275345003579 size: 0.0
817000 : 4.132234719517341 size: 0.0
818000 : 3.845992642831412 size: 0.0
819000 : 4.108589856746119 size: 0.0
820000 : 4.177164843089948 size: 0.0
821000 : 4.113594207920925 size: 0.0
822000 : 4.179438453734354 size: 0.0
823000 : 4.163277587998078 size: 0.0
824000 : 4.103438288422174 size: 0.0
825000 : 4.10759132547521 size: 0.0
826000 : 4.016670977270077 size: 0.0
827000 : 4.070880596752637 size: 0.0
828000 : 3.981295521848804 size: 0.0
829000 : 3.9686809383733186 size: 0.0
830000 : 4.135866649138262 size: 0.0
831000 : 4.133428279114329 size: 0.0
832000 : 4.117385049511243 size: 0.0
833000 : 4.1006549212006105 size: 0.0
834000 : 4.098924431767629 size: 0.0
835000 : 4.2853897416595945 size: 0.0
836000 : 4.073256021126355 size: 0.0
837000 : 4.180178667063668 size: 0.0
838000 : 4.113581825170063 size: 0.0
839000 : 4.160519674208842 size: 0.0
840000 : 4.123687869700063 size: 0.0
841000 : 4.222086711495314 size: 0.0
842000 : 4.14076781072255 size: 0.0
843000 : 4.182429919963462 size: 0.0
844000 : 4.098158421040686 size: 0.0
845000 : 4.276360308523995 size: 0.0
846000 : 4.026068797243824 size: 0.0
847000 : 4.347187235698223 size: 0.0
848000 : 4.240926035036128 size: 0.0
849000 : 4.0918009103688915 size: 0.0
850000 : 4.105983975620245 size: 0.0
851000 : 4.112081792489238 size: 0.0
852000 : 4.123399970742518 size: 0.0
853000 : 4.1034633978892 size: 0.0
854000 : 4.033505327067132 size: 0.0
855000 : 4.240726191195825 size: 0.0
856000 : 4.14296230934756 size: 0.0
857000 : 4.096410389377317 size: 0.0
858000 : 4.212917972412516 size: 0.0
859000 : 4.120772419802637 size: 0.0
860000 : 4.085491554839338 size: 0.0
861000 : 4.1055099914344675 size: 0.0
862000 : 4.173555959144243 size: 0.0
863000 : 3.902357548894585 size: 0.0
864000 : 4.159660792850433 size: 0.0
865000 : 4.130283404360652 size: 0.0
866000 : 4.088384303026851 size: 0.0
867000 : 4.19171629517945 size: 0.0
868000 : 4.113586640684287 size: 0.0
869000 : 3.9914528172087613 size: 0.0
870000 : 4.192465451606608 size: 0.0
871000 : 4.198456639232066 size: 0.0
872000 : 3.9325150506886803 size: 0.0
873000 : 3.982209437655489 size: 0.0
874000 : 4.084038301439548 size: 0.0
875000 : 4.075100363074207 size: 0.0
876000 : 4.082178825018419 size: 0.0
877000 : 4.029586530384572 size: 0.0
878000 : 4.176951584602878 size: 0.0
879000 : 4.026457134069473 size: 0.0
880000 : 4.203347825822604 size: 0.0
881000 : 3.9139089356224366 size: 0.0
882000 : 4.056769076284042 size: 0.0
883000 : 4.070966588078069 size: 0.0
884000 : 4.166324432640764 size: 0.0
885000 : 4.123687869700063 size: 0.0
886000 : 4.056953785651069 size: 0.0
887000 : 3.9773426726013734 size: 0.0
888000 : 4.155234303382526 size: 0.0
889000 : 4.086313287945161 size: 0.0
890000 : 4.231084155857853 size: 0.0
891000 : 4.199236752536379 size: 0.0
892000 : 3.9775555871231414 size: 0.0
893000 : 4.114164158425884 size: 0.0
894000 : 4.157727707854735 size: 0.0
895000 : 4.230046068577245 size: 0.0
896000 : 4.072723218873982 size: 0.0
897000 : 4.085440991939985 size: 0.0
898000 : 4.248912221411593 size: 0.0
899000 : 4.053776922124332 size: 0.0
900000 : 4.081825572653547 size: 0.0
901000 : 4.112472537071998 size: 0.0
902000 : 3.983836737497953 size: 0.0
903000 : 4.084128764313902 size: 0.0
904000 : 4.124474862310411 size: 0.0
905000 : 4.022737837261913 size: 0.0
906000 : 4.144622973824291 size: 0.0
907000 : 4.136657081401627 size: 0.0
908000 : 4.081703121006132 size: 0.0
909000 : 4.110498864170696 size: 0.0
910000 : 4.098648915560947 size: 0.0
911000 : 4.029190282356984 size: 0.0
912000 : 4.158506789263144 size: 0.0
913000 : 4.197841973237882 size: 0.0
914000 : 4.141914591038503 size: 0.0
915000 : 4.101323245781863 size: 0.0
916000 : 4.1226962177351885 size: 0.0
917000 : 3.9749280361832593 size: 0.0
918000 : 4.046988078964173 size: 0.0
919000 : 4.026285839349213 size: 0.0
920000 : 4.13785167289452 size: 0.0
921000 : 4.082585048039757 size: 0.0
922000 : 4.024476925827438 size: 0.0
923000 : 3.959180616739657 size: 0.0
924000 : 4.032361642438894 size: 0.0
925000 : 4.1177389898067185 size: 0.0
926000 : 4.169362678150906 size: 0.0
927000 : 4.1300144234947025 size: 0.0
928000 : 4.083967444587392 size: 0.0
929000 : 4.060941375393974 size: 0.0
930000 : 4.050726981793931 size: 0.0
931000 : 4.027254445638873 size: 0.0
932000 : 4.0589673585273705 size: 0.0
933000 : 4.124431522682394 size: 0.0
934000 : 4.098870085249956 size: 0.0
935000 : 4.219493213120303 size: 0.0
936000 : 4.084653311399033 size: 0.0
937000 : 4.195541877265243 size: 0.0
938000 : 4.12698615297831 size: 0.0
939000 : 4.215346711408 size: 0.0
940000 : 4.186864664598611 size: 0.0
941000 : 4.247285265534431 size: 0.0
942000 : 4.06348809448795 size: 0.0
943000 : 4.276165280197917 size: 0.0
944000 : 4.088386710783963 size: 0.0
945000 : 4.16777287052633 size: 0.0
946000 : 4.149451558729915 size: 0.0
947000 : 4.143888951870409 size: 0.0
948000 : 4.142339044220833 size: 0.0
949000 : 4.255289338105586 size: 0.0
950000 : 4.181047179450525 size: 0.0
951000 : 4.220175640278926 size: 0.0
952000 : 4.271652111473975 size: 0.0
953000 : 4.225957353035632 size: 0.0
954000 : 4.135503077814338 size: 0.0
955000 : 4.042376536163937 size: 0.0
956000 : 4.163149288940534 size: 0.0
957000 : 4.189869201509184 size: 0.0
958000 : 4.211086701146129 size: 0.0
959000 : 4.0250166073858455 size: 0.0
960000 : 4.111389390336863 size: 0.0
961000 : 4.174302019883686 size: 0.0
962000 : 3.9979592648562035 size: 0.0
963000 : 4.189287900149267 size: 0.0
964000 : 4.079676821413667 size: 0.0
965000 : 4.057652723144176 size: 0.0
966000 : 3.979475257472072 size: 0.0
967000 : 4.0165302954616715 size: 0.0
968000 : 4.198470053878833 size: 0.0
969000 : 4.156673798170248 size: 0.0
970000 : 4.059380116889441 size: 0.0
971000 : 4.0964764307152475 size: 0.0
972000 : 4.0629119526075606 size: 0.0
973000 : 3.9998053266305647 size: 0.0
974000 : 4.011089108353674 size: 0.0
975000 : 3.9895950606141413 size: 0.0
976000 : 4.117812598381287 size: 0.0
977000 : 4.078241110244264 size: 0.0
978000 : 4.097964080645211 size: 0.0
979000 : 4.168333877933445 size: 0.0
980000 : 4.220099967912547 size: 0.0
981000 : 4.026577865890378 size: 0.0
982000 : 4.218879579022024 size: 0.0
983000 : 4.1882319266729695 size: 0.0
984000 : 4.106382287439644 size: 0.0
985000 : 4.215189863230413 size: 0.0
986000 : 4.12782542831452 size: 0.0
987000 : 4.148391457669997 size: 0.0
988000 : 4.004481534907525 size: 0.0
989000 : 3.9648835614422677 size: 0.0
990000 : 3.9298675497612985 size: 0.0
991000 : 4.089635648794529 size: 0.0
992000 : 4.355599939047828 size: 0.0
993000 : 4.1574975950678805 size: 0.0
994000 : 4.0697998577746155 size: 0.0
995000 : 4.187754502834175 size: 0.0
996000 : 4.085145181780501 size: 0.0
997000 : 4.082407217978765 size: 0.0
998000 : 4.047001149645638 size: 0.0
999000 : 4.0626395320885935 size: 0.0
1000000 : 4.1827563430348 size: 0.0
1001000 : 3.9804111870580674 size: 0.0
1002000 : 4.099513988294786 size: 0.0
1003000 : 4.1125967085459205 size: 0.0
1004000 : 3.9957455041742973 size: 0.0
1005000 : 4.1593732378581905 size: 0.0
1006000 : 4.119465695621381 size: 0.0
1007000 : 3.9372676192626233 size: 0.0
1008000 : 4.011944550059066 size: 0.0
1009000 : 4.144139702575367 size: 0.0
1010000 : 4.280621694647074 size: 0.0
1011000 : 3.9975943176710724 size: 0.0
1012000 : 4.061098911502165 size: 0.0
1013000 : 4.0949777738956294 size: 0.0
1014000 : 4.21505365297093 size: 0.0
1015000 : 4.205784132054727 size: 0.0
1016000 : 4.038693011747758 size: 0.0
1017000 : 4.008881195081897 size: 0.0
1018000 : 4.069731408679572 size: 0.0
1019000 : 4.019062568012975 size: 0.0
1020000 : 4.119882925532374 size: 0.0
1021000 : 4.213901713175451 size: 0.0
1022000 : 4.011911873355401 size: 0.0
1023000 : 4.18970513006026 size: 0.0
1024000 : 4.06141088803083 size: 0.0
1025000 : 3.971318120341649 size: 0.0
1026000 : 3.862033120712084 size: 0.0
1027000 : 4.078306463651592 size: 0.0
1028000 : 4.103075061063552 size: 0.0
1029000 : 4.106601393336843 size: 0.0
1030000 : 4.209988075972417 size: 0.0
1031000 : 4.12921057658457 size: 0.0
1032000 : 4.086444338725118 size: 0.0
1033000 : 4.017811222245298 size: 0.0
1034000 : 4.0947617636861455 size: 0.0
1035000 : 3.9354470109205897 size: 0.0
1036000 : 3.932217176737386 size: 0.0
1037000 : 3.9872368345055107 size: 0.0
1038000 : 4.003960083510108 size: 0.0
1039000 : 4.10617040481378 size: 0.0
1040000 : 3.995724522290892 size: 0.0
1041000 : 4.082487017928766 size: 0.0
1042000 : 4.0422300069454025 size: 0.0
1043000 : 4.162742377988593 size: 0.0
1044000 : 4.060793126348931 size: 0.0
1045000 : 4.033245289299027 size: 0.0
1046000 : 4.00063772266074 size: 0.0
1047000 : 4.170406956806945 size: 0.0
1048000 : 4.137600234258959 size: 0.0
1049000 : 4.132339284969066 size: 0.0
1050000 : 3.9349420698576565 size: 0.0
1051000 : 4.18413770768653 size: 0.0
1052000 : 4.16901080164724 size: 0.0
1053000 : 4.212307090036651 size: 0.0
1054000 : 4.082424072278549 size: 0.0
1055000 : 4.0548576611023535 size: 0.0
1056000 : 3.8986478831154745 size: 0.0
1057000 : 4.013036639892044 size: 0.0
1058000 : 4.1537146646795025 size: 0.0
1059000 : 4.194216234992393 size: 0.0
1060000 : 4.245042267801878 size: 0.0
1061000 : 4.107795984829736 size: 0.0
1062000 : 4.090399251764359 size: 0.0
1063000 : 3.9160494316950754 size: 0.0
1064000 : 4.220316666052634 size: 0.0
1065000 : 4.086623888612619 size: 0.0
1066000 : 4.116844680022232 size: 0.0
1067000 : 4.012542361753464 size: 0.0
1068000 : 4.004832035549983 size: 0.0
1069000 : 3.9592604166896574 size: 0.0
1070000 : 4.1359787818266245 size: 0.0
1071000 : 4.223108976372043 size: 0.0
1072000 : 3.9809205996699233 size: 0.0
1073000 : 4.020513413655654 size: 0.0
1074000 : 4.024805412690586 size: 0.0
1075000 : 4.044676976101878 size: 0.0
1076000 : 4.063756731388598 size: 0.0
1077000 : 4.022761914833034 size: 0.0
1078000 : 4.262618550754755 size: 0.0
1079000 : 4.183828482880279 size: 0.0
1080000 : 4.0949475049490776 size: 0.0
1081000 : 4.019974076062548 size: 0.0
1082000 : 4.2697434480147 size: 0.0
1083000 : 4.168386504624609 size: 0.0
1084000 : 4.11363720358364 size: 0.0
1085000 : 4.029652227757202 size: 0.0
1086000 : 3.998675744579698 size: 0.0
1087000 : 4.174443733587997 size: 0.0
1088000 : 3.986880486452923 size: 0.0
1089000 : 4.1247390276621365 size: 0.0
1090000 : 4.130373179304402 size: 0.0
1091000 : 4.090335274218239 size: 0.0
1092000 : 4.290972642471903 size: 0.0
1093000 : 4.24594964826783 size: 0.0
1094000 : 4.110137012673281 size: 0.0
1095000 : 4.149222477838966 size: 0.0
1096000 : 4.075729475611063 size: 0.0
1097000 : 4.091915794779668 size: 0.0
1098000 : 4.105684725807744 size: 0.0
1099000 : 3.97606036995654 size: 0.0
1100000 : 4.055613008904943 size: 0.0
1101000 : 4.0840128480072195 size: 0.0
1102000 : 4.223486306308035 size: 0.0
1103000 : 4.032469991508938 size: 0.0
1104000 : 4.149996055802547 size: 0.0
1105000 : 4.2389430750716794 size: 0.0
1106000 : 4.113947116320495 size: 0.0
1107000 : 4.156033334778435 size: 0.0
1108000 : 4.172852894067516 size: 0.0
1109000 : 4.273441418973552 size: 0.0
1110000 : 4.333504295995578 size: 0.0
1111000 : 4.052509753952774 size: 0.0
1112000 : 4.1544500624945915 size: 0.0
1113000 : 4.1371537672973195 size: 0.0
1114000 : 4.250654061699532 size: 0.0
1115000 : 4.259564138875432 size: 0.0
1116000 : 4.210253617185349 size: 0.0
1117000 : 4.105001610718517 size: 0.0
1118000 : 4.162913672708853 size: 0.0
1119000 : 4.243592798020407 size: 0.0
1120000 : 4.25161854040557 size: 0.0
1121000 : 4.180696678808067 size: 0.0
1122000 : 4.2470245398357225 size: 0.0
1123000 : 4.14058034963311 size: 0.0
1124000 : 4.238298828061548 size: 0.0
1125000 : 4.261975335640528 size: 0.0
1126000 : 4.029923272414962 size: 0.0
1127000 : 4.10368663137002 size: 0.0
1128000 : 4.103329595386829 size: 0.0
1129000 : 4.125876520914943 size: 0.0
1130000 : 4.075896298782401 size: 0.0
1131000 : 4.126845127204603 size: 0.0
1132000 : 4.149250339028406 size: 0.0
1133000 : 4.1170933669353795 size: 0.0
1134000 : 4.10647928565473 size: 0.0
1135000 : 4.0141067159457124 size: 0.0
1136000 : 4.105295013120889 size: 0.0
1137000 : 4.075200113011708 size: 0.0
1138000 : 4.2133634074782504 size: 0.0
1139000 : 4.195555635877311 size: 0.0
1140000 : 4.1714760009647085 size: 0.0
1141000 : 4.056797969369387 size: 0.0
1142000 : 4.000125902291773 size: 0.0
1143000 : 4.209524066780389 size: 0.0
1144000 : 4.184586582405282 size: 0.0
1145000 : 4.137971716784823 size: 0.0
1146000 : 4.137305455995381 size: 0.0
1147000 : 4.133844477129417 size: 0.0
1148000 : 4.0479009628749525 size: 0.0
1149000 : 4.061139499407768 size: 0.0
1150000 : 3.924223423125283 size: 0.0
1151000 : 4.109407118303019 size: 0.0
1152000 : 4.089299938660044 size: 0.0
1153000 : 4.243849740100796 size: 0.0
1154000 : 4.11849880915823 size: 0.0
1155000 : 4.182770445612171 size: 0.0
1156000 : 4.128026991981332 size: 0.0
1157000 : 4.202631002133808 size: 0.0
1158000 : 4.322534898558246 size: 0.0
1159000 : 4.206156302511194 size: 0.0
1160000 : 4.043164216704889 size: 0.0
1161000 : 4.221242620644879 size: 0.0
1162000 : 4.038270966322541 size: 0.0
1163000 : 4.1086782558286625 size: 0.0
1164000 : 4.125109478292095 size: 0.0
1165000 : 4.164727745710153 size: 0.0
1166000 : 4.093855071150797 size: 0.0
1167000 : 4.0494746041303475 size: 0.0
1168000 : 3.9677198993202976 size: 0.0
1169000 : 4.133377028284372 size: 0.0
1170000 : 4.1944470357098504 size: 0.0
1171000 : 3.964760765829552 size: 0.0
1172000 : 4.158484431518532 size: 0.0
1173000 : 3.9746267225789476 size: 0.0
1174000 : 4.140946672679448 size: 0.0
1175000 : 4.062437280491179 size: 0.0
1176000 : 4.047216471924519 size: 0.0
1177000 : 3.9536868029404957 size: 0.0
1178000 : 4.104015806163772 size: 0.0
1179000 : 4.168544384698101 size: 0.0
1180000 : 4.101062520083155 size: 0.0
1181000 : 4.017607938751977 size: 0.0
1182000 : 4.176880383785421 size: 0.0
1183000 : 4.051824919037038 size: 0.0
1184000 : 3.96142361447221 size: 0.0
1185000 : 4.050111283903841 size: 0.0
1186000 : 3.9660083279789107 size: 0.0
1187000 : 4.017623417190555 size: 0.0
1188000 : 4.028340688061722 size: 0.0
1189000 : 4.1256223305569675 size: 0.0
1190000 : 4.090191152756815 size: 0.0
1191000 : 4.168021557439478 size: 0.0
1192000 : 4.061136403720052 size: 0.0
1193000 : 4.172609710599196 size: 0.0
1194000 : 4.148153433681203 size: 0.0
1195000 : 4.109072096099138 size: 0.0
1196000 : 4.026599879669688 size: 0.0
1197000 : 4.093461230880321 size: 0.0
1198000 : 4.2257626686748555 size: 0.0
1199000 : 4.197953074030339 size: 0.0
1200000 : 4.08856350894905 size: 0.0
1201000 : 4.155965917579296 size: 0.0
1202000 : 4.061180087313372 size: 0.0
1203000 : 4.024192466522911 size: 0.0
1204000 : 3.9686874737140516 size: 0.0
1205000 : 3.942104459335489 size: 0.0
1206000 : 4.035811958380504 size: 0.0
1207000 : 4.306873814405376 size: 0.0
1208000 : 4.116112721860159 size: 0.0
1209000 : 4.188890964191076 size: 0.0
1210000 : 4.0208845522162155 size: 0.0
1211000 : 4.15366031816183 size: 0.0
1212000 : 4.125009040423991 size: 0.0
1213000 : 4.104284787029721 size: 0.0
1214000 : 4.136050326609383 size: 0.0
1215000 : 4.182765974063249 size: 0.0
1216000 : 4.086927609974043 size: 0.0
1217000 : 4.1335534824841575 size: 0.0
1218000 : 3.9551486554728297 size: 0.0
1219000 : 4.258206507829521 size: 0.0
1220000 : 4.125267358365587 size: 0.0
1221000 : 4.210555274754962 size: 0.0
1222000 : 4.0832805458798465 size: 0.0
1223000 : 4.001848480522815 size: 0.0
1224000 : 4.138115838246246 size: 0.0
1225000 : 4.212848491421568 size: 0.0
1226000 : 4.178617064593833 size: 0.0
1227000 : 4.013594895576745 size: 0.0
1228000 : 4.170532848107377 size: 0.0
1229000 : 4.102916149094154 size: 0.0
1230000 : 4.105287101918949 size: 0.0
1231000 : 4.0689034841983185 size: 0.0
1232000 : 4.122702753075921 size: 0.0
1233000 : 4.222800783461696 size: 0.0
1234000 : 4.011302022875442 size: 0.0
1235000 : 4.052885364062258 size: 0.0
1236000 : 4.157551597620252 size: 0.0
1237000 : 4.099151448866768 size: 0.0
1238000 : 4.123999502263427 size: 0.0
1239000 : 4.192955258196266 size: 0.0
1240000 : 4.0377178701173655 size: 0.0
1241000 : 4.054284614909679 size: 0.0
1242000 : 4.040992075824492 size: 0.0
1243000 : 4.107115277497621 size: 0.0
1244000 : 4.087111287445165 size: 0.0
1245000 : 4.004302672950627 size: 0.0
1246000 : 3.9896961864128486 size: 0.0
1247000 : 4.032025588339108 size: 0.0
1248000 : 4.207641544684045 size: 0.0
1249000 : 4.072238915729152 size: 0.0
1250000 : 4.027883558175729 size: 0.0
1251000 : 4.011428602106477 size: 0.0
1252000 : 4.119910786721814 size: 0.0
1253000 : 4.154164227328858 size: 0.0
1254000 : 4.188069231085254 size: 0.0
1255000 : 4.20589660870839 size: 0.0
1256000 : 4.264853637285368 size: 0.0
1257000 : 4.190525143339575 size: 0.0
1258000 : 4.30295570565342 size: 0.0
1259000 : 4.151151091285741 size: 0.0
1260000 : 4.196774992871929 size: 0.0
1261000 : 4.222336774269668 size: 0.0
1262000 : 4.224763449473342 size: 0.0
1263000 : 4.204168870997823 size: 0.0
1264000 : 4.127965078227021 size: 0.0
1265000 : 4.089515604904227 size: 0.0
1266000 : 4.175151270213647 size: 0.0
1267000 : 4.281195428770353 size: 0.0
1268000 : 4.116836080889689 size: 0.0
1269000 : 4.118757127099826 size: 0.0
1270000 : 3.956111070387058 size: 0.0
1271000 : 4.00488328637994 size: 0.0
1272000 : 4.132308672057212 size: 0.0
1273000 : 4.1833985262531215 size: 0.0
1274000 : 4.048649431371508 size: 0.0
1275000 : 4.146788923329257 size: 0.0
1276000 : 4.06289200262006 size: 0.0
1277000 : 4.146567065709644 size: 0.0
1278000 : 4.192037214805961 size: 0.0
1279000 : 4.003221933972605 size: 0.0
1280000 : 3.929435185377029 size: 0.0
1281000 : 4.052930079551483 size: 0.0
1282000 : 3.968097573221592 size: 0.0
1283000 : 3.9009596739083725 size: 0.0
1284000 : 3.9653695844136063 size: 0.0
1285000 : 3.973100548535191 size: 0.0
1286000 : 3.840421436839362 size: 0.0
1287000 : 3.8547771726721822 size: 0.0
1288000 : 4.083632078418209 size: 0.0
1289000 : 4.060869486645913 size: 0.0
1290000 : 4.041725065882469 size: 0.0
1291000 : 3.924134336112136 size: 0.0
1292000 : 4.168631063954136 size: 0.0
1293000 : 4.089439588572545 size: 0.0
1294000 : 4.034402732539334 size: 0.0
1295000 : 4.0711623043347505 size: 0.0
1296000 : 4.041074627496906 size: 0.0
1297000 : 4.221240900818371 size: 0.0
1298000 : 4.07961353179815 size: 0.0
1299000 : 4.159344000807544 size: 0.0
1300000 : 4.252747090560532 size: 0.0
1301000 : 4.038057363870169 size: 0.0
1302000 : 4.094356228595411 size: 0.0
1303000 : 4.086774889380076 size: 0.0
1304000 : 4.064684749772654 size: 0.0
1305000 : 4.018117351363833 size: 0.0
1306000 : 3.975080412811924 size: 0.0
1307000 : 4.114231231659721 size: 0.0
1308000 : 4.073796046650064 size: 0.0
1309000 : 4.2154867052858025 size: 0.0
1310000 : 4.1307116411613 size: 0.0
1311000 : 4.2409803815538005 size: 0.0
1312000 : 4.070019307637117 size: 0.0
1313000 : 4.071104862129363 size: 0.0
1314000 : 4.305356239494163 size: 0.0
1315000 : 3.956599501115508 size: 0.0
1316000 : 3.9660526995028333 size: 0.0
1317000 : 4.081760563211521 size: 0.0
1318000 : 4.240155896725564 size: 0.0
1319000 : 4.191280835107466 size: 0.0
1320000 : 4.0343219006934286 size: 0.0
1321000 : 4.11060721324074 size: 0.0
1322000 : 4.293581619285492 size: 0.0
1323000 : 4.130757044581128 size: 0.0
1324000 : 4.255224672628861 size: 0.0
1325000 : 4.169255017011466 size: 0.0
1326000 : 4.138438133733962 size: 0.0
1327000 : 4.151592742733158 size: 0.0
1328000 : 4.166086752617272 size: 0.0
1329000 : 4.076057274543608 size: 0.0
1330000 : 3.9086624328752158 size: 0.0
1331000 : 4.13632859453848 size: 0.0
1332000 : 4.215519725954768 size: 0.0
1333000 : 4.097216644044561 size: 0.0
1334000 : 3.954946403875415 size: 0.0
1335000 : 3.90131602196096 size: 0.0
1336000 : 4.016970227082578 size: 0.0
1337000 : 4.004948639787268 size: 0.0
1338000 : 4.197725025035295 size: 0.0
1339000 : 3.9756912951877887 size: 0.0
1340000 : 4.002408456034024 size: 0.0
1341000 : 3.9858000914402028 size: 0.0
1342000 : 4.208323283912065 size: 0.0
1343000 : 3.9008836575766908 size: 0.0
1344000 : 4.1465780725993 size: 0.0
1345000 : 4.168864616394007 size: 0.0
1346000 : 4.077879602712151 size: 0.0
1347000 : 4.0411764412262166 size: 0.0
1348000 : 4.059509103877589 size: 0.0
1349000 : 4.11135086622307 size: 0.0
1350000 : 4.065218583920932 size: 0.0
1351000 : 4.311656995891173 size: 0.0
1352000 : 4.22453952806192 size: 0.0
1353000 : 4.147075790390896 size: 0.0
1354000 : 4.119064632079569 size: 0.0
1355000 : 4.147867254550167 size: 0.0
1356000 : 4.24021505875746 size: 0.0
1357000 : 4.088844184635258 size: 0.0
1358000 : 4.11652548022223 size: 0.0
1359000 : 4.026448878902231 size: 0.0
1360000 : 4.195387436844768 size: 0.0
1361000 : 4.15647085864223 size: 0.0
1362000 : 4.162515016924153 size: 0.0
1363000 : 4.133245633539112 size: 0.0
1364000 : 4.083074854629414 size: 0.0
1365000 : 4.1215119452013464 size: 0.0
1366000 : 4.094382369958342 size: 0.0
1367000 : 4.098559140617196 size: 0.0
1368000 : 4.051818727661607 size: 0.0
1369000 : 4.159603694610347 size: 0.0
1370000 : 3.897798632785514 size: 0.0
1371000 : 4.239542262627285 size: 0.0
1372000 : 3.780645770844277 size: 0.0
1373000 : 4.006069966670894 size: 0.0
1374000 : 4.185400404309164 size: 0.0
1375000 : 4.094231713156186 size: 0.0
1376000 : 4.132188972132211 size: 0.0
1377000 : 4.197376588184647 size: 0.0
1378000 : 4.154078236003427 size: 0.0
1379000 : 4.186370042494729 size: 0.0
1380000 : 4.11243710864592 size: 0.0
1381000 : 4.156832022209041 size: 0.0
1382000 : 4.07230220534467 size: 0.0
1383000 : 4.116186330434729 size: 0.0
1384000 : 4.052950717469586 size: 0.0
1385000 : 4.0789596537595685 size: 0.0
1386000 : 4.207774315290511 size: 0.0
1387000 : 4.058379521826722 size: 0.0
1388000 : 3.972646514336913 size: 0.0
1389000 : 4.08197175790678 size: 0.0
1390000 : 4.119042618300258 size: 0.0
1391000 : 4.048616754667844 size: 0.0
1392000 : 4.174679349819679 size: 0.0
1393000 : 4.023779364195539 size: 0.0
1394000 : 4.1332346266494575 size: 0.0
1395000 : 4.240742357565006 size: 0.0
1396000 : 4.178404838002669 size: 0.0
1397000 : 4.1739236580517876 size: 0.0
1398000 : 4.0490047475281905 size: 0.0
1399000 : 4.030154761063023 size: 0.0
1400000 : 4.252979611104498 size: 0.0
1401000 : 4.11274014207674 size: 0.0
1402000 : 4.055776392423263 size: 0.0
1403000 : 4.063574429778684 size: 0.0
1404000 : 4.167671744727623 size: 0.0
1405000 : 4.051143179809018 size: 0.0
1406000 : 4.131490722569708 size: 0.0
1407000 : 4.062540126116395 size: 0.0
1408000 : 4.055836242385762 size: 0.0
1409000 : 4.16080241368686 size: 0.0
1410000 : 4.1544964978103245 size: 0.0
1411000 : 4.094222770058342 size: 0.0
1412000 : 4.201693008756002 size: 0.0
1413000 : 4.09667421076374 size: 0.0
1414000 : 4.00986046429591 size: 0.0
1415000 : 4.022411414190576 size: 0.0
1416000 : 4.201782095769149 size: 0.0
1417000 : 4.146150867694556 size: 0.0
1418000 : 4.182525198352041 size: 0.0
1419000 : 4.178226320011073 size: 0.0
1420000 : 4.047448304537881 size: 0.0
1421000 : 4.06355172806877 size: 0.0
1422000 : 4.252758785380791 size: 0.0
1423000 : 4.235845323564338 size: 0.0
1424000 : 4.170349514601557 size: 0.0
1425000 : 4.179831950039529 size: 0.0
1426000 : 4.013536765440753 size: 0.0
1427000 : 4.054703908612482 size: 0.0
1428000 : 4.063347412679545 size: 0.0
1429000 : 4.190352472758108 size: 0.0
1430000 : 4.244399396652953 size: 0.0
1431000 : 4.241992327471477 size: 0.0
1432000 : 4.195516079867613 size: 0.0
1433000 : 4.085961755406798 size: 0.0
1434000 : 4.022366354736049 size: 0.0
1435000 : 4.06605923511835 size: 0.0
1436000 : 4.131353136449018 size: 0.0
1437000 : 4.243975287435926 size: 0.0
1438000 : 4.106601737302145 size: 0.0
1439000 : 4.119835458320736 size: 0.0
1440000 : 4.045819628834211 size: 0.0
1441000 : 4.05452023114136 size: 0.0
1442000 : 3.9610242707569063 size: 0.0
1443000 : 4.105983631654944 size: 0.0
1444000 : 3.842172564190447 size: 0.0
1445000 : 4.155348155897397 size: 0.0
1446000 : 4.031027744998802 size: 0.0
1447000 : 3.9997024810053485 size: 0.0
1448000 : 4.066543882228481 size: 0.0
1449000 : 4.084625794174895 size: 0.0
1450000 : 4.303839696478855 size: 0.0
1451000 : 4.145386920759424 size: 0.0
1452000 : 3.9786022735362923 size: 0.0
1453000 : 4.04209998806135 size: 0.0
1454000 : 4.186828204276628 size: 0.0
1455000 : 4.053247903490277 size: 0.0
1456000 : 4.159520455007329 size: 0.0
1457000 : 4.099448290922157 size: 0.0
1458000 : 3.947355777596934 size: 0.0
1459000 : 4.010493704416387 size: 0.0
1460000 : 4.162655010801955 size: 0.0
1461000 : 4.129028618939957 size: 0.0
1462000 : 4.191551191834622 size: 0.0
1463000 : 4.186646246632015 size: 0.0
1464000 : 4.160166765809271 size: 0.0
1465000 : 4.036564210495378 size: 0.0
1466000 : 4.18101622257337 size: 0.0
1467000 : 4.0985409104562045 size: 0.0
1468000 : 3.919469478690133 size: 0.0
1469000 : 4.091710791459839 size: 0.0
1470000 : 4.032774056835663 size: 0.0
1471000 : 4.132522618474885 size: 0.0
1472000 : 4.170394230090781 size: 0.0
1473000 : 3.98170140090484 size: 0.0
1474000 : 4.18901926324862 size: 0.0
1475000 : 4.0667870656968015 size: 0.0
1476000 : 4.172316308196824 size: 0.0
1477000 : 4.1635981636592865 size: 0.0
1478000 : 4.217401560120509 size: 0.0
1479000 : 4.177329258504173 size: 0.0
1480000 : 4.1062140884071 size: 0.0
1481000 : 4.061858042923073 size: 0.0
1482000 : 4.122200563735402 size: 0.0
1483000 : 4.159019641528016 size: 0.0
1484000 : 4.120995309318155 size: 0.0
1485000 : 4.196913610888524 size: 0.0
1486000 : 4.284538083572522 size: 0.0
1487000 : 4.129453072122286 size: 0.0
1488000 : 4.123322234584329 size: 0.0
1489000 : 4.148355685278617 size: 0.0
1490000 : 4.0318047626154 size: 0.0
1491000 : 4.1521912423581595 size: 0.0
1492000 : 4.197650384564821 size: 0.0
1493000 : 4.272174594767296 size: 0.0
1494000 : 3.9650459130646825 size: 0.0
1495000 : 4.111983762378245 size: 0.0
1496000 : 4.2193931192175 size: 0.0
1497000 : 4.247317254307491 size: 0.0
1498000 : 4.098898634369999 size: 0.0
1499000 : 4.097665174798012 size: 0.0
1500000 : 4.036405642491283 size: 0.0
1501000 : 4.079483512914097 size: 0.0
1502000 : 4.017255374317709 size: 0.0
1503000 : 4.0034327847025635 size: 0.0
1504000 : 4.13377740389558 size: 0.0
1505000 : 4.2520529685816495 size: 0.0
1506000 : 4.207226378564862 size: 0.0
1507000 : 4.089615354841727 size: 0.0
1508000 : 4.011144486767251 size: 0.0
1509000 : 4.1498471188269 size: 0.0
1510000 : 3.881153119939106 size: 0.0
1511000 : 3.8768184692067598 size: 0.0
1512000 : 3.920123700694015 size: 0.0
1513000 : 4.178611905114308 size: 0.0
1514000 : 3.8795306356108665 size: 0.0
1515000 : 4.09844219241461 size: 0.0
1516000 : 4.067756703882366 size: 0.0
1517000 : 4.035391976747097 size: 0.0
1518000 : 4.119818260055649 size: 0.0
1519000 : 3.98479089724494 size: 0.0
1520000 : 4.1779968951548225 size: 0.0
1521000 : 4.105867027417659 size: 0.0
1522000 : 4.069958425778712 size: 0.0
1523000 : 3.883780670878988 size: 0.0
1524000 : 4.144324067977092 size: 0.0
1525000 : 4.182480826828118 size: 0.0
1526000 : 4.060265483576083 size: 0.0
1527000 : 4.120576703545955 size: 0.0
1528000 : 4.1269730822968445 size: 0.0
1529000 : 4.204535538009463 size: 0.0
1530000 : 4.025772299153736 size: 0.0
1531000 : 4.110759933834705 size: 0.0
1532000 : 4.012897333944845 size: 0.0
1533000 : 4.0275812126755115 size: 0.0
1534000 : 4.049348024899312 size: 0.0
1535000 : 4.090964386755095 size: 0.0
1536000 : 3.9146333265478708 size: 0.0
1537000 : 4.1637281825433385 size: 0.0
1538000 : 4.195290438629681 size: 0.0
1539000 : 4.097038813983569 size: 0.0
1540000 : 3.964812016659509 size: 0.0
1541000 : 3.9555132586926587 size: 0.0
1542000 : 4.015222883349812 size: 0.0
1543000 : 3.924603160818388 size: 0.0
1544000 : 3.9219212633608334 size: 0.0
1545000 : 3.995078899419553 size: 0.0
1546000 : 4.099666020958149 size: 0.0
1547000 : 4.062150069464238 size: 0.0
1548000 : 4.10736637216788 size: 0.0
1549000 : 4.052043680968936 size: 0.0
1550000 : 3.9946534143413186 size: 0.0
1551000 : 4.111882292614236 size: 0.0
1552000 : 4.164308108042048 size: 0.0
1553000 : 3.9450099342391654 size: 0.0
1554000 : 4.080525383813024 size: 0.0
1555000 : 4.034727435784164 size: 0.0
1556000 : 4.041892920949711 size: 0.0
1557000 : 4.2330313434309215 size: 0.0
1558000 : 4.0670526069097335 size: 0.0
1559000 : 4.182147868416047 size: 0.0
1560000 : 4.118969697656293 size: 0.0
1561000 : 4.213322131642044 size: 0.0
1562000 : 3.9603824315038865 size: 0.0
1563000 : 4.035596292136322 size: 0.0
1564000 : 4.026838247623784 size: 0.0
1565000 : 4.211249740699147 size: 0.0
1566000 : 4.182051214166262 size: 0.0
1567000 : 4.068217273421376 size: 0.0
1568000 : 4.21178460674333 size: 0.0
1569000 : 3.991903411754022 size: 0.0
1570000 : 4.070482628898541 size: 0.0
1571000 : 4.058222329683833 size: 0.0
1572000 : 4.002224434597601 size: 0.0
1573000 : 3.9488392999432764 size: 0.0
1574000 : 3.9289488184403893 size: 0.0
1575000 : 4.100285158501255 size: 0.0
1576000 : 4.21825493803409 size: 0.0
1577000 : 4.200016865840693 size: 0.0
1578000 : 4.239266746420603 size: 0.0
1579000 : 4.036437631264343 size: 0.0
1580000 : 4.18032863593522 size: 0.0
1581000 : 4.225688028204381 size: 0.0
1582000 : 4.131263361505268 size: 0.0
1583000 : 4.313989424602174 size: 0.0
1584000 : 4.371791417695958 size: 0.0
1585000 : 4.122340213647902 size: 0.0
1586000 : 4.211915313557985 size: 0.0
1587000 : 4.277667720635854 size: 0.0
1588000 : 4.194201444484418 size: 0.0
1589000 : 4.193415827735277 size: 0.0
1590000 : 4.125446908253088 size: 0.0
1591000 : 4.27614808193283 size: 0.0
1592000 : 4.134898386813904 size: 0.0
1593000 : 4.082761502239542 size: 0.0
1594000 : 4.195152852508991 size: 0.0
1595000 : 4.308342890209047 size: 0.0
1596000 : 4.151602029796304 size: 0.0
1597000 : 4.2964846864320565 size: 0.0
1598000 : 4.019175732597243 size: 0.0
1599000 : 4.211108714925439 size: 0.0
1600000 : 4.15294865395256 size: 0.0
1601000 : 4.154468980586187 size: 0.0
1602000 : 4.194349693529461 size: 0.0
1603000 : 4.228214453345555 size: 0.0
1604000 : 4.03330548322683 size: 0.0
1605000 : 4.197912486124736 size: 0.0
1606000 : 4.243515061862216 size: 0.0
1607000 : 4.13955774079108 size: 0.0
1608000 : 4.222459225917083 size: 0.0
1609000 : 4.26763253295801 size: 0.0
1610000 : 4.148500494670644 size: 0.0
1611000 : 4.250537457462246 size: 0.0
1612000 : 4.219520386379139 size: 0.0
1613000 : 4.209582196916381 size: 0.0
1614000 : 4.060291624939015 size: 0.0
1615000 : 4.221410131746819 size: 0.0
1616000 : 4.107605084087278 size: 0.0
1617000 : 4.177105681058052 size: 0.0
1618000 : 4.229404917254828 size: 0.0
1619000 : 4.1118086840396675 size: 0.0
1620000 : 3.9270573532462 size: 0.0
1621000 : 4.004939352724121 size: 0.0
1622000 : 4.090381365568669 size: 0.0
1623000 : 4.139594889043666 size: 0.0
1624000 : 4.175720876753304 size: 0.0
1625000 : 4.145559247375588 size: 0.0
1626000 : 3.944392172557266 size: 0.0
1627000 : 4.09267767792299 size: 0.0
1628000 : 3.966781218011888 size: 0.0
1629000 : 4.188982114996033 size: 0.0
1630000 : 4.043219595118467 size: 0.0
1631000 : 4.02943071410289 size: 0.0
1632000 : 4.133657016039977 size: 0.0
1633000 : 4.03875320567556 size: 0.0
1634000 : 4.179017784170344 size: 0.0
1635000 : 4.082101088860229 size: 0.0
1636000 : 3.984630265449034 size: 0.0
1637000 : 4.168627624301118 size: 0.0
1638000 : 4.122216042173979 size: 0.0
1639000 : 4.083594930165623 size: 0.0
1640000 : 3.9505188825116027 size: 0.0
1641000 : 4.1254162953412346 size: 0.0
1642000 : 4.141709243753374 size: 0.0
1643000 : 4.121212007458242 size: 0.0
1644000 : 4.107637072860339 size: 0.0
1645000 : 4.203138694919155 size: 0.0
1646000 : 4.0552532211993375 size: 0.0
1647000 : 3.9562765176971877 size: 0.0
1648000 : 4.073834570763857 size: 0.0
1649000 : 4.023543060033253 size: 0.0
1650000 : 4.144864437466103 size: 0.0
1651000 : 4.04716900471288 size: 0.0
1652000 : 4.2708197154438 size: 0.0
1653000 : 4.020200749196385 size: 0.0
1654000 : 4.08848577279086 size: 0.0
1655000 : 4.0614645466178985 size: 0.0
1656000 : 3.9964798700934816 size: 0.0
1657000 : 4.041316779069321 size: 0.0
1658000 : 4.0255229243099855 size: 0.0
1659000 : 4.100151355998884 size: 0.0
1660000 : 4.0623554167493685 size: 0.0
1661000 : 4.155626767791795 size: 0.0
1662000 : 4.19229828446997 size: 0.0
1663000 : 4.186877391314774 size: 0.0
1664000 : 3.946960905430553 size: 0.0
1665000 : 4.163414142222863 size: 0.0
1666000 : 4.3031194331370415 size: 0.0
1667000 : 4.108931758256034 size: 0.0
1668000 : 4.191689809851217 size: 0.0
1669000 : 4.2509560632344465 size: 0.0
1670000 : 4.16500807743106 size: 0.0
1671000 : 4.237879190393442 size: 0.0
1672000 : 4.056830302107749 size: 0.0
1673000 : 4.091217545217165 size: 0.0
1674000 : 4.25874653335323 size: 0.0
1675000 : 4.240438636203582 size: 0.0
1676000 : 4.1547224830135585 size: 0.0
1677000 : 4.200800418798024 size: 0.0
1678000 : 4.136857269207232 size: 0.0
1679000 : 4.017514036224607 size: 0.0
1680000 : 4.157981210282107 size: 0.0
1681000 : 4.101140944171949 size: 0.0
1682000 : 4.1756878560843385 size: 0.0
1683000 : 4.06705811035456 size: 0.0
1684000 : 4.098891755063965 size: 0.0
1685000 : 4.009692265263366 size: 0.0
1686000 : 4.058310384801075 size: 0.0
1687000 : 4.065257108034725 size: 0.0
1688000 : 4.01511694203688 size: 0.0
1689000 : 4.311904994873717 size: 0.0
1690000 : 4.150076887648452 size: 0.0
1691000 : 4.295390876772569 size: 0.0
1692000 : 4.253398904807302 size: 0.0
1693000 : 4.273805678228079 size: 0.0
1694000 : 4.041668999538288 size: 0.0
1695000 : 4.186037772013262 size: 0.0
1696000 : 4.208969250748706 size: 0.0
1697000 : 4.0426348541055335 size: 0.0
1698000 : 4.214432451636013 size: 0.0
1699000 : 4.155761602190072 size: 0.0
1700000 : 4.204888446409033 size: 0.0
1701000 : 4.165988378540978 size: 0.0
1702000 : 4.023290245536485 size: 0.0
1703000 : 4.0627912207866546 size: 0.0
1704000 : 4.1699463872679345 size: 0.0
1705000 : 4.162767487455619 size: 0.0
1706000 : 4.258099878585986 size: 0.0
1707000 : 4.097279245729475 size: 0.0
1708000 : 4.1911222671033705 size: 0.0
1709000 : 4.1697668373804335 size: 0.0
1710000 : 4.165147039412957 size: 0.0
1711000 : 4.195031776722784 size: 0.0
1712000 : 4.011315437522209 size: 0.0
1713000 : 4.054370950200411 size: 0.0
1714000 : 4.094918955829034 size: 0.0
1715000 : 4.0680425390481 size: 0.0
1716000 : 4.1641416288360125 size: 0.0
1717000 : 4.1338995115776935 size: 0.0
1718000 : 4.1616513200515195 size: 0.0
1719000 : 4.159443062814441 size: 0.0
1720000 : 4.103372591049545 size: 0.0
1721000 : 4.249113785078404 size: 0.0
1722000 : 4.04982200908509 size: 0.0
1723000 : 4.121303846193803 size: 0.0
1724000 : 3.8874366780710297 size: 0.0
1725000 : 4.101219712226044 size: 0.0
1726000 : 4.154807442443085 size: 0.0
1727000 : 4.150806782018714 size: 0.0
1728000 : 4.058838371539224 size: 0.0
1729000 : 3.9957964110389526 size: 0.0
1730000 : 4.057693655015081 size: 0.0
1731000 : 4.164947883503258 size: 0.0
1732000 : 4.390527551646254 size: 0.0
1733000 : 4.111018251776302 size: 0.0
1734000 : 4.173178285242948 size: 0.0
1735000 : 4.2351484498630425 size: 0.0
1736000 : 4.293897035467174 size: 0.0
1737000 : 4.071212179303501 size: 0.0
1738000 : 4.161578743372855 size: 0.0
1739000 : 4.128137748808487 size: 0.0
1740000 : 4.278857496614523 size: 0.0
1741000 : 4.199828028890046 size: 0.0
1742000 : 4.2041633675529955 size: 0.0
1743000 : 4.268153640390124 size: 0.0
1744000 : 4.06120966832932 size: 0.0
1745000 : 4.107287948079088 size: 0.0
1746000 : 4.169462428088407 size: 0.0
1747000 : 4.185648403291709 size: 0.0
1748000 : 4.04026630903785 size: 0.0
1749000 : 4.189192621760689 size: 0.0
1750000 : 4.08834818667017 size: 0.0
1751000 : 4.214634359268127 size: 0.0
1752000 : 4.149393428593924 size: 0.0
1753000 : 4.117679827774822 size: 0.0
1754000 : 4.020890399626345 size: 0.0
1755000 : 4.186690962121239 size: 0.0
1756000 : 4.176944017366241 size: 0.0
1757000 : 4.028462451778533 size: 0.0
1758000 : 4.0522304541277725 size: 0.0
1759000 : 4.111333323992683 size: 0.0
1760000 : 4.05999959839785 size: 0.0
1761000 : 4.2338596118774765 size: 0.0
1762000 : 4.1951545723354995 size: 0.0
1763000 : 4.204758083559679 size: 0.0
1764000 : 3.9490185058654754 size: 0.0
1765000 : 4.07834601966129 size: 0.0
1766000 : 4.173219217113854 size: 0.0
1767000 : 4.146156715104685 size: 0.0
1768000 : 4.010087137429747 size: 0.0
1769000 : 3.9839801710287723 size: 0.0
1770000 : 3.9658108918957202 size: 0.0
1771000 : 4.227066641133697 size: 0.0
1772000 : 4.194717048471705 size: 0.0
1773000 : 4.145891861822356 size: 0.0
1774000 : 4.286669636547316 size: 0.0
1775000 : 4.160574364691817 size: 0.0
1776000 : 4.028815360178103 size: 0.0
1777000 : 3.8876072848606857 size: 0.0
1778000 : 4.10083412712281 size: 0.0
1779000 : 4.100337441227118 size: 0.0
1780000 : 3.9525424303816545 size: 0.0
1781000 : 3.88716563341327 size: 0.0
1782000 : 4.244765375733989 size: 0.0
1783000 : 4.203094667360534 size: 0.0
1784000 : 4.015473978020072 size: 0.0
1785000 : 4.2108507409491445 size: 0.0
1786000 : 4.0633935040299765 size: 0.0
1787000 : 3.9981945371225835 size: 0.0
1788000 : 4.0525524056501885 size: 0.0
1789000 : 4.088954941462414 size: 0.0
1790000 : 4.009913090987074 size: 0.0
1791000 : 4.10716893608469 size: 0.0
1792000 : 4.076324879548351 size: 0.0
1793000 : 4.117412910700683 size: 0.0
1794000 : 4.138777627486766 size: 0.0
1795000 : 4.143864186368685 size: 0.0
1796000 : 4.1513413040975955 size: 0.0
1797000 : 4.10771308919202 size: 0.0
1798000 : 4.016743897914043 size: 0.0
1799000 : 4.104478783459895 size: 0.0
1800000 : 4.101750106721305 size: 0.0
1801000 : 4.1849714795779125 size: 0.0
1802000 : 4.06797684167547 size: 0.0
1803000 : 4.226382150183263 size: 0.0
1804000 : 4.126508385174213 size: 0.0
1805000 : 4.237958990343443 size: 0.0
1806000 : 4.036430751958308 size: 0.0
1807000 : 4.1418502695270805 size: 0.0
1808000 : 4.0813980237835015 size: 0.0
1809000 : 4.148880232363749 size: 0.0
1810000 : 4.221746185846605 size: 0.0
1811000 : 4.348102527366114 size: 0.0
1812000 : 4.337948671659174 size: 0.0
1813000 : 4.25669753205085 size: 0.0
1814000 : 4.081002119721216 size: 0.0
1815000 : 4.216203872939901 size: 0.0
1816000 : 4.150977044843068 size: 0.0
1817000 : 4.189497375018019 size: 0.0
1818000 : 4.040060617787419 size: 0.0
1819000 : 3.912987108613812 size: 0.0
1820000 : 4.115153746598948 size: 0.0
1821000 : 4.0521661326163505 size: 0.0
1822000 : 3.9698930720965997 size: 0.0
1823000 : 4.116217631277186 size: 0.0
1824000 : 4.005289509401278 size: 0.0
1825000 : 4.025922611990591 size: 0.0
1826000 : 4.156004097727788 size: 0.0
1827000 : 3.968500356589913 size: 0.0
1828000 : 3.9681976671243944 size: 0.0
1829000 : 4.03373200020097 size: 0.0
1830000 : 4.007003144534475 size: 0.0
1831000 : 4.061865954125013 size: 0.0
1832000 : 4.063574085813382 size: 0.0
1833000 : 3.9035215274756245 size: 0.0
1834000 : 4.062514672684067 size: 0.0
1835000 : 4.018899528459957 size: 0.0
1836000 : 4.199430061035949 size: 0.0
1837000 : 4.284301779410237 size: 0.0
1838000 : 4.135850482769081 size: 0.0
1839000 : 4.159811105687288 size: 0.0
1840000 : 4.037292729004433 size: 0.0
1841000 : 4.146204526281625 size: 0.0
1842000 : 4.178367345784781 size: 0.0
1843000 : 4.139589041633537 size: 0.0
1844000 : 4.20812103231465 size: 0.0
1845000 : 4.067289255037321 size: 0.0
1846000 : 4.080573882920567 size: 0.0
1847000 : 4.131134030551819 size: 0.0
1848000 : 4.240674940365868 size: 0.0
1849000 : 4.255172389903 size: 0.0
1850000 : 4.233577904295363 size: 0.0
1851000 : 4.173147328365793 size: 0.0
1852000 : 4.022813509628293 size: 0.0
1853000 : 4.023623203948555 size: 0.0
1854000 : 4.027103444871415 size: 0.0
1855000 : 4.06937609252289 size: 0.0
1856000 : 4.053396152535321 size: 0.0
1857000 : 4.132315895328548 size: 0.0
1858000 : 4.204553768170454 size: 0.0
1859000 : 4.050789239513542 size: 0.0
1860000 : 4.206644045309041 size: 0.0
1861000 : 4.309683322989872 size: 0.0
1862000 : 4.1572004090471895 size: 0.0
1863000 : 4.242145392030745 size: 0.0
1864000 : 4.119769073017503 size: 0.0
1865000 : 4.019853344241643 size: 0.0
1866000 : 4.206208585237055 size: 0.0
1867000 : 4.1729622750334645 size: 0.0
1868000 : 4.051492648555572 size: 0.0
1869000 : 4.234826154375326 size: 0.0
1870000 : 4.197371772670423 size: 0.0
1871000 : 4.216312222009944 size: 0.0
1872000 : 4.180871413181343 size: 0.0
1873000 : 4.075449487855459 size: 0.0
1874000 : 4.19401054374196 size: 0.0
1875000 : 4.009405054236425 size: 0.0
1876000 : 4.174671094652437 size: 0.0
1877000 : 4.0769354179589135 size: 0.0
1878000 : 4.099532562421079 size: 0.0
1879000 : 3.98948911930121 size: 0.0
1880000 : 4.117122260020724 size: 0.0
1881000 : 3.97447365801968 size: 0.0
1882000 : 4.024882804883474 size: 0.0
1883000 : 4.240004208027503 size: 0.0
1884000 : 3.924062791329377 size: 0.0
1885000 : 4.0529820183120435 size: 0.0
1886000 : 4.219404470072457 size: 0.0
1887000 : 4.102748294026912 size: 0.0
1888000 : 3.996416580477964 size: 0.0
1889000 : 4.100624652254059 size: 0.0
1890000 : 4.18184139533221 size: 0.0
1891000 : 3.9722980774862653 size: 0.0
1892000 : 4.003734442272177 size: 0.0
1893000 : 4.036201327102058 size: 0.0
1894000 : 4.0977257126911155 size: 0.0
1895000 : 4.1008097055863875 size: 0.0
1896000 : 4.161059699732552 size: 0.0
1897000 : 4.065376807959726 size: 0.0
1898000 : 3.99503246410382 size: 0.0
1899000 : 4.148009656185081 size: 0.0
1900000 : 4.1583692031424535 size: 0.0
1901000 : 4.242998082013723 size: 0.0
1902000 : 4.12092651625781 size: 0.0
1903000 : 4.212437796851307 size: 0.0
1904000 : 4.164754231038386 size: 0.0
1905000 : 4.083221383847949 size: 0.0
1906000 : 4.218474387896592 size: 0.0
1907000 : 4.2652705232310595 size: 0.0
1908000 : 4.018481266653059 size: 0.0
1909000 : 4.119697528234744 size: 0.0
1910000 : 4.0240273631780825 size: 0.0
1911000 : 4.186894589579861 size: 0.0
1912000 : 4.105564681917442 size: 0.0
1913000 : 4.2039648995739 size: 0.0
1914000 : 4.0882811134363335 size: 0.0
1915000 : 4.141403802565441 size: 0.0
1916000 : 4.108844047104094 size: 0.0
1917000 : 4.0464115931184805 size: 0.0
1918000 : 4.193676553433985 size: 0.0
1919000 : 4.203995512485753 size: 0.0
1920000 : 3.9640026663045487 size: 0.0
1921000 : 4.0096392946069 size: 0.0
1922000 : 4.146549867444558 size: 0.0
1923000 : 4.234282689198599 size: 0.0
1924000 : 4.0400145264369876 size: 0.0
1925000 : 3.950165974112032 size: 0.0
1926000 : 4.186422325220591 size: 0.0
1927000 : 4.221165228451991 size: 0.0
1928000 : 4.20239229021441 size: 0.0
1929000 : 4.110928132867249 size: 0.0
1930000 : 3.970169964164489 size: 0.0
1931000 : 4.119994370290133 size: 0.0
1932000 : 4.076954336050509 size: 0.0
1933000 : 4.0684810948078 size: 0.0
1934000 : 4.152800404907516 size: 0.0
1935000 : 4.106193106523695 size: 0.0
1936000 : 3.9772054304459847 size: 0.0
1937000 : 4.232435595528332 size: 0.0
1938000 : 4.025599972537572 size: 0.0
1939000 : 3.9986901911223702 size: 0.0
1940000 : 4.228011513817537 size: 0.0
1941000 : 4.108244859548488 size: 0.0
1942000 : 4.184500935045152 size: 0.0
1943000 : 4.138939291178577 size: 0.0
1944000 : 4.090396844007247 size: 0.0
1945000 : 4.146303932253824 size: 0.0
1946000 : 4.135017054843 size: 0.0
1947000 : 4.1867429008818 size: 0.0
1948000 : 4.102152890089625 size: 0.0
1949000 : 3.96406870764248 size: 0.0
1950000 : 3.8780938925455586 size: 0.0
1951000 : 4.172920655231956 size: 0.0
1952000 : 3.974557929518603 size: 0.0
1953000 : 4.197375900254044 size: 0.0
1954000 : 4.292477146701651 size: 0.0
1955000 : 4.053929986683599 size: 0.0
1956000 : 4.18683061203374 size: 0.0
1957000 : 4.2436113721467 size: 0.0
1958000 : 4.183891772495796 size: 0.0
1959000 : 4.132361642713678 size: 0.0
1960000 : 4.134075965777479 size: 0.0
1961000 : 4.1006084858848775 size: 0.0
1962000 : 4.428568394190599 size: 0.0
1963000 : 4.18953142758289 size: 0.0
1964000 : 3.9994654889124597 size: 0.0
1965000 : 4.147933295888098 size: 0.0
1966000 : 4.20911165238362 size: 0.0
1967000 : 4.155621264346967 size: 0.0
1968000 : 4.042649300648206 size: 0.0
1969000 : 3.9966676751482235 size: 0.0
1970000 : 4.079670630038236 size: 0.0
1971000 : 4.081645334835443 size: 0.0
1972000 : 4.09618578003529 size: 0.0
1973000 : 4.131508264800097 size: 0.0
1974000 : 4.138733943893446 size: 0.0
1975000 : 4.074266591182824 size: 0.0
1976000 : 4.015439925455201 size: 0.0
1977000 : 4.215813816287744 size: 0.0
1978000 : 4.327601163487363 size: 0.0
1979000 : 4.135355172734596 size: 0.0
1980000 : 4.150183172926686 size: 0.0
1981000 : 4.071623561804365 size: 0.0
1982000 : 4.1549949035325255 size: 0.0
1983000 : 4.17690205359943 size: 0.0
1984000 : 4.110640921840309 size: 0.0
1985000 : 4.190222453874056 size: 0.0
1986000 : 4.08850365898655 size: 0.0
1987000 : 4.031964706480703 size: 0.0
1988000 : 3.9677560156769784 size: 0.0
1989000 : 4.178328821670988 size: 0.0
1990000 : 4.156866418739214 size: 0.0
1991000 : 4.17183716453152 size: 0.0
1992000 : 4.236861741030937 size: 0.0
1993000 : 4.163498413721786 size: 0.0
1994000 : 4.173027972406095 size: 0.0
1995000 : 4.095141501379251 size: 0.0
1996000 : 4.07391471467916 size: 0.0
1997000 : 3.91384977359054 size: 0.0
1998000 : 4.00917287765776 size: 0.0
1999000 : 4.114445178077394 size: 0.0
2000000 : 4.098082404709005 size: 0.0
2001000 : 4.233889192893425 size: 0.0
2002000 : 4.012514500564024 size: 0.0
2003000 : 4.1553154791937335 size: 0.0
2004000 : 4.183496212398811 size: 0.0
2005000 : 4.2478008695217175 size: 0.0
2006000 : 4.2292824656074135 size: 0.0
2007000 : 4.124162197851143 size: 0.0
2008000 : 4.220702939086472 size: 0.0
2009000 : 4.214968349576102 size: 0.0
2010000 : 4.2211862103353965 size: 0.0
2011000 : 4.062124272066608 size: 0.0
2012000 : 4.413716316427388 size: 0.0
2013000 : 4.140063025819314 size: 0.0
2014000 : 4.106005989399556 size: 0.0
2015000 : 4.156430614701928 size: 0.0
2016000 : 4.110007681719832 size: 0.0
2017000 : 4.135285691743648 size: 0.0
2018000 : 4.114610625387524 size: 0.0
2019000 : 4.04479701999218 size: 0.0
2020000 : 4.073379504669674 size: 0.0
2021000 : 4.0971598897697765 size: 0.0
2022000 : 4.197164361593482 size: 0.0
2023000 : 4.099930530275176 size: 0.0
2024000 : 4.074569624613645 size: 0.0
2025000 : 4.0156390813649 size: 0.0
2026000 : 4.061445628526304 size: 0.0
2027000 : 4.0863652267057216 size: 0.0
2028000 : 4.157128864264431 size: 0.0
2029000 : 3.9324920050134646 size: 0.0
2030000 : 4.0296828406690555 size: 0.0
2031000 : 3.988516041462628 size: 0.0
2032000 : 4.005742855668952 size: 0.0
2033000 : 4.060045001817677 size: 0.0
2034000 : 4.099381905618924 size: 0.0
2035000 : 4.123124454535836 size: 0.0
2036000 : 3.98236112635355 size: 0.0
2037000 : 4.067559611764477 size: 0.0
2038000 : 3.956372484016369 size: 0.0
2039000 : 3.972949203802432 size: 0.0
2040000 : 3.960437121986861 size: 0.0
2041000 : 4.205186664325629 size: 0.0
2042000 : 4.051094336736173 size: 0.0
2043000 : 4.073028316096613 size: 0.0
2044000 : 4.153104126268939 size: 0.0
2045000 : 4.033476777947089 size: 0.0
2046000 : 4.070077437773108 size: 0.0
2047000 : 4.183468351209372 size: 0.0
2048000 : 4.123514511187993 size: 0.0
2049000 : 4.0227787691328185 size: 0.0
2050000 : 3.900523869871086 size: 0.0
2051000 : 4.0632387196441995 size: 0.0
2052000 : 4.267295102997017 size: 0.0
2053000 : 4.184610316011101 size: 0.0
2054000 : 4.158784369261636 size: 0.0
2055000 : 4.209037355878447 size: 0.0
2056000 : 4.0127845133258795 size: 0.0
2057000 : 4.083980171303556 size: 0.0
2058000 : 4.2311240558328524 size: 0.0
2059000 : 4.071218714644234 size: 0.0
2060000 : 4.217921635656718 size: 0.0
2061000 : 4.011025474772854 size: 0.0
2062000 : 4.049845742690909 size: 0.0
2063000 : 4.113374414093122 size: 0.0
2064000 : 4.130537594718627 size: 0.0
2065000 : 4.095734153594123 size: 0.0
2066000 : 4.00811828004267 size: 0.0
2067000 : 4.0944243337251525 size: 0.0
2068000 : 4.012022286217255 size: 0.0
2069000 : 4.0632170498301905 size: 0.0
2070000 : 4.1646214604319205 size: 0.0
2071000 : 4.062136654817471 size: 0.0
2072000 : 4.073809805262133 size: 0.0
2073000 : 4.143296299655535 size: 0.0
2074000 : 4.206907522730162 size: 0.0
2075000 : 4.069275310689484 size: 0.0
2076000 : 4.123312259590579 size: 0.0
2077000 : 4.165695320103907 size: 0.0
2078000 : 4.164876338720498 size: 0.0
2079000 : 4.2754140599789485 size: 0.0
2080000 : 4.117062754023526 size: 0.0
2081000 : 3.9961747728708508 size: 0.0
2082000 : 4.080227853827031 size: 0.0
2083000 : 4.1045802532239035 size: 0.0
2084000 : 4.107953176972624 size: 0.0
2085000 : 4.156898063546973 size: 0.0
2086000 : 4.217484455758225 size: 0.0
2087000 : 3.996760889744991 size: 0.0
2088000 : 4.255227768316577 size: 0.0
2089000 : 4.303847607680795 size: 0.0
2090000 : 4.291862824672769 size: 0.0
2091000 : 4.046366189698653 size: 0.0
2092000 : 4.230953449043197 size: 0.0
2093000 : 4.160930712744404 size: 0.0
2094000 : 4.226554132834126 size: 0.0
2095000 : 4.232049666459797 size: 0.0
2096000 : 4.232760298773162 size: 0.0
2097000 : 4.196005886457271 size: 0.0
2098000 : 4.1125726309748 size: 0.0
2099000 : 4.14167656704971 size: 0.0
2100000 : 4.200935941126904 size: 0.0
2101000 : 4.035616242123822 size: 0.0
2102000 : 3.948994084329053 size: 0.0
2103000 : 4.119440242189054 size: 0.0
2104000 : 4.193878461066098 size: 0.0
2105000 : 4.116996712685594 size: 0.0
2106000 : 4.114840394209077 size: 0.0
2107000 : 4.064660328236232 size: 0.0
2108000 : 4.0697568621119 size: 0.0
2109000 : 3.978082198000083 size: 0.0
2110000 : 4.054498561327351 size: 0.0
2111000 : 4.103711396871744 size: 0.0
2112000 : 4.138331504490428 size: 0.0
2113000 : 4.199499885992199 size: 0.0
2114000 : 3.9980617665161176 size: 0.0
2115000 : 4.189990277295391 size: 0.0
2116000 : 3.9844978388078696 size: 0.0
2117000 : 3.9993966958521145 size: 0.0
2118000 : 4.038074218169953 size: 0.0
2119000 : 4.116530295736455 size: 0.0
2120000 : 3.835473495974039 size: 0.0
2121000 : 3.997339095417192 size: 0.0
2122000 : 4.023428519587778 size: 0.0
2123000 : 4.249415442648018 size: 0.0
2124000 : 3.931149164475528 size: 0.0
2125000 : 3.975076629193605 size: 0.0
2126000 : 4.1174665692877515 size: 0.0
2127000 : 4.1650324989674825 size: 0.0
2128000 : 4.012611842744413 size: 0.0
2129000 : 4.058567326881464 size: 0.0
2130000 : 3.978548614949223 size: 0.0
2131000 : 3.987399530093227 size: 0.0
2132000 : 3.9978485080290476 size: 0.0
2133000 : 4.107081912863354 size: 0.0
2134000 : 4.169171433443147 size: 0.0
2135000 : 3.974958993060415 size: 0.0
2136000 : 4.165720085605631 size: 0.0
2137000 : 4.176526787455247 size: 0.0
2138000 : 4.046071411435074 size: 0.0
2139000 : 4.104253486187264 size: 0.0
2140000 : 3.9743147460502826 size: 0.0
2141000 : 4.01713808214982 size: 0.0
2142000 : 4.127840906753098 size: 0.0
2143000 : 4.039777534344099 size: 0.0
2144000 : 3.9866428064294306 size: 0.0
2145000 : 4.161599381290959 size: 0.0
2146000 : 4.037107675672105 size: 0.0
2147000 : 4.014501244146792 size: 0.0
2148000 : 3.979308778266037 size: 0.0
2149000 : 4.108264465570686 size: 0.0
2150000 : 4.084034173855927 size: 0.0
2151000 : 4.126831024627232 size: 0.0
2152000 : 4.183730452769287 size: 0.0
2153000 : 4.024930960025716 size: 0.0
2154000 : 4.13912124882319 size: 0.0
2155000 : 4.043597269019761 size: 0.0
2156000 : 4.071844043562771 size: 0.0
2157000 : 4.058804662939655 size: 0.0
2158000 : 4.218455813770298 size: 0.0
2159000 : 4.097033310538741 size: 0.0
2160000 : 4.006913025625423 size: 0.0
2161000 : 4.096651509053826 size: 0.0
2162000 : 3.9913578827854854 size: 0.0
2163000 : 4.178426163851376 size: 0.0
2164000 : 4.0827054358953605 size: 0.0
2165000 : 4.13479588515399 size: 0.0
2166000 : 4.205683350221321 size: 0.0
2167000 : 4.108766998876508 size: 0.0
2168000 : 4.155689713442011 size: 0.0
2169000 : 4.119847153140995 size: 0.0
2170000 : 4.088885116506163 size: 0.0
2171000 : 4.124573236386705 size: 0.0
2172000 : 4.1738462658588995 size: 0.0
2173000 : 4.0739993301433834 size: 0.0
2174000 : 4.11466772362761 size: 0.0
2175000 : 4.201799981964839 size: 0.0
2176000 : 4.141236979394104 size: 0.0
2177000 : 4.198879372587887 size: 0.0
2178000 : 4.114591707295929 size: 0.0
2179000 : 4.142265779611566 size: 0.0
2180000 : 4.244690391298213 size: 0.0
2181000 : 4.116313597596368 size: 0.0
2182000 : 4.128193471187367 size: 0.0
2183000 : 4.183049745437172 size: 0.0
2184000 : 4.034566460022956 size: 0.0
2185000 : 4.05795850829741 size: 0.0
2186000 : 3.997931747632065 size: 0.0
2187000 : 4.1939802747954085 size: 0.0
2188000 : 4.090958883310267 size: 0.0
2189000 : 4.1588414675017225 size: 0.0
2190000 : 4.059755039068323 size: 0.0
2191000 : 3.8853952440052884 size: 0.0
2192000 : 4.0574253620797345 size: 0.0
2193000 : 4.143482040918467 size: 0.0
2194000 : 4.126335714592747 size: 0.0
2195000 : 4.010513998369189 size: 0.0
2196000 : 4.067799699545081 size: 0.0
2197000 : 4.180493739280049 size: 0.0
2198000 : 4.059089466209484 size: 0.0
2199000 : 4.0797978971998745 size: 0.0
2200000 : 4.189538306888924 size: 0.0
2201000 : 4.070119057574617 size: 0.0
2202000 : 4.004501140929722 size: 0.0
2203000 : 3.9925249570542403 size: 0.0
2204000 : 4.175556117373778 size: 0.0
2205000 : 4.187918574283098 size: 0.0
2206000 : 4.040134914292592 size: 0.0
2207000 : 3.943884823737221 size: 0.0
2208000 : 4.109461808785993 size: 0.0
2209000 : 4.083377200129631 size: 0.0
2210000 : 4.025451035561925 size: 0.0
2211000 : 4.148219131053832 size: 0.0
2212000 : 4.218990335849179 size: 0.0
2213000 : 4.208721595731463 size: 0.0
2214000 : 4.03764701326521 size: 0.0
2215000 : 4.092556258171481 size: 0.0
2216000 : 4.107998580392453 size: 0.0
2217000 : 4.193891875712865 size: 0.0
2218000 : 4.143130164414802 size: 0.0
2219000 : 4.270214336512762 size: 0.0
2220000 : 3.89452889862731 size: 0.0
2221000 : 3.993152005799286 size: 0.0
2222000 : 4.164249633940755 size: 0.0
2223000 : 4.186281299446884 size: 0.0
2224000 : 4.177432104129389 size: 0.0
2225000 : 4.12636219992098 size: 0.0
2226000 : 4.241556179468889 size: 0.0
2227000 : 4.20423594423166 size: 0.0
2228000 : 4.1018354101161325 size: 0.0
2229000 : 4.097561641242192 size: 0.0
2230000 : 3.9989302789029746 size: 0.0
2231000 : 4.006172124365506 size: 0.0
2232000 : 4.0201701362845315 size: 0.0
2233000 : 3.9727889159718277 size: 0.0
2234000 : 4.133247697330923 size: 0.0
2235000 : 4.115224259485802 size: 0.0
2236000 : 4.199374338657069 size: 0.0
2237000 : 4.121117417000267 size: 0.0
2238000 : 4.119178140629138 size: 0.0
2239000 : 4.169700796042502 size: 0.0
2240000 : 4.150816757012464 size: 0.0
2241000 : 4.146011905712659 size: 0.0
2242000 : 4.2692175250683615 size: 0.0
2243000 : 4.193893939504675 size: 0.0
2244000 : 4.121153189391647 size: 0.0
2245000 : 4.130576806763024 size: 0.0
2246000 : 4.26083543463061 size: 0.0
2247000 : 4.125714857223132 size: 0.0
2248000 : 4.164526182043342 size: 0.0
2249000 : 4.159289998255173 size: 0.0
2250000 : 4.128322114210213 size: 0.0
2251000 : 4.232408078304195 size: 0.0
2252000 : 4.02051272572505 size: 0.0
2253000 : 4.061039061539664 size: 0.0
2254000 : 4.3931162345070405 size: 0.0
2255000 : 4.232698728984152 size: 0.0
2256000 : 4.046738016189818 size: 0.0
2257000 : 4.017865224797668 size: 0.0
2258000 : 4.044616782174076 size: 0.0
2259000 : 4.172813338057817 size: 0.0
2260000 : 3.998046976008143 size: 0.0
2261000 : 4.244891954965024 size: 0.0
2262000 : 4.207962464310555 size: 0.0
2263000 : 4.105991886822185 size: 0.0
2264000 : 4.178091485612797 size: 0.0
2265000 : 4.022116979892298 size: 0.0
2266000 : 3.9313417850444945 size: 0.0
2267000 : 4.224718733984118 size: 0.0
2268000 : 4.205901080257314 size: 0.0
2269000 : 4.087267103726846 size: 0.0
2270000 : 4.141175409605095 size: 0.0
2271000 : 4.193484620795622 size: 0.0
2272000 : 4.125144562752871 size: 0.0
2273000 : 4.140765059000136 size: 0.0
2274000 : 3.968041162912109 size: 0.0
2275000 : 4.105916902386409 size: 0.0
2276000 : 3.971324655682382 size: 0.0
2277000 : 4.08315568647532 size: 0.0
2278000 : 4.209621752926079 size: 0.0
2279000 : 4.079738735167977 size: 0.0
2280000 : 4.1258699855742105 size: 0.0
2281000 : 4.034240036951618 size: 0.0
2282000 : 3.9976641426273227 size: 0.0
2283000 : 4.305564682467009 size: 0.0
2284000 : 4.099952888019788 size: 0.0
2285000 : 4.171038133135611 size: 0.0
2286000 : 4.185999935830073 size: 0.0
2287000 : 4.10795420886853 size: 0.0
2288000 : 4.205846045809037 size: 0.0
2289000 : 4.128785779436939 size: 0.0
2290000 : 4.196103228637659 size: 0.0
2291000 : 4.096372553194127 size: 0.0
2292000 : 4.139018403197974 size: 0.0
2293000 : 4.0343157093179975 size: 0.0
2294000 : 4.280169036310003 size: 0.0
2295000 : 4.1156249790623125 size: 0.0
2296000 : 3.984616162871663 size: 0.0
2297000 : 3.895104352577097 size: 0.0
2298000 : 4.028018048608703 size: 0.0
2299000 : 3.9379091145503415 size: 0.0
2300000 : 4.081799431290616 size: 0.0
2301000 : 4.024869390236707 size: 0.0
2302000 : 4.021571794889064 size: 0.0
2303000 : 4.024747626519896 size: 0.0
2304000 : 4.069141164221811 size: 0.0
2305000 : 4.11235146128579 size: 0.0
2306000 : 4.119334988806726 size: 0.0
2307000 : 4.035382345718649 size: 0.0
2308000 : 4.208169187456892 size: 0.0
2309000 : 4.077158995405036 size: 0.0
2310000 : 4.1813526206384575 size: 0.0
2311000 : 4.289061915220818 size: 0.0
2312000 : 4.1455317301514505 size: 0.0
2313000 : 4.092534932322774 size: 0.0
2314000 : 4.11647147766986 size: 0.0
2315000 : 4.068449793965343 size: 0.0
2316000 : 4.294328367955538 size: 0.0
2317000 : 4.349888051247372 size: 0.0
2318000 : 4.103430377220234 size: 0.0
2319000 : 4.1437142174971315 size: 0.0
2320000 : 4.137585099785683 size: 0.0
2321000 : 4.133363613637605 size: 0.0
2322000 : 4.096296536862445 size: 0.0
2323000 : 4.03543634827102 size: 0.0
2324000 : 3.9034503266581675 size: 0.0
2325000 : 4.168563990720299 size: 0.0
2326000 : 4.1282278677175395 size: 0.0
2327000 : 4.04802410245297 size: 0.0
2328000 : 4.0918380586214775 size: 0.0
2329000 : 4.129733747808494 size: 0.0
2330000 : 4.116528919875248 size: 0.0
2331000 : 4.078854744342543 size: 0.0
2332000 : 4.190561603661558 size: 0.0
2333000 : 4.013204494959286 size: 0.0
2334000 : 4.104006175135323 size: 0.0
2335000 : 4.046196614804902 size: 0.0
2336000 : 3.9758343847533064 size: 0.0
2337000 : 4.027799286676806 size: 0.0
2338000 : 3.9874291111091753 size: 0.0
2339000 : 3.951384987141348 size: 0.0
2340000 : 4.00867653572737 size: 0.0
2341000 : 4.059150692033191 size: 0.0
2342000 : 4.135430501135674 size: 0.0
2343000 : 4.012905589112086 size: 0.0
2344000 : 4.130953104803112 size: 0.0
2345000 : 4.124264011580453 size: 0.0
2346000 : 4.146629667394558 size: 0.0
2347000 : 4.1147812321771795 size: 0.0
2348000 : 4.172568778728291 size: 0.0
2349000 : 4.202054860253417 size: 0.0
2350000 : 4.199658453996295 size: 0.0
2351000 : 4.160004414186857 size: 0.0
2352000 : 4.249810314814399 size: 0.0
2353000 : 4.258390529265944 size: 0.0
2354000 : 4.032423212227903 size: 0.0
2355000 : 4.054268448540498 size: 0.0
2356000 : 4.090392372458325 size: 0.0
2357000 : 4.236723123014342 size: 0.0
2358000 : 4.183321134060233 size: 0.0
2359000 : 4.188419731727712 size: 0.0
2360000 : 4.067748792680426 size: 0.0
2361000 : 4.083843617078771 size: 0.0
2362000 : 4.220131612720305 size: 0.0
2363000 : 4.026874707945767 size: 0.0
2364000 : 4.152529704215058 size: 0.0
2365000 : 4.223783836294028 size: 0.0
2366000 : 4.249617350280131 size: 0.0
2367000 : 4.127372769977449 size: 0.0
2368000 : 4.007566559698701 size: 0.0
2369000 : 3.982897712224242 size: 0.0
2370000 : 3.945421660705331 size: 0.0
2371000 : 4.0335926942537705 size: 0.0
2372000 : 4.236041727751624 size: 0.0
2373000 : 4.044107025596919 size: 0.0
2374000 : 3.9810303246011736 size: 0.0
2375000 : 4.219217352948319 size: 0.0
2376000 : 4.165470022831277 size: 0.0
2377000 : 4.009751427295263 size: 0.0
2378000 : 4.08128210747682 size: 0.0
2379000 : 3.9340064842369626 size: 0.0
2380000 : 4.024990466022914 size: 0.0
2381000 : 4.113136390104328 size: 0.0
2382000 : 4.136650890026196 size: 0.0
2383000 : 4.100196071488108 size: 0.0
2384000 : 4.0171418657681395 size: 0.0
2385000 : 4.01534808671964 size: 0.0
2386000 : 3.8609159214120794 size: 0.0
2387000 : 4.110273566898066 size: 0.0
2388000 : 3.9970147361376647 size: 0.0
2389000 : 4.143641296853166 size: 0.0
2390000 : 3.960692344240741 size: 0.0
2391000 : 4.109629319887934 size: 0.0
2392000 : 4.1276936896039595 size: 0.0
2393000 : 4.048367379824093 size: 0.0
2394000 : 4.057302566467019 size: 0.0
2395000 : 4.142055616812211 size: 0.0
2396000 : 4.2368631168921445 size: 0.0
2397000 : 3.9970360619863716 size: 0.0
2398000 : 4.078245925758488 size: 0.0
2399000 : 4.003122528000406 size: 0.0
waiting for write process!
write end!
end join!
last series
Last encode part don't need inference.
604.8463468551636
36194.144001722336 
@@@@@@@@@@@@@
end
main
