start!
start to right
387023
0 : 7.397519342577937 size: 0.0
1000 : 5.7701183743153335 size: 0.0
2000 : 5.337915309772742 size: 0.0
3000 : 5.291107135652713 size: 0.0
4000 : 5.16458053130885 size: 0.0
5000 : 4.969933662750039 size: 0.0
6000 : 4.940246017558101 size: 0.0
7000 : 4.891701506594961 size: 0.0
8000 : 4.581187862358065 size: 0.0
9000 : 4.151145931806216 size: 0.0
10000 : 3.7120026793707064 size: 0.0
11000 : 3.2769453907543955 size: 0.0
12000 : 3.2761587421093488 size: 0.0
13000 : 3.0464955179042663 size: 0.0
14000 : 3.0549422738187424 size: 0.0
15000 : 3.1194612213246233 size: 0.0
16000 : 3.07890908811238 size: 0.0
17000 : 2.9907504373148024 size: 0.0
18000 : 3.018609562962767 size: 0.0
19000 : 2.8143719098959403 size: 0.0
20000 : 2.797581931622808 size: 0.0
21000 : 2.5318032106497896 size: 0.0
22000 : 2.7592875866510913 size: 0.0
23000 : 2.8649526954452957 size: 0.0
24000 : 2.9182521827394905 size: 0.0
25000 : 2.9514964291512715 size: 0.0
26000 : 2.7277776132906113 size: 0.0
27000 : 2.751440878205476 size: 0.0
28000 : 2.694456146668593 size: 0.0
29000 : 2.40693967853977 size: 0.0
30000 : 2.5041545917664814 size: 0.0
31000 : 2.671401012407179 size: 0.0
32000 : 2.7447906530619126 size: 0.0
33000 : 2.721927967386814 size: 0.0
34000 : 2.8030564833650726 size: 0.0
35000 : 2.6232690878234592 size: 0.0
36000 : 2.567268441014813 size: 0.0
37000 : 2.4322477855274864 size: 0.0
38000 : 2.4485096050798196 size: 0.0
39000 : 2.6319707220265136 size: 0.0
40000 : 2.647575051904598 size: 0.0
41000 : 2.501078510073149 size: 0.0
42000 : 2.788884081038072 size: 0.0
43000 : 2.548259198614947 size: 0.0
44000 : 2.572652701865375 size: 0.0
45000 : 2.2493545552939413 size: 0.0
46000 : 2.195942763328733 size: 0.0
47000 : 2.345220436607285 size: 0.0
48000 : 2.4409239662982136 size: 0.0
49000 : 2.6108438572465738 size: 0.0
50000 : 2.6140233005130744 size: 0.0
51000 : 2.4512886727351115 size: 0.0
52000 : 2.36945588780157 size: 0.0
53000 : 2.3459652934681716 size: 0.0
54000 : 2.1534169572151884 size: 0.0
55000 : 2.3399861446282753 size: 0.0
56000 : 2.3101149939478667 size: 0.0
57000 : 2.514011949383334 size: 0.0
58000 : 2.531890749819079 size: 0.0
59000 : 2.4402829869584477 size: 0.0
60000 : 2.315211871788837 size: 0.0
61000 : 2.2705393782272223 size: 0.0
62000 : 2.0696605463317463 size: 0.0
63000 : 2.254141520398057 size: 0.0
64000 : 2.4295426704120655 size: 0.0
65000 : 2.348575990108269 size: 0.0
66000 : 2.4922217475190163 size: 0.0
67000 : 2.4659797747371144 size: 0.0
68000 : 2.282612560317791 size: 0.0
69000 : 2.194516683187779 size: 0.0
70000 : 2.0898034983661002 size: 0.0
71000 : 2.2160327447066215 size: 0.0
72000 : 2.2614328968640365 size: 0.0
73000 : 2.273897855433271 size: 0.0
74000 : 2.331745423929533 size: 0.0
75000 : 2.4569615204738215 size: 0.0
76000 : 2.1431346304680536 size: 0.0
77000 : 2.283955572838379 size: 0.0
78000 : 2.282118798127164 size: 0.0
79000 : 2.1495203462945898 size: 0.0
80000 : 2.2900181332639438 size: 0.0
81000 : 2.257949560253461 size: 0.0
82000 : 2.4616446080568157 size: 0.0
83000 : 2.3897899125610325 size: 0.0
84000 : 2.2819342607427884 size: 0.0
85000 : 2.1091584258942007 size: 0.0
86000 : 2.0712971332373566 size: 0.0
87000 : 2.089058641505213 size: 0.0
88000 : 2.409083098317473 size: 0.0
89000 : 2.3186344985236573 size: 0.0
90000 : 2.4585021410602503 size: 0.0
91000 : 2.395305912122155 size: 0.0
92000 : 2.2181386722664365 size: 0.0
93000 : 2.192532347362124 size: 0.0
94000 : 2.0981164517782047 size: 0.0
95000 : 1.8868003367671666 size: 0.0
96000 : 2.032782478489885 size: 0.0
97000 : 2.2297127607042015 size: 0.0
98000 : 2.3836325896948423 size: 0.0
99000 : 2.398725099203959 size: 0.0
100000 : 2.2766739993834983 size: 0.0
101000 : 2.084508324528685 size: 0.0
102000 : 2.078680348438897 size: 0.0
103000 : 1.9844792591859057 size: 0.0
104000 : 2.0297442329797426 size: 0.0
105000 : 2.1340912667377343 size: 0.0
106000 : 2.199767657483922 size: 0.0
107000 : 2.1912374899837777 size: 0.0
108000 : 2.3232059693662417 size: 0.0
109000 : 2.038189097085059 size: 0.0
110000 : 2.0756685882569874 size: 0.0
111000 : 1.9231370032241117 size: 0.0
112000 : 2.0192436602486628 size: 0.0
113000 : 2.1724059056622527 size: 0.0
114000 : 2.1259896800035403 size: 0.0
115000 : 2.289664192968468 size: 0.0
116000 : 2.264904710637004 size: 0.0
117000 : 2.027016072189106 size: 0.0
118000 : 2.1927610842877714 size: 0.0
119000 : 1.8419973083735472 size: 0.0
120000 : 1.9149738467009085 size: 0.0
121000 : 2.129541465709159 size: 0.0
122000 : 2.178374907525748 size: 0.0
123000 : 2.119894614856962 size: 0.0
124000 : 2.3609522056296584 size: 0.0
125000 : 2.210492667574378 size: 0.0
126000 : 2.0756214650106513 size: 0.0
127000 : 2.0201193959068564 size: 0.0
128000 : 1.822121961343936 size: 0.0
129000 : 2.0961831947998557 size: 0.0
130000 : 2.2378791848977713 size: 0.0
131000 : 2.2367693808517535 size: 0.0
132000 : 2.278404660799131 size: 0.0
133000 : 2.0921770309306575 size: 0.0
134000 : 1.94679700046861 size: 0.0
135000 : 2.052097678025636 size: 0.0
136000 : 1.7737110809005163 size: 0.0
137000 : 1.961162023364577 size: 0.0
138000 : 2.162926909877298 size: 0.0
139000 : 2.208825983704866 size: 0.0
140000 : 2.1896753715659907 size: 0.0
141000 : 2.2378005888263273 size: 0.0
142000 : 2.0503073386301542 size: 0.0
143000 : 1.9506810566556956 size: 0.0
144000 : 1.874895697674443 size: 0.0
145000 : 1.8571739173989357 size: 0.0
146000 : 2.1389979317668506 size: 0.0
147000 : 2.2049728843949357 size: 0.0
148000 : 2.257371870529213 size: 0.0
149000 : 2.285652869619744 size: 0.0
150000 : 2.048650457771742 size: 0.0
151000 : 2.0199960843461877 size: 0.0
152000 : 1.757190599441286 size: 0.0
153000 : 1.9758890697406102 size: 0.0
154000 : 2.111983412917273 size: 0.0
155000 : 2.2892101587701905 size: 0.0
156000 : 2.2708774961188185 size: 0.0
157000 : 2.111936805618889 size: 0.0
158000 : 1.992143494038956 size: 0.0
159000 : 1.9932087545784 size: 0.0
160000 : 2.0370467883180283 size: 0.0
161000 : 1.9643992528017675 size: 0.0
162000 : 1.92717309207456 size: 0.0
163000 : 2.120981717193066 size: 0.0
164000 : 2.0559067497769457 size: 0.0
165000 : 2.2213385814683897 size: 0.0
166000 : 1.9844140777612287 size: 0.0
167000 : 2.1388039353366772 size: 0.0
168000 : 1.8362229908708283 size: 0.0
169000 : 1.8909482143406757 size: 0.0
170000 : 2.0296114623732766 size: 0.0
171000 : 2.0020297447411535 size: 0.0
172000 : 2.1942148536355144 size: 0.0
173000 : 2.195075970768385 size: 0.0
174000 : 1.975413021763022 size: 0.0
175000 : 1.911841526680744 size: 0.0
176000 : 1.894394230716014 size: 0.0
177000 : 1.7989225336384482 size: 0.0
178000 : 1.970596475642958 size: 0.0
179000 : 2.083566891497862 size: 0.0
180000 : 2.1358905492310614 size: 0.0
181000 : 2.166179961718368 size: 0.0
182000 : 2.108062552442903 size: 0.0
183000 : 1.913284461121483 size: 0.0
184000 : 2.1052533878237094 size: 0.0
185000 : 1.779065932717781 size: 0.0
186000 : 1.8350142968005645 size: 0.0
187000 : 2.0139154657422824 size: 0.0
188000 : 2.1905858477196585 size: 0.0
189000 : 2.1185259769213958 size: 0.0
190000 : 2.1756507023360814 size: 0.0
191000 : 1.9011025859955686 size: 0.0
192000 : 1.9840321042936624 size: 0.0
193000 : 1.7557406137118616 size: 0.0
194000 : 1.9610712165249213 size: 0.0
195000 : 2.093842338938962 size: 0.0
196000 : 2.1978615737644094 size: 0.0
197000 : 2.1460760497457603 size: 0.0
198000 : 2.1543191782016144 size: 0.0
199000 : 2.046228942047594 size: 0.0
200000 : 1.9750888344661455 size: 0.0
201000 : 1.8694902829578248 size: 0.0
202000 : 1.7720258229047117 size: 0.0
203000 : 1.9231598769166764 size: 0.0
204000 : 2.0237294837311177 size: 0.0
205000 : 2.056059298388261 size: 0.0
206000 : 2.152552400429301 size: 0.0
207000 : 1.9029056521072143 size: 0.0
208000 : 1.755942005396022 size: 0.0
209000 : 1.8732346892324099 size: 0.0
210000 : 1.753524961220796 size: 0.0
211000 : 1.9936963253935962 size: 0.0
212000 : 2.013656459870083 size: 0.0
213000 : 2.1602675421470066 size: 0.0
214000 : 2.1380625181288075 size: 0.0
215000 : 2.0421008424789338 size: 0.0
216000 : 1.9682473646148229 size: 0.0
217000 : 1.792412646337989 size: 0.0
218000 : 1.732281492203571 size: 0.0
219000 : 1.9241969323013792 size: 0.0
220000 : 2.016463044749513 size: 0.0
221000 : 2.1238168511925393 size: 0.0
222000 : 2.2284208270309205 size: 0.0
223000 : 2.0026026189511774 size: 0.0
224000 : 1.8878549343822573 size: 0.0
225000 : 1.9161558834602885 size: 0.0
226000 : 1.77114045621807 size: 0.0
227000 : 1.8456562392706535 size: 0.0
228000 : 1.9842262727064865 size: 0.0
229000 : 2.0821258488662826 size: 0.0
230000 : 2.1769431519573152 size: 0.0
231000 : 2.0420712614629855 size: 0.0
232000 : 2.0008652502121613 size: 0.0
233000 : 1.855952496612508 size: 0.0
234000 : 1.6710804339981353 size: 0.0
235000 : 1.8266399455821019 size: 0.0
236000 : 1.9258262959356534 size: 0.0
237000 : 2.161496702152723 size: 0.0
238000 : 2.0821470027323388 size: 0.0
239000 : 1.9956569276134322 size: 0.0
240000 : 1.8653623553718157 size: 0.0
241000 : 1.8551471018585175 size: 0.0
242000 : 1.8376318727466965 size: 0.0
243000 : 1.8152880587292513 size: 0.0
244000 : 1.8604661812844026 size: 0.0
245000 : 1.9348216765063817 size: 0.0
246000 : 2.035594222848841 size: 0.0
247000 : 2.0333097772974305 size: 0.0
248000 : 1.9016864670952478 size: 0.0
249000 : 1.9777198250590446 size: 0.0
250000 : 1.8154674366341013 size: 0.0
251000 : 1.7578090490537885 size: 0.0
252000 : 1.9816867768838462 size: 0.0
253000 : 2.0020084188924465 size: 0.0
254000 : 2.1103148372386022 size: 0.0
255000 : 2.111316808162529 size: 0.0
256000 : 2.0224636914207674 size: 0.0
257000 : 1.9568051868702694 size: 0.0
258000 : 1.8344479579312734 size: 0.0
259000 : 1.7701673783794882 size: 0.0
260000 : 1.9531961309419135 size: 0.0
261000 : 1.9601824101852623 size: 0.0
262000 : 2.0695363748578233 size: 0.0
263000 : 2.257094806478673 size: 0.0
264000 : 2.0473676391789564 size: 0.0
265000 : 1.8793223591250008 size: 0.0
266000 : 1.8569653024434392 size: 0.0
267000 : 1.6716079047883317 size: 0.0
268000 : 1.8733107055640914 size: 0.0
269000 : 2.0012059478435207 size: 0.0
270000 : 2.129621609624461 size: 0.0
271000 : 2.0265914470241255 size: 0.0
272000 : 1.9884630653104918 size: 0.0
273000 : 1.9756438224804798 size: 0.0
274000 : 1.8001381070147464 size: 0.0
275000 : 1.6595732468115556 size: 0.0
276000 : 1.7159464080419706 size: 0.0
277000 : 1.926506143354514 size: 0.0
278000 : 2.1449426840765744 size: 0.0
279000 : 2.0955219215072884 size: 0.0
280000 : 2.1161309465254803 size: 0.0
281000 : 1.798317154707411 size: 0.0
282000 : 1.846183366095548 size: 0.0
283000 : 1.6000442039378082 size: 0.0
284000 : 1.8756369428996618 size: 0.0
285000 : 1.8484177646955575 size: 0.0
286000 : 2.0654627937894867 size: 0.0
287000 : 2.012098984983869 size: 0.0
288000 : 2.0100744052179125 size: 0.0
289000 : 1.9162036946372285 size: 0.0
290000 : 1.8305100711744675 size: 0.0
291000 : 1.909007252594525 size: 0.0
292000 : 1.9625000483882895 size: 0.0
293000 : 2.0262557368896412 size: 0.0
294000 : 1.9617803009944288 size: 0.0
295000 : 2.102738313537492 size: 0.0
296000 : 2.1337175484374096 size: 0.0
297000 : 1.9050777929876115 size: 0.0
298000 : 1.8295361334226314 size: 0.0
299000 : 1.8342933455281476 size: 0.0
300000 : 1.7091742471989457 size: 0.0
301000 : 1.8703319660511475 size: 0.0
302000 : 1.9691291196657965 size: 0.0
303000 : 1.9166260840277474 size: 0.0
304000 : 2.152138954136627 size: 0.0
305000 : 2.0247510606772425 size: 0.0
306000 : 1.806551856013373 size: 0.0
307000 : 1.8662172811292548 size: 0.0
308000 : 1.5891312168099596 size: 0.0
309000 : 1.7335259586652143 size: 0.0
310000 : 2.097780225695768 size: 0.0
311000 : 2.1117271587674873 size: 0.0
312000 : 2.118336452040145 size: 0.0
313000 : 2.0017423617315617 size: 0.0
314000 : 1.8774998589738077 size: 0.0
315000 : 1.889136377113836 size: 0.0
316000 : 1.6910350650297945 size: 0.0
317000 : 1.7971186076135481 size: 0.0
318000 : 1.9657770058178294 size: 0.0
319000 : 1.9011651876804827 size: 0.0
320000 : 1.9507273199887778 size: 0.0
321000 : 2.120137798325282 size: 0.0
322000 : 1.9778065043150796 size: 0.0
323000 : 1.7712611880389757 size: 0.0
324000 : 1.7003740669369467 size: 0.0
325000 : 1.7220505882690442 size: 0.0
326000 : 1.9219375962169944 size: 0.0
327000 : 1.99999587791205 size: 0.0
328000 : 2.074336238660753 size: 0.0
329000 : 1.949143531756982 size: 0.0
330000 : 1.7857343880223353 size: 0.0
331000 : 1.9014897189426607 size: 0.0
332000 : 1.7233038258458815 size: 0.0
333000 : 1.8243413974533205 size: 0.0
334000 : 1.8799255022815766 size: 0.0
335000 : 1.9636076166598462 size: 0.0
336000 : 2.015667281023971 size: 0.0
337000 : 2.0322099482451628 size: 0.0
338000 : 2.0114798474407634 size: 0.0
339000 : 1.8372605622034837 size: 0.0
340000 : 1.8188293534931674 size: 0.0
341000 : 1.6307561777982853 size: 0.0
342000 : 1.890015380442396 size: 0.0
343000 : 1.9921993884004863 size: 0.0
344000 : 2.124061926470019 size: 0.0
345000 : 2.0881620959462652 size: 0.0
346000 : 1.8474601652955533 size: 0.0
347000 : 1.754762032428452 size: 0.0
348000 : 1.9133278007495005 size: 0.0
349000 : 1.6599347543436693 size: 0.0
350000 : 1.7587714639680168 size: 0.0
351000 : 1.8799822565563613 size: 0.0
352000 : 2.0635687488555345 size: 0.0
353000 : 2.0566650212845996 size: 0.0
354000 : 1.9488773026134465 size: 0.0
355000 : 1.6895553263017709 size: 0.0
356000 : 1.7425555637834642 size: 0.0
357000 : 1.7324598382125158 size: 0.0
358000 : 1.7697370777870296 size: 0.0
359000 : 1.8763381161672295 size: 0.0
360000 : 1.9450878368843354 size: 0.0
361000 : 1.9209254783166667 size: 0.0
362000 : 1.9637918100789202 size: 0.0
363000 : 1.7067467120820172 size: 0.0
364000 : 1.685727680424168 size: 0.0
365000 : 1.6278924946787685 size: 0.0
366000 : 1.8121595223274058 size: 0.0
367000 : 1.9800391830885806 size: 0.0
368000 : 1.9770936362272533 size: 0.0
369000 : 2.0451519866878907 size: 0.0
370000 : 1.9925765463538285 size: 0.0
371000 : 1.905004700360995 size: 0.0
372000 : 1.6634260021561844 size: 0.0
373000 : 1.7252195405938424 size: 0.0
374000 : 1.6309250647614324 size: 0.0
375000 : 1.913541403201872 size: 0.0
376000 : 1.9562601738496852 size: 0.0
377000 : 1.8984726272985746 size: 0.0
378000 : 2.0227588136496477 size: 0.0
379000 : 1.951385153628328 size: 0.0
380000 : 1.8452250787649405 size: 0.0
381000 : 1.7389748849925006 size: 0.0
382000 : 1.8893362209541387 size: 0.0
383000 : 1.7599466214213624 size: 0.0
384000 : 1.8268562997568871 size: 0.0
385000 : 2.067139968600701 size: 0.0
386000 : 2.0298983294349155 size: 0.0
387000 : 1.868409715962454 size: 0.0
waiting for write process!
write end!
end join!
last series
Last encode part don't need inference.
51.35098648071289
压缩完成，总共用时：6111.108780384064 秒
@@@@@@@@@@@@@
end！
main执行完毕
