start!
start to right
413884
0 : 6.634761151528104 size: 0.0
1000 : 2.6102764864813772 size: 0.0
2000 : 2.4233024519081594 size: 0.0
3000 : 2.2344075431074546 size: 0.0
4000 : 1.9754651325062333 size: 0.0
5000 : 1.8522693161616302 size: 0.0
6000 : 1.8038400335745683 size: 0.0
7000 : 1.789348947395519 size: 0.0
8000 : 1.8622052698499272 size: 0.0
9000 : 1.8615369452686743 size: 0.0
10000 : 1.7859063706731981 size: 0.0
11000 : 1.7885688340912054 size: 0.0
12000 : 1.7229431782270221 size: 0.0
13000 : 1.7552353286836266 size: 0.0
14000 : 1.8099086133929134 size: 0.0
15000 : 1.8272487641661561 size: 0.0
16000 : 1.8077235738137014 size: 0.0
17000 : 1.7655780213412142 size: 0.0
18000 : 1.7829828375911814 size: 0.0
19000 : 1.7353709885436706 size: 0.0
20000 : 1.7009675790650742 size: 0.0
21000 : 1.919000820470861 size: 0.0
22000 : 1.664102065956726 size: 0.0
23000 : 1.7284586618401925 size: 0.0
24000 : 1.7660614645727895 size: 0.0
25000 : 1.6546622822161683 size: 0.0
26000 : 1.6331460487146747 size: 0.0
27000 : 1.6054508225329824 size: 0.0
28000 : 1.6339180788343979 size: 0.0
29000 : 1.6970085384422124 size: 0.0
30000 : 1.5912672413336757 size: 0.0
31000 : 1.633242187016507 size: 0.0
32000 : 1.7622793940976655 size: 0.0
33000 : 1.7931427126909016 size: 0.0
34000 : 1.6252037179151795 size: 0.0
35000 : 1.689941083387656 size: 0.0
36000 : 1.6094525148532584 size: 0.0
37000 : 1.6363230842240635 size: 0.0
38000 : 1.6391714608876533 size: 0.0
39000 : 1.6648682486663198 size: 0.0
40000 : 1.8507090895530027 size: 0.0
41000 : 1.7197687224573965 size: 0.0
42000 : 1.7316442964821244 size: 0.0
43000 : 1.523588800548794 size: 0.0
44000 : 1.7182425484136399 size: 0.0
45000 : 1.6070965245190887 size: 0.0
46000 : 1.6317751750046474 size: 0.0
47000 : 1.5815285517459183 size: 0.0
48000 : 1.481428973516285 size: 0.0
49000 : 1.5583406468780385 size: 0.0
50000 : 1.454775274268218 size: 0.0
51000 : 1.582689778604544 size: 0.0
52000 : 1.571744802703635 size: 0.0
53000 : 1.606914394891825 size: 0.0
54000 : 1.5932596603439213 size: 0.0
55000 : 1.6508836513940615 size: 0.0
56000 : 1.5305303643029189 size: 0.0
57000 : 1.5492021767417923 size: 0.0
58000 : 1.8195890008620283 size: 0.0
59000 : 1.7375233514192185 size: 0.0
60000 : 1.6039626566550664 size: 0.0
61000 : 1.6469987352937214 size: 0.0
62000 : 1.5376401270895874 size: 0.0
63000 : 1.6520895937419116 size: 0.0
64000 : 1.7109623508199663 size: 0.0
65000 : 1.635824678501863 size: 0.0
66000 : 1.6307984855303974 size: 0.0
67000 : 1.738499352962865 size: 0.0
68000 : 1.6226301695276684 size: 0.0
69000 : 1.6246566411027847 size: 0.0
70000 : 1.5298787220387997 size: 0.0
71000 : 1.4610861776416288 size: 0.0
72000 : 1.6711005559682863 size: 0.0
73000 : 1.5625002192718063 size: 0.0
74000 : 1.5312877758973187 size: 0.0
75000 : 1.631167388316498 size: 0.0
76000 : 1.6218256346869322 size: 0.0
77000 : 1.6879548557528417 size: 0.0
78000 : 1.5898456327416437 size: 0.0
79000 : 1.5042094514842712 size: 0.0
80000 : 1.5827109324706001 size: 0.0
81000 : 1.4965608670524495 size: 0.0
82000 : 1.5964674807478145 size: 0.0
83000 : 1.564343357341103 size: 0.0
84000 : 1.5783470446876071 size: 0.0
85000 : 1.4893097345267716 size: 0.0
86000 : 1.5612805183118872 size: 0.0
87000 : 1.6110715595284808 size: 0.0
88000 : 1.5343571502672673 size: 0.0
89000 : 1.6107857243627468 size: 0.0
90000 : 1.6115324730327931 size: 0.0
91000 : 1.6034984754803878 size: 0.0
92000 : 1.5895248850977846 size: 0.0
93000 : 1.5240170373494426 size: 0.0
94000 : 1.5404370809405692 size: 0.0
95000 : 1.5427492156987688 size: 0.0
96000 : 1.6858532277592981 size: 0.0
97000 : 1.5660965484839986 size: 0.0
98000 : 1.5590710571962527 size: 0.0
99000 : 1.4475277533782083 size: 0.0
100000 : 1.5287020167415963 size: 0.0
101000 : 1.7014001154319942 size: 0.0
102000 : 1.6443875227056715 size: 0.0
103000 : 1.5805169497935432 size: 0.0
104000 : 1.4489543494671153 size: 0.0
105000 : 1.6042689577562532 size: 0.0
106000 : 1.5640461713204121 size: 0.0
107000 : 1.6507202678757418 size: 0.0
108000 : 1.477537866040514 size: 0.0
109000 : 1.6770903677325362 size: 0.0
110000 : 1.6528347945681 size: 0.0
111000 : 1.732633712672538 size: 0.0
112000 : 1.4712661747115001 size: 0.0
113000 : 1.702366829912494 size: 0.0
114000 : 1.6315359471372972 size: 0.0
115000 : 1.6548571385595958 size: 0.0
116000 : 1.6861922055641487 size: 0.0
117000 : 1.5698583250063207 size: 0.0
118000 : 1.5658753787949888 size: 0.0
119000 : 1.5067890192645623 size: 0.0
120000 : 1.4413393876435374 size: 0.0
121000 : 1.5272021560434217 size: 0.0
122000 : 1.7067511836309397 size: 0.0
123000 : 1.5623144780088745 size: 0.0
124000 : 1.5916772479733328 size: 0.0
125000 : 1.5546502431558242 size: 0.0
126000 : 1.4984514723333844 size: 0.0
127000 : 1.4502242693610863 size: 0.0
128000 : 1.554807435298713 size: 0.0
129000 : 1.8060794196714531 size: 0.0
130000 : 1.4716404089597777 size: 0.0
131000 : 1.5562433184507665 size: 0.0
132000 : 1.545020590568714 size: 0.0
133000 : 1.4992164511644221 size: 0.0
134000 : 1.592744916269889 size: 0.0
135000 : 1.612961476878812 size: 0.0
136000 : 1.496392152071953 size: 0.0
137000 : 1.527866353041054 size: 0.0
138000 : 1.6600276249751353 size: 0.0
139000 : 1.5456486712096649 size: 0.0
140000 : 1.6532774779114208 size: 0.0
141000 : 1.5900865804355024 size: 0.0
142000 : 1.4461025331505082 size: 0.0
143000 : 1.5515196429621685 size: 0.0
144000 : 1.6151714539423991 size: 0.0
145000 : 1.5841901552506712 size: 0.0
146000 : 1.4276440651900302 size: 0.0
147000 : 1.6847790241220089 size: 0.0
148000 : 1.582371438717797 size: 0.0
149000 : 1.495948608815378 size: 0.0
150000 : 1.6302434975160631 size: 0.0
151000 : 1.768804931819353 size: 0.0
152000 : 1.4720005406306844 size: 0.0
153000 : 1.5203988663405907 size: 0.0
154000 : 1.6427688219957506 size: 0.0
155000 : 1.6820704693535706 size: 0.0
156000 : 1.6691418455576097 size: 0.0
157000 : 1.5413602838104008 size: 0.0
158000 : 1.4699835281013653 size: 0.0
159000 : 1.5181314470716154 size: 0.0
160000 : 1.579616104668324 size: 0.0
161000 : 1.639201901816856 size: 0.0
162000 : 1.5187712225328251 size: 0.0
163000 : 1.512890791734524 size: 0.0
164000 : 1.4553940678460224 size: 0.0
165000 : 1.6214140802034174 size: 0.0
166000 : 1.5257048750850102 size: 0.0
167000 : 1.5471079440022357 size: 0.0
168000 : 1.5422680082416547 size: 0.0
169000 : 1.5283484204114224 size: 0.0
170000 : 1.465354443070742 size: 0.0
171000 : 1.3787576527169751 size: 0.0
172000 : 1.516457195965466 size: 0.0
173000 : 1.6083280922819172 size: 0.0
174000 : 1.5206112649144063 size: 0.0
175000 : 1.5116005778877513 size: 0.0
176000 : 1.627357800617236 size: 0.0
177000 : 1.4694161573361688 size: 0.0
178000 : 1.5267912894905105 size: 0.0
179000 : 1.5413614876889568 size: 0.0
180000 : 1.573527058914526 size: 0.0
181000 : 1.4890629394227837 size: 0.0
182000 : 1.5610130852897957 size: 0.0
183000 : 1.5378896739159893 size: 0.0
184000 : 1.669239359720649 size: 0.0
185000 : 1.5184738645294833 size: 0.0
186000 : 1.4806603830495793 size: 0.0
187000 : 1.47704668358965 size: 0.0
188000 : 1.4552635330140176 size: 0.0
189000 : 1.4949397585854165 size: 0.0
190000 : 1.5460440593239984 size: 0.0
191000 : 1.6280452152727347 size: 0.0
192000 : 1.555285031120159 size: 0.0
193000 : 1.4900260422676153 size: 0.0
194000 : 1.4640103986542492 size: 0.0
195000 : 1.504759967949683 size: 0.0
196000 : 1.587775477573208 size: 0.0
197000 : 1.5847257092254579 size: 0.0
198000 : 1.5446900399137555 size: 0.0
199000 : 1.5686133425967248 size: 0.0
200000 : 1.4918408031995196 size: 0.0
201000 : 1.5044638138248971 size: 0.0
202000 : 1.5591842217805205 size: 0.0
203000 : 1.5096821114173766 size: 0.0
204000 : 1.3353560249539114 size: 0.0
205000 : 1.6027469112961172 size: 0.0
206000 : 1.4704418618659147 size: 0.0
207000 : 1.565154599505223 size: 0.0
208000 : 1.5158562885833513 size: 0.0
209000 : 1.4522476452484874 size: 0.0
210000 : 1.5701728812747489 size: 0.0
211000 : 1.6121074110346274 size: 0.0
212000 : 1.5054270886523797 size: 0.0
213000 : 1.5932730749906887 size: 0.0
214000 : 1.5070966962269559 size: 0.0
215000 : 1.405400689040689 size: 0.0
216000 : 1.5555228831263022 size: 0.0
217000 : 1.5847033514808457 size: 0.0
218000 : 1.5678473318697819 size: 0.0
219000 : 1.6628328339933585 size: 0.0
220000 : 1.487744864386571 size: 0.0
221000 : 1.401806423620307 size: 0.0
222000 : 1.5899249167436915 size: 0.0
223000 : 1.4810311776448395 size: 0.0
224000 : 1.5803159020746846 size: 0.0
225000 : 1.4333034982819726 size: 0.0
226000 : 1.5788003909552817 size: 0.0
227000 : 1.5823616357066979 size: 0.0
228000 : 1.479834866325438 size: 0.0
229000 : 1.513944873401662 size: 0.0
230000 : 1.431260258398397 size: 0.0
231000 : 1.4979332886063346 size: 0.0
232000 : 1.443942947003624 size: 0.0
233000 : 1.520456136563328 size: 0.0
234000 : 1.4885712410239669 size: 0.0
235000 : 1.5531846070051714 size: 0.0
236000 : 1.6036905801014016 size: 0.0
237000 : 1.5791178709287743 size: 0.0
238000 : 1.3966849522602633 size: 0.0
239000 : 1.603388922531788 size: 0.0
240000 : 1.683912747509613 size: 0.0
241000 : 1.4069229934748009 size: 0.0
242000 : 1.4727878772063343 size: 0.0
243000 : 1.4411426394909503 size: 0.0
244000 : 1.3646470781529596 size: 0.0
245000 : 1.5737556238575228 size: 0.0
246000 : 1.5019095274942829 size: 0.0
247000 : 1.547209069800943 size: 0.0
248000 : 1.5223875017325175 size: 0.0
249000 : 1.490332343368802 size: 0.0
250000 : 1.5024297750131428 size: 0.0
251000 : 1.5529452071551704 size: 0.0
252000 : 1.5614641957830087 size: 0.0
253000 : 1.5957869453983504 size: 0.0
254000 : 1.578486694600108 size: 0.0
255000 : 1.6096965582348326 size: 0.0
256000 : 1.6347714567479792 size: 0.0
257000 : 1.648162713874761 size: 0.0
258000 : 1.7229896135427551 size: 0.0
259000 : 1.5504929065365176 size: 0.0
260000 : 1.487763782478166 size: 0.0
261000 : 1.5110603803813911 size: 0.0
262000 : 1.4985338520231475 size: 0.0
263000 : 1.5471686538779903 size: 0.0
264000 : 1.4881079197625424 size: 0.0
265000 : 1.4242666698923863 size: 0.0
266000 : 1.4599583154172704 size: 0.0
267000 : 1.4238716257433546 size: 0.0
268000 : 1.4517335891050585 size: 0.0
269000 : 1.4909793421013477 size: 0.0
270000 : 1.316839684831418 size: 0.0
271000 : 1.345398951851045 size: 0.0
272000 : 1.2342101042764289 size: 0.0
273000 : 1.4663018954943452 size: 0.0
274000 : 1.2660384175236563 size: 0.0
275000 : 1.4430206040470468 size: 0.0
276000 : 1.3789469196242496 size: 0.0
277000 : 1.4144105161540896 size: 0.0
278000 : 1.567027318590468 size: 0.0
279000 : 1.4225081472873142 size: 0.0
280000 : 1.4914514344779664 size: 0.0
281000 : 1.4489424826642059 size: 0.0
282000 : 1.4715105620583762 size: 0.0
283000 : 1.4461544719110688 size: 0.0
284000 : 1.600208791334684 size: 0.0
285000 : 1.4905483535782857 size: 0.0
286000 : 1.4953151967122502 size: 0.0
287000 : 1.3939665944807258 size: 0.0
288000 : 1.48990737423852 size: 0.0
289000 : 1.4791827081133662 size: 0.0
290000 : 1.450562043287381 size: 0.0
291000 : 1.4978773942448043 size: 0.0
292000 : 1.424706515521968 size: 0.0
293000 : 1.532391732533207 size: 0.0
294000 : 1.5237731659505191 size: 0.0
295000 : 1.5963419334126847 size: 0.0
296000 : 1.5642597737727837 size: 0.0
297000 : 1.418668462624151 size: 0.0
298000 : 1.5155787085848589 size: 0.0
299000 : 1.446696045278636 size: 0.0
300000 : 1.3441610207301344 size: 0.0
301000 : 1.389340605137818 size: 0.0
302000 : 1.3526364977473047 size: 0.0
303000 : 1.3798738201210747 size: 0.0
304000 : 1.40266014549919 size: 0.0
305000 : 1.329212030743163 size: 0.0
306000 : 1.457481765244846 size: 0.0
307000 : 1.4172293977930566 size: 0.0
308000 : 1.425653366006293 size: 0.0
309000 : 1.5083399588100432 size: 0.0
310000 : 1.4200785483785752 size: 0.0
311000 : 1.5593966203543361 size: 0.0
312000 : 1.5230934905143092 size: 0.0
313000 : 1.5466033469046043 size: 0.0
314000 : 1.5246903494275703 size: 0.0
315000 : 1.4027690965085116 size: 0.0
316000 : 1.552590922894393 size: 0.0
317000 : 1.4404707032740294 size: 0.0
318000 : 1.4034053463253786 size: 0.0
319000 : 1.5161527866734388 size: 0.0
320000 : 1.539257795903603 size: 0.0
321000 : 1.5447977010531957 size: 0.0
322000 : 1.3548956618490384 size: 0.0
323000 : 1.5822426237123006 size: 0.0
324000 : 1.5913410218908959 size: 0.0
325000 : 1.6410679135787174 size: 0.0
326000 : 1.5430267956972614 size: 0.0
327000 : 1.3983312561856476 size: 0.0
328000 : 1.4499657794368395 size: 0.0
329000 : 1.3435667346800781 size: 0.0
330000 : 1.5100873025428094 size: 0.0
331000 : 1.6020990526503172 size: 0.0
332000 : 1.3106869195054756 size: 0.0
333000 : 1.4767890535786574 size: 0.0
334000 : 1.3711150876779337 size: 0.0
335000 : 1.5473886196884439 size: 0.0
336000 : 1.3858512491344626 size: 0.0
337000 : 1.4755452750476177 size: 0.0
338000 : 1.4730396598071973 size: 0.0
339000 : 1.5161278491890637 size: 0.0
340000 : 1.6764689944149689 size: 0.0
341000 : 1.3973118290226583 size: 0.0
342000 : 1.4672106518215042 size: 0.0
343000 : 1.3093408972884977 size: 0.0
344000 : 1.477598059968316 size: 0.0
345000 : 1.410053851642433 size: 0.0
346000 : 1.4834853700726518 size: 0.0
347000 : 1.5122291744766547 size: 0.0
348000 : 1.6006146703907203 size: 0.0
349000 : 1.420320098011712 size: 0.0
350000 : 1.4900282780420766 size: 0.0
351000 : 1.572072945601481 size: 0.0
352000 : 1.4009984491265535 size: 0.0
353000 : 1.4871972716262238 size: 0.0
354000 : 1.5367659392752517 size: 0.0
355000 : 1.5312291298133744 size: 0.0
356000 : 1.4785749214252168 size: 0.0
357000 : 1.4284576291199367 size: 0.0
358000 : 1.5013887640274701 size: 0.0
359000 : 1.4904332971848584 size: 0.0
360000 : 1.650299942277033 size: 0.0
361000 : 1.5230797319022402 size: 0.0
362000 : 1.4562250880149914 size: 0.0
363000 : 1.503883716343537 size: 0.0
364000 : 1.5126195750941134 size: 0.0
365000 : 1.5902136756144902 size: 0.0
366000 : 1.466895063657171 size: 0.0
367000 : 1.5858903757371008 size: 0.0
368000 : 1.488804105533235 size: 0.0
369000 : 1.4648058184144896 size: 0.0
370000 : 1.4322535441984552 size: 0.0
371000 : 1.409013528587364 size: 0.0
372000 : 1.4545035416798548 size: 0.0
373000 : 1.6269527814744542 size: 0.0
374000 : 1.4732441471790734 size: 0.0
375000 : 1.5094494188907592 size: 0.0
376000 : 1.5425077520569574 size: 0.0
377000 : 1.48697128642299 size: 0.0
378000 : 1.484543235358109 size: 0.0
379000 : 1.3280831366228993 size: 0.0
380000 : 1.4319231655261477 size: 0.0
381000 : 1.4295406038724199 size: 0.0
382000 : 1.4557108598889117 size: 0.0
383000 : 1.4699759608647274 size: 0.0
384000 : 1.4383181684158304 size: 0.0
385000 : 1.4302113362107847 size: 0.0
386000 : 1.4732491346759482 size: 0.0
387000 : 1.5754947124230476 size: 0.0
388000 : 1.6018011786990227 size: 0.0
389000 : 1.5598236532764285 size: 0.0
390000 : 1.4269859735765036 size: 0.0
391000 : 1.4848068847618816 size: 0.0
392000 : 1.482913355775882 size: 0.0
393000 : 1.4982631513306894 size: 0.0
394000 : 1.4979025037118303 size: 0.0
395000 : 1.5908235260944497 size: 0.0
396000 : 1.4744163809273543 size: 0.0
397000 : 1.6266211989235908 size: 0.0
398000 : 1.469627867979381 size: 0.0
399000 : 1.4414520362798524 size: 0.0
400000 : 1.53239431227297 size: 0.0
401000 : 1.3928078613705377 size: 0.0
402000 : 1.3924636380948359 size: 0.0
403000 : 1.443956705615693 size: 0.0
404000 : 1.400462551186465 size: 0.0
405000 : 1.378069550130873 size: 0.0
406000 : 1.4390047231580747 size: 0.0
407000 : 1.421213289908968 size: 0.0
408000 : 1.4692599970891855 size: 0.0
409000 : 1.5175845422418717 size: 0.0
410000 : 1.4949502495271192 size: 0.0
411000 : 1.4013774128977297 size: 0.0
412000 : 1.4010672421868986 size: 0.0
413000 : 1.476357205142341 size: 0.0
waiting for write process!
write end!
end join!
last series
Last encode part don't need inference.
39.44871425628662
压缩完成，总共用时：6153.601814508438 秒
@@@@@@@@@@@@@
end！
main执行完毕
