start!
start to right
1953060
0 : 7.765529882685985 size: 0.0
1000 : 5.593025430964787 size: 0.0
2000 : 5.366625061611874 size: 0.0
3000 : 4.976281198428083 size: 0.0
4000 : 4.890030179193876 size: 0.0
5000 : 4.791393657375133 size: 0.0
6000 : 4.958982495473698 size: 0.0
7000 : 4.796273837076016 size: 0.0
8000 : 4.774827944478726 size: 0.0
9000 : 4.720091370153921 size: 0.0
10000 : 4.580712158345778 size: 0.0
11000 : 4.596296194271061 size: 0.0
12000 : 4.742728758556389 size: 0.0
13000 : 4.700486723816768 size: 0.0
14000 : 4.481410407633498 size: 0.0
15000 : 4.7201295503024125 size: 0.0
16000 : 4.599609612022584 size: 0.0
17000 : 4.588203378652061 size: 0.0
18000 : 4.4303504784188386 size: 0.0
19000 : 4.626572364094252 size: 0.0
20000 : 4.647370570028393 size: 0.0
21000 : 4.554207568056009 size: 0.0
22000 : 4.65298511564846 size: 0.0
23000 : 4.701260301780349 size: 0.0
24000 : 4.705686791248255 size: 0.0
25000 : 4.585891587859163 size: 0.0
26000 : 4.4385643698240465 size: 0.0
27000 : 4.554578706616572 size: 0.0
28000 : 4.58676801144796 size: 0.0
29000 : 4.474197455256312 size: 0.0
30000 : 4.601816837363757 size: 0.0
31000 : 4.497424744151239 size: 0.0
32000 : 4.504494606962908 size: 0.0
33000 : 4.578476727849864 size: 0.0
34000 : 4.5139804820538965 size: 0.0
35000 : 4.57817094269663 size: 0.0
36000 : 4.609959527951508 size: 0.0
37000 : 4.457911386150207 size: 0.0
38000 : 4.449620446517413 size: 0.0
39000 : 4.5280672370207675 size: 0.0
40000 : 4.568895230404995 size: 0.0
41000 : 4.6071950788215394 size: 0.0
42000 : 4.568587725425252 size: 0.0
43000 : 4.403453079754499 size: 0.0
44000 : 4.425887528628949 size: 0.0
45000 : 4.416719477476755 size: 0.0
46000 : 4.465973588857354 size: 0.0
47000 : 4.434094540728122 size: 0.0
48000 : 4.588483022442364 size: 0.0
49000 : 4.427907980811285 size: 0.0
50000 : 4.482534486239538 size: 0.0
51000 : 4.565546728192696 size: 0.0
52000 : 4.536087819926406 size: 0.0
53000 : 4.472486915810831 size: 0.0
54000 : 4.574432039866872 size: 0.0
55000 : 4.59972243264155 size: 0.0
56000 : 4.581095679657203 size: 0.0
57000 : 4.442537169058977 size: 0.0
58000 : 4.530661423326382 size: 0.0
59000 : 4.634961333838038 size: 0.0
60000 : 4.3266284296140824 size: 0.0
61000 : 4.4423999269035885 size: 0.0
62000 : 4.6593955969767205 size: 0.0
63000 : 4.536019026866061 size: 0.0
64000 : 4.264480434932996 size: 0.0
65000 : 4.4431415160941095 size: 0.0
66000 : 4.495879652015888 size: 0.0
67000 : 4.4321053893882425 size: 0.0
68000 : 4.269537068833665 size: 0.0
69000 : 4.376481384584986 size: 0.0
70000 : 4.259816953372201 size: 0.0
71000 : 4.335071401910239 size: 0.0
72000 : 4.418725483116418 size: 0.0
73000 : 4.450354812436597 size: 0.0
74000 : 4.273951519516011 size: 0.0
75000 : 4.316587050560806 size: 0.0
76000 : 4.235723559847528 size: 0.0
77000 : 4.283394742909586 size: 0.0
78000 : 4.482959283387168 size: 0.0
79000 : 4.353625578215922 size: 0.0
80000 : 4.282828576022946 size: 0.0
81000 : 4.425680805482612 size: 0.0
82000 : 4.317641648175897 size: 0.0
83000 : 4.419870543605863 size: 0.0
84000 : 4.2177400219774075 size: 0.0
85000 : 4.273204770845965 size: 0.0
86000 : 4.441169219054014 size: 0.0
87000 : 4.411809028829319 size: 0.0
88000 : 4.360078367276295 size: 0.0
89000 : 4.287687429875122 size: 0.0
90000 : 4.3389410115546525 size: 0.0
91000 : 4.403506394376267 size: 0.0
92000 : 4.269732785090346 size: 0.0
93000 : 4.338546139388272 size: 0.0
94000 : 4.432252950502683 size: 0.0
95000 : 4.363261078213163 size: 0.0
96000 : 4.284370916435884 size: 0.0
97000 : 4.359753320066164 size: 0.0
98000 : 4.423667576571612 size: 0.0
99000 : 4.4255851831287325 size: 0.0
100000 : 4.492988279689582 size: 0.0
101000 : 4.282756343309583 size: 0.0
102000 : 4.301597730642207 size: 0.0
103000 : 4.327793784056329 size: 0.0
104000 : 4.333539380456354 size: 0.0
105000 : 4.422370139453503 size: 0.0
106000 : 4.457848440499991 size: 0.0
107000 : 4.4017047041258275 size: 0.0
108000 : 4.282520383112599 size: 0.0
109000 : 4.368865992804781 size: 0.0
110000 : 4.408459838686417 size: 0.0
111000 : 4.245511436473432 size: 0.0
112000 : 4.32761079451581 size: 0.0
113000 : 4.50219072737195 size: 0.0
114000 : 4.447051025713523 size: 0.0
115000 : 4.308384166045254 size: 0.0
116000 : 4.310720722339876 size: 0.0
117000 : 4.378714407323789 size: 0.0
118000 : 4.478882262665815 size: 0.0
119000 : 4.391195188296903 size: 0.0
120000 : 4.465817428610371 size: 0.0
121000 : 4.335770683368647 size: 0.0
122000 : 4.402364429574537 size: 0.0
123000 : 4.316593241936237 size: 0.0
124000 : 4.3896218910068106 size: 0.0
125000 : 4.34246459210553 size: 0.0
126000 : 4.4119125623851385 size: 0.0
127000 : 4.534865711209375 size: 0.0
128000 : 4.360899412451515 size: 0.0
129000 : 4.303303454573465 size: 0.0
130000 : 4.293550662408337 size: 0.0
131000 : 4.326112137696192 size: 0.0
132000 : 4.418167571397019 size: 0.0
133000 : 4.495765799501017 size: 0.0
134000 : 4.429524617729395 size: 0.0
135000 : 4.421202721219446 size: 0.0
136000 : 4.574889857683469 size: 0.0
137000 : 4.478459529309994 size: 0.0
138000 : 4.261837061589235 size: 0.0
139000 : 4.310680822364876 size: 0.0
140000 : 4.329158638373576 size: 0.0
141000 : 4.39933512716224 size: 0.0
142000 : 4.414171382521571 size: 0.0
143000 : 4.334319493760667 size: 0.0
144000 : 4.384808440574462 size: 0.0
145000 : 4.4084670619577535 size: 0.0
146000 : 4.415860252153044 size: 0.0
147000 : 4.366318929745503 size: 0.0
148000 : 4.427694034393612 size: 0.0
149000 : 4.419463976619223 size: 0.0
150000 : 4.363823117516182 size: 0.0
151000 : 4.443508183105749 size: 0.0
152000 : 4.4548851794256255 size: 0.0
153000 : 4.516940647440547 size: 0.0
154000 : 4.38319352348286 size: 0.0
155000 : 4.423908008317518 size: 0.0
156000 : 4.463162360446351 size: 0.0
157000 : 4.407926692468743 size: 0.0
158000 : 4.54457997926071 size: 0.0
159000 : 4.477681823762793 size: 0.0
160000 : 4.3685815335002545 size: 0.0
161000 : 4.136346824699471 size: 0.0
162000 : 4.342747331583548 size: 0.0
163000 : 4.234731907882653 size: 0.0
164000 : 4.155245310272181 size: 0.0
165000 : 4.29339794181437 size: 0.0
166000 : 4.3219591006431575 size: 0.0
167000 : 4.221699406565571 size: 0.0
168000 : 4.2200638515558655 size: 0.0
169000 : 4.2707873827054375 size: 0.0
170000 : 4.355298281478214 size: 0.0
171000 : 4.280737610953755 size: 0.0
172000 : 4.4528468410476 size: 0.0
173000 : 4.473510212583464 size: 0.0
174000 : 4.446569818256409 size: 0.0
175000 : 4.318865820684739 size: 0.0
176000 : 4.412463594798504 size: 0.0
177000 : 4.376406744114512 size: 0.0
178000 : 4.5012606451960835 size: 0.0
179000 : 4.586393433234381 size: 0.0
180000 : 4.326016515342313 size: 0.0
181000 : 4.275249300599421 size: 0.0
182000 : 4.429036187000945 size: 0.0
183000 : 4.449517256926895 size: 0.0
184000 : 4.302145323402555 size: 0.0
185000 : 4.44263726296178 size: 0.0
186000 : 4.556500440757312 size: 0.0
187000 : 4.401911771237467 size: 0.0
188000 : 4.3696691517843105 size: 0.0
189000 : 4.367871933082794 size: 0.0
190000 : 4.180544302179403 size: 0.0
191000 : 4.289004129050127 size: 0.0
192000 : 4.38153698658975 size: 0.0
193000 : 4.483769321672733 size: 0.0
194000 : 4.501796543136172 size: 0.0
195000 : 4.349952716724096 size: 0.0
196000 : 4.2113491466713455 size: 0.0
197000 : 4.3135402059181205 size: 0.0
198000 : 4.429635718521853 size: 0.0
199000 : 4.405115808023041 size: 0.0
200000 : 4.403468214227775 size: 0.0
201000 : 4.422097718934536 size: 0.0
202000 : 4.32881467307185 size: 0.0
203000 : 4.464534782000236 size: 0.0
204000 : 4.3957589199201985 size: 0.0
205000 : 4.594899007215452 size: 0.0
206000 : 4.389752253856164 size: 0.0
207000 : 4.219605001843363 size: 0.0
208000 : 4.389666950461336 size: 0.0
209000 : 4.361141220058627 size: 0.0
210000 : 4.2998311248525445 size: 0.0
211000 : 4.462497819483417 size: 0.0
212000 : 4.368162583762753 size: 0.0
213000 : 4.375244141394679 size: 0.0
214000 : 4.467428218118352 size: 0.0
215000 : 4.355988275873476 size: 0.0
216000 : 4.251571417159234 size: 0.0
217000 : 4.50831227784676 size: 0.0
218000 : 4.526802820571624 size: 0.0
219000 : 4.301801014135528 size: 0.0
220000 : 4.474570313643382 size: 0.0
221000 : 4.336897169731799 size: 0.0
222000 : 4.534465679563468 size: 0.0
223000 : 4.528752759867107 size: 0.0
224000 : 4.438895264444307 size: 0.0
225000 : 4.4672534837450755 size: 0.0
226000 : 4.366305171133434 size: 0.0
227000 : 4.560273740117243 size: 0.0
228000 : 4.470562773912977 size: 0.0
229000 : 4.427901101505251 size: 0.0
230000 : 4.427776930031328 size: 0.0
231000 : 4.418823169262108 size: 0.0
232000 : 4.593266547893462 size: 0.0
233000 : 4.611669723431688 size: 0.0
234000 : 4.423708164477215 size: 0.0
235000 : 4.434225247542778 size: 0.0
236000 : 4.347660875918699 size: 0.0
237000 : 4.2779848566440455 size: 0.0
238000 : 4.367267586047662 size: 0.0
239000 : 4.388031739416933 size: 0.0
240000 : 4.358647471621117 size: 0.0
241000 : 4.4488000892727975 size: 0.0
242000 : 4.423344593153291 size: 0.0
243000 : 4.393894971950147 size: 0.0
244000 : 4.316924136556498 size: 0.0
245000 : 4.289142403101422 size: 0.0
246000 : 4.48996000917319 size: 0.0
247000 : 4.309628976472199 size: 0.0
248000 : 4.3026155239700135 size: 0.0
249000 : 4.45572720648425 size: 0.0
250000 : 4.411701367689879 size: 0.0
251000 : 4.310634387049143 size: 0.0
252000 : 4.336098826266494 size: 0.0
253000 : 4.355855161301708 size: 0.0
254000 : 4.165102323923732 size: 0.0
255000 : 4.205917246626495 size: 0.0
256000 : 4.3770461756104195 size: 0.0
257000 : 4.296269708118477 size: 0.0
258000 : 4.329198882313878 size: 0.0
259000 : 4.2517874273687175 size: 0.0
260000 : 4.363670052956914 size: 0.0
261000 : 4.280211000076814 size: 0.0
262000 : 4.234983002552912 size: 0.0
263000 : 4.333936660379846 size: 0.0
264000 : 4.408157149220899 size: 0.0
265000 : 4.392093969630312 size: 0.0
266000 : 4.419645246333232 size: 0.0
267000 : 4.3819786380371655 size: 0.0
268000 : 4.183731484665192 size: 0.0
269000 : 4.525398410244678 size: 0.0
270000 : 4.249643835608364 size: 0.0
271000 : 4.376342078637787 size: 0.0
272000 : 4.379469755126379 size: 0.0
273000 : 4.339553613757026 size: 0.0
274000 : 4.43380113832575 size: 0.0
275000 : 4.291906508266088 size: 0.0
276000 : 4.254645435060755 size: 0.0
277000 : 4.335453203395155 size: 0.0
278000 : 4.247725885085941 size: 0.0
279000 : 4.361589750812078 size: 0.0
280000 : 4.250737645267851 size: 0.0
281000 : 4.460641094784702 size: 0.0
282000 : 4.407216404120679 size: 0.0
283000 : 4.458173831675424 size: 0.0
284000 : 4.279349366995991 size: 0.0
285000 : 4.447750307171931 size: 0.0
286000 : 4.432883782866048 size: 0.0
287000 : 4.246257841178176 size: 0.0
288000 : 4.251189271709016 size: 0.0
289000 : 4.455919139122613 size: 0.0
290000 : 4.523397564084541 size: 0.0
291000 : 4.349779702177329 size: 0.0
292000 : 4.447029011934212 size: 0.0
293000 : 4.502574936613977 size: 0.0
294000 : 4.58726641717016 size: 0.0
295000 : 4.414100525669416 size: 0.0
296000 : 4.409878351590733 size: 0.0
297000 : 4.3215294879813015 size: 0.0
298000 : 4.58376416246799 size: 0.0
299000 : 4.524555695255451 size: 0.0
300000 : 4.416014692573518 size: 0.0
301000 : 4.568567087507149 size: 0.0
302000 : 4.276581134247703 size: 0.0
303000 : 4.417940898263182 size: 0.0
304000 : 4.379258560431119 size: 0.0
305000 : 4.413633764754974 size: 0.0
306000 : 4.397697852326026 size: 0.0
307000 : 4.313822601430838 size: 0.0
308000 : 4.270216400304572 size: 0.0
309000 : 4.39774050402344 size: 0.0
310000 : 4.427492126761499 size: 0.0
311000 : 4.369279095132153 size: 0.0
312000 : 4.429374992823145 size: 0.0
313000 : 4.396806638229255 size: 0.0
314000 : 4.326799724334342 size: 0.0
315000 : 4.368415742224823 size: 0.0
316000 : 4.359817641577587 size: 0.0
317000 : 4.362834905204324 size: 0.0
318000 : 4.338759741840644 size: 0.0
319000 : 4.181125259574017 size: 0.0
320000 : 4.225671517869898 size: 0.0
321000 : 4.29738243586956 size: 0.0
322000 : 4.335713929093862 size: 0.0
323000 : 4.246438422961583 size: 0.0
324000 : 4.249020226516334 size: 0.0
325000 : 4.413029761685143 size: 0.0
326000 : 4.2804572792328495 size: 0.0
327000 : 4.522306162182165 size: 0.0
328000 : 4.196655980877532 size: 0.0
329000 : 4.431961611892121 size: 0.0
330000 : 4.464964738627393 size: 0.0
331000 : 4.236677031663911 size: 0.0
332000 : 4.289005848876636 size: 0.0
333000 : 4.482037112413242 size: 0.0
334000 : 4.307638449271113 size: 0.0
335000 : 4.213541581504544 size: 0.0
336000 : 4.267414802922017 size: 0.0
337000 : 4.29201038578721 size: 0.0
338000 : 4.547748243654904 size: 0.0
339000 : 4.4548232656713145 size: 0.0
340000 : 4.1869647585014125 size: 0.0
341000 : 4.340190637495822 size: 0.0
342000 : 4.375883572890587 size: 0.0
343000 : 4.28886310327642 size: 0.0
344000 : 4.441914591862854 size: 0.0
345000 : 4.341777349432682 size: 0.0
346000 : 4.32954009589319 size: 0.0
347000 : 4.312349398043547 size: 0.0
348000 : 4.411950398568329 size: 0.0
349000 : 4.282360095281995 size: 0.0
350000 : 4.4383297854882695 size: 0.0
351000 : 4.287475547249259 size: 0.0
352000 : 4.313112657048076 size: 0.0
353000 : 4.495900289933991 size: 0.0
354000 : 4.466924308951324 size: 0.0
355000 : 4.416549558617702 size: 0.0
356000 : 4.465739004521577 size: 0.0
357000 : 4.475902835222268 size: 0.0
358000 : 4.627664109961929 size: 0.0
359000 : 4.387632739666931 size: 0.0
360000 : 4.427124427853954 size: 0.0
361000 : 4.349891834865691 size: 0.0
362000 : 4.493276178647126 size: 0.0
363000 : 4.189469169863277 size: 0.0
364000 : 4.212415095141393 size: 0.0
365000 : 4.178912874753318 size: 0.0
366000 : 4.264685094287523 size: 0.0
367000 : 4.3262885918959775 size: 0.0
368000 : 4.343132228756179 size: 0.0
369000 : 4.296776712973221 size: 0.0
370000 : 4.336881003362618 size: 0.0
371000 : 4.3507342058896175 size: 0.0
372000 : 4.565103700884073 size: 0.0
373000 : 4.272727690972471 size: 0.0
374000 : 4.3169306718972305 size: 0.0
375000 : 4.183187331557862 size: 0.0
376000 : 4.370847920873325 size: 0.0
377000 : 4.373542201081741 size: 0.0
378000 : 4.341509400462638 size: 0.0
379000 : 4.164523086355627 size: 0.0
380000 : 4.3586361207661595 size: 0.0
381000 : 4.293272738444542 size: 0.0
382000 : 4.390342154348624 size: 0.0
383000 : 4.507446861147619 size: 0.0
384000 : 4.38157310294643 size: 0.0
385000 : 4.416483861245072 size: 0.0
386000 : 4.4029656809219535 size: 0.0
387000 : 4.272808866783678 size: 0.0
388000 : 4.467692727435379 size: 0.0
389000 : 4.321920920494666 size: 0.0
390000 : 4.335850139353346 size: 0.0
391000 : 4.420558818174616 size: 0.0
392000 : 4.497467739813955 size: 0.0
393000 : 4.32173242750932 size: 0.0
394000 : 4.319011318007369 size: 0.0
395000 : 4.441319531890869 size: 0.0
396000 : 4.239482756630087 size: 0.0
397000 : 4.422365667904581 size: 0.0
398000 : 4.4099688144650875 size: 0.0
399000 : 4.403469934054284 size: 0.0
400000 : 4.206404301493738 size: 0.0
401000 : 4.376987701509127 size: 0.0
402000 : 4.2936259908094145 size: 0.0
403000 : 4.333094633321222 size: 0.0
404000 : 4.2677429458198635 size: 0.0
405000 : 4.251659472276476 size: 0.0
406000 : 4.473462057441223 size: 0.0
407000 : 4.421051376486687 size: 0.0
408000 : 4.442576725068676 size: 0.0
409000 : 4.384363005508727 size: 0.0
410000 : 4.408516592961202 size: 0.0
411000 : 4.312158497301089 size: 0.0
412000 : 4.369199983112757 size: 0.0
413000 : 4.324622423974419 size: 0.0
414000 : 4.437092886263264 size: 0.0
415000 : 4.267671057071803 size: 0.0
416000 : 4.414587236571357 size: 0.0
417000 : 4.36313312312092 size: 0.0
418000 : 4.501877718947379 size: 0.0
419000 : 4.334295072224244 size: 0.0
420000 : 4.417539146790767 size: 0.0
421000 : 4.363670396922216 size: 0.0
422000 : 4.25207291856915 size: 0.0
423000 : 4.153541650132735 size: 0.0
424000 : 4.34966241000944 size: 0.0
425000 : 4.229061639883706 size: 0.0
426000 : 4.275110338617525 size: 0.0
427000 : 4.329527025211724 size: 0.0
428000 : 4.2780653445246495 size: 0.0
429000 : 4.284652967983298 size: 0.0
430000 : 4.398686752568487 size: 0.0
431000 : 4.422430333381305 size: 0.0
432000 : 4.410959090568755 size: 0.0
433000 : 4.546879731268047 size: 0.0
434000 : 4.576722848776365 size: 0.0
435000 : 4.27747957161581 size: 0.0
436000 : 4.251371229353629 size: 0.0
437000 : 4.3092695327318955 size: 0.0
438000 : 4.432606546832857 size: 0.0
439000 : 4.350615881825823 size: 0.0
440000 : 4.395012859180756 size: 0.0
441000 : 4.609061778514004 size: 0.0
442000 : 4.26698071871124 size: 0.0
443000 : 4.380938142999446 size: 0.0
444000 : 4.289093560028576 size: 0.0
445000 : 4.32933681239987 size: 0.0
446000 : 4.4620152361650955 size: 0.0
447000 : 4.150432203805135 size: 0.0
448000 : 4.183720821740838 size: 0.0
449000 : 4.3013335652904825 size: 0.0
450000 : 4.351966289600398 size: 0.0
451000 : 4.227540281354173 size: 0.0
452000 : 4.5519501237807845 size: 0.0
453000 : 4.289552065775776 size: 0.0
454000 : 4.300209830649744 size: 0.0
455000 : 4.261611764316604 size: 0.0
456000 : 4.366089504889252 size: 0.0
457000 : 4.286911444154429 size: 0.0
458000 : 4.318434144231073 size: 0.0
459000 : 4.29710348000986 size: 0.0
460000 : 4.299279060543275 size: 0.0
461000 : 4.355434147772396 size: 0.0
462000 : 4.290703661605954 size: 0.0
463000 : 4.411201586106472 size: 0.0
464000 : 4.346150180313519 size: 0.0
465000 : 4.233300324296871 size: 0.0
466000 : 4.320613508382807 size: 0.0
467000 : 4.2595933759260785 size: 0.0
468000 : 4.215728856858218 size: 0.0
469000 : 4.430190878518838 size: 0.0
470000 : 4.19071948373505 size: 0.0
471000 : 4.306020436491796 size: 0.0
472000 : 4.178273787222712 size: 0.0
473000 : 4.324207257855236 size: 0.0
474000 : 4.316446024787099 size: 0.0
475000 : 4.377275944431973 size: 0.0
476000 : 4.436943949287617 size: 0.0
477000 : 4.399584845971293 size: 0.0
478000 : 4.268180813648961 size: 0.0
479000 : 4.212883919847645 size: 0.0
480000 : 4.377109121260636 size: 0.0
481000 : 4.282495617610875 size: 0.0
482000 : 4.309086887156679 size: 0.0
483000 : 4.362065798789666 size: 0.0
484000 : 4.263554136375449 size: 0.0
485000 : 4.068236535478273 size: 0.0
486000 : 4.280632357571427 size: 0.0
487000 : 4.350610722346298 size: 0.0
488000 : 4.230848883591472 size: 0.0
489000 : 4.3225675752619095 size: 0.0
490000 : 4.322325079724193 size: 0.0
491000 : 4.4009218390991 size: 0.0
492000 : 4.382036424207855 size: 0.0
493000 : 4.512469786448718 size: 0.0
494000 : 4.13849729576586 size: 0.0
495000 : 4.38939865752599 size: 0.0
496000 : 4.400046447406209 size: 0.0
497000 : 4.225746846270976 size: 0.0
498000 : 4.290022954273839 size: 0.0
499000 : 4.422375642898331 size: 0.0
500000 : 4.57737156733542 size: 0.0
501000 : 4.344199897052736 size: 0.0
502000 : 4.349580890232931 size: 0.0
503000 : 4.318242555558012 size: 0.0
504000 : 4.417510253705421 size: 0.0
505000 : 4.429860671829181 size: 0.0
506000 : 4.207019999383826 size: 0.0
507000 : 4.413772038806267 size: 0.0
508000 : 4.388404941769305 size: 0.0
509000 : 4.275651052071837 size: 0.0
510000 : 4.450885894862462 size: 0.0
511000 : 4.315673134754121 size: 0.0
512000 : 4.427337342375722 size: 0.0
513000 : 4.298915489219351 size: 0.0
514000 : 4.340024158289786 size: 0.0
515000 : 4.353923796132519 size: 0.0
516000 : 4.595791941138732 size: 0.0
517000 : 4.340340262402073 size: 0.0
518000 : 4.211409684564449 size: 0.0
519000 : 4.507401113762489 size: 0.0
520000 : 4.594080369797345 size: 0.0
521000 : 4.318392524429564 size: 0.0
522000 : 4.33763084772038 size: 0.0
523000 : 4.506425972132097 size: 0.0
524000 : 4.228644753938014 size: 0.0
525000 : 4.463007920025876 size: 0.0
526000 : 4.235221026541707 size: 0.0
527000 : 4.298173212098227 size: 0.0
528000 : 4.36979469911944 size: 0.0
529000 : 4.195328962743474 size: 0.0
530000 : 4.414945648415755 size: 0.0
531000 : 4.310989359240524 size: 0.0
532000 : 4.395152509093257 size: 0.0
533000 : 4.4350600513300655 size: 0.0
534000 : 4.315927325112097 size: 0.0
535000 : 4.25946610876444 size: 0.0
536000 : 4.337793199342794 size: 0.0
537000 : 4.443165937630532 size: 0.0
538000 : 4.4717408550713875 size: 0.0
539000 : 4.466757485779987 size: 0.0
540000 : 4.5746779750576065 size: 0.0
541000 : 4.40490254953597 size: 0.0
542000 : 4.193239373535492 size: 0.0
543000 : 4.364109984577821 size: 0.0
544000 : 4.396964862268049 size: 0.0
545000 : 4.369959458498967 size: 0.0
546000 : 4.315827919139898 size: 0.0
547000 : 4.33119456899449 size: 0.0
548000 : 4.385401436754637 size: 0.0
549000 : 4.5033777516282045 size: 0.0
550000 : 4.540004552817155 size: 0.0
551000 : 4.387799906803569 size: 0.0
552000 : 4.387734553396242 size: 0.0
553000 : 4.458943282055384 size: 0.0
554000 : 4.526495315591881 size: 0.0
555000 : 4.510416657562717 size: 0.0
556000 : 4.416076606327829 size: 0.0
557000 : 4.24528785902731 size: 0.0
558000 : 4.216998776752188 size: 0.0
559000 : 4.477786045249215 size: 0.0
560000 : 4.3337206501703625 size: 0.0
561000 : 4.304870904453429 size: 0.0
562000 : 4.193553413855967 size: 0.0
563000 : 4.270065743502417 size: 0.0
564000 : 4.403523248676051 size: 0.0
565000 : 4.460784872280823 size: 0.0
566000 : 4.272374782572901 size: 0.0
567000 : 4.144757808222567 size: 0.0
568000 : 4.396690721922574 size: 0.0
569000 : 4.226769455113006 size: 0.0
570000 : 4.288504003501418 size: 0.0
571000 : 4.33960624044819 size: 0.0
572000 : 4.392282806580959 size: 0.0
573000 : 4.308929351048489 size: 0.0
574000 : 4.285245964163473 size: 0.0
575000 : 4.409649614665086 size: 0.0
576000 : 4.266766428328265 size: 0.0
577000 : 4.554142902579285 size: 0.0
578000 : 4.28097563494255 size: 0.0
579000 : 4.35087419976742 size: 0.0
580000 : 4.300920118997808 size: 0.0
581000 : 4.271685476108242 size: 0.0
582000 : 4.359685214936423 size: 0.0
583000 : 4.260469455549574 size: 0.0
584000 : 4.410489233966598 size: 0.0
585000 : 4.439035258322109 size: 0.0
586000 : 4.2836558125735955 size: 0.0
587000 : 4.287583896319302 size: 0.0
588000 : 4.358296627013356 size: 0.0
589000 : 4.262289719926305 size: 0.0
590000 : 4.235224466194723 size: 0.0
591000 : 4.359604727055819 size: 0.0
592000 : 4.301148511958154 size: 0.0
593000 : 4.286420605668867 size: 0.0
594000 : 4.183957813833727 size: 0.0
595000 : 4.330056731776382 size: 0.0
596000 : 4.3091116526584035 size: 0.0
597000 : 4.260136497137503 size: 0.0
598000 : 4.519891525764051 size: 0.0
599000 : 4.119185363900475 size: 0.0
600000 : 4.102462458861178 size: 0.0
601000 : 4.245296114194551 size: 0.0
602000 : 4.163516643882778 size: 0.0
603000 : 4.24765193254607 size: 0.0
604000 : 4.268215210179133 size: 0.0
605000 : 4.1792516805755175 size: 0.0
606000 : 4.3419823527525105 size: 0.0
607000 : 4.3262297738293825 size: 0.0
608000 : 4.447993146674949 size: 0.0
609000 : 4.375310526697913 size: 0.0
610000 : 4.346726666159212 size: 0.0
611000 : 4.332085783091261 size: 0.0
612000 : 4.331690222994276 size: 0.0
613000 : 4.422084992218372 size: 0.0
614000 : 4.284352342309591 size: 0.0
615000 : 4.275374847934551 size: 0.0
616000 : 4.381884735509794 size: 0.0
617000 : 4.270825562853928 size: 0.0
618000 : 4.418394244530856 size: 0.0
619000 : 4.344744738090669 size: 0.0
620000 : 4.198538159008574 size: 0.0
621000 : 4.26744919945219 size: 0.0
622000 : 4.341484290995612 size: 0.0
623000 : 4.347440050194991 size: 0.0
624000 : 4.243659871254243 size: 0.0
625000 : 4.45103517580341 size: 0.0
626000 : 4.38749893716456 size: 0.0
627000 : 4.198147414425814 size: 0.0
628000 : 4.381058530855049 size: 0.0
629000 : 4.228678118572282 size: 0.0
630000 : 4.222464385396608 size: 0.0
631000 : 4.250461785095867 size: 0.0
632000 : 4.357606288652793 size: 0.0
633000 : 4.1860219496093825 size: 0.0
634000 : 4.298562236854479 size: 0.0
635000 : 4.277182729560422 size: 0.0
636000 : 4.285429297669293 size: 0.0
637000 : 4.273699736915148 size: 0.0
638000 : 4.3407144966503495 size: 0.0
639000 : 4.308489075462281 size: 0.0
640000 : 4.415451277409292 size: 0.0
641000 : 4.299626809463319 size: 0.0
642000 : 4.376219970955675 size: 0.0
643000 : 4.211676601638588 size: 0.0
644000 : 4.521902690883241 size: 0.0
645000 : 4.256501471828867 size: 0.0
646000 : 4.1922649198357025 size: 0.0
647000 : 4.413815722399587 size: 0.0
648000 : 4.416209720899597 size: 0.0
649000 : 4.4496469318456455 size: 0.0
650000 : 4.2049730618732575 size: 0.0
651000 : 4.330629777969056 size: 0.0
652000 : 4.3261809307565375 size: 0.0
653000 : 4.1906586018766445 size: 0.0
654000 : 4.274746767293601 size: 0.0
655000 : 4.330074961937373 size: 0.0
656000 : 4.271401360769017 size: 0.0
657000 : 4.3540968106792866 size: 0.0
658000 : 4.2173661316944315 size: 0.0
659000 : 4.318989992158661 size: 0.0
660000 : 4.5189136324112456 size: 0.0
661000 : 4.379859811778536 size: 0.0
662000 : 4.114207842019203 size: 0.0
663000 : 4.304870904453429 size: 0.0
664000 : 4.402166649526045 size: 0.0
665000 : 4.342105148365227 size: 0.0
666000 : 4.251645025733803 size: 0.0
667000 : 4.264126838602822 size: 0.0
668000 : 4.4755083070211885 size: 0.0
669000 : 4.410572473569616 size: 0.0
670000 : 4.38112044460936 size: 0.0
671000 : 4.1709628047345335 size: 0.0
672000 : 4.24234179621803 size: 0.0
673000 : 4.2589597918403 size: 0.0
674000 : 4.384120853936312 size: 0.0
675000 : 4.20224679289178 size: 0.0
676000 : 4.3110065575056105 size: 0.0
677000 : 4.19494131384843 size: 0.0
678000 : 4.280075821713235 size: 0.0
679000 : 4.3532747336081625 size: 0.0
680000 : 4.249953404379917 size: 0.0
681000 : 4.231672680489105 size: 0.0
682000 : 4.181581357564105 size: 0.0
683000 : 4.262391533655617 size: 0.0
684000 : 4.2221066614828135 size: 0.0
685000 : 4.292523582017384 size: 0.0
686000 : 4.352240085980572 size: 0.0
687000 : 4.213360655755837 size: 0.0
688000 : 4.4425609026647965 size: 0.0
689000 : 4.14856344032086 size: 0.0
690000 : 4.2224434035132035 size: 0.0
691000 : 4.300778061328195 size: 0.0
692000 : 4.388753034654651 size: 0.0
693000 : 4.35685816412154 size: 0.0
694000 : 4.322453034816435 size: 0.0
695000 : 4.338183599960253 size: 0.0
696000 : 4.476753461413435 size: 0.0
697000 : 4.36946174070737 size: 0.0
698000 : 4.4080089001758544 size: 0.0
699000 : 4.143585918439588 size: 0.0
700000 : 4.342684385933333 size: 0.0
701000 : 4.267438192562535 size: 0.0
702000 : 4.2448740687693345 size: 0.0
703000 : 4.28773696087857 size: 0.0
704000 : 4.460920394609703 size: 0.0
705000 : 4.325092968507179 size: 0.0
706000 : 4.304999547476274 size: 0.0
707000 : 4.365247477830628 size: 0.0
708000 : 4.343655743945406 size: 0.0
709000 : 4.293438185754672 size: 0.0
710000 : 4.296477119195418 size: 0.0
711000 : 4.142906243003378 size: 0.0
712000 : 4.401986755673243 size: 0.0
713000 : 4.357503099062275 size: 0.0
714000 : 4.4350817211440745 size: 0.0
715000 : 4.378418941129607 size: 0.0
716000 : 4.379300524197929 size: 0.0
717000 : 4.481848963393198 size: 0.0
718000 : 4.266720680943135 size: 0.0
719000 : 4.343540859534629 size: 0.0
720000 : 4.256588151084902 size: 0.0
721000 : 4.2028714338797135 size: 0.0
722000 : 4.284081641617132 size: 0.0
723000 : 4.155131113792009 size: 0.0
724000 : 4.172976377610835 size: 0.0
725000 : 4.3872973734977485 size: 0.0
726000 : 4.404310929217003 size: 0.0
727000 : 4.357198001839645 size: 0.0
728000 : 4.191927833840012 size: 0.0
729000 : 4.144130759477521 size: 0.0
730000 : 4.05540319007089 size: 0.0
731000 : 4.19232614565941 size: 0.0
732000 : 4.299920899796295 size: 0.0
733000 : 4.207666654151071 size: 0.0
734000 : 4.262849695437515 size: 0.0
735000 : 4.40865383511659 size: 0.0
736000 : 4.223488714065147 size: 0.0
737000 : 4.453267854576912 size: 0.0
738000 : 4.2871848965693005 size: 0.0
739000 : 4.215384203625889 size: 0.0
740000 : 4.218639147276118 size: 0.0
741000 : 4.340088135835908 size: 0.0
742000 : 4.408379350805813 size: 0.0
743000 : 4.229490220649656 size: 0.0
744000 : 4.357571204192017 size: 0.0
745000 : 4.448534892025167 size: 0.0
746000 : 4.379173257036292 size: 0.0
747000 : 4.272538854021824 size: 0.0
748000 : 4.22883324692336 size: 0.0
749000 : 4.285174763346016 size: 0.0
750000 : 4.383389583704844 size: 0.0
751000 : 4.347720037950595 size: 0.0
752000 : 4.3613524147538865 size: 0.0
753000 : 4.4039239682525615 size: 0.0
754000 : 4.347888924913743 size: 0.0
755000 : 4.354759975781014 size: 0.0
756000 : 4.348440301292409 size: 0.0
757000 : 4.275431946174638 size: 0.0
758000 : 4.265402605906923 size: 0.0
759000 : 4.240702457590006 size: 0.0
760000 : 4.205113743681663 size: 0.0
761000 : 4.391596939769319 size: 0.0
762000 : 4.422090839628502 size: 0.0
763000 : 4.444406964439158 size: 0.0
764000 : 4.29844288089478 size: 0.0
765000 : 4.290910384752291 size: 0.0
766000 : 4.215004121967482 size: 0.0
767000 : 4.234800700942998 size: 0.0
768000 : 4.342664435945832 size: 0.0
769000 : 4.312693363345272 size: 0.0
770000 : 4.466159674085588 size: 0.0
771000 : 4.326852007060204 size: 0.0
772000 : 4.0647937867733015 size: 0.0
773000 : 4.350879359246945 size: 0.0
774000 : 4.342010901872554 size: 0.0
775000 : 4.462976275218117 size: 0.0
776000 : 4.510979040831039 size: 0.0
777000 : 4.361965704886864 size: 0.0
778000 : 4.386551312758305 size: 0.0
779000 : 4.116269570037747 size: 0.0
780000 : 4.2746036777280825 size: 0.0
781000 : 4.262601696454971 size: 0.0
782000 : 4.317892398880855 size: 0.0
783000 : 4.292846909401006 size: 0.0
784000 : 4.426933527111497 size: 0.0
785000 : 4.349726043590259 size: 0.0
786000 : 4.383954030764976 size: 0.0
787000 : 4.381834860541044 size: 0.0
788000 : 4.239794733158752 size: 0.0
789000 : 4.277780197289519 size: 0.0
790000 : 4.283956438247304 size: 0.0
791000 : 4.337036819644299 size: 0.0
792000 : 4.588024860660465 size: 0.0
793000 : 4.3247001601326085 size: 0.0
794000 : 4.577051679604814 size: 0.0
795000 : 4.273806022193381 size: 0.0
796000 : 4.349727419451466 size: 0.0
797000 : 4.357023955396972 size: 0.0
798000 : 4.460127210623924 size: 0.0
799000 : 4.3592390919400845 size: 0.0
800000 : 4.28603054901671 size: 0.0
801000 : 4.3173269199248185 size: 0.0
802000 : 4.370894356189058 size: 0.0
803000 : 4.292199566703158 size: 0.0
804000 : 4.304282379822176 size: 0.0
805000 : 4.184338583422738 size: 0.0
806000 : 4.343017000380101 size: 0.0
807000 : 4.295679807626018 size: 0.0
808000 : 4.441947956497121 size: 0.0
809000 : 4.19125366184863 size: 0.0
810000 : 4.362568332095487 size: 0.0
811000 : 4.258761323861204 size: 0.0
812000 : 4.416757313659944 size: 0.0
813000 : 4.411992362335139 size: 0.0
814000 : 4.3358972625996826 size: 0.0
815000 : 4.363572022845922 size: 0.0
816000 : 4.371685476383026 size: 0.0
817000 : 4.418818697713186 size: 0.0
818000 : 4.294836060740885 size: 0.0
819000 : 4.33021770753759 size: 0.0
820000 : 4.416581891356064 size: 0.0
821000 : 4.437592667846672 size: 0.0
822000 : 4.257452535888138 size: 0.0
823000 : 4.311795613907768 size: 0.0
824000 : 4.487169074714989 size: 0.0
825000 : 4.3904959068384946 size: 0.0
826000 : 4.364026744974804 size: 0.0
827000 : 4.384625794999246 size: 0.0
828000 : 4.4249202982004965 size: 0.0
829000 : 4.2990988227251705 size: 0.0
830000 : 4.399502294298879 size: 0.0
831000 : 4.15386566544696 size: 0.0
832000 : 4.547526386035291 size: 0.0
833000 : 4.27317794155243 size: 0.0
834000 : 4.277900585145122 size: 0.0
835000 : 4.360970613268972 size: 0.0
836000 : 4.4885408083382705 size: 0.0
837000 : 4.383778264495794 size: 0.0
838000 : 4.370466119388409 size: 0.0
839000 : 4.355890933693088 size: 0.0
840000 : 4.489034054580944 size: 0.0
841000 : 4.450252654741985 size: 0.0
842000 : 4.37463222712291 size: 0.0
843000 : 4.243949490038296 size: 0.0
844000 : 4.301744947791346 size: 0.0
845000 : 4.414006967107346 size: 0.0
846000 : 4.442898676591091 size: 0.0
847000 : 4.422713760789927 size: 0.0
848000 : 4.267645603639475 size: 0.0
849000 : 4.293321581517388 size: 0.0
850000 : 4.327778305617751 size: 0.0
851000 : 4.363360484185361 size: 0.0
852000 : 4.174087385535409 size: 0.0
853000 : 4.511942487641172 size: 0.0
854000 : 4.217370259278052 size: 0.0
855000 : 4.182322946754626 size: 0.0
856000 : 4.353765916059027 size: 0.0
857000 : 4.455179613723902 size: 0.0
858000 : 4.319881550220734 size: 0.0
859000 : 4.525001474286487 size: 0.0
860000 : 4.253064226568723 size: 0.0
861000 : 4.361282933762938 size: 0.0
862000 : 4.45823677732564 size: 0.0
863000 : 4.501544416570007 size: 0.0
864000 : 4.3627557931849275 size: 0.0
865000 : 4.291625488614579 size: 0.0
866000 : 4.3150581247946365 size: 0.0
867000 : 4.3922236445490626 size: 0.0
868000 : 4.103464429785105 size: 0.0
869000 : 4.302040070020227 size: 0.0
870000 : 4.501025372929703 size: 0.0
871000 : 4.419806566059742 size: 0.0
872000 : 4.309773785864225 size: 0.0
873000 : 4.429304135970989 size: 0.0
874000 : 4.253955784630795 size: 0.0
875000 : 4.329979339583494 size: 0.0
876000 : 4.172717027773334 size: 0.0
877000 : 4.181422101629406 size: 0.0
878000 : 4.307811807783183 size: 0.0
879000 : 4.422312697248114 size: 0.0
880000 : 4.331611454940181 size: 0.0
881000 : 4.133564833339114 size: 0.0
882000 : 4.329493660577457 size: 0.0
883000 : 4.4067578983734785 size: 0.0
884000 : 4.416991210065118 size: 0.0
885000 : 4.447511939217835 size: 0.0
886000 : 4.193595377622778 size: 0.0
887000 : 4.46615417064076 size: 0.0
888000 : 4.2165031227524015 size: 0.0
889000 : 4.313746929064458 size: 0.0
890000 : 4.320461819684746 size: 0.0
891000 : 4.425252568681963 size: 0.0
892000 : 4.2905320229203925 size: 0.0
893000 : 4.376873848994255 size: 0.0
894000 : 4.392188216122985 size: 0.0
895000 : 4.4704272515840975 size: 0.0
896000 : 4.3721508614362605 size: 0.0
897000 : 4.075939982375719 size: 0.0
898000 : 4.322010007507813 size: 0.0
899000 : 4.256225611656883 size: 0.0
900000 : 4.423108288991006 size: 0.0
901000 : 4.3823556240078565 size: 0.0
902000 : 4.251224356169793 size: 0.0
903000 : 4.340516372636556 size: 0.0
904000 : 4.395047255710929 size: 0.0
905000 : 4.4344763422130375 size: 0.0
906000 : 4.37906353210504 size: 0.0
907000 : 4.377760247576802 size: 0.0
908000 : 4.362053760004105 size: 0.0
909000 : 4.421377455592722 size: 0.0
910000 : 4.446185265049079 size: 0.0
911000 : 4.469062741232152 size: 0.0
912000 : 4.4830982453690655 size: 0.0
913000 : 4.288693184417368 size: 0.0
914000 : 4.415409657607783 size: 0.0
915000 : 4.444012436238078 size: 0.0
916000 : 4.317035581314257 size: 0.0
917000 : 4.402876593908807 size: 0.0
918000 : 4.452423075795873 size: 0.0
919000 : 4.297235218720422 size: 0.0
920000 : 4.379103432080041 size: 0.0
921000 : 4.342727381596048 size: 0.0
922000 : 4.3119813551707 size: 0.0
923000 : 4.421483396905654 size: 0.0
924000 : 4.3783178153309 size: 0.0
925000 : 4.341493234093456 size: 0.0
926000 : 4.195012514665887 size: 0.0
927000 : 4.446001243612656 size: 0.0
928000 : 4.40424076029545 size: 0.0
929000 : 4.401907643653846 size: 0.0
930000 : 4.282392084055056 size: 0.0
931000 : 4.274586479462997 size: 0.0
932000 : 4.3071314444163695 size: 0.0
933000 : 4.330731247733065 size: 0.0
934000 : 4.285166164213473 size: 0.0
935000 : 4.527831276823784 size: 0.0
936000 : 4.210290421472633 size: 0.0
937000 : 4.336424561407228 size: 0.0
938000 : 4.52011647907138 size: 0.0
939000 : 4.118056469780211 size: 0.0
940000 : 4.2219828339741925 size: 0.0
941000 : 4.24782735484995 size: 0.0
942000 : 4.043869345573427 size: 0.0
943000 : 4.212910749141179 size: 0.0
944000 : 4.197960985232279 size: 0.0
945000 : 4.223283366780017 size: 0.0
946000 : 4.323677207325277 size: 0.0
947000 : 4.4016180248697925 size: 0.0
948000 : 4.262509169788807 size: 0.0
949000 : 4.344854119056618 size: 0.0
950000 : 4.265086157829335 size: 0.0
951000 : 4.205626939911838 size: 0.0
952000 : 4.1750817892226975 size: 0.0
953000 : 4.300431344304056 size: 0.0
954000 : 4.385265570460455 size: 0.0
955000 : 4.299586565523017 size: 0.0
956000 : 4.385524920297956 size: 0.0
957000 : 4.45895635273685 size: 0.0
958000 : 4.352463319461392 size: 0.0
959000 : 4.203748545399114 size: 0.0
960000 : 4.3250307107875665 size: 0.0
961000 : 4.446505496744986 size: 0.0
962000 : 4.2815263233906125 size: 0.0
963000 : 4.380630638019703 size: 0.0
964000 : 4.342073503557468 size: 0.0
965000 : 4.528414985940812 size: 0.0
966000 : 4.292431743281823 size: 0.0
967000 : 4.469322091069653 size: 0.0
968000 : 4.225092624267094 size: 0.0
969000 : 4.362017987612726 size: 0.0
970000 : 4.339779942925562 size: 0.0
971000 : 4.3156139727222245 size: 0.0
972000 : 4.2795708806503026 size: 0.0
973000 : 4.539441825583532 size: 0.0
974000 : 4.515281358825023 size: 0.0
975000 : 4.369905455946596 size: 0.0
976000 : 4.430811735888453 size: 0.0
977000 : 4.277897145492106 size: 0.0
978000 : 4.227115828171844 size: 0.0
979000 : 4.454889994939849 size: 0.0
980000 : 4.243012184591094 size: 0.0
981000 : 4.385176139482007 size: 0.0
982000 : 4.388080926455079 size: 0.0
983000 : 4.446899337015462 size: 0.0
984000 : 4.300086347106425 size: 0.0
985000 : 4.325827334426363 size: 0.0
986000 : 4.275603584860199 size: 0.0
987000 : 4.292621268163074 size: 0.0
988000 : 4.414328574664459 size: 0.0
989000 : 4.169464835845519 size: 0.0
990000 : 4.146562938126023 size: 0.0
991000 : 4.368438787900038 size: 0.0
992000 : 4.408536886914003 size: 0.0
993000 : 4.412640736928892 size: 0.0
994000 : 4.590206288604009 size: 0.0
995000 : 4.202999732937258 size: 0.0
996000 : 4.442956462761781 size: 0.0
997000 : 4.284612036112393 size: 0.0
998000 : 4.282776637262385 size: 0.0
999000 : 4.306163526057313 size: 0.0
1000000 : 4.342651021299065 size: 0.0
1001000 : 4.306550830987057 size: 0.0
1002000 : 4.346098241552959 size: 0.0
1003000 : 4.160042250370047 size: 0.0
1004000 : 4.091277051214363 size: 0.0
1005000 : 4.656505600511622 size: 0.0
1006000 : 4.383973636787174 size: 0.0
1007000 : 4.21237863481941 size: 0.0
1008000 : 4.46420079169226 size: 0.0
1009000 : 4.2780932057140895 size: 0.0
1010000 : 4.386922451318868 size: 0.0
1011000 : 4.213055558533206 size: 0.0
1012000 : 4.356984055421972 size: 0.0
1013000 : 4.301163302466128 size: 0.0
1014000 : 4.292860668013075 size: 0.0
1015000 : 4.129314110140389 size: 0.0
1016000 : 4.301659644396518 size: 0.0
1017000 : 4.140643295283326 size: 0.0
1018000 : 4.330781122701816 size: 0.0
1019000 : 4.235390257470155 size: 0.0
1020000 : 4.343856619681613 size: 0.0
1021000 : 4.115901183199599 size: 0.0
1022000 : 4.271004768776128 size: 0.0
1023000 : 4.250828108142205 size: 0.0
1024000 : 4.091317295154665 size: 0.0
1025000 : 4.363330215238809 size: 0.0
1026000 : 4.193430274277949 size: 0.0
1027000 : 4.328786467917109 size: 0.0
1028000 : 4.374817968385841 size: 0.0
1029000 : 4.12137298321945 size: 0.0
1030000 : 4.298402292989176 size: 0.0
1031000 : 4.230167832294056 size: 0.0
1032000 : 4.214177917312736 size: 0.0
1033000 : 4.3329952273490235 size: 0.0
1034000 : 4.288836961913489 size: 0.0
1035000 : 4.334959269221877 size: 0.0
1036000 : 4.303546982007086 size: 0.0
1037000 : 4.460496285392676 size: 0.0
1038000 : 4.293894971675364 size: 0.0
1039000 : 4.316186674949598 size: 0.0
1040000 : 4.282806906208937 size: 0.0
1041000 : 4.332890317931997 size: 0.0
1042000 : 4.278397958971418 size: 0.0
1043000 : 4.40969433015431 size: 0.0
1044000 : 4.346976384968265 size: 0.0
1045000 : 4.315303028089465 size: 0.0
1046000 : 4.194102382477521 size: 0.0
1047000 : 4.336914024031583 size: 0.0
1048000 : 4.354947436870455 size: 0.0
1049000 : 4.443814656189587 size: 0.0
1050000 : 4.187487929725338 size: 0.0
1051000 : 4.452896716016349 size: 0.0
1052000 : 4.383044242541911 size: 0.0
1053000 : 4.502791290788762 size: 0.0
1054000 : 4.638652081525554 size: 0.0
1055000 : 4.462725180547857 size: 0.0
1056000 : 4.375554054131534 size: 0.0
1057000 : 4.395812578507268 size: 0.0
1058000 : 4.380172820203105 size: 0.0
1059000 : 4.341422033275999 size: 0.0
1060000 : 4.310231603680823 size: 0.0
1061000 : 4.346016377811148 size: 0.0
1062000 : 4.350763442940264 size: 0.0
1063000 : 4.505363463315066 size: 0.0
1064000 : 4.292535964768246 size: 0.0
1065000 : 4.323258945518378 size: 0.0
1066000 : 4.31208695251833 size: 0.0
1067000 : 4.40559219996593 size: 0.0
1068000 : 4.367505610036456 size: 0.0
1069000 : 4.487096498036324 size: 0.0
1070000 : 4.319184332554136 size: 0.0
1071000 : 4.381908125150312 size: 0.0
1072000 : 4.443477570193895 size: 0.0
1073000 : 4.4810918957641 size: 0.0
1074000 : 4.324957446178299 size: 0.0
1075000 : 4.315970664740114 size: 0.0
1076000 : 4.191467952231605 size: 0.0
1077000 : 4.382739145319281 size: 0.0
1078000 : 4.3760142797052435 size: 0.0
1079000 : 4.259925302442244 size: 0.0
1080000 : 4.422661822029366 size: 0.0
1081000 : 4.311549334751733 size: 0.0
1082000 : 4.2773516165235685 size: 0.0
1083000 : 4.242401990145832 size: 0.0
1084000 : 4.290348689414573 size: 0.0
1085000 : 4.495378494571273 size: 0.0
1086000 : 4.421054128209101 size: 0.0
1087000 : 4.394311169965236 size: 0.0
1088000 : 4.409859089533837 size: 0.0
1089000 : 4.276667469538436 size: 0.0
1090000 : 4.460084902891811 size: 0.0
1091000 : 4.576898271080245 size: 0.0
1092000 : 4.361753822261001 size: 0.0
1093000 : 4.264021585220494 size: 0.0
1094000 : 4.055906411307315 size: 0.0
1095000 : 4.198751073530342 size: 0.0
1096000 : 4.387790963705725 size: 0.0
1097000 : 4.23990789774302 size: 0.0
1098000 : 4.404743293601272 size: 0.0
1099000 : 4.380826354276384 size: 0.0
1100000 : 4.437422405022318 size: 0.0
1101000 : 4.216983298313611 size: 0.0
1102000 : 4.188815635789998 size: 0.0
1103000 : 4.366587222680849 size: 0.0
1104000 : 4.3441637806960545 size: 0.0
1105000 : 4.212087984139452 size: 0.0
1106000 : 4.34513376284692 size: 0.0
1107000 : 4.282758407101394 size: 0.0
1108000 : 4.334356298047952 size: 0.0
1109000 : 4.2420889817212615 size: 0.0
1110000 : 4.419254501750472 size: 0.0
1111000 : 4.377390484877448 size: 0.0
1112000 : 4.317895150603269 size: 0.0
1113000 : 4.3028972315521266 size: 0.0
1114000 : 4.323840246878294 size: 0.0
1115000 : 4.1127824498088525 size: 0.0
1116000 : 4.400149980962028 size: 0.0
1117000 : 4.267169899627189 size: 0.0
1118000 : 4.285304094299465 size: 0.0
1119000 : 4.483958846553983 size: 0.0
1120000 : 4.229238094083491 size: 0.0
1121000 : 4.158101942103013 size: 0.0
1122000 : 4.334084221494287 size: 0.0
1123000 : 4.282610845986953 size: 0.0
1124000 : 4.288186867493227 size: 0.0
1125000 : 4.352320229895874 size: 0.0
1126000 : 4.162553197072644 size: 0.0
1127000 : 4.418779485668789 size: 0.0
1128000 : 4.454858006166789 size: 0.0
1129000 : 4.386628704951194 size: 0.0
1130000 : 4.321043121044662 size: 0.0
1131000 : 4.3594929383327585 size: 0.0
1132000 : 4.406817060405375 size: 0.0
1133000 : 4.366576559756496 size: 0.0
1134000 : 4.281695554319062 size: 0.0
1135000 : 4.387096497761541 size: 0.0
1136000 : 4.120914821437551 size: 0.0
1137000 : 4.250037675878839 size: 0.0
1138000 : 4.504916996353427 size: 0.0
1139000 : 4.392162074760054 size: 0.0
1140000 : 4.408250707782968 size: 0.0
1141000 : 4.4060445143377 size: 0.0
1142000 : 4.497205294288738 size: 0.0
1143000 : 4.326374927186711 size: 0.0
1144000 : 4.288889588604653 size: 0.0
1145000 : 4.284272198394288 size: 0.0
1146000 : 4.319459160830215 size: 0.0
1147000 : 4.3331369410533345 size: 0.0
1148000 : 4.359799067451294 size: 0.0
1149000 : 4.140780537438714 size: 0.0
1150000 : 4.2963763373620125 size: 0.0
1151000 : 4.462106043004751 size: 0.0
1152000 : 4.156857131676068 size: 0.0
1153000 : 4.504722655957952 size: 0.0
1154000 : 4.217075824979775 size: 0.0
1155000 : 4.306044514062917 size: 0.0
1156000 : 4.101739787762253 size: 0.0
1157000 : 4.217572510875467 size: 0.0
1158000 : 4.22547442575201 size: 0.0
1159000 : 4.1367017968908515 size: 0.0
1160000 : 4.3603982550069 size: 0.0
1161000 : 4.127511387994045 size: 0.0
1162000 : 4.23073881469492 size: 0.0
1163000 : 4.2422361988704 size: 0.0
1164000 : 4.454221670358597 size: 0.0
1165000 : 4.405964026457096 size: 0.0
1166000 : 4.326834808795118 size: 0.0
1167000 : 4.212631449316178 size: 0.0
1168000 : 4.3634678013595 size: 0.0
1169000 : 4.263987188690321 size: 0.0
1170000 : 4.187262288487405 size: 0.0
1171000 : 4.30536759034912 size: 0.0
1172000 : 4.343175568384197 size: 0.0
1173000 : 4.424727333666229 size: 0.0
1174000 : 4.400761207303194 size: 0.0
1175000 : 4.498119210095424 size: 0.0
1176000 : 4.52402530076019 size: 0.0
1177000 : 4.3286991007304705 size: 0.0
1178000 : 4.294751445276661 size: 0.0
1179000 : 4.311651836411647 size: 0.0
1180000 : 4.511369785413799 size: 0.0
1181000 : 4.345265501557481 size: 0.0
1182000 : 4.412276133709063 size: 0.0
1183000 : 4.483777576839974 size: 0.0
1184000 : 4.273428004326784 size: 0.0
1185000 : 4.049694741923451 size: 0.0
1186000 : 4.2610122327956965 size: 0.0
1187000 : 4.265354450764681 size: 0.0
1188000 : 4.282018537737382 size: 0.0
1189000 : 4.40557018618662 size: 0.0
1190000 : 4.44355221066437 size: 0.0
1191000 : 4.227190468642318 size: 0.0
1192000 : 4.380142895221856 size: 0.0
1193000 : 4.364882874610799 size: 0.0
1194000 : 4.334184315397089 size: 0.0
1195000 : 4.218023449386029 size: 0.0
1196000 : 4.310915750665955 size: 0.0
1197000 : 4.476524036557184 size: 0.0
1198000 : 4.518825921259306 size: 0.0
1199000 : 4.354613790527781 size: 0.0
1200000 : 4.375920377177872 size: 0.0
1201000 : 4.416699183523953 size: 0.0
1202000 : 4.286850906261325 size: 0.0
1203000 : 4.436620621903995 size: 0.0
1204000 : 4.386446747306581 size: 0.0
1205000 : 4.351552499342422 size: 0.0
1206000 : 4.291755507498631 size: 0.0
1207000 : 4.355999282763131 size: 0.0
1208000 : 4.449918664434009 size: 0.0
1209000 : 4.346272631960934 size: 0.0
1210000 : 4.40410111038295 size: 0.0
1211000 : 4.297206325635076 size: 0.0
1212000 : 4.361056260629101 size: 0.0
1213000 : 4.359802851069613 size: 0.0
1214000 : 4.32134168292656 size: 0.0
1215000 : 4.39055059732147 size: 0.0
1216000 : 4.3916361518137155 size: 0.0
1217000 : 4.1959333097786065 size: 0.0
1218000 : 4.28618602133309 size: 0.0
1219000 : 4.378380073050512 size: 0.0
1220000 : 4.353372419753852 size: 0.0
1221000 : 4.320610412695091 size: 0.0
1222000 : 4.149800339545865 size: 0.0
1223000 : 4.504085976184458 size: 0.0
1224000 : 4.270354330390565 size: 0.0
1225000 : 4.340210931448624 size: 0.0
1226000 : 4.422062290508459 size: 0.0
1227000 : 4.476445268503089 size: 0.0
1228000 : 4.440890607159617 size: 0.0
1229000 : 4.236250858655073 size: 0.0
1230000 : 4.340777786265868 size: 0.0
1231000 : 4.453468042382516 size: 0.0
1232000 : 4.199385001581423 size: 0.0
1233000 : 4.22100356476018 size: 0.0
1234000 : 4.304397952163556 size: 0.0
1235000 : 4.304838915680368 size: 0.0
1236000 : 4.28417279242209 size: 0.0
1237000 : 4.362372271873503 size: 0.0
1238000 : 4.3319936003903985 size: 0.0
1239000 : 4.360358011066598 size: 0.0
1240000 : 4.099981781105133 size: 0.0
1241000 : 4.346418473248866 size: 0.0
1242000 : 4.359533870203664 size: 0.0
1243000 : 4.184355781687824 size: 0.0
1244000 : 4.251652592970441 size: 0.0
1245000 : 4.477459966143179 size: 0.0
1246000 : 4.312005432741821 size: 0.0
1247000 : 4.3113897348517325 size: 0.0
1248000 : 4.455745780610543 size: 0.0
1249000 : 4.417558064882361 size: 0.0
1250000 : 4.242928601022774 size: 0.0
1251000 : 4.424994938670971 size: 0.0
1252000 : 4.200841350668929 size: 0.0
1253000 : 4.2103351369618585 size: 0.0
1254000 : 4.424425332131313 size: 0.0
1255000 : 4.315300964297655 size: 0.0
1256000 : 4.316443617029987 size: 0.0
1257000 : 4.263202603837086 size: 0.0
1258000 : 4.0436210026255806 size: 0.0
1259000 : 4.267510081310595 size: 0.0
1260000 : 4.2068710624081795 size: 0.0
1261000 : 4.293253132422344 size: 0.0
1262000 : 4.317510253430638 size: 0.0
1263000 : 4.0355852852466665 size: 0.0
1264000 : 4.428483434761072 size: 0.0
1265000 : 4.219826859462977 size: 0.0
1266000 : 4.133106327591914 size: 0.0
1267000 : 4.31181384406876 size: 0.0
1268000 : 4.248959000692627 size: 0.0
1269000 : 4.317009783916627 size: 0.0
1270000 : 4.4408765045822465 size: 0.0
1271000 : 4.305176001676059 size: 0.0
1272000 : 4.304904613052997 size: 0.0
1273000 : 4.3116404855566905 size: 0.0
1274000 : 4.3335758407783365 size: 0.0
1275000 : 4.374402802266658 size: 0.0
1276000 : 4.5065515194672265 size: 0.0
1277000 : 4.309760027252157 size: 0.0
1278000 : 4.23902493881349 size: 0.0
1279000 : 4.275463934947698 size: 0.0
1280000 : 4.16134450300238 size: 0.0
1281000 : 4.318162755608012 size: 0.0
1282000 : 4.286846778677704 size: 0.0
1283000 : 4.345925914936795 size: 0.0
1284000 : 4.295227149288947 size: 0.0
1285000 : 4.237045074536757 size: 0.0
1286000 : 4.444994801139807 size: 0.0
1287000 : 4.438125126133743 size: 0.0
1288000 : 4.26043093143578 size: 0.0
1289000 : 4.200485346581643 size: 0.0
1290000 : 4.448723041045211 size: 0.0
1291000 : 4.202499263423247 size: 0.0
1292000 : 4.432013550652682 size: 0.0
1293000 : 4.303998608448253 size: 0.0
1294000 : 4.1735280979548035 size: 0.0
1295000 : 4.200124870945435 size: 0.0
1296000 : 4.417731767359733 size: 0.0
1297000 : 4.2787085596388765 size: 0.0
1298000 : 4.393740187564371 size: 0.0
1299000 : 4.337936632873614 size: 0.0
1300000 : 4.338905927093877 size: 0.0
1301000 : 4.3467104997900305 size: 0.0
1302000 : 4.28163742418307 size: 0.0
1303000 : 4.247252588830767 size: 0.0
1304000 : 4.54887163433034 size: 0.0
1305000 : 4.377452742597059 size: 0.0
1306000 : 4.269982503899399 size: 0.0
1307000 : 4.329333716712155 size: 0.0
1308000 : 4.349266161981852 size: 0.0
1309000 : 4.26202142699096 size: 0.0
1310000 : 4.356283742067658 size: 0.0
1311000 : 4.339572187883319 size: 0.0
1312000 : 4.448789082383143 size: 0.0
1313000 : 4.284084737304847 size: 0.0
1314000 : 4.225409416309983 size: 0.0
1315000 : 4.27154548223044 size: 0.0
1316000 : 4.45159927889824 size: 0.0
1317000 : 4.432784032928548 size: 0.0
1318000 : 4.423535837861051 size: 0.0
1319000 : 4.305353831737051 size: 0.0
1320000 : 4.554457974795666 size: 0.0
1321000 : 4.413207935711437 size: 0.0
1322000 : 4.283302904174025 size: 0.0
1323000 : 4.193131368430749 size: 0.0
1324000 : 4.3108579644952645 size: 0.0
1325000 : 4.356493216936409 size: 0.0
1326000 : 4.3405263476303055 size: 0.0
1327000 : 4.480057248136509 size: 0.0
1328000 : 4.3287579187970655 size: 0.0
1329000 : 4.324721142016013 size: 0.0
1330000 : 4.417174199605635 size: 0.0
1331000 : 4.224031491311271 size: 0.0
1332000 : 4.147231262707276 size: 0.0
1333000 : 4.2323176154298405 size: 0.0
1334000 : 4.394808199826229 size: 0.0
1335000 : 4.11244914743148 size: 0.0
1336000 : 4.309865280634485 size: 0.0
1337000 : 4.275048424863214 size: 0.0
1338000 : 4.242781383873636 size: 0.0
1339000 : 4.3265145770992115 size: 0.0
1340000 : 4.382401027427684 size: 0.0
1341000 : 4.319873982984096 size: 0.0
1342000 : 4.471666214600913 size: 0.0
1343000 : 4.327638999670552 size: 0.0
1344000 : 4.198747289912024 size: 0.0
1345000 : 4.377922599199217 size: 0.0
1346000 : 4.332234376101606 size: 0.0
1347000 : 4.240948048815438 size: 0.0
1348000 : 4.212066314325443 size: 0.0
1349000 : 4.383383736294714 size: 0.0
1350000 : 4.323921766654803 size: 0.0
1351000 : 4.511171661400005 size: 0.0
1352000 : 4.4377213108695175 size: 0.0
1353000 : 4.339331756137413 size: 0.0
1354000 : 4.411969316659923 size: 0.0
1355000 : 4.354811570576272 size: 0.0
1356000 : 4.259331274366164 size: 0.0
1357000 : 4.321508506097897 size: 0.0
1358000 : 4.448297212001675 size: 0.0
1359000 : 4.2734881982545865 size: 0.0
1360000 : 4.223634555353079 size: 0.0
1361000 : 4.273521218923552 size: 0.0
1362000 : 4.378110060288657 size: 0.0
1363000 : 4.4178342690196475 size: 0.0
1364000 : 4.340088135835908 size: 0.0
1365000 : 4.213677103833424 size: 0.0
1366000 : 4.550782705546728 size: 0.0
1367000 : 4.170443073163626 size: 0.0
1368000 : 4.474547267968167 size: 0.0
1369000 : 4.330622554697721 size: 0.0
1370000 : 4.44758073227818 size: 0.0
1371000 : 4.410526038253883 size: 0.0
1372000 : 4.3100792270521575 size: 0.0
1373000 : 4.375423347316879 size: 0.0
1374000 : 4.40340733236937 size: 0.0
1375000 : 4.321831489516217 size: 0.0
1376000 : 4.26172045735195 size: 0.0
1377000 : 4.3192854583528435 size: 0.0
1378000 : 4.500993384156643 size: 0.0
1379000 : 4.2278333397912435 size: 0.0
1380000 : 4.199692506561166 size: 0.0
1381000 : 4.236048607057659 size: 0.0
1382000 : 4.346674039468048 size: 0.0
1383000 : 4.276347581807832 size: 0.0
1384000 : 4.536948077146022 size: 0.0
1385000 : 4.1987486657732305 size: 0.0
1386000 : 4.235498262574898 size: 0.0
1387000 : 4.6444410175535955 size: 0.0
1388000 : 4.300663864848023 size: 0.0
1389000 : 4.342236199145184 size: 0.0
1390000 : 4.308094547261201 size: 0.0
1391000 : 4.158824269236637 size: 0.0
1392000 : 4.277821473125726 size: 0.0
1393000 : 4.387475547524042 size: 0.0
1394000 : 4.3143189433612275 size: 0.0
1395000 : 4.255297249307525 size: 0.0
1396000 : 4.287839462538485 size: 0.0
1397000 : 4.4311446943005235 size: 0.0
1398000 : 4.176375098757187 size: 0.0
1399000 : 4.277646738752449 size: 0.0
1400000 : 4.249216974668922 size: 0.0
1401000 : 4.180134295539745 size: 0.0
1402000 : 4.294739750456402 size: 0.0
1403000 : 4.238340103897754 size: 0.0
1404000 : 4.28443007846778 size: 0.0
1405000 : 4.2990214305322825 size: 0.0
1406000 : 4.181182701779405 size: 0.0
1407000 : 4.324767577331746 size: 0.0
1408000 : 4.251553874928845 size: 0.0
1409000 : 4.280272913831125 size: 0.0
1410000 : 4.225426270609768 size: 0.0
1411000 : 4.161613827833631 size: 0.0
1412000 : 4.179752838020132 size: 0.0
1413000 : 4.383870791161958 size: 0.0
1414000 : 4.340538042450564 size: 0.0
1415000 : 4.252980986965706 size: 0.0
1416000 : 4.351416289082939 size: 0.0
1417000 : 4.421668106272681 size: 0.0
1418000 : 4.3380112733440885 size: 0.0
1419000 : 4.432299385818416 size: 0.0
1420000 : 4.390832304903583 size: 0.0
1421000 : 4.32169459132613 size: 0.0
1422000 : 4.3772473953119295 size: 0.0
1423000 : 4.288160038199693 size: 0.0
1424000 : 4.2040495150381245 size: 0.0
1425000 : 4.502414992748674 size: 0.0
1426000 : 4.303492635489414 size: 0.0
1427000 : 4.309199363810343 size: 0.0
1428000 : 4.349806531470863 size: 0.0
1429000 : 4.425580711579809 size: 0.0
1430000 : 4.147588986621071 size: 0.0
1431000 : 4.40578138088188 size: 0.0
1432000 : 4.34551040485231 size: 0.0
1433000 : 4.240944265197119 size: 0.0
1434000 : 4.228568393641031 size: 0.0
1435000 : 4.22953493613888 size: 0.0
1436000 : 4.036236411562833 size: 0.0
1437000 : 4.358065482330597 size: 0.0
1438000 : 4.231197664407422 size: 0.0
1439000 : 4.386806878977488 size: 0.0
1440000 : 4.136152484303996 size: 0.0
1441000 : 4.278116939319908 size: 0.0
1442000 : 4.269710427345734 size: 0.0
1443000 : 4.221225422379793 size: 0.0
1444000 : 4.162804635708206 size: 0.0
1445000 : 4.234835441438472 size: 0.0
1446000 : 4.120652719877636 size: 0.0
1447000 : 4.352261411829279 size: 0.0
1448000 : 4.281247367530913 size: 0.0
1449000 : 4.281680419845785 size: 0.0
1450000 : 4.160582619859058 size: 0.0
1451000 : 4.251193055327335 size: 0.0
1452000 : 4.27950071172875 size: 0.0
1453000 : 4.276137762973779 size: 0.0
1454000 : 4.14214917537428 size: 0.0
1455000 : 4.171480472513631 size: 0.0
1456000 : 4.405272656200627 size: 0.0
1457000 : 4.345954120091537 size: 0.0
1458000 : 4.466842445209513 size: 0.0
1459000 : 4.26648850436447 size: 0.0
1460000 : 4.295073396799076 size: 0.0
1461000 : 4.5108531495306075 size: 0.0
1462000 : 4.375941359061277 size: 0.0
1463000 : 4.489552754255947 size: 0.0
1464000 : 4.45953455840905 size: 0.0
1465000 : 4.410542892553668 size: 0.0
1466000 : 4.2999332825471575 size: 0.0
1467000 : 4.396780840831625 size: 0.0
1468000 : 4.2121062143004435 size: 0.0
1469000 : 4.360134777585778 size: 0.0
1470000 : 4.380074790092114 size: 0.0
1471000 : 4.35613858871033 size: 0.0
1472000 : 4.351643306182078 size: 0.0
1473000 : 4.254903753002352 size: 0.0
1474000 : 4.158967702767456 size: 0.0
1475000 : 4.305835383159467 size: 0.0
1476000 : 4.2201900868215985 size: 0.0
1477000 : 4.350289802719788 size: 0.0
1478000 : 4.29020869553677 size: 0.0
1479000 : 4.366489880500461 size: 0.0
1480000 : 4.391273612385697 size: 0.0
1481000 : 4.190467357168885 size: 0.0
1482000 : 4.3149373929737305 size: 0.0
1483000 : 4.333679374334156 size: 0.0
1484000 : 4.382101089684579 size: 0.0
1485000 : 4.1864732320852465 size: 0.0
1486000 : 4.249133047135301 size: 0.0
1487000 : 4.3922050704227695 size: 0.0
1488000 : 4.2508724796661275 size: 0.0
1489000 : 4.359275896227369 size: 0.0
1490000 : 4.327842283163872 size: 0.0
1491000 : 4.289678301041509 size: 0.0
1492000 : 4.388918481964781 size: 0.0
1493000 : 4.366802888925031 size: 0.0
1494000 : 4.3128109994784625 size: 0.0
1495000 : 4.333886097480493 size: 0.0
1496000 : 4.219549279464484 size: 0.0
1497000 : 4.248357749345211 size: 0.0
1498000 : 4.4165299525955035 size: 0.0
1499000 : 4.340073001362631 size: 0.0
1500000 : 4.215635986226752 size: 0.0
1501000 : 4.187257816938483 size: 0.0
1502000 : 4.3150797946086445 size: 0.0
1503000 : 4.286933113968438 size: 0.0
1504000 : 4.329806669002027 size: 0.0
1505000 : 4.345342205819766 size: 0.0
1506000 : 4.505295702150627 size: 0.0
1507000 : 4.44416034131782 size: 0.0
1508000 : 4.305003675059894 size: 0.0
1509000 : 4.176885543264947 size: 0.0
1510000 : 4.203800484159675 size: 0.0
1511000 : 4.1368565812766285 size: 0.0
1512000 : 4.293775271750364 size: 0.0
1513000 : 4.378251773992968 size: 0.0
1514000 : 4.329389783056335 size: 0.0
1515000 : 4.521699407389922 size: 0.0
1516000 : 4.386337366340633 size: 0.0
1517000 : 4.398536439731633 size: 0.0
1518000 : 4.170745418663843 size: 0.0
1519000 : 4.313313532784283 size: 0.0
1520000 : 4.351604094137681 size: 0.0
1521000 : 4.403548702108378 size: 0.0
1522000 : 4.2939070104609245 size: 0.0
1523000 : 4.424449753667736 size: 0.0
1524000 : 4.431505169936732 size: 0.0
1525000 : 4.383686425760233 size: 0.0
1526000 : 4.325916765404812 size: 0.0
1527000 : 4.31580246570757 size: 0.0
1528000 : 4.221163508625482 size: 0.0
1529000 : 4.3409559602921615 size: 0.0
1530000 : 4.231890754490399 size: 0.0
1531000 : 4.285553125177914 size: 0.0
1532000 : 4.261230994727594 size: 0.0
1533000 : 4.349723979798449 size: 0.0
1534000 : 4.279682325408062 size: 0.0
1535000 : 4.193704414623425 size: 0.0
1536000 : 4.351409065811603 size: 0.0
1537000 : 4.45360838022562 size: 0.0
1538000 : 4.238165025559176 size: 0.0
1539000 : 4.224044561992736 size: 0.0
1540000 : 4.183888332842779 size: 0.0
1541000 : 4.382093866413244 size: 0.0
1542000 : 4.371914557273976 size: 0.0
1543000 : 4.3013769049184996 size: 0.0
1544000 : 4.285907753403993 size: 0.0
1545000 : 4.227841250993183 size: 0.0
1546000 : 4.366553858046582 size: 0.0
1547000 : 4.397309515500377 size: 0.0
1548000 : 4.252684144910316 size: 0.0
1549000 : 4.278775632872713 size: 0.0
1550000 : 4.427981589385855 size: 0.0
1551000 : 4.321305566569879 size: 0.0
1552000 : 4.269620652401984 size: 0.0
1553000 : 4.13552543555895 size: 0.0
1554000 : 4.229290720774655 size: 0.0
1555000 : 4.128105072104823 size: 0.0
1556000 : 4.270304799387116 size: 0.0
1557000 : 4.325745126719251 size: 0.0
1558000 : 4.3593722065118525 size: 0.0
1559000 : 4.34876534850254 size: 0.0
1560000 : 4.283282954186525 size: 0.0
1561000 : 4.296964861993265 size: 0.0
1562000 : 4.360988843429963 size: 0.0
1563000 : 4.307503270907534 size: 0.0
1564000 : 4.323653817684759 size: 0.0
1565000 : 4.17060129720242 size: 0.0
1566000 : 4.125732743418822 size: 0.0
1567000 : 4.383603874087819 size: 0.0
1568000 : 4.348585110684436 size: 0.0
1569000 : 4.335881096230501 size: 0.0
1570000 : 4.207273501811199 size: 0.0
1571000 : 4.257837777026071 size: 0.0
1572000 : 4.322406255535401 size: 0.0
1573000 : 4.268593572011031 size: 0.0
1574000 : 4.314458593273728 size: 0.0
1575000 : 4.253500374571311 size: 0.0
1576000 : 4.230031622034572 size: 0.0
1577000 : 4.461664391557336 size: 0.0
1578000 : 4.330978902750308 size: 0.0
1579000 : 4.041440262612641 size: 0.0
1580000 : 4.300222213400607 size: 0.0
1581000 : 4.199577278185088 size: 0.0
1582000 : 4.248054715914391 size: 0.0
1583000 : 4.311652868307553 size: 0.0
1584000 : 4.34196240276501 size: 0.0
1585000 : 4.364516207599159 size: 0.0
1586000 : 4.255184084723258 size: 0.0
1587000 : 4.243766156532476 size: 0.0
1588000 : 4.230100759060219 size: 0.0
1589000 : 4.147638173659217 size: 0.0
1590000 : 4.4356344733839475 size: 0.0
1591000 : 4.328698756765169 size: 0.0
1592000 : 4.334940351130282 size: 0.0
1593000 : 4.198300822950384 size: 0.0
1594000 : 4.180810875288239 size: 0.0
1595000 : 4.358536714793961 size: 0.0
1596000 : 4.453995341190061 size: 0.0
1597000 : 4.339211368281809 size: 0.0
1598000 : 4.231194912685008 size: 0.0
1599000 : 4.188927080547757 size: 0.0
1600000 : 4.268693665913833 size: 0.0
1601000 : 4.353866697892432 size: 0.0
1602000 : 4.28320418613243 size: 0.0
1603000 : 4.215785955098304 size: 0.0
1604000 : 4.132090254090617 size: 0.0
1605000 : 4.345624945297785 size: 0.0
1606000 : 4.183632766623597 size: 0.0
1607000 : 4.415108344003472 size: 0.0
1608000 : 4.4093231915937485 size: 0.0
1609000 : 4.481262502553756 size: 0.0
1610000 : 4.3263078539528745 size: 0.0
1611000 : 4.326776678659126 size: 0.0
1612000 : 4.271444700397034 size: 0.0
1613000 : 4.3520385223137605 size: 0.0
1614000 : 4.311713750165958 size: 0.0
1615000 : 4.334593290140841 size: 0.0
1616000 : 4.3379765328486135 size: 0.0
1617000 : 4.3657259335653285 size: 0.0
1618000 : 4.345493206587224 size: 0.0
1619000 : 4.4273462854735675 size: 0.0
1620000 : 4.453388586397817 size: 0.0
1621000 : 4.370344355671598 size: 0.0
1622000 : 4.392502944374064 size: 0.0
1623000 : 4.4454715370479985 size: 0.0
1624000 : 4.575724317505456 size: 0.0
1625000 : 4.348268318641546 size: 0.0
1626000 : 4.45415046954114 size: 0.0
1627000 : 4.390884931594747 size: 0.0
1628000 : 4.434190507047304 size: 0.0
1629000 : 4.289597813160906 size: 0.0
1630000 : 4.389848564140648 size: 0.0
1631000 : 4.514962846955625 size: 0.0
1632000 : 4.402225467592641 size: 0.0
1633000 : 4.380119161616037 size: 0.0
1634000 : 4.26403259211015 size: 0.0
1635000 : 4.4856975911542065 size: 0.0
1636000 : 4.357130240675205 size: 0.0
1637000 : 4.2581968768010725 size: 0.0
1638000 : 4.355545592530155 size: 0.0
1639000 : 4.385898466615631 size: 0.0
1640000 : 4.19492549144455 size: 0.0
1641000 : 4.151837646027986 size: 0.0
1642000 : 4.2440086520701925 size: 0.0
1643000 : 4.367834440864907 size: 0.0
1644000 : 4.362095035840312 size: 0.0
1645000 : 4.2668651463698595 size: 0.0
1646000 : 4.4149074682672635 size: 0.0
1647000 : 4.249063566144352 size: 0.0
1648000 : 4.222245279499409 size: 0.0
1649000 : 4.305614901401061 size: 0.0
1650000 : 4.25418796120946 size: 0.0
1651000 : 4.184088520648383 size: 0.0
1652000 : 4.096701727987878 size: 0.0
1653000 : 4.2126589665403165 size: 0.0
1654000 : 4.451373637660309 size: 0.0
1655000 : 4.292952850713937 size: 0.0
1656000 : 4.24433713893334 size: 0.0
1657000 : 4.424769641398341 size: 0.0
1658000 : 4.225413887858906 size: 0.0
1659000 : 4.339196577773834 size: 0.0
1660000 : 4.290717420218023 size: 0.0
1661000 : 4.368078656229131 size: 0.0
1662000 : 4.386397216303132 size: 0.0
1663000 : 4.302336568110314 size: 0.0
1664000 : 4.277841423113226 size: 0.0
1665000 : 4.2325436006330746 size: 0.0
1666000 : 4.34209586130208 size: 0.0
1667000 : 4.250752091810523 size: 0.0
1668000 : 4.338604613489565 size: 0.0
1669000 : 4.225569016209984 size: 0.0
1670000 : 4.436268057469726 size: 0.0
1671000 : 4.380863846494273 size: 0.0
1672000 : 4.318432080439263 size: 0.0
1673000 : 4.361011545139877 size: 0.0
1674000 : 4.462241565333631 size: 0.0
1675000 : 4.335487599925328 size: 0.0
1676000 : 4.352054688682942 size: 0.0
1677000 : 4.355000751492222 size: 0.0
1678000 : 4.494022583351871 size: 0.0
1679000 : 4.402531940676478 size: 0.0
1680000 : 4.269371277558233 size: 0.0
1681000 : 4.3604629204836245 size: 0.0
1682000 : 4.378693081475082 size: 0.0
1683000 : 4.2891571936093955 size: 0.0
1684000 : 4.43411999416045 size: 0.0
1685000 : 4.325528084613862 size: 0.0
1686000 : 4.412008184739019 size: 0.0
1687000 : 4.285370135637396 size: 0.0
1688000 : 4.401714679119578 size: 0.0
1689000 : 4.3300870007229335 size: 0.0
1690000 : 4.1937240206456226 size: 0.0
1691000 : 4.443369909054455 size: 0.0
1692000 : 4.294733215115669 size: 0.0
1693000 : 4.245497677861363 size: 0.0
1694000 : 4.2477079988902515 size: 0.0
1695000 : 4.155638462612054 size: 0.0
1696000 : 4.325681493138432 size: 0.0
1697000 : 4.2347838466432135 size: 0.0
1698000 : 4.4289378129246515 size: 0.0
1699000 : 4.264992943232567 size: 0.0
1700000 : 4.145779385168693 size: 0.0
1701000 : 4.354655410329289 size: 0.0
1702000 : 4.488983835646892 size: 0.0
1703000 : 4.181898149606995 size: 0.0
1704000 : 4.349745993577759 size: 0.0
1705000 : 4.443502335695619 size: 0.0
1706000 : 4.3572396216411535 size: 0.0
1707000 : 4.315507687443992 size: 0.0
1708000 : 4.356842341717661 size: 0.0
1709000 : 4.280177291477244 size: 0.0
1710000 : 4.193700631005106 size: 0.0
1711000 : 4.420021200408018 size: 0.0
1712000 : 4.2898523474841825 size: 0.0
1713000 : 4.269401546504785 size: 0.0
1714000 : 4.094026709836358 size: 0.0
1715000 : 4.134197385528988 size: 0.0
1716000 : 4.36514635203192 size: 0.0
1717000 : 4.37687866450848 size: 0.0
1718000 : 4.196127994139383 size: 0.0
1719000 : 4.292487465660702 size: 0.0
1720000 : 4.304230785026917 size: 0.0
1721000 : 4.281652214691044 size: 0.0
1722000 : 4.2305310596526775 size: 0.0
1723000 : 4.236639195480721 size: 0.0
1724000 : 4.351010410026903 size: 0.0
1725000 : 4.289459539109612 size: 0.0
1726000 : 4.34992554346526 size: 0.0
1727000 : 4.432616521826607 size: 0.0
1728000 : 4.463296506914023 size: 0.0
1729000 : 4.373336509831309 size: 0.0
1730000 : 4.361184903651947 size: 0.0
1731000 : 4.2235100399138545 size: 0.0
1732000 : 4.484475138471874 size: 0.0
1733000 : 4.295449694839164 size: 0.0
1734000 : 4.3276981617024495 size: 0.0
1735000 : 4.350767914489186 size: 0.0
1736000 : 4.212961312040533 size: 0.0
1737000 : 4.204377657935971 size: 0.0
1738000 : 4.317975638483873 size: 0.0
1739000 : 4.341281695432896 size: 0.0
1740000 : 4.4082534595053815 size: 0.0
1741000 : 4.450318352114614 size: 0.0
1742000 : 4.2397194047576745 size: 0.0
1743000 : 4.230552041536083 size: 0.0
1744000 : 4.410539796865952 size: 0.0
1745000 : 4.2110457692752234 size: 0.0
1746000 : 4.40541471387024 size: 0.0
1747000 : 4.349920727951036 size: 0.0
1748000 : 4.1781764450423236 size: 0.0
1749000 : 4.246926853690033 size: 0.0
1750000 : 4.311266251308413 size: 0.0
1751000 : 4.3742896376823905 size: 0.0
1752000 : 4.357096876040938 size: 0.0
1753000 : 4.294264734374719 size: 0.0
1754000 : 4.261714265976519 size: 0.0
1755000 : 4.584698028262175 size: 0.0
1756000 : 4.262470301709712 size: 0.0
1757000 : 4.348968631995859 size: 0.0
1758000 : 4.32633881083003 size: 0.0
1759000 : 4.352727484813117 size: 0.0
1760000 : 4.219221136566638 size: 0.0
1761000 : 4.262578306814453 size: 0.0
1762000 : 4.386718135929643 size: 0.0
1763000 : 4.399752357073233 size: 0.0
1764000 : 4.292910199016523 size: 0.0
1765000 : 4.171034349517292 size: 0.0
1766000 : 4.328798506702669 size: 0.0
1767000 : 4.251836958372166 size: 0.0
1768000 : 4.155406629998691 size: 0.0
1769000 : 4.254413946412694 size: 0.0
1770000 : 4.37501093292011 size: 0.0
1771000 : 4.256201878051064 size: 0.0
1772000 : 4.405586696521103 size: 0.0
1773000 : 4.268353484230427 size: 0.0
1774000 : 4.301393759218284 size: 0.0
1775000 : 4.421900282851346 size: 0.0
1776000 : 4.250687426333799 size: 0.0
1777000 : 4.290230021385478 size: 0.0
1778000 : 4.227976429356762 size: 0.0
1779000 : 4.335478656827482 size: 0.0
1780000 : 4.207255271650207 size: 0.0
1781000 : 4.411575476389448 size: 0.0
1782000 : 4.466626091034728 size: 0.0
1783000 : 4.250165974936383 size: 0.0
1784000 : 4.140015902572978 size: 0.0
1785000 : 4.091275675353156 size: 0.0
1786000 : 4.323002347403291 size: 0.0
1787000 : 4.269850077258234 size: 0.0
1788000 : 4.332898573099238 size: 0.0
1789000 : 4.238718465729653 size: 0.0
1790000 : 4.32375975899769 size: 0.0
1791000 : 4.195476867823216 size: 0.0
1792000 : 4.2709383834728945 size: 0.0
1793000 : 4.240477160317376 size: 0.0
1794000 : 4.3095041170676724 size: 0.0
1795000 : 4.4011209950087995 size: 0.0
1796000 : 4.42535747809899 size: 0.0
1797000 : 4.3894168876869815 size: 0.0
1798000 : 4.325416295890801 size: 0.0
1799000 : 4.360964077928239 size: 0.0
1800000 : 4.275763872690804 size: 0.0
1801000 : 4.501713991463758 size: 0.0
1802000 : 4.521320701592721 size: 0.0
1803000 : 4.353438805057086 size: 0.0
1804000 : 4.440392545402718 size: 0.0
1805000 : 4.101318086302338 size: 0.0
1806000 : 4.583935457188249 size: 0.0
1807000 : 4.453215915816351 size: 0.0
1808000 : 4.3115878588655265 size: 0.0
1809000 : 4.343236450242602 size: 0.0
1810000 : 4.260528961546772 size: 0.0
1811000 : 4.4329027009576425 size: 0.0
1812000 : 4.475787950811491 size: 0.0
1813000 : 4.494641720894977 size: 0.0
1814000 : 4.27566549861451 size: 0.0
1815000 : 4.386712288519513 size: 0.0
1816000 : 4.366857923373307 size: 0.0
1817000 : 4.4566129171361935 size: 0.0
1818000 : 4.23669870147792 size: 0.0
1819000 : 4.210912310738154 size: 0.0
1820000 : 4.33735773927081 size: 0.0
1821000 : 4.412277165604968 size: 0.0
1822000 : 4.35392998750795 size: 0.0
1823000 : 4.1791030875651725 size: 0.0
1824000 : 4.299338566540474 size: 0.0
1825000 : 4.2897997207930185 size: 0.0
1826000 : 4.304793856225842 size: 0.0
1827000 : 4.4028542361641945 size: 0.0
1828000 : 4.521309006772463 size: 0.0
1829000 : 4.466407673068132 size: 0.0
1830000 : 4.484184143826614 size: 0.0
1831000 : 4.365918210168993 size: 0.0
1832000 : 4.228458668709781 size: 0.0
1833000 : 4.221009068205007 size: 0.0
1834000 : 4.310528789701513 size: 0.0
1835000 : 4.334231782608727 size: 0.0
1836000 : 4.254170762944375 size: 0.0
1837000 : 4.250165974936383 size: 0.0
1838000 : 4.319813789056295 size: 0.0
1839000 : 4.374879882140152 size: 0.0
1840000 : 4.443869690637863 size: 0.0
1841000 : 4.3861354587085195 size: 0.0
1842000 : 4.309474192086422 size: 0.0
1843000 : 4.367139974920722 size: 0.0
1844000 : 4.33745748920831 size: 0.0
1845000 : 4.2414192812788025 size: 0.0
1846000 : 4.260432995227591 size: 0.0
1847000 : 4.317123636431498 size: 0.0
1848000 : 4.207519437001932 size: 0.0
1849000 : 4.0770654368429655 size: 0.0
1850000 : 4.359530086585345 size: 0.0
1851000 : 4.261724240970269 size: 0.0
1852000 : 4.288070951186546 size: 0.0
1853000 : 4.150202434983583 size: 0.0
1854000 : 4.565599698849162 size: 0.0
1855000 : 4.341567186633328 size: 0.0
1856000 : 4.187897248434391 size: 0.0
1857000 : 4.21964215009595 size: 0.0
1858000 : 4.346673695502746 size: 0.0
1859000 : 4.2884149164882714 size: 0.0
1860000 : 4.346505152504901 size: 0.0
1861000 : 4.14034714115854 size: 0.0
1862000 : 4.237222560632448 size: 0.0
1863000 : 4.254802971168946 size: 0.0
1864000 : 4.22104346473518 size: 0.0
1865000 : 4.278860592302239 size: 0.0
1866000 : 4.130495630951817 size: 0.0
1867000 : 4.302967056508377 size: 0.0
1868000 : 4.185742993749684 size: 0.0
1869000 : 4.3753927344050245 size: 0.0
1870000 : 4.282529326210445 size: 0.0
1871000 : 4.211371504415958 size: 0.0
1872000 : 4.188498499781807 size: 0.0
1873000 : 4.425427647020542 size: 0.0
1874000 : 4.24309920781243 size: 0.0
1875000 : 4.265313862859077 size: 0.0
1876000 : 4.176758964033912 size: 0.0
1877000 : 4.292087434014796 size: 0.0
1878000 : 4.410997270717247 size: 0.0
1879000 : 4.3871711382320155 size: 0.0
1880000 : 4.232930561597516 size: 0.0
1881000 : 4.406425627892012 size: 0.0
1882000 : 4.2030014527637665 size: 0.0
1883000 : 4.338124437928356 size: 0.0
1884000 : 4.215274478694638 size: 0.0
1885000 : 4.241265872754233 size: 0.0
1886000 : 4.389557569495388 size: 0.0
1887000 : 4.314626792306272 size: 0.0
1888000 : 4.403694199431008 size: 0.0
1889000 : 4.2203913065231085 size: 0.0
1890000 : 4.277566938802449 size: 0.0
1891000 : 4.23325629673825 size: 0.0
1892000 : 4.0928111364600595 size: 0.0
1893000 : 4.25248361313941 size: 0.0
1894000 : 4.379954746201812 size: 0.0
1895000 : 4.330165768777029 size: 0.0
1896000 : 4.342632447172772 size: 0.0
1897000 : 4.184709378017998 size: 0.0
1898000 : 4.325526364787353 size: 0.0
1899000 : 4.214679074757351 size: 0.0
1900000 : 4.172524407204368 size: 0.0
1901000 : 4.157289840025639 size: 0.0
1902000 : 4.323567482394026 size: 0.0
1903000 : 4.401558174907293 size: 0.0
1904000 : 4.373311056398982 size: 0.0
1905000 : 4.273459305169242 size: 0.0
1906000 : 4.326290311722486 size: 0.0
1907000 : 4.384035550541484 size: 0.0
1908000 : 4.402299420132511 size: 0.0
1909000 : 4.415568225611879 size: 0.0
1910000 : 4.437763962566931 size: 0.0
1911000 : 4.23828747720659 size: 0.0
1912000 : 4.344177195342821 size: 0.0
1913000 : 4.472603864013417 size: 0.0
1914000 : 4.354926454987049 size: 0.0
1915000 : 4.316531328181927 size: 0.0
1916000 : 4.269170401822025 size: 0.0
1917000 : 4.39346088773937 size: 0.0
1918000 : 4.539500299684826 size: 0.0
1919000 : 4.336216462399684 size: 0.0
1920000 : 4.222813166212558 size: 0.0
1921000 : 4.376021159011278 size: 0.0
1922000 : 4.232337909382642 size: 0.0
1923000 : 4.244613687035928 size: 0.0
1924000 : 4.268869432183015 size: 0.0
1925000 : 4.246225164474512 size: 0.0
1926000 : 4.342597362711996 size: 0.0
1927000 : 4.2254840567804575 size: 0.0
1928000 : 4.562958733262513 size: 0.0
1929000 : 4.277227445049646 size: 0.0
1930000 : 4.270063335745305 size: 0.0
1931000 : 4.534211833170795 size: 0.0
1932000 : 4.283320446404414 size: 0.0
1933000 : 4.230610515637376 size: 0.0
1934000 : 4.239137415467154 size: 0.0
1935000 : 4.331560548075526 size: 0.0
1936000 : 4.37459439093972 size: 0.0
1937000 : 4.335592509342353 size: 0.0
1938000 : 4.298446664513099 size: 0.0
1939000 : 4.394164984712003 size: 0.0
1940000 : 4.360482870471125 size: 0.0
1941000 : 4.4915969400441025 size: 0.0
1942000 : 4.190803067303369 size: 0.0
1943000 : 4.205335601301276 size: 0.0
1944000 : 4.349851934890691 size: 0.0
1945000 : 4.392779836441953 size: 0.0
1946000 : 4.375098644072049 size: 0.0
1947000 : 4.2706449810705225 size: 0.0
1948000 : 4.295450382769768 size: 0.0
1949000 : 4.383104436469713 size: 0.0
1950000 : 4.464528246659503 size: 0.0
1951000 : 4.351736520778846 size: 0.0
1952000 : 4.280935047036946 size: 0.0
1953000 : 4.164131309876961 size: 0.0
waiting for write process!
write end!
end join!
last series
Last encode part don't need inference.
517.6514139175415
29455.644984960556 
@@@@@@@@@@@@@
end
main
