start!
start to right
2399911
0 : 7.8720449297407535 size: 0.0
1000 : 5.663931814123713 size: 0.0
2000 : 5.322155507578278 size: 0.0
3000 : 4.966494353698084 size: 0.0
4000 : 4.685743683054205 size: 0.0
5000 : 4.685442713415195 size: 0.0
6000 : 4.700745729688967 size: 0.0
7000 : 4.759434465330599 size: 0.0
8000 : 4.450513724405995 size: 0.0
9000 : 4.5310831247862975 size: 0.0
10000 : 4.621377800107592 size: 0.0
11000 : 4.539475878148403 size: 0.0
12000 : 4.537096670156367 size: 0.0
13000 : 4.567508362308438 size: 0.0
14000 : 4.512567128629106 size: 0.0
15000 : 4.479304308091032 size: 0.0
16000 : 4.512726728529107 size: 0.0
17000 : 4.556482210596321 size: 0.0
18000 : 4.4204552846187966 size: 0.0
19000 : 4.377620941629603 size: 0.0
20000 : 4.496542817117615 size: 0.0
21000 : 4.424598690643383 size: 0.0
22000 : 4.5110512735444015 size: 0.0
23000 : 4.486781081854642 size: 0.0
24000 : 4.546333858334209 size: 0.0
25000 : 4.630093536888017 size: 0.0
26000 : 4.450949184477979 size: 0.0
27000 : 4.440087104214786 size: 0.0
28000 : 4.593480494311136 size: 0.0
29000 : 4.424632055277651 size: 0.0
30000 : 4.5128502120724265 size: 0.0
31000 : 4.398652012073013 size: 0.0
32000 : 4.456964793639859 size: 0.0
33000 : 4.327974365839735 size: 0.0
34000 : 4.505184601358169 size: 0.0
35000 : 4.436129783418433 size: 0.0
36000 : 4.520625203752632 size: 0.0
37000 : 4.4541652600491135 size: 0.0
38000 : 4.5005957602678475 size: 0.0
39000 : 4.399739630357069 size: 0.0
40000 : 4.507055772599557 size: 0.0
41000 : 4.379862907466251 size: 0.0
42000 : 4.460100381330389 size: 0.0
43000 : 4.410445206407977 size: 0.0
44000 : 4.37486543559748 size: 0.0
45000 : 4.476998708673565 size: 0.0
46000 : 4.380326572692977 size: 0.0
47000 : 4.420334552797891 size: 0.0
48000 : 4.274499800206962 size: 0.0
49000 : 4.3673910695909814 size: 0.0
50000 : 4.409416750155818 size: 0.0
51000 : 4.447025572281195 size: 0.0
52000 : 4.386945840959385 size: 0.0
53000 : 4.4439426112818285 size: 0.0
54000 : 4.5039181211172155 size: 0.0
55000 : 4.5215060988903515 size: 0.0
56000 : 4.499927779651896 size: 0.0
57000 : 4.465258484995067 size: 0.0
58000 : 4.3833011846223 size: 0.0
59000 : 4.401965429824536 size: 0.0
60000 : 4.361006729625653 size: 0.0
61000 : 4.39266151237816 size: 0.0
62000 : 4.356998501964644 size: 0.0
63000 : 4.4269414383134364 size: 0.0
64000 : 4.435522340695585 size: 0.0
65000 : 4.432611018381779 size: 0.0
66000 : 4.547260156891755 size: 0.0
67000 : 4.559682807728878 size: 0.0
68000 : 4.436965619101626 size: 0.0
69000 : 4.440503990160478 size: 0.0
70000 : 4.429366393690602 size: 0.0
71000 : 4.352188147220011 size: 0.0
72000 : 4.404810366835108 size: 0.0
73000 : 4.454782333800409 size: 0.0
74000 : 4.340490231273625 size: 0.0
75000 : 4.392793939019324 size: 0.0
76000 : 4.323124455085403 size: 0.0
77000 : 4.214761626429765 size: 0.0
78000 : 4.273734821375924 size: 0.0
79000 : 4.445098678660928 size: 0.0
80000 : 4.32715813617874 size: 0.0
81000 : 4.400487410923021 size: 0.0
82000 : 4.514344741308424 size: 0.0
83000 : 4.263551384653035 size: 0.0
84000 : 4.243018032001223 size: 0.0
85000 : 4.287149812108525 size: 0.0
86000 : 4.447964597554906 size: 0.0
87000 : 4.279983295047072 size: 0.0
88000 : 4.39678772013766 size: 0.0
89000 : 4.411513218669835 size: 0.0
90000 : 4.2274253969433975 size: 0.0
91000 : 4.20130192020794 size: 0.0
92000 : 4.2933078229053185 size: 0.0
93000 : 4.440440012614356 size: 0.0
94000 : 4.303088820225188 size: 0.0
95000 : 4.251257032873457 size: 0.0
96000 : 4.3080216266172355 size: 0.0
97000 : 4.441102145820178 size: 0.0
98000 : 4.42607911730201 size: 0.0
99000 : 4.339585602530087 size: 0.0
100000 : 4.430342911182201 size: 0.0
101000 : 4.415851996985802 size: 0.0
102000 : 4.2841628174283395 size: 0.0
103000 : 4.33815711463202 size: 0.0
104000 : 4.421317261664921 size: 0.0
105000 : 4.445599836105543 size: 0.0
106000 : 4.324396438771185 size: 0.0
107000 : 4.378574069480685 size: 0.0
108000 : 4.251245338053198 size: 0.0
109000 : 4.360752195302376 size: 0.0
110000 : 4.328873491138445 size: 0.0
111000 : 4.452507691260098 size: 0.0
112000 : 4.275995361338865 size: 0.0
113000 : 4.375024347566876 size: 0.0
114000 : 4.2476522765113724 size: 0.0
115000 : 4.438567809477064 size: 0.0
116000 : 4.285795620715631 size: 0.0
117000 : 4.235554672884381 size: 0.0
118000 : 4.293855415665665 size: 0.0
119000 : 4.290962323512852 size: 0.0
120000 : 4.48409780853588 size: 0.0
121000 : 4.364959234907782 size: 0.0
122000 : 4.3130493674325585 size: 0.0
123000 : 4.42988818905332 size: 0.0
124000 : 4.193454007883768 size: 0.0
125000 : 4.293341531504887 size: 0.0
126000 : 4.21109702010518 size: 0.0
127000 : 4.3633370945448435 size: 0.0
128000 : 4.241177473671689 size: 0.0
129000 : 4.330024399038019 size: 0.0
130000 : 4.608271690215941 size: 0.0
131000 : 4.272582881580445 size: 0.0
132000 : 4.370746795074617 size: 0.0
133000 : 4.420373076911684 size: 0.0
134000 : 4.511255244968325 size: 0.0
135000 : 4.418167571397019 size: 0.0
136000 : 4.527596004557403 size: 0.0
137000 : 4.558991781437711 size: 0.0
138000 : 4.373454489929801 size: 0.0
139000 : 4.520990150937763 size: 0.0
140000 : 4.477289359353524 size: 0.0
141000 : 4.530392442460433 size: 0.0
142000 : 4.260822707914446 size: 0.0
143000 : 4.396842410620635 size: 0.0
144000 : 4.303375343321526 size: 0.0
145000 : 4.356057756864424 size: 0.0
146000 : 4.3340580801313555 size: 0.0
147000 : 4.313323851743336 size: 0.0
148000 : 4.6298417542871535 size: 0.0
149000 : 4.400817961577979 size: 0.0
150000 : 4.26027339532759 size: 0.0
151000 : 4.280805716083497 size: 0.0
152000 : 4.290792748619101 size: 0.0
153000 : 4.2997637076534065 size: 0.0
154000 : 4.125476489269036 size: 0.0
155000 : 4.35066713265578 size: 0.0
156000 : 4.572104770635397 size: 0.0
157000 : 4.254866948715067 size: 0.0
158000 : 4.275089356734119 size: 0.0
159000 : 4.308490107358185 size: 0.0
160000 : 4.213796803758425 size: 0.0
161000 : 4.322219138411262 size: 0.0
162000 : 4.1585889969702565 size: 0.0
163000 : 4.354513352659676 size: 0.0
164000 : 4.366400449522012 size: 0.0
165000 : 4.353704346270018 size: 0.0
166000 : 4.24622069292559 size: 0.0
167000 : 4.471225595049402 size: 0.0
168000 : 4.352304407491994 size: 0.0
169000 : 4.361869050637079 size: 0.0
170000 : 4.281899525742985 size: 0.0
171000 : 4.341549988368241 size: 0.0
172000 : 4.406990762882747 size: 0.0
173000 : 4.3521654455100975 size: 0.0
174000 : 4.194968487107266 size: 0.0
175000 : 4.506885509775202 size: 0.0
176000 : 4.412692331724151 size: 0.0
177000 : 4.254124327628642 size: 0.0
178000 : 4.438955114406807 size: 0.0
179000 : 4.361424991432551 size: 0.0
180000 : 4.437056769906583 size: 0.0
181000 : 4.427269925176584 size: 0.0
182000 : 4.351186176296085 size: 0.0
183000 : 4.269371621523534 size: 0.0
184000 : 4.375132008706317 size: 0.0
185000 : 4.364361423213382 size: 0.0
186000 : 4.277736169730898 size: 0.0
187000 : 4.2814712889423365 size: 0.0
188000 : 4.212959248248723 size: 0.0
189000 : 4.412917628996781 size: 0.0
190000 : 4.436919183785893 size: 0.0
191000 : 4.357359321566154 size: 0.0
192000 : 4.165741067489037 size: 0.0
193000 : 4.256685149299988 size: 0.0
194000 : 4.126409323167316 size: 0.0
195000 : 4.244049239975796 size: 0.0
196000 : 4.502656112425185 size: 0.0
197000 : 4.333045790248377 size: 0.0
198000 : 4.379514470615603 size: 0.0
199000 : 4.272757615953721 size: 0.0
200000 : 4.367803483987751 size: 0.0
201000 : 4.407905022654734 size: 0.0
202000 : 4.408831321212281 size: 0.0
203000 : 4.275350426398129 size: 0.0
204000 : 4.262247412194194 size: 0.0
205000 : 4.342668907494755 size: 0.0
206000 : 4.391184181407248 size: 0.0
207000 : 4.258728991122842 size: 0.0
208000 : 4.4593268033668085 size: 0.0
209000 : 4.4027930103404875 size: 0.0
210000 : 4.3682386000944335 size: 0.0
211000 : 4.59062695816802 size: 0.0
212000 : 4.37663754483197 size: 0.0
213000 : 4.111044393139233 size: 0.0
214000 : 4.486880143861539 size: 0.0
215000 : 4.476378883199856 size: 0.0
216000 : 4.129016924119698 size: 0.0
217000 : 4.302743823027558 size: 0.0
218000 : 4.355018637687912 size: 0.0
219000 : 4.165591098617485 size: 0.0
220000 : 4.386632832534815 size: 0.0
221000 : 4.36965711299875 size: 0.0
222000 : 4.294309793829245 size: 0.0
223000 : 4.379168785487368 size: 0.0
224000 : 4.28505403152511 size: 0.0
225000 : 4.298522336879479 size: 0.0
226000 : 4.291897909133545 size: 0.0
227000 : 4.282611189952255 size: 0.0
228000 : 4.459345377493102 size: 0.0
229000 : 4.456805193739858 size: 0.0
230000 : 4.266033438270287 size: 0.0
231000 : 4.395102290159205 size: 0.0
232000 : 4.308932102770902 size: 0.0
233000 : 4.333330937483508 size: 0.0
234000 : 4.515207406285152 size: 0.0
235000 : 4.3455974280736465 size: 0.0
236000 : 4.4601574795704755 size: 0.0
237000 : 4.3828626288626005 size: 0.0
238000 : 4.444916721016315 size: 0.0
239000 : 4.313453526662086 size: 0.0
240000 : 4.427933090278311 size: 0.0
241000 : 4.514578981678899 size: 0.0
242000 : 4.464697821553254 size: 0.0
243000 : 4.369614461301336 size: 0.0
244000 : 4.319868823504571 size: 0.0
245000 : 4.320681269547246 size: 0.0
246000 : 4.342513779143677 size: 0.0
247000 : 4.279138516266033 size: 0.0
248000 : 4.516200090145932 size: 0.0
249000 : 4.456429583630373 size: 0.0
250000 : 4.347970788655553 size: 0.0
251000 : 4.365919242064898 size: 0.0
252000 : 4.213888298528683 size: 0.0
253000 : 4.2789957706658175 size: 0.0
254000 : 4.466006953491622 size: 0.0
255000 : 4.337715463184604 size: 0.0
256000 : 4.407969000200855 size: 0.0
257000 : 4.247374352547578 size: 0.0
258000 : 4.354091995165063 size: 0.0
259000 : 4.306238510493089 size: 0.0
260000 : 4.278212561673788 size: 0.0
261000 : 4.458992813058833 size: 0.0
262000 : 4.449973698882285 size: 0.0
263000 : 4.422119388748545 size: 0.0
264000 : 4.461862171605828 size: 0.0
265000 : 4.387103377067575 size: 0.0
266000 : 4.436261522128993 size: 0.0
267000 : 4.25433139474028 size: 0.0
268000 : 4.32564537678175 size: 0.0
269000 : 4.339561524958966 size: 0.0
270000 : 4.2763561809403745 size: 0.0
271000 : 4.2716558950922945 size: 0.0
272000 : 4.360238999072201 size: 0.0
273000 : 4.396869927844772 size: 0.0
274000 : 4.348471258169564 size: 0.0
275000 : 4.351287302094792 size: 0.0
276000 : 4.338268215424478 size: 0.0
277000 : 4.292615076787643 size: 0.0
278000 : 4.3378038622671475 size: 0.0
279000 : 4.468569494989477 size: 0.0
280000 : 4.169742415844011 size: 0.0
281000 : 4.1757404827755025 size: 0.0
282000 : 4.39939497712474 size: 0.0
283000 : 4.381995836302251 size: 0.0
284000 : 4.385363256606145 size: 0.0
285000 : 4.448296868036373 size: 0.0
286000 : 4.408188794028657 size: 0.0
287000 : 4.208617374245041 size: 0.0
288000 : 4.181237392262379 size: 0.0
289000 : 4.393714734132043 size: 0.0
290000 : 4.267816554394433 size: 0.0
291000 : 4.426803508227445 size: 0.0
292000 : 4.22264806286773 size: 0.0
293000 : 4.432817741528116 size: 0.0
294000 : 4.324609697258254 size: 0.0
295000 : 4.242515842660703 size: 0.0
296000 : 4.324106819987132 size: 0.0
297000 : 4.42158417873906 size: 0.0
298000 : 4.282474291762169 size: 0.0
299000 : 4.352871950239842 size: 0.0
300000 : 4.240286259574918 size: 0.0
301000 : 4.289330896086767 size: 0.0
302000 : 4.312553713432772 size: 0.0
303000 : 4.2230463746871285 size: 0.0
304000 : 4.30796693613426 size: 0.0
305000 : 4.404100078487045 size: 0.0
306000 : 4.3026155239700135 size: 0.0
307000 : 4.38133783068005 size: 0.0
308000 : 4.398505138889176 size: 0.0
309000 : 4.396941128662229 size: 0.0
310000 : 4.3204604438235386 size: 0.0
311000 : 4.083977419581142 size: 0.0
312000 : 4.230775962947506 size: 0.0
313000 : 4.391188652956171 size: 0.0
314000 : 4.388781239809393 size: 0.0
315000 : 4.374446141894676 size: 0.0
316000 : 4.3697805965420695 size: 0.0
317000 : 4.410384668514873 size: 0.0
318000 : 4.428362015009563 size: 0.0
319000 : 4.2574305221088276 size: 0.0
320000 : 4.2391164335837495 size: 0.0
321000 : 4.3534078481799305 size: 0.0
322000 : 4.223827863852649 size: 0.0
323000 : 4.458818078685556 size: 0.0
324000 : 4.341184697217809 size: 0.0
325000 : 4.389707194401638 size: 0.0
326000 : 4.401459456865697 size: 0.0
327000 : 4.231579121927036 size: 0.0
328000 : 4.375665498889293 size: 0.0
329000 : 4.41813179900564 size: 0.0
330000 : 4.332351324304193 size: 0.0
331000 : 4.546366879003174 size: 0.0
332000 : 4.382877075405273 size: 0.0
333000 : 4.3777010855449054 size: 0.0
334000 : 4.277330978605465 size: 0.0
335000 : 4.23550479791563 size: 0.0
336000 : 4.383200058823593 size: 0.0
337000 : 4.375051864791015 size: 0.0
338000 : 4.450331766761382 size: 0.0
339000 : 4.277740297314518 size: 0.0
340000 : 4.429751978793837 size: 0.0
341000 : 4.537958991167793 size: 0.0
342000 : 4.35258852283122 size: 0.0
343000 : 4.388411477110037 size: 0.0
344000 : 4.256815512149342 size: 0.0
345000 : 4.481772603096215 size: 0.0
346000 : 4.30237165257109 size: 0.0
347000 : 4.31394470911295 size: 0.0
348000 : 4.457383743377361 size: 0.0
349000 : 4.2391845387134905 size: 0.0
350000 : 4.257124736955594 size: 0.0
351000 : 4.379369661223577 size: 0.0
352000 : 4.314894741276317 size: 0.0
353000 : 4.478786984277237 size: 0.0
354000 : 4.276904461631325 size: 0.0
355000 : 4.253464258214629 size: 0.0
356000 : 4.310507463852806 size: 0.0
357000 : 4.265460736042914 size: 0.0
358000 : 4.234096947935667 size: 0.0
359000 : 4.326425146120762 size: 0.0
360000 : 4.18887961333612 size: 0.0
361000 : 4.296651853568695 size: 0.0
362000 : 4.293104883377301 size: 0.0
363000 : 4.392338872925141 size: 0.0
364000 : 4.171507301807165 size: 0.0
365000 : 4.197364893364388 size: 0.0
366000 : 4.307746798341157 size: 0.0
367000 : 4.290932398531601 size: 0.0
368000 : 4.24005133127384 size: 0.0
369000 : 4.0889360233708185 size: 0.0
370000 : 4.216007812717917 size: 0.0
371000 : 4.321695279256733 size: 0.0
372000 : 4.2749039594364895 size: 0.0
373000 : 4.106958429320034 size: 0.0
374000 : 4.224432210887781 size: 0.0
375000 : 4.328203790695985 size: 0.0
376000 : 4.289958632762416 size: 0.0
377000 : 4.431013643520566 size: 0.0
378000 : 4.407096016265075 size: 0.0
379000 : 4.341573378008759 size: 0.0
380000 : 4.307924284436846 size: 0.0
381000 : 4.35353339551506 size: 0.0
382000 : 4.179939611178969 size: 0.0
383000 : 4.3069271290271445 size: 0.0
384000 : 4.2597512559995705 size: 0.0
385000 : 4.1477595934107265 size: 0.0
386000 : 4.34640127498378 size: 0.0
387000 : 4.332970805812601 size: 0.0
388000 : 4.3288631721793935 size: 0.0
389000 : 4.30856681162047 size: 0.0
390000 : 4.281134202946645 size: 0.0
391000 : 4.277218157986499 size: 0.0
392000 : 4.398540911280556 size: 0.0
393000 : 4.3459162839083465 size: 0.0
394000 : 4.302507518865272 size: 0.0
395000 : 4.374342608338856 size: 0.0
396000 : 4.3496961186090095 size: 0.0
397000 : 4.497385188141541 size: 0.0
398000 : 4.27034951487634 size: 0.0
399000 : 4.383467319863033 size: 0.0
400000 : 4.424796126726574 size: 0.0
401000 : 4.4249698292039445 size: 0.0
402000 : 4.347958405904691 size: 0.0
403000 : 4.3170204468409805 size: 0.0
404000 : 4.278814844917109 size: 0.0
405000 : 4.438172249380079 size: 0.0
406000 : 4.222567918952428 size: 0.0
407000 : 4.345398960094551 size: 0.0
408000 : 4.40930564936336 size: 0.0
409000 : 4.426180931031321 size: 0.0
410000 : 4.495006324114806 size: 0.0
411000 : 4.5430837301982026 size: 0.0
412000 : 4.358450035537926 size: 0.0
413000 : 4.376196581315158 size: 0.0
414000 : 4.401282314735309 size: 0.0
415000 : 4.332488566459582 size: 0.0
416000 : 4.46756924389206 size: 0.0
417000 : 4.330865394200739 size: 0.0
418000 : 4.270733380153066 size: 0.0
419000 : 4.3901808346221145 size: 0.0
420000 : 4.367758768498526 size: 0.0
421000 : 4.464803074935582 size: 0.0
422000 : 4.367374559256499 size: 0.0
423000 : 4.448865786645427 size: 0.0
424000 : 4.279146427467973 size: 0.0
425000 : 4.30755211398038 size: 0.0
426000 : 4.309017406165731 size: 0.0
427000 : 4.245848522469123 size: 0.0
428000 : 4.359391468568749 size: 0.0
429000 : 4.3558641043995525 size: 0.0
430000 : 4.3879853041012 size: 0.0
431000 : 4.389551722085258 size: 0.0
432000 : 4.477402179972489 size: 0.0
433000 : 4.4961809656202 size: 0.0
434000 : 4.343436638048207 size: 0.0
435000 : 4.495389845426231 size: 0.0
436000 : 4.310402898401081 size: 0.0
437000 : 4.4357744672617505 size: 0.0
438000 : 4.152721292888119 size: 0.0
439000 : 4.506449017807313 size: 0.0
440000 : 4.373981788737346 size: 0.0
441000 : 4.364244475010796 size: 0.0
442000 : 4.490878396528798 size: 0.0
443000 : 4.439803332840862 size: 0.0
444000 : 4.392238779022339 size: 0.0
445000 : 4.42151641757462 size: 0.0
446000 : 4.309656837661639 size: 0.0
447000 : 4.173974220951141 size: 0.0
448000 : 4.321475141463629 size: 0.0
449000 : 4.323290934291439 size: 0.0
450000 : 4.273048954564283 size: 0.0
451000 : 4.186292306336539 size: 0.0
452000 : 4.248811439578187 size: 0.0
453000 : 4.179255464193837 size: 0.0
454000 : 4.182392083780273 size: 0.0
455000 : 4.137066744075983 size: 0.0
456000 : 4.274560338100065 size: 0.0
457000 : 4.303046512493076 size: 0.0
458000 : 4.140930850275568 size: 0.0
459000 : 4.336833880116282 size: 0.0
460000 : 4.266234657971797 size: 0.0
461000 : 4.207946985871977 size: 0.0
462000 : 4.192670110961136 size: 0.0
463000 : 4.099488534862459 size: 0.0
464000 : 4.271917652686907 size: 0.0
465000 : 4.3750528966869195 size: 0.0
466000 : 4.320484865359961 size: 0.0
467000 : 4.281679731915182 size: 0.0
468000 : 4.311530072694836 size: 0.0
469000 : 4.391427020910267 size: 0.0
470000 : 4.217428045448742 size: 0.0
471000 : 4.491082711918023 size: 0.0
472000 : 4.240952864329662 size: 0.0
473000 : 4.200546916370652 size: 0.0
474000 : 4.145702336941106 size: 0.0
475000 : 4.47810008556969 size: 0.0
476000 : 4.357269890587705 size: 0.0
477000 : 4.357668202407104 size: 0.0
478000 : 4.251749935150829 size: 0.0
479000 : 4.268389600587108 size: 0.0
480000 : 4.308050863667882 size: 0.0
481000 : 4.312054275814666 size: 0.0
482000 : 4.473137698161695 size: 0.0
483000 : 4.171596388820312 size: 0.0
484000 : 4.4089733788818934 size: 0.0
485000 : 4.307040293611412 size: 0.0
486000 : 4.318825576744437 size: 0.0
487000 : 4.427270269141886 size: 0.0
488000 : 4.352875389892859 size: 0.0
489000 : 4.332785064549669 size: 0.0
490000 : 4.4636191463670425 size: 0.0
491000 : 4.372575658583892 size: 0.0
492000 : 4.342694704892384 size: 0.0
493000 : 4.369852829255432 size: 0.0
494000 : 4.268619025443359 size: 0.0
495000 : 4.430187438865821 size: 0.0
496000 : 4.315863003600674 size: 0.0
497000 : 4.357659259309259 size: 0.0
498000 : 4.264195975628469 size: 0.0
499000 : 4.220047341221383 size: 0.0
500000 : 4.308952052758403 size: 0.0
501000 : 4.362254635740313 size: 0.0
502000 : 4.321734835266432 size: 0.0
503000 : 4.279178760206335 size: 0.0
504000 : 4.207423470682751 size: 0.0
505000 : 4.331470773131776 size: 0.0
506000 : 4.27573325977895 size: 0.0
507000 : 4.284249152719073 size: 0.0
508000 : 4.249440208149742 size: 0.0
509000 : 4.220906222579791 size: 0.0
510000 : 4.351638834633156 size: 0.0
511000 : 4.427838843785638 size: 0.0
512000 : 4.373054802249196 size: 0.0
513000 : 4.416785518814685 size: 0.0
514000 : 4.440398392812847 size: 0.0
515000 : 4.381005904163885 size: 0.0
516000 : 4.447271507471929 size: 0.0
517000 : 4.234530344215841 size: 0.0
518000 : 4.416422979386667 size: 0.0
519000 : 4.308851614890299 size: 0.0
520000 : 4.412902494523506 size: 0.0
521000 : 4.397382092179042 size: 0.0
522000 : 4.377139390207187 size: 0.0
523000 : 4.334798293460669 size: 0.0
524000 : 4.418649810750039 size: 0.0
525000 : 4.311393862435353 size: 0.0
526000 : 4.323348376496827 size: 0.0
527000 : 4.297411672920207 size: 0.0
528000 : 4.331426057642552 size: 0.0
529000 : 4.156959977301284 size: 0.0
530000 : 4.309080007850645 size: 0.0
531000 : 4.312565408253031 size: 0.0
532000 : 4.27112687645824 size: 0.0
533000 : 4.366874777673091 size: 0.0
534000 : 4.255342308762051 size: 0.0
535000 : 4.332295601925313 size: 0.0
536000 : 4.4521534069993205 size: 0.0
537000 : 4.267663833800467 size: 0.0
538000 : 4.202186254998677 size: 0.0
539000 : 4.3530301742786355 size: 0.0
540000 : 4.105017089157095 size: 0.0
541000 : 4.172376502124626 size: 0.0
542000 : 4.275835073508261 size: 0.0
543000 : 4.217348933429345 size: 0.0
544000 : 4.331299134446215 size: 0.0
545000 : 4.224525081519246 size: 0.0
546000 : 4.191497533247553 size: 0.0
547000 : 4.3535959971999745 size: 0.0
548000 : 4.4330365034600145 size: 0.0
549000 : 4.276533667036065 size: 0.0
550000 : 4.25105030972712 size: 0.0
551000 : 4.16641730327223 size: 0.0
552000 : 4.382157843959364 size: 0.0
553000 : 4.083789270561098 size: 0.0
554000 : 4.2058415742601145 size: 0.0
555000 : 4.3952808081508 size: 0.0
556000 : 4.17130505020975 size: 0.0
557000 : 4.227890781996632 size: 0.0
558000 : 4.392858260530747 size: 0.0
559000 : 4.273284914761267 size: 0.0
560000 : 4.379317378497714 size: 0.0
561000 : 4.369811897384527 size: 0.0
562000 : 4.315118662687739 size: 0.0
563000 : 4.228756198695773 size: 0.0
564000 : 4.254202063786831 size: 0.0
565000 : 4.320056284594011 size: 0.0
566000 : 4.178972036785215 size: 0.0
567000 : 4.356229395549986 size: 0.0
568000 : 4.2083071175428834 size: 0.0
569000 : 4.353431925751051 size: 0.0
570000 : 4.32363214787075 size: 0.0
571000 : 4.4528454651863925 size: 0.0
572000 : 4.296723054386152 size: 0.0
573000 : 4.329179276291679 size: 0.0
574000 : 4.218900560905429 size: 0.0
575000 : 4.344100491080537 size: 0.0
576000 : 4.225928803915589 size: 0.0
577000 : 4.318647402718143 size: 0.0
578000 : 4.282801402764109 size: 0.0
579000 : 4.236881003087834 size: 0.0
580000 : 4.168745948364912 size: 0.0
581000 : 4.582656938161735 size: 0.0
582000 : 4.251388083653414 size: 0.0
583000 : 4.250169758554702 size: 0.0
584000 : 4.339901018711768 size: 0.0
585000 : 4.307464058863138 size: 0.0
586000 : 4.339070342508101 size: 0.0
587000 : 4.360482526505823 size: 0.0
588000 : 4.330401041043409 size: 0.0
589000 : 4.515179889061014 size: 0.0
590000 : 4.333519086503552 size: 0.0
591000 : 4.369399826953059 size: 0.0
592000 : 4.319693057235389 size: 0.0
593000 : 4.389001377602497 size: 0.0
594000 : 4.246741112427101 size: 0.0
595000 : 4.493823083476871 size: 0.0
596000 : 4.27775061627357 size: 0.0
597000 : 4.2513794845208706 size: 0.0
598000 : 4.343948114451872 size: 0.0
599000 : 4.4644745880724335 size: 0.0
600000 : 4.41815587657676 size: 0.0
601000 : 4.347175884843265 size: 0.0
602000 : 4.312535139306479 size: 0.0
603000 : 4.335504454225112 size: 0.0
604000 : 4.282084923040615 size: 0.0
605000 : 4.334797261564764 size: 0.0
606000 : 4.402324529599538 size: 0.0
607000 : 4.204566838851919 size: 0.0
608000 : 4.291956039269537 size: 0.0
609000 : 4.237345700210466 size: 0.0
610000 : 4.299350261360733 size: 0.0
611000 : 4.292499160480961 size: 0.0
612000 : 4.188439681715212 size: 0.0
613000 : 4.227517235678958 size: 0.0
614000 : 4.202901014895662 size: 0.0
615000 : 4.397656232524517 size: 0.0
616000 : 4.3090287570206876 size: 0.0
617000 : 4.220794433856731 size: 0.0
618000 : 4.399381562477973 size: 0.0
619000 : 4.350465225023668 size: 0.0
620000 : 4.470068495774398 size: 0.0
621000 : 4.311994425852166 size: 0.0
622000 : 4.269108832033016 size: 0.0
623000 : 4.313849430724372 size: 0.0
624000 : 4.382067381085011 size: 0.0
625000 : 4.481332327510007 size: 0.0
626000 : 4.238245169474478 size: 0.0
627000 : 4.205941668162917 size: 0.0
628000 : 4.237794230963916 size: 0.0
629000 : 4.3629879697635925 size: 0.0
630000 : 4.320055940628709 size: 0.0
631000 : 4.381785329537595 size: 0.0
632000 : 4.271600860644019 size: 0.0
633000 : 4.17809802095353 size: 0.0
634000 : 4.3053758455163615 size: 0.0
635000 : 4.316557125579556 size: 0.0
636000 : 4.333106328141481 size: 0.0
637000 : 4.299898198086381 size: 0.0
638000 : 4.392988967345402 size: 0.0
639000 : 4.22979600580289 size: 0.0
640000 : 4.365718022363389 size: 0.0
641000 : 4.27788613860245 size: 0.0
642000 : 4.3609730210260835 size: 0.0
643000 : 4.438687853367366 size: 0.0
644000 : 4.201007829874965 size: 0.0
645000 : 4.451681486605353 size: 0.0
646000 : 4.378253493819477 size: 0.0
647000 : 4.280035921738236 size: 0.0
648000 : 4.340049955687416 size: 0.0
649000 : 4.231051479154188 size: 0.0
650000 : 4.17185711451902 size: 0.0
651000 : 4.234812051797955 size: 0.0
652000 : 4.1891344916246975 size: 0.0
653000 : 4.201652076885097 size: 0.0
654000 : 4.23621439833309 size: 0.0
655000 : 4.4200972167397 size: 0.0
656000 : 4.504408615637476 size: 0.0
657000 : 4.276949521085852 size: 0.0
658000 : 4.2927419999839795 size: 0.0
659000 : 4.2438693461229935 size: 0.0
660000 : 4.219514538969009 size: 0.0
661000 : 4.290796876202721 size: 0.0
662000 : 4.181646023040829 size: 0.0
663000 : 4.37130539472462 size: 0.0
664000 : 4.226653538806325 size: 0.0
665000 : 4.4294045738390935 size: 0.0
666000 : 4.384256376265192 size: 0.0
667000 : 4.364532030003039 size: 0.0
668000 : 4.3183495287668485 size: 0.0
669000 : 4.407624346968525 size: 0.0
670000 : 4.2067867909092564 size: 0.0
671000 : 4.360674803109488 size: 0.0
672000 : 4.225278365530026 size: 0.0
673000 : 4.359956259594183 size: 0.0
674000 : 4.310353367397633 size: 0.0
675000 : 4.328726273989307 size: 0.0
676000 : 4.253471137520664 size: 0.0
677000 : 4.302064147591348 size: 0.0
678000 : 4.452086333765484 size: 0.0
679000 : 4.36442264903709 size: 0.0
680000 : 4.516527201147873 size: 0.0
681000 : 4.329152790963446 size: 0.0
682000 : 4.286233832510029 size: 0.0
683000 : 4.407710338293957 size: 0.0
684000 : 4.417079265182359 size: 0.0
685000 : 4.285212943494508 size: 0.0
686000 : 4.465761706231491 size: 0.0
687000 : 4.430004449325303 size: 0.0
688000 : 4.3430080572822565 size: 0.0
689000 : 4.375087981147696 size: 0.0
690000 : 4.297233154928611 size: 0.0
691000 : 4.169470683255648 size: 0.0
692000 : 4.318928078404351 size: 0.0
693000 : 4.36906308492267 size: 0.0
694000 : 4.249568507207285 size: 0.0
695000 : 4.23090219821324 size: 0.0
696000 : 4.419812757435173 size: 0.0
697000 : 4.386634896326625 size: 0.0
698000 : 4.24025874235078 size: 0.0
699000 : 4.372410211273762 size: 0.0
700000 : 4.339418435393448 size: 0.0
701000 : 4.340418342525564 size: 0.0
702000 : 4.393787654776009 size: 0.0
703000 : 4.492470611910485 size: 0.0
704000 : 4.290703317640652 size: 0.0
705000 : 4.388463071905297 size: 0.0
706000 : 4.3474428019174045 size: 0.0
707000 : 4.286463945296884 size: 0.0
708000 : 4.183657188160019 size: 0.0
709000 : 4.420255096813192 size: 0.0
710000 : 4.417119165157359 size: 0.0
711000 : 4.298577371327755 size: 0.0
712000 : 4.427458762127231 size: 0.0
713000 : 4.3294025097725 size: 0.0
714000 : 4.429817676166466 size: 0.0
715000 : 4.41408160757782 size: 0.0
716000 : 4.452223231955571 size: 0.0
717000 : 4.196512203381411 size: 0.0
718000 : 4.436745481308521 size: 0.0
719000 : 4.269064116543792 size: 0.0
720000 : 4.395717644083992 size: 0.0
721000 : 4.334170900750322 size: 0.0
722000 : 4.267930406909304 size: 0.0
723000 : 4.2500380198441405 size: 0.0
724000 : 4.325332024391878 size: 0.0
725000 : 4.332863488638463 size: 0.0
726000 : 4.2933638892495 size: 0.0
727000 : 4.342692641100574 size: 0.0
728000 : 4.440768499477504 size: 0.0
729000 : 4.112928635062086 size: 0.0
730000 : 4.29777111666051 size: 0.0
731000 : 4.360124802592028 size: 0.0
732000 : 4.255304816544164 size: 0.0
733000 : 4.20304995187131 size: 0.0
734000 : 4.25811673288577 size: 0.0
735000 : 4.455984836495242 size: 0.0
736000 : 4.315490145213603 size: 0.0
737000 : 4.365400542389896 size: 0.0
738000 : 4.200914615278196 size: 0.0
739000 : 4.244950429066317 size: 0.0
740000 : 4.263607450997217 size: 0.0
741000 : 4.318191992658658 size: 0.0
742000 : 4.350757251564833 size: 0.0
743000 : 4.337801110544734 size: 0.0
744000 : 4.345399304059852 size: 0.0
745000 : 4.491486527182248 size: 0.0
746000 : 4.339644764561983 size: 0.0
747000 : 4.334813771899247 size: 0.0
748000 : 4.500434440541339 size: 0.0
749000 : 4.424573237211056 size: 0.0
750000 : 4.3479126585195615 size: 0.0
751000 : 4.199746853078838 size: 0.0
752000 : 4.436134942897959 size: 0.0
753000 : 4.358115357299347 size: 0.0
754000 : 4.341764622716518 size: 0.0
755000 : 4.26037314526509 size: 0.0
756000 : 4.249841959622158 size: 0.0
757000 : 4.36469575748666 size: 0.0
758000 : 4.098015331475168 size: 0.0
759000 : 4.3305128297664695 size: 0.0
760000 : 4.502778220107297 size: 0.0
761000 : 4.266529436235376 size: 0.0
762000 : 4.281991708443847 size: 0.0
763000 : 4.206120530119814 size: 0.0
764000 : 4.222250438978935 size: 0.0
765000 : 4.312070786149149 size: 0.0
766000 : 4.265270179265758 size: 0.0
767000 : 4.268020181853054 size: 0.0
768000 : 4.385351905751189 size: 0.0
769000 : 4.252780111229497 size: 0.0
770000 : 4.168748700087326 size: 0.0
771000 : 4.1738662158464 size: 0.0
772000 : 4.2826672562964365 size: 0.0
773000 : 4.34990765726957 size: 0.0
774000 : 4.290249627407676 size: 0.0
775000 : 4.310461028537073 size: 0.0
776000 : 4.435361020969076 size: 0.0
777000 : 4.316126824987098 size: 0.0
778000 : 4.3241474078927356 size: 0.0
779000 : 4.230947257667766 size: 0.0
780000 : 4.299890974815045 size: 0.0
781000 : 4.22133652317225 size: 0.0
782000 : 4.216619726989687 size: 0.0
783000 : 4.339401925058965 size: 0.0
784000 : 4.314793959442911 size: 0.0
785000 : 4.378121411143614 size: 0.0
786000 : 4.182956186875102 size: 0.0
787000 : 4.1712500157614745 size: 0.0
788000 : 4.194800632040024 size: 0.0
789000 : 4.243691516062001 size: 0.0
790000 : 4.258968047007541 size: 0.0
791000 : 4.296877838771929 size: 0.0
792000 : 4.348411408207064 size: 0.0
793000 : 4.21491606685024 size: 0.0
794000 : 4.304395544406444 size: 0.0
795000 : 4.250506844550393 size: 0.0
796000 : 4.448727856559435 size: 0.0
797000 : 4.316243085259081 size: 0.0
798000 : 4.347500588088095 size: 0.0
799000 : 4.191485150496691 size: 0.0
800000 : 4.272451142869884 size: 0.0
801000 : 4.183763473438252 size: 0.0
802000 : 4.212628009663161 size: 0.0
803000 : 4.279781387414959 size: 0.0
804000 : 4.226024426269468 size: 0.0
805000 : 4.20200945683359 size: 0.0
806000 : 4.126505289486498 size: 0.0
807000 : 4.259123519323921 size: 0.0
808000 : 4.37948007408543 size: 0.0
809000 : 4.2657713367103725 size: 0.0
810000 : 4.341549988368241 size: 0.0
811000 : 4.320784459137764 size: 0.0
812000 : 4.483790991486741 size: 0.0
813000 : 4.339501674996465 size: 0.0
814000 : 4.241918718896907 size: 0.0
815000 : 4.276559120468393 size: 0.0
816000 : 4.2832571567888955 size: 0.0
817000 : 4.315992678519424 size: 0.0
818000 : 4.35400187625601 size: 0.0
819000 : 4.361612796487293 size: 0.0
820000 : 4.270635694007376 size: 0.0
821000 : 4.339471406049913 size: 0.0
822000 : 4.341513528046258 size: 0.0
823000 : 4.267626685547881 size: 0.0
824000 : 4.247085077728826 size: 0.0
825000 : 4.271493199504578 size: 0.0
826000 : 4.341793859767165 size: 0.0
827000 : 4.396518395306408 size: 0.0
828000 : 4.095960138797357 size: 0.0
829000 : 4.286639367600764 size: 0.0
830000 : 4.482709564578116 size: 0.0
831000 : 4.251448621546517 size: 0.0
832000 : 4.329105323751809 size: 0.0
833000 : 4.351715538895441 size: 0.0
834000 : 4.385658722800327 size: 0.0
835000 : 4.323740496940794 size: 0.0
836000 : 4.40338944617368 size: 0.0
837000 : 4.227387216794906 size: 0.0
838000 : 4.329495380403966 size: 0.0
839000 : 4.193502506991312 size: 0.0
840000 : 4.471077002039057 size: 0.0
841000 : 4.244351585476013 size: 0.0
842000 : 4.329368113242327 size: 0.0
843000 : 4.384717977700108 size: 0.0
844000 : 4.375564029125284 size: 0.0
845000 : 4.484371604916054 size: 0.0
846000 : 4.3233122601401455 size: 0.0
847000 : 4.344836232860928 size: 0.0
848000 : 4.371404800696818 size: 0.0
849000 : 4.357712917896328 size: 0.0
850000 : 4.16750560948689 size: 0.0
851000 : 4.383493117260663 size: 0.0
852000 : 4.26241423536553 size: 0.0
853000 : 4.246852213219558 size: 0.0
854000 : 4.365395726875671 size: 0.0
855000 : 4.35047967156634 size: 0.0
856000 : 4.183828482880279 size: 0.0
857000 : 4.383103404573808 size: 0.0
858000 : 4.295132558830973 size: 0.0
859000 : 4.362328932245486 size: 0.0
860000 : 4.138871186048835 size: 0.0
861000 : 4.429617488360861 size: 0.0
862000 : 4.423299533698765 size: 0.0
863000 : 4.134338411302695 size: 0.0
864000 : 4.317542586169 size: 0.0
865000 : 4.297390691036801 size: 0.0
866000 : 4.234246916807219 size: 0.0
867000 : 4.438241730371028 size: 0.0
868000 : 4.272679879795532 size: 0.0
869000 : 4.240545953377721 size: 0.0
870000 : 4.39805935985814 size: 0.0
871000 : 4.244578258609851 size: 0.0
872000 : 4.300100449683796 size: 0.0
873000 : 4.261635497922423 size: 0.0
874000 : 4.322095998833244 size: 0.0
875000 : 4.2658549202786915 size: 0.0
876000 : 4.126748472954818 size: 0.0
877000 : 4.256307819363996 size: 0.0
878000 : 4.145387952655328 size: 0.0
879000 : 4.293651788207044 size: 0.0
880000 : 4.367148574053266 size: 0.0
881000 : 4.283677138422303 size: 0.0
882000 : 4.214101557015754 size: 0.0
883000 : 4.341117967949274 size: 0.0
884000 : 4.304478096078858 size: 0.0
885000 : 4.359033056724351 size: 0.0
886000 : 4.239155301662844 size: 0.0
887000 : 4.340334758957245 size: 0.0
888000 : 4.198753481287455 size: 0.0
889000 : 4.218626764525256 size: 0.0
890000 : 4.399301074597369 size: 0.0
891000 : 4.2108916728200505 size: 0.0
892000 : 4.2492314212115945 size: 0.0
893000 : 4.313951588418985 size: 0.0
894000 : 4.248954873109007 size: 0.0
895000 : 4.421852815639707 size: 0.0
896000 : 4.354435272536184 size: 0.0
897000 : 4.292114607273632 size: 0.0
898000 : 4.359218797987283 size: 0.0
899000 : 4.203704173875192 size: 0.0
900000 : 4.130474993033713 size: 0.0
901000 : 4.283966069275753 size: 0.0
902000 : 4.301138192999102 size: 0.0
903000 : 4.300995791364188 size: 0.0
904000 : 4.2016926647907 size: 0.0
905000 : 4.344323724561357 size: 0.0
906000 : 4.324131929454158 size: 0.0
907000 : 4.30434291771528 size: 0.0
908000 : 4.255130426136189 size: 0.0
909000 : 4.411306151558197 size: 0.0
910000 : 4.127964046331116 size: 0.0
911000 : 4.246241674808995 size: 0.0
912000 : 4.397404449923654 size: 0.0
913000 : 4.245604307104898 size: 0.0
914000 : 4.420182176169226 size: 0.0
915000 : 4.389613979804871 size: 0.0
916000 : 4.22722073758887 size: 0.0
917000 : 4.202933003668723 size: 0.0
918000 : 4.2154681311595095 size: 0.0
919000 : 4.144200240468471 size: 0.0
920000 : 4.3065742206275734 size: 0.0
921000 : 4.319025076619438 size: 0.0
922000 : 4.2764800084489965 size: 0.0
923000 : 4.253241368699111 size: 0.0
924000 : 4.20928501089569 size: 0.0
925000 : 4.329618519981983 size: 0.0
926000 : 4.403150390288981 size: 0.0
927000 : 4.318257690031288 size: 0.0
928000 : 4.245389328791319 size: 0.0
929000 : 4.306460024147401 size: 0.0
930000 : 4.2004492302249625 size: 0.0
931000 : 4.342246518104235 size: 0.0
932000 : 4.301737380554708 size: 0.0
933000 : 4.228798850393187 size: 0.0
934000 : 4.308873284704307 size: 0.0
935000 : 4.219440242463837 size: 0.0
936000 : 4.313367191371353 size: 0.0
937000 : 4.48657951818783 size: 0.0
938000 : 4.283760721990622 size: 0.0
939000 : 4.390035681264786 size: 0.0
940000 : 4.240910212632248 size: 0.0
941000 : 4.301476998821302 size: 0.0
942000 : 4.278733669105902 size: 0.0
943000 : 4.426336403347701 size: 0.0
944000 : 4.4441214732387255 size: 0.0
945000 : 4.332873119666911 size: 0.0
946000 : 4.134437817274894 size: 0.0
947000 : 4.156808976533826 size: 0.0
948000 : 4.368039444184735 size: 0.0
949000 : 4.392692813220616 size: 0.0
950000 : 4.342736324693893 size: 0.0
951000 : 4.422843091743376 size: 0.0
952000 : 4.304903581157093 size: 0.0
953000 : 4.343613092247992 size: 0.0
954000 : 4.41303904874829 size: 0.0
955000 : 4.499036221589824 size: 0.0
956000 : 4.322106317792295 size: 0.0
957000 : 4.433668367719284 size: 0.0
958000 : 4.36658756664615 size: 0.0
959000 : 4.037138288583958 size: 0.0
960000 : 4.239052456037628 size: 0.0
961000 : 4.326024426544252 size: 0.0
962000 : 4.177516719593614 size: 0.0
963000 : 4.227288842718612 size: 0.0
964000 : 4.232426652430488 size: 0.0
965000 : 4.236021777764123 size: 0.0
966000 : 4.297157826527533 size: 0.0
967000 : 4.137585443750985 size: 0.0
968000 : 4.49668934633615 size: 0.0
969000 : 4.370186475598106 size: 0.0
970000 : 4.239907553777718 size: 0.0
971000 : 4.368921371218359 size: 0.0
972000 : 4.373301769335835 size: 0.0
973000 : 4.3081881058232705 size: 0.0
974000 : 4.202324873015272 size: 0.0
975000 : 4.285222574522956 size: 0.0
976000 : 4.238023999785469 size: 0.0
977000 : 4.247999681466115 size: 0.0
978000 : 4.147313470414389 size: 0.0
979000 : 4.2720916991295805 size: 0.0
980000 : 4.319825483876553 size: 0.0
981000 : 4.255277299320025 size: 0.0
982000 : 4.232880686628765 size: 0.0
983000 : 4.543399146379885 size: 0.0
984000 : 4.272782725420748 size: 0.0
985000 : 4.400981001130997 size: 0.0
986000 : 4.28666447706779 size: 0.0
987000 : 4.2672318133815 size: 0.0
988000 : 4.090817169605956 size: 0.0
989000 : 4.19241179301954 size: 0.0
990000 : 4.292304132154883 size: 0.0
991000 : 4.325408384688862 size: 0.0
992000 : 4.385933207111105 size: 0.0
993000 : 4.190439495979445 size: 0.0
994000 : 4.331708109189966 size: 0.0
995000 : 4.373407022718163 size: 0.0
996000 : 4.251404593987897 size: 0.0
997000 : 4.2259762711272275 size: 0.0
998000 : 4.214925009948085 size: 0.0
999000 : 4.33082583819104 size: 0.0
1000000 : 4.463627057568982 size: 0.0
1001000 : 4.4393809434503435 size: 0.0
1002000 : 4.2419658421432445 size: 0.0
1003000 : 4.116210064040548 size: 0.0
1004000 : 4.301336660978198 size: 0.0
1005000 : 4.341126911047119 size: 0.0
1006000 : 4.086437115453782 size: 0.0
1007000 : 4.3400502996527175 size: 0.0
1008000 : 4.427025709812359 size: 0.0
1009000 : 4.325956665379812 size: 0.0
1010000 : 4.389685524587629 size: 0.0
1011000 : 4.250981172701472 size: 0.0
1012000 : 4.235572215114768 size: 0.0
1013000 : 4.246825383926024 size: 0.0
1014000 : 4.339391262134612 size: 0.0
1015000 : 4.23856436927448 size: 0.0
1016000 : 4.37004372999789 size: 0.0
1017000 : 4.226740562027661 size: 0.0
1018000 : 4.2807947091938425 size: 0.0
1019000 : 4.361768956734276 size: 0.0
1020000 : 4.363227369613593 size: 0.0
1021000 : 4.271456739182595 size: 0.0
1022000 : 4.389977207163493 size: 0.0
1023000 : 4.237943855870166 size: 0.0
1024000 : 4.271639728723113 size: 0.0
1025000 : 4.214179981104547 size: 0.0
1026000 : 4.184383986842565 size: 0.0
1027000 : 4.201352483107294 size: 0.0
1028000 : 4.472585977817728 size: 0.0
1029000 : 4.487463852978567 size: 0.0
1030000 : 4.219345308040561 size: 0.0
1031000 : 4.458362668626071 size: 0.0
1032000 : 4.26787365263452 size: 0.0
1033000 : 4.175079725430887 size: 0.0
1034000 : 4.211376663895483 size: 0.0
1035000 : 4.342534761027082 size: 0.0
1036000 : 4.261259543847637 size: 0.0
1037000 : 4.2692694638289215 size: 0.0
1038000 : 4.34383598176351 size: 0.0
1039000 : 4.250847026233799 size: 0.0
1040000 : 4.290952692484403 size: 0.0
1041000 : 4.346468692182918 size: 0.0
1042000 : 4.297752542534217 size: 0.0
1043000 : 4.357678177400854 size: 0.0
1044000 : 4.174784259236705 size: 0.0
1045000 : 4.391067233204661 size: 0.0
1046000 : 4.293416859905966 size: 0.0
1047000 : 4.310382260482978 size: 0.0
1048000 : 4.259519423386208 size: 0.0
1049000 : 4.3861137888945105 size: 0.0
1050000 : 4.3959996956314065 size: 0.0
1051000 : 4.343645424986354 size: 0.0
1052000 : 4.227096222149646 size: 0.0
1053000 : 4.412871193681048 size: 0.0
1054000 : 4.3200122570353905 size: 0.0
1055000 : 4.295293878557482 size: 0.0
1056000 : 4.2357204641598125 size: 0.0
1057000 : 4.337093573919084 size: 0.0
1058000 : 4.648596118398442 size: 0.0
1059000 : 4.254431832608384 size: 0.0
1060000 : 4.426031994055673 size: 0.0
1061000 : 4.322377018484754 size: 0.0
1062000 : 4.236775061774903 size: 0.0
1063000 : 4.2057115553760624 size: 0.0
1064000 : 4.267415146887319 size: 0.0
1065000 : 4.284792273930497 size: 0.0
1066000 : 4.340777442300566 size: 0.0
1067000 : 4.2920313676706146 size: 0.0
1068000 : 4.353113413881653 size: 0.0
1069000 : 4.420382020009528 size: 0.0
1070000 : 4.419881206530216 size: 0.0
1071000 : 4.318467164900039 size: 0.0
1072000 : 4.217904781356934 size: 0.0
1073000 : 4.269160770793577 size: 0.0
1074000 : 4.017473448319003 size: 0.0
1075000 : 4.2925655457841945 size: 0.0
1076000 : 4.308682039996548 size: 0.0
1077000 : 4.275748050286924 size: 0.0
1078000 : 4.405121311467869 size: 0.0
1079000 : 4.410390515925003 size: 0.0
1080000 : 4.341730226186345 size: 0.0
1081000 : 4.467867461808655 size: 0.0
1082000 : 4.2583912171965475 size: 0.0
1083000 : 4.266247040722659 size: 0.0
1084000 : 4.326644595983264 size: 0.0
1085000 : 4.316480421317271 size: 0.0
1086000 : 4.219057409083017 size: 0.0
1087000 : 4.248028574551459 size: 0.0
1088000 : 4.431659610357206 size: 0.0
1089000 : 4.372344513901132 size: 0.0
1090000 : 4.192898159956179 size: 0.0
1091000 : 4.429434154855042 size: 0.0
1092000 : 4.455261821431015 size: 0.0
1093000 : 4.2850523116986015 size: 0.0
1094000 : 4.325720361217527 size: 0.0
1095000 : 4.23451624163847 size: 0.0
1096000 : 4.264376557411875 size: 0.0
1097000 : 4.352980643275187 size: 0.0
1098000 : 4.173756834880451 size: 0.0
1099000 : 4.120401625207377 size: 0.0
1100000 : 4.350185581233364 size: 0.0
1101000 : 4.198799228672584 size: 0.0
1102000 : 4.2100936733200465 size: 0.0
1103000 : 4.268846042542497 size: 0.0
1104000 : 4.2617104823581995 size: 0.0
1105000 : 4.331832624629191 size: 0.0
1106000 : 4.353338367188981 size: 0.0
1107000 : 4.265891724565976 size: 0.0
1108000 : 4.455158631840497 size: 0.0
1109000 : 4.35010474938746 size: 0.0
1110000 : 4.296932185289601 size: 0.0
1111000 : 4.43285626564191 size: 0.0
1112000 : 4.325713825876794 size: 0.0
1113000 : 4.286472888394728 size: 0.0
1114000 : 4.468565367405857 size: 0.0
1115000 : 4.297617364170638 size: 0.0
1116000 : 4.3811882057738 size: 0.0
1117000 : 4.270508770811039 size: 0.0
1118000 : 4.43600561194451 size: 0.0
1119000 : 4.552355658871519 size: 0.0
1120000 : 4.559375990679738 size: 0.0
1121000 : 4.304346701333599 size: 0.0
1122000 : 4.5297609221664645 size: 0.0
1123000 : 4.440692483145823 size: 0.0
1124000 : 4.3568378701687385 size: 0.0
1125000 : 4.306291481149556 size: 0.0
1126000 : 4.147522601317838 size: 0.0
1127000 : 4.412769379951738 size: 0.0
1128000 : 4.415567537681275 size: 0.0
1129000 : 4.376528507831323 size: 0.0
1130000 : 4.047278041713527 size: 0.0
1131000 : 4.368284003514262 size: 0.0
1132000 : 4.273307960436482 size: 0.0
1133000 : 4.24716143802581 size: 0.0
1134000 : 4.304643199423686 size: 0.0
1135000 : 4.338212493045598 size: 0.0
1136000 : 4.258729335088144 size: 0.0
1137000 : 4.322755724281953 size: 0.0
1138000 : 4.336041728026407 size: 0.0
1139000 : 4.344067126446269 size: 0.0
1140000 : 4.251430391385526 size: 0.0
1141000 : 4.273698361053941 size: 0.0
1142000 : 4.274107679762994 size: 0.0
1143000 : 4.361959857476735 size: 0.0
1144000 : 4.279394770415819 size: 0.0
1145000 : 4.395731402696061 size: 0.0
1146000 : 4.243248832718681 size: 0.0
1147000 : 4.21489026945261 size: 0.0
1148000 : 4.474588887769675 size: 0.0
1149000 : 4.255873735153218 size: 0.0
1150000 : 4.374899144197048 size: 0.0
1151000 : 4.119495964567933 size: 0.0
1152000 : 4.27804161091883 size: 0.0
1153000 : 4.493167829577083 size: 0.0
1154000 : 4.540570719703796 size: 0.0
1155000 : 4.358139434870468 size: 0.0
1156000 : 4.466894727935375 size: 0.0
1157000 : 4.422861665869669 size: 0.0
1158000 : 4.396800790819126 size: 0.0
1159000 : 4.387487586309603 size: 0.0
1160000 : 4.364619053224375 size: 0.0
1161000 : 4.354123296007519 size: 0.0
1162000 : 4.4046136186825215 size: 0.0
1163000 : 4.236176218184599 size: 0.0
1164000 : 4.183662347639545 size: 0.0
1165000 : 4.3475418639243015 size: 0.0
1166000 : 4.301200106753413 size: 0.0
1167000 : 4.077627132180684 size: 0.0
1168000 : 4.108877755703663 size: 0.0
1169000 : 4.327922083113872 size: 0.0
1170000 : 4.271601892539923 size: 0.0
1171000 : 4.181482983487812 size: 0.0
1172000 : 4.366708642432358 size: 0.0
1173000 : 4.176029757594254 size: 0.0
1174000 : 4.386237616403132 size: 0.0
1175000 : 4.27568751239382 size: 0.0
1176000 : 4.217800559870511 size: 0.0
1177000 : 4.288754754206376 size: 0.0
1178000 : 4.337339509109818 size: 0.0
1179000 : 4.195499913498432 size: 0.0
1180000 : 4.301861552028631 size: 0.0
1181000 : 4.2754443289255 size: 0.0
1182000 : 4.210104680209702 size: 0.0
1183000 : 4.206874846026499 size: 0.0
1184000 : 4.258514012809264 size: 0.0
1185000 : 4.370288633292718 size: 0.0
1186000 : 4.438822343800341 size: 0.0
1187000 : 4.279767628802889 size: 0.0
1188000 : 4.109163246904095 size: 0.0
1189000 : 4.241189856422551 size: 0.0
1190000 : 4.307983102503441 size: 0.0
1191000 : 4.326455071102012 size: 0.0
1192000 : 4.322039932489063 size: 0.0
1193000 : 4.171788665423977 size: 0.0
1194000 : 4.364388596472219 size: 0.0
1195000 : 4.301136129207292 size: 0.0
1196000 : 4.306851800626066 size: 0.0
1197000 : 4.301911770962683 size: 0.0
1198000 : 4.435902078388691 size: 0.0
1199000 : 4.188536679930299 size: 0.0
1200000 : 4.2799045269929765 size: 0.0
1201000 : 4.27883892248823 size: 0.0
1202000 : 4.341379037613284 size: 0.0
1203000 : 4.16980604942483 size: 0.0
1204000 : 4.150956062959663 size: 0.0
1205000 : 4.332033500365399 size: 0.0
1206000 : 4.262378119008849 size: 0.0
1207000 : 4.394777242949074 size: 0.0
1208000 : 4.213454902248509 size: 0.0
1209000 : 4.270726844812334 size: 0.0
1210000 : 4.25541970095494 size: 0.0
1211000 : 4.479518254508705 size: 0.0
1212000 : 4.384230234902261 size: 0.0
1213000 : 4.305169810300628 size: 0.0
1214000 : 4.344194393607908 size: 0.0
1215000 : 4.328079619222063 size: 0.0
1216000 : 4.229291408705259 size: 0.0
1217000 : 4.28951078993957 size: 0.0
1218000 : 4.394529587931832 size: 0.0
1219000 : 4.468882503414048 size: 0.0
1220000 : 4.3571900906377055 size: 0.0
1221000 : 4.264377245342478 size: 0.0
1222000 : 4.432711800215185 size: 0.0
1223000 : 4.339622750782673 size: 0.0
1224000 : 4.387574953496241 size: 0.0
1225000 : 4.3483477746262444 size: 0.0
1226000 : 4.29758571936288 size: 0.0
1227000 : 4.335388881883732 size: 0.0
1228000 : 4.414190988543769 size: 0.0
1229000 : 4.221090244016215 size: 0.0
1230000 : 4.326602976181754 size: 0.0
1231000 : 4.408335667212494 size: 0.0
1232000 : 4.2617297444150966 size: 0.0
1233000 : 4.244209871771702 size: 0.0
1234000 : 4.31974499599595 size: 0.0
1235000 : 4.246217253272572 size: 0.0
1236000 : 4.27000658147052 size: 0.0
1237000 : 4.127248942468828 size: 0.0
1238000 : 4.228918550318188 size: 0.0
1239000 : 4.30765186391788 size: 0.0
1240000 : 4.247118442363094 size: 0.0
1241000 : 4.211159621790094 size: 0.0
1242000 : 4.320968824539489 size: 0.0
1243000 : 4.241930069751865 size: 0.0
1244000 : 4.189625674075562 size: 0.0
1245000 : 4.393451256710922 size: 0.0
1246000 : 4.350455250029918 size: 0.0
1247000 : 4.2678358164513295 size: 0.0
1248000 : 4.291496845591733 size: 0.0
1249000 : 4.197362141641975 size: 0.0
1250000 : 4.304535882249548 size: 0.0
1251000 : 4.150212409977332 size: 0.0
1252000 : 4.193012700401654 size: 0.0
1253000 : 4.219784895696166 size: 0.0
1254000 : 4.204833067995455 size: 0.0
1255000 : 4.337707208017362 size: 0.0
1256000 : 4.343017000380101 size: 0.0
1257000 : 4.261671614279105 size: 0.0
1258000 : 4.6393142147313755 size: 0.0
1259000 : 4.476329352196407 size: 0.0
1260000 : 4.155730301347615 size: 0.0
1261000 : 4.423709196373121 size: 0.0
1262000 : 4.3461539639318385 size: 0.0
1263000 : 4.3003357219501765 size: 0.0
1264000 : 4.2898244862947434 size: 0.0
1265000 : 4.189288932045173 size: 0.0
1266000 : 4.237147576196672 size: 0.0
1267000 : 4.380753777597721 size: 0.0
1268000 : 4.358386401957107 size: 0.0
1269000 : 4.305545076444811 size: 0.0
1270000 : 4.383411941449456 size: 0.0
1271000 : 4.090428144849705 size: 0.0
1272000 : 4.023266511930665 size: 0.0
1273000 : 4.3569555063019285 size: 0.0
1274000 : 4.165967740622874 size: 0.0
1275000 : 4.338440886005944 size: 0.0
1276000 : 4.343108151185058 size: 0.0
1277000 : 4.407533884094172 size: 0.0
1278000 : 4.251207845835309 size: 0.0
1279000 : 4.123687181769459 size: 0.0
1280000 : 4.1661820310058495 size: 0.0
1281000 : 4.166950793455206 size: 0.0
1282000 : 3.9939200803180395 size: 0.0
1283000 : 4.058324831343747 size: 0.0
1284000 : 4.163037500217474 size: 0.0
1285000 : 4.115434766250458 size: 0.0
1286000 : 4.0867638824904216 size: 0.0
1287000 : 4.1455434249717085 size: 0.0
1288000 : 4.089797656451641 size: 0.0
1289000 : 4.224184555870538 size: 0.0
1290000 : 4.21359661595282 size: 0.0
1291000 : 4.229799445455908 size: 0.0
1292000 : 4.288699375792799 size: 0.0
1293000 : 4.304434412485539 size: 0.0
1294000 : 4.369884474063191 size: 0.0
1295000 : 4.219786271557373 size: 0.0
1296000 : 4.190782085419964 size: 0.0
1297000 : 4.39100325565854 size: 0.0
1298000 : 4.274302020158469 size: 0.0
1299000 : 4.275420595319681 size: 0.0
1300000 : 4.2353273118199395 size: 0.0
1301000 : 4.199828372855348 size: 0.0
1302000 : 4.305892137434252 size: 0.0
1303000 : 4.2511813605070765 size: 0.0
1304000 : 4.108808618678016 size: 0.0
1305000 : 4.297506951308785 size: 0.0
1306000 : 4.333086722119282 size: 0.0
1307000 : 4.250980140805567 size: 0.0
1308000 : 4.351388083928198 size: 0.0
1309000 : 4.426210856012571 size: 0.0
1310000 : 4.20366805751851 size: 0.0
1311000 : 4.4650527937446345 size: 0.0
1312000 : 4.261655791875225 size: 0.0
1313000 : 4.392001442964148 size: 0.0
1314000 : 4.258811198829955 size: 0.0
1315000 : 4.271635945104794 size: 0.0
1316000 : 4.233331625139328 size: 0.0
1317000 : 4.468963679225255 size: 0.0
1318000 : 4.422545905722685 size: 0.0
1319000 : 4.393528304938508 size: 0.0
1320000 : 4.191757571015658 size: 0.0
1321000 : 4.3793146267753 size: 0.0
1322000 : 4.404155800865924 size: 0.0
1323000 : 4.26688716014917 size: 0.0
1324000 : 4.405945452330803 size: 0.0
1325000 : 4.468419526117925 size: 0.0
1326000 : 4.253817510579502 size: 0.0
1327000 : 4.269405674088405 size: 0.0
1328000 : 4.342236543110486 size: 0.0
1329000 : 4.352293056637038 size: 0.0
1330000 : 4.261456292000225 size: 0.0
1331000 : 4.269620652401984 size: 0.0
1332000 : 4.246463532428608 size: 0.0
1333000 : 4.319131705862972 size: 0.0
1334000 : 4.16574175541964 size: 0.0
1335000 : 4.297947914825597 size: 0.0
1336000 : 4.206314182584686 size: 0.0
1337000 : 4.248767755984868 size: 0.0
1338000 : 4.317563568052406 size: 0.0
1339000 : 4.1770169380102065 size: 0.0
1340000 : 4.220958505305654 size: 0.0
1341000 : 4.243970815887002 size: 0.0
1342000 : 4.267194665128913 size: 0.0
1343000 : 4.264533749554763 size: 0.0
1344000 : 4.33098131050742 size: 0.0
1345000 : 4.176414998732186 size: 0.0
1346000 : 4.091166638352509 size: 0.0
1347000 : 4.248269350262667 size: 0.0
1348000 : 4.1693465117817246 size: 0.0
1349000 : 4.171210115786474 size: 0.0
1350000 : 4.292837622337859 size: 0.0
1351000 : 4.341375253994965 size: 0.0
1352000 : 4.32160481638238 size: 0.0
1353000 : 4.369210646037111 size: 0.0
1354000 : 4.312181542976305 size: 0.0
1355000 : 4.319296809207801 size: 0.0
1356000 : 4.293902194946701 size: 0.0
1357000 : 4.345577134120845 size: 0.0
1358000 : 4.211100459758198 size: 0.0
1359000 : 4.360287154214443 size: 0.0
1360000 : 4.3353871620572235 size: 0.0
1361000 : 4.369691165563621 size: 0.0
1362000 : 4.303858958535752 size: 0.0
1363000 : 4.302197950093719 size: 0.0
1364000 : 4.397720554035939 size: 0.0
1365000 : 4.251056501102551 size: 0.0
1366000 : 4.2101524913866415 size: 0.0
1367000 : 4.321385366519879 size: 0.0
1368000 : 4.3167452745996 size: 0.0
1369000 : 4.315034047223516 size: 0.0
1370000 : 4.316168444788606 size: 0.0
1371000 : 4.391896877512424 size: 0.0
1372000 : 4.156420983673479 size: 0.0
1373000 : 4.193044001244111 size: 0.0
1374000 : 4.339041793388058 size: 0.0
1375000 : 4.291055194144318 size: 0.0
1376000 : 4.355053034218084 size: 0.0
1377000 : 4.42370300499769 size: 0.0
1378000 : 4.336901641280721 size: 0.0
1379000 : 4.304184005745882 size: 0.0
1380000 : 4.3017105512611735 size: 0.0
1381000 : 4.26483403126317 size: 0.0
1382000 : 4.342081070794106 size: 0.0
1383000 : 4.373244327130447 size: 0.0
1384000 : 4.2657369401802 size: 0.0
1385000 : 4.290899033897334 size: 0.0
1386000 : 4.433302388638248 size: 0.0
1387000 : 4.228776836613877 size: 0.0
1388000 : 4.268098605941848 size: 0.0
1389000 : 4.443856275991095 size: 0.0
1390000 : 4.256143747915073 size: 0.0
1391000 : 4.338993294280515 size: 0.0
1392000 : 4.22607842882184 size: 0.0
1393000 : 4.2517564704915625 size: 0.0
1394000 : 4.284741367065842 size: 0.0
1395000 : 4.408764935909048 size: 0.0
1396000 : 4.346319411241969 size: 0.0
1397000 : 4.216507250336022 size: 0.0
1398000 : 4.164092441797866 size: 0.0
1399000 : 4.098585625945429 size: 0.0
1400000 : 4.292442062240875 size: 0.0
1401000 : 4.279814064118622 size: 0.0
1402000 : 4.228571489328747 size: 0.0
1403000 : 4.336628532831151 size: 0.0
1404000 : 4.198787189887024 size: 0.0
1405000 : 4.2930849333898005 size: 0.0
1406000 : 4.236597231713911 size: 0.0
1407000 : 4.332079935681132 size: 0.0
1408000 : 4.300878155230998 size: 0.0
1409000 : 4.058521923461636 size: 0.0
1410000 : 4.2452262892383015 size: 0.0
1411000 : 4.421778519134535 size: 0.0
1412000 : 4.2322804671772545 size: 0.0
1413000 : 4.211036138246775 size: 0.0
1414000 : 4.277465125073138 size: 0.0
1415000 : 4.369980440382372 size: 0.0
1416000 : 4.548282765733786 size: 0.0
1417000 : 4.355870639740286 size: 0.0
1418000 : 4.266277309669211 size: 0.0
1419000 : 4.342264748265227 size: 0.0
1420000 : 4.275984698414511 size: 0.0
1421000 : 4.239065182753792 size: 0.0
1422000 : 4.437361523163912 size: 0.0
1423000 : 4.418565883216417 size: 0.0
1424000 : 4.333032719566912 size: 0.0
1425000 : 4.151294180851259 size: 0.0
1426000 : 4.311295144393758 size: 0.0
1427000 : 4.352743307216996 size: 0.0
1428000 : 4.266497103497014 size: 0.0
1429000 : 4.427353164779602 size: 0.0
1430000 : 4.351195807324533 size: 0.0
1431000 : 4.255766417979079 size: 0.0
1432000 : 4.294149505998641 size: 0.0
1433000 : 4.353589461859241 size: 0.0
1434000 : 4.292144876220184 size: 0.0
1435000 : 4.218330954365772 size: 0.0
1436000 : 4.298661642826677 size: 0.0
1437000 : 4.291603130869966 size: 0.0
1438000 : 4.361327305286861 size: 0.0
1439000 : 4.277024505521628 size: 0.0
1440000 : 4.28890093945961 size: 0.0
1441000 : 4.354814322298687 size: 0.0
1442000 : 4.183187675523164 size: 0.0
1443000 : 4.100579936764834 size: 0.0
1444000 : 4.051477170116994 size: 0.0
1445000 : 4.182521070768419 size: 0.0
1446000 : 4.20490977225774 size: 0.0
1447000 : 3.9837166936076507 size: 0.0
1448000 : 4.171158177025914 size: 0.0
1449000 : 4.262320676803461 size: 0.0
1450000 : 4.42694625382766 size: 0.0
1451000 : 4.293175052298852 size: 0.0
1452000 : 4.389614323770172 size: 0.0
1453000 : 4.196557606801239 size: 0.0
1454000 : 4.334731220226833 size: 0.0
1455000 : 4.3352695259240335 size: 0.0
1456000 : 4.165272930713388 size: 0.0
1457000 : 4.2697083635539235 size: 0.0
1458000 : 4.2549983434603265 size: 0.0
1459000 : 4.271440228848112 size: 0.0
1460000 : 4.296548663978177 size: 0.0
1461000 : 4.384337208111098 size: 0.0
1462000 : 4.310154211487934 size: 0.0
1463000 : 4.3197181667024145 size: 0.0
1464000 : 4.253312569516569 size: 0.0
1465000 : 4.412259967339882 size: 0.0
1466000 : 4.166731343592705 size: 0.0
1467000 : 4.411885389126303 size: 0.0
1468000 : 4.217841835706718 size: 0.0
1469000 : 4.323076987873765 size: 0.0
1470000 : 4.418252530826545 size: 0.0
1471000 : 4.189248344139569 size: 0.0
1472000 : 4.3127893296644535 size: 0.0
1473000 : 4.144312029191531 size: 0.0
1474000 : 4.314154183981701 size: 0.0
1475000 : 4.217709065100252 size: 0.0
1476000 : 4.200698949034015 size: 0.0
1477000 : 4.244075037373426 size: 0.0
1478000 : 4.278149616023573 size: 0.0
1479000 : 4.2867862407846005 size: 0.0
1480000 : 4.485176483722092 size: 0.0
1481000 : 4.2636363440825615 size: 0.0
1482000 : 4.446842238775376 size: 0.0
1483000 : 4.190776581975136 size: 0.0
1484000 : 4.192198878497772 size: 0.0
1485000 : 4.291967734089796 size: 0.0
1486000 : 4.4622353739582 size: 0.0
1487000 : 4.3698053620437936 size: 0.0
1488000 : 4.335741790283302 size: 0.0
1489000 : 4.207528036134475 size: 0.0
1490000 : 4.353439836952991 size: 0.0
1491000 : 4.433791163332 size: 0.0
1492000 : 4.419012694143359 size: 0.0
1493000 : 4.2854547511016206 size: 0.0
1494000 : 4.270853424043368 size: 0.0
1495000 : 4.354971858406877 size: 0.0
1496000 : 4.312406496283633 size: 0.0
1497000 : 4.5053307866114025 size: 0.0
1498000 : 4.386560255856151 size: 0.0
1499000 : 4.2914098223703965 size: 0.0
1500000 : 4.280639580842764 size: 0.0
1501000 : 4.331562955832638 size: 0.0
1502000 : 4.118141085244436 size: 0.0
1503000 : 4.257986714001718 size: 0.0
1504000 : 4.4084082438911585 size: 0.0
1505000 : 4.225760604883045 size: 0.0
1506000 : 4.350657845592634 size: 0.0
1507000 : 4.344679384683341 size: 0.0
1508000 : 4.268442571243574 size: 0.0
1509000 : 4.383266444126826 size: 0.0
1510000 : 4.198215519555556 size: 0.0
1511000 : 4.122368418802644 size: 0.0
1512000 : 4.061341063074579 size: 0.0
1513000 : 4.210265655970909 size: 0.0
1514000 : 4.303097419357731 size: 0.0
1515000 : 4.262390501759711 size: 0.0
1516000 : 4.140754740041085 size: 0.0
1517000 : 4.134098667487392 size: 0.0
1518000 : 4.3212849286517745 size: 0.0
1519000 : 4.28238898836734 size: 0.0
1520000 : 4.2987992289473675 size: 0.0
1521000 : 4.17631215310697 size: 0.0
1522000 : 4.237303392478354 size: 0.0
1523000 : 4.360673771213582 size: 0.0
1524000 : 4.4434380141841965 size: 0.0
1525000 : 4.28353095316907 size: 0.0
1526000 : 4.183393022808294 size: 0.0
1527000 : 4.368533378358013 size: 0.0
1528000 : 4.234119649645581 size: 0.0
1529000 : 4.317848371322234 size: 0.0
1530000 : 4.080054839280264 size: 0.0
1531000 : 4.309224817242671 size: 0.0
1532000 : 4.243034542335706 size: 0.0
1533000 : 4.143406024586786 size: 0.0
1534000 : 4.266296571726107 size: 0.0
1535000 : 4.110083354086211 size: 0.0
1536000 : 4.192013825165443 size: 0.0
1537000 : 4.334087661147304 size: 0.0
1538000 : 4.123340808710622 size: 0.0
1539000 : 4.1623217084245825 size: 0.0
1540000 : 4.221202032739275 size: 0.0
1541000 : 4.33114469402574 size: 0.0
1542000 : 3.948866473202113 size: 0.0
1543000 : 4.144948708965025 size: 0.0
1544000 : 4.344543862354461 size: 0.0
1545000 : 4.104595387697179 size: 0.0
1546000 : 4.193762200794114 size: 0.0
1547000 : 4.187578048634389 size: 0.0
1548000 : 4.258738622151291 size: 0.0
1549000 : 4.210909215050438 size: 0.0
1550000 : 4.215503215620285 size: 0.0
1551000 : 4.258121204434693 size: 0.0
1552000 : 4.311701023449794 size: 0.0
1553000 : 4.253112037745662 size: 0.0
1554000 : 4.4029601774771265 size: 0.0
1555000 : 4.249608751147587 size: 0.0
1556000 : 4.325294188208689 size: 0.0
1557000 : 4.423074924356738 size: 0.0
1558000 : 4.253264758339629 size: 0.0
1559000 : 4.374715810691229 size: 0.0
1560000 : 4.463465393877171 size: 0.0
1561000 : 4.142951302457904 size: 0.0
1562000 : 4.357738027363354 size: 0.0
1563000 : 4.22035587809703 size: 0.0
1564000 : 4.30197884419652 size: 0.0
1565000 : 4.420706723254358 size: 0.0
1566000 : 4.273272875975707 size: 0.0
1567000 : 4.112942049708853 size: 0.0
1568000 : 4.322836212162557 size: 0.0
1569000 : 4.215951058443133 size: 0.0
1570000 : 4.343326913116956 size: 0.0
1571000 : 4.217266725722233 size: 0.0
1572000 : 4.311917721589881 size: 0.0
1573000 : 4.399356796976249 size: 0.0
1574000 : 4.397966833191975 size: 0.0
1575000 : 4.225053756187999 size: 0.0
1576000 : 4.243393642110707 size: 0.0
1577000 : 4.369609645787112 size: 0.0
1578000 : 4.267963083612968 size: 0.0
1579000 : 4.3024304706376855 size: 0.0
1580000 : 4.331038752712808 size: 0.0
1581000 : 4.177490922195984 size: 0.0
1582000 : 4.366192006549166 size: 0.0
1583000 : 4.313437704258207 size: 0.0
1584000 : 4.400915647723669 size: 0.0
1585000 : 4.307685228552147 size: 0.0
1586000 : 4.368880439347453 size: 0.0
1587000 : 4.341267248890223 size: 0.0
1588000 : 4.445198428598428 size: 0.0
1589000 : 4.451597559071732 size: 0.0
1590000 : 4.429606481471207 size: 0.0
1591000 : 4.301193227447378 size: 0.0
1592000 : 4.2117354197051835 size: 0.0
1593000 : 4.349289207657068 size: 0.0
1594000 : 4.457552286375206 size: 0.0
1595000 : 4.352809348554928 size: 0.0
1596000 : 4.3334062658845856 size: 0.0
1597000 : 4.388203378102494 size: 0.0
1598000 : 4.305959210668088 size: 0.0
1599000 : 4.418958003660385 size: 0.0
1600000 : 4.419448498180645 size: 0.0
1601000 : 4.38368195421131 size: 0.0
1602000 : 4.3914603855445336 size: 0.0
1603000 : 4.405938573024768 size: 0.0
1604000 : 4.290819921877937 size: 0.0
1605000 : 4.385308566123171 size: 0.0
1606000 : 4.349665849662458 size: 0.0
1607000 : 4.502964305335531 size: 0.0
1608000 : 4.445991268618906 size: 0.0
1609000 : 4.521326892968153 size: 0.0
1610000 : 4.404599172139849 size: 0.0
1611000 : 4.472384758116218 size: 0.0
1612000 : 4.4253839634272225 size: 0.0
1613000 : 4.249243116031853 size: 0.0
1614000 : 4.280077541539744 size: 0.0
1615000 : 4.42148855638518 size: 0.0
1616000 : 4.356551691037702 size: 0.0
1617000 : 4.348597837400599 size: 0.0
1618000 : 4.251330297482724 size: 0.0
1619000 : 4.321828737793803 size: 0.0
1620000 : 4.328623428364091 size: 0.0
1621000 : 4.176197268696194 size: 0.0
1622000 : 4.34235693096609 size: 0.0
1623000 : 4.1992068275551295 size: 0.0
1624000 : 4.231743193375959 size: 0.0
1625000 : 4.306078910593089 size: 0.0
1626000 : 4.148069506147582 size: 0.0
1627000 : 4.200344320807936 size: 0.0
1628000 : 4.207624346418958 size: 0.0
1629000 : 4.179211780600517 size: 0.0
1630000 : 4.295477899993905 size: 0.0
1631000 : 4.229949070362158 size: 0.0
1632000 : 4.24473579471804 size: 0.0
1633000 : 4.321525360397681 size: 0.0
1634000 : 4.197346319238095 size: 0.0
1635000 : 4.113185233177173 size: 0.0
1636000 : 4.277051678780464 size: 0.0
1637000 : 4.369297669258447 size: 0.0
1638000 : 4.174362213811488 size: 0.0
1639000 : 4.358702506069393 size: 0.0
1640000 : 4.304875719967653 size: 0.0
1641000 : 4.287374421450552 size: 0.0
1642000 : 4.278643894162152 size: 0.0
1643000 : 4.294075897424071 size: 0.0
1644000 : 4.284130828655279 size: 0.0
1645000 : 4.292823175795187 size: 0.0
1646000 : 4.314509844103686 size: 0.0
1647000 : 4.144875444355757 size: 0.0
1648000 : 4.39383959353657 size: 0.0
1649000 : 4.400486722992417 size: 0.0
1650000 : 4.260033651512288 size: 0.0
1651000 : 4.211251116560353 size: 0.0
1652000 : 4.305960586529295 size: 0.0
1653000 : 4.148695179031421 size: 0.0
1654000 : 4.310434887174142 size: 0.0
1655000 : 4.181788768641046 size: 0.0
1656000 : 4.1986224305074975 size: 0.0
1657000 : 4.322869920762127 size: 0.0
1658000 : 4.220896247586041 size: 0.0
1659000 : 4.17489088848024 size: 0.0
1660000 : 4.395797444033992 size: 0.0
1661000 : 4.207446516357966 size: 0.0
1662000 : 4.355182365171533 size: 0.0
1663000 : 4.215473634604337 size: 0.0
1664000 : 4.444143487018036 size: 0.0
1665000 : 4.294871489166963 size: 0.0
1666000 : 4.444886796035065 size: 0.0
1667000 : 4.3818307329574235 size: 0.0
1668000 : 4.295287343216749 size: 0.0
1669000 : 4.2914872145632845 size: 0.0
1670000 : 4.420153283083881 size: 0.0
1671000 : 4.3019024838995366 size: 0.0
1672000 : 4.3400668099872 size: 0.0
1673000 : 4.319035051613188 size: 0.0
1674000 : 4.3417811330510006 size: 0.0
1675000 : 4.272505489387557 size: 0.0
1676000 : 4.281777762026174 size: 0.0
1677000 : 4.3016300633805695 size: 0.0
1678000 : 4.26198565459958 size: 0.0
1679000 : 4.351027264326687 size: 0.0
1680000 : 4.266264238987745 size: 0.0
1681000 : 4.279998085555046 size: 0.0
1682000 : 4.378633919443185 size: 0.0
1683000 : 4.415831359067699 size: 0.0
1684000 : 4.315081170469852 size: 0.0
1685000 : 4.212420942551522 size: 0.0
1686000 : 4.239245076606594 size: 0.0
1687000 : 4.21334139369894 size: 0.0
1688000 : 4.231045287778757 size: 0.0
1689000 : 4.433405578228766 size: 0.0
1690000 : 4.389250064515645 size: 0.0
1691000 : 4.34364267326394 size: 0.0
1692000 : 4.541924567131388 size: 0.0
1693000 : 4.321314853633025 size: 0.0
1694000 : 4.410628195948496 size: 0.0
1695000 : 4.3819879251003115 size: 0.0
1696000 : 4.2075414507812425 size: 0.0
1697000 : 4.286396872063047 size: 0.0
1698000 : 4.316742866842488 size: 0.0
1699000 : 4.418234300665554 size: 0.0
1700000 : 4.233213301075534 size: 0.0
1701000 : 4.312365220447426 size: 0.0
1702000 : 4.214375009430626 size: 0.0
1703000 : 4.476280853088864 size: 0.0
1704000 : 4.3690916340427135 size: 0.0
1705000 : 4.25993252571358 size: 0.0
1706000 : 4.359144157516808 size: 0.0
1707000 : 4.329065423776808 size: 0.0
1708000 : 4.217354092908871 size: 0.0
1709000 : 4.3616341223360005 size: 0.0
1710000 : 4.157353129641156 size: 0.0
1711000 : 4.231086563614965 size: 0.0
1712000 : 4.34096559132061 size: 0.0
1713000 : 4.174294108681746 size: 0.0
1714000 : 4.332040723636735 size: 0.0
1715000 : 4.222167887306521 size: 0.0
1716000 : 4.2861072532789946 size: 0.0
1717000 : 4.268459425543358 size: 0.0
1718000 : 4.378128290449649 size: 0.0
1719000 : 4.351166570273886 size: 0.0
1720000 : 4.320561225656944 size: 0.0
1721000 : 4.1740065536895035 size: 0.0
1722000 : 4.293212544516741 size: 0.0
1723000 : 4.180198617051168 size: 0.0
1724000 : 4.08648251887361 size: 0.0
1725000 : 4.2951710829447665 size: 0.0
1726000 : 4.3834129733453615 size: 0.0
1727000 : 4.379255808708705 size: 0.0
1728000 : 4.395835280217182 size: 0.0
1729000 : 4.300634283832074 size: 0.0
1730000 : 4.327352476574215 size: 0.0
1731000 : 4.422175799058028 size: 0.0
1732000 : 4.408956868547411 size: 0.0
1733000 : 4.326573051200505 size: 0.0
1734000 : 4.37910721569836 size: 0.0
1735000 : 4.409800271467242 size: 0.0
1736000 : 4.3213777992832405 size: 0.0
1737000 : 4.415965849500673 size: 0.0
1738000 : 4.44488576413916 size: 0.0
1739000 : 4.425848660549854 size: 0.0
1740000 : 4.480980794971643 size: 0.0
1741000 : 4.399547009788103 size: 0.0
1742000 : 4.370935632025264 size: 0.0
1743000 : 4.415026480261661 size: 0.0
1744000 : 4.332681874959151 size: 0.0
1745000 : 4.43345820491993 size: 0.0
1746000 : 4.34277553673829 size: 0.0
1747000 : 4.396274179942184 size: 0.0
1748000 : 4.277463405246629 size: 0.0
1749000 : 4.2357073934783465 size: 0.0
1750000 : 4.247403589598225 size: 0.0
1751000 : 4.380238173610434 size: 0.0
1752000 : 4.321841808475269 size: 0.0
1753000 : 4.363358076428249 size: 0.0
1754000 : 4.310178976989659 size: 0.0
1755000 : 4.368910708294005 size: 0.0
1756000 : 4.3100947054907355 size: 0.0
1757000 : 4.3759616530140795 size: 0.0
1758000 : 4.28509977891024 size: 0.0
1759000 : 4.484211661050751 size: 0.0
1760000 : 4.317675356775466 size: 0.0
1761000 : 4.237096669332017 size: 0.0
1762000 : 4.233622963749889 size: 0.0
1763000 : 4.361081714061429 size: 0.0
1764000 : 4.413674008695276 size: 0.0
1765000 : 4.353445340397818 size: 0.0
1766000 : 4.306370593168952 size: 0.0
1767000 : 4.2443608725391595 size: 0.0
1768000 : 4.12292392276493 size: 0.0
1769000 : 4.232558047175747 size: 0.0
1770000 : 4.179151930638017 size: 0.0
1771000 : 4.215034734879335 size: 0.0
1772000 : 4.29015675677621 size: 0.0
1773000 : 4.443572848582473 size: 0.0
1774000 : 4.375069063056101 size: 0.0
1775000 : 4.25732733251831 size: 0.0
1776000 : 4.266152450264684 size: 0.0
1777000 : 4.168532689877842 size: 0.0
1778000 : 4.36879788767504 size: 0.0
1779000 : 4.221170731896819 size: 0.0
1780000 : 4.168078311714263 size: 0.0
1781000 : 4.249440896080345 size: 0.0
1782000 : 4.30273040838079 size: 0.0
1783000 : 4.311160997926085 size: 0.0
1784000 : 4.298204856905986 size: 0.0
1785000 : 4.375831978095328 size: 0.0
1786000 : 4.150462128786385 size: 0.0
1787000 : 4.309212778457111 size: 0.0
1788000 : 4.351715538895441 size: 0.0
1789000 : 4.280928167730912 size: 0.0
1790000 : 4.335162896680498 size: 0.0
1791000 : 4.3789403925270225 size: 0.0
1792000 : 4.337080503237619 size: 0.0
1793000 : 4.454400532315494 size: 0.0
1794000 : 4.307466810585551 size: 0.0
1795000 : 4.341593671961561 size: 0.0
1796000 : 4.372158084707597 size: 0.0
1797000 : 4.257179427438568 size: 0.0
1798000 : 4.242879413984627 size: 0.0
1799000 : 4.32749900579275 size: 0.0
1800000 : 4.269643010146596 size: 0.0
1801000 : 4.362349570163589 size: 0.0
1802000 : 4.356965137330377 size: 0.0
1803000 : 4.31861300618797 size: 0.0
1804000 : 4.243253648232905 size: 0.0
1805000 : 4.273986603976787 size: 0.0
1806000 : 4.379612844691897 size: 0.0
1807000 : 4.151084018051905 size: 0.0
1808000 : 4.236573498108092 size: 0.0
1809000 : 4.203333379279932 size: 0.0
1810000 : 4.459491906711636 size: 0.0
1811000 : 4.432933313869497 size: 0.0
1812000 : 4.435333503744938 size: 0.0
1813000 : 4.303098107288335 size: 0.0
1814000 : 4.35153598900794 size: 0.0
1815000 : 4.301325654088543 size: 0.0
1816000 : 4.4387353205790046 size: 0.0
1817000 : 4.281704841382208 size: 0.0
1818000 : 4.32609769115352 size: 0.0
1819000 : 4.214036891539029 size: 0.0
1820000 : 4.253908317419158 size: 0.0
1821000 : 4.3035428544234655 size: 0.0
1822000 : 4.345797271913949 size: 0.0
1823000 : 4.35043392418121 size: 0.0
1824000 : 4.298493443794134 size: 0.0
1825000 : 4.217128107705637 size: 0.0
1826000 : 4.373467216645965 size: 0.0
1827000 : 4.143180039383552 size: 0.0
1828000 : 4.261339343797638 size: 0.0
1829000 : 4.249680639895648 size: 0.0
1830000 : 4.257024643052792 size: 0.0
1831000 : 4.166209204264685 size: 0.0
1832000 : 4.320602845458453 size: 0.0
1833000 : 4.1439642802714864 size: 0.0
1834000 : 4.256689276883609 size: 0.0
1835000 : 4.234463614947306 size: 0.0
1836000 : 4.358780930158186 size: 0.0
1837000 : 4.342175317286778 size: 0.0
1838000 : 4.254541901504936 size: 0.0
1839000 : 4.4027589577756165 size: 0.0
1840000 : 4.317338270779775 size: 0.0
1841000 : 4.322687963117514 size: 0.0
1842000 : 4.398315270042623 size: 0.0
1843000 : 4.365704951681923 size: 0.0
1844000 : 4.323435055752862 size: 0.0
1845000 : 4.233307891533508 size: 0.0
1846000 : 4.392084682567166 size: 0.0
1847000 : 4.407067811110333 size: 0.0
1848000 : 4.433596478971223 size: 0.0
1849000 : 4.416177388161235 size: 0.0
1850000 : 4.302136724270012 size: 0.0
1851000 : 4.182044334860228 size: 0.0
1852000 : 4.152878828996309 size: 0.0
1853000 : 4.300624996768928 size: 0.0
1854000 : 4.456272735452787 size: 0.0
1855000 : 4.368836067823531 size: 0.0
1856000 : 4.336416306239987 size: 0.0
1857000 : 4.366463051206926 size: 0.0
1858000 : 4.409824693003665 size: 0.0
1859000 : 4.25501898137843 size: 0.0
1860000 : 4.375913841837139 size: 0.0
1861000 : 4.187566009848829 size: 0.0
1862000 : 4.37116987239574 size: 0.0
1863000 : 4.362695255291824 size: 0.0
1864000 : 4.261965016681477 size: 0.0
1865000 : 4.435913429243647 size: 0.0
1866000 : 4.349060470731421 size: 0.0
1867000 : 4.3336532329712245 size: 0.0
1868000 : 4.3993870659228005 size: 0.0
1869000 : 4.310686669775005 size: 0.0
1870000 : 4.225498847288432 size: 0.0
1871000 : 4.263583029460794 size: 0.0
1872000 : 4.307283477079732 size: 0.0
1873000 : 4.37295195662398 size: 0.0
1874000 : 4.198518552986377 size: 0.0
1875000 : 4.171785913701563 size: 0.0
1876000 : 4.217737958185597 size: 0.0
1877000 : 4.101950638492211 size: 0.0
1878000 : 4.280526416258496 size: 0.0
1879000 : 4.2836379263779065 size: 0.0
1880000 : 4.151383955795009 size: 0.0
1881000 : 4.265499260156707 size: 0.0
1882000 : 4.27265167464079 size: 0.0
1883000 : 4.229455480154182 size: 0.0
1884000 : 4.198709453728834 size: 0.0
1885000 : 4.26413234204765 size: 0.0
1886000 : 4.34202603634583 size: 0.0
1887000 : 4.174107335522909 size: 0.0
1888000 : 4.121304878089708 size: 0.0
1889000 : 4.101652764540916 size: 0.0
1890000 : 4.222125579574409 size: 0.0
1891000 : 4.148042332888745 size: 0.0
1892000 : 4.229485405135432 size: 0.0
1893000 : 4.160577460379532 size: 0.0
1894000 : 4.258507133503229 size: 0.0
1895000 : 4.316909346048523 size: 0.0
1896000 : 4.324865263477437 size: 0.0
1897000 : 4.436200640270588 size: 0.0
1898000 : 4.399759580344569 size: 0.0
1899000 : 4.361065547692248 size: 0.0
1900000 : 4.499219899060946 size: 0.0
1901000 : 4.386621481679858 size: 0.0
1902000 : 4.328953291088446 size: 0.0
1903000 : 4.451153843832506 size: 0.0
1904000 : 4.292552819068031 size: 0.0
1905000 : 4.354068261559243 size: 0.0
1906000 : 4.262730683443118 size: 0.0
1907000 : 4.283512379042776 size: 0.0
1908000 : 4.2393259084525 size: 0.0
1909000 : 4.194608355436359 size: 0.0
1910000 : 4.278140328960426 size: 0.0
1911000 : 4.240962151392809 size: 0.0
1912000 : 4.153363476106441 size: 0.0
1913000 : 4.344156213459416 size: 0.0
1914000 : 4.513519224584282 size: 0.0
1915000 : 4.344771911349505 size: 0.0
1916000 : 4.224365825584548 size: 0.0
1917000 : 4.394601820645193 size: 0.0
1918000 : 4.162061326691176 size: 0.0
1919000 : 4.176085823938435 size: 0.0
1920000 : 4.204237320092866 size: 0.0
1921000 : 4.177851053866891 size: 0.0
1922000 : 4.292446533789797 size: 0.0
1923000 : 4.318018634146588 size: 0.0
1924000 : 4.335533347310457 size: 0.0
1925000 : 4.239318685181164 size: 0.0
1926000 : 4.206420123897617 size: 0.0
1927000 : 4.266778811079127 size: 0.0
1928000 : 4.377172410876153 size: 0.0
1929000 : 4.34381809556782 size: 0.0
1930000 : 4.31005962102996 size: 0.0
1931000 : 4.275861214871192 size: 0.0
1932000 : 4.23310495200549 size: 0.0
1933000 : 4.191520578922769 size: 0.0
1934000 : 4.283449777357863 size: 0.0
1935000 : 4.329723429399009 size: 0.0
1936000 : 4.1935606371273035 size: 0.0
1937000 : 4.227109636796413 size: 0.0
1938000 : 4.289885024187846 size: 0.0
1939000 : 4.433869587420793 size: 0.0
1940000 : 4.249307093577974 size: 0.0
1941000 : 4.2362515465856765 size: 0.0
1942000 : 4.230521428624229 size: 0.0
1943000 : 4.220239961790349 size: 0.0
1944000 : 4.3203954343815125 size: 0.0
1945000 : 4.453459787215275 size: 0.0
1946000 : 4.299632656873449 size: 0.0
1947000 : 4.268115804206934 size: 0.0
1948000 : 4.389251784342154 size: 0.0
1949000 : 4.285897778410243 size: 0.0
1950000 : 4.204861273150197 size: 0.0
1951000 : 4.253550937470664 size: 0.0
1952000 : 4.2862544704281325 size: 0.0
1953000 : 4.34894489839004 size: 0.0
1954000 : 4.27114682644574 size: 0.0
1955000 : 4.116717068895292 size: 0.0
1956000 : 4.3019637097232435 size: 0.0
1957000 : 4.355490902047181 size: 0.0
1958000 : 4.292792218918032 size: 0.0
1959000 : 4.42264462376428 size: 0.0
1960000 : 4.208724691419179 size: 0.0
1961000 : 4.47483895054403 size: 0.0
1962000 : 4.383220696741697 size: 0.0
1963000 : 4.425771956287569 size: 0.0
1964000 : 4.325369172644465 size: 0.0
1965000 : 4.406232319392442 size: 0.0
1966000 : 4.305710179789639 size: 0.0
1967000 : 4.288459631977496 size: 0.0
1968000 : 4.230946913702464 size: 0.0
1969000 : 4.222622609435402 size: 0.0
1970000 : 4.360353539517676 size: 0.0
1971000 : 4.168815773321162 size: 0.0
1972000 : 4.315212221249809 size: 0.0
1973000 : 4.283348651559155 size: 0.0
1974000 : 4.344078133335925 size: 0.0
1975000 : 4.319184332554136 size: 0.0
1976000 : 4.279443613488664 size: 0.0
1977000 : 4.3024707145779875 size: 0.0
1978000 : 4.419421668887111 size: 0.0
1979000 : 4.374794922710626 size: 0.0
1980000 : 4.197456388134648 size: 0.0
1981000 : 4.2405229077025055 size: 0.0
1982000 : 4.31225033603665 size: 0.0
1983000 : 4.396011390451665 size: 0.0
1984000 : 4.430192254380045 size: 0.0
1985000 : 4.404095950903424 size: 0.0
1986000 : 4.3464253525549 size: 0.0
1987000 : 4.201754922510313 size: 0.0
1988000 : 4.363119708474153 size: 0.0
1989000 : 4.259792531835778 size: 0.0
1990000 : 4.2474108128695605 size: 0.0
1991000 : 4.351089178080998 size: 0.0
1992000 : 4.43717578190098 size: 0.0
1993000 : 4.469106424825471 size: 0.0
1994000 : 4.19901558284737 size: 0.0
1995000 : 4.062295566786868 size: 0.0
1996000 : 4.3018429779023375 size: 0.0
1997000 : 4.162369175636221 size: 0.0
1998000 : 4.147069942980767 size: 0.0
1999000 : 4.220918605330653 size: 0.0
2000000 : 4.18606116165378 size: 0.0
2001000 : 4.274615372548341 size: 0.0
2002000 : 4.277229508841456 size: 0.0
2003000 : 4.261717705629536 size: 0.0
2004000 : 4.285107002181576 size: 0.0
2005000 : 4.253102750682516 size: 0.0
2006000 : 4.352028891285312 size: 0.0
2007000 : 4.438035351189993 size: 0.0
2008000 : 4.393733308258336 size: 0.0
2009000 : 4.455983116668733 size: 0.0
2010000 : 4.325333744218387 size: 0.0
2011000 : 4.291757915255743 size: 0.0
2012000 : 4.366783970833436 size: 0.0
2013000 : 4.354395716526486 size: 0.0
2014000 : 4.404182974124761 size: 0.0
2015000 : 4.410900616467462 size: 0.0
2016000 : 4.380702870733065 size: 0.0
2017000 : 4.304626345123902 size: 0.0
2018000 : 4.293267922930318 size: 0.0
2019000 : 4.266391506149383 size: 0.0
2020000 : 4.4013524836568605 size: 0.0
2021000 : 4.185471605126621 size: 0.0
2022000 : 4.198330403966333 size: 0.0
2023000 : 4.33106111045742 size: 0.0
2024000 : 4.432619273549021 size: 0.0
2025000 : 4.044487451220627 size: 0.0
2026000 : 4.31554139604356 size: 0.0
2027000 : 4.347400494185292 size: 0.0
2028000 : 4.2361958242067965 size: 0.0
2029000 : 4.226158572737142 size: 0.0
2030000 : 4.2588600419028 size: 0.0
2031000 : 4.102037661713547 size: 0.0
2032000 : 4.133913614155064 size: 0.0
2033000 : 4.315977200080847 size: 0.0
2034000 : 4.398515113882926 size: 0.0
2035000 : 4.3194247643000425 size: 0.0
2036000 : 4.353591869616354 size: 0.0
2037000 : 4.108643515333188 size: 0.0
2038000 : 4.485613319655283 size: 0.0
2039000 : 4.196401790519557 size: 0.0
2040000 : 4.25873449456767 size: 0.0
2041000 : 4.347499556192189 size: 0.0
2042000 : 4.142630038866093 size: 0.0
2043000 : 4.155294153345027 size: 0.0
2044000 : 4.30812034465883 size: 0.0
2045000 : 4.256196374606237 size: 0.0
2046000 : 4.440853114941729 size: 0.0
2047000 : 4.2411864167695335 size: 0.0
2048000 : 4.410107776446985 size: 0.0
2049000 : 4.185659410181364 size: 0.0
2050000 : 4.366902638862531 size: 0.0
2051000 : 4.316639333286669 size: 0.0
2052000 : 4.388433146924046 size: 0.0
2053000 : 4.177975913271418 size: 0.0
2054000 : 4.301231751561171 size: 0.0
2055000 : 4.230833405152895 size: 0.0
2056000 : 4.224883149398343 size: 0.0
2057000 : 4.352368385038115 size: 0.0
2058000 : 4.33802743971327 size: 0.0
2059000 : 4.426066734551148 size: 0.0
2060000 : 4.39621157825727 size: 0.0
2061000 : 4.193171956336354 size: 0.0
2062000 : 4.317639928349388 size: 0.0
2063000 : 4.400804546931211 size: 0.0
2064000 : 4.217496150578484 size: 0.0
2065000 : 4.43607750069257 size: 0.0
2066000 : 4.347986611059433 size: 0.0
2067000 : 4.1463135632822725 size: 0.0
2068000 : 4.079478353434571 size: 0.0
2069000 : 4.367400356654128 size: 0.0
2070000 : 4.295036936477093 size: 0.0
2071000 : 4.161164265184276 size: 0.0
2072000 : 4.235890383018864 size: 0.0
2073000 : 4.181141425943198 size: 0.0
2074000 : 4.18607904784947 size: 0.0
2075000 : 4.3067389800071005 size: 0.0
2076000 : 4.2512222923779825 size: 0.0
2077000 : 4.203013491549327 size: 0.0
2078000 : 4.402394010590486 size: 0.0
2079000 : 4.375558525680456 size: 0.0
2080000 : 4.306135664867874 size: 0.0
2081000 : 4.430265862954614 size: 0.0
2082000 : 4.162289031720919 size: 0.0
2083000 : 4.520167041970733 size: 0.0
2084000 : 4.433945947717777 size: 0.0
2085000 : 4.296578244994126 size: 0.0
2086000 : 4.242203178201435 size: 0.0
2087000 : 4.40380805194588 size: 0.0
2088000 : 4.505280911642653 size: 0.0
2089000 : 4.313596616227604 size: 0.0
2090000 : 4.356841997752359 size: 0.0
2091000 : 4.46896471112116 size: 0.0
2092000 : 4.316558157475462 size: 0.0
2093000 : 4.3031194331370415 size: 0.0
2094000 : 4.393870206448423 size: 0.0
2095000 : 4.215296492473948 size: 0.0
2096000 : 4.3694431665810765 size: 0.0
2097000 : 4.401325654363326 size: 0.0
2098000 : 4.277748896447062 size: 0.0
2099000 : 4.418043743888398 size: 0.0
2100000 : 4.361276054456904 size: 0.0
2101000 : 4.200940756641128 size: 0.0
2102000 : 4.226133119304814 size: 0.0
2103000 : 4.303044448701265 size: 0.0
2104000 : 4.197404105408785 size: 0.0
2105000 : 4.202777187387041 size: 0.0
2106000 : 4.13642249706585 size: 0.0
2107000 : 4.38527657735011 size: 0.0
2108000 : 4.263864049112303 size: 0.0
2109000 : 4.2807537773229365 size: 0.0
2110000 : 4.275119625680671 size: 0.0
2111000 : 4.433031000015187 size: 0.0
2112000 : 4.266782594697446 size: 0.0
2113000 : 4.2021360360646245 size: 0.0
2114000 : 4.372032881337769 size: 0.0
2115000 : 4.178814844642326 size: 0.0
2116000 : 4.246098929208779 size: 0.0
2117000 : 4.212150241859064 size: 0.0
2118000 : 4.148853059104913 size: 0.0
2119000 : 4.186191868468435 size: 0.0
2120000 : 4.194249943591961 size: 0.0
2121000 : 4.347432482958353 size: 0.0
2122000 : 4.3631080136538944 size: 0.0
2123000 : 4.426964483988652 size: 0.0
2124000 : 4.3705383521017716 size: 0.0
2125000 : 4.185875076425546 size: 0.0
2126000 : 4.165627902904769 size: 0.0
2127000 : 4.123779020505021 size: 0.0
2128000 : 4.289611227807673 size: 0.0
2129000 : 4.169612052994657 size: 0.0
2130000 : 4.172415370203721 size: 0.0
2131000 : 4.278987515498576 size: 0.0
2132000 : 4.340492639030737 size: 0.0
2133000 : 4.273410118131095 size: 0.0
2134000 : 4.134579187013903 size: 0.0
2135000 : 4.386695090254427 size: 0.0
2136000 : 4.227770394141028 size: 0.0
2137000 : 4.238283005657668 size: 0.0
2138000 : 4.336880315432015 size: 0.0
2139000 : 4.301548199638759 size: 0.0
2140000 : 4.314914691263817 size: 0.0
2141000 : 4.24998195349996 size: 0.0
2142000 : 4.289649063990863 size: 0.0
2143000 : 4.138666526694308 size: 0.0
2144000 : 4.30632622164503 size: 0.0
2145000 : 4.32040093782634 size: 0.0
2146000 : 4.119406189624183 size: 0.0
2147000 : 4.303500546691353 size: 0.0
2148000 : 4.090813042022336 size: 0.0
2149000 : 4.136121183461539 size: 0.0
2150000 : 4.240890262644748 size: 0.0
2151000 : 4.294194909418469 size: 0.0
2152000 : 4.296735781102316 size: 0.0
2153000 : 4.3460425191740795 size: 0.0
2154000 : 4.263441315756483 size: 0.0
2155000 : 4.249694742473019 size: 0.0
2156000 : 4.311423443451302 size: 0.0
2157000 : 4.250574605714833 size: 0.0
2158000 : 4.341248330798628 size: 0.0
2159000 : 4.373790544029587 size: 0.0
2160000 : 4.281236016675956 size: 0.0
2161000 : 4.152062599335315 size: 0.0
2162000 : 4.164564018226532 size: 0.0
2163000 : 4.245116564307051 size: 0.0
2164000 : 4.319731925314484 size: 0.0
2165000 : 4.306331725089857 size: 0.0
2166000 : 4.413110249565747 size: 0.0
2167000 : 4.308916968297627 size: 0.0
2168000 : 4.299243632117197 size: 0.0
2169000 : 4.345897365816752 size: 0.0
2170000 : 4.278781824248144 size: 0.0
2171000 : 4.432494758109796 size: 0.0
2172000 : 4.299483719897802 size: 0.0
2173000 : 4.256242121991366 size: 0.0
2174000 : 4.334551670339332 size: 0.0
2175000 : 4.251035175253843 size: 0.0
2176000 : 4.329132497010645 size: 0.0
2177000 : 4.362616143272427 size: 0.0
2178000 : 4.226286871794685 size: 0.0
2179000 : 4.331335938733499 size: 0.0
2180000 : 4.428725242368185 size: 0.0
2181000 : 4.506524002243089 size: 0.0
2182000 : 4.262584154224583 size: 0.0
2183000 : 4.1978182396320625 size: 0.0
2184000 : 4.271726064013846 size: 0.0
2185000 : 4.423345969014498 size: 0.0
2186000 : 4.260702664024143 size: 0.0
2187000 : 4.274038886702649 size: 0.0
2188000 : 4.311663187266604 size: 0.0
2189000 : 4.353466322281224 size: 0.0
2190000 : 4.21127622602738 size: 0.0
2191000 : 4.195542909161148 size: 0.0
2192000 : 4.262379494870056 size: 0.0
2193000 : 4.282477387449884 size: 0.0
2194000 : 4.2462612808311935 size: 0.0
2195000 : 4.233570681024027 size: 0.0
2196000 : 4.258549441235341 size: 0.0
2197000 : 4.139995608620176 size: 0.0
2198000 : 4.197733624167839 size: 0.0
2199000 : 4.296633967373005 size: 0.0
2200000 : 4.283499996291914 size: 0.0
2201000 : 4.169001170618793 size: 0.0
2202000 : 4.1766275692886525 size: 0.0
2203000 : 4.248966223963964 size: 0.0
2204000 : 4.223330146061052 size: 0.0
2205000 : 4.325041717677222 size: 0.0
2206000 : 4.337711679566286 size: 0.0
2207000 : 4.192937715965878 size: 0.0
2208000 : 4.338030535400985 size: 0.0
2209000 : 4.309391296448706 size: 0.0
2210000 : 4.3903782707053045 size: 0.0
2211000 : 4.2280524456884425 size: 0.0
2212000 : 4.294309793829245 size: 0.0
2213000 : 4.4029350680101 size: 0.0
2214000 : 4.125918484681754 size: 0.0
2215000 : 4.318644994961031 size: 0.0
2216000 : 4.25245368815816 size: 0.0
2217000 : 4.1461216306439095 size: 0.0
2218000 : 4.327262013699861 size: 0.0
2219000 : 4.36414954058752 size: 0.0
2220000 : 4.218239115630211 size: 0.0
2221000 : 4.37105636384617 size: 0.0
2222000 : 4.294188030112434 size: 0.0
2223000 : 4.232975965017343 size: 0.0
2224000 : 4.286834395926842 size: 0.0
2225000 : 4.336569370799254 size: 0.0
2226000 : 4.254990088293084 size: 0.0
2227000 : 4.315511127097008 size: 0.0
2228000 : 4.325139747788214 size: 0.0
2229000 : 4.312466346246134 size: 0.0
2230000 : 4.301124778352335 size: 0.0
2231000 : 4.198750385599739 size: 0.0
2232000 : 4.31646425494809 size: 0.0
2233000 : 4.2810595624761705 size: 0.0
2234000 : 4.319458472899612 size: 0.0
2235000 : 4.293355290116956 size: 0.0
2236000 : 4.335299450905284 size: 0.0
2237000 : 4.254822921156446 size: 0.0
2238000 : 4.321862446393372 size: 0.0
2239000 : 4.201444321842854 size: 0.0
2240000 : 4.205791355326062 size: 0.0
2241000 : 4.383332141499456 size: 0.0
2242000 : 4.257067294750206 size: 0.0
2243000 : 4.40229907616721 size: 0.0
2244000 : 4.41129686449505 size: 0.0
2245000 : 4.535899670906362 size: 0.0
2246000 : 4.45132410665686 size: 0.0
2247000 : 4.394866329962221 size: 0.0
2248000 : 4.227339061652664 size: 0.0
2249000 : 4.2549766736463175 size: 0.0
2250000 : 4.467224246694428 size: 0.0
2251000 : 4.38553764701412 size: 0.0
2252000 : 4.238878753560257 size: 0.0
2253000 : 4.321377455317939 size: 0.0
2254000 : 4.252837553434886 size: 0.0
2255000 : 4.242268875574064 size: 0.0
2256000 : 4.302417743921521 size: 0.0
2257000 : 4.2164233228024015 size: 0.0
2258000 : 4.380882764585867 size: 0.0
2259000 : 4.299053763270645 size: 0.0
2260000 : 4.325367796783258 size: 0.0
2261000 : 4.204078064158168 size: 0.0
2262000 : 4.338160210319735 size: 0.0
2263000 : 4.387602126755078 size: 0.0
2264000 : 4.367800388300036 size: 0.0
2265000 : 4.21516922531231 size: 0.0
2266000 : 4.206095076687486 size: 0.0
2267000 : 4.371448140324835 size: 0.0
2268000 : 4.212220410780616 size: 0.0
2269000 : 4.276822597889515 size: 0.0
2270000 : 4.395163859948213 size: 0.0
2271000 : 4.378887421870557 size: 0.0
2272000 : 4.186510380337833 size: 0.0
2273000 : 4.402418432126908 size: 0.0
2274000 : 4.226980993773568 size: 0.0
2275000 : 4.40112305880061 size: 0.0
2276000 : 4.381745429562596 size: 0.0
2277000 : 4.259381493300215 size: 0.0
2278000 : 4.3789008365173245 size: 0.0
2279000 : 4.264571585737953 size: 0.0
2280000 : 4.181296898259578 size: 0.0
2281000 : 4.329360202040387 size: 0.0
2282000 : 4.321379863075051 size: 0.0
2283000 : 4.2906651374921605 size: 0.0
2284000 : 4.214414565440324 size: 0.0
2285000 : 4.190363135682462 size: 0.0
2286000 : 4.291288058653586 size: 0.0
2287000 : 4.354507161284245 size: 0.0
2288000 : 4.317681892116199 size: 0.0
2289000 : 4.391527114813068 size: 0.0
2290000 : 4.3211029710071625 size: 0.0
2291000 : 4.317774074817062 size: 0.0
2292000 : 4.222754348145963 size: 0.0
2293000 : 4.316108594826106 size: 0.0
2294000 : 4.266557985355419 size: 0.0
2295000 : 4.327825428864087 size: 0.0
2296000 : 4.300490162370651 size: 0.0
2297000 : 4.267837536277838 size: 0.0
2298000 : 4.2181379898315035 size: 0.0
2299000 : 4.298451823992625 size: 0.0
2300000 : 4.380941238687161 size: 0.0
2301000 : 4.227037404083051 size: 0.0
2302000 : 4.333175121201826 size: 0.0
2303000 : 4.08937870671414 size: 0.0
2304000 : 4.284798465305928 size: 0.0
2305000 : 4.208692702646118 size: 0.0
2306000 : 4.279136108508921 size: 0.0
2307000 : 4.126734714342748 size: 0.0
2308000 : 4.344196113434417 size: 0.0
2309000 : 4.354184521831227 size: 0.0
2310000 : 4.427294346713007 size: 0.0
2311000 : 4.22313442980437 size: 0.0
2312000 : 4.268527186707798 size: 0.0
2313000 : 4.417846307805207 size: 0.0
2314000 : 4.339569780126207 size: 0.0
2315000 : 4.329636406177673 size: 0.0
2316000 : 4.445401712091749 size: 0.0
2317000 : 4.287458692949475 size: 0.0
2318000 : 4.2567842113068854 size: 0.0
2319000 : 4.385833457173605 size: 0.0
2320000 : 4.429898508012371 size: 0.0
2321000 : 4.343479633710922 size: 0.0
2322000 : 4.261458699757337 size: 0.0
2323000 : 4.235613490950976 size: 0.0
2324000 : 4.365510955251749 size: 0.0
2325000 : 4.299422150108793 size: 0.0
2326000 : 4.358030397869821 size: 0.0
2327000 : 4.321487524214492 size: 0.0
2328000 : 4.443615156314586 size: 0.0
2329000 : 4.425856571751794 size: 0.0
2330000 : 4.404325031794373 size: 0.0
2331000 : 4.399478216727758 size: 0.0
2332000 : 4.2369157435833085 size: 0.0
2333000 : 4.285084644436964 size: 0.0
2334000 : 4.22847036353004 size: 0.0
2335000 : 4.116992585101974 size: 0.0
2336000 : 4.11898311230306 size: 0.0
2337000 : 4.198400916853186 size: 0.0
2338000 : 4.137151359540207 size: 0.0
2339000 : 4.257858758909476 size: 0.0
2340000 : 4.202936099356438 size: 0.0
2341000 : 4.240032757147546 size: 0.0
2342000 : 4.434203233763467 size: 0.0
2343000 : 4.2234783951060955 size: 0.0
2344000 : 4.262906105746998 size: 0.0
2345000 : 4.282671383880057 size: 0.0
2346000 : 4.382954467598161 size: 0.0
2347000 : 4.355373953844594 size: 0.0
2348000 : 4.412417847413374 size: 0.0
2349000 : 4.348172352322365 size: 0.0
2350000 : 4.34063676049216 size: 0.0
2351000 : 4.270691760351557 size: 0.0
2352000 : 4.358227833953011 size: 0.0
2353000 : 4.385463350508948 size: 0.0
2354000 : 4.392397003061133 size: 0.0
2355000 : 4.379583263675948 size: 0.0
2356000 : 4.311459559807982 size: 0.0
2357000 : 4.222288963092728 size: 0.0
2358000 : 4.378446802319047 size: 0.0
2359000 : 4.250848058129705 size: 0.0
2360000 : 4.287616573022967 size: 0.0
2361000 : 4.3289120152522385 size: 0.0
2362000 : 4.292312731287426 size: 0.0
2363000 : 4.204529346634032 size: 0.0
2364000 : 4.323559227226784 size: 0.0
2365000 : 4.4789692858871515 size: 0.0
2366000 : 4.430224587118407 size: 0.0
2367000 : 4.194662014023429 size: 0.0
2368000 : 4.30521418182455 size: 0.0
2369000 : 4.261876961564235 size: 0.0
2370000 : 4.138119621864565 size: 0.0
2371000 : 4.323727082294027 size: 0.0
2372000 : 4.301726373665053 size: 0.0
2373000 : 4.139781318237201 size: 0.0
2374000 : 4.290348689414573 size: 0.0
2375000 : 4.333459580506353 size: 0.0
2376000 : 4.2579963450301666 size: 0.0
2377000 : 4.3044670891892025 size: 0.0
2378000 : 4.2418760671994935 size: 0.0
2379000 : 4.215150651186017 size: 0.0
2380000 : 4.318242899523313 size: 0.0
2381000 : 4.376448363916021 size: 0.0
2382000 : 4.35152601401419 size: 0.0
2383000 : 4.337345012554645 size: 0.0
2384000 : 4.112047395959065 size: 0.0
2385000 : 4.011105618688156 size: 0.0
2386000 : 4.3267677355612815 size: 0.0
2387000 : 4.337986851807666 size: 0.0
2388000 : 4.313718035979113 size: 0.0
2389000 : 4.086301593124902 size: 0.0
2390000 : 4.202119525730142 size: 0.0
2391000 : 4.2164573753672725 size: 0.0
2392000 : 4.33212155548264 size: 0.0
2393000 : 4.244955244580542 size: 0.0
2394000 : 4.422161008550054 size: 0.0
2395000 : 4.377292454766455 size: 0.0
2396000 : 4.340095703072546 size: 0.0
2397000 : 4.175107586620327 size: 0.0
2398000 : 4.05839706405711 size: 0.0
2399000 : 4.431123712417118 size: 0.0
waiting for write process!
write end!
end join!
last series
Last encode part don't need inference.
631.5836038589478
35448.13733792305 
@@@@@@@@@@@@@
end
main
