start!
start to right
387007
0 : 7.263686571260119 size: 0.0
1000 : 5.284861757669281 size: 0.0
2000 : 5.026817612453516 size: 0.0
3000 : 4.5937391562180325 size: 0.0
4000 : 4.270965900697033 size: 0.0
5000 : 3.9990730245031907 size: 0.0
6000 : 3.8207823939720362 size: 0.0
7000 : 3.6964152037924065 size: 0.0
8000 : 3.374376658155892 size: 0.0
9000 : 3.6035861921279984 size: 0.0
10000 : 3.4691483858444463 size: 0.0
11000 : 3.37589113737939 size: 0.0
12000 : 3.094612823962663 size: 0.0
13000 : 3.0171195052756916 size: 0.0
14000 : 3.210431788463808 size: 0.0
15000 : 3.0500290734488935 size: 0.0
16000 : 3.0318033840063583 size: 0.0
17000 : 3.2142350128049877 size: 0.0
18000 : 3.2057999517107705 size: 0.0
19000 : 2.9121450788073524 size: 0.0
20000 : 2.812043264803258 size: 0.0
21000 : 2.5647547425898023 size: 0.0
22000 : 2.950410530693724 size: 0.0
23000 : 2.822858221820115 size: 0.0
24000 : 3.0135818221474437 size: 0.0
25000 : 2.855977092879417 size: 0.0
26000 : 2.906282534204741 size: 0.0
27000 : 2.763536590023308 size: 0.0
28000 : 2.485127807136227 size: 0.0
29000 : 2.6309964403093757 size: 0.0
30000 : 2.448531446876479 size: 0.0
31000 : 2.872525779493389 size: 0.0
32000 : 2.6977559777906976 size: 0.0
33000 : 2.841188132749073 size: 0.0
34000 : 2.8915587554990743 size: 0.0
35000 : 2.5361168794987305 size: 0.0
36000 : 2.666836420870629 size: 0.0
37000 : 2.557752296977272 size: 0.0
38000 : 2.434225586012409 size: 0.0
39000 : 2.614443970077085 size: 0.0
40000 : 2.755297933116376 size: 0.0
41000 : 2.739148762200358 size: 0.0
42000 : 2.796718062767524 size: 0.0
43000 : 2.78555484088267 size: 0.0
44000 : 2.5320998807225283 size: 0.0
45000 : 2.320969506974422 size: 0.0
46000 : 2.5061100345067913 size: 0.0
47000 : 2.4752025163722835 size: 0.0
48000 : 2.6456242526958613 size: 0.0
49000 : 2.726450251191252 size: 0.0
50000 : 2.8118346498477615 size: 0.0
51000 : 2.6220665851286262 size: 0.0
52000 : 2.644182694116329 size: 0.0
53000 : 2.38918143794228 size: 0.0
54000 : 2.242721356432814 size: 0.0
55000 : 2.5466601039272243 size: 0.0
56000 : 2.4938648697653596 size: 0.0
57000 : 2.6843798551371916 size: 0.0
58000 : 2.8081566288764095 size: 0.0
59000 : 2.6784827420217567 size: 0.0
60000 : 2.455191990979094 size: 0.0
61000 : 2.465712857662975 size: 0.0
62000 : 2.2334088398538943 size: 0.0
63000 : 2.494633632214716 size: 0.0
64000 : 2.4305484249543112 size: 0.0
65000 : 2.5646040857876464 size: 0.0
66000 : 2.605147275902045 size: 0.0
67000 : 2.6581382263205917 size: 0.0
68000 : 2.5870999324684543 size: 0.0
69000 : 2.458371262262944 size: 0.0
70000 : 2.071747899765268 size: 0.0
71000 : 2.3549985102220896 size: 0.0
72000 : 2.5404449948903443 size: 0.0
73000 : 2.5373317649444256 size: 0.0
74000 : 2.4533698347932025 size: 0.0
75000 : 2.667106261649833 size: 0.0
76000 : 2.3603255008499144 size: 0.0
77000 : 2.3921443550513444 size: 0.0
78000 : 2.2781693885327505 size: 0.0
79000 : 2.372810237423998 size: 0.0
80000 : 2.4389220882421707 size: 0.0
81000 : 2.454892397201291 size: 0.0
82000 : 2.503984328942127 size: 0.0
83000 : 2.590495901892391 size: 0.0
84000 : 2.442190790504469 size: 0.0
85000 : 2.513053146104774 size: 0.0
86000 : 2.227162429974557 size: 0.0
87000 : 2.251280760983605 size: 0.0
88000 : 2.4728757630887603 size: 0.0
89000 : 2.567110560941321 size: 0.0
90000 : 2.6571044386062552 size: 0.0
91000 : 2.57862359553803 size: 0.0
92000 : 2.5011703488087096 size: 0.0
93000 : 2.3517695359521404 size: 0.0
94000 : 2.234616674010904 size: 0.0
95000 : 2.0989557271144155 size: 0.0
96000 : 2.321440911420437 size: 0.0
97000 : 2.5371862676217956 size: 0.0
98000 : 2.497128584530783 size: 0.0
99000 : 2.5461336650329334 size: 0.0
100000 : 2.512908508695398 size: 0.0
101000 : 2.114519469086896 size: 0.0
102000 : 2.2155114652918564 size: 0.0
103000 : 2.0285269397769357 size: 0.0
104000 : 2.2127679980452926 size: 0.0
105000 : 2.353059921781564 size: 0.0
106000 : 2.401376555732311 size: 0.0
107000 : 2.5451595552984463 size: 0.0
108000 : 2.436926057596257 size: 0.0
109000 : 2.2771211542757417 size: 0.0
110000 : 2.2973623084037382 size: 0.0
111000 : 1.93499675484496 size: 0.0
112000 : 2.233610919468658 size: 0.0
113000 : 2.2897371136124343 size: 0.0
114000 : 2.4450931697204297 size: 0.0
115000 : 2.5543379254096927 size: 0.0
116000 : 2.321418381693174 size: 0.0
117000 : 2.332923505087943 size: 0.0
118000 : 2.2612411362083242 size: 0.0
119000 : 2.153930841375966 size: 0.0
120000 : 2.233701554325663 size: 0.0
121000 : 2.2860099056029353 size: 0.0
122000 : 2.580790920904203 size: 0.0
123000 : 2.534874476828898 size: 0.0
124000 : 2.546564137608043 size: 0.0
125000 : 2.3790076322478395 size: 0.0
126000 : 2.3205899412639677 size: 0.0
127000 : 2.2068263414232843 size: 0.0
128000 : 2.0382114548296713 size: 0.0
129000 : 2.185458013001533 size: 0.0
130000 : 2.3592872415866557 size: 0.0
131000 : 2.499157635845662 size: 0.0
132000 : 2.40900862982965 size: 0.0
133000 : 2.2237525299559002 size: 0.0
134000 : 2.217061200958781 size: 0.0
135000 : 2.0997869192660352 size: 0.0
136000 : 2.102585076995573 size: 0.0
137000 : 2.0717181467666688 size: 0.0
138000 : 2.497597065271733 size: 0.0
139000 : 2.4626617134540183 size: 0.0
140000 : 2.4417465593172905 size: 0.0
141000 : 2.3977263959503987 size: 0.0
142000 : 2.142632441127534 size: 0.0
143000 : 2.0808762229251134 size: 0.0
144000 : 2.003333029269392 size: 0.0
145000 : 1.9679864669334641 size: 0.0
146000 : 2.1861120630227644 size: 0.0
147000 : 2.323702139313981 size: 0.0
148000 : 2.396918937404598 size: 0.0
149000 : 2.4411664618359303 size: 0.0
150000 : 2.0906333146565133 size: 0.0
151000 : 2.154683781421444 size: 0.0
152000 : 1.9679089027579248 size: 0.0
153000 : 1.976423075871539 size: 0.0
154000 : 2.275013334906767 size: 0.0
155000 : 2.31223261632794 size: 0.0
156000 : 2.493602252257492 size: 0.0
157000 : 2.2208329524748534 size: 0.0
158000 : 2.2905681337814032 size: 0.0
159000 : 2.1184238192267832 size: 0.0
160000 : 2.1245125210152795 size: 0.0
161000 : 1.9165535073490834 size: 0.0
162000 : 2.252006527770246 size: 0.0
163000 : 2.348702397356653 size: 0.0
164000 : 2.3833591372799705 size: 0.0
165000 : 2.249832323098038 size: 0.0
166000 : 2.144855144907285 size: 0.0
167000 : 2.1418005610453106 size: 0.0
168000 : 2.2333398748108984 size: 0.0
169000 : 1.9722163802314348 size: 0.0
170000 : 2.147643327643073 size: 0.0
171000 : 2.222703263802986 size: 0.0
172000 : 2.2280507203662636 size: 0.0
173000 : 2.3558082045423516 size: 0.0
174000 : 2.096967779653092 size: 0.0
175000 : 1.9631680290042408 size: 0.0
176000 : 2.047979897416028 size: 0.0
177000 : 1.9705041209594447 size: 0.0
178000 : 2.1815063676326583 size: 0.0
179000 : 2.2074217453605716 size: 0.0
180000 : 2.2595997337884897 size: 0.0
181000 : 2.4879103144445365 size: 0.0
182000 : 2.1752401797484717 size: 0.0
183000 : 1.9657869808115795 size: 0.0
184000 : 2.1837500532958143 size: 0.0
185000 : 1.9349977867408652 size: 0.0
186000 : 2.046373923422271 size: 0.0
187000 : 2.2299992838005394 size: 0.0
188000 : 2.3680007425926197 size: 0.0
189000 : 2.3127213910216926 size: 0.0
190000 : 2.3184766184501653 size: 0.0
191000 : 2.042203344138848 size: 0.0
192000 : 2.043024217331416 size: 0.0
193000 : 1.8733151771130139 size: 0.0
194000 : 2.0462230946374644 size: 0.0
195000 : 2.145479613912568 size: 0.0
196000 : 2.3142535844582293 size: 0.0
197000 : 2.2151888258388377 size: 0.0
198000 : 2.2985866528952306 size: 0.0
199000 : 2.112582256507577 size: 0.0
200000 : 2.118292940429477 size: 0.0
201000 : 2.1254677126581716 size: 0.0
202000 : 1.8552700694538844 size: 0.0
203000 : 2.1451029719071784 size: 0.0
204000 : 2.161821577380203 size: 0.0
205000 : 2.2820496611015173 size: 0.0
206000 : 2.365424270500044 size: 0.0
207000 : 2.084967346223838 size: 0.0
208000 : 2.018345222880556 size: 0.0
209000 : 2.106379874186861 size: 0.0
210000 : 2.026260896369167 size: 0.0
211000 : 2.0587410238631647 size: 0.0
212000 : 2.295374704907717 size: 0.0
213000 : 2.305262159488471 size: 0.0
214000 : 2.4019432385669037 size: 0.0
215000 : 2.131866843131475 size: 0.0
216000 : 2.072062456033696 size: 0.0
217000 : 1.9848268361232995 size: 0.0
218000 : 1.979424517094397 size: 0.0
219000 : 2.219495443399093 size: 0.0
220000 : 2.140340600322136 size: 0.0
221000 : 2.251828353743952 size: 0.0
222000 : 2.301142487069703 size: 0.0
223000 : 2.2840491314004483 size: 0.0
224000 : 2.05898334741823 size: 0.0
225000 : 1.9796728600422429 size: 0.0
226000 : 1.802914078982323 size: 0.0
227000 : 1.9634180917785953 size: 0.0
228000 : 2.1007553535730437 size: 0.0
229000 : 2.268084841834108 size: 0.0
230000 : 2.485665768868126 size: 0.0
231000 : 2.1522378441608727 size: 0.0
232000 : 2.0560097673848126 size: 0.0
233000 : 2.0326417966814794 size: 0.0
234000 : 1.8940813942740944 size: 0.0
235000 : 1.9648443439022005 size: 0.0
236000 : 2.044750235215475 size: 0.0
237000 : 2.2550771060187507 size: 0.0
238000 : 2.1998135768517026 size: 0.0
239000 : 2.091566320537444 size: 0.0
240000 : 1.9670691114737617 size: 0.0
241000 : 2.02099719535686 size: 0.0
242000 : 1.9945655257110568 size: 0.0
243000 : 1.873998292202241 size: 0.0
244000 : 2.109081205683963 size: 0.0
245000 : 2.2104993748977613 size: 0.0
246000 : 2.2330149995834185 size: 0.0
247000 : 2.3282896045430954 size: 0.0
248000 : 2.050368048505909 size: 0.0
249000 : 1.989519726717393 size: 0.0
250000 : 2.019041924599201 size: 0.0
251000 : 1.858482189424049 size: 0.0
252000 : 2.271501449176149 size: 0.0
253000 : 2.0869367195588677 size: 0.0
254000 : 2.228254347824885 size: 0.0
255000 : 2.2085042041651017 size: 0.0
256000 : 2.233845675787086 size: 0.0
257000 : 2.0139474545153426 size: 0.0
258000 : 2.077021919736627 size: 0.0
259000 : 1.9841844809223268 size: 0.0
260000 : 2.0856822781034747 size: 0.0
261000 : 2.185016533536768 size: 0.0
262000 : 2.243614806304046 size: 0.0
263000 : 2.3507780559699163 size: 0.0
264000 : 2.084828900189893 size: 0.0
265000 : 1.9747565639846785 size: 0.0
266000 : 2.0126228441383973 size: 0.0
267000 : 1.754967723678884 size: 0.0
268000 : 1.9472159502061117 size: 0.0
269000 : 2.2101285803025013 size: 0.0
270000 : 2.1441360854440275 size: 0.0
271000 : 2.248542625199218 size: 0.0
272000 : 2.1111781901459334 size: 0.0
273000 : 2.045991605989403 size: 0.0
274000 : 1.958155938610146 size: 0.0
275000 : 1.8204654244508252 size: 0.0
276000 : 1.8021740376356603 size: 0.0
277000 : 2.019247271884331 size: 0.0
278000 : 2.1717547793460863 size: 0.0
279000 : 2.3267417606853305 size: 0.0
280000 : 2.3569928210414948 size: 0.0
281000 : 2.023982470210537 size: 0.0
282000 : 1.93896938209724 size: 0.0
283000 : 1.8721016675285258 size: 0.0
284000 : 1.7955570051437137 size: 0.0
285000 : 2.278576299484692 size: 0.0
286000 : 2.1382166145839805 size: 0.0
287000 : 2.177923625049884 size: 0.0
288000 : 2.1051816710583 size: 0.0
289000 : 2.046589417683802 size: 0.0
290000 : 2.034956339196791 size: 0.0
291000 : 1.7731003705073025 size: 0.0
292000 : 1.7889864079675002 size: 0.0
293000 : 2.169163688728187 size: 0.0
294000 : 2.0827356993462423 size: 0.0
295000 : 2.368131965355228 size: 0.0
296000 : 2.33387766483493 size: 0.0
297000 : 2.246871469780784 size: 0.0
298000 : 1.9770704185693868 size: 0.0
299000 : 1.9662693921472498 size: 0.0
300000 : 1.9058826717936495 size: 0.0
301000 : 1.9347344813023943 size: 0.0
302000 : 2.2007902663259524 size: 0.0
303000 : 2.258764758018551 size: 0.0
304000 : 2.2460299586701122 size: 0.0
305000 : 2.0129955305428173 size: 0.0
306000 : 1.8634115561630789 size: 0.0
307000 : 1.7923596756815234 size: 0.0
308000 : 1.7571582667029237 size: 0.0
309000 : 2.001789656960549 size: 0.0
310000 : 2.0617964676383935 size: 0.0
311000 : 2.219402744750278 size: 0.0
312000 : 2.2045683812001067 size: 0.0
313000 : 2.1846361079130596 size: 0.0
314000 : 1.9539327326355587 size: 0.0
315000 : 1.9168701274093218 size: 0.0
316000 : 1.7690654855354102 size: 0.0
317000 : 1.876980643350853 size: 0.0
318000 : 2.139511127997025 size: 0.0
319000 : 2.221854701403629 size: 0.0
320000 : 2.2022103270741265 size: 0.0
321000 : 2.0777144938716514 size: 0.0
322000 : 1.912277846665983 size: 0.0
323000 : 1.9853297133944223 size: 0.0
324000 : 1.7914975266527482 size: 0.0
325000 : 1.7310678106364321 size: 0.0
326000 : 2.0195012902596554 size: 0.0
327000 : 2.1236407409580558 size: 0.0
328000 : 2.265720596332697 size: 0.0
329000 : 2.1534843744143264 size: 0.0
330000 : 2.0659773658808684 size: 0.0
331000 : 2.123706954278638 size: 0.0
332000 : 2.0143309758267667 size: 0.0
333000 : 1.9605717789068158 size: 0.0
334000 : 1.9528917216498862 size: 0.0
335000 : 2.150101475671855 size: 0.0
336000 : 2.4571720272384776 size: 0.0
337000 : 2.131639482067034 size: 0.0
338000 : 1.9943603504085774 size: 0.0
339000 : 2.163655428386353 size: 0.0
340000 : 1.8522335437702506 size: 0.0
341000 : 1.8148778801069434 size: 0.0
342000 : 2.0555796387750047 size: 0.0
343000 : 2.1225252614845598 size: 0.0
344000 : 2.2636593842621062 size: 0.0
345000 : 2.323664475113442 size: 0.0
346000 : 1.965100770034637 size: 0.0
347000 : 1.9397532790198728 size: 0.0
348000 : 1.9093365993709273 size: 0.0
349000 : 1.757479874260037 size: 0.0
350000 : 2.001133027199555 size: 0.0
351000 : 2.106709392945914 size: 0.0
352000 : 2.0293810056211203 size: 0.0
353000 : 2.1861497272233033 size: 0.0
354000 : 2.1598718100673713 size: 0.0
355000 : 1.8178923920112668 size: 0.0
356000 : 1.9423835816821686 size: 0.0
357000 : 1.7172524442926227 size: 0.0
358000 : 1.9313985338236084 size: 0.0
359000 : 1.9430077067221496 size: 0.0
360000 : 2.1412343941586705 size: 0.0
361000 : 2.1391116122990708 size: 0.0
362000 : 1.9763523910020344 size: 0.0
363000 : 1.8283530647673463 size: 0.0
364000 : 2.0089456830802996 size: 0.0
365000 : 1.794340743836812 size: 0.0
366000 : 1.9368980230502484 size: 0.0
367000 : 1.9549261044269424 size: 0.0
368000 : 2.1466740334228103 size: 0.0
369000 : 2.2293744708299545 size: 0.0
370000 : 2.1306335555421376 size: 0.0
371000 : 1.9899988703826967 size: 0.0
372000 : 1.9996044453986863 size: 0.0
373000 : 1.710188084925782 size: 0.0
374000 : 1.9668197366300106 size: 0.0
375000 : 1.9438318475850842 size: 0.0
376000 : 2.0537454438035527 size: 0.0
377000 : 2.3297162006320025 size: 0.0
378000 : 2.1021619996744505 size: 0.0
379000 : 2.086321021668779 size: 0.0
380000 : 1.8782068796515046 size: 0.0
381000 : 1.8353508668483032 size: 0.0
382000 : 1.8344384988854758 size: 0.0
383000 : 2.008148027545598 size: 0.0
384000 : 1.9891190071408824 size: 0.0
385000 : 2.2004708945433 size: 0.0
386000 : 2.0854607644491634 size: 0.0
387000 : 1.939546211908234 size: 0.0
waiting for write process!
write end!
end join!
last series
Last encode part don't need inference.
54.2105655670166
压缩完成，总共用时：5807.404672861099 秒
@@@@@@@@@@@@@
end！
main执行完毕
