start!
start to right
1722764
0 : 5.801167434171502 size: 0.0
1000 : 1.8826457518702737 size: 0.0
2000 : 1.520839657874752 size: 0.0
3000 : 1.4224392682356435 size: 0.0
4000 : 1.3858253657455077 size: 0.0
5000 : 1.316794883350868 size: 0.0
6000 : 1.4004953138814544 size: 0.0
7000 : 1.2498344701333388 size: 0.0
8000 : 1.2965330913047681 size: 0.0
9000 : 1.2050736634805062 size: 0.0
10000 : 1.1844682500979822 size: 0.0
11000 : 1.2204408292830506 size: 0.0
12000 : 1.2206849586559505 size: 0.0
13000 : 1.2763636539421812 size: 0.0
14000 : 1.3577663962572404 size: 0.0
15000 : 1.2146800124184247 size: 0.0
16000 : 1.2114923999760079 size: 0.0
17000 : 1.288399085840886 size: 0.0
18000 : 1.229539227461646 size: 0.0
19000 : 1.194989202773189 size: 0.0
20000 : 1.2589819693587552 size: 0.0
21000 : 1.1844226746955036 size: 0.0
22000 : 1.2206098882288487 size: 0.0
23000 : 1.2530004127617467 size: 0.0
24000 : 1.2393940913300612 size: 0.0
25000 : 1.2408103684599163 size: 0.0
26000 : 1.2163590790387981 size: 0.0
27000 : 1.189371475474081 size: 0.0
28000 : 1.1511410220571598 size: 0.0
29000 : 1.2361359660007907 size: 0.0
30000 : 1.1208212546319756 size: 0.0
31000 : 1.215221671777317 size: 0.0
32000 : 1.1887468344861472 size: 0.0
33000 : 1.1925273571174133 size: 0.0
34000 : 1.115603129022147 size: 0.0
35000 : 1.131316581892204 size: 0.0
36000 : 1.0894202322808169 size: 0.0
37000 : 1.1360637330126446 size: 0.0
38000 : 1.2187945253576664 size: 0.0
39000 : 1.209771455580149 size: 0.0
40000 : 1.1789900007287237 size: 0.0
41000 : 1.1066969214558913 size: 0.0
42000 : 1.1123403601613033 size: 0.0
43000 : 1.0975471004646882 size: 0.0
44000 : 1.2009694695003161 size: 0.0
45000 : 1.0968684569243834 size: 0.0
46000 : 1.0200624669015854 size: 0.0
47000 : 1.1292855527768397 size: 0.0
48000 : 1.1468166902838655 size: 0.0
49000 : 1.0754284977285478 size: 0.0
50000 : 1.1397586942751068 size: 0.0
51000 : 1.1725729840597305 size: 0.0
52000 : 1.0953884602223836 size: 0.0
53000 : 1.1019302503045776 size: 0.0
54000 : 1.0999419588779527 size: 0.0
55000 : 1.0227522755610798 size: 0.0
56000 : 1.0351953923336548 size: 0.0
57000 : 1.1509637079441204 size: 0.0
58000 : 1.1684347375146698 size: 0.0
59000 : 1.0725549256066065 size: 0.0
60000 : 1.037677273968256 size: 0.0
61000 : 1.0676983935202171 size: 0.0
62000 : 1.0958382808457152 size: 0.0
63000 : 1.0929536158427933 size: 0.0
64000 : 1.0577697490945817 size: 0.0
65000 : 1.143592617519466 size: 0.0
66000 : 1.0407025347882581 size: 0.0
67000 : 1.1123029539347407 size: 0.0
68000 : 1.1472728742652791 size: 0.0
69000 : 1.167580671670485 size: 0.0
70000 : 1.1332713367019107 size: 0.0
71000 : 1.1924157403770035 size: 0.0
72000 : 1.127850443546715 size: 0.0
73000 : 1.139235953007809 size: 0.0
74000 : 1.0477408387834932 size: 0.0
75000 : 1.214927667435667 size: 0.0
76000 : 1.0911394568501669 size: 0.0
77000 : 1.0340542014538547 size: 0.0
78000 : 1.1461156889989488 size: 0.0
79000 : 1.112058824561841 size: 0.0
80000 : 1.0046227244203767 size: 0.0
81000 : 1.0837946797710944 size: 0.0
82000 : 1.0470783616123698 size: 0.0
83000 : 1.1232909254983656 size: 0.0
84000 : 1.1271964795168092 size: 0.0
85000 : 1.1017528502002125 size: 0.0
86000 : 1.2057083654535152 size: 0.0
87000 : 1.1579408721069737 size: 0.0
88000 : 1.1754462982076954 size: 0.0
89000 : 1.1462791585085939 size: 0.0
90000 : 1.1006795064761778 size: 0.0
91000 : 1.0881847089170185 size: 0.0
92000 : 1.0854635134237418 size: 0.0
93000 : 1.11342703254078 size: 0.0
94000 : 1.1554234760549693 size: 0.0
95000 : 1.0686871217800273 size: 0.0
96000 : 1.084861402163071 size: 0.0
97000 : 1.0836242449640894 size: 0.0
98000 : 1.0474010870567139 size: 0.0
99000 : 1.0053116869197332 size: 0.0
100000 : 1.059084212495126 size: 0.0
101000 : 1.0824259558442029 size: 0.0
102000 : 1.0901380018741929 size: 0.0
103000 : 1.0601275452465853 size: 0.0
104000 : 1.084563614203102 size: 0.0
105000 : 1.0581659111308441 size: 0.0
106000 : 1.003365187277268 size: 0.0
107000 : 1.0648249933809266 size: 0.0
108000 : 1.1030901872933219 size: 0.0
109000 : 1.0784889290006514 size: 0.0
110000 : 1.1413159971786695 size: 0.0
111000 : 1.0387611946253188 size: 0.0
112000 : 1.1195060173095024 size: 0.0
113000 : 1.1284372483514589 size: 0.0
114000 : 1.1092763172535316 size: 0.0
115000 : 1.0781734268276435 size: 0.0
116000 : 1.0781455656382037 size: 0.0
117000 : 1.0346263017419497 size: 0.0
118000 : 1.0340836104871522 size: 0.0
119000 : 0.9882218568948213 size: 0.0
120000 : 1.02866641495895 size: 0.0
121000 : 1.0279443457993025 size: 0.0
122000 : 1.0885641026448218 size: 0.0
123000 : 1.021006221698195 size: 0.0
124000 : 1.1014456031944462 size: 0.0
125000 : 1.087712014601122 size: 0.0
126000 : 0.9827620956605306 size: 0.0
127000 : 1.0412030902935945 size: 0.0
128000 : 1.005917839772699 size: 0.0
129000 : 1.0568667541862264 size: 0.0
130000 : 1.1420237917782954 size: 0.0
131000 : 1.0579696789262096 size: 0.0
132000 : 1.0567443025388121 size: 0.0
133000 : 1.0388182928654053 size: 0.0
134000 : 1.025333649159205 size: 0.0
135000 : 1.0015898963637366 size: 0.0
136000 : 1.0792089343684885 size: 0.0
137000 : 0.9610823926493921 size: 0.0
138000 : 1.11422829971115 size: 0.0
139000 : 1.0273746532683194 size: 0.0
140000 : 0.9615838080679826 size: 0.0
141000 : 1.0924565859817998 size: 0.0
142000 : 1.0254319372441731 size: 0.0
143000 : 1.0121722468453014 size: 0.0
144000 : 0.9689826736907515 size: 0.0
145000 : 1.0269925078181024 size: 0.0
146000 : 1.013489289985609 size: 0.0
147000 : 1.0608221831734201 size: 0.0
148000 : 1.00765813221678 size: 0.0
149000 : 0.9585945776133361 size: 0.0
150000 : 0.9858441107553175 size: 0.0
151000 : 1.0571428723321867 size: 0.0
152000 : 1.058346062957623 size: 0.0
153000 : 1.0348816099871556 size: 0.0
154000 : 1.1287120766275376 size: 0.0
155000 : 1.0483739929126448 size: 0.0
156000 : 1.0712255857067623 size: 0.0
157000 : 1.0878502026610903 size: 0.0
158000 : 1.085961317206664 size: 0.0
159000 : 1.023380012236729 size: 0.0
160000 : 1.0733578266121595 size: 0.0
161000 : 1.016050111656956 size: 0.0
162000 : 1.0644895412204187 size: 0.0
163000 : 1.030844661223453 size: 0.0
164000 : 1.0924814374748495 size: 0.0
165000 : 1.082479614431272 size: 0.0
166000 : 1.1138528615843164 size: 0.0
167000 : 1.0246711719880814 size: 0.0
168000 : 1.0041972393421421 size: 0.0
169000 : 1.1258602603109304 size: 0.0
170000 : 1.1756090797867371 size: 0.0
171000 : 1.0804436838103582 size: 0.0
172000 : 1.1122783604156674 size: 0.0
173000 : 1.0305830756114907 size: 0.0
174000 : 1.0930365974718346 size: 0.0
175000 : 1.050017717098266 size: 0.0
176000 : 1.0260569221974085 size: 0.0
177000 : 0.9586598450293385 size: 0.0
178000 : 1.0678338298577714 size: 0.0
179000 : 1.0873174004087174 size: 0.0
180000 : 1.1803872737756587 size: 0.0
181000 : 1.1287550722902533 size: 0.0
182000 : 1.1403154021159496 size: 0.0
183000 : 1.100726371748538 size: 0.0
184000 : 1.0660973210320097 size: 0.0
185000 : 0.9841312495440494 size: 0.0
186000 : 1.0324892453223284 size: 0.0
187000 : 1.053709324699036 size: 0.0
188000 : 1.0573333431180172 size: 0.0
189000 : 1.041587729492249 size: 0.0
190000 : 1.0867232003499863 size: 0.0
191000 : 1.0941964484692535 size: 0.0
192000 : 1.021330924943024 size: 0.0
193000 : 1.0507499332343144 size: 0.0
194000 : 1.0713270554707714 size: 0.0
195000 : 1.0239330224505783 size: 0.0
196000 : 1.1151227814782874 size: 0.0
197000 : 0.9943201037204402 size: 0.0
198000 : 1.024276987752304 size: 0.0
199000 : 1.0361776712440578 size: 0.0
200000 : 0.9708505772617725 size: 0.0
201000 : 1.0068869620103111 size: 0.0
202000 : 1.0416788802972063 size: 0.0
203000 : 0.9993408792384036 size: 0.0
204000 : 1.054617221112941 size: 0.0
205000 : 1.042841483017039 size: 0.0
206000 : 0.9775469797470923 size: 0.0
207000 : 0.9809886105648333 size: 0.0
208000 : 1.056489940198186 size: 0.0
209000 : 1.0569341713853646 size: 0.0
210000 : 1.059615810868943 size: 0.0
211000 : 0.9777734808982785 size: 0.0
212000 : 1.018763137974317 size: 0.0
213000 : 1.0027966986248409 size: 0.0
214000 : 1.0222780334013255 size: 0.0
215000 : 0.9384044163413204 size: 0.0
216000 : 1.0335400593191002 size: 0.0
217000 : 1.0518959396283387 size: 0.0
218000 : 1.063418003314218 size: 0.0
219000 : 1.0907203351300143 size: 0.0
220000 : 1.0913675918365364 size: 0.0
221000 : 0.9987005018379159 size: 0.0
222000 : 1.0795443865289964 size: 0.0
223000 : 1.1580010660347757 size: 0.0
224000 : 1.0573507133657545 size: 0.0
225000 : 1.0459799944126345 size: 0.0
226000 : 1.02595751622521 size: 0.0
227000 : 1.0728071381640967 size: 0.0
228000 : 1.042189066830991 size: 0.0
229000 : 0.9433362768287877 size: 0.0
230000 : 0.945326030107945 size: 0.0
231000 : 1.0361038906868376 size: 0.0
232000 : 1.014768410951401 size: 0.0
233000 : 1.0837069686191545 size: 0.0
234000 : 1.010122815586295 size: 0.0
235000 : 1.0463226698444785 size: 0.0
236000 : 1.0229592566813932 size: 0.0
237000 : 1.0581604936773419 size: 0.0
238000 : 1.0640752350144902 size: 0.0
239000 : 1.0390357649274213 size: 0.0
240000 : 1.0156865403330322 size: 0.0
241000 : 0.9684979405892947 size: 0.0
242000 : 1.0635193870869017 size: 0.0
243000 : 1.0835906223558458 size: 0.0
244000 : 0.9931827824502845 size: 0.0
245000 : 1.0030175243485489 size: 0.0
246000 : 0.9887649781062461 size: 0.0
247000 : 1.0083329061474402 size: 0.0
248000 : 1.03852420253243 size: 0.0
249000 : 0.9920900906780277 size: 0.0
250000 : 1.0539685025538865 size: 0.0
251000 : 0.9548605762891282 size: 0.0
252000 : 0.9644568642419713 size: 0.0
253000 : 1.0176424990212949 size: 0.0
254000 : 0.9807233273258774 size: 0.0
255000 : 0.9798032201437614 size: 0.0
256000 : 1.0404174735444531 size: 0.0
257000 : 1.0264445710924535 size: 0.0
258000 : 0.9855044450198636 size: 0.0
259000 : 0.9647428713903561 size: 0.0
260000 : 1.039528667204794 size: 0.0
261000 : 1.0709577227280436 size: 0.0
262000 : 1.0260337045395422 size: 0.0
263000 : 1.0264124963280674 size: 0.0
264000 : 0.9746961093350649 size: 0.0
265000 : 0.9860455024394779 size: 0.0
266000 : 0.9973198251167893 size: 0.0
267000 : 0.9783944242592187 size: 0.0
268000 : 0.9489298405654497 size: 0.0
269000 : 0.9852878328711018 size: 0.0
270000 : 1.0366386707396955 size: 0.0
271000 : 0.9953732394829986 size: 0.0
272000 : 1.000791896863733 size: 0.0
273000 : 1.0081705545250257 size: 0.0
274000 : 0.9886105376857712 size: 0.0
275000 : 0.992903826590585 size: 0.0
276000 : 0.937942470941103 size: 0.0
277000 : 1.0096137469397408 size: 0.0
278000 : 0.9942724645261513 size: 0.0
279000 : 1.0260583840499409 size: 0.0
280000 : 1.011406150127033 size: 0.0
281000 : 1.0622198861769823 size: 0.0
282000 : 0.9709541968089174 size: 0.0
283000 : 1.0143886732582958 size: 0.0
284000 : 0.9505862054759094 size: 0.0
285000 : 0.9640850377508059 size: 0.0
286000 : 1.0227605307283212 size: 0.0
287000 : 0.9238147841033266 size: 0.0
288000 : 0.8604674684064486 size: 0.0
289000 : 0.9207881474221176 size: 0.0
290000 : 0.9083102041627428 size: 0.0
291000 : 0.9197461905318652 size: 0.0
292000 : 0.9029863092226337 size: 0.0
293000 : 0.9649977496789348 size: 0.0
294000 : 0.9679079541055098 size: 0.0
295000 : 0.9393129146945032 size: 0.0
296000 : 0.9522719794196667 size: 0.0
297000 : 0.9668684049723696 size: 0.0
298000 : 0.9414942566467217 size: 0.0
299000 : 0.9571503533027157 size: 0.0
300000 : 1.0205255301890335 size: 0.0
301000 : 0.9239592495300514 size: 0.0
302000 : 1.0412793645992522 size: 0.0
303000 : 0.9693172659380052 size: 0.0
304000 : 1.0523701817880928 size: 0.0
305000 : 0.9041936274316905 size: 0.0
306000 : 1.034013011608973 size: 0.0
307000 : 0.9344619720442668 size: 0.0
308000 : 0.9223216307285358 size: 0.0
309000 : 0.9250244240781702 size: 0.0
310000 : 1.014812868466649 size: 0.0
311000 : 0.914060702068317 size: 0.0
312000 : 0.933929599748521 size: 0.0
313000 : 0.9665684672292648 size: 0.0
314000 : 0.9868948387607639 size: 0.0
315000 : 0.9404553954441849 size: 0.0
316000 : 0.9733705530535398 size: 0.0
317000 : 0.948453878579187 size: 0.0
318000 : 0.9232209280098974 size: 0.0
319000 : 0.973753902382313 size: 0.0
320000 : 1.033018951886986 size: 0.0
321000 : 0.934698620171854 size: 0.0
322000 : 0.9336578671601578 size: 0.0
323000 : 0.9555129064838509 size: 0.0
324000 : 0.9086790209575181 size: 0.0
325000 : 0.9042717935465077 size: 0.0
326000 : 0.9360349253690581 size: 0.0
327000 : 1.0301231940030835 size: 0.0
328000 : 1.0004607442694968 size: 0.0
329000 : 0.9592037401626922 size: 0.0
330000 : 0.9690248094402129 size: 0.0
331000 : 0.928125357264552 size: 0.0
332000 : 0.9750539192401849 size: 0.0
333000 : 0.9748167551646452 size: 0.0
334000 : 1.0095438359921651 size: 0.0
335000 : 1.0125186199041392 size: 0.0
336000 : 0.9617496853347398 size: 0.0
337000 : 0.8981715689204038 size: 0.0
338000 : 0.9291941434483391 size: 0.0
339000 : 0.9202216365701754 size: 0.0
340000 : 0.9098206417939454 size: 0.0
341000 : 0.9845361826955059 size: 0.0
342000 : 0.8812546674509345 size: 0.0
343000 : 0.8885324572874961 size: 0.0
344000 : 0.9487863210433047 size: 0.0
345000 : 0.916618686025925 size: 0.0
346000 : 0.9331027931544981 size: 0.0
347000 : 0.9012510042754279 size: 0.0
348000 : 0.900043084127093 size: 0.0
349000 : 0.909471345030043 size: 0.0
350000 : 0.9424805771494199 size: 0.0
351000 : 0.967812503734281 size: 0.0
352000 : 0.8807050968901025 size: 0.0
353000 : 0.9215653370213666 size: 0.0
354000 : 0.9260607055409441 size: 0.0
355000 : 0.971985060818189 size: 0.0
356000 : 1.0029710890328158 size: 0.0
357000 : 0.9398793395551199 size: 0.0
358000 : 0.9386894775851256 size: 0.0
359000 : 0.9020576888992999 size: 0.0
360000 : 1.0175619251493657 size: 0.0
361000 : 0.9323494231523936 size: 0.0
362000 : 0.9936000983526031 size: 0.0
363000 : 0.9279075412372343 size: 0.0
364000 : 0.9440707287392974 size: 0.0
365000 : 0.9372324405670158 size: 0.0
366000 : 0.9746798569745584 size: 0.0
367000 : 0.9862918675868388 size: 0.0
368000 : 0.936809105271917 size: 0.0
369000 : 0.94872260147116 size: 0.0
370000 : 0.8821125169134383 size: 0.0
371000 : 1.004816548867899 size: 0.0
372000 : 0.9733430358294017 size: 0.0
373000 : 1.0033032735229572 size: 0.0
374000 : 0.941659961930828 size: 0.0
375000 : 1.024066309004997 size: 0.0
376000 : 0.9113093236198138 size: 0.0
377000 : 0.9192994655962491 size: 0.0
378000 : 0.920840860104607 size: 0.0
379000 : 0.9515610031409999 size: 0.0
380000 : 1.033719609206601 size: 0.0
381000 : 0.9853267009501968 size: 0.0
382000 : 1.0323954287862829 size: 0.0
383000 : 1.0070336632114971 size: 0.0
384000 : 0.8857537335975056 size: 0.0
385000 : 0.8620319085900221 size: 0.0
386000 : 0.9878189875351752 size: 0.0
387000 : 0.9189960022088016 size: 0.0
388000 : 0.9347029197381256 size: 0.0
389000 : 0.8885113034214399 size: 0.0
390000 : 0.8905370870659529 size: 0.0
391000 : 0.8830233370324077 size: 0.0
392000 : 0.939033614869502 size: 0.0
393000 : 0.8988411833715382 size: 0.0
394000 : 0.9442509665574016 size: 0.0
395000 : 0.9805681129834738 size: 0.0
396000 : 0.9143223736716047 size: 0.0
397000 : 0.8549672052578797 size: 0.0
398000 : 0.9233115628669021 size: 0.0
399000 : 0.9065064501204936 size: 0.0
400000 : 0.9294761949957541 size: 0.0
401000 : 0.9483555904942188 size: 0.0
402000 : 0.9460484432328943 size: 0.0
403000 : 0.900002238247513 size: 0.0
404000 : 0.9732427699439488 size: 0.0
405000 : 0.8891070513240287 size: 0.0
406000 : 0.9662468596721514 size: 0.0
407000 : 0.9789936118148247 size: 0.0
408000 : 0.9654513539205855 size: 0.0
409000 : 0.8873155080499908 size: 0.0
410000 : 0.9137261098210634 size: 0.0
411000 : 0.9893435277437486 size: 0.0
412000 : 1.0040409931038334 size: 0.0
413000 : 0.9723916278048287 size: 0.0
414000 : 0.9717122103425951 size: 0.0
415000 : 1.0065284641745875 size: 0.0
416000 : 0.9434269976771179 size: 0.0
417000 : 0.9905107739951544 size: 0.0
418000 : 0.9084310219749738 size: 0.0
419000 : 0.9763195395678843 size: 0.0
420000 : 0.9985298950482601 size: 0.0
421000 : 1.006917832896141 size: 0.0
422000 : 1.1209078478966852 size: 0.0
423000 : 1.0729889238260588 size: 0.0
424000 : 1.099487924679675 size: 0.0
425000 : 1.0622004521374349 size: 0.0
426000 : 1.0247734156740196 size: 0.0
427000 : 1.017568374498773 size: 0.0
428000 : 0.987016860451551 size: 0.0
429000 : 0.972225062607468 size: 0.0
430000 : 1.0095512312461523 size: 0.0
431000 : 1.0433149512548643 size: 0.0
432000 : 0.9330647849886574 size: 0.0
433000 : 0.9627717782288174 size: 0.0
434000 : 1.0093262779388237 size: 0.0
435000 : 0.9676405210834181 size: 0.0
436000 : 1.013752423441429 size: 0.0
437000 : 1.0856550161054774 size: 0.0
438000 : 0.9628984434511779 size: 0.0
439000 : 0.996461459706333 size: 0.0
440000 : 0.9952723716582677 size: 0.0
441000 : 1.043430695578895 size: 0.0
442000 : 1.0172609555103558 size: 0.0
443000 : 1.023346905576438 size: 0.0
444000 : 1.007935798206598 size: 0.0
445000 : 1.0167689991375626 size: 0.0
446000 : 0.9916204920498467 size: 0.0
447000 : 0.9312829587343933 size: 0.0
448000 : 0.9804369762121908 size: 0.0
449000 : 0.9603594635764903 size: 0.0
450000 : 0.9753263397591516 size: 0.0
451000 : 0.934856070288719 size: 0.0
452000 : 0.9824955225516933 size: 0.0
453000 : 0.9947203933403234 size: 0.0
454000 : 0.9694177897974344 size: 0.0
455000 : 1.0232600543377521 size: 0.0
456000 : 0.9298506012266824 size: 0.0
457000 : 0.9908853522087336 size: 0.0
458000 : 0.9411717031850284 size: 0.0
459000 : 0.929510677517252 size: 0.0
460000 : 0.9589925454674327 size: 0.0
461000 : 0.9532395538134208 size: 0.0
462000 : 0.9296248739974249 size: 0.0
463000 : 0.9465397976664093 size: 0.0
464000 : 0.9964932764967427 size: 0.0
465000 : 0.9318275417983504 size: 0.0
466000 : 0.9970530800253011 size: 0.0
467000 : 0.9549182764684927 size: 0.0
468000 : 0.9928579072228046 size: 0.0
469000 : 0.962420675647081 size: 0.0
470000 : 0.9492907461582853 size: 0.0
471000 : 0.9490494544991248 size: 0.0
472000 : 0.97923086188169 size: 0.0
473000 : 0.9704206206346154 size: 0.0
474000 : 0.9525917811589462 size: 0.0
475000 : 0.9628659387301649 size: 0.0
476000 : 0.9522530613280719 size: 0.0
477000 : 0.9023016462895488 size: 0.0
478000 : 0.9339892777283704 size: 0.0
479000 : 0.9209256475514823 size: 0.0
480000 : 0.9331543019584315 size: 0.0
481000 : 0.9538335818895011 size: 0.0
482000 : 0.8863510293439522 size: 0.0
483000 : 0.9322145027627916 size: 0.0
484000 : 0.9303598418558872 size: 0.0
485000 : 0.9488192557209449 size: 0.0
486000 : 0.9050691051159077 size: 0.0
487000 : 0.933156193767591 size: 0.0
488000 : 0.911425755874448 size: 0.0
489000 : 0.8709302049543384 size: 0.0
490000 : 0.9554767041358443 size: 0.0
491000 : 0.9331276446475477 size: 0.0
492000 : 0.9783982938688631 size: 0.0
493000 : 0.945010699917588 size: 0.0
494000 : 1.0545443004689752 size: 0.0
495000 : 0.8880877961436903 size: 0.0
496000 : 0.9732884313377528 size: 0.0
497000 : 0.977962317848926 size: 0.0
498000 : 0.9633563472591001 size: 0.0
499000 : 1.0072004003915085 size: 0.0
500000 : 0.9654535037037213 size: 0.0
501000 : 0.9459655475951784 size: 0.0
502000 : 0.9635459581316764 size: 0.0
503000 : 0.9605761617165774 size: 0.0
504000 : 1.0087286382270755 size: 0.0
505000 : 0.9599114487709927 size: 0.0
506000 : 0.9891591623420236 size: 0.0
507000 : 0.9317037142897291 size: 0.0
508000 : 0.9392725847628759 size: 0.0
509000 : 0.9245822566828019 size: 0.0
510000 : 0.9698797351976519 size: 0.0
511000 : 0.9315754152321855 size: 0.0
512000 : 0.9984520728987446 size: 0.0
513000 : 1.0482248839543467 size: 0.0
514000 : 0.9769858003573269 size: 0.0
515000 : 0.9271102296678344 size: 0.0
516000 : 0.9200222226865 size: 0.0
517000 : 0.9746546615162069 size: 0.0
518000 : 0.9133164471467082 size: 0.0
519000 : 0.9817251262671532 size: 0.0
520000 : 0.8849896146797221 size: 0.0
521000 : 0.9189595418868187 size: 0.0
522000 : 0.8996592188503671 size: 0.0
523000 : 0.8957964025206631 size: 0.0
524000 : 0.929540774481153 size: 0.0
525000 : 0.9503721730669107 size: 0.0
526000 : 0.9821944669213579 size: 0.0
527000 : 0.8803148682552947 size: 0.0
528000 : 0.9184726590022261 size: 0.0
529000 : 0.8994066623275752 size: 0.0
530000 : 0.8753820618632476 size: 0.0
531000 : 0.879596754696617 size: 0.0
532000 : 0.8694454787294398 size: 0.0
533000 : 0.934566451504666 size: 0.0
534000 : 0.9182696334828826 size: 0.0
535000 : 0.9260643171766122 size: 0.0
536000 : 0.9139993902532845 size: 0.0
537000 : 0.8485497586322595 size: 0.0
538000 : 0.9124193856398078 size: 0.0
539000 : 0.9345537247885022 size: 0.0
540000 : 0.9847594161763258 size: 0.0
541000 : 0.9906210148743575 size: 0.0
542000 : 0.9394572941299025 size: 0.0
543000 : 0.9266033967957417 size: 0.0
544000 : 0.9413116110715053 size: 0.0
545000 : 1.0244097583587701 size: 0.0
546000 : 0.9709604741756738 size: 0.0
547000 : 0.9974376332326303 size: 0.0
548000 : 1.1180387473236664 size: 0.0
549000 : 1.0027354728011337 size: 0.0
550000 : 1.055690048889023 size: 0.0
551000 : 1.0519544137296322 size: 0.0
552000 : 1.0363494819122696 size: 0.0
553000 : 1.0383638287105004 size: 0.0
554000 : 0.9910643861482819 size: 0.0
555000 : 0.9921332583233942 size: 0.0
556000 : 1.0150457329759173 size: 0.0
557000 : 1.076211104781299 size: 0.0
558000 : 1.0094858778388245 size: 0.0
559000 : 0.9782243334175154 size: 0.0
560000 : 0.9550127809351419 size: 0.0
561000 : 0.9333293802970098 size: 0.0
562000 : 0.9523634741899257 size: 0.0
563000 : 0.9694656869656997 size: 0.0
564000 : 1.0209007963332162 size: 0.0
565000 : 0.9177373471784621 size: 0.0
566000 : 0.9755493152659953 size: 0.0
567000 : 1.0018412490079727 size: 0.0
568000 : 1.012269846999666 size: 0.0
569000 : 1.0393648537298472 size: 0.0
570000 : 0.9752597824732677 size: 0.0
571000 : 0.9238662069159347 size: 0.0
572000 : 0.9659556930442407 size: 0.0
573000 : 0.9563539016465701 size: 0.0
574000 : 0.9825631977248077 size: 0.0
575000 : 1.0632532439346913 size: 0.0
576000 : 1.0276004664889022 size: 0.0
577000 : 0.9993774255517119 size: 0.0
578000 : 0.9622825735784382 size: 0.0
579000 : 0.9365056418844696 size: 0.0
580000 : 0.9989970859193289 size: 0.0
581000 : 1.0521460024026932 size: 0.0
582000 : 1.0463645476199637 size: 0.0
583000 : 0.9862103478103299 size: 0.0
584000 : 0.9693968939053546 size: 0.0
585000 : 1.0577230558048725 size: 0.0
586000 : 1.005547475134066 size: 0.0
587000 : 0.9846050617471764 size: 0.0
588000 : 1.0071363368540622 size: 0.0
589000 : 0.9977423004986338 size: 0.0
590000 : 0.9962882731769143 size: 0.0
591000 : 1.0125194798173935 size: 0.0
592000 : 0.9719670026398484 size: 0.0
593000 : 1.0107347298580647 size: 0.0
594000 : 0.9560073566050815 size: 0.0
595000 : 0.9909407306223115 size: 0.0
596000 : 0.9461016718633363 size: 0.0
597000 : 1.0155102581158977 size: 0.0
598000 : 0.9629900242127624 size: 0.0
599000 : 1.0007387542246164 size: 0.0
600000 : 1.076284885338519 size: 0.0
601000 : 1.084202794601592 size: 0.0
602000 : 1.0507906931225688 size: 0.0
603000 : 1.0145272052835659 size: 0.0
604000 : 0.9786781956331424 size: 0.0
605000 : 0.9945562359000749 size: 0.0
606000 : 1.0445576978899989 size: 0.0
607000 : 1.0070626422881674 size: 0.0
608000 : 1.0123234195954098 size: 0.0
609000 : 0.9994156057002035 size: 0.0
610000 : 0.9364292815874865 size: 0.0
611000 : 0.9580138781926979 size: 0.0
612000 : 0.9940524987156977 size: 0.0
613000 : 1.00807974768537 size: 0.0
614000 : 0.983695445506763 size: 0.0
615000 : 0.9981623681233662 size: 0.0
616000 : 1.0081262689924284 size: 0.0
617000 : 0.9442477848783607 size: 0.0
618000 : 1.0299771807325009 size: 0.0
619000 : 0.907993326128528 size: 0.0
620000 : 0.9150675744977933 size: 0.0
621000 : 0.9746403869561854 size: 0.0
622000 : 0.9909558650955874 size: 0.0
623000 : 0.9700368413492151 size: 0.0
624000 : 0.9269553592907324 size: 0.0
625000 : 0.9375353880065107 size: 0.0
626000 : 0.985357829810003 size: 0.0
627000 : 0.9963409858594037 size: 0.0
628000 : 0.9357730817831195 size: 0.0
629000 : 0.9635801826791981 size: 0.0
630000 : 0.9000073977270389 size: 0.0
631000 : 0.9235262832065043 size: 0.0
632000 : 0.9785189396984434 size: 0.0
633000 : 0.9060650566470542 size: 0.0
634000 : 0.9616538050068838 size: 0.0
635000 : 0.8902878842048527 size: 0.0
636000 : 0.9059972094912888 size: 0.0
637000 : 0.9061765873961387 size: 0.0
638000 : 0.8703548369958769 size: 0.0
639000 : 0.9089412085087584 size: 0.0
640000 : 0.8845873472593541 size: 0.0
641000 : 0.9754311631848526 size: 0.0
642000 : 0.932359484137469 size: 0.0
643000 : 0.9633296899482164 size: 0.0
644000 : 1.0048125932669294 size: 0.0
645000 : 0.9234946383987456 size: 0.0
646000 : 0.9338121355979817 size: 0.0
647000 : 0.9004330547879243 size: 0.0
648000 : 0.9172034270388586 size: 0.0
649000 : 0.9899097806217144 size: 0.0
650000 : 1.0009628476186907 size: 0.0
651000 : 0.9402908080473091 size: 0.0
652000 : 0.9214735842771312 size: 0.0
653000 : 0.9101212674676535 size: 0.0
654000 : 0.8806630471319665 size: 0.0
655000 : 0.8852071727330636 size: 0.0
656000 : 0.9060115700426359 size: 0.0
657000 : 0.9215808154599442 size: 0.0
658000 : 0.86172552149751 size: 0.0
659000 : 0.9118650855560769 size: 0.0
660000 : 0.9201625605296041 size: 0.0
661000 : 0.9469971855263789 size: 0.0
662000 : 0.8516409747988676 size: 0.0
663000 : 0.940693419432979 size: 0.0
664000 : 0.8911790123102984 size: 0.0
665000 : 0.8832114000611262 size: 0.0
666000 : 0.9218283844858612 size: 0.0
667000 : 0.9375956679256381 size: 0.0
668000 : 0.8948554854377926 size: 0.0
669000 : 0.8806044010480223 size: 0.0
670000 : 0.8646218813206906 size: 0.0
671000 : 0.9333512220936694 size: 0.0
672000 : 0.940219607229852 size: 0.0
673000 : 0.8611735431795658 size: 0.0
674000 : 0.9548567926708093 size: 0.0
675000 : 0.9497704057715417 size: 0.0
676000 : 0.8757347122888418 size: 0.0
677000 : 0.9463893128469043 size: 0.0
678000 : 0.9039803689446206 size: 0.0
679000 : 0.8512795532580794 size: 0.0
680000 : 0.8573653313415107 size: 0.0
681000 : 0.8588115334526161 size: 0.0
682000 : 0.8009054048637355 size: 0.0
683000 : 0.8678144812599824 size: 0.0
684000 : 0.891890332554267 size: 0.0
685000 : 0.8757521685279044 size: 0.0
686000 : 0.9227989685760055 size: 0.0
687000 : 0.8561607648548676 size: 0.0
688000 : 0.8582540516898443 size: 0.0
689000 : 0.8506428734845852 size: 0.0
690000 : 0.8851341660977724 size: 0.0
691000 : 0.8954496854965236 size: 0.0
692000 : 0.8700008967004013 size: 0.0
693000 : 0.8699800867996469 size: 0.0
694000 : 0.989465205469234 size: 0.0
695000 : 0.9201430404987311 size: 0.0
696000 : 0.8319694272105286 size: 0.0
697000 : 0.9149589674537735 size: 0.0
698000 : 0.9241516981163669 size: 0.0
699000 : 0.8879155555188512 size: 0.0
700000 : 0.945406947945176 size: 0.0
701000 : 0.9376218092885692 size: 0.0
702000 : 0.8869231296320473 size: 0.0
703000 : 0.9902507362270498 size: 0.0
704000 : 0.9139103032401374 size: 0.0
705000 : 0.9086343914596191 size: 0.0
706000 : 0.9247332574502595 size: 0.0
707000 : 0.8926815387395612 size: 0.0
708000 : 0.8933145208860619 size: 0.0
709000 : 0.9294461840231785 size: 0.0
710000 : 0.998879707760115 size: 0.0
711000 : 0.9505100171615772 size: 0.0
712000 : 0.8811452864849858 size: 0.0
713000 : 0.9138239679494043 size: 0.0
714000 : 0.8788799310078209 size: 0.0
715000 : 1.0123689949978885 size: 0.0
716000 : 0.8897024552613157 size: 0.0
717000 : 1.0040535478373462 size: 0.0
718000 : 0.9686439538598772 size: 0.0
719000 : 0.9923294045367033 size: 0.0
720000 : 0.9569763928513679 size: 0.0
721000 : 0.9107771233067189 size: 0.0
722000 : 0.9456741229932913 size: 0.0
723000 : 0.9220955595339766 size: 0.0
724000 : 0.8961935104615053 size: 0.0
725000 : 0.9191074469665607 size: 0.0
726000 : 0.962771692237492 size: 0.0
727000 : 0.8839333832294483 size: 0.0
728000 : 0.9778853556126648 size: 0.0
729000 : 0.9787743339349747 size: 0.0
730000 : 0.9983462175771386 size: 0.0
731000 : 0.9172271606446776 size: 0.0
732000 : 1.0321650580254522 size: 0.0
733000 : 0.9300181983199481 size: 0.0
734000 : 0.9344562966167884 size: 0.0
735000 : 0.9849085251346239 size: 0.0
736000 : 1.0350959863614562 size: 0.0
737000 : 0.9814062704324537 size: 0.0
738000 : 0.9613844801756326 size: 0.0
739000 : 0.9634321056168053 size: 0.0
740000 : 0.9963037516154919 size: 0.0
741000 : 1.03821325789967 size: 0.0
742000 : 0.9943010136461945 size: 0.0
743000 : 0.9323340307051413 size: 0.0
744000 : 0.9914504012081434 size: 0.0
745000 : 0.9523346670959062 size: 0.0
746000 : 1.0067865241422072 size: 0.0
747000 : 1.043787903544737 size: 0.0
748000 : 1.056861680698026 size: 0.0
749000 : 0.9998548493905072 size: 0.0
750000 : 1.0379134061478907 size: 0.0
751000 : 1.0140515872626048 size: 0.0
752000 : 0.9433299994620312 size: 0.0
753000 : 0.99021986534122 size: 0.0
754000 : 1.0062013531726466 size: 0.0
755000 : 1.0133942695710072 size: 0.0
756000 : 0.9632141176068366 size: 0.0
757000 : 0.9084455545089718 size: 0.0
758000 : 1.030233348890961 size: 0.0
759000 : 0.977844337750434 size: 0.0
760000 : 0.975108351749183 size: 0.0
761000 : 0.9920095168060984 size: 0.0
762000 : 1.1264916946135732 size: 0.0
763000 : 0.9955269059815446 size: 0.0
764000 : 0.9751370728518771 size: 0.0
765000 : 0.9400432390213921 size: 0.0
766000 : 0.955622545423776 size: 0.0
767000 : 0.9938899751106324 size: 0.0
768000 : 1.0034893587511908 size: 0.0
769000 : 0.9324123688026094 size: 0.0
770000 : 0.8968174635188355 size: 0.0
771000 : 0.9564301759522277 size: 0.0
772000 : 0.978576467895157 size: 0.0
773000 : 1.0183934612662873 size: 0.0
774000 : 0.9714286109513224 size: 0.0
775000 : 0.9674991513444089 size: 0.0
776000 : 0.9782344803939163 size: 0.0
777000 : 1.0114715035343609 size: 0.0
778000 : 0.9739057630630248 size: 0.0
779000 : 1.02522100052289 size: 0.0
780000 : 1.0280334328124494 size: 0.0
781000 : 1.0096422100684588 size: 0.0
782000 : 0.9323606020246996 size: 0.0
783000 : 1.031927807958587 size: 0.0
784000 : 0.9882430107608775 size: 0.0
785000 : 0.9677026068203797 size: 0.0
786000 : 1.038186772571437 size: 0.0
787000 : 0.9918467352270568 size: 0.0
788000 : 1.0139173548036065 size: 0.0
789000 : 0.9987586319739076 size: 0.0
790000 : 0.9663337109108371 size: 0.0
791000 : 0.9584520039957709 size: 0.0
792000 : 1.0053649155501752 size: 0.0
793000 : 0.9769827906609367 size: 0.0
794000 : 1.024822172755539 size: 0.0
795000 : 0.9382198789569446 size: 0.0
796000 : 0.9817012206786834 size: 0.0
797000 : 0.9693741062041152 size: 0.0
798000 : 1.0011258871717088 size: 0.0
799000 : 1.0287579957205344 size: 0.0
800000 : 0.984996236286564 size: 0.0
801000 : 0.9620085192242883 size: 0.0
802000 : 0.9648432232671346 size: 0.0
803000 : 1.008131772437256 size: 0.0
804000 : 0.9447043128250759 size: 0.0
805000 : 1.002378350826617 size: 0.0
806000 : 0.9333369475336478 size: 0.0
807000 : 0.9362507635958909 size: 0.0
808000 : 0.9318483516991047 size: 0.0
809000 : 0.9416491270238236 size: 0.0
810000 : 0.9677346815847655 size: 0.0
811000 : 0.886427131666959 size: 0.0
812000 : 0.8863458698644263 size: 0.0
813000 : 0.886017125027302 size: 0.0
814000 : 1.0132258985558125 size: 0.0
815000 : 0.9878287905462744 size: 0.0
816000 : 0.8994461323459482 size: 0.0
817000 : 0.9457351768343476 size: 0.0
818000 : 1.0202115758598835 size: 0.0
819000 : 0.9628486544737531 size: 0.0
820000 : 0.9840094858272386 size: 0.0
821000 : 0.9879378275469214 size: 0.0
822000 : 0.9634794008457925 size: 0.0
823000 : 0.9310580054270647 size: 0.0
824000 : 0.9803968182632145 size: 0.0
825000 : 0.9725097798859714 size: 0.0
826000 : 0.9243998690815619 size: 0.0
827000 : 0.9634669321036049 size: 0.0
828000 : 0.8822372043353138 size: 0.0
829000 : 0.9304895167746376 size: 0.0
830000 : 0.9374305645808098 size: 0.0
831000 : 0.9298689173789992 size: 0.0
832000 : 0.9790063385309886 size: 0.0
833000 : 0.9500149651010686 size: 0.0
834000 : 0.9511417094381963 size: 0.0
835000 : 1.027502350386585 size: 0.0
836000 : 0.9954170090676432 size: 0.0
837000 : 0.8982456934429257 size: 0.0
838000 : 0.8912902850854066 size: 0.0
839000 : 0.9362585028151797 size: 0.0
840000 : 0.9022877156948289 size: 0.0
841000 : 1.03084208148369 size: 0.0
842000 : 0.9427241045830416 size: 0.0
843000 : 0.9863283279088219 size: 0.0
844000 : 0.9854952439480423 size: 0.0
845000 : 0.9532774759879361 size: 0.0
846000 : 1.0079923804987319 size: 0.0
847000 : 0.9661562248151467 size: 0.0
848000 : 0.9784355281127749 size: 0.0
849000 : 1.0142576224783384 size: 0.0
850000 : 1.0490857431132403 size: 0.0
851000 : 1.01783589351219 size: 0.0
852000 : 1.0063797851729166 size: 0.0
853000 : 1.0177030369143985 size: 0.0
854000 : 1.0108688763257376 size: 0.0
855000 : 1.009861917904936 size: 0.0
856000 : 0.925182046177686 size: 0.0
857000 : 0.9212778680204493 size: 0.0
858000 : 1.0047116394508728 size: 0.0
859000 : 1.024663518760118 size: 0.0
860000 : 1.02131914413144 size: 0.0
861000 : 0.946451054618564 size: 0.0
862000 : 0.8719664004257869 size: 0.0
863000 : 0.9550429638903682 size: 0.0
864000 : 0.9507446874886796 size: 0.0
865000 : 0.9752897074545178 size: 0.0
866000 : 0.9772601126854531 size: 0.0
867000 : 0.9181799445304576 size: 0.0
868000 : 0.9284854029441334 size: 0.0
869000 : 1.0419479471544812 size: 0.0
870000 : 1.020881620267645 size: 0.0
871000 : 0.9783925324500592 size: 0.0
872000 : 0.9439792339690384 size: 0.0
873000 : 1.0571009945567016 size: 0.0
874000 : 1.0495561156633502 size: 0.0
875000 : 0.9169348761295363 size: 0.0
876000 : 1.000354544982589 size: 0.0
877000 : 0.9161848597891236 size: 0.0
878000 : 0.9245655743656682 size: 0.0
879000 : 1.0045854041851396 size: 0.0
880000 : 0.9681799446678494 size: 0.0
881000 : 0.9624114745752599 size: 0.0
882000 : 0.9836695621178082 size: 0.0
883000 : 1.022416823400572 size: 0.0
884000 : 0.9604740900132903 size: 0.0
885000 : 0.9226864059310158 size: 0.0
886000 : 0.9311867344412356 size: 0.0
887000 : 0.9766961815732739 size: 0.0
888000 : 0.9693767719352037 size: 0.0
889000 : 0.9785588396734436 size: 0.0
890000 : 0.9359573611935189 size: 0.0
891000 : 0.9085551934488968 size: 0.0
892000 : 0.9474326455983636 size: 0.0
893000 : 0.9551741866529766 size: 0.0
894000 : 0.9438401859958158 size: 0.0
895000 : 0.92629511789407 size: 0.0
896000 : 1.0315751575329928 size: 0.0
897000 : 0.974637721225097 size: 0.0
898000 : 1.0316755954010965 size: 0.0
899000 : 1.0268312740829184 size: 0.0
900000 : 1.055317104510627 size: 0.0
901000 : 0.9745078743236956 size: 0.0
902000 : 0.9802195041501749 size: 0.0
903000 : 0.9238434192146953 size: 0.0
904000 : 0.939812008347307 size: 0.0
905000 : 0.9370912428106575 size: 0.0
906000 : 0.9812612890577763 size: 0.0
907000 : 0.9461926506856427 size: 0.0
908000 : 1.0317316617452779 size: 0.0
909000 : 0.9931177730082583 size: 0.0
910000 : 0.9976082400222863 size: 0.0
911000 : 0.9995314360155596 size: 0.0
912000 : 0.9456819482039056 size: 0.0
913000 : 0.960979117067549 size: 0.0
914000 : 1.0382825669079676 size: 0.0
915000 : 1.0220648609055811 size: 0.0
916000 : 0.9481310671435175 size: 0.0
917000 : 0.9665246976446202 size: 0.0
918000 : 1.0231357108811785 size: 0.0
919000 : 0.9317522993885978 size: 0.0
920000 : 0.9539550016410101 size: 0.0
921000 : 0.9782434234917612 size: 0.0
922000 : 0.9182612923243157 size: 0.0
923000 : 0.9247097818184167 size: 0.0
924000 : 0.9692990357770136 size: 0.0
925000 : 0.9015008090758061 size: 0.0
926000 : 0.8744996188816706 size: 0.0
927000 : 0.8602380435501976 size: 0.0
928000 : 0.8910619781163862 size: 0.0
929000 : 0.8807164477450594 size: 0.0
930000 : 0.9692001457527676 size: 0.0
931000 : 0.9275982304396576 size: 0.0
932000 : 0.9609772252583895 size: 0.0
933000 : 0.9392417998683714 size: 0.0
934000 : 0.9142576222035549 size: 0.0
935000 : 0.9034701824108361 size: 0.0
936000 : 0.9439774281512043 size: 0.0
937000 : 0.8363401083082306 size: 0.0
938000 : 0.8739851327816145 size: 0.0
939000 : 0.8926711337891841 size: 0.0
940000 : 0.8902571853016737 size: 0.0
941000 : 0.8474628282788065 size: 0.0
942000 : 0.9052166662303479 size: 0.0
943000 : 0.9691285149786831 size: 0.0
944000 : 0.9118146086480488 size: 0.0
945000 : 0.9536023512154159 size: 0.0
946000 : 0.8745366811429315 size: 0.0
947000 : 0.9208550486733031 size: 0.0
948000 : 1.0237661132879161 size: 0.0
949000 : 0.8871314866135676 size: 0.0
950000 : 0.8896536981797961 size: 0.0
951000 : 1.0180613627674713 size: 0.0
952000 : 0.8401519317819539 size: 0.0
953000 : 0.9157844841779149 size: 0.0
954000 : 0.938357895034262 size: 0.0
955000 : 0.8317706152661312 size: 0.0
956000 : 0.8987823653049432 size: 0.0
957000 : 0.8316338030673699 size: 0.0
958000 : 0.9369133267583398 size: 0.0
959000 : 0.7685596818113873 size: 0.0
960000 : 0.8676237525001755 size: 0.0
961000 : 0.8978515951984736 size: 0.0
962000 : 0.9211698629157076 size: 0.0
963000 : 0.8932567347153719 size: 0.0
964000 : 0.9342303974048801 size: 0.0
965000 : 0.9111890217555353 size: 0.0
966000 : 0.9445911482408083 size: 0.0
967000 : 0.9567091318119272 size: 0.0
968000 : 0.9341421703049875 size: 0.0
969000 : 0.9591072578955582 size: 0.0
970000 : 0.8634143051376574 size: 0.0
971000 : 0.9034856608494138 size: 0.0
972000 : 0.8759286227276897 size: 0.0
973000 : 0.9160851098516232 size: 0.0
974000 : 0.8733810437204589 size: 0.0
975000 : 0.9135223963711164 size: 0.0
976000 : 0.8937635675874647 size: 0.0
977000 : 0.8415466250891258 size: 0.0
978000 : 0.912065015387705 size: 0.0
979000 : 0.8897045190531261 size: 0.0
980000 : 0.8814813405847718 size: 0.0
981000 : 0.9150123680668664 size: 0.0
982000 : 0.8959429317391981 size: 0.0
983000 : 0.8815922693945782 size: 0.0
984000 : 0.9120052514165302 size: 0.0
985000 : 0.9709892812696933 size: 0.0
986000 : 0.872052133777242 size: 0.0
987000 : 0.8769306796429418 size: 0.0
988000 : 0.8875999673545178 size: 0.0
989000 : 0.8853725340518682 size: 0.0
990000 : 0.8766576571846971 size: 0.0
991000 : 0.9261356039853949 size: 0.0
992000 : 0.9739049891410959 size: 0.0
993000 : 0.9087823825306865 size: 0.0
994000 : 0.9282693067433243 size: 0.0
995000 : 0.8835321477049853 size: 0.0
996000 : 0.9440407177667218 size: 0.0
997000 : 0.9217331060972832 size: 0.0
998000 : 0.8910411682156318 size: 0.0
999000 : 0.9585995651102112 size: 0.0
1000000 : 0.9579081088624173 size: 0.0
1001000 : 1.00985770432999 size: 0.0
1002000 : 0.9366685094548367 size: 0.0
1003000 : 0.9071544807489447 size: 0.0
1004000 : 0.9461960043473345 size: 0.0
1005000 : 0.8886081296538757 size: 0.0
1006000 : 0.9600262471904436 size: 0.0
1007000 : 0.936650021319869 size: 0.0
1008000 : 0.9661177866926789 size: 0.0
1009000 : 0.8985585298848452 size: 0.0
1010000 : 0.928619463420481 size: 0.0
1011000 : 0.8709642575192093 size: 0.0
1012000 : 0.92281582287579 size: 0.0
1013000 : 0.9751111894629223 size: 0.0
1014000 : 0.944107533026582 size: 0.0
1015000 : 0.9139935428431551 size: 0.0
1016000 : 0.860596713368572 size: 0.0
1017000 : 0.859916006036457 size: 0.0
1018000 : 0.8566334591707641 size: 0.0
1019000 : 0.9478061059247122 size: 0.0
1020000 : 0.8996607666942249 size: 0.0
1021000 : 0.8532399834952645 size: 0.0
1022000 : 0.8792315495375099 size: 0.0
1023000 : 0.8801781420478588 size: 0.0
1024000 : 0.9733260095469664 size: 0.0
1025000 : 0.9455660318972241 size: 0.0
1026000 : 0.909174330992003 size: 0.0
1027000 : 0.9889084976283911 size: 0.0
1028000 : 0.9012800693434238 size: 0.0
1029000 : 0.9267129497443413 size: 0.0
1030000 : 0.8212510384521312 size: 0.0
1031000 : 0.9109643264221831 size: 0.0
1032000 : 0.8636611002416456 size: 0.0
1033000 : 0.8734520725552652 size: 0.0
1034000 : 0.8519066020031252 size: 0.0
1035000 : 0.9021981987250548 size: 0.0
1036000 : 0.9043663840044822 size: 0.0
1037000 : 0.9000188345733213 size: 0.0
1038000 : 0.8290814085459149 size: 0.0
1039000 : 0.843787301055892 size: 0.0
1040000 : 0.9036252247705889 size: 0.0
1041000 : 0.8578980476025583 size: 0.0
1042000 : 0.8742017449303762 size: 0.0
1043000 : 0.9016899899917552 size: 0.0
1044000 : 0.902332173210077 size: 0.0
1045000 : 0.8924477283257133 size: 0.0
1046000 : 0.8598303586763273 size: 0.0
1047000 : 0.8443971515358515 size: 0.0
1048000 : 0.9106360115416859 size: 0.0
1049000 : 0.9643959823835658 size: 0.0
1050000 : 0.926603654769718 size: 0.0
1051000 : 0.8933453057805663 size: 0.0
1052000 : 0.9079708823925904 size: 0.0
1053000 : 0.9770020527178335 size: 0.0
1054000 : 0.8694577754889765 size: 0.0
1055000 : 0.8915106808524873 size: 0.0
1056000 : 0.8669847509608948 size: 0.0
1057000 : 0.9613862000021413 size: 0.0
1058000 : 0.9131822146877098 size: 0.0
1059000 : 0.9032324163960183 size: 0.0
1060000 : 0.8739778235189528 size: 0.0
1061000 : 0.845965375337744 size: 0.0
1062000 : 0.9458800722176995 size: 0.0
1063000 : 0.8820733048690416 size: 0.0
1064000 : 1.0037364978204808 size: 0.0
1065000 : 0.8759803895055994 size: 0.0
1066000 : 0.8649071145471465 size: 0.0
1067000 : 0.882354840468504 size: 0.0
1068000 : 0.8583485561564934 size: 0.0
1069000 : 0.840382560516761 size: 0.0
1070000 : 0.9239195215377021 size: 0.0
1071000 : 0.8869876231261209 size: 0.0
1072000 : 0.9147678087373394 size: 0.0
1073000 : 0.8769274979639009 size: 0.0
1074000 : 0.893617124360255 size: 0.0
1075000 : 0.8900354136733861 size: 0.0
1076000 : 0.9434952747895105 size: 0.0
1077000 : 0.8814607886579936 size: 0.0
1078000 : 0.8763572894849652 size: 0.0
1079000 : 0.9483193881462122 size: 0.0
1080000 : 0.9069606563014223 size: 0.0
1081000 : 0.8741971013988029 size: 0.0
1082000 : 0.8796503272923608 size: 0.0
1083000 : 0.9744931698070468 size: 0.0
1084000 : 0.9510527944077003 size: 0.0
1085000 : 0.9573099532027164 size: 0.0
1086000 : 0.9161394563692958 size: 0.0
1087000 : 0.9056821372749081 size: 0.0
1088000 : 0.8966695584390936 size: 0.0
1089000 : 0.9031911405598112 size: 0.0
1090000 : 0.9391086852966036 size: 0.0
1091000 : 0.9202909455784731 size: 0.0
1092000 : 0.9694339561666155 size: 0.0
1093000 : 0.8779802897611575 size: 0.0
1094000 : 0.9105728939088192 size: 0.0
1095000 : 0.9133799087448766 size: 0.0
1096000 : 0.9198956434554649 size: 0.0
1097000 : 0.8963965359808488 size: 0.0
1098000 : 0.9705266479388723 size: 0.0
1099000 : 0.9049245536978575 size: 0.0
1100000 : 0.8421256906745809 size: 0.0
1101000 : 0.9101530842580632 size: 0.0
1102000 : 0.8618769522215948 size: 0.0
1103000 : 0.8675856583430094 size: 0.0
1104000 : 0.8844676473343536 size: 0.0
1105000 : 0.9308873986374088 size: 0.0
1106000 : 0.8336239003118289 size: 0.0
1107000 : 0.9345296472173813 size: 0.0
1108000 : 0.862535387800423 size: 0.0
1109000 : 0.956473085623618 size: 0.0
1110000 : 0.9090587586506231 size: 0.0
1111000 : 0.9190433834291143 size: 0.0
1112000 : 0.8919675527645043 size: 0.0
1113000 : 0.9214158840977668 size: 0.0
1114000 : 0.8739460067285432 size: 0.0
1115000 : 0.8530489107701559 size: 0.0
1116000 : 0.9099178119916829 size: 0.0
1117000 : 0.9121993338380289 size: 0.0
1118000 : 0.825415168386147 size: 0.0
1119000 : 0.8355396150597897 size: 0.0
1120000 : 0.8599453290784291 size: 0.0
1121000 : 0.8536201511449968 size: 0.0
1122000 : 0.9060775253892417 size: 0.0
1123000 : 0.8351219551921694 size: 0.0
1124000 : 0.8815903775854188 size: 0.0
1125000 : 0.8708371623402217 size: 0.0
1126000 : 0.8226126250990121 size: 0.0
1127000 : 0.8611076738242854 size: 0.0
1128000 : 0.8253356264101229 size: 0.0
1129000 : 0.8715047989908711 size: 0.0
1130000 : 0.8462344421950189 size: 0.0
1131000 : 0.9015394191809248 size: 0.0
1132000 : 0.8076198655273958 size: 0.0
1133000 : 0.8535105122050717 size: 0.0
1134000 : 0.9248466800085035 size: 0.0
1135000 : 0.8630625146253175 size: 0.0
1136000 : 0.8900739377871794 size: 0.0
1137000 : 0.8432778024527109 size: 0.0
1138000 : 0.8523840258419203 size: 0.0
1139000 : 0.825108007371706 size: 0.0
1140000 : 0.8336974228950726 size: 0.0
1141000 : 0.8238776434874334 size: 0.0
1142000 : 0.7911918247430041 size: 0.0
1143000 : 0.8458979581386058 size: 0.0
1144000 : 0.9369428217829628 size: 0.0
1145000 : 0.8151766112236568 size: 0.0
1146000 : 0.8305826451052963 size: 0.0
1147000 : 0.8330016670810072 size: 0.0
1148000 : 0.8657180127459647 size: 0.0
1149000 : 0.8653025886528056 size: 0.0
1150000 : 0.8452396945424283 size: 0.0
1151000 : 0.8331426928547147 size: 0.0
1152000 : 0.8602084625342492 size: 0.0
1153000 : 0.8040324794130486 size: 0.0
1154000 : 0.8677358851885381 size: 0.0
1155000 : 0.8568611642005064 size: 0.0
1156000 : 0.8325962179815981 size: 0.0
1157000 : 0.9500945070770926 size: 0.0
1158000 : 0.90826282294243 size: 0.0
1159000 : 0.90494897523428 size: 0.0
1160000 : 0.8863563608061289 size: 0.0
1161000 : 0.8738521901924975 size: 0.0
1162000 : 0.9227609604101648 size: 0.0
1163000 : 0.8942319623370895 size: 0.0
1164000 : 0.914563407356789 size: 0.0
1165000 : 0.8918937722072842 size: 0.0
1166000 : 0.8622812834337732 size: 0.0
1167000 : 0.8638445197387907 size: 0.0
1168000 : 0.8440788116491044 size: 0.0
1169000 : 0.8364103632211081 size: 0.0
1170000 : 0.8824886429708753 size: 0.0
1171000 : 0.9126776175900784 size: 0.0
1172000 : 0.8814384309133815 size: 0.0
1173000 : 0.8169112282402591 size: 0.0
1174000 : 0.8333920676984657 size: 0.0
1175000 : 0.847094957388611 size: 0.0
1176000 : 0.8590043260042333 size: 0.0
1177000 : 0.8301188938872448 size: 0.0
1178000 : 0.8095663651698611 size: 0.0
1179000 : 0.8694440168769074 size: 0.0
1180000 : 0.8398990312938601 size: 0.0
1181000 : 0.7935358622829387 size: 0.0
1182000 : 0.8019038501433196 size: 0.0
1183000 : 0.8437093929150511 size: 0.0
1184000 : 0.8358840963094679 size: 0.0
1185000 : 0.7726516650233661 size: 0.0
1186000 : 0.773221701519651 size: 0.0
1187000 : 0.7797490450591725 size: 0.0
1188000 : 0.7824981017418892 size: 0.0
1189000 : 0.7805538378738851 size: 0.0
1190000 : 0.8379537355299509 size: 0.0
1191000 : 0.8233916205160952 size: 0.0
1192000 : 0.8566032762155376 size: 0.0
1193000 : 0.8615173364986406 size: 0.0
1194000 : 0.8297640936785148 size: 0.0
1195000 : 0.8643932303863685 size: 0.0
1196000 : 0.823381215565718 size: 0.0
1197000 : 0.8934415300737241 size: 0.0
1198000 : 0.8631492798726778 size: 0.0
1199000 : 0.8530496846920848 size: 0.0
1200000 : 0.8413893469549119 size: 0.0
1201000 : 0.9342793264690505 size: 0.0
1202000 : 0.8564317235213019 size: 0.0
1203000 : 0.8611854959738008 size: 0.0
1204000 : 0.8879607009647026 size: 0.0
1205000 : 0.8249029180605522 size: 0.0
1206000 : 0.8810978192733476 size: 0.0
1207000 : 0.8801326526367056 size: 0.0
1208000 : 0.8836912316570334 size: 0.0
1209000 : 0.8376699641560272 size: 0.0
1210000 : 0.8734482029456208 size: 0.0
1211000 : 0.9027485432078158 size: 0.0
1212000 : 0.8555712943190353 size: 0.0
1213000 : 0.9117017880290827 size: 0.0
1214000 : 0.9324571702831591 size: 0.0
1215000 : 0.8356116757905012 size: 0.0
1216000 : 0.8580325380355329 size: 0.0
1217000 : 0.8499102273919097 size: 0.0
1218000 : 0.8458264133558469 size: 0.0
1219000 : 0.8017842362096445 size: 0.0
1220000 : 0.8384505934082935 size: 0.0
1221000 : 0.8340447418584901 size: 0.0
1222000 : 0.8803132344201116 size: 0.0
1223000 : 0.8380665561489169 size: 0.0
1224000 : 0.8243639244327481 size: 0.0
1225000 : 0.8148538857793127 size: 0.0
1226000 : 0.850160462148915 size: 0.0
1227000 : 0.7964667046276173 size: 0.0
1228000 : 0.7909769324207511 size: 0.0
1229000 : 0.8319157686234594 size: 0.0
1230000 : 0.8155247901003286 size: 0.0
1231000 : 0.8218300180462609 size: 0.0
1232000 : 0.8070273852951735 size: 0.0
1233000 : 0.8531601835452641 size: 0.0
1234000 : 0.7887022898804396 size: 0.0
1235000 : 0.8333215548116121 size: 0.0
1236000 : 0.8459667511989509 size: 0.0
1237000 : 0.8236025572373784 size: 0.0
1238000 : 0.7995664339354431 size: 0.0
1239000 : 0.8218601150101619 size: 0.0
1240000 : 0.8172874402890216 size: 0.0
1241000 : 0.8774417260899806 size: 0.0
1242000 : 0.9554900327912862 size: 0.0
1243000 : 0.8746278319478888 size: 0.0
1244000 : 0.8669859548394507 size: 0.0
1245000 : 0.8951488018488392 size: 0.0
1246000 : 0.8320515489263156 size: 0.0
1247000 : 0.8130210666690678 size: 0.0
1248000 : 0.8885321133221943 size: 0.0
1249000 : 0.8670439129927915 size: 0.0
1250000 : 0.8606725577176025 size: 0.0
1251000 : 0.8607604408521934 size: 0.0
1252000 : 0.8688480110003424 size: 0.0
1253000 : 0.9288410630661177 size: 0.0
1254000 : 0.8952534532918891 size: 0.0
1255000 : 0.9171450389288907 size: 0.0
1256000 : 0.8311555193153204 size: 0.0
1257000 : 0.8586364551140377 size: 0.0
1258000 : 0.7661088430452669 size: 0.0
1259000 : 0.8449848162538497 size: 0.0
1260000 : 0.9084562174333253 size: 0.0
1261000 : 0.822457324765283 size: 0.0
1262000 : 0.8788256704814736 size: 0.0
1263000 : 0.882468864966026 size: 0.0
1264000 : 0.919232478353738 size: 0.0
1265000 : 0.880365947102601 size: 0.0
1266000 : 0.8775049297141727 size: 0.0
1267000 : 0.9095137387534806 size: 0.0
1268000 : 0.8567799023979736 size: 0.0
1269000 : 0.9050390941433321 size: 0.0
1270000 : 0.8456028359097252 size: 0.0
1271000 : 0.8775794841933218 size: 0.0
1272000 : 0.8594710009273495 size: 0.0
1273000 : 0.8148871644222547 size: 0.0
1274000 : 0.8507369479946072 size: 0.0
1275000 : 0.8889658535676703 size: 0.0
1276000 : 0.8570262675453346 size: 0.0
1277000 : 0.8786633188590592 size: 0.0
1278000 : 0.8791917355538351 size: 0.0
1279000 : 0.8393193637691271 size: 0.0
1280000 : 0.9080621191888731 size: 0.0
1281000 : 0.8567608983150533 size: 0.0
1282000 : 0.9138983504459025 size: 0.0
1283000 : 0.866748790763911 size: 0.0
1284000 : 0.8549382261812093 size: 0.0
1285000 : 0.9375404614947112 size: 0.0
1286000 : 0.8194803050788477 size: 0.0
1287000 : 0.9360022486653942 size: 0.0
1288000 : 0.9132588329586692 size: 0.0
1289000 : 0.9241424110532203 size: 0.0
1290000 : 0.9034100744743596 size: 0.0
1291000 : 0.9365734030489096 size: 0.0
1292000 : 0.9160785745108904 size: 0.0
1293000 : 0.8802170101269537 size: 0.0
1294000 : 0.899253941733609 size: 0.0
1295000 : 0.9660163169286697 size: 0.0
1296000 : 0.8911779804143932 size: 0.0
1297000 : 0.9005694370300585 size: 0.0
1298000 : 0.9118434157420683 size: 0.0
1299000 : 0.834668608924495 size: 0.0
1300000 : 0.9050067614049699 size: 0.0
1301000 : 0.9002388003837748 size: 0.0
1302000 : 0.9677701100108432 size: 0.0
1303000 : 0.9319719212337496 size: 0.0
1304000 : 0.9484234376499842 size: 0.0
1305000 : 0.9136004764946082 size: 0.0
1306000 : 0.9063102179158591 size: 0.0
1307000 : 0.9009058350951462 size: 0.0
1308000 : 0.8565806604969491 size: 0.0
1309000 : 0.8530377318978498 size: 0.0
1310000 : 0.9256037476376016 size: 0.0
1311000 : 0.9270306876918103 size: 0.0
1312000 : 0.9040305018873471 size: 0.0
1313000 : 0.9102687425907684 size: 0.0
1314000 : 0.9207026720446387 size: 0.0
1315000 : 0.9264588453776915 size: 0.0
1316000 : 0.8910550988103517 size: 0.0
1317000 : 0.9394783620046332 size: 0.0
1318000 : 0.9393688090560336 size: 0.0
1319000 : 0.8995950693215953 size: 0.0
1320000 : 0.8733651353252541 size: 0.0
1321000 : 0.92309985222369 size: 0.0
1322000 : 0.8721631485783738 size: 0.0
1323000 : 0.9488380878212145 size: 0.0
1324000 : 0.8447182431450123 size: 0.0
1325000 : 0.8726177847159298 size: 0.0
1326000 : 0.9038805330157947 size: 0.0
1327000 : 0.8783778276586269 size: 0.0
1328000 : 0.8832558575763741 size: 0.0
1329000 : 0.8638000622235427 size: 0.0
1330000 : 0.8731399240439492 size: 0.0
1331000 : 0.7683655133985633 size: 0.0
1332000 : 0.857478409934453 size: 0.0
1333000 : 0.8586812565945875 size: 0.0
1334000 : 0.7795365604940315 size: 0.0
1335000 : 0.8661747126753309 size: 0.0
1336000 : 0.8472085519295058 size: 0.0
1337000 : 0.8010927799618506 size: 0.0
1338000 : 0.8831521520379039 size: 0.0
1339000 : 0.8829933260598322 size: 0.0
1340000 : 0.7811866480377347 size: 0.0
1341000 : 0.7883498974288217 size: 0.0
1342000 : 0.8170960235986112 size: 0.0
1343000 : 0.8276759663230641 size: 0.0
1344000 : 0.8517169051392235 size: 0.0
1345000 : 0.8440540461473801 size: 0.0
1346000 : 0.8429279037495305 size: 0.0
1347000 : 0.761470470951497 size: 0.0
1348000 : 0.8588800685389849 size: 0.0
1349000 : 0.8149867423771043 size: 0.0
1350000 : 0.796513483908652 size: 0.0
1351000 : 0.8060507818122491 size: 0.0
1352000 : 0.847774288859519 size: 0.0
1353000 : 0.8826989777528804 size: 0.0
1354000 : 0.8309682302085307 size: 0.0
1355000 : 0.8703176887432905 size: 0.0
1356000 : 0.8405632282914923 size: 0.0
1357000 : 0.8688656392220558 size: 0.0
1358000 : 0.8694586354022308 size: 0.0
1359000 : 0.8263456805186402 size: 0.0
1360000 : 0.8521915772556048 size: 0.0
1361000 : 0.9124550720398619 size: 0.0
1362000 : 0.9164130807668185 size: 0.0
1363000 : 0.9204085817116633 size: 0.0
1364000 : 0.8679721893508235 size: 0.0
1365000 : 0.9419023714772191 size: 0.0
1366000 : 0.9088749951881762 size: 0.0
1367000 : 0.9409824362777539 size: 0.0
1368000 : 0.8814726554609031 size: 0.0
1369000 : 0.8722147433736327 size: 0.0
1370000 : 0.8966115142944273 size: 0.0
1371000 : 0.9463841533673785 size: 0.0
1372000 : 0.889206371304902 size: 0.0
1373000 : 0.9815649244278746 size: 0.0
1374000 : 0.9448968474027168 size: 0.0
1375000 : 0.9035071586807716 size: 0.0
1376000 : 0.8358361131498772 size: 0.0
1377000 : 0.9000616582533861 size: 0.0
1378000 : 0.8894543702874461 size: 0.0
1379000 : 0.8387089113498895 size: 0.0
1380000 : 0.9441607616570241 size: 0.0
1381000 : 0.882321561825562 size: 0.0
1382000 : 0.8709168762988966 size: 0.0
1383000 : 0.8118845193208409 size: 0.0
1384000 : 0.9076490168615007 size: 0.0
1385000 : 0.9586827187219034 size: 0.0
1386000 : 0.8479879773032161 size: 0.0
1387000 : 0.9286472386185953 size: 0.0
1388000 : 0.8531317204165464 size: 0.0
1389000 : 0.827159502422523 size: 0.0
1390000 : 0.887780979094551 size: 0.0
1391000 : 0.8969559955441055 size: 0.0
1392000 : 0.9103080406264905 size: 0.0
1393000 : 0.8260263087359879 size: 0.0
1394000 : 0.883940520509459 size: 0.0
1395000 : 0.822862171925414 size: 0.0
1396000 : 0.837412764101662 size: 0.0
1397000 : 0.8171544117085792 size: 0.0
1398000 : 0.8764351116344806 size: 0.0
1399000 : 0.8064095376219489 size: 0.0
1400000 : 0.8312900097482951 size: 0.0
1401000 : 0.8764889422042007 size: 0.0
1402000 : 0.8511622610901909 size: 0.0
1403000 : 0.8465437529925957 size: 0.0
1404000 : 0.8265712357652468 size: 0.0
1405000 : 0.8389845995392226 size: 0.0
1406000 : 0.8779714326546381 size: 0.0
1407000 : 0.9076990638129018 size: 0.0
1408000 : 0.840455137195425 size: 0.0
1409000 : 0.8168100164502263 size: 0.0
1410000 : 0.879498466611649 size: 0.0
1411000 : 0.8858757552882928 size: 0.0
1412000 : 0.8340321011336517 size: 0.0
1413000 : 0.8909805443312027 size: 0.0
1414000 : 0.8644239292895475 size: 0.0
1415000 : 0.8700026165269099 size: 0.0
1416000 : 0.8545569406442465 size: 0.0
1417000 : 0.9251961487550567 size: 0.0
1418000 : 0.9276745907366407 size: 0.0
1419000 : 0.889687750744667 size: 0.0
1420000 : 0.9297209263079318 size: 0.0
1421000 : 0.8900628449061987 size: 0.0
1422000 : 0.9424910680911225 size: 0.0
1423000 : 0.9091149969774552 size: 0.0
1424000 : 0.8841925610842984 size: 0.0
1425000 : 0.9176970172468348 size: 0.0
1426000 : 0.8600794755461021 size: 0.0
1427000 : 0.9132695818743481 size: 0.0
1428000 : 0.8370949401628675 size: 0.0
1429000 : 0.8755193040186362 size: 0.0
1430000 : 0.8915701008583604 size: 0.0
1431000 : 0.8402304418620727 size: 0.0
1432000 : 0.8817326072376823 size: 0.0
1433000 : 0.8579051848825691 size: 0.0
1434000 : 0.89494663624275 size: 0.0
1435000 : 0.9030808996806081 size: 0.0
1436000 : 0.9043287198039432 size: 0.0
1437000 : 0.8585825385529923 size: 0.0
1438000 : 0.9098791158952387 size: 0.0
1439000 : 0.8572084831639238 size: 0.0
1440000 : 0.8485043552124316 size: 0.0
1441000 : 0.9139708411332412 size: 0.0
1442000 : 0.9618731688780593 size: 0.0
1443000 : 0.9378153757621153 size: 0.0
1444000 : 0.9056338101500157 size: 0.0
1445000 : 0.8471930734909281 size: 0.0
1446000 : 0.9091060538796104 size: 0.0
1447000 : 0.8736663629382403 size: 0.0
1448000 : 0.9187622777862791 size: 0.0
1449000 : 0.968726247558315 size: 0.0
1450000 : 0.972145520631444 size: 0.0
1451000 : 0.8744152613914223 size: 0.0
1452000 : 0.9307018293571279 size: 0.0
1453000 : 1.0073809821749145 size: 0.0
1454000 : 0.9316561610867655 size: 0.0
1455000 : 0.9303883049846049 size: 0.0
1456000 : 0.9777667735748949 size: 0.0
1457000 : 0.9341536071512698 size: 0.0
1458000 : 0.9077791217368784 size: 0.0
1459000 : 0.8360837681671196 size: 0.0
1460000 : 0.9094644657240085 size: 0.0
1461000 : 0.9600420695943229 size: 0.0
1462000 : 0.890077463431522 size: 0.0
1463000 : 0.8857562273459432 size: 0.0
1464000 : 0.8878700661076979 size: 0.0
1465000 : 0.8812050504561606 size: 0.0
1466000 : 0.8782879667235511 size: 0.0
1467000 : 0.9666745805248472 size: 0.0
1468000 : 0.9194899363820797 size: 0.0
1469000 : 0.8527693529711784 size: 0.0
1470000 : 0.9175657944842265 size: 0.0
1471000 : 0.939144457687983 size: 0.0
1472000 : 0.8362478396160427 size: 0.0
1473000 : 0.9813421209036818 size: 0.0
1474000 : 0.9050672133067482 size: 0.0
1475000 : 0.9950186112569195 size: 0.0
1476000 : 0.9443916483658074 size: 0.0
1477000 : 0.9040451204126705 size: 0.0
1478000 : 0.937732996072352 size: 0.0
1479000 : 0.9387779626589945 size: 0.0
1480000 : 0.8826766200082683 size: 0.0
1481000 : 0.9389115931787149 size: 0.0
1482000 : 0.8339363927884466 size: 0.0
1483000 : 0.8718454106309048 size: 0.0
1484000 : 0.8189103545738884 size: 0.0
1485000 : 0.8623323622810795 size: 0.0
1486000 : 0.9239722342201916 size: 0.0
1487000 : 0.8969624448935128 size: 0.0
1488000 : 0.9758716107537122 size: 0.0
1489000 : 0.8679799285701124 size: 0.0
1490000 : 0.8141655252192344 size: 0.0
1491000 : 0.8954007564323532 size: 0.0
1492000 : 0.8566246020642446 size: 0.0
1493000 : 0.8573791759449051 size: 0.0
1494000 : 0.9392334587098046 size: 0.0
1495000 : 0.8205606141002425 size: 0.0
1496000 : 0.9059763135992089 size: 0.0
1497000 : 0.9058790574101461 size: 0.0
1498000 : 0.9044085197539437 size: 0.0
1499000 : 0.8945915780600436 size: 0.0
1500000 : 0.9050381482387524 size: 0.0
1501000 : 0.8676996828405314 size: 0.0
1502000 : 0.8751252917655095 size: 0.0
1503000 : 0.8990760256812914 size: 0.0
1504000 : 0.8745629944885135 size: 0.0
1505000 : 0.8791962071027576 size: 0.0
1506000 : 0.891289167198176 size: 0.0
1507000 : 0.8814276819977025 size: 0.0
1508000 : 0.9403288162131498 size: 0.0
1509000 : 0.8896518063706366 size: 0.0
1510000 : 0.8860782648596838 size: 0.0
1511000 : 0.8393142042896011 size: 0.0
1512000 : 0.8939446653188232 size: 0.0
1513000 : 0.8267193128276397 size: 0.0
1514000 : 0.7894558318651949 size: 0.0
1515000 : 0.8110532411778956 size: 0.0
1516000 : 0.8812291280272814 size: 0.0
1517000 : 0.900240434218958 size: 0.0
1518000 : 0.864061647835505 size: 0.0
1519000 : 0.8647469986991932 size: 0.0
1520000 : 0.9367488253527896 size: 0.0
1521000 : 0.9089043182301483 size: 0.0
1522000 : 0.8104750355056948 size: 0.0
1523000 : 0.8584087500842954 size: 0.0
1524000 : 0.9085839145515909 size: 0.0
1525000 : 0.8872574639053246 size: 0.0
1526000 : 0.9338119636153308 size: 0.0
1527000 : 0.824070694013027 size: 0.0
1528000 : 0.9619238177687384 size: 0.0
1529000 : 0.9295909074238795 size: 0.0
1530000 : 0.92281582287579 size: 0.0
1531000 : 0.8900697242122333 size: 0.0
1532000 : 0.8371455030622211 size: 0.0
1533000 : 0.9083528558601567 size: 0.0
