FLAGS.seq_len change from 16 to 64 due to FLAGS.vocab_dim = 64 and FLAGS.hidden_dim = 256.
SLiMPerformer(
  (input_map): Embedding(256, 32)
  (output_logit_map): Linear(in_features=256, out_features=256, bias=True)
  (layers): ModuleList(
    (0): SLiMPerformerLayer(
      (attention): MultiHeadAttention(
        (q_map): Linear(in_features=256, out_features=256, bias=True)
        (k_map): Linear(in_features=256, out_features=256, bias=True)
        (v_map): Linear(in_features=256, out_features=256, bias=True)
      )
      (U_map): Linear(in_features=256, out_features=4096, bias=True)
      (V_map): Linear(in_features=4096, out_features=256, bias=True)
      (layernorm1): LayerNorm((256,), eps=1e-05, elementwise_affine=True)
      (layernorm2): LayerNorm((256,), eps=1e-05, elementwise_affine=True)
    )
  )
)
1953060
0 : 8.334665877810846 size: 0.0
1000 : 5.595516427679884 size: 0.0
2000 : 5.429086408682832 size: 0.0
3000 : 5.244260781384193 size: 0.0
4000 : 5.0594485687323205 size: 0.0
5000 : 4.9648127073379476 size: 0.0
6000 : 5.149882206035511 size: 0.0
7000 : 4.893767706162427 size: 0.0
8000 : 4.914251183845489 size: 0.0
9000 : 4.8641691479836355 size: 0.0
10000 : 5.013618631930399 size: 0.0
11000 : 4.759165140499348 size: 0.0
12000 : 4.990398566306808 size: 0.0
13000 : 4.947986956673436 size: 0.0
14000 : 4.952485678854705 size: 0.0
15000 : 4.893937625021479 size: 0.0
16000 : 4.939178005296243 size: 0.0
17000 : 4.798540912379689 size: 0.0
18000 : 4.858401881769602 size: 0.0
19000 : 4.662146975425224 size: 0.0
20000 : 4.816838834535587 size: 0.0
21000 : 4.816568821773733 size: 0.0
22000 : 4.903010053819794 size: 0.0
23000 : 4.9361057072212295 size: 0.0
24000 : 4.817892056289471 size: 0.0
25000 : 4.6899022235520675 size: 0.0
26000 : 4.541970314516517 size: 0.0
27000 : 4.917223044052398 size: 0.0
28000 : 4.743924037979886 size: 0.0
29000 : 4.7110973654444 size: 0.0
30000 : 4.760931058358407 size: 0.0
31000 : 4.679440862865384 size: 0.0
32000 : 4.622770515614278 size: 0.0
33000 : 4.903458240607943 size: 0.0
34000 : 4.628289438880466 size: 0.0
35000 : 4.621389150962548 size: 0.0
36000 : 4.700755360717416 size: 0.0
37000 : 4.710633700217674 size: 0.0
38000 : 4.680221320135 size: 0.0
39000 : 4.807488137808177 size: 0.0
40000 : 4.681989645751171 size: 0.0
41000 : 4.875391703883038 size: 0.0
42000 : 4.680230263232844 size: 0.0
43000 : 4.601716399495653 size: 0.0
44000 : 4.802489290078198 size: 0.0
45000 : 4.681275229819487 size: 0.0
46000 : 4.723063574326132 size: 0.0
47000 : 4.844881637654673 size: 0.0
48000 : 4.9547596334644135 size: 0.0
49000 : 4.70247243550363 size: 0.0
50000 : 4.765535033922005 size: 0.0
51000 : 4.794465955450146 size: 0.0
52000 : 4.773864153703291 size: 0.0
53000 : 4.588253597586113 size: 0.0
54000 : 4.857738372702573 size: 0.0
55000 : 4.773707305525703 size: 0.0
56000 : 4.835223091982218 size: 0.0
57000 : 4.725256353124633 size: 0.0
58000 : 4.725480618501358 size: 0.0
59000 : 4.646448399054466 size: 0.0
60000 : 4.804619811157086 size: 0.0
61000 : 4.644134200504457 size: 0.0
62000 : 4.793042627031606 size: 0.0
63000 : 4.689019608587839 size: 0.0
64000 : 4.4799244775300435 size: 0.0
65000 : 4.722786338292941 size: 0.0
66000 : 4.749089708881201 size: 0.0
67000 : 4.620906223678926 size: 0.0
68000 : 4.652206034240051 size: 0.0
69000 : 4.777201305060633 size: 0.0
70000 : 4.636799484410459 size: 0.0
71000 : 4.621861415321818 size: 0.0
72000 : 4.527232089268178 size: 0.0
73000 : 4.583378921330057 size: 0.0
74000 : 4.559443407878876 size: 0.0
75000 : 4.608248300575423 size: 0.0
76000 : 4.637879535457878 size: 0.0
77000 : 4.698003294338309 size: 0.0
78000 : 4.617035582138607 size: 0.0
79000 : 4.490909009440651 size: 0.0
80000 : 4.57580308555955 size: 0.0
81000 : 4.610002179648922 size: 0.0
82000 : 4.540784322156167 size: 0.0
83000 : 4.446436359719339 size: 0.0
84000 : 4.612245865312078 size: 0.0
85000 : 4.482663817192986 size: 0.0
86000 : 4.613801620371783 size: 0.0
87000 : 4.48573817905981 size: 0.0
88000 : 4.406584539861409 size: 0.0
89000 : 4.632017334820568 size: 0.0
90000 : 4.622530083868372 size: 0.0
91000 : 4.53085232406884 size: 0.0
92000 : 4.690653787736338 size: 0.0
93000 : 4.64211581211393 size: 0.0
94000 : 4.527286091820549 size: 0.0
95000 : 4.633058517788892 size: 0.0
96000 : 4.5353575815908425 size: 0.0
97000 : 4.425836621764294 size: 0.0
98000 : 4.691556352688066 size: 0.0
99000 : 4.6140093754140254 size: 0.0
100000 : 4.887727675464125 size: 0.0
101000 : 4.599963208352758 size: 0.0
102000 : 4.651237771915694 size: 0.0
103000 : 4.655935650006662 size: 0.0
104000 : 4.5980074216471465 size: 0.0
105000 : 4.388750626897539 size: 0.0
106000 : 4.666998262040762 size: 0.0
107000 : 4.519279955457583 size: 0.0
108000 : 4.628765486858054 size: 0.0
109000 : 4.629642598377455 size: 0.0
110000 : 4.70177487387173 size: 0.0
111000 : 4.523601191543162 size: 0.0
112000 : 4.683413318135013 size: 0.0
113000 : 4.674416561703078 size: 0.0
114000 : 4.629638470793834 size: 0.0
115000 : 4.541145485722979 size: 0.0
116000 : 4.511805933416388 size: 0.0
117000 : 4.875372785791442 size: 0.0
118000 : 4.543506119588722 size: 0.0
119000 : 4.60276411780471 size: 0.0
120000 : 4.685164445486098 size: 0.0
121000 : 4.417634081214043 size: 0.0
122000 : 4.608368344465725 size: 0.0
123000 : 4.544350554404458 size: 0.0
124000 : 4.83473706901088 size: 0.0
125000 : 4.570395951016424 size: 0.0
126000 : 4.5804225395617255 size: 0.0
127000 : 4.629889565464094 size: 0.0
128000 : 4.70866759455301 size: 0.0
129000 : 4.81957611040672 size: 0.0
130000 : 4.621151470939056 size: 0.0
131000 : 4.687476580244298 size: 0.0
132000 : 4.688392903808095 size: 0.0
133000 : 4.706002895360542 size: 0.0
134000 : 4.6781702550408095 size: 0.0
135000 : 4.626885716484124 size: 0.0
136000 : 4.660841627105175 size: 0.0
137000 : 4.658088184864861 size: 0.0
138000 : 4.592422801008329 size: 0.0
139000 : 4.649805500399308 size: 0.0
140000 : 4.663278965233203 size: 0.0
141000 : 4.5551115088689444 size: 0.0
142000 : 4.781880952990609 size: 0.0
143000 : 4.7284789640365 size: 0.0
144000 : 4.760414766440517 size: 0.0
145000 : 4.578588860538226 size: 0.0
146000 : 4.795633029718902 size: 0.0
147000 : 4.701310176749099 size: 0.0
148000 : 4.604465714152346 size: 0.0
149000 : 4.6564694841549406 size: 0.0
150000 : 4.620840182340994 size: 0.0
151000 : 4.716067664054335 size: 0.0
152000 : 4.6980108615749465 size: 0.0
153000 : 4.7135900819860055 size: 0.0
154000 : 4.59203240039087 size: 0.0
155000 : 4.666793946651537 size: 0.0
156000 : 4.5942244912587675 size: 0.0
157000 : 4.709313561389651 size: 0.0
158000 : 4.682213223197293 size: 0.0
159000 : 4.499543226444567 size: 0.0
160000 : 4.4804896125207785 size: 0.0
161000 : 4.626585090810416 size: 0.0
162000 : 4.619253470404134 size: 0.0
163000 : 4.570590291411899 size: 0.0
164000 : 4.5678567991590855 size: 0.0
165000 : 4.685869230389335 size: 0.0
166000 : 4.480550838344485 size: 0.0
167000 : 4.6182700736065 size: 0.0
168000 : 4.656140997291793 size: 0.0
169000 : 4.662909202533847 size: 0.0
170000 : 4.753535116440703 size: 0.0
171000 : 4.684379172702259 size: 0.0
172000 : 4.677330291773996 size: 0.0
173000 : 4.626094940255457 size: 0.0
174000 : 4.474295485367303 size: 0.0
175000 : 4.601847794240912 size: 0.0
176000 : 4.75627136041593 size: 0.0
177000 : 4.69862139998551 size: 0.0
178000 : 4.546564315086364 size: 0.0
179000 : 4.617996621191629 size: 0.0
180000 : 4.701010926936598 size: 0.0
181000 : 4.611634638970911 size: 0.0
182000 : 4.5150574374136 size: 0.0
183000 : 4.600889506910305 size: 0.0
184000 : 4.593249349628375 size: 0.0
185000 : 4.731313926053323 size: 0.0
186000 : 4.548735424070856 size: 0.0
187000 : 4.577859310133267 size: 0.0
188000 : 4.660723990971984 size: 0.0
189000 : 4.6845301734697165 size: 0.0
190000 : 4.495298694621273 size: 0.0
191000 : 4.463147225973075 size: 0.0
192000 : 4.908526225363568 size: 0.0
193000 : 4.620569825613838 size: 0.0
194000 : 4.777736171104816 size: 0.0
195000 : 4.649966132195215 size: 0.0
196000 : 4.6935427523055315 size: 0.0
197000 : 4.601510708245222 size: 0.0
198000 : 4.756067388992007 size: 0.0
199000 : 4.572384758391001 size: 0.0
200000 : 4.608977163049779 size: 0.0
201000 : 4.487540901206153 size: 0.0
202000 : 4.5243740815761395 size: 0.0
203000 : 4.612359373861647 size: 0.0
204000 : 4.698902075671718 size: 0.0
205000 : 4.701579845545652 size: 0.0
206000 : 4.68466053631907 size: 0.0
207000 : 4.585799749123602 size: 0.0
208000 : 4.5412669054744885 size: 0.0
209000 : 4.716589459417053 size: 0.0
210000 : 4.534609457059589 size: 0.0
211000 : 4.5171704162621005 size: 0.0
212000 : 4.571644201096386 size: 0.0
213000 : 4.476157713510847 size: 0.0
214000 : 4.668972278907365 size: 0.0
215000 : 4.48129517925742 size: 0.0
216000 : 4.359927366508837 size: 0.0
217000 : 4.71014870914224 size: 0.0
218000 : 4.7081599017676625 size: 0.0
219000 : 4.715133110329546 size: 0.0
220000 : 4.765876591466618 size: 0.0
221000 : 4.419383144773318 size: 0.0
222000 : 4.628097506242103 size: 0.0
223000 : 4.681189238494055 size: 0.0
224000 : 4.600247323691983 size: 0.0
225000 : 4.7231794906328135 size: 0.0
226000 : 4.8097369829508585 size: 0.0
227000 : 4.560517611516166 size: 0.0
228000 : 4.615541396867911 size: 0.0
229000 : 4.642004367356171 size: 0.0
230000 : 4.483577732999671 size: 0.0
231000 : 4.831423651259357 size: 0.0
232000 : 4.684829767247519 size: 0.0
233000 : 4.632136346814965 size: 0.0
234000 : 4.803585851460099 size: 0.0
235000 : 4.603034474531866 size: 0.0
236000 : 4.629121146980038 size: 0.0
237000 : 4.378756715055902 size: 0.0
238000 : 4.576331072297699 size: 0.0
239000 : 4.597948947545853 size: 0.0
240000 : 4.687230301088262 size: 0.0
241000 : 4.568813022697882 size: 0.0
242000 : 4.723852286762989 size: 0.0
243000 : 4.639764809276636 size: 0.0
244000 : 4.612899399385356 size: 0.0
245000 : 4.499225058540471 size: 0.0
246000 : 4.51390549761812 size: 0.0
247000 : 4.584431455153338 size: 0.0
248000 : 4.751241211843495 size: 0.0
249000 : 4.644079166056181 size: 0.0
250000 : 4.7235193283509185 size: 0.0
251000 : 4.67357969412398 size: 0.0
252000 : 4.463551385202602 size: 0.0
253000 : 4.469095761901118 size: 0.0
254000 : 4.652557222813114 size: 0.0
255000 : 4.599569712047584 size: 0.0
256000 : 4.636810147334813 size: 0.0
257000 : 4.654462790584674 size: 0.0
258000 : 4.701956487551041 size: 0.0
259000 : 4.563615706988808 size: 0.0
260000 : 4.489961385034397 size: 0.0
261000 : 4.400679343561384 size: 0.0
262000 : 4.6903132620876296 size: 0.0
263000 : 4.620803722019011 size: 0.0
264000 : 4.627155729245978 size: 0.0
265000 : 4.52389975342506 size: 0.0
266000 : 4.295044847679033 size: 0.0
267000 : 4.7179288603019724 size: 0.0
268000 : 4.543256744744971 size: 0.0
269000 : 4.557255100629298 size: 0.0
270000 : 4.355989307769381 size: 0.0
271000 : 4.623390685053289 size: 0.0
272000 : 4.567255203846368 size: 0.0
273000 : 4.494837781116961 size: 0.0
274000 : 4.617924388478266 size: 0.0
275000 : 4.520852220851771 size: 0.0
276000 : 4.4383421682391315 size: 0.0
277000 : 4.577418346616454 size: 0.0
278000 : 4.48859859450896 size: 0.0
279000 : 4.462022459436432 size: 0.0
280000 : 4.647334453671712 size: 0.0
281000 : 4.713636173336437 size: 0.0
282000 : 4.697644538528609 size: 0.0
283000 : 4.704858866767002 size: 0.0
284000 : 4.605013306912693 size: 0.0
285000 : 4.74613332711287 size: 0.0
286000 : 4.586623889986536 size: 0.0
287000 : 4.495279776529679 size: 0.0
288000 : 4.482933829954841 size: 0.0
289000 : 4.635646856684377 size: 0.0
290000 : 4.703386695275617 size: 0.0
291000 : 4.676529540551579 size: 0.0
292000 : 4.596123179724293 size: 0.0
293000 : 4.789472267199693 size: 0.0
294000 : 4.79064553284388 size: 0.0
295000 : 4.62057016957914 size: 0.0
296000 : 4.69972965618767 size: 0.0
297000 : 4.68556138144429 size: 0.0
298000 : 4.823987465401351 size: 0.0
299000 : 4.740750270140864 size: 0.0
300000 : 4.6784915186326215 size: 0.0
301000 : 4.666197854783646 size: 0.0
302000 : 4.558941218538357 size: 0.0
303000 : 4.5970398472533915 size: 0.0
304000 : 4.474263840559545 size: 0.0
305000 : 4.6779535569007225 size: 0.0
306000 : 4.829551104156763 size: 0.0
307000 : 4.595622710210282 size: 0.0
308000 : 4.651301405496513 size: 0.0
309000 : 4.602356518922165 size: 0.0
310000 : 4.416348682881494 size: 0.0
311000 : 4.596041659947784 size: 0.0
312000 : 4.6028655875687186 size: 0.0
313000 : 4.498133656638096 size: 0.0
314000 : 4.600443727879268 size: 0.0
315000 : 4.384786426795151 size: 0.0
316000 : 4.705599768026919 size: 0.0
317000 : 4.559390781187712 size: 0.0
318000 : 4.485713757523388 size: 0.0
319000 : 4.494203165135278 size: 0.0
320000 : 4.54215227216113 size: 0.0
321000 : 4.461848069028457 size: 0.0
322000 : 4.492668735924279 size: 0.0
323000 : 4.427641063737146 size: 0.0
324000 : 4.508495955317882 size: 0.0
325000 : 4.644488484765234 size: 0.0
326000 : 4.481169975887592 size: 0.0
327000 : 4.600500826119355 size: 0.0
328000 : 4.540988981510694 size: 0.0
329000 : 4.598695008285295 size: 0.0
330000 : 4.5503833618314244 size: 0.0
331000 : 4.549493179630558 size: 0.0
332000 : 4.5866803002960195 size: 0.0
333000 : 4.632574902574666 size: 0.0
334000 : 4.7015585196969445 size: 0.0
335000 : 4.542106180810698 size: 0.0
336000 : 4.551394275853196 size: 0.0
337000 : 4.771437134534314 size: 0.0
338000 : 4.6554090391297205 size: 0.0
339000 : 4.66824376039831 size: 0.0
340000 : 4.571560617528067 size: 0.0
341000 : 4.612484577231475 size: 0.0
342000 : 4.590061823177284 size: 0.0
343000 : 4.598354826601889 size: 0.0
344000 : 4.6824223541007415 size: 0.0
345000 : 4.570954550666427 size: 0.0
346000 : 4.6053775661672205 size: 0.0
347000 : 4.7369504854527005 size: 0.0
348000 : 4.669354768322884 size: 0.0
349000 : 4.520516166751985 size: 0.0
350000 : 4.475611152646404 size: 0.0
351000 : 4.557204881695246 size: 0.0
352000 : 4.514271132733855 size: 0.0
353000 : 4.495158700743471 size: 0.0
354000 : 4.566519462065976 size: 0.0
355000 : 4.717680173388825 size: 0.0
356000 : 4.613721820421783 size: 0.0
357000 : 4.676169752845974 size: 0.0
358000 : 4.805065590188123 size: 0.0
359000 : 4.460968205786643 size: 0.0
360000 : 4.677906777619688 size: 0.0
361000 : 4.695407044240884 size: 0.0
362000 : 4.469443854786464 size: 0.0
363000 : 4.536610303219727 size: 0.0
364000 : 4.619179173898961 size: 0.0
365000 : 4.333044758352472 size: 0.0
366000 : 4.501404422692205 size: 0.0
367000 : 4.487063477367359 size: 0.0
368000 : 4.739300112428788 size: 0.0
369000 : 4.49646611285533 size: 0.0
370000 : 4.545288203816963 size: 0.0
371000 : 4.5799526829595685 size: 0.0
372000 : 4.628736249807408 size: 0.0
373000 : 4.769229909193141 size: 0.0
374000 : 4.624289810352001 size: 0.0
375000 : 4.400857861552979 size: 0.0
376000 : 4.5949413149475635 size: 0.0
377000 : 4.568080720570509 size: 0.0
378000 : 4.6219639169817315 size: 0.0
379000 : 4.5765374514787345 size: 0.0
380000 : 4.502775812350185 size: 0.0
381000 : 4.628271552684776 size: 0.0
382000 : 4.569076500119005 size: 0.0
383000 : 4.597461892678609 size: 0.0
384000 : 4.631265082705695 size: 0.0
385000 : 4.666717586354554 size: 0.0
386000 : 4.631112362111728 size: 0.0
387000 : 4.71245878010863 size: 0.0
388000 : 4.7240572900828175 size: 0.0
389000 : 4.511692080901517 size: 0.0
390000 : 4.635520965383946 size: 0.0
391000 : 4.761762422492678 size: 0.0
392000 : 4.659443064188358 size: 0.0
393000 : 4.621257068286686 size: 0.0
394000 : 4.6688835358595195 size: 0.0
395000 : 4.487265728964773 size: 0.0
396000 : 4.532842163339323 size: 0.0
397000 : 4.606828067844598 size: 0.0
398000 : 4.6931743654673825 size: 0.0
399000 : 4.472536446814279 size: 0.0
400000 : 4.442759370643892 size: 0.0
401000 : 4.799496791953185 size: 0.0
402000 : 4.542547144327511 size: 0.0
403000 : 4.542965750099711 size: 0.0
404000 : 4.6246375592720455 size: 0.0
405000 : 4.422271765377209 size: 0.0
406000 : 4.523781085395965 size: 0.0
407000 : 4.545158184932911 size: 0.0
408000 : 4.713378887290745 size: 0.0
409000 : 4.422420358387555 size: 0.0
410000 : 4.549895275068275 size: 0.0
411000 : 4.627959576156111 size: 0.0
412000 : 4.5557020972920075 size: 0.0
413000 : 4.673538418287773 size: 0.0
414000 : 4.489286869077713 size: 0.0
415000 : 4.498386815100166 size: 0.0
416000 : 4.525604445460412 size: 0.0
417000 : 4.625488529428514 size: 0.0
418000 : 4.38404655743114 size: 0.0
419000 : 4.453783458564199 size: 0.0
420000 : 4.583682298726179 size: 0.0
421000 : 4.496072272584854 size: 0.0
422000 : 4.669302485597021 size: 0.0
423000 : 4.326025458440157 size: 0.0
424000 : 4.591575270504877 size: 0.0
425000 : 4.5275788062923175 size: 0.0
426000 : 4.635938195294939 size: 0.0
427000 : 4.617804344587964 size: 0.0
428000 : 4.572388885974622 size: 0.0
429000 : 4.475314310591015 size: 0.0
430000 : 4.6812054048632366 size: 0.0
431000 : 4.687013946913477 size: 0.0
432000 : 4.585143119362608 size: 0.0
433000 : 4.741528663618668 size: 0.0
434000 : 4.633566898504842 size: 0.0
435000 : 4.627740470258912 size: 0.0
436000 : 4.572267810188415 size: 0.0
437000 : 4.50214497998682 size: 0.0
438000 : 4.569798483287326 size: 0.0
439000 : 4.453555065603853 size: 0.0
440000 : 4.728616894122492 size: 0.0
441000 : 4.725998286280455 size: 0.0
442000 : 4.547156279370634 size: 0.0
443000 : 4.622738870806519 size: 0.0
444000 : 4.395226805598429 size: 0.0
445000 : 4.669116400368788 size: 0.0
446000 : 4.677709685501799 size: 0.0
447000 : 4.478753619642969 size: 0.0
448000 : 4.591206539701427 size: 0.0
449000 : 4.606363370721967 size: 0.0
450000 : 4.627279900719901 size: 0.0
451000 : 4.521668450512766 size: 0.0
452000 : 4.6970842190520985 size: 0.0
453000 : 4.490807539676642 size: 0.0
454000 : 4.535503766844076 size: 0.0
455000 : 4.443482041742818 size: 0.0
456000 : 4.56656211376339 size: 0.0
457000 : 4.68151910121841 size: 0.0
458000 : 4.373306584850059 size: 0.0
459000 : 4.527836092338008 size: 0.0
460000 : 4.462161421418329 size: 0.0
461000 : 4.555021733925194 size: 0.0
462000 : 4.4066000182999865 size: 0.0
463000 : 4.5373756260160665 size: 0.0
464000 : 4.499140099110945 size: 0.0
465000 : 4.530136532275949 size: 0.0
466000 : 4.560692689854744 size: 0.0
467000 : 4.519125171071807 size: 0.0
468000 : 4.67122559559897 size: 0.0
469000 : 4.467069118343351 size: 0.0
470000 : 4.5297268696015935 size: 0.0
471000 : 4.660151632709914 size: 0.0
472000 : 4.588559382739347 size: 0.0
473000 : 4.573234696651565 size: 0.0
474000 : 4.501135785791557 size: 0.0
475000 : 4.52623183817076 size: 0.0
476000 : 4.565407422245498 size: 0.0
477000 : 4.487952971637621 size: 0.0
478000 : 4.603167589103633 size: 0.0
479000 : 4.57251408934445 size: 0.0
480000 : 4.505399923637049 size: 0.0
481000 : 4.444140735295623 size: 0.0
482000 : 4.498508234851675 size: 0.0
483000 : 4.609630697123058 size: 0.0
484000 : 4.525243281893601 size: 0.0
485000 : 4.348288956559649 size: 0.0
486000 : 4.506874846850849 size: 0.0
487000 : 4.478380073325296 size: 0.0
488000 : 4.637206739327703 size: 0.0
489000 : 4.576117469845328 size: 0.0
490000 : 4.46115704273729 size: 0.0
491000 : 4.738723626583096 size: 0.0
492000 : 4.523217326266437 size: 0.0
493000 : 4.686753565180071 size: 0.0
494000 : 4.455007287107738 size: 0.0
495000 : 4.634947231260667 size: 0.0
496000 : 4.5325979479750975 size: 0.0
497000 : 4.515716474931706 size: 0.0
498000 : 4.596522179474295 size: 0.0
499000 : 4.531871493257853 size: 0.0
500000 : 4.7282326848804646 size: 0.0
501000 : 4.567429938219644 size: 0.0
502000 : 4.782727795563458 size: 0.0
503000 : 4.641195704931815 size: 0.0
504000 : 4.676730760253088 size: 0.0
505000 : 4.671523469550264 size: 0.0
506000 : 4.5425891080943215 size: 0.0
507000 : 4.60216011473488 size: 0.0
508000 : 4.61656572553645 size: 0.0
509000 : 4.696477120294553 size: 0.0
510000 : 4.681642240796428 size: 0.0
511000 : 4.7489975261803385 size: 0.0
512000 : 4.56362602594786 size: 0.0
513000 : 4.573800863538206 size: 0.0
514000 : 4.858802601346112 size: 0.0
515000 : 4.637822781183093 size: 0.0
516000 : 4.529183060459566 size: 0.0
517000 : 4.632103326146 size: 0.0
518000 : 4.509566375336852 size: 0.0
519000 : 4.702235443410741 size: 0.0
520000 : 4.535208300649893 size: 0.0
521000 : 4.688175173772103 size: 0.0
522000 : 4.621802597255223 size: 0.0
523000 : 4.647404278627962 size: 0.0
524000 : 4.621585899115136 size: 0.0
525000 : 4.596163079699293 size: 0.0
526000 : 4.524438059122261 size: 0.0
527000 : 4.496040283811793 size: 0.0
528000 : 4.458196877350639 size: 0.0
529000 : 4.6108448946381495 size: 0.0
530000 : 4.634148887795362 size: 0.0
531000 : 4.60521177489179 size: 0.0
532000 : 4.490680960445607 size: 0.0
533000 : 4.638271999867147 size: 0.0
534000 : 4.7140939911530335 size: 0.0
535000 : 4.4525582541594515 size: 0.0
536000 : 4.64239476797363 size: 0.0
537000 : 4.580335516340389 size: 0.0
538000 : 4.586204596283733 size: 0.0
539000 : 4.674028568842732 size: 0.0
540000 : 4.64172506753117 size: 0.0
541000 : 4.567193634057358 size: 0.0
542000 : 4.608535511602364 size: 0.0
543000 : 4.6334544218511775 size: 0.0
544000 : 4.441066717394101 size: 0.0
545000 : 4.752378361131 size: 0.0
546000 : 4.607134884893737 size: 0.0
547000 : 4.570726501671382 size: 0.0
548000 : 4.5616578564913866 size: 0.0
549000 : 4.65807992969762 size: 0.0
550000 : 4.767160269972658 size: 0.0
551000 : 4.607231539143522 size: 0.0
552000 : 4.755219858488555 size: 0.0
553000 : 4.6861898060505425 size: 0.0
554000 : 4.529007638155686 size: 0.0
555000 : 4.723779710084325 size: 0.0
556000 : 4.503703142803637 size: 0.0
557000 : 4.434264115621873 size: 0.0
558000 : 4.646478668001018 size: 0.0
559000 : 4.593909075077085 size: 0.0
560000 : 4.648136580755335 size: 0.0
561000 : 4.618092243545508 size: 0.0
562000 : 4.562376400006691 size: 0.0
563000 : 4.354746217168945 size: 0.0
564000 : 4.647043802991753 size: 0.0
565000 : 4.613955716826956 size: 0.0
566000 : 4.52059080722246 size: 0.0
567000 : 4.3683995758556415 size: 0.0
568000 : 4.55933437087823 size: 0.0
569000 : 4.585170636586746 size: 0.0
570000 : 4.628351352634777 size: 0.0
571000 : 4.697774213447359 size: 0.0
572000 : 4.644198522015879 size: 0.0
573000 : 4.636598608674252 size: 0.0
574000 : 4.754637869198035 size: 0.0
575000 : 4.6022254681422075 size: 0.0
576000 : 4.6710309112381925 size: 0.0
577000 : 4.712995709944623 size: 0.0
578000 : 4.578112812560638 size: 0.0
579000 : 4.40338944617368 size: 0.0
580000 : 4.548703091332494 size: 0.0
581000 : 4.523956507699845 size: 0.0
582000 : 4.415918038323734 size: 0.0
583000 : 4.517507846223093 size: 0.0
584000 : 4.667524872917704 size: 0.0
585000 : 4.49577646242537 size: 0.0
586000 : 4.522449939678286 size: 0.0
587000 : 4.727136123498563 size: 0.0
588000 : 4.418319948025684 size: 0.0
589000 : 4.497246570124945 size: 0.0
590000 : 4.392356071190227 size: 0.0
591000 : 4.638954083060469 size: 0.0
592000 : 4.60785308444374 size: 0.0
593000 : 4.448487424813529 size: 0.0
594000 : 4.464928966236013 size: 0.0
595000 : 4.472071749691648 size: 0.0
596000 : 4.406596922612271 size: 0.0
597000 : 4.4961709906264495 size: 0.0
598000 : 4.758133932524775 size: 0.0
599000 : 4.508940702453013 size: 0.0
600000 : 4.5034056128176445 size: 0.0
601000 : 4.48263664393415 size: 0.0
602000 : 4.540339575021036 size: 0.0
603000 : 4.365230623530843 size: 0.0
604000 : 4.5628538238454865 size: 0.0
605000 : 4.671175720630219 size: 0.0
606000 : 4.579902464025516 size: 0.0
607000 : 4.584253625092345 size: 0.0
608000 : 4.492463388639149 size: 0.0
609000 : 4.610493018134484 size: 0.0
610000 : 4.659364984064867 size: 0.0
611000 : 4.64410909103743 size: 0.0
612000 : 4.617985270336671 size: 0.0
613000 : 4.610163499375431 size: 0.0
614000 : 4.412121693288588 size: 0.0
615000 : 4.84809014598917 size: 0.0
616000 : 4.545825821583559 size: 0.0
617000 : 4.785051625141916 size: 0.0
618000 : 4.7094301656269355 size: 0.0
619000 : 4.552089085762681 size: 0.0
620000 : 4.476898958736065 size: 0.0
621000 : 4.671787634901989 size: 0.0
622000 : 4.551385676720653 size: 0.0
623000 : 4.506138073174553 size: 0.0
624000 : 4.578256246091458 size: 0.0
625000 : 4.699822870784438 size: 0.0
626000 : 4.583096869782643 size: 0.0
627000 : 4.5601578238105605 size: 0.0
628000 : 4.58008854925375 size: 0.0
629000 : 4.505552988196317 size: 0.0
630000 : 4.44021746706414 size: 0.0
631000 : 4.325852787858691 size: 0.0
632000 : 4.615353247847867 size: 0.0
633000 : 4.649385518765902 size: 0.0
634000 : 4.420270575251769 size: 0.0
635000 : 4.524628615899417 size: 0.0
636000 : 4.502314210915269 size: 0.0
637000 : 4.522008288230871 size: 0.0
638000 : 4.574945580062349 size: 0.0
639000 : 4.653745966895877 size: 0.0
640000 : 4.6166111289562775 size: 0.0
641000 : 4.491323831594532 size: 0.0
642000 : 4.571808616510611 size: 0.0
643000 : 4.416622479261668 size: 0.0
644000 : 4.512297115867252 size: 0.0
645000 : 4.448166505187019 size: 0.0
646000 : 4.511931480751517 size: 0.0
647000 : 4.733277279995573 size: 0.0
648000 : 4.706254333996103 size: 0.0
649000 : 4.615868851835154 size: 0.0
650000 : 4.52827705585482 size: 0.0
651000 : 4.614249119229328 size: 0.0
652000 : 4.723500410259324 size: 0.0
653000 : 4.49429741162795 size: 0.0
654000 : 4.519780424971594 size: 0.0
655000 : 4.49085707068009 size: 0.0
656000 : 4.553465978865489 size: 0.0
657000 : 4.634176748984801 size: 0.0
658000 : 4.536638508374469 size: 0.0
659000 : 4.592759543038718 size: 0.0
660000 : 4.644857559533985 size: 0.0
661000 : 4.618609911324605 size: 0.0
662000 : 4.605779661604938 size: 0.0
663000 : 4.319026796445947 size: 0.0
664000 : 4.696968302745416 size: 0.0
665000 : 4.433598886728335 size: 0.0
666000 : 4.668259238836888 size: 0.0
667000 : 4.6600326207155165 size: 0.0
668000 : 4.3932097930691105 size: 0.0
669000 : 4.4070141525232644 size: 0.0
670000 : 4.550875232212892 size: 0.0
671000 : 4.470849297009314 size: 0.0
672000 : 4.4562142613514935 size: 0.0
673000 : 4.551130798432074 size: 0.0
674000 : 4.56493171823321 size: 0.0
675000 : 4.573831820415361 size: 0.0
676000 : 4.585765696558731 size: 0.0
677000 : 4.287545028240207 size: 0.0
678000 : 4.53592134072037 size: 0.0
679000 : 4.459384589537498 size: 0.0
680000 : 4.513919600195491 size: 0.0
681000 : 4.443058276491092 size: 0.0
682000 : 4.450911692260091 size: 0.0
683000 : 4.462591034080185 size: 0.0
684000 : 4.730212549157198 size: 0.0
685000 : 4.567186754751324 size: 0.0
686000 : 4.493105915822772 size: 0.0
687000 : 4.646380637890027 size: 0.0
688000 : 4.761731465615522 size: 0.0
689000 : 4.618417978686242 size: 0.0
690000 : 4.548109751187018 size: 0.0
691000 : 4.496033748471061 size: 0.0
692000 : 4.568893854543788 size: 0.0
693000 : 4.685018948163469 size: 0.0
694000 : 4.443675350242388 size: 0.0
695000 : 4.518359504310165 size: 0.0
696000 : 4.590960604510693 size: 0.0
697000 : 4.491251942846471 size: 0.0
698000 : 4.525523269649205 size: 0.0
699000 : 4.400239411940476 size: 0.0
700000 : 4.543474474780964 size: 0.0
701000 : 4.66296148525971 size: 0.0
702000 : 4.579723946033921 size: 0.0
703000 : 4.528068268916673 size: 0.0
704000 : 4.647491301849299 size: 0.0
705000 : 4.62429359397032 size: 0.0
706000 : 4.636897858486753 size: 0.0
707000 : 4.515337769134506 size: 0.0
708000 : 4.476739014870763 size: 0.0
709000 : 4.532207547357639 size: 0.0
710000 : 4.571748422582809 size: 0.0
711000 : 4.510035887973707 size: 0.0
712000 : 4.551024857119143 size: 0.0
713000 : 4.461144659986428 size: 0.0
714000 : 4.598658891928614 size: 0.0
715000 : 4.5733550845071695 size: 0.0
716000 : 4.477468221310421 size: 0.0
717000 : 4.533057141652901 size: 0.0
718000 : 4.557120266231022 size: 0.0
719000 : 4.541688950899705 size: 0.0
720000 : 4.492192687946691 size: 0.0
721000 : 4.399153857448231 size: 0.0
722000 : 4.5649864087161856 size: 0.0
723000 : 4.418623325421805 size: 0.0
724000 : 4.428246442668184 size: 0.0
725000 : 4.58578530258093 size: 0.0
726000 : 4.66404772768256 size: 0.0
727000 : 4.542736669208762 size: 0.0
728000 : 4.636011115938905 size: 0.0
729000 : 4.449500402627111 size: 0.0
730000 : 4.385831737347096 size: 0.0
731000 : 4.498897603573228 size: 0.0
732000 : 4.4506392717411245 size: 0.0
733000 : 4.695760296605756 size: 0.0
734000 : 4.422964855460187 size: 0.0
735000 : 4.521172108582376 size: 0.0
736000 : 4.504220810582734 size: 0.0
737000 : 4.7122795741864305 size: 0.0
738000 : 4.599938098885732 size: 0.0
739000 : 4.2992288416092235 size: 0.0
740000 : 4.431748353405052 size: 0.0
741000 : 4.405777253298259 size: 0.0
742000 : 4.559887123118103 size: 0.0
743000 : 4.712840581593545 size: 0.0
744000 : 4.5488847050118055 size: 0.0
745000 : 4.72450031739144 size: 0.0
746000 : 4.697298165469771 size: 0.0
747000 : 4.580030419117758 size: 0.0
748000 : 4.570980004098754 size: 0.0
749000 : 4.550053155141767 size: 0.0
750000 : 4.594929276162004 size: 0.0
751000 : 4.330009264564744 size: 0.0
752000 : 4.532021118164104 size: 0.0
753000 : 4.476942642329384 size: 0.0
754000 : 4.468185973678053 size: 0.0
755000 : 4.487830519990207 size: 0.0
756000 : 4.464489378580408 size: 0.0
757000 : 4.562486124937942 size: 0.0
758000 : 4.4230910907259195 size: 0.0
759000 : 4.465243006556489 size: 0.0
760000 : 4.171717120641218 size: 0.0
761000 : 4.47656909601171 size: 0.0
762000 : 4.565971869305629 size: 0.0
763000 : 4.648051965291112 size: 0.0
764000 : 4.505162243613557 size: 0.0
765000 : 4.5481678813230095 size: 0.0
766000 : 4.523772830228723 size: 0.0
767000 : 4.5471538716135225 size: 0.0
768000 : 4.585307190811531 size: 0.0
769000 : 4.707811808882316 size: 0.0
770000 : 4.717189334903262 size: 0.0
771000 : 4.68149124002897 size: 0.0
772000 : 4.563423430385144 size: 0.0
773000 : 4.4560842424674405 size: 0.0
774000 : 4.4963777137727865 size: 0.0
775000 : 4.598508923057062 size: 0.0
776000 : 4.618721356082364 size: 0.0
777000 : 4.745044332967606 size: 0.0
778000 : 4.573819437664499 size: 0.0
779000 : 4.503387726621955 size: 0.0
780000 : 4.493693752523422 size: 0.0
781000 : 4.623727083118378 size: 0.0
782000 : 4.491245063540437 size: 0.0
783000 : 4.525104663877005 size: 0.0
784000 : 4.431841911967121 size: 0.0
785000 : 4.396505324624943 size: 0.0
786000 : 4.489342247491291 size: 0.0
787000 : 4.617428734478479 size: 0.0
788000 : 4.523801379348766 size: 0.0
789000 : 4.4876908700777065 size: 0.0
790000 : 4.5396475168339645 size: 0.0
791000 : 4.481637768697938 size: 0.0
792000 : 4.7326271855753115 size: 0.0
793000 : 4.609339014547195 size: 0.0
794000 : 4.539968092495172 size: 0.0
795000 : 4.577170003668608 size: 0.0
796000 : 4.680292864917758 size: 0.0
797000 : 4.529605105884783 size: 0.0
798000 : 4.603742355122817 size: 0.0
799000 : 4.521976987388414 size: 0.0
800000 : 4.435197293485454 size: 0.0
801000 : 4.532608266934149 size: 0.0
802000 : 4.753408193244367 size: 0.0
803000 : 4.643473787125143 size: 0.0
804000 : 4.476792673457831 size: 0.0
805000 : 4.527409575363868 size: 0.0
806000 : 4.540287636260476 size: 0.0
807000 : 4.501249294341126 size: 0.0
808000 : 4.725156603187132 size: 0.0
809000 : 4.499537379034438 size: 0.0
810000 : 4.701282659524961 size: 0.0
811000 : 4.570184756321164 size: 0.0
812000 : 4.532821869386521 size: 0.0
813000 : 4.568688507258658 size: 0.0
814000 : 4.544197489845191 size: 0.0
815000 : 4.506085446483389 size: 0.0
816000 : 4.515393835478688 size: 0.0
817000 : 4.586284396233734 size: 0.0
818000 : 4.417823262129992 size: 0.0
819000 : 4.445107621758773 size: 0.0
820000 : 4.609981541730818 size: 0.0
821000 : 4.636427313953992 size: 0.0
822000 : 4.453328048504713 size: 0.0
823000 : 4.511202274311859 size: 0.0
824000 : 4.5591290235930995 size: 0.0
825000 : 4.686045340623818 size: 0.0
826000 : 4.426731275514082 size: 0.0
827000 : 4.597970617359861 size: 0.0
828000 : 4.755444467830582 size: 0.0
829000 : 4.631249948232418 size: 0.0
830000 : 4.454849407034246 size: 0.0
831000 : 4.538903863851633 size: 0.0
832000 : 4.5150997451457116 size: 0.0
833000 : 4.583737333174455 size: 0.0
834000 : 4.574355679569889 size: 0.0
835000 : 4.45875513303534 size: 0.0
836000 : 4.680538112177889 size: 0.0
837000 : 4.664840911668339 size: 0.0
838000 : 4.495617894421275 size: 0.0
839000 : 4.474629475675279 size: 0.0
840000 : 4.810003900024998 size: 0.0
841000 : 4.533542820658938 size: 0.0
842000 : 4.638507616098829 size: 0.0
843000 : 4.401945479837035 size: 0.0
844000 : 4.637763619151197 size: 0.0
845000 : 4.576969471897702 size: 0.0
846000 : 4.631321493015177 size: 0.0
847000 : 4.451163818826256 size: 0.0
848000 : 4.417089928106713 size: 0.0
849000 : 4.507211244915936 size: 0.0
850000 : 4.4585690478071065 size: 0.0
851000 : 4.516429858967485 size: 0.0
852000 : 4.469001859373747 size: 0.0
853000 : 4.739321782242797 size: 0.0
854000 : 4.5183849577424935 size: 0.0
855000 : 4.484533956538469 size: 0.0
856000 : 4.561029431885133 size: 0.0
857000 : 4.69915970568271 size: 0.0
858000 : 4.425494376289077 size: 0.0
859000 : 4.726014108684335 size: 0.0
860000 : 4.621323109624617 size: 0.0
861000 : 4.392374301351219 size: 0.0
862000 : 4.507101519984686 size: 0.0
863000 : 4.64638923702257 size: 0.0
864000 : 4.625034151264935 size: 0.0
865000 : 4.542302241032682 size: 0.0
866000 : 4.456220796692226 size: 0.0
867000 : 4.620565354064915 size: 0.0
868000 : 4.524758290818167 size: 0.0
869000 : 4.461080682440307 size: 0.0
870000 : 4.589380427914566 size: 0.0
871000 : 4.646170819055974 size: 0.0
872000 : 4.449607375835948 size: 0.0
873000 : 4.3907707351145735 size: 0.0
874000 : 4.576944018465374 size: 0.0
875000 : 4.437129002619946 size: 0.0
876000 : 4.587938869335034 size: 0.0
877000 : 4.405806490348906 size: 0.0
878000 : 4.597936220829689 size: 0.0
879000 : 4.544339547514803 size: 0.0
880000 : 4.613556029146351 size: 0.0
881000 : 4.4022488572331575 size: 0.0
882000 : 4.447893052772147 size: 0.0
883000 : 4.490412667510261 size: 0.0
884000 : 4.560426460711208 size: 0.0
885000 : 4.427336654445119 size: 0.0
886000 : 4.523023673801565 size: 0.0
887000 : 4.55458249023489 size: 0.0
888000 : 4.428783028538875 size: 0.0
889000 : 4.642150208644103 size: 0.0
890000 : 4.628888970401373 size: 0.0
891000 : 4.553234490217427 size: 0.0
892000 : 4.644763657006615 size: 0.0
893000 : 4.563358764908419 size: 0.0
894000 : 4.588394279394518 size: 0.0
895000 : 4.513389893630834 size: 0.0
896000 : 4.591806415187636 size: 0.0
897000 : 4.465072399766833 size: 0.0
898000 : 4.603360897603204 size: 0.0
899000 : 4.335801640245803 size: 0.0
900000 : 4.51905603404616 size: 0.0
901000 : 4.733354672188461 size: 0.0
902000 : 4.515781828339033 size: 0.0
903000 : 4.491664013277939 size: 0.0
904000 : 4.553458067663549 size: 0.0
905000 : 4.6046762209170025 size: 0.0
906000 : 4.669617213848101 size: 0.0
907000 : 4.615763254487524 size: 0.0
908000 : 4.555391152659247 size: 0.0
909000 : 4.4447454262960555 size: 0.0
910000 : 4.575790702808688 size: 0.0
911000 : 4.558645064413572 size: 0.0
912000 : 4.56692499715671 size: 0.0
913000 : 4.483375137436955 size: 0.0
914000 : 4.498705670934865 size: 0.0
915000 : 4.68224452403975 size: 0.0
916000 : 4.545002024685926 size: 0.0
917000 : 4.529765049750085 size: 0.0
918000 : 4.519417541578274 size: 0.0
919000 : 4.54955543735017 size: 0.0
920000 : 4.407166185186627 size: 0.0
921000 : 4.392353319467813 size: 0.0
922000 : 4.57828066762788 size: 0.0
923000 : 4.489868514402931 size: 0.0
924000 : 4.620902096095305 size: 0.0
925000 : 4.630557546080045 size: 0.0
926000 : 4.5217444668444475 size: 0.0
927000 : 4.666085034164681 size: 0.0
928000 : 4.727978150557187 size: 0.0
929000 : 4.679349024129824 size: 0.0
930000 : 4.545007184165453 size: 0.0
931000 : 4.435174935740842 size: 0.0
932000 : 4.650057626965474 size: 0.0
933000 : 4.472594576950271 size: 0.0
934000 : 4.444114937897993 size: 0.0
935000 : 4.506331381674123 size: 0.0
936000 : 4.460230744179743 size: 0.0
937000 : 4.440956648497548 size: 0.0
938000 : 4.481613347161516 size: 0.0
939000 : 4.332363363089754 size: 0.0
940000 : 4.4837841121807065 size: 0.0
941000 : 4.5565644183034335 size: 0.0
942000 : 4.379282294036938 size: 0.0
943000 : 4.422613322921823 size: 0.0
944000 : 4.371766652194234 size: 0.0
945000 : 4.417964631869001 size: 0.0
946000 : 4.54428313720532 size: 0.0
947000 : 4.4321927565748815 size: 0.0
948000 : 4.362321021043546 size: 0.0
949000 : 4.572017403448759 size: 0.0
950000 : 4.633709644105059 size: 0.0
951000 : 4.334293696363038 size: 0.0
952000 : 4.317105750235808 size: 0.0
953000 : 4.428455573571632 size: 0.0
954000 : 4.572610055663632 size: 0.0
955000 : 4.426884684038652 size: 0.0
956000 : 4.593488061547773 size: 0.0
957000 : 4.458547034027796 size: 0.0
958000 : 4.6547788946969595 size: 0.0
959000 : 4.410040703213148 size: 0.0
960000 : 4.485670073930068 size: 0.0
961000 : 4.47334201355092 size: 0.0
962000 : 4.372041480470312 size: 0.0
963000 : 4.599220243301031 size: 0.0
964000 : 4.6577923747053775 size: 0.0
965000 : 4.686491463620156 size: 0.0
966000 : 4.58992733274431 size: 0.0
967000 : 4.606863840235977 size: 0.0
968000 : 4.426741594473134 size: 0.0
969000 : 4.541245579625781 size: 0.0
970000 : 4.474718218723124 size: 0.0
971000 : 4.492395627474709 size: 0.0
972000 : 4.562140439809707 size: 0.0
973000 : 4.67819433261193 size: 0.0
974000 : 4.706476535581018 size: 0.0
975000 : 4.504904957567867 size: 0.0
976000 : 4.552087021970871 size: 0.0
977000 : 4.709378914796979 size: 0.0
978000 : 4.426255915467097 size: 0.0
979000 : 4.57435395974338 size: 0.0
980000 : 4.341058461952075 size: 0.0
981000 : 4.6060888864111895 size: 0.0
982000 : 4.643892392897343 size: 0.0
983000 : 4.618409379553699 size: 0.0
984000 : 4.618164476258871 size: 0.0
985000 : 4.6102054631422416 size: 0.0
986000 : 4.521797437500913 size: 0.0
987000 : 4.624942312529374 size: 0.0
988000 : 4.570704487892072 size: 0.0
989000 : 4.4132323572478604 size: 0.0
990000 : 4.418233612734951 size: 0.0
991000 : 4.583657533224455 size: 0.0
992000 : 4.769186569565123 size: 0.0
993000 : 4.597805170049732 size: 0.0
994000 : 4.522158257102423 size: 0.0
995000 : 4.458196877350639 size: 0.0
996000 : 4.65538702535041 size: 0.0
997000 : 4.738583632705294 size: 0.0
998000 : 4.6980820623924044 size: 0.0
999000 : 4.542911403582038 size: 0.0
1000000 : 4.548148963231414 size: 0.0
1001000 : 4.578369754641027 size: 0.0
1002000 : 4.694621771457045 size: 0.0
1003000 : 4.50442134235364 size: 0.0
1004000 : 4.517011848258004 size: 0.0
1005000 : 4.635764148852266 size: 0.0
1006000 : 4.542583260684192 size: 0.0
1007000 : 4.542217281603156 size: 0.0
1008000 : 4.589207757333099 size: 0.0
1009000 : 4.576517157525933 size: 0.0
1010000 : 4.512227634876303 size: 0.0
1011000 : 4.534956862014332 size: 0.0
1012000 : 4.397710923007492 size: 0.0
1013000 : 4.399529467557715 size: 0.0
1014000 : 4.347660531953397 size: 0.0
1015000 : 4.462773679655401 size: 0.0
1016000 : 4.39495988852429 size: 0.0
1017000 : 4.396142097266321 size: 0.0
1018000 : 4.537293074343652 size: 0.0
1019000 : 4.560469800339226 size: 0.0
1020000 : 4.342764529848634 size: 0.0
1021000 : 4.450896213821514 size: 0.0
1022000 : 4.36483127981554 size: 0.0
1023000 : 4.482080108075958 size: 0.0
1024000 : 4.454867637195237 size: 0.0
1025000 : 4.500967586759013 size: 0.0
1026000 : 4.458728303741806 size: 0.0
1027000 : 4.459679367801077 size: 0.0
1028000 : 4.377815282025078 size: 0.0
1029000 : 4.253209035960749 size: 0.0
1030000 : 4.642767970326003 size: 0.0
1031000 : 4.5248098856134265 size: 0.0
1032000 : 4.468616274270512 size: 0.0
1033000 : 4.655159320320668 size: 0.0
1034000 : 4.569684974737757 size: 0.0
1035000 : 4.471981286817294 size: 0.0
1036000 : 4.55373323990493 size: 0.0
1037000 : 4.400001731916984 size: 0.0
1038000 : 4.394522364660495 size: 0.0
1039000 : 4.534545135548166 size: 0.0
1040000 : 4.395258450406188 size: 0.0
1041000 : 4.501389632184231 size: 0.0
1042000 : 4.678025789614085 size: 0.0
1043000 : 4.51933120628754 size: 0.0
1044000 : 4.4238264885410095 size: 0.0
1045000 : 4.575427819415368 size: 0.0
1046000 : 4.439364777081162 size: 0.0
1047000 : 4.368073152784303 size: 0.0
1048000 : 4.49164440725574 size: 0.0
1049000 : 4.700266929988965 size: 0.0
1050000 : 4.574852365465581 size: 0.0
1051000 : 4.686274765480069 size: 0.0
1052000 : 4.346891425538739 size: 0.0
1053000 : 4.590654475392157 size: 0.0
1054000 : 4.728517832115595 size: 0.0
1055000 : 4.67007159201168 size: 0.0
1056000 : 4.481013815640608 size: 0.0
1057000 : 4.534274434855708 size: 0.0
1058000 : 4.573601019697903 size: 0.0
1059000 : 4.622253535765785 size: 0.0
1060000 : 4.411357746353455 size: 0.0
1061000 : 4.518359504310165 size: 0.0
1062000 : 4.550373386837674 size: 0.0
1063000 : 4.628266737170552 size: 0.0
1064000 : 4.4972176770396 size: 0.0
1065000 : 4.596828652558132 size: 0.0
1066000 : 4.754989401736399 size: 0.0
1067000 : 4.525652256637352 size: 0.0
1068000 : 4.667028187022012 size: 0.0
1069000 : 4.518535270579347 size: 0.0
1070000 : 4.369980440382372 size: 0.0
1071000 : 4.695036593610926 size: 0.0
1072000 : 4.55586995235925 size: 0.0
1073000 : 4.775277851093382 size: 0.0
1074000 : 4.5731972044336775 size: 0.0
1075000 : 4.514384641283424 size: 0.0
1076000 : 4.490656194943883 size: 0.0
1077000 : 4.5810595633005216 size: 0.0
1078000 : 4.646553996402096 size: 0.0
1079000 : 4.466386347219425 size: 0.0
1080000 : 4.5922466907738455 size: 0.0
1081000 : 4.401682002415914 size: 0.0
1082000 : 4.482124135634579 size: 0.0
1083000 : 4.5481671933924055 size: 0.0
1084000 : 4.561925461496129 size: 0.0
1085000 : 4.669509896673962 size: 0.0
1086000 : 4.393368017107904 size: 0.0
1087000 : 4.477403211868395 size: 0.0
1088000 : 4.660485279052587 size: 0.0
1089000 : 4.409061433999135 size: 0.0
1090000 : 4.386739805743651 size: 0.0
1091000 : 4.43831189929258 size: 0.0
1092000 : 4.5271987246339105 size: 0.0
1093000 : 4.496168926834639 size: 0.0
1094000 : 4.559275896776937 size: 0.0
1095000 : 4.446424320933779 size: 0.0
1096000 : 4.547927449577103 size: 0.0
1097000 : 4.527905917294258 size: 0.0
1098000 : 4.313515784381698 size: 0.0
1099000 : 4.6419531165262145 size: 0.0
1100000 : 4.51062647639677 size: 0.0
1101000 : 4.444649116011573 size: 0.0
1102000 : 4.656064293029508 size: 0.0
1103000 : 4.50817469172607 size: 0.0
1104000 : 4.427652070626801 size: 0.0
1105000 : 4.366742007066626 size: 0.0
1106000 : 4.487654065790421 size: 0.0
1107000 : 4.435113021986532 size: 0.0
1108000 : 4.528115392163009 size: 0.0
1109000 : 4.424193843483252 size: 0.0
1110000 : 4.534043290172948 size: 0.0
1111000 : 4.540622314499054 size: 0.0
1112000 : 4.426811763394686 size: 0.0
1113000 : 4.574574441501786 size: 0.0
1114000 : 4.510576257462718 size: 0.0
1115000 : 4.33733778928331 size: 0.0
1116000 : 4.506788511560116 size: 0.0
1117000 : 4.6935953789966955 size: 0.0
1118000 : 4.411694488383845 size: 0.0
1119000 : 4.375581227390371 size: 0.0
1120000 : 4.476054179955026 size: 0.0
1121000 : 4.3898155434716815 size: 0.0
1122000 : 4.464319803686657 size: 0.0
1123000 : 4.443653680428379 size: 0.0
1124000 : 4.552757754309236 size: 0.0
1125000 : 4.562446568928243 size: 0.0
1126000 : 4.603546294900834 size: 0.0
1127000 : 4.482035392586734 size: 0.0
1128000 : 4.420641025881728 size: 0.0
1129000 : 4.55938630963879 size: 0.0
1130000 : 4.437493605839775 size: 0.0
1131000 : 4.606111932086405 size: 0.0
1132000 : 4.5851389917789875 size: 0.0
1133000 : 4.51822088629357 size: 0.0
1134000 : 4.532774058209581 size: 0.0
1135000 : 4.453415759656654 size: 0.0
1136000 : 4.575809620900284 size: 0.0
1137000 : 4.591895502200783 size: 0.0
1138000 : 4.414057873972001 size: 0.0
1139000 : 4.514544585148727 size: 0.0
1140000 : 4.470484005858882 size: 0.0
1141000 : 4.595276337151445 size: 0.0
1142000 : 4.5741864486414405 size: 0.0
1143000 : 4.471528284514921 size: 0.0
1144000 : 4.589047469502495 size: 0.0
1145000 : 4.488024860385682 size: 0.0
1146000 : 4.40113509758617 size: 0.0
1147000 : 4.552704439687468 size: 0.0
1148000 : 4.510793299568107 size: 0.0
1149000 : 4.292387027792599 size: 0.0
1150000 : 4.311591298518543 size: 0.0
1151000 : 4.474093577735191 size: 0.0
1152000 : 4.5047192163049345 size: 0.0
1153000 : 4.544913281638082 size: 0.0
1154000 : 4.5038104599777755 size: 0.0
1155000 : 4.424858728411488 size: 0.0
1156000 : 4.336760959472316 size: 0.0
1157000 : 4.4811476181429795 size: 0.0
1158000 : 4.417320728824171 size: 0.0
1159000 : 4.399940162127975 size: 0.0
1160000 : 4.4441214732387255 size: 0.0
1161000 : 4.3204690429560815 size: 0.0
1162000 : 4.566034814955845 size: 0.0
1163000 : 4.494168424639803 size: 0.0
1164000 : 4.505000923887048 size: 0.0
1165000 : 4.458878272613358 size: 0.0
1166000 : 4.500685535211598 size: 0.0
1167000 : 4.4705913230330205 size: 0.0
1168000 : 4.535160833438255 size: 0.0
1169000 : 4.43041445596496 size: 0.0
1170000 : 4.472358272787985 size: 0.0
1171000 : 4.546309436797785 size: 0.0
1172000 : 4.4849057830296335 size: 0.0
1173000 : 4.556888433617659 size: 0.0
1174000 : 4.570633631039916 size: 0.0
1175000 : 4.608972003570254 size: 0.0
1176000 : 4.537961398924905 size: 0.0
1177000 : 4.333576184743638 size: 0.0
1178000 : 4.495830464977741 size: 0.0
1179000 : 4.466554202286667 size: 0.0
1180000 : 4.622209508207164 size: 0.0
1181000 : 4.315680358025458 size: 0.0
1182000 : 4.514185141408423 size: 0.0
1183000 : 4.6079954860786545 size: 0.0
1184000 : 4.628462453427234 size: 0.0
1185000 : 4.511047145960781 size: 0.0
1186000 : 4.608635261539864 size: 0.0
1187000 : 4.5932785866790224 size: 0.0
1188000 : 4.510066156920259 size: 0.0
1189000 : 4.705750768794377 size: 0.0
1190000 : 4.587128487084168 size: 0.0
1191000 : 4.541860933550568 size: 0.0
1192000 : 4.488328581747106 size: 0.0
1193000 : 4.661222740659487 size: 0.0
1194000 : 4.504161304585535 size: 0.0
1195000 : 4.354146685648037 size: 0.0
1196000 : 4.508902522304521 size: 0.0
1197000 : 4.448011720801242 size: 0.0
1198000 : 4.495185530037006 size: 0.0
1199000 : 4.554377486915062 size: 0.0
1200000 : 4.443009433418247 size: 0.0
1201000 : 4.544245644987432 size: 0.0
1202000 : 4.554529863543726 size: 0.0
1203000 : 4.519149936573531 size: 0.0
1204000 : 4.642075912138931 size: 0.0
1205000 : 4.587167011197962 size: 0.0
1206000 : 4.573502301656308 size: 0.0
1207000 : 4.559599912091162 size: 0.0
1208000 : 4.685742995123601 size: 0.0
1209000 : 4.712237954384922 size: 0.0
1210000 : 4.595475149095842 size: 0.0
1211000 : 4.572309086024622 size: 0.0
1212000 : 4.623479428101135 size: 0.0
1213000 : 4.531896602724879 size: 0.0
1214000 : 4.615260721181703 size: 0.0
1215000 : 4.578946584452021 size: 0.0
1216000 : 4.552069135775182 size: 0.0
1217000 : 4.384788834552263 size: 0.0
1218000 : 4.556855412948694 size: 0.0
1219000 : 4.566556610318562 size: 0.0
1220000 : 4.470246325835389 size: 0.0
1221000 : 4.511787359290095 size: 0.0
1222000 : 4.475550958718602 size: 0.0
1223000 : 4.671035726752417 size: 0.0
1224000 : 4.605341793775842 size: 0.0
1225000 : 4.477128383592316 size: 0.0
1226000 : 4.6825028419813455 size: 0.0
1227000 : 4.467892571275681 size: 0.0
1228000 : 4.583752123682429 size: 0.0
1229000 : 4.345679291815458 size: 0.0
1230000 : 4.389266230884826 size: 0.0
1231000 : 4.6676039849371005 size: 0.0
1232000 : 4.560098317813362 size: 0.0
1233000 : 4.472900018138203 size: 0.0
1234000 : 4.539086165461548 size: 0.0
1235000 : 4.4661620818426995 size: 0.0
1236000 : 4.5111224743618585 size: 0.0
1237000 : 4.488471327347321 size: 0.0
1238000 : 4.505786196670887 size: 0.0
1239000 : 4.333028591983291 size: 0.0
1240000 : 4.353384114574111 size: 0.0
1241000 : 4.742941329112855 size: 0.0
1242000 : 4.354748968891358 size: 0.0
1243000 : 4.357702942902578 size: 0.0
1244000 : 4.450861473326039 size: 0.0
1245000 : 4.481598556653542 size: 0.0
1246000 : 4.451831455476905 size: 0.0
1247000 : 4.495691502995844 size: 0.0
1248000 : 4.662426963180828 size: 0.0
1249000 : 4.499803608177974 size: 0.0
1250000 : 4.525936028011276 size: 0.0
1251000 : 4.573244671645315 size: 0.0
1252000 : 4.5554296767730404 size: 0.0
1253000 : 4.522230489815786 size: 0.0
1254000 : 4.445355276776016 size: 0.0
1255000 : 4.485272106075971 size: 0.0
1256000 : 4.560230400489225 size: 0.0
1257000 : 4.454420826268295 size: 0.0
1258000 : 4.524722518426787 size: 0.0
1259000 : 4.458969423418315 size: 0.0
1260000 : 4.453218323573463 size: 0.0
1261000 : 4.447151463581626 size: 0.0
1262000 : 4.52120684907785 size: 0.0
1263000 : 4.317127764015119 size: 0.0
1264000 : 4.665097853748728 size: 0.0
1265000 : 4.539772720203792 size: 0.0
1266000 : 4.229359513835 size: 0.0
1267000 : 4.61733723970822 size: 0.0
1268000 : 4.309035980292024 size: 0.0
1269000 : 4.3545759543445905 size: 0.0
1270000 : 4.619378673773962 size: 0.0
1271000 : 4.34607450794714 size: 0.0
1272000 : 4.485939742726621 size: 0.0
1273000 : 4.603058208137685 size: 0.0
1274000 : 4.362888563791394 size: 0.0
1275000 : 4.533019305469711 size: 0.0
1276000 : 4.649274074008143 size: 0.0
1277000 : 4.448065379388312 size: 0.0
1278000 : 4.541150989167806 size: 0.0
1279000 : 4.632916804084581 size: 0.0
1280000 : 4.505173250503212 size: 0.0
1281000 : 4.486145433977053 size: 0.0
1282000 : 4.345433356624723 size: 0.0
1283000 : 4.459954884007759 size: 0.0
1284000 : 4.577992768670335 size: 0.0
1285000 : 4.530687220724012 size: 0.0
1286000 : 4.550484487630132 size: 0.0
1287000 : 4.670853425142503 size: 0.0
1288000 : 4.282850245836954 size: 0.0
1289000 : 4.4281559797938295 size: 0.0
1290000 : 4.636079565033948 size: 0.0
1291000 : 4.532567679028546 size: 0.0
1292000 : 4.59960686030017 size: 0.0
1293000 : 4.570225000261466 size: 0.0
1294000 : 4.505980537066362 size: 0.0
1295000 : 4.42262467377678 size: 0.0
1296000 : 4.51248216919958 size: 0.0
1297000 : 4.349833360764397 size: 0.0
1298000 : 4.50322331120773 size: 0.0
1299000 : 4.531417115094274 size: 0.0
1300000 : 4.321587962082595 size: 0.0
1301000 : 4.390593249018884 size: 0.0
1302000 : 4.371619435045095 size: 0.0
1303000 : 4.515502872479335 size: 0.0
1304000 : 4.778393832761715 size: 0.0
1305000 : 4.629814924993619 size: 0.0
1306000 : 4.392994814755531 size: 0.0
1307000 : 4.553149530787901 size: 0.0
1308000 : 4.316965756358006 size: 0.0
1309000 : 4.5061714378088205 size: 0.0
1310000 : 4.606505772356881 size: 0.0
1311000 : 4.493810012795405 size: 0.0
1312000 : 4.596651510427744 size: 0.0
1313000 : 4.444416939432908 size: 0.0
1314000 : 4.547377449059644 size: 0.0
1315000 : 4.5745844164955365 size: 0.0
1316000 : 4.401286098353627 size: 0.0
1317000 : 4.4011178993210835 size: 0.0
1318000 : 4.5615054798627215 size: 0.0
1319000 : 4.512950993905832 size: 0.0
1320000 : 4.613466598167903 size: 0.0
1321000 : 4.604267246173251 size: 0.0
1322000 : 4.352357722113762 size: 0.0
1323000 : 4.459838623735776 size: 0.0
1324000 : 4.32050653517397 size: 0.0
1325000 : 4.576537795444037 size: 0.0
1326000 : 4.556619452751709 size: 0.0
1327000 : 4.65237904878682 size: 0.0
1328000 : 4.428849413842109 size: 0.0
1329000 : 4.37150283080781 size: 0.0
1330000 : 4.549680640719998 size: 0.0
1331000 : 4.397086282019558 size: 0.0
1332000 : 4.3333560469505334 size: 0.0
1333000 : 4.357129552744602 size: 0.0
1334000 : 4.346827104027316 size: 0.0
1335000 : 4.403378439284024 size: 0.0
1336000 : 4.550356532537889 size: 0.0
1337000 : 4.257641028873484 size: 0.0
1338000 : 4.5132705376711355 size: 0.0
1339000 : 4.472409523617942 size: 0.0
1340000 : 4.406166278054511 size: 0.0
1341000 : 4.647764066333567 size: 0.0
1342000 : 4.423879459197475 size: 0.0
1343000 : 4.412792081661651 size: 0.0
1344000 : 4.275666530510415 size: 0.0
1345000 : 4.392821800208764 size: 0.0
1346000 : 4.567880188799602 size: 0.0
1347000 : 4.495926087331621 size: 0.0
1348000 : 4.463599540344844 size: 0.0
1349000 : 4.589468139066506 size: 0.0
1350000 : 4.558718672988141 size: 0.0
1351000 : 4.565190036174807 size: 0.0
1352000 : 4.531744226096214 size: 0.0
1353000 : 4.548641521543486 size: 0.0
1354000 : 4.739450425265642 size: 0.0
1355000 : 4.652007222295654 size: 0.0
1356000 : 4.535172184293212 size: 0.0
1357000 : 4.582112441089103 size: 0.0
1358000 : 4.709829853307541 size: 0.0
1359000 : 4.408885667729954 size: 0.0
1360000 : 4.582185361733069 size: 0.0
1361000 : 4.56184394171962 size: 0.0
1362000 : 4.7253244582543745 size: 0.0
1363000 : 4.420412976886684 size: 0.0
1364000 : 4.556157507351492 size: 0.0
1365000 : 4.469844918328276 size: 0.0
1366000 : 4.4326588295587195 size: 0.0
1367000 : 4.399018679084652 size: 0.0
1368000 : 4.43278644068566 size: 0.0
1369000 : 4.564829560538598 size: 0.0
1370000 : 4.492584464425357 size: 0.0
1371000 : 4.462900946817039 size: 0.0
1372000 : 4.653297436142427 size: 0.0
1373000 : 4.399345790086594 size: 0.0
1374000 : 4.444217095592605 size: 0.0
1375000 : 4.520408505612545 size: 0.0
1376000 : 4.527607355412361 size: 0.0
1377000 : 4.455529770401059 size: 0.0
1378000 : 4.538652769181374 size: 0.0
1379000 : 4.488521202316072 size: 0.0
1380000 : 4.533102545072729 size: 0.0
1381000 : 4.507498455942877 size: 0.0
1382000 : 4.57304620366622 size: 0.0
1383000 : 4.546034608521707 size: 0.0
1384000 : 4.533182688988031 size: 0.0
1385000 : 4.535363429000972 size: 0.0
1386000 : 4.457181491779946 size: 0.0
1387000 : 4.469972185489914 size: 0.0
1388000 : 4.483223792704195 size: 0.0
1389000 : 4.477523599723998 size: 0.0
1390000 : 4.488933272747539 size: 0.0
1391000 : 4.566652232672443 size: 0.0
1392000 : 4.279893520103321 size: 0.0
1393000 : 4.565586972132998 size: 0.0
1394000 : 4.470795294456944 size: 0.0
1395000 : 4.339874533383536 size: 0.0
1396000 : 4.508415467437278 size: 0.0
1397000 : 4.470744387592289 size: 0.0
1398000 : 4.5061931076228285 size: 0.0
1399000 : 4.395767863018044 size: 0.0
1400000 : 4.4634512912998 size: 0.0
1401000 : 4.5568237681409345 size: 0.0
1402000 : 4.441951052184837 size: 0.0
1403000 : 4.39310213192967 size: 0.0
1404000 : 4.433110799965187 size: 0.0
1405000 : 4.535592165926619 size: 0.0
1406000 : 4.269713179068148 size: 0.0
1407000 : 4.487445966782878 size: 0.0
1408000 : 4.383880766155708 size: 0.0
1409000 : 4.504963775634462 size: 0.0
1410000 : 4.388072671287838 size: 0.0
1411000 : 4.471408928555222 size: 0.0
1412000 : 4.386190149191494 size: 0.0
1413000 : 4.500823809262892 size: 0.0
1414000 : 4.579947523480042 size: 0.0
1415000 : 4.679998430619482 size: 0.0
1416000 : 4.53446808732058 size: 0.0
1417000 : 4.4977810922038275 size: 0.0
1418000 : 4.688767138056373 size: 0.0
1419000 : 4.551429704279274 size: 0.0
1420000 : 4.659443752118962 size: 0.0
1421000 : 4.463507357643981 size: 0.0
1422000 : 4.372902769585833 size: 0.0
1423000 : 4.609139858637496 size: 0.0
1424000 : 4.54704793030059 size: 0.0
1425000 : 4.712947898767683 size: 0.0
1426000 : 4.573495078384972 size: 0.0
1427000 : 4.394672677497349 size: 0.0
1428000 : 4.376854586937359 size: 0.0
1429000 : 4.522213635516001 size: 0.0
1430000 : 4.474499112825925 size: 0.0
1431000 : 4.426722676381539 size: 0.0
1432000 : 4.56233237244807 size: 0.0
1433000 : 4.530327776983708 size: 0.0
1434000 : 4.480319349696424 size: 0.0
1435000 : 4.516996369819427 size: 0.0
1436000 : 4.3199651337890534 size: 0.0
1437000 : 4.458055163646328 size: 0.0
1438000 : 4.404390041236399 size: 0.0
1439000 : 4.537872311911758 size: 0.0
1440000 : 4.294111669815451 size: 0.0
1441000 : 4.335092383793644 size: 0.0
1442000 : 4.548314410541544 size: 0.0
1443000 : 4.249030545475387 size: 0.0
1444000 : 4.312165032641822 size: 0.0
1445000 : 4.327102069834559 size: 0.0
1446000 : 4.293207041071913 size: 0.0
1447000 : 4.607581007890075 size: 0.0
1448000 : 4.4779181279250775 size: 0.0
1449000 : 4.420438430319011 size: 0.0
1450000 : 4.394046316682907 size: 0.0
1451000 : 4.447191363556627 size: 0.0
1452000 : 4.412930011747643 size: 0.0
1453000 : 4.414442083214029 size: 0.0
1454000 : 4.516153998795501 size: 0.0
1455000 : 4.390459446516512 size: 0.0
1456000 : 4.419460880931507 size: 0.0
1457000 : 4.528399507502234 size: 0.0
1458000 : 4.4839512793173455 size: 0.0
1459000 : 4.481899526292552 size: 0.0
1460000 : 4.455256661951489 size: 0.0
1461000 : 4.730653856639312 size: 0.0
1462000 : 4.700480188476035 size: 0.0
1463000 : 4.504803487803858 size: 0.0
1464000 : 4.538303644400122 size: 0.0
1465000 : 4.451315507524317 size: 0.0
1466000 : 4.519694089680861 size: 0.0
1467000 : 4.396378745393908 size: 0.0
1468000 : 4.51094120464785 size: 0.0
1469000 : 4.569473436077196 size: 0.0
1470000 : 4.263375962349155 size: 0.0
1471000 : 4.6440826057091975 size: 0.0
1472000 : 4.758175552326283 size: 0.0
1473000 : 4.663484656483635 size: 0.0
1474000 : 4.396780840831625 size: 0.0
1475000 : 4.577991736774431 size: 0.0
1476000 : 4.470475062761038 size: 0.0
1477000 : 4.387514759568439 size: 0.0
1478000 : 4.65209218172518 size: 0.0
1479000 : 4.528068612881975 size: 0.0
1480000 : 4.672304614750483 size: 0.0
1481000 : 4.4290740231841355 size: 0.0
1482000 : 4.442179101179881 size: 0.0
1483000 : 4.389749846099052 size: 0.0
1484000 : 4.514727918654547 size: 0.0
1485000 : 4.495480652265886 size: 0.0
1486000 : 4.37868069872422 size: 0.0
1487000 : 4.6219088825334556 size: 0.0
1488000 : 4.392913638944324 size: 0.0
1489000 : 4.38375556278588 size: 0.0
1490000 : 4.530497007912158 size: 0.0
1491000 : 4.454815354469375 size: 0.0
1492000 : 4.450747276845866 size: 0.0
1493000 : 4.675422660210626 size: 0.0
1494000 : 4.5880774873516295 size: 0.0
1495000 : 4.459795284107758 size: 0.0
1496000 : 4.476149802308907 size: 0.0
1497000 : 4.481484360173369 size: 0.0
1498000 : 4.570101516718147 size: 0.0
1499000 : 4.452400718051261 size: 0.0
1500000 : 4.475350770912998 size: 0.0
1501000 : 4.585050248731142 size: 0.0
1502000 : 4.5083535536829675 size: 0.0
1503000 : 4.408440920594822 size: 0.0
1504000 : 4.413308717544843 size: 0.0
1505000 : 4.506908211485117 size: 0.0
1506000 : 4.5768748814397275 size: 0.0
1507000 : 4.506911651138133 size: 0.0
1508000 : 4.478045395086716 size: 0.0
1509000 : 4.444117001689803 size: 0.0
1510000 : 4.441818969508974 size: 0.0
1511000 : 4.560997099146771 size: 0.0
1512000 : 4.612832670116822 size: 0.0
1513000 : 4.448994085702971 size: 0.0
1514000 : 4.5032910723721695 size: 0.0
1515000 : 4.650898966093494 size: 0.0
1516000 : 4.578464689064304 size: 0.0
1517000 : 4.621809476561257 size: 0.0
1518000 : 4.502565649550831 size: 0.0
1519000 : 4.649449152346721 size: 0.0
1520000 : 4.672718748973761 size: 0.0
1521000 : 4.554418762751269 size: 0.0
1522000 : 4.332990755800101 size: 0.0
1523000 : 4.409023253850644 size: 0.0
1524000 : 4.5850268590906245 size: 0.0
1525000 : 4.502339664347597 size: 0.0
1526000 : 4.406826691433824 size: 0.0
1527000 : 4.494929619852522 size: 0.0
1528000 : 4.477445519600507 size: 0.0
1529000 : 4.557830210613783 size: 0.0
1530000 : 4.450914787947807 size: 0.0
1531000 : 4.43776980997706 size: 0.0
1532000 : 4.455941840832526 size: 0.0
1533000 : 4.378420660956116 size: 0.0
1534000 : 4.572638948748977 size: 0.0
1535000 : 4.5124942079851404 size: 0.0
1536000 : 4.6244556016274325 size: 0.0
1537000 : 4.459386309364007 size: 0.0
1538000 : 4.428378525344046 size: 0.0
1539000 : 4.208228693454091 size: 0.0
1540000 : 4.3746232840250645 size: 0.0
1541000 : 4.512632138071132 size: 0.0
1542000 : 4.498212768657493 size: 0.0
1543000 : 4.336827688740851 size: 0.0
1544000 : 4.5748289758250635 size: 0.0
1545000 : 4.427970926461501 size: 0.0
1546000 : 4.315986487143993 size: 0.0
1547000 : 4.5846165084856665 size: 0.0
1548000 : 4.524578053000063 size: 0.0
1549000 : 4.6643373464666125 size: 0.0
1550000 : 4.4963206155327 size: 0.0
1551000 : 4.480139799808923 size: 0.0
1552000 : 4.391412574367593 size: 0.0
1553000 : 4.445553056824508 size: 0.0
1554000 : 4.331691254890182 size: 0.0
1555000 : 4.3765051181908055 size: 0.0
1556000 : 4.6157247303737305 size: 0.0
1557000 : 4.427318080318826 size: 0.0
1558000 : 4.4212519082575925 size: 0.0
1559000 : 4.452850624665919 size: 0.0
1560000 : 4.482518319870357 size: 0.0
1561000 : 4.459162043987281 size: 0.0
1562000 : 4.371784194424621 size: 0.0
1563000 : 4.5883337415014145 size: 0.0
1564000 : 4.5535106943547135 size: 0.0
1565000 : 4.503493323969584 size: 0.0
1566000 : 4.367057423248308 size: 0.0
1567000 : 4.549392053831851 size: 0.0
1568000 : 4.492996190891522 size: 0.0
1569000 : 4.496006231246923 size: 0.0
1570000 : 4.299965271320218 size: 0.0
1571000 : 4.352295808359451 size: 0.0
1572000 : 4.510398083436424 size: 0.0
1573000 : 4.483535081302257 size: 0.0
1574000 : 4.350441491417849 size: 0.0
1575000 : 4.459429992957326 size: 0.0
1576000 : 4.371197389619877 size: 0.0
1577000 : 4.477751304753741 size: 0.0
1578000 : 4.603013836613762 size: 0.0
1579000 : 4.543697364296482 size: 0.0
1580000 : 4.559744033552585 size: 0.0
1581000 : 4.390112041561769 size: 0.0
1582000 : 4.483629671760232 size: 0.0
1583000 : 4.485868541909164 size: 0.0
1584000 : 4.595345474177091 size: 0.0
1585000 : 4.481137299183928 size: 0.0
1586000 : 4.448980327090902 size: 0.0
1587000 : 4.520569137408451 size: 0.0
1588000 : 4.5327860969951415 size: 0.0
1589000 : 4.407674909867879 size: 0.0
1590000 : 4.56055441580345 size: 0.0
1591000 : 4.539962245085043 size: 0.0
1592000 : 4.401816492848888 size: 0.0
1593000 : 4.617394337948307 size: 0.0
1594000 : 4.372150517470959 size: 0.0
1595000 : 4.325199597750714 size: 0.0
1596000 : 4.630584031408278 size: 0.0
1597000 : 4.569367494764264 size: 0.0
1598000 : 4.362730683717902 size: 0.0
1599000 : 4.427240344160635 size: 0.0
1600000 : 4.493640093936352 size: 0.0
1601000 : 4.608002365384689 size: 0.0
1602000 : 4.320034958745304 size: 0.0
1603000 : 4.422340902402856 size: 0.0
1604000 : 4.241747424176649 size: 0.0
1605000 : 4.477641923787792 size: 0.0
1606000 : 4.526191250265156 size: 0.0
1607000 : 4.718943557942063 size: 0.0
1608000 : 4.576143955173561 size: 0.0
1609000 : 4.468861177565341 size: 0.0
1610000 : 4.565580436792265 size: 0.0
1611000 : 4.4278495067099914 size: 0.0
1612000 : 4.62866092140633 size: 0.0
1613000 : 4.614547681111226 size: 0.0
1614000 : 4.502279470419794 size: 0.0
1615000 : 4.433618836715835 size: 0.0
1616000 : 4.609663373826722 size: 0.0
1617000 : 4.635214836265409 size: 0.0
1618000 : 4.533816617039111 size: 0.0
1619000 : 4.382385205023805 size: 0.0
1620000 : 4.766510175552397 size: 0.0
1621000 : 4.50787956949719 size: 0.0
1622000 : 4.672457335344449 size: 0.0
1623000 : 4.603003861620013 size: 0.0
1624000 : 4.6193473729315055 size: 0.0
1625000 : 4.66826955779594 size: 0.0
1626000 : 4.6658583610308435 size: 0.0
1627000 : 4.415921477976751 size: 0.0
1628000 : 4.504383850135752 size: 0.0
1629000 : 4.463676244607129 size: 0.0
1630000 : 4.648012409281413 size: 0.0
1631000 : 4.471650048231732 size: 0.0
1632000 : 4.49920098096935 size: 0.0
1633000 : 4.409731134441595 size: 0.0
1634000 : 4.397556826552319 size: 0.0
1635000 : 4.610182417467026 size: 0.0
1636000 : 4.593361138351437 size: 0.0
1637000 : 4.372663713701134 size: 0.0
1638000 : 4.573609274865144 size: 0.0
1639000 : 4.604331911649975 size: 0.0
1640000 : 4.480323477280045 size: 0.0
1641000 : 4.3536795807682935 size: 0.0
1642000 : 4.43468203346347 size: 0.0
1643000 : 4.564841255358857 size: 0.0
1644000 : 4.466216428360372 size: 0.0
1645000 : 4.632847667058934 size: 0.0
1646000 : 4.614537706117476 size: 0.0
1647000 : 4.484593462535667 size: 0.0
1648000 : 4.36509441327136 size: 0.0
1649000 : 4.691235433061555 size: 0.0
1650000 : 4.456151315701278 size: 0.0
1651000 : 4.389502535047112 size: 0.0
1652000 : 4.357061791580161 size: 0.0
1653000 : 4.242076255005098 size: 0.0
1654000 : 4.491557384034404 size: 0.0
1655000 : 4.450077920368708 size: 0.0
1656000 : 4.427655510279819 size: 0.0
1657000 : 4.576937827089943 size: 0.0
1658000 : 4.296213985739598 size: 0.0
1659000 : 4.483687801896223 size: 0.0
1660000 : 4.444580322951228 size: 0.0
1661000 : 4.400348792906425 size: 0.0
1662000 : 4.434402045707865 size: 0.0
1663000 : 4.498471774529692 size: 0.0
1664000 : 4.404643887629073 size: 0.0
1665000 : 4.406382632229296 size: 0.0
1666000 : 4.462744442604754 size: 0.0
1667000 : 4.520472827123967 size: 0.0
1668000 : 4.807124910449554 size: 0.0
1669000 : 4.609116125031677 size: 0.0
1670000 : 4.563424462281049 size: 0.0
1671000 : 4.640690075938278 size: 0.0
1672000 : 4.640145234900345 size: 0.0
1673000 : 4.627527555737144 size: 0.0
1674000 : 4.60048190802776 size: 0.0
1675000 : 4.484687365063038 size: 0.0
1676000 : 4.680291833021854 size: 0.0
1677000 : 4.5860099119229565 size: 0.0
1678000 : 4.56107655513147 size: 0.0
1679000 : 4.609084136258616 size: 0.0
1680000 : 4.576746926347486 size: 0.0
1681000 : 4.391080647851428 size: 0.0
1682000 : 4.466827654701539 size: 0.0
1683000 : 4.522140714872036 size: 0.0
1684000 : 4.620127486235819 size: 0.0
1685000 : 4.513404340173507 size: 0.0
1686000 : 4.558802600521762 size: 0.0
1687000 : 4.460752195577159 size: 0.0
1688000 : 4.516992242235807 size: 0.0
1689000 : 4.510473411837502 size: 0.0
1690000 : 4.513125728279109 size: 0.0
1691000 : 4.697694069532058 size: 0.0
1692000 : 4.398415019980124 size: 0.0
1693000 : 4.504405519949761 size: 0.0
1694000 : 4.443872442360276 size: 0.0
1695000 : 4.323727082294027 size: 0.0
1696000 : 4.458980430307971 size: 0.0
1697000 : 4.637878159596671 size: 0.0
1698000 : 4.622473673558889 size: 0.0
1699000 : 4.311050241098929 size: 0.0
1700000 : 4.285562068275759 size: 0.0
1701000 : 4.636834224905933 size: 0.0
1702000 : 4.502732472722167 size: 0.0
1703000 : 4.467522464611025 size: 0.0
1704000 : 4.605759367652136 size: 0.0
1705000 : 4.274556898447048 size: 0.0
1706000 : 4.3985154578482275 size: 0.0
1707000 : 4.5640491032689825 size: 0.0
1708000 : 4.541988200712207 size: 0.0
1709000 : 4.586756660593003 size: 0.0
1710000 : 4.395429745126448 size: 0.0
1711000 : 4.6084405771790875 size: 0.0
1712000 : 4.438055645142795 size: 0.0
1713000 : 4.55171003600018 size: 0.0
1714000 : 4.3601323698286665 size: 0.0
1715000 : 4.449691647334871 size: 0.0
1716000 : 4.532354420541476 size: 0.0
1717000 : 4.48305731349816 size: 0.0
1718000 : 4.473887886484759 size: 0.0
1719000 : 4.6160528732715775 size: 0.0
1720000 : 4.519403095035601 size: 0.0
1721000 : 4.405539229309465 size: 0.0
1722000 : 4.522599220619235 size: 0.0
1723000 : 4.520066948067932 size: 0.0
1724000 : 4.510644706557762 size: 0.0
1725000 : 4.388217136714562 size: 0.0
1726000 : 4.746305653729034 size: 0.0
1727000 : 4.765996291391619 size: 0.0
1728000 : 4.379367253466464 size: 0.0
1729000 : 4.47733854639167 size: 0.0
1730000 : 4.53515773775054 size: 0.0
1731000 : 4.597406514265032 size: 0.0
1732000 : 4.714354716851742 size: 0.0
1733000 : 4.482838895531565 size: 0.0
1734000 : 4.554652659156442 size: 0.0
1735000 : 4.656651785764855 size: 0.0
1736000 : 4.571946202631302 size: 0.0
1737000 : 4.567088036709729 size: 0.0
1738000 : 4.495750321062439 size: 0.0
1739000 : 4.43670936495184 size: 0.0
1740000 : 4.796089815639593 size: 0.0
1741000 : 4.597097977389383 size: 0.0
1742000 : 4.720765886110605 size: 0.0
1743000 : 4.379905903128967 size: 0.0
1744000 : 4.557441185857532 size: 0.0
1745000 : 4.604746389838555 size: 0.0
1746000 : 4.562454824095485 size: 0.0
1747000 : 4.657938559958611 size: 0.0
1748000 : 4.509354836676291 size: 0.0
1749000 : 4.43006154756539 size: 0.0
1750000 : 4.544219503624501 size: 0.0
1751000 : 4.605339042053427 size: 0.0
1752000 : 4.683206938953978 size: 0.0
1753000 : 4.560103477292889 size: 0.0
1754000 : 4.381259062625955 size: 0.0
1755000 : 4.542439827153372 size: 0.0
1756000 : 4.513062782628893 size: 0.0
1757000 : 4.47405952517032 size: 0.0
1758000 : 4.491826708865655 size: 0.0
1759000 : 4.636496794944941 size: 0.0
1760000 : 4.642367594714794 size: 0.0
1761000 : 4.683340053525746 size: 0.0
1762000 : 4.54557885449692 size: 0.0
1763000 : 4.426765328078953 size: 0.0
1764000 : 4.514432796425666 size: 0.0
1765000 : 4.578685858753313 size: 0.0
1766000 : 4.567397605481282 size: 0.0
1767000 : 4.452445777505787 size: 0.0
1768000 : 4.310411841498927 size: 0.0
1769000 : 4.561868019290741 size: 0.0
1770000 : 4.503345074924541 size: 0.0
1771000 : 4.257713949517449 size: 0.0
1772000 : 4.369804330147889 size: 0.0
1773000 : 4.37662550604641 size: 0.0
1774000 : 4.3572953440200335 size: 0.0
1775000 : 4.502950546723461 size: 0.0
1776000 : 4.440603052167375 size: 0.0
1777000 : 4.462031058568975 size: 0.0
1778000 : 4.436253610927054 size: 0.0
1779000 : 4.455636399644594 size: 0.0
1780000 : 4.462334091999796 size: 0.0
1781000 : 4.5395137143315925 size: 0.0
1782000 : 4.462332372173287 size: 0.0
1783000 : 4.491133618782678 size: 0.0
1784000 : 4.430049852745131 size: 0.0
1785000 : 4.374961745881962 size: 0.0
1786000 : 4.2912309604134995 size: 0.0
1787000 : 4.555745780885326 size: 0.0
1788000 : 4.45560372294093 size: 0.0
1789000 : 4.481725135884577 size: 0.0
1790000 : 4.602810553120443 size: 0.0
1791000 : 4.512536171751951 size: 0.0
1792000 : 4.476600740819468 size: 0.0
1793000 : 4.45931923613017 size: 0.0
1794000 : 4.409933730004312 size: 0.0
1795000 : 4.596878183561581 size: 0.0
1796000 : 4.504691699080796 size: 0.0
1797000 : 4.4794608123033175 size: 0.0
1798000 : 4.716605281820932 size: 0.0
1799000 : 4.576666438466882 size: 0.0
1800000 : 4.4376408229889135 size: 0.0
1801000 : 4.758008729154946 size: 0.0
1802000 : 4.620472483433449 size: 0.0
1803000 : 4.517318665307144 size: 0.0
1804000 : 4.634238662739112 size: 0.0
1805000 : 4.6473585312428325 size: 0.0
1806000 : 4.643072035652728 size: 0.0
1807000 : 4.637127283343004 size: 0.0
1808000 : 4.809037013561847 size: 0.0
1809000 : 4.599571775839395 size: 0.0
1810000 : 4.4792255400369365 size: 0.0
1811000 : 4.397196006950808 size: 0.0
1812000 : 4.607465435548695 size: 0.0
1813000 : 4.53012070987207 size: 0.0
1814000 : 4.512566440698503 size: 0.0
1815000 : 4.530299571828967 size: 0.0
1816000 : 4.547325854264385 size: 0.0
1817000 : 4.448435142087667 size: 0.0
1818000 : 4.341911495900355 size: 0.0
1819000 : 4.545979918038733 size: 0.0
1820000 : 4.524877646777866 size: 0.0
1821000 : 4.323739809010191 size: 0.0
1822000 : 4.550836364133796 size: 0.0
1823000 : 4.577545613778093 size: 0.0
1824000 : 4.601518275481859 size: 0.0
1825000 : 4.391088559053368 size: 0.0
1826000 : 4.462288344614666 size: 0.0
1827000 : 4.59123302502966 size: 0.0
1828000 : 4.515048494315755 size: 0.0
1829000 : 4.5919742702548785 size: 0.0
1830000 : 4.602906519439624 size: 0.0
1831000 : 4.299621649983794 size: 0.0
1832000 : 4.506143920584682 size: 0.0
1833000 : 4.624677115281743 size: 0.0
1834000 : 4.618412475241415 size: 0.0
1835000 : 4.545182262504031 size: 0.0
1836000 : 4.607007273766797 size: 0.0
1837000 : 4.4859352711776985 size: 0.0
1838000 : 4.579112031762151 size: 0.0
1839000 : 4.645704402106834 size: 0.0
1840000 : 4.589998877527068 size: 0.0
1841000 : 4.473672564205879 size: 0.0
1842000 : 4.631284344762591 size: 0.0
1843000 : 4.607709994878222 size: 0.0
1844000 : 4.496038563985286 size: 0.0
1845000 : 4.485448904241059 size: 0.0
1846000 : 4.482486675062598 size: 0.0
1847000 : 4.342150207819753 size: 0.0
1848000 : 4.456501816343736 size: 0.0
1849000 : 4.342269907744753 size: 0.0
1850000 : 4.495084404238298 size: 0.0
1851000 : 4.4826252930791926 size: 0.0
1852000 : 4.297484249598871 size: 0.0
1853000 : 4.434570932671012 size: 0.0
1854000 : 4.525812888433258 size: 0.0
1855000 : 4.608288200550423 size: 0.0
1856000 : 4.595828057495413 size: 0.0
1857000 : 4.5223436544000535 size: 0.0
1858000 : 4.511445113814878 size: 0.0
1859000 : 4.514044803565319 size: 0.0
1860000 : 4.495764079674508 size: 0.0
1861000 : 4.221916448670959 size: 0.0
1862000 : 4.506069968044811 size: 0.0
1863000 : 4.493386935474282 size: 0.0
1864000 : 4.456952066923694 size: 0.0
1865000 : 4.497707139663956 size: 0.0
1866000 : 4.494288124564804 size: 0.0
1867000 : 4.549855031127973 size: 0.0
1868000 : 4.528014266364302 size: 0.0
1869000 : 4.503178939683807 size: 0.0
1870000 : 4.45524083954761 size: 0.0
1871000 : 4.366141443649813 size: 0.0
1872000 : 4.381473696974232 size: 0.0
1873000 : 4.507760901468094 size: 0.0
1874000 : 4.4677288437920595 size: 0.0
1875000 : 4.488387743779002 size: 0.0
1876000 : 4.459393876600645 size: 0.0
1877000 : 4.3963587954064085 size: 0.0
1878000 : 4.552124170223458 size: 0.0
1879000 : 4.651298309808798 size: 0.0
1880000 : 4.555918451466793 size: 0.0
1881000 : 4.489450252596033 size: 0.0
1882000 : 4.503771247933379 size: 0.0
1883000 : 4.497872586974086 size: 0.0
1884000 : 4.3788079658858585 size: 0.0
1885000 : 4.4905736432714685 size: 0.0
1886000 : 4.404447483441788 size: 0.0
1887000 : 4.672611431799622 size: 0.0
1888000 : 4.564810986412305 size: 0.0
1889000 : 4.220107879114487 size: 0.0
1890000 : 4.502850108855357 size: 0.0
1891000 : 4.409844642991165 size: 0.0
1892000 : 4.494180463425363 size: 0.0
1893000 : 4.384825294874246 size: 0.0
1894000 : 4.634779720158726 size: 0.0
1895000 : 4.5554365560790755 size: 0.0
1896000 : 4.536085756134595 size: 0.0
1897000 : 4.506535697063348 size: 0.0
1898000 : 4.412584326619409 size: 0.0
1899000 : 4.4540878678562255 size: 0.0
1900000 : 4.33330548405118 size: 0.0
1901000 : 4.350138114021727 size: 0.0
1902000 : 4.458195845454735 size: 0.0
1903000 : 4.603845544713335 size: 0.0
1904000 : 4.444949397719979 size: 0.0
1905000 : 4.426225646520545 size: 0.0
1906000 : 4.625176208934548 size: 0.0
1907000 : 4.56066792435302 size: 0.0
1908000 : 4.473416310056093 size: 0.0
1909000 : 4.74284054727945 size: 0.0
1910000 : 4.426205696533045 size: 0.0
1911000 : 4.566721369698089 size: 0.0
1912000 : 4.555635024058171 size: 0.0
1913000 : 4.527669269166672 size: 0.0
1914000 : 4.555083991644806 size: 0.0
1915000 : 4.529819396267758 size: 0.0
1916000 : 4.360013701799571 size: 0.0
1917000 : 4.402898951653419 size: 0.0
1918000 : 4.299678404258579 size: 0.0
1919000 : 4.490023986719311 size: 0.0
1920000 : 4.399981437964183 size: 0.0
1921000 : 4.492731681574495 size: 0.0
1922000 : 4.418208503267924 size: 0.0
1923000 : 4.424589059614934 size: 0.0
1924000 : 4.497127214165246 size: 0.0
1925000 : 4.4453122811133 size: 0.0
1926000 : 4.544293800129673 size: 0.0
1927000 : 4.568703985697236 size: 0.0
1928000 : 4.759651507435988 size: 0.0
1929000 : 4.457518921740938 size: 0.0
1930000 : 4.4209182619149185 size: 0.0
1931000 : 4.4621356240207 size: 0.0
1932000 : 4.563604356133852 size: 0.0
1933000 : 4.5481733847678365 size: 0.0
1934000 : 4.399043100621075 size: 0.0
1935000 : 4.554167324115707 size: 0.0
1936000 : 4.3944174552434685 size: 0.0
1937000 : 4.447181732528178 size: 0.0
1938000 : 4.738544764626199 size: 0.0
1939000 : 4.343664343077949 size: 0.0
1940000 : 4.6960175826514465 size: 0.0
1941000 : 4.526091844292957 size: 0.0
1942000 : 4.507065403628005 size: 0.0
1943000 : 4.56594813569981 size: 0.0
1944000 : 4.58040740508845 size: 0.0
1945000 : 4.4309249004727205 size: 0.0
1946000 : 4.498540567590037 size: 0.0
1947000 : 4.630107639465388 size: 0.0
1948000 : 4.515899808437526 size: 0.0
1949000 : 4.4915969400441025 size: 0.0
1950000 : 4.511500148263154 size: 0.0
1951000 : 4.470688665213409 size: 0.0
1952000 : 4.538317403012191 size: 0.0
1953000 : 4.314919162812739 size: 0.0
last series
Last encode part don't need inference.
539.318621635437
36800.40171146393 
