FLAGS.seq_len change from 16 to 64 due to FLAGS.vocab_dim = 64 and FLAGS.hidden_dim = 256.
SLiMPerformer(
  (input_map): Embedding(256, 32)
  (output_logit_map): Linear(in_features=256, out_features=256, bias=True)
  (layers): ModuleList(
    (0): SLiMPerformerLayer(
      (attention): MultiHeadAttention(
        (q_map): Linear(in_features=256, out_features=256, bias=True)
        (k_map): Linear(in_features=256, out_features=256, bias=True)
        (v_map): Linear(in_features=256, out_features=256, bias=True)
      )
      (U_map): Linear(in_features=256, out_features=4096, bias=True)
      (V_map): Linear(in_features=4096, out_features=256, bias=True)
      (layernorm1): LayerNorm((256,), eps=1e-05, elementwise_affine=True)
      (layernorm2): LayerNorm((256,), eps=1e-05, elementwise_affine=True)
    )
  )
)
1953060
0 : 8.455518774502746 size: 0.0
1000 : 2.4967201257349836 size: 0.0
2000 : 2.3199556692475856 size: 0.0
3000 : 2.2062314534339498 size: 0.0
4000 : 2.183717032626849 size: 0.0
5000 : 2.296783930748887 size: 0.0
6000 : 2.2610990785387117 size: 0.0
7000 : 2.1012234903486924 size: 0.0
8000 : 2.1025422533155083 size: 0.0
9000 : 2.161306145375567 size: 0.0
10000 : 2.07557743745203 size: 0.0
11000 : 2.262272172200247 size: 0.0
12000 : 2.0811955947077654 size: 0.0
13000 : 2.0410546720137352 size: 0.0
14000 : 2.055900042453562 size: 0.0
15000 : 2.116287106772464 size: 0.0
16000 : 1.9739618321550414 size: 0.0
17000 : 2.002421349237168 size: 0.0
18000 : 2.0795509246175645 size: 0.0
19000 : 2.2209896286697894 size: 0.0
20000 : 1.9524203172038712 size: 0.0
21000 : 2.0054384408812544 size: 0.0
22000 : 2.038657233860708 size: 0.0
23000 : 1.9337804935380583 size: 0.0
24000 : 2.006776465904967 size: 0.0
25000 : 2.0587546104925827 size: 0.0
26000 : 1.9190125152911197 size: 0.0
27000 : 2.0482297882077316 size: 0.0
28000 : 2.107080531506476 size: 0.0
29000 : 1.9367360153931357 size: 0.0
30000 : 2.101494363023801 size: 0.0
31000 : 1.9514407040245567 size: 0.0
32000 : 2.049899223799657 size: 0.0
33000 : 1.9764602241241256 size: 0.0
34000 : 1.7782773922635748 size: 0.0
35000 : 2.0500276948398515 size: 0.0
36000 : 2.0212973050826157 size: 0.0
37000 : 2.0165856683795784 size: 0.0
38000 : 1.988929310276981 size: 0.0
39000 : 1.9441697934940296 size: 0.0
40000 : 1.845092652123776 size: 0.0
41000 : 2.124957956081014 size: 0.0
42000 : 1.8134929038195453 size: 0.0
43000 : 1.8610691524583274 size: 0.0
44000 : 1.9845358414780396 size: 0.0
45000 : 1.81027665626576 size: 0.0
46000 : 1.8411365352059788 size: 0.0
47000 : 1.9436896179328207 size: 0.0
48000 : 1.7613212787497088 size: 0.0
49000 : 1.7936043141258176 size: 0.0
50000 : 1.8592831126291172 size: 0.0
51000 : 1.9215110792428547 size: 0.0
52000 : 1.997252754630788 size: 0.0
53000 : 2.2119975157694274 size: 0.0
54000 : 1.8259072994894263 size: 0.0
55000 : 1.998284650535965 size: 0.0
56000 : 2.050441657080478 size: 0.0
57000 : 1.8967411059696877 size: 0.0
58000 : 1.9202628291628925 size: 0.0
59000 : 2.068059903800166 size: 0.0
60000 : 1.9195379222895057 size: 0.0
61000 : 1.8650128866252627 size: 0.0
62000 : 2.1151078217354975 size: 0.0
63000 : 1.8973263629305739 size: 0.0
64000 : 1.8545738836831918 size: 0.0
65000 : 1.9348306196042266 size: 0.0
66000 : 1.910823561370287 size: 0.0
67000 : 1.9170599962558743 size: 0.0
68000 : 2.0238448840898466 size: 0.0
69000 : 1.8885378774888335 size: 0.0
70000 : 1.8524956453301655 size: 0.0
71000 : 1.8382671766589838 size: 0.0
72000 : 1.9637756437097391 size: 0.0
73000 : 1.7372352804790234 size: 0.0
74000 : 1.879340933251294 size: 0.0
75000 : 1.810301593750135 size: 0.0
76000 : 1.6699807769285187 size: 0.0
77000 : 1.8582369421639187 size: 0.0
78000 : 2.011374766041086 size: 0.0
79000 : 2.0249189157444847 size: 0.0
80000 : 1.7153743937452008 size: 0.0
81000 : 1.8580651314957068 size: 0.0
82000 : 1.8482191247338111 size: 0.0
83000 : 1.8071022004961341 size: 0.0
84000 : 1.8663705176711736 size: 0.0
85000 : 1.7615658380792358 size: 0.0
86000 : 1.7750685399637767 size: 0.0
87000 : 1.7648981739223535 size: 0.0
88000 : 1.9154435313204148 size: 0.0
89000 : 1.767477397737343 size: 0.0
90000 : 1.9142496277581251 size: 0.0
91000 : 1.7161649979912172 size: 0.0
92000 : 1.8841507720479742 size: 0.0
93000 : 1.80594527320378 size: 0.0
94000 : 1.9988573527633382 size: 0.0
95000 : 1.9788057235165926 size: 0.0
96000 : 1.8338884983680166 size: 0.0
97000 : 1.8179666885164396 size: 0.0
98000 : 1.8173210656451004 size: 0.0
99000 : 1.8467027537011536 size: 0.0
100000 : 1.8070664281047546 size: 0.0
101000 : 2.122825887158268 size: 0.0
102000 : 1.7841421726406475 size: 0.0
103000 : 1.8377630955093047 size: 0.0
104000 : 1.7788617893112066 size: 0.0
105000 : 1.9184834966570659 size: 0.0
106000 : 1.8781972486230563 size: 0.0
107000 : 1.8468635574797103 size: 0.0
108000 : 1.9262213400846853 size: 0.0
109000 : 1.8630245951986377 size: 0.0
110000 : 1.9751191034126974 size: 0.0
111000 : 1.9514783682250956 size: 0.0
112000 : 1.8278094276079688 size: 0.0
113000 : 1.84659836023208 size: 0.0
114000 : 1.8697721625225892 size: 0.0
115000 : 1.8475855406480324 size: 0.0
116000 : 1.902379557178225 size: 0.0
117000 : 1.6710549805658077 size: 0.0
118000 : 1.7952441687017944 size: 0.0
119000 : 1.9095357552806265 size: 0.0
120000 : 1.7345831360200679 size: 0.0
121000 : 1.7890011984754743 size: 0.0
122000 : 1.8934055024562035 size: 0.0
123000 : 1.9564350802056127 size: 0.0
124000 : 1.8373171444956176 size: 0.0
125000 : 1.9894086259249355 size: 0.0
126000 : 1.7658822586505905 size: 0.0
127000 : 2.0374487117730946 size: 0.0
128000 : 1.8695174562166612 size: 0.0
129000 : 1.8979554754674302 size: 0.0
130000 : 1.9076594245597132 size: 0.0
131000 : 1.9835503808885957 size: 0.0
132000 : 1.9601671037293356 size: 0.0
133000 : 1.9264251395259577 size: 0.0
134000 : 1.9279451221942832 size: 0.0
135000 : 1.8143366507046783 size: 0.0
136000 : 1.7154203131129813 size: 0.0
137000 : 1.8958020806959768 size: 0.0
138000 : 1.7173441110455325 size: 0.0
139000 : 2.0003976293844654 size: 0.0
140000 : 2.004981482977912 size: 0.0
141000 : 1.8414543591447734 size: 0.0
142000 : 1.9655874809365788 size: 0.0
143000 : 1.8009751465764958 size: 0.0
144000 : 1.8216194280381146 size: 0.0
145000 : 1.7553576083483902 size: 0.0
146000 : 1.9120076619214776 size: 0.0
147000 : 1.7658475181551163 size: 0.0
148000 : 1.828784569238361 size: 0.0
149000 : 1.6710995240723812 size: 0.0
150000 : 1.9177591057316317 size: 0.0
151000 : 1.8036959121131453 size: 0.0
152000 : 1.8976522700539589 size: 0.0
153000 : 1.9584536405787893 size: 0.0
154000 : 1.8780844280040903 size: 0.0
155000 : 1.8447378519150461 size: 0.0
156000 : 1.8854839815574627 size: 0.0
157000 : 1.8049357350432154 size: 0.0
158000 : 1.815471392235071 size: 0.0
159000 : 1.8652583058680439 size: 0.0
160000 : 1.8219835153099913 size: 0.0
161000 : 1.9773185895345817 size: 0.0
162000 : 1.7930187131996296 size: 0.0
163000 : 1.7156552414140598 size: 0.0
164000 : 1.7062410830884807 size: 0.0
165000 : 1.6834817589865507 size: 0.0
166000 : 1.8499030068684088 size: 0.0
167000 : 1.8972727043435047 size: 0.0
168000 : 1.8620656199374266 size: 0.0
169000 : 1.904488064477803 size: 0.0
170000 : 1.8150892467848538 size: 0.0
171000 : 1.774356015841252 size: 0.0
172000 : 1.8456577871145112 size: 0.0
173000 : 1.897597063623032 size: 0.0
174000 : 1.7942802059437084 size: 0.0
175000 : 2.0016224898239106 size: 0.0
176000 : 1.8025671899755327 size: 0.0
177000 : 1.7959044100984567 size: 0.0
178000 : 1.898622424187476 size: 0.0
179000 : 1.9393021685266596 size: 0.0
180000 : 1.7962533628970574 size: 0.0
181000 : 2.1031173632999933 size: 0.0
182000 : 1.8400425535638405 size: 0.0
183000 : 1.9288268772452568 size: 0.0
184000 : 1.7277874135538749 size: 0.0
185000 : 1.8300955929858882 size: 0.0
186000 : 1.7505271316336064 size: 0.0
187000 : 1.7758462455109782 size: 0.0
188000 : 1.8179952376364827 size: 0.0
189000 : 1.697825112068509 size: 0.0
190000 : 1.947231944592642 size: 0.0
191000 : 1.7775559250432054 size: 0.0
192000 : 1.6578885047637035 size: 0.0
193000 : 1.989637362850583 size: 0.0
194000 : 1.7829456893385949 size: 0.0
195000 : 1.7562178655680059 size: 0.0
196000 : 1.8799284259866413 size: 0.0
197000 : 1.8521769614781167 size: 0.0
198000 : 1.8133412151214843 size: 0.0
199000 : 1.812895092125146 size: 0.0
200000 : 1.7849339807652198 size: 0.0
201000 : 1.6773892735797358 size: 0.0
202000 : 1.8880202097097365 size: 0.0
203000 : 1.8048832803347021 size: 0.0
204000 : 1.6414137706896026 size: 0.0
205000 : 1.6696022431139694 size: 0.0
206000 : 1.9347594187867694 size: 0.0
207000 : 1.8298706396785598 size: 0.0
208000 : 1.8412586428880915 size: 0.0
209000 : 1.804031106299677 size: 0.0
210000 : 1.6771135853904027 size: 0.0
211000 : 1.6909583607675096 size: 0.0
212000 : 1.7567381130868658 size: 0.0
213000 : 1.7155812888741888 size: 0.0
214000 : 1.9974591338118235 size: 0.0
215000 : 1.7554527147543173 size: 0.0
216000 : 1.7894012301213813 size: 0.0
217000 : 1.8070055462463492 size: 0.0
218000 : 1.7672596677013508 size: 0.0
219000 : 1.7891350009778457 size: 0.0
220000 : 1.7522297598771481 size: 0.0
221000 : 1.8298061461844861 size: 0.0
222000 : 1.8289286906997841 size: 0.0
223000 : 1.7688245378415515 size: 0.0
224000 : 1.9358478969840802 size: 0.0
225000 : 1.918980870483361 size: 0.0
226000 : 1.7614373670390413 size: 0.0
227000 : 1.8196149702423088 size: 0.0
228000 : 1.9693836539890734 size: 0.0
229000 : 1.6979762848186175 size: 0.0
230000 : 1.8497262087033217 size: 0.0
231000 : 1.9106854593016442 size: 0.0
232000 : 2.004332248470905 size: 0.0
233000 : 1.9451088187677406 size: 0.0
234000 : 1.8190799322154745 size: 0.0
235000 : 1.7557947882468834 size: 0.0
236000 : 1.8212027140750742 size: 0.0
237000 : 1.7262571119264978 size: 0.0
238000 : 1.8644890274707344 size: 0.0
239000 : 1.667054320141437 size: 0.0
240000 : 1.627324092017667 size: 0.0
241000 : 1.8726408331389808 size: 0.0
242000 : 1.8670579323266723 size: 0.0
243000 : 1.7854311826088642 size: 0.0
244000 : 1.858330500725988 size: 0.0
245000 : 1.8170450334904658 size: 0.0
246000 : 1.72132619734361 size: 0.0
247000 : 1.7583999814421531 size: 0.0
248000 : 1.7611138676727682 size: 0.0
249000 : 1.6863942851789124 size: 0.0
250000 : 1.8241498087802592 size: 0.0
251000 : 1.8997225972050455 size: 0.0
252000 : 1.7249892558243372 size: 0.0
253000 : 1.9794485946655176 size: 0.0
254000 : 1.7858143599549865 size: 0.0
255000 : 1.8028299794660512 size: 0.0
256000 : 1.8371964126747118 size: 0.0
257000 : 1.7465832254840203 size: 0.0
258000 : 1.6670333382580318 size: 0.0
259000 : 1.666196986626886 size: 0.0
260000 : 1.972954701751589 size: 0.0
261000 : 1.7685560729235545 size: 0.0
262000 : 1.8360111082449655 size: 0.0
263000 : 1.7756338469371626 size: 0.0
264000 : 1.6134585067398057 size: 0.0
265000 : 1.894018104658577 size: 0.0
266000 : 1.874697573660649 size: 0.0
267000 : 1.780412212908735 size: 0.0
268000 : 1.7176292582806632 size: 0.0
269000 : 1.7653367296820537 size: 0.0
270000 : 1.7528215521787671 size: 0.0
271000 : 1.8959742353294906 size: 0.0
272000 : 1.7175116221474729 size: 0.0
273000 : 1.907732345203679 size: 0.0
274000 : 1.6297466396377205 size: 0.0
275000 : 1.8750783432496594 size: 0.0
276000 : 1.8218718985695812 size: 0.0
277000 : 1.928682583801183 size: 0.0
278000 : 1.749739107127353 size: 0.0
279000 : 1.8010950184841472 size: 0.0
280000 : 1.9519999916051625 size: 0.0
281000 : 1.791675700679042 size: 0.0
282000 : 1.8242860190397425 size: 0.0
283000 : 1.7891241660708412 size: 0.0
284000 : 1.8967079133180713 size: 0.0
285000 : 1.8295533316877177 size: 0.0
286000 : 1.6454959508904823 size: 0.0
287000 : 1.8049603285622888 size: 0.0
288000 : 1.7730670058730351 size: 0.0
289000 : 1.781897627064237 size: 0.0
290000 : 1.667779055032173 size: 0.0
291000 : 1.9441410723913357 size: 0.0
292000 : 1.7748081582303703 size: 0.0
293000 : 1.8492625434765957 size: 0.0
294000 : 1.7528231000226249 size: 0.0
295000 : 1.7341377009543333 size: 0.0
296000 : 1.6970563496191522 size: 0.0
297000 : 1.7097170244450688 size: 0.0
298000 : 1.7126771898317195 size: 0.0
299000 : 1.8537678009985978 size: 0.0
300000 : 1.7783726706521528 size: 0.0
301000 : 1.7809039113075518 size: 0.0
302000 : 1.606583500271565 size: 0.0
303000 : 1.9269305965368435 size: 0.0
304000 : 1.7448059567700043 size: 0.0
305000 : 2.0106646496756735 size: 0.0
306000 : 1.7038629069923497 size: 0.0
307000 : 1.8284203099838336 size: 0.0
308000 : 1.758953249629979 size: 0.0
309000 : 1.8175984736609423 size: 0.0
310000 : 1.783439623511873 size: 0.0
311000 : 1.7733848298118298 size: 0.0
312000 : 1.8300629162822244 size: 0.0
313000 : 1.827034645765832 size: 0.0
314000 : 1.7108920099157634 size: 0.0
315000 : 1.9639391992107096 size: 0.0
316000 : 1.855047695886319 size: 0.0
317000 : 1.7727127216122578 size: 0.0
318000 : 1.6802412618789937 size: 0.0
319000 : 1.751472864230701 size: 0.0
320000 : 1.6802997359802871 size: 0.0
321000 : 1.6268972310782255 size: 0.0
322000 : 1.7234075313843518 size: 0.0
323000 : 1.777191665788678 size: 0.0
324000 : 1.9628546766143686 size: 0.0
325000 : 1.8251486840164703 size: 0.0
326000 : 1.7092777807547652 size: 0.0
327000 : 1.8324524432333122 size: 0.0
328000 : 1.8650608697848532 size: 0.0
329000 : 1.846544357679709 size: 0.0
330000 : 1.7678287582930559 size: 0.0
331000 : 1.8064349078107864 size: 0.0
332000 : 1.7662582127253765 size: 0.0
333000 : 1.7122350224363512 size: 0.0
334000 : 1.8424470430055535 size: 0.0
335000 : 1.8384018390746093 size: 0.0
336000 : 1.7902683666470316 size: 0.0
337000 : 1.7290743597302813 size: 0.0
338000 : 1.737888814552302 size: 0.0
339000 : 1.8281943247805998 size: 0.0
340000 : 1.9048550754547442 size: 0.0
341000 : 1.8760106611999865 size: 0.0
342000 : 1.886154197947875 size: 0.0
343000 : 1.8553029181401992 size: 0.0
344000 : 1.7982499094909237 size: 0.0
345000 : 1.7666714870354 size: 0.0
346000 : 1.8552177867280222 size: 0.0
347000 : 1.6990406854448072 size: 0.0
348000 : 1.806990755738375 size: 0.0
349000 : 1.9211552471382196 size: 0.0
350000 : 1.7857326681958268 size: 0.0
351000 : 1.8547678801133651 size: 0.0
352000 : 1.666913982298333 size: 0.0
353000 : 1.9189750230732316 size: 0.0
354000 : 1.806616005542145 size: 0.0
355000 : 1.6948852406346602 size: 0.0
356000 : 1.6686307131192455 size: 0.0
357000 : 1.9370963190466932 size: 0.0
358000 : 1.6552318887558257 size: 0.0
359000 : 1.9466563186602042 size: 0.0
360000 : 1.7857416112936717 size: 0.0
361000 : 1.8147267073568352 size: 0.0
362000 : 1.8185674239159033 size: 0.0
363000 : 1.731325096682123 size: 0.0
364000 : 1.5675215967290477 size: 0.0
365000 : 1.7085141777849342 size: 0.0
366000 : 1.7416216979892793 size: 0.0
367000 : 1.804205496707652 size: 0.0
368000 : 1.7982712353396306 size: 0.0
369000 : 1.885845833054878 size: 0.0
370000 : 1.83540005388645 size: 0.0
371000 : 1.7154313200026365 size: 0.0
372000 : 1.831512558046347 size: 0.0
373000 : 1.62278994141032 size: 0.0
374000 : 1.7143720788559724 size: 0.0
375000 : 1.741593320851887 size: 0.0
376000 : 1.8482373548948026 size: 0.0
377000 : 1.764920187701664 size: 0.0
378000 : 1.782664841669736 size: 0.0
379000 : 1.7973831169305752 size: 0.0
380000 : 1.6022091215468692 size: 0.0
381000 : 1.8253791407686266 size: 0.0
382000 : 1.7088559073121987 size: 0.0
383000 : 1.8279628361325386 size: 0.0
384000 : 1.6684915791546975 size: 0.0
385000 : 1.7628940600918492 size: 0.0
386000 : 1.7653210792608252 size: 0.0
387000 : 1.9152478150637329 size: 0.0
388000 : 1.7431568151308807 size: 0.0
389000 : 1.9526039946749927 size: 0.0
390000 : 1.8441384923767892 size: 0.0
391000 : 1.6763900543782229 size: 0.0
392000 : 1.735936811465009 size: 0.0
393000 : 1.795455191414403 size: 0.0
394000 : 1.961177157837853 size: 0.0
395000 : 1.8982191248712028 size: 0.0
396000 : 1.7288000474021552 size: 0.0
397000 : 1.7252112854266008 size: 0.0
398000 : 1.7516587774762837 size: 0.0
399000 : 1.9960084601517958 size: 0.0
400000 : 1.7519024768925562 size: 0.0
401000 : 1.8503988328508463 size: 0.0
402000 : 1.6088751690943117 size: 0.0
403000 : 1.7354507884936707 size: 0.0
404000 : 1.7430426186507078 size: 0.0
405000 : 1.7574630199602526 size: 0.0
406000 : 1.9156485346402432 size: 0.0
407000 : 1.758131860489458 size: 0.0
408000 : 1.8291722181334058 size: 0.0
409000 : 1.8580254035033574 size: 0.0
410000 : 1.9537426918063554 size: 0.0
411000 : 1.7600953864143587 size: 0.0
412000 : 1.716410933181951 size: 0.0
413000 : 1.7601832695489497 size: 0.0
414000 : 1.8047145653542058 size: 0.0
415000 : 1.6649263788023114 size: 0.0
416000 : 1.6252912570844686 size: 0.0
417000 : 1.7080800935741565 size: 0.0
418000 : 1.8361392353198582 size: 0.0
419000 : 1.7898495888921806 size: 0.0
420000 : 1.7463082252252908 size: 0.0
421000 : 1.7904162717267735 size: 0.0
422000 : 1.757092913295596 size: 0.0
423000 : 1.6852877488032612 size: 0.0
424000 : 1.701972129728764 size: 0.0
425000 : 1.8252365671510613 size: 0.0
426000 : 1.8312262069326604 size: 0.0
427000 : 1.7566829066559388 size: 0.0
428000 : 1.763215323683661 size: 0.0
429000 : 1.7792465145011869 size: 0.0
430000 : 1.8771574415159398 size: 0.0
431000 : 1.8097615682264259 size: 0.0
432000 : 1.8569197270409605 size: 0.0
433000 : 1.9195057615337943 size: 0.0
434000 : 1.793214945404264 size: 0.0
435000 : 1.7793570993456915 size: 0.0
436000 : 1.810227469227613 size: 0.0
437000 : 1.7355376397323565 size: 0.0
438000 : 1.8196564180611665 size: 0.0
439000 : 1.6808057089391255 size: 0.0
440000 : 1.79111520921988 size: 0.0
441000 : 1.801490062633179 size: 0.0
442000 : 1.7237324066118316 size: 0.0
443000 : 1.744652032297482 size: 0.0
444000 : 1.850796628722292 size: 0.0
445000 : 1.6032795415658394 size: 0.0
446000 : 1.7041136576973077 size: 0.0
447000 : 1.7968626974290642 size: 0.0
448000 : 1.7859672525316037 size: 0.0
449000 : 1.9118177930749252 size: 0.0
450000 : 1.715853021462552 size: 0.0
451000 : 1.8516479428440629 size: 0.0
452000 : 1.7868139231218012 size: 0.0
453000 : 1.8040644709339444 size: 0.0
454000 : 1.7801332570490354 size: 0.0
455000 : 1.517816202872584 size: 0.0
456000 : 1.8095575968025024 size: 0.0
457000 : 1.8975850248374715 size: 0.0
458000 : 1.8667927350790416 size: 0.0
459000 : 1.8382802473404494 size: 0.0
460000 : 1.7291534717496782 size: 0.0
461000 : 1.800409495637808 size: 0.0
462000 : 1.9370772289724474 size: 0.0
463000 : 1.7740108466609703 size: 0.0
464000 : 1.6932178688345452 size: 0.0
465000 : 1.7511044773925528 size: 0.0
466000 : 1.8571195708812631 size: 0.0
467000 : 1.611631707022341 size: 0.0
468000 : 1.8080317667240478 size: 0.0
469000 : 1.812140604235811 size: 0.0
470000 : 1.977582926868958 size: 0.0
471000 : 1.6360668300742778 size: 0.0
472000 : 1.7821114014992594 size: 0.0
473000 : 1.7938163687343314 size: 0.0
474000 : 1.6495612767915773 size: 0.0
475000 : 1.7785661511343736 size: 0.0
476000 : 1.7191163922626738 size: 0.0
477000 : 1.7272965750683125 size: 0.0
478000 : 1.848308039764307 size: 0.0
479000 : 1.7137467499374353 size: 0.0
480000 : 1.835053852810263 size: 0.0
481000 : 1.5816453279658542 size: 0.0
482000 : 1.651587404401392 size: 0.0
483000 : 1.887669709067278 size: 0.0
484000 : 1.9230183351950163 size: 0.0
485000 : 1.5938899767593335 size: 0.0
486000 : 1.6816730174474266 size: 0.0
487000 : 1.6851290088165147 size: 0.0
488000 : 1.8319105259004433 size: 0.0
489000 : 1.8065485883430068 size: 0.0
490000 : 1.7555731026099213 size: 0.0
491000 : 1.809283628439678 size: 0.0
492000 : 1.7041587171518338 size: 0.0
493000 : 1.901642611519278 size: 0.0
494000 : 1.7889759170257975 size: 0.0
495000 : 1.7920100349523194 size: 0.0
496000 : 1.6505780382234783 size: 0.0
497000 : 1.8740466193271332 size: 0.0
498000 : 1.840261487478389 size: 0.0
499000 : 1.6936872094887498 size: 0.0
500000 : 1.7362195509430276 size: 0.0
501000 : 1.583124722728576 size: 0.0
502000 : 1.7316298499394518 size: 0.0
503000 : 1.8176949559280762 size: 0.0
504000 : 1.8066842826545375 size: 0.0
505000 : 1.7488205477890948 size: 0.0
506000 : 1.6217847028160268 size: 0.0
507000 : 1.9202977416410176 size: 0.0
508000 : 1.683746096320927 size: 0.0
509000 : 1.7222043407589156 size: 0.0
510000 : 1.8195220996108428 size: 0.0
511000 : 1.895671717846623 size: 0.0
512000 : 1.7006213779888875 size: 0.0
513000 : 1.8334143421995879 size: 0.0
514000 : 1.576543462628009 size: 0.0
515000 : 1.7160465019447728 size: 0.0
516000 : 1.8122295192663072 size: 0.0
517000 : 1.676576483571758 size: 0.0
518000 : 1.8727103141299293 size: 0.0
519000 : 1.811342088787855 size: 0.0
520000 : 1.6377073725808582 size: 0.0
521000 : 1.7227488378315472 size: 0.0
522000 : 1.6752546249172267 size: 0.0
523000 : 1.6433145229469384 size: 0.0
524000 : 1.6939424317426302 size: 0.0
525000 : 1.828904957093965 size: 0.0
526000 : 1.88173011623708 size: 0.0
527000 : 1.9498490045908214 size: 0.0
528000 : 1.8286032995243517 size: 0.0
529000 : 1.8527866399754256 size: 0.0
530000 : 1.8206850462959772 size: 0.0
531000 : 1.921968381111499 size: 0.0
532000 : 1.6053921764490382 size: 0.0
533000 : 1.8602826757959319 size: 0.0
534000 : 1.7938012342610554 size: 0.0
535000 : 1.8337959717018524 size: 0.0
536000 : 1.8494630752475016 size: 0.0
537000 : 1.7037416592234913 size: 0.0
538000 : 1.8387045285401278 size: 0.0
539000 : 1.9370994147344087 size: 0.0
540000 : 1.8663555551805484 size: 0.0
541000 : 1.645718152475397 size: 0.0
542000 : 1.8614298000771867 size: 0.0
543000 : 1.8230095638050388 size: 0.0
544000 : 1.6663804921153564 size: 0.0
545000 : 1.8509089333933053 size: 0.0
546000 : 1.8663866840403547 size: 0.0
547000 : 1.8377238834649081 size: 0.0
548000 : 1.714277144432696 size: 0.0
549000 : 1.929416949720367 size: 0.0
550000 : 1.9271660407858746 size: 0.0
551000 : 1.7110858343632858 size: 0.0
552000 : 1.7439214499966167 size: 0.0
553000 : 1.856925402468439 size: 0.0
554000 : 1.7893811081512303 size: 0.0
555000 : 1.7395104389672875 size: 0.0
556000 : 1.596102017614731 size: 0.0
557000 : 1.8922521867995177 size: 0.0
558000 : 1.7509240675917976 size: 0.0
559000 : 1.8141782546832335 size: 0.0
560000 : 1.8074889894779247 size: 0.0
561000 : 1.696979129408915 size: 0.0
562000 : 1.6184305251762494 size: 0.0
563000 : 1.773344241906226 size: 0.0
564000 : 1.7123715766611363 size: 0.0
565000 : 1.9151594159811893 size: 0.0
566000 : 1.768307214027756 size: 0.0
567000 : 1.7047315913618577 size: 0.0
568000 : 1.841754468870529 size: 0.0
569000 : 1.740859642863306 size: 0.0
570000 : 1.7486427177281025 size: 0.0
571000 : 1.7905493862985413 size: 0.0
572000 : 1.681473173607124 size: 0.0
573000 : 1.7394724308014466 size: 0.0
574000 : 1.796251299105247 size: 0.0
575000 : 1.8046966791585162 size: 0.0
576000 : 1.806014238246776 size: 0.0
577000 : 1.6837796329378452 size: 0.0
578000 : 1.836826477992706 size: 0.0
579000 : 1.7604464030047697 size: 0.0
580000 : 1.7840854183658628 size: 0.0
581000 : 1.62081661247432 size: 0.0
582000 : 1.5886548248670695 size: 0.0
583000 : 1.862409929204454 size: 0.0
584000 : 1.9773856627684183 size: 0.0
585000 : 1.8371738829474489 size: 0.0
586000 : 1.6400848607463856 size: 0.0
587000 : 1.7112191209177046 size: 0.0
588000 : 1.7504344329847914 size: 0.0
589000 : 1.864690247172244 size: 0.0
590000 : 1.7534013056948257 size: 0.0
591000 : 1.7690101071218325 size: 0.0
592000 : 1.6801650735646616 size: 0.0
593000 : 1.6755973863403961 size: 0.0
594000 : 1.612473906063616 size: 0.0
595000 : 1.7458820522164529 size: 0.0
596000 : 1.8121478275071472 size: 0.0
597000 : 1.7106440109332193 size: 0.0
598000 : 1.8065260586157437 size: 0.0
599000 : 1.7311771916023808 size: 0.0
600000 : 1.6982817260065497 size: 0.0
601000 : 1.7986177803811192 size: 0.0
602000 : 1.7059229151843844 size: 0.0
603000 : 1.689395898384421 size: 0.0
604000 : 1.8528088257373867 size: 0.0
605000 : 1.79456156956052 size: 0.0
606000 : 1.7208559967761512 size: 0.0
607000 : 1.7956361171631108 size: 0.0
608000 : 1.7461341787826177 size: 0.0
609000 : 1.839876246340456 size: 0.0
610000 : 1.7554300130444034 size: 0.0
611000 : 1.8271665564590438 size: 0.0
612000 : 1.8120042219936767 size: 0.0
613000 : 1.7097926968114485 size: 0.0
614000 : 1.7292284561854545 size: 0.0
615000 : 1.8690307453147195 size: 0.0
616000 : 1.6362391566904424 size: 0.0
617000 : 1.6476429823038534 size: 0.0
618000 : 1.833377709894954 size: 0.0
619000 : 1.8948723424854126 size: 0.0
620000 : 1.6919027175033974 size: 0.0
621000 : 1.9226681785178596 size: 0.0
622000 : 1.6087749032088587 size: 0.0
623000 : 1.6880227888999324 size: 0.0
624000 : 1.6554594218029173 size: 0.0
625000 : 1.7989154823497628 size: 0.0
626000 : 1.6476276758479267 size: 0.0
627000 : 1.8849198784626326 size: 0.0
628000 : 1.6696270086156937 size: 0.0
629000 : 1.7383053565326918 size: 0.0
630000 : 1.7552559666017302 size: 0.0
631000 : 1.7050753846809323 size: 0.0
632000 : 1.7736622378276714 size: 0.0
633000 : 1.7222776053681832 size: 0.0
634000 : 1.8938610844983392 size: 0.0
635000 : 1.7417439776540427 size: 0.0
636000 : 1.5862553229222318 size: 0.0
637000 : 1.763344310671808 size: 0.0
638000 : 1.7213194900202264 size: 0.0
639000 : 1.813197265642712 size: 0.0
640000 : 1.7538751178979526 size: 0.0
641000 : 1.748544171669158 size: 0.0
642000 : 1.8143062097754754 size: 0.0
643000 : 1.6972620408695842 size: 0.0
644000 : 1.7339786170022853 size: 0.0
645000 : 1.87719338588997 size: 0.0
646000 : 1.7447892744528706 size: 0.0
647000 : 1.680881553288156 size: 0.0
648000 : 1.8487273334671106 size: 0.0
649000 : 1.7382702720719156 size: 0.0
650000 : 1.845345982568497 size: 0.0
651000 : 1.790431062234748 size: 0.0
652000 : 1.5619849592498214 size: 0.0
653000 : 1.7298981566279141 size: 0.0
654000 : 1.6899109864237551 size: 0.0
655000 : 1.7485348846060116 size: 0.0
656000 : 1.8154973616153514 size: 0.0
657000 : 1.7831001297590698 size: 0.0
658000 : 1.8619438562206156 size: 0.0
659000 : 1.7646641055345291 size: 0.0
660000 : 1.7265214492608738 size: 0.0
661000 : 1.6443147740443564 size: 0.0
662000 : 1.8154302883815148 size: 0.0
663000 : 1.7381141118249324 size: 0.0
664000 : 1.7738154743695902 size: 0.0
665000 : 1.7345809002456067 size: 0.0
666000 : 1.7754071738033255 size: 0.0
667000 : 1.7969698426205518 size: 0.0
668000 : 1.686392565352404 size: 0.0
669000 : 1.6382298558741795 size: 0.0
670000 : 1.8268334260643224 size: 0.0
671000 : 1.6859299320215828 size: 0.0
672000 : 1.7535172220015072 size: 0.0
673000 : 1.9390507298910982 size: 0.0
674000 : 1.7510231295986947 size: 0.0
675000 : 1.7138329132455175 size: 0.0
676000 : 1.776890696149668 size: 0.0
677000 : 1.7810887926572292 size: 0.0
678000 : 1.7735036698235758 size: 0.0
679000 : 1.7077865191891337 size: 0.0
680000 : 1.6455449659459782 size: 0.0
681000 : 1.6044739610760816 size: 0.0
682000 : 2.020268676847805 size: 0.0
683000 : 1.860010427259616 size: 0.0
684000 : 1.8202509620851994 size: 0.0
685000 : 1.745157145343066 size: 0.0
686000 : 1.6263403512547316 size: 0.0
687000 : 1.813721468762542 size: 0.0
688000 : 1.7085231208827791 size: 0.0
689000 : 1.7140848678290315 size: 0.0
690000 : 1.7073632698853605 size: 0.0
691000 : 1.7454864921194684 size: 0.0
692000 : 1.8368744611522967 size: 0.0
693000 : 1.6904222908447704 size: 0.0
694000 : 1.8773333797677725 size: 0.0
695000 : 1.8487285373456666 size: 0.0
696000 : 1.7822053040266306 size: 0.0
697000 : 1.7560625652342767 size: 0.0
698000 : 1.7509942365133497 size: 0.0
699000 : 1.6355868264957198 size: 0.0
700000 : 1.641064989873653 size: 0.0
701000 : 1.837882107503702 size: 0.0
702000 : 1.5636593823386216 size: 0.0
703000 : 1.6492499881935156 size: 0.0
704000 : 1.6722009009685066 size: 0.0
705000 : 1.7973114001651653 size: 0.0
706000 : 1.6795999385739264 size: 0.0
707000 : 1.626372512010443 size: 0.0
708000 : 1.805021382403345 size: 0.0
709000 : 1.9579106913500155 size: 0.0
710000 : 1.940335784258345 size: 0.0
711000 : 1.8489959703677583 size: 0.0
712000 : 1.615823784137122 size: 0.0
713000 : 1.7997943136956718 size: 0.0
714000 : 1.9123533470497118 size: 0.0
715000 : 1.6669088228188071 size: 0.0
716000 : 1.6927887721206425 size: 0.0
717000 : 1.711770153331069 size: 0.0
718000 : 1.6998292258990133 size: 0.0
719000 : 1.643988178990368 size: 0.0
720000 : 1.7511758501926609 size: 0.0
721000 : 1.9603518130963622 size: 0.0
722000 : 1.7045652841384733 size: 0.0
723000 : 1.7950833649232376 size: 0.0
724000 : 1.7953872582673123 size: 0.0
725000 : 1.6837546954534701 size: 0.0
726000 : 1.7706573569517965 size: 0.0
727000 : 1.6822618860439809 size: 0.0
728000 : 1.8942078015224786 size: 0.0
729000 : 1.907426560050445 size: 0.0
730000 : 1.8657986753570548 size: 0.0
731000 : 1.720922726044686 size: 0.0
732000 : 1.787634108383766 size: 0.0
733000 : 1.6600998576884975 size: 0.0
734000 : 1.9587166020519586 size: 0.0
735000 : 1.8313400594475315 size: 0.0
736000 : 1.8208733672986719 size: 0.0
737000 : 1.6568476657606819 size: 0.0
738000 : 1.756650229952275 size: 0.0
739000 : 1.639146695385929 size: 0.0
740000 : 1.8399808117921808 size: 0.0
741000 : 1.817010808942944 size: 0.0
742000 : 1.5894450851477842 size: 0.0
743000 : 1.8285145564765064 size: 0.0
744000 : 1.8068316717863269 size: 0.0
745000 : 1.9069935077355724 size: 0.0
746000 : 1.7740641612827377 size: 0.0
747000 : 1.8487183903692657 size: 0.0
748000 : 1.7735012620664639 size: 0.0
749000 : 1.8649967202560815 size: 0.0
750000 : 1.8228946793942624 size: 0.0
751000 : 1.606248650050335 size: 0.0
752000 : 1.7791335218995699 size: 0.0
753000 : 1.8696653612964031 size: 0.0
754000 : 1.7892708672720272 size: 0.0
755000 : 1.7427880843274308 size: 0.0
756000 : 1.7846686115349386 size: 0.0
757000 : 1.9392249483164223 size: 0.0
758000 : 1.7994615272662522 size: 0.0
759000 : 1.7664962367141708 size: 0.0
760000 : 1.5877405650950829 size: 0.0
761000 : 1.7306038014444043 size: 0.0
762000 : 1.6712923166239984 size: 0.0
763000 : 1.8943460755737722 size: 0.0
764000 : 1.8009127168742325 size: 0.0
765000 : 1.7060243849483934 size: 0.0
766000 : 1.9493313368117244 size: 0.0
767000 : 1.792362599386588 size: 0.0
768000 : 1.9220769021641932 size: 0.0
769000 : 1.7885110479205155 size: 0.0
770000 : 1.7583327362256658 size: 0.0
771000 : 1.7297664179173533 size: 0.0
772000 : 1.8878485710241755 size: 0.0
773000 : 1.6157424363432638 size: 0.0
774000 : 1.8457104138056752 size: 0.0
775000 : 1.86924211199263 size: 0.0
776000 : 1.7034950361021541 size: 0.0
777000 : 1.7212555124741056 size: 0.0
778000 : 1.699807040137052 size: 0.0
779000 : 1.8430764995077114 size: 0.0
780000 : 1.705542145595374 size: 0.0
781000 : 1.627308957544391 size: 0.0
782000 : 1.6731884253497609 size: 0.0
783000 : 1.6394203197834518 size: 0.0
784000 : 1.7598886632680217 size: 0.0
785000 : 1.797484930659886 size: 0.0
786000 : 1.7434497015853 size: 0.0
787000 : 1.6164042255837838 size: 0.0
788000 : 1.6314721415738271 size: 0.0
789000 : 1.6399343759268807 size: 0.0
790000 : 1.933965374887736 size: 0.0
791000 : 1.8165302894164332 size: 0.0
792000 : 1.7801114152523758 size: 0.0
793000 : 1.707569305101094 size: 0.0
794000 : 1.763907381870733 size: 0.0
795000 : 1.8024813706327523 size: 0.0
796000 : 1.68365700930778 size: 0.0
797000 : 1.8305277853875064 size: 0.0
798000 : 1.753711906362284 size: 0.0
799000 : 1.715698925007379 size: 0.0
800000 : 1.7500975189717511 size: 0.0
801000 : 1.783269016722217 size: 0.0
802000 : 1.7329364021380567 size: 0.0
803000 : 1.7654228929901359 size: 0.0
804000 : 1.7902341420995098 size: 0.0
805000 : 1.667703726631095 size: 0.0
806000 : 1.7333010053578857 size: 0.0
807000 : 1.7836716281078868 size: 0.0
808000 : 1.820782904424318 size: 0.0
809000 : 1.6262939159389989 size: 0.0
810000 : 1.8730697578702324 size: 0.0
811000 : 1.8422901948279666 size: 0.0
812000 : 1.822317333635316 size: 0.0
813000 : 1.8102033916564924 size: 0.0
814000 : 1.697212337883485 size: 0.0
815000 : 1.6435169465270039 size: 0.0
816000 : 1.6547580765526988 size: 0.0
817000 : 1.7251302815980445 size: 0.0
818000 : 1.8056847194877228 size: 0.0
819000 : 1.675904719337488 size: 0.0
820000 : 1.8081088149516342 size: 0.0
821000 : 1.8245973076378041 size: 0.0
822000 : 1.8610473106616678 size: 0.0
823000 : 1.8032092012112035 size: 0.0
824000 : 1.6928403669159013 size: 0.0
825000 : 1.7091610045348293 size: 0.0
826000 : 1.7423012014428383 size: 0.0
827000 : 1.9123650418699705 size: 0.0
828000 : 1.7548309974714482 size: 0.0
829000 : 1.7527481155868487 size: 0.0
830000 : 1.7137873378430388 size: 0.0
831000 : 1.7288339279843752 size: 0.0
832000 : 1.7863196449832215 size: 0.0
833000 : 1.7328713926960304 size: 0.0
834000 : 1.7174077446263518 size: 0.0
835000 : 1.6781630235259675 size: 0.0
836000 : 1.7310734860639105 size: 0.0
837000 : 1.8734912873474974 size: 0.0
838000 : 1.8480693278449094 size: 0.0
839000 : 1.9450290188177404 size: 0.0
840000 : 1.7173760998185932 size: 0.0
841000 : 1.5661944066123394 size: 0.0
842000 : 1.8127396198087662 size: 0.0
843000 : 1.7331993636112257 size: 0.0
844000 : 1.699871017683173 size: 0.0
845000 : 1.8185387028132092 size: 0.0
846000 : 1.840915709482271 size: 0.0
847000 : 1.795930551461388 size: 0.0
848000 : 1.793469651710192 size: 0.0
849000 : 1.7361001949833288 size: 0.0
850000 : 1.6804471251120765 size: 0.0
851000 : 1.8508270696514946 size: 0.0
852000 : 1.7936192766164425 size: 0.0
853000 : 1.6123278927930336 size: 0.0
854000 : 1.8006014282761709 size: 0.0
855000 : 1.8237924288317664 size: 0.0
856000 : 1.8388629245615724 size: 0.0
857000 : 1.7113807846095155 size: 0.0
858000 : 1.804081153251078 size: 0.0
859000 : 1.6573976662781411 size: 0.0
860000 : 1.7025276336910509 size: 0.0
861000 : 1.8214926768244288 size: 0.0
862000 : 1.6766148357029005 size: 0.0
863000 : 1.871918506005357 size: 0.0
864000 : 1.6972579132859635 size: 0.0
865000 : 1.8800448582412754 size: 0.0
866000 : 1.7803810840489287 size: 0.0
867000 : 1.6392989000319427 size: 0.0
868000 : 1.687624649063185 size: 0.0
869000 : 1.7197157518009307 size: 0.0
870000 : 1.6716392056307887 size: 0.0
871000 : 1.79502798650966 size: 0.0
872000 : 1.6791204509433209 size: 0.0
873000 : 1.7919661793763493 size: 0.0
874000 : 1.7970126663006167 size: 0.0
875000 : 1.6091940249290115 size: 0.0
876000 : 1.718103242466441 size: 0.0
877000 : 1.6894591879999385 size: 0.0
878000 : 1.637132262596373 size: 0.0
879000 : 1.7891451479542466 size: 0.0
880000 : 1.8275784549078602 size: 0.0
881000 : 1.767846128540793 size: 0.0
882000 : 1.6431709174334679 size: 0.0
883000 : 1.6648503624706301 size: 0.0
884000 : 1.6662671555484379 size: 0.0
885000 : 1.686450007557792 size: 0.0
886000 : 1.8246796873275675 size: 0.0
887000 : 1.713867481758341 size: 0.0
888000 : 1.6661842599107222 size: 0.0
889000 : 1.8537082950013992 size: 0.0
890000 : 1.7324039438509853 size: 0.0
891000 : 1.7829948763767416 size: 0.0
892000 : 1.8832829475917203 size: 0.0
893000 : 1.7023455040637872 size: 0.0
894000 : 1.893280815034328 size: 0.0
895000 : 1.6555027614309348 size: 0.0
896000 : 1.76401246327041 size: 0.0
897000 : 1.7649956880853928 size: 0.0
898000 : 1.8770425571051634 size: 0.0
899000 : 1.6917783740468235 size: 0.0
900000 : 1.7741601276019192 size: 0.0
901000 : 1.6733868933288565 size: 0.0
902000 : 1.643066695947045 size: 0.0
903000 : 1.7109628667679189 size: 0.0
904000 : 1.6794190128252187 size: 0.0
905000 : 1.700128131746213 size: 0.0
906000 : 2.001902477579515 size: 0.0
907000 : 1.757037534882018 size: 0.0
908000 : 1.815206710935393 size: 0.0
909000 : 1.7721830150476003 size: 0.0
910000 : 1.7192028995360578 size: 0.0
911000 : 1.8709048402611714 size: 0.0
912000 : 1.7267498422212195 size: 0.0
913000 : 1.7690021959198927 size: 0.0
914000 : 1.7667192982123399 size: 0.0
915000 : 1.8215127987945798 size: 0.0
916000 : 1.8631324283207287 size: 0.0
917000 : 1.7364902516354856 size: 0.0
918000 : 1.7429504359498453 size: 0.0
919000 : 1.7908752934219265 size: 0.0
920000 : 1.792297589944562 size: 0.0
921000 : 1.8826094635309416 size: 0.0
922000 : 1.7750059382788625 size: 0.0
923000 : 1.7362897198645797 size: 0.0
924000 : 1.5716091083921042 size: 0.0
925000 : 1.703779667389332 size: 0.0
926000 : 1.8297659022441843 size: 0.0
927000 : 1.69360551772959 size: 0.0
928000 : 1.8526937693439596 size: 0.0
929000 : 1.7144611658691193 size: 0.0
930000 : 1.5854071044881763 size: 0.0
931000 : 1.6431549230469378 size: 0.0
932000 : 1.7390598444220269 size: 0.0
933000 : 1.691098354645312 size: 0.0
934000 : 1.6051699748641235 size: 0.0
935000 : 1.9445270014598717 size: 0.0
936000 : 1.6979871197256218 size: 0.0
937000 : 1.699246720660541 size: 0.0
938000 : 1.799412856176058 size: 0.0
939000 : 1.7432875219455364 size: 0.0
940000 : 1.9632627914448662 size: 0.0
941000 : 1.7798603205821162 size: 0.0
942000 : 1.6988434213442678 size: 0.0
943000 : 1.8395353767264462 size: 0.0
944000 : 1.8911262163843188 size: 0.0
945000 : 1.854224070971337 size: 0.0
946000 : 1.738474243495839 size: 0.0
947000 : 1.7432311116360535 size: 0.0
948000 : 1.7252946970122693 size: 0.0
949000 : 1.6420433991744114 size: 0.0
950000 : 1.7654197973024204 size: 0.0
951000 : 1.9642236585152366 size: 0.0
952000 : 1.7763788757807004 size: 0.0
953000 : 1.8249352535467496 size: 0.0
954000 : 1.834177429221466 size: 0.0
955000 : 1.7053999159431106 size: 0.0
956000 : 1.7478782548450174 size: 0.0
957000 : 1.637085999263291 size: 0.0
958000 : 1.6623361480976668 size: 0.0
959000 : 1.7996132159643132 size: 0.0
960000 : 1.742011926624087 size: 0.0
961000 : 1.8293247667447212 size: 0.0
962000 : 1.8556482593031318 size: 0.0
963000 : 1.7984848377920022 size: 0.0
964000 : 1.712602549361245 size: 0.0
965000 : 1.6975712656758355 size: 0.0
966000 : 1.6478589925133371 size: 0.0
967000 : 1.8101973722637121 size: 0.0
968000 : 1.8258660236532192 size: 0.0
969000 : 1.7136275659603872 size: 0.0
970000 : 1.7646967822381932 size: 0.0
971000 : 1.7860726778965825 size: 0.0
972000 : 1.761863884013181 size: 0.0
973000 : 1.6593267956728692 size: 0.0
974000 : 1.7022734433330755 size: 0.0
975000 : 1.8099627879279352 size: 0.0
976000 : 1.767581275258464 size: 0.0
977000 : 1.6969983914658116 size: 0.0
978000 : 1.7895962584474598 size: 0.0
979000 : 1.7416155066138481 size: 0.0
980000 : 1.8261613178647507 size: 0.0
981000 : 1.896559148325075 size: 0.0
982000 : 1.6000968306289722 size: 0.0
983000 : 1.8778861320076454 size: 0.0
984000 : 1.7205749771246412 size: 0.0
985000 : 1.9428087227951014 size: 0.0
986000 : 1.778984240958621 size: 0.0
987000 : 1.8937050962340067 size: 0.0
988000 : 1.7925225432518905 size: 0.0
989000 : 1.7622152445688937 size: 0.0
990000 : 1.7676160157539385 size: 0.0
991000 : 1.8141761908914231 size: 0.0
992000 : 1.8045743994937526 size: 0.0
993000 : 1.709766727431168 size: 0.0
994000 : 1.6904331257517746 size: 0.0
995000 : 1.714996891826557 size: 0.0
996000 : 1.7252001065542948 size: 0.0
997000 : 1.8516371079370584 size: 0.0
998000 : 1.7211022759321868 size: 0.0
999000 : 1.7806932325602447 size: 0.0
1000000 : 1.678818277425755 size: 0.0
1001000 : 1.6348799778006737 size: 0.0
1002000 : 1.7663335411264545 size: 0.0
1003000 : 1.8519526961013917 size: 0.0
1004000 : 1.6738459150240093 size: 0.0
1005000 : 1.8004879197266015 size: 0.0
1006000 : 1.7508576822885646 size: 0.0
1007000 : 1.7359579653310653 size: 0.0
1008000 : 1.6844462376925895 size: 0.0
1009000 : 1.8384174894958378 size: 0.0
1010000 : 1.658532407808534 size: 0.0
1011000 : 1.643837694170863 size: 0.0
1012000 : 1.5913668192885253 size: 0.0
1013000 : 1.686277164993675 size: 0.0
1014000 : 1.7568077660604653 size: 0.0
1015000 : 1.649155741700843 size: 0.0
1016000 : 1.6388794343464883 size: 0.0
1017000 : 1.6396738222108236 size: 0.0
1018000 : 1.8012023356582856 size: 0.0
1019000 : 1.8005682356245543 size: 0.0
1020000 : 1.8428470746514602 size: 0.0
1021000 : 1.8031988822521519 size: 0.0
1022000 : 1.6960260015578332 size: 0.0
1023000 : 1.965343781520306 size: 0.0
1024000 : 1.6807728602528107 size: 0.0
1025000 : 1.6023195344087233 size: 0.0
1026000 : 1.8600014841617711 size: 0.0
1027000 : 1.6169924062497347 size: 0.0
1028000 : 1.7189727867492035 size: 0.0
1029000 : 1.7441032356585788 size: 0.0
1030000 : 1.801303461456993 size: 0.0
1031000 : 1.9375918010638291 size: 0.0
1032000 : 1.7006719408882411 size: 0.0
1033000 : 1.6417501687546903 size: 0.0
1034000 : 1.6379491801879713 size: 0.0
1035000 : 1.9302510655770517 size: 0.0
1036000 : 1.8349780084612326 size: 0.0
1037000 : 1.8002720814997686 size: 0.0
1038000 : 1.898665247867541 size: 0.0
1039000 : 1.6824230337878394 size: 0.0
1040000 : 1.6063783249690855 size: 0.0
1041000 : 1.8428422591372362 size: 0.0
1042000 : 1.7197023371541635 size: 0.0
1043000 : 1.6512186735979422 size: 0.0
1044000 : 1.7323850257593905 size: 0.0
1045000 : 1.7543793710302824 size: 0.0
1046000 : 1.7078341583834227 size: 0.0
1047000 : 1.6176722536685952 size: 0.0
1048000 : 1.8035000238738126 size: 0.0
1049000 : 1.592326138515038 size: 0.0
1050000 : 1.7586223550097189 size: 0.0
1051000 : 1.8455318958140796 size: 0.0
1052000 : 1.682226629600554 size: 0.0
1053000 : 1.7949918701529786 size: 0.0
1054000 : 1.773784345509784 size: 0.0
1055000 : 1.8367483978692143 size: 0.0
1056000 : 1.7433723093924118 size: 0.0
1057000 : 1.6208473973688244 size: 0.0
1058000 : 1.6874973819015464 size: 0.0
1059000 : 1.6429217145723678 size: 0.0
1060000 : 1.8787389939732742 size: 0.0
1061000 : 1.815382305221924 size: 0.0
1062000 : 1.7351630615187774 size: 0.0
1063000 : 1.8079053594756636 size: 0.0
1064000 : 1.680767356807983 size: 0.0
1065000 : 1.8068211808446244 size: 0.0
1066000 : 1.8652474709610394 size: 0.0
1067000 : 1.9972114787945812 size: 0.0
1068000 : 1.6676316659003834 size: 0.0
1069000 : 1.7648083989786032 size: 0.0
1070000 : 1.5562909576450554 size: 0.0
1071000 : 1.6478569287215268 size: 0.0
1072000 : 1.8430307521225817 size: 0.0
1073000 : 1.6818107755507676 size: 0.0
1074000 : 1.8921811579647112 size: 0.0
1075000 : 1.7335729099289 size: 0.0
1076000 : 1.8054251976675708 size: 0.0
1077000 : 1.749757853236297 size: 0.0
1078000 : 1.7014228171419081 size: 0.0
1079000 : 1.7847650938020725 size: 0.0
1080000 : 1.7481333051162469 size: 0.0
1081000 : 1.8609828171675944 size: 0.0
1082000 : 1.6425571113525386 size: 0.0
1083000 : 1.6614715913117795 size: 0.0
1084000 : 1.902323146868742 size: 0.0
1085000 : 1.890238441940565 size: 0.0
1086000 : 1.7706544332467318 size: 0.0
1087000 : 1.7902110964242943 size: 0.0
1088000 : 1.8590031248735126 size: 0.0
1089000 : 1.8400004178143792 size: 0.0
1090000 : 1.8297421686383653 size: 0.0
1091000 : 1.8209225543368186 size: 0.0
1092000 : 1.7858499603637152 size: 0.0
1093000 : 1.8217122986695806 size: 0.0
1094000 : 1.7734154427236832 size: 0.0
1095000 : 1.6850065571691004 size: 0.0
1096000 : 1.659595432573517 size: 0.0
1097000 : 1.7995578375507353 size: 0.0
1098000 : 1.7924599415669764 size: 0.0
1099000 : 1.7574215721413946 size: 0.0
1100000 : 1.9050580149827623 size: 0.0
1101000 : 1.8081760601681216 size: 0.0
1102000 : 1.8471689986676427 size: 0.0
1103000 : 1.739775464232267 size: 0.0
1104000 : 1.7091272959352601 size: 0.0
1105000 : 1.9117209668424893 size: 0.0
1106000 : 1.8041805592232767 size: 0.0
1107000 : 1.6707132510385432 size: 0.0
1108000 : 1.791665725685292 size: 0.0
1109000 : 1.9290533783964432 size: 0.0
1110000 : 1.6758534685075308 size: 0.0
1111000 : 1.8438997804573916 size: 0.0
1112000 : 1.874204843365927 size: 0.0
1113000 : 1.7588755134717888 size: 0.0
1114000 : 1.6893241816190112 size: 0.0
1115000 : 1.6884591088851713 size: 0.0
1116000 : 1.737679339683551 size: 0.0
1117000 : 1.6907311716857198 size: 0.0
1118000 : 1.7578422417054052 size: 0.0
1119000 : 1.8069575630867585 size: 0.0
1120000 : 1.6616991243588708 size: 0.0
1121000 : 1.9232579070276683 size: 0.0
1122000 : 1.8172336984584623 size: 0.0
1123000 : 1.5991528178583863 size: 0.0
1124000 : 1.8074353308908555 size: 0.0
1125000 : 1.75086473357725 size: 0.0
1126000 : 1.7758242317316677 size: 0.0
1127000 : 1.7511225355708935 size: 0.0
1128000 : 1.7001582287101138 size: 0.0
1129000 : 1.7941947305662296 size: 0.0
1130000 : 1.8625679812605969 size: 0.0
1131000 : 1.9086354261033596 size: 0.0
1132000 : 1.7725574212785287 size: 0.0
1133000 : 1.8450094125207583 size: 0.0
1134000 : 1.8633628850728847 size: 0.0
1135000 : 1.559650122781708 size: 0.0
1136000 : 1.7881901282940054 size: 0.0
1137000 : 1.7677513661001676 size: 0.0
1138000 : 1.5947433546729148 size: 0.0
1139000 : 1.576985973988679 size: 0.0
1140000 : 1.8075431640129465 size: 0.0
1141000 : 1.7456521114122492 size: 0.0
1142000 : 1.8255058919823124 size: 0.0
1143000 : 1.8082828613943074 size: 0.0
1144000 : 1.5850480047131748 size: 0.0
1145000 : 1.743111583693704 size: 0.0
1146000 : 1.601133886013675 size: 0.0
1147000 : 1.7988797099583833 size: 0.0
1148000 : 1.8575177107180105 size: 0.0
1149000 : 1.8094648981536874 size: 0.0
1150000 : 1.8872416442492805 size: 0.0
1151000 : 1.8202009151337983 size: 0.0
1152000 : 1.7435848799488782 size: 0.0
1153000 : 1.620443066156646 size: 0.0
1154000 : 1.774645462642654 size: 0.0
1155000 : 1.9740424920182962 size: 0.0
1156000 : 1.6527254136021512 size: 0.0
1157000 : 1.8477757534598866 size: 0.0
1158000 : 1.915227521110931 size: 0.0
1159000 : 1.5377624067543507 size: 0.0
1160000 : 1.7375723664747145 size: 0.0
1161000 : 1.687410186697559 size: 0.0
1162000 : 1.7117880395267586 size: 0.0
1163000 : 1.9115249066205058 size: 0.0
1164000 : 1.8689105294417663 size: 0.0
1165000 : 1.927614571539325 size: 0.0
1166000 : 1.5825423894727546 size: 0.0
1167000 : 1.8948921204902618 size: 0.0
1168000 : 1.6985488150633397 size: 0.0
1169000 : 1.8480395748463103 size: 0.0
1170000 : 1.8199661588153706 size: 0.0
1171000 : 1.6759913985935229 size: 0.0
1172000 : 1.7809952340951598 size: 0.0
1173000 : 1.7376227573914171 size: 0.0
1174000 : 1.7884757914770886 size: 0.0
1175000 : 1.8465842576547091 size: 0.0
1176000 : 1.6422862386774297 size: 0.0
1177000 : 1.8185006946473685 size: 0.0
1178000 : 1.7410895836675098 size: 0.0
1179000 : 1.7252408664425494 size: 0.0
1180000 : 1.7805442955845976 size: 0.0
1181000 : 1.6727861579293928 size: 0.0
1182000 : 1.7497016149094649 size: 0.0
1183000 : 1.7244631608953478 size: 0.0
1184000 : 1.7291330058142256 size: 0.0
1185000 : 1.866033775640784 size: 0.0
1186000 : 1.7087570172879525 size: 0.0
1187000 : 1.6688986620892898 size: 0.0
1188000 : 1.8540739301171336 size: 0.0
1189000 : 1.5928649601601912 size: 0.0
1190000 : 1.687855277797992 size: 0.0
1191000 : 1.7551930209515143 size: 0.0
1192000 : 1.8558059673939729 size: 0.0
1193000 : 1.7289641188510783 size: 0.0
1194000 : 1.6755748566131332 size: 0.0
1195000 : 1.7447538460267928 size: 0.0
1196000 : 1.7954219987627866 size: 0.0
1197000 : 1.762024343826436 size: 0.0
1198000 : 1.6523289935919125 size: 0.0
1199000 : 1.8075142709276015 size: 0.0
1200000 : 1.8337982074763137 size: 0.0
1201000 : 1.6730494633678636 size: 0.0
1202000 : 1.774011190626272 size: 0.0
1203000 : 1.776930768107319 size: 0.0
1204000 : 1.806004263253026 size: 0.0
1205000 : 1.9007746150803733 size: 0.0
1206000 : 1.820351743918605 size: 0.0
1207000 : 1.7649435773421813 size: 0.0
1208000 : 1.6582725420230804 size: 0.0
1209000 : 1.812953050278487 size: 0.0
1210000 : 1.909759504709399 size: 0.0
1211000 : 1.9723721965131165 size: 0.0
1212000 : 1.6442370378861664 size: 0.0
1213000 : 1.793226468241872 size: 0.0
1214000 : 1.8015695186178775 size: 0.0
1215000 : 1.6671913903141746 size: 0.0
1216000 : 1.806516943535248 size: 0.0
1217000 : 1.95207325621443 size: 0.0
1218000 : 1.635787014301324 size: 0.0
1219000 : 1.8827234880284638 size: 0.0
1220000 : 1.743275483159976 size: 0.0
1221000 : 1.819776289968818 size: 0.0
1222000 : 1.7938509372471547 size: 0.0
1223000 : 1.8326990663546494 size: 0.0
1224000 : 1.6660370427615836 size: 0.0
1225000 : 1.6764660707099042 size: 0.0
1226000 : 1.8258214801466457 size: 0.0
1227000 : 1.599225910485003 size: 0.0
1228000 : 1.7811520822727467 size: 0.0
1229000 : 1.7418232616560905 size: 0.0
1230000 : 1.6424804070902537 size: 0.0
1231000 : 1.706941396442794 size: 0.0
1232000 : 1.7166745825857237 size: 0.0
1233000 : 1.6743109561119425 size: 0.0
1234000 : 1.7775497336677744 size: 0.0
1235000 : 1.6217661286897336 size: 0.0
1236000 : 1.6217996653066518 size: 0.0
1237000 : 1.8960700296660211 size: 0.0
1238000 : 1.7975396211428603 size: 0.0
1239000 : 1.7697812773283013 size: 0.0
1240000 : 1.8247785773518137 size: 0.0
1241000 : 1.7971793174893027 size: 0.0
1242000 : 1.7551142528974193 size: 0.0
1243000 : 1.8166367466773174 size: 0.0
1244000 : 1.7399250891385176 size: 0.0
1245000 : 1.8175375918025367 size: 0.0
1246000 : 1.77012386676882 size: 0.0
1247000 : 1.7233655676175412 size: 0.0
1248000 : 1.700593172834146 size: 0.0
1249000 : 1.824672808021533 size: 0.0
1250000 : 1.8036701147155159 size: 0.0
1251000 : 1.8729402549341327 size: 0.0
1252000 : 1.76479979984606 size: 0.0
1253000 : 1.749114982087372 size: 0.0
1254000 : 1.7660105577081342 size: 0.0
1255000 : 1.675260300344705 size: 0.0
1256000 : 1.6877398774392631 size: 0.0
1257000 : 1.757753326674909 size: 0.0
1258000 : 1.7165184223387402 size: 0.0
1259000 : 1.6514001152946025 size: 0.0
1260000 : 1.7188247096868106 size: 0.0
1261000 : 1.8035915186440716 size: 0.0
1262000 : 1.8389279340035987 size: 0.0
1263000 : 1.7963718589435018 size: 0.0
1264000 : 1.6325809137239395 size: 0.0
1265000 : 1.7159343692564102 size: 0.0
1266000 : 1.6864402045466929 size: 0.0
1267000 : 1.7205822003959776 size: 0.0
1268000 : 1.7898636914695514 size: 0.0
1269000 : 1.754195693559161 size: 0.0
1270000 : 1.754359936990735 size: 0.0
1271000 : 1.8520068706364134 size: 0.0
1272000 : 1.682975098097109 size: 0.0
1273000 : 1.867348926971932 size: 0.0
1274000 : 1.8487032558959897 size: 0.0
1275000 : 1.7374681449882916 size: 0.0
1276000 : 1.888598587364588 size: 0.0
1277000 : 1.7015686584298397 size: 0.0
1278000 : 1.722301510956653 size: 0.0
1279000 : 1.7425681185169772 size: 0.0
1280000 : 1.6935757647309908 size: 0.0
1281000 : 1.720466456071947 size: 0.0
1282000 : 1.6851417355326785 size: 0.0
1283000 : 1.8819174053438696 size: 0.0
1284000 : 1.696615214119689 size: 0.0
1285000 : 1.9030148610905122 size: 0.0
1286000 : 1.719324491270218 size: 0.0
1287000 : 1.727880284185341 size: 0.0
1288000 : 1.7446224512815336 size: 0.0
1289000 : 1.6230745726974978 size: 0.0
1290000 : 1.8652902946411043 size: 0.0
1291000 : 1.8315154817514117 size: 0.0
1292000 : 1.6074035135508788 size: 0.0
1293000 : 1.6698634847606302 size: 0.0
1294000 : 1.7727244164325164 size: 0.0
1295000 : 1.8994212836007338 size: 0.0
1296000 : 1.8112075983548803 size: 0.0
1297000 : 1.8635649646876487 size: 0.0
1298000 : 1.6635947171366807 size: 0.0
1299000 : 1.6987923424969615 size: 0.0
1300000 : 1.7157912796908923 size: 0.0
1301000 : 1.7534076690529075 size: 0.0
1302000 : 1.6716328422727067 size: 0.0
1303000 : 1.9370366410668438 size: 0.0
1304000 : 1.7298116493545301 size: 0.0
1305000 : 1.756059641529212 size: 0.0
1306000 : 1.8131508303269792 size: 0.0
1307000 : 1.5949077700871397 size: 0.0
1308000 : 1.7636096799020893 size: 0.0
1309000 : 1.706018709520915 size: 0.0
1310000 : 1.6489170297814453 size: 0.0
1311000 : 1.8298623845113182 size: 0.0
1312000 : 1.9501042268447017 size: 0.0
1313000 : 1.7533338884956875 size: 0.0
1314000 : 1.6263544538321024 size: 0.0
1315000 : 1.9066584855316917 size: 0.0
1316000 : 1.8060281688414959 size: 0.0
1317000 : 1.8583561261409667 size: 0.0
1318000 : 1.7591644443252383 size: 0.0
1319000 : 1.7964588821648384 size: 0.0
1320000 : 1.760704376981064 size: 0.0
1321000 : 1.866274551351992 size: 0.0
1322000 : 1.724698605144379 size: 0.0
1323000 : 1.6332024590241578 size: 0.0
1324000 : 1.7741296866727165 size: 0.0
1325000 : 1.6102585975378523 size: 0.0
1326000 : 1.7937331291313137 size: 0.0
1327000 : 1.7662159049932644 size: 0.0
1328000 : 1.6936602082125645 size: 0.0
1329000 : 1.650151005301386 size: 0.0
1330000 : 1.7251858319942732 size: 0.0
1331000 : 1.7376012595600594 size: 0.0
1332000 : 1.7458349289701163 size: 0.0
1333000 : 1.8349480834799823 size: 0.0
1334000 : 1.7784197938984894 size: 0.0
1335000 : 1.7117532990312845 size: 0.0
1336000 : 1.6154866981414306 size: 0.0
1337000 : 1.870443066843605 size: 0.0
1338000 : 1.7425010452831409 size: 0.0
1339000 : 1.67824523123308 size: 0.0
1340000 : 1.7774709656136791 size: 0.0
1341000 : 1.7148391837357158 size: 0.0
1342000 : 1.6947072385910171 size: 0.0
1343000 : 1.6340689076192045 size: 0.0
1344000 : 1.5857393749696433 size: 0.0
1345000 : 1.784532917223408 size: 0.0
1346000 : 1.672968631521958 size: 0.0
1347000 : 1.830262588139876 size: 0.0
1348000 : 1.8428126781212877 size: 0.0
1349000 : 1.916978992427318 size: 0.0
1350000 : 1.7720371737596687 size: 0.0
1351000 : 1.668152429367196 size: 0.0
1352000 : 1.7647060693013397 size: 0.0
1353000 : 1.67006676825395 size: 0.0
1354000 : 1.8065196952576619 size: 0.0
1355000 : 1.7948016573411243 size: 0.0
1356000 : 1.7649900126579143 size: 0.0
1357000 : 1.8286879149885762 size: 0.0
1358000 : 1.7553132368244675 size: 0.0
1359000 : 1.7596171026623093 size: 0.0
1360000 : 1.5575452271177979 size: 0.0
1361000 : 1.769683763165262 size: 0.0
1362000 : 1.9305300214367511 size: 0.0
1363000 : 1.6471965153422137 size: 0.0
1364000 : 1.8114026266809586 size: 0.0
1365000 : 1.7325877933047578 size: 0.0
1366000 : 1.7979056002238964 size: 0.0
1367000 : 1.7920409918294746 size: 0.0
1368000 : 1.8260854735157201 size: 0.0
1369000 : 1.7931631786263544 size: 0.0
1370000 : 1.7471550677981393 size: 0.0
1371000 : 1.5314907154253368 size: 0.0
1372000 : 1.7597961366018575 size: 0.0
1373000 : 1.787070177271587 size: 0.0
1374000 : 1.801025021545246 size: 0.0
1375000 : 1.7921262952243024 size: 0.0
1376000 : 1.6521011165795192 size: 0.0
1377000 : 1.7839208309689871 size: 0.0
1378000 : 1.8392963208417468 size: 0.0
1379000 : 1.7011313065486957 size: 0.0
1380000 : 1.6695661267572883 size: 0.0
1381000 : 1.7597510771473315 size: 0.0
1382000 : 1.850889155388456 size: 0.0
1383000 : 1.6222506038172142 size: 0.0
1384000 : 1.6465737661634394 size: 0.0
1385000 : 1.988113080615986 size: 0.0
1386000 : 1.8312397935620786 size: 0.0
1387000 : 1.8579378643340683 size: 0.0
1388000 : 1.7588920238062717 size: 0.0
1389000 : 1.8143060377928246 size: 0.0
1390000 : 1.7579521386193064 size: 0.0
1391000 : 1.8377436614697573 size: 0.0
1392000 : 1.748420172177886 size: 0.0
1393000 : 1.8500333697177627 size: 0.0
1394000 : 1.7275836141126024 size: 0.0
1395000 : 1.7773364751807044 size: 0.0
1396000 : 1.8273762033104455 size: 0.0
1397000 : 1.8215315449035239 size: 0.0
1398000 : 1.654662454198819 size: 0.0
1399000 : 1.8178882644276462 size: 0.0
1400000 : 1.7938394144095469 size: 0.0
1401000 : 1.6867802142474486 size: 0.0
1402000 : 1.687654574044435 size: 0.0
1403000 : 1.811780816530206 size: 0.0
1404000 : 1.8230412086127976 size: 0.0
1405000 : 1.823163488277561 size: 0.0
1406000 : 1.7508637016813449 size: 0.0
1407000 : 1.6925522959757062 size: 0.0
1408000 : 1.77556556982477 size: 0.0
1409000 : 1.6858172833852678 size: 0.0
1410000 : 1.7211125948912385 size: 0.0
1411000 : 1.719933481836923 size: 0.0
1412000 : 1.7955558012651578 size: 0.0
1413000 : 1.6659194066283933 size: 0.0
1414000 : 1.8280459037529053 size: 0.0
1415000 : 1.6848239115938841 size: 0.0
1416000 : 1.7515562758163694 size: 0.0
1417000 : 1.7123258292760066 size: 0.0
1418000 : 1.701549740338245 size: 0.0
1419000 : 1.7482191244590275 size: 0.0
1420000 : 1.8102224817307382 size: 0.0
1421000 : 1.8611881644527246 size: 0.0
1422000 : 1.655705528976302 size: 0.0
1423000 : 1.7526616083134647 size: 0.0
1424000 : 1.6438117247905828 size: 0.0
1425000 : 1.7393056076301099 size: 0.0
1426000 : 1.661754158807147 size: 0.0
1427000 : 1.8263078470832856 size: 0.0
1428000 : 1.665370781972141 size: 0.0
1429000 : 1.8500949395067716 size: 0.0
1430000 : 1.681164808714127 size: 0.0
1431000 : 1.6801196701448338 size: 0.0
1432000 : 1.8933597550710741 size: 0.0
1433000 : 1.7542240706965533 size: 0.0
1434000 : 1.8014032113944933 size: 0.0
1435000 : 1.6628687783673888 size: 0.0
1436000 : 1.5924043906211807 size: 0.0
1437000 : 1.7179561972999533 size: 0.0
1438000 : 1.6176858402980134 size: 0.0
1439000 : 1.7234288572330587 size: 0.0
1440000 : 1.7716753222622534 size: 0.0
1441000 : 1.712103627691092 size: 0.0
1442000 : 1.6143916846033872 size: 0.0
1443000 : 1.7002703613984764 size: 0.0
1444000 : 1.7112765631230926 size: 0.0
1445000 : 1.789002746319332 size: 0.0
1446000 : 1.7701271344391865 size: 0.0
1447000 : 1.7058654729789962 size: 0.0
1448000 : 1.5522440338876027 size: 0.0
1449000 : 1.6579153340572381 size: 0.0
1450000 : 1.6455434181021205 size: 0.0
1451000 : 1.6963854452981364 size: 0.0
1452000 : 1.7611302060246004 size: 0.0
1453000 : 1.7144044115943347 size: 0.0
1454000 : 1.8884221331648028 size: 0.0
1455000 : 1.7967196078635463 size: 0.0
1456000 : 1.744362413513429 size: 0.0
1457000 : 1.9300611967304993 size: 0.0
1458000 : 1.6349069790768591 size: 0.0
1459000 : 1.6799698732559323 size: 0.0
1460000 : 1.742446870748119 size: 0.0
1461000 : 1.778601923525753 size: 0.0
1462000 : 1.8459479218465167 size: 0.0
1463000 : 1.8078625357955986 size: 0.0
1464000 : 1.7929330658395 size: 0.0
1465000 : 1.6599682909605875 size: 0.0
1466000 : 1.8222648789268028 size: 0.0
1467000 : 1.7539077946016166 size: 0.0
1468000 : 1.5265646163566733 size: 0.0
1469000 : 1.830672594779533 size: 0.0
1470000 : 1.794843449125284 size: 0.0
1471000 : 1.6647483767586684 size: 0.0
1472000 : 1.7432758271252777 size: 0.0
1473000 : 1.6949571293827208 size: 0.0
1474000 : 1.8630674188787024 size: 0.0
1475000 : 1.909758128848192 size: 0.0
1476000 : 1.7887929274852796 size: 0.0
1477000 : 1.6888947409398067 size: 0.0
1478000 : 1.727886475560772 size: 0.0
1479000 : 1.6722408009435068 size: 0.0
1480000 : 1.8360621870922718 size: 0.0
1481000 : 1.8247589713296153 size: 0.0
1482000 : 1.7242323601778897 size: 0.0
1483000 : 1.6995461424556932 size: 0.0
1484000 : 1.7611785331494927 size: 0.0
1485000 : 1.705502245620374 size: 0.0
1486000 : 1.7487990499577368 size: 0.0
1487000 : 1.8025546352420199 size: 0.0
1488000 : 1.8595147732598294 size: 0.0
1489000 : 1.6947192773765776 size: 0.0
1490000 : 1.7180903437676263 size: 0.0
1491000 : 1.7427270304863745 size: 0.0
1492000 : 1.6974701398771281 size: 0.0
1493000 : 1.725998622002251 size: 0.0
1494000 : 1.815284619076234 size: 0.0
1495000 : 1.7451289401883245 size: 0.0
1496000 : 1.6253731208262794 size: 0.0
1497000 : 1.6016833705831817 size: 0.0
1498000 : 1.7875959282352745 size: 0.0
1499000 : 1.8726509801153817 size: 0.0
1500000 : 1.7700879223947896 size: 0.0
1501000 : 1.70710804763148 size: 0.0
1502000 : 1.8483450160342425 size: 0.0
1503000 : 1.6994357295938392 size: 0.0
1504000 : 1.7716460852116067 size: 0.0
1505000 : 1.6142338045298952 size: 0.0
1506000 : 1.740592897771818 size: 0.0
1507000 : 1.7315863383287835 size: 0.0
1508000 : 1.7329840413323456 size: 0.0
1509000 : 1.8479855722939393 size: 0.0
1510000 : 1.9568684764857869 size: 0.0
1511000 : 1.9157950638587784 size: 0.0
1512000 : 1.6802778941836276 size: 0.0
1513000 : 1.728902893027371 size: 0.0
1514000 : 1.7306495488295337 size: 0.0
1515000 : 1.7815644966695157 size: 0.0
1516000 : 1.7103038292498127 size: 0.0
1517000 : 1.7865795107686753 size: 0.0
1518000 : 1.7774568630363083 size: 0.0
1519000 : 1.827386866234799 size: 0.0
1520000 : 1.5866589662038069 size: 0.0
1521000 : 1.6837268342640304 size: 0.0
1522000 : 1.784889953206599 size: 0.0
1523000 : 1.655027229401299 size: 0.0
1524000 : 1.833233760416182 size: 0.0
1525000 : 1.71885050708444 size: 0.0
1526000 : 1.8095937131591837 size: 0.0
1527000 : 1.8720215236132238 size: 0.0
1528000 : 1.6978579607548239 size: 0.0
1529000 : 1.7981159350059015 size: 0.0
1530000 : 1.6913097213232224 size: 0.0
1531000 : 1.795169356248669 size: 0.0
1532000 : 1.8151387777883023 size: 0.0
1533000 : 1.8511669073695995 size: 0.0
1534000 : 1.6075276850248017 size: 0.0
1535000 : 1.7848254597125255 size: 0.0
1536000 : 1.708446760585796 size: 0.0
1537000 : 1.7011142802662602 size: 0.0
1538000 : 1.5559628147472093 size: 0.0
1539000 : 1.784906291558431 size: 0.0
1540000 : 1.7135563651429302 size: 0.0
1541000 : 1.938706420624071 size: 0.0
1542000 : 1.8476560535348863 size: 0.0
1543000 : 1.9465386825270141 size: 0.0
1544000 : 1.8405199774026357 size: 0.0
1545000 : 1.5810105400015195 size: 0.0
1546000 : 1.5964207014667797 size: 0.0
1547000 : 1.8862014931768623 size: 0.0
1548000 : 1.7089699318097207 size: 0.0
1549000 : 1.6319442339504455 size: 0.0
1550000 : 1.6892810139736447 size: 0.0
1551000 : 1.620043034510739 size: 0.0
1552000 : 1.836911781387534 size: 0.0
1553000 : 1.9095154613278247 size: 0.0
1554000 : 1.6860988189847301 size: 0.0
1555000 : 1.719460873512352 size: 0.0
1556000 : 1.8860743979978747 size: 0.0
1557000 : 1.7204360151427442 size: 0.0
1558000 : 1.745544450272809 size: 0.0
1559000 : 1.75401012427888 size: 0.0
1560000 : 1.571792097932622 size: 0.0
1561000 : 1.8194297449273293 size: 0.0
1562000 : 1.6748784988597896 size: 0.0
1563000 : 1.6516997090724055 size: 0.0
1564000 : 1.737644599188077 size: 0.0
1565000 : 1.6272508274083994 size: 0.0
1566000 : 1.614079880057373 size: 0.0
1567000 : 1.726289272682209 size: 0.0
1568000 : 1.8780854598999954 size: 0.0
1569000 : 1.7427330498791547 size: 0.0
1570000 : 1.6523817922657273 size: 0.0
1571000 : 1.8247345497931928 size: 0.0
1572000 : 1.8310865570201598 size: 0.0
1573000 : 1.7578792179753406 size: 0.0
1574000 : 1.7869527131210474 size: 0.0
1575000 : 1.6783362100553865 size: 0.0
1576000 : 1.6584249186517448 size: 0.0
1577000 : 1.601197863559796 size: 0.0
1578000 : 1.886500227041411 size: 0.0
1579000 : 1.7822078837663935 size: 0.0
1580000 : 1.888589988232045 size: 0.0
1581000 : 1.6877857968070433 size: 0.0
1582000 : 1.7826180623887014 size: 0.0
1583000 : 1.7203594828631101 size: 0.0
1584000 : 1.8347167668145719 size: 0.0
1585000 : 1.609756236214682 size: 0.0
1586000 : 1.7661496916726822 size: 0.0
1587000 : 1.6311431387627264 size: 0.0
1588000 : 1.774112832372932 size: 0.0
1589000 : 1.6781112567480578 size: 0.0
1590000 : 1.7637407306820467 size: 0.0
1591000 : 1.5211966938579433 size: 0.0
1592000 : 1.7309341801167117 size: 0.0
1593000 : 1.5813828824406375 size: 0.0
1594000 : 1.8434760152056655 size: 0.0
1595000 : 1.7529990382744576 size: 0.0
1596000 : 1.63948378138162 size: 0.0
1597000 : 1.813791637684094 size: 0.0
1598000 : 1.7319965169510914 size: 0.0
1599000 : 1.693688241384655 size: 0.0
1600000 : 1.976853204481347 size: 0.0
1601000 : 1.6676765533722586 size: 0.0
1602000 : 1.92607876646712 size: 0.0
1603000 : 1.87308919190978 size: 0.0
1604000 : 1.8145836177913173 size: 0.0
1605000 : 1.782451755165317 size: 0.0
1606000 : 1.6919866450370185 size: 0.0
1607000 : 1.701496769681779 size: 0.0
1608000 : 1.6716880487036336 size: 0.0
1609000 : 1.8310702186683279 size: 0.0
1610000 : 1.8567093922589553 size: 0.0
1611000 : 1.68112353287792 size: 0.0
1612000 : 1.793716618796831 size: 0.0
1613000 : 1.7408592988980045 size: 0.0
1614000 : 1.6853369358414079 size: 0.0
1615000 : 1.6497224245354358 size: 0.0
1616000 : 1.6725629244485727 size: 0.0
1617000 : 1.6303122905764083 size: 0.0
1618000 : 1.7204019625778733 size: 0.0
1619000 : 1.8000882320459963 size: 0.0
1620000 : 1.8359533220742754 size: 0.0
1621000 : 1.6515731298413705 size: 0.0
1622000 : 1.68460979319356 size: 0.0
1623000 : 1.8049629083020517 size: 0.0
1624000 : 1.6145753620745087 size: 0.0
1625000 : 1.7999076502625904 size: 0.0
1626000 : 1.632383477640749 size: 0.0
1627000 : 1.7457009544850943 size: 0.0
1628000 : 1.882120344871888 size: 0.0
1629000 : 1.7357839188883921 size: 0.0
1630000 : 1.7551452097745746 size: 0.0
1631000 : 1.657412800751417 size: 0.0
1632000 : 1.6866071997006806 size: 0.0
1633000 : 1.6689604038609496 size: 0.0
1634000 : 1.751254446264105 size: 0.0
1635000 : 1.643079250680558 size: 0.0
1636000 : 1.7094427121169427 size: 0.0
1637000 : 1.7786211855826497 size: 0.0
1638000 : 1.761353611488071 size: 0.0
1639000 : 1.7627396196713745 size: 0.0
1640000 : 1.7200072623941431 size: 0.0
1641000 : 1.8750692281691637 size: 0.0
1642000 : 1.7583291245899977 size: 0.0
1643000 : 1.718261466505235 size: 0.0
1644000 : 1.8098523750660813 size: 0.0
1645000 : 1.5782669007723051 size: 0.0
1646000 : 2.046380114797702 size: 0.0
1647000 : 1.8310500966981769 size: 0.0
1648000 : 1.739252636973644 size: 0.0
1649000 : 1.7484640277538561 size: 0.0
1650000 : 1.779514463471231 size: 0.0
1651000 : 1.7653974395578083 size: 0.0
1652000 : 1.7041839986015106 size: 0.0
1653000 : 1.773101058437906 size: 0.0
1654000 : 1.7949206693355215 size: 0.0
1655000 : 1.9062013556456983 size: 0.0
1656000 : 1.8573433203100356 size: 0.0
1657000 : 1.7413434300601833 size: 0.0
1658000 : 1.8101726067619879 size: 0.0
1659000 : 1.785168393118346 size: 0.0
1660000 : 1.8692314490682764 size: 0.0
1661000 : 1.6945514223093354 size: 0.0
1662000 : 1.6595441817435599 size: 0.0
1663000 : 1.7036508523838358 size: 0.0
1664000 : 1.6741914281695927 size: 0.0
1665000 : 1.6130316458003642 size: 0.0
1666000 : 1.7248196809305862 size: 0.0
1667000 : 1.8441297212615952 size: 0.0
1668000 : 1.9402563282736465 size: 0.0
1669000 : 1.7729634723172158 size: 0.0
1670000 : 1.6635462180291374 size: 0.0
1671000 : 1.7447302844036245 size: 0.0
1672000 : 1.85835681407157 size: 0.0
1673000 : 1.7008592299950307 size: 0.0
1674000 : 1.6821275675936571 size: 0.0
1675000 : 1.683852553581811 size: 0.0
1676000 : 1.7746110661124814 size: 0.0
1677000 : 1.6296470616828709 size: 0.0
1678000 : 1.7712634238134368 size: 0.0
1679000 : 1.8169236137389566 size: 0.0
1680000 : 1.7390837500104968 size: 0.0
1681000 : 1.7092786406680194 size: 0.0
1682000 : 1.8460285817097715 size: 0.0
1683000 : 1.8180800250833582 size: 0.0
1684000 : 1.7069580787599277 size: 0.0
1685000 : 1.8373486173207254 size: 0.0
1686000 : 1.6129790191092002 size: 0.0
1687000 : 1.7770781572391086 size: 0.0
1688000 : 1.9108883988296623 size: 0.0
1689000 : 1.740476293534533 size: 0.0
1690000 : 1.7409298117848582 size: 0.0
1691000 : 1.8978211570171062 size: 0.0
1692000 : 1.6518567292326432 size: 0.0
1693000 : 1.706334469667899 size: 0.0
1694000 : 1.7314687021955935 size: 0.0
1695000 : 1.7761482470458934 size: 0.0
1696000 : 1.7885076082674982 size: 0.0
1697000 : 1.6980136050538546 size: 0.0
1698000 : 1.68354934816834 size: 0.0
1699000 : 1.488540972077415 size: 0.0
1700000 : 1.717037809944346 size: 0.0
1701000 : 1.5307718279447302 size: 0.0
1702000 : 1.7347888272704999 size: 0.0
1703000 : 1.834653993147007 size: 0.0
1704000 : 1.8410402249214957 size: 0.0
1705000 : 1.6873640953471278 size: 0.0
1706000 : 1.9597684479446356 size: 0.0
1707000 : 1.6399316242044668 size: 0.0
1708000 : 1.7514737241439553 size: 0.0
1709000 : 1.6828249572429057 size: 0.0
1710000 : 1.7621492032309625 size: 0.0
1711000 : 1.6621473111470193 size: 0.0
1712000 : 1.792998247264177 size: 0.0
1713000 : 1.6223513856506198 size: 0.0
1714000 : 1.6690185339969412 size: 0.0
1715000 : 1.8521743817383538 size: 0.0
1716000 : 1.6255674612217543 size: 0.0
1717000 : 1.793445918104373 size: 0.0
1718000 : 1.7476620726528829 size: 0.0
1719000 : 1.8055834217063647 size: 0.0
1720000 : 1.7354678147761062 size: 0.0
1721000 : 1.675820619821216 size: 0.0
1722000 : 1.6136184506051081 size: 0.0
1723000 : 1.6246657561832805 size: 0.0
1724000 : 1.5666183438467163 size: 0.0
1725000 : 1.7573197584120839 size: 0.0
1726000 : 1.6884016666797832 size: 0.0
1727000 : 1.7794499699771575 size: 0.0
1728000 : 1.630311258680503 size: 0.0
1729000 : 1.8339505841049781 size: 0.0
1730000 : 1.7126078808234217 size: 0.0
1731000 : 1.7256080494021415 size: 0.0
1732000 : 1.7556690689291026 size: 0.0
1733000 : 1.8401823754589919 size: 0.0
1734000 : 1.8499301801272452 size: 0.0
1735000 : 1.7032709427080799 size: 0.0
1736000 : 1.6567601265913927 size: 0.0
1737000 : 1.7047228202466638 size: 0.0
1738000 : 1.583291373917262 size: 0.0
1739000 : 1.809049044103901 size: 0.0
1740000 : 1.8556523868867525 size: 0.0
1741000 : 1.6850213476770746 size: 0.0
1742000 : 1.5616059094873198 size: 0.0
1743000 : 1.6641390422266615 size: 0.0
1744000 : 1.853123038040513 size: 0.0
1745000 : 1.5501174684096841 size: 0.0
1746000 : 1.8063265587407429 size: 0.0
1747000 : 1.9488233000610755 size: 0.0
1748000 : 1.8356549321750286 size: 0.0
1749000 : 1.8503097458376994 size: 0.0
1750000 : 1.7391069676683633 size: 0.0
1751000 : 1.8729080941784215 size: 0.0
1752000 : 1.7467237353097753 size: 0.0
1753000 : 1.6716968198188276 size: 0.0
1754000 : 1.6494850884772452 size: 0.0
1755000 : 1.6060309200143426 size: 0.0
1756000 : 1.480575595602704 size: 0.0
1757000 : 1.73069065268309 size: 0.0
1758000 : 1.8027746010524732 size: 0.0
1759000 : 1.6977344772115044 size: 0.0
1760000 : 1.8432455584535095 size: 0.0
1761000 : 1.628290634515516 size: 0.0
1762000 : 1.945237289807935 size: 0.0
1763000 : 1.7293371492207996 size: 0.0
1764000 : 1.7001081817587127 size: 0.0
1765000 : 1.6417739023605094 size: 0.0
1766000 : 1.7400365338962767 size: 0.0
1767000 : 1.7545076700878262 size: 0.0
1768000 : 1.689120210195088 size: 0.0
1769000 : 1.6825967362652108 size: 0.0
1770000 : 1.8249718858513835 size: 0.0
1771000 : 1.8418473395019948 size: 0.0
1772000 : 1.733141405457885 size: 0.0
1773000 : 1.7024851539762877 size: 0.0
1774000 : 1.622609359626914 size: 0.0
1775000 : 1.8006655778049427 size: 0.0
1776000 : 1.5608617405570364 size: 0.0
1777000 : 1.6102064867946408 size: 0.0
1778000 : 1.7520515858508543 size: 0.0
1779000 : 1.7816174673259815 size: 0.0
1780000 : 1.5669915461990886 size: 0.0
1781000 : 1.627656190516483 size: 0.0
1782000 : 1.6245003088731504 size: 0.0
1783000 : 1.5731579841457746 size: 0.0
1784000 : 1.7375986798202965 size: 0.0
1785000 : 1.7112191209177046 size: 0.0
1786000 : 2.001932402560765 size: 0.0
1787000 : 1.8734871597638765 size: 0.0
1788000 : 1.8816043969192995 size: 0.0
1789000 : 1.8053003382630446 size: 0.0
1790000 : 1.9520830592255292 size: 0.0
1791000 : 1.7588507479700646 size: 0.0
1792000 : 1.803217284395794 size: 0.0
1793000 : 1.6970535978967385 size: 0.0
1794000 : 1.759972246836341 size: 0.0
1795000 : 1.7810270508855695 size: 0.0
1796000 : 1.7785597877762915 size: 0.0
1797000 : 1.6579903184930145 size: 0.0
1798000 : 1.7196842789758229 size: 0.0
1799000 : 1.757749715039241 size: 0.0
1800000 : 1.7617741090694305 size: 0.0
1801000 : 1.6847506469846165 size: 0.0
1802000 : 1.8318971112536762 size: 0.0
1803000 : 1.6523123112747788 size: 0.0
1804000 : 1.8216975081616065 size: 0.0
1805000 : 1.8223527620613937 size: 0.0
1806000 : 1.745203408676148 size: 0.0
1807000 : 1.6678894678940268 size: 0.0
1808000 : 1.6926539377223662 size: 0.0
1809000 : 1.7421307666358332 size: 0.0
1810000 : 1.64609548241139 size: 0.0
1811000 : 1.69706787245676 size: 0.0
1812000 : 1.7952563794700056 size: 0.0
1813000 : 1.7213206938987824 size: 0.0
1814000 : 1.7167734726099697 size: 0.0
1815000 : 1.7531417838746737 size: 0.0
1816000 : 1.7368309492668448 size: 0.0
1817000 : 1.6622032055085498 size: 0.0
1818000 : 1.6774592705186369 size: 0.0
1819000 : 1.6660342910391697 size: 0.0
1820000 : 1.6463520805264773 size: 0.0
1821000 : 1.6850304627575703 size: 0.0
1822000 : 1.5697511798148331 size: 0.0
1823000 : 2.0491934070005158 size: 0.0
1824000 : 1.9008471917590373 size: 0.0
1825000 : 1.7929330658395 size: 0.0
1826000 : 1.647873095090708 size: 0.0
1827000 : 1.6428346913510312 size: 0.0
1828000 : 1.7414667416208518 size: 0.0
1829000 : 1.6020326673470842 size: 0.0
1830000 : 1.7528158767512887 size: 0.0
1831000 : 1.8804395584250055 size: 0.0
1832000 : 1.8491963301560135 size: 0.0
1833000 : 1.6250795464412564 size: 0.0
1834000 : 1.7097441977039052 size: 0.0
1835000 : 1.8215745405662396 size: 0.0
1836000 : 1.7691631716811003 size: 0.0
1837000 : 1.805687299227486 size: 0.0
1838000 : 1.7094487315097229 size: 0.0
1839000 : 1.6735826095855384 size: 0.0
1840000 : 1.746557428086391 size: 0.0
1841000 : 1.7065994949328787 size: 0.0
1842000 : 1.6974238765440461 size: 0.0
1843000 : 1.7096535628469005 size: 0.0
1844000 : 1.6373056211084427 size: 0.0
1845000 : 1.6854048689884986 size: 0.0
1846000 : 1.6297843038382596 size: 0.0
1847000 : 1.8429287664106202 size: 0.0
1848000 : 1.8867329195680285 size: 0.0
1849000 : 1.7125409795722362 size: 0.0
1850000 : 1.7354122643798775 size: 0.0
1851000 : 1.6857789312541254 size: 0.0
1852000 : 1.422059014594586 size: 0.0
1853000 : 1.820856856964189 size: 0.0
1854000 : 1.831073658321345 size: 0.0
1855000 : 1.7068261680667158 size: 0.0
1856000 : 1.598705834948794 size: 0.0
1857000 : 1.724225996819808 size: 0.0
1858000 : 1.7487694689417885 size: 0.0
1859000 : 1.7060420991614322 size: 0.0
1860000 : 1.857535768896351 size: 0.0
1861000 : 1.6887117513992889 size: 0.0
1862000 : 1.6214323103644088 size: 0.0
1863000 : 1.8618088498396885 size: 0.0
1864000 : 1.6863819024280504 size: 0.0
1865000 : 1.74912856871679 size: 0.0
1866000 : 1.7896328907520935 size: 0.0
1867000 : 1.810490946648735 size: 0.0
1868000 : 1.6458342407647293 size: 0.0
1869000 : 1.6411081575190194 size: 0.0
1870000 : 1.6599483409730875 size: 0.0
1871000 : 1.766544563839063 size: 0.0
1872000 : 1.6827159202422586 size: 0.0
1873000 : 1.6703575909165589 size: 0.0
1874000 : 1.6117144306774058 size: 0.0
1875000 : 1.81575223990393 size: 0.0
1876000 : 1.7856024773291237 size: 0.0
1877000 : 1.6737996516909273 size: 0.0
1878000 : 1.7817586650823398 size: 0.0
1879000 : 1.811473827498416 size: 0.0
1880000 : 1.7622843815945406 size: 0.0
1881000 : 1.6645944522861462 size: 0.0
1882000 : 1.7388360949932544 size: 0.0
1883000 : 1.8679814791618055 size: 0.0
1884000 : 1.7030760863646524 size: 0.0
1885000 : 1.6121497187667397 size: 0.0
1886000 : 1.6904948675234344 size: 0.0
1887000 : 1.7840558373499145 size: 0.0
1888000 : 1.7774123195297349 size: 0.0
1889000 : 1.7204793547707615 size: 0.0
1890000 : 1.8225814989870412 size: 0.0
1891000 : 1.6837627786380607 size: 0.0
1892000 : 1.627344042005167 size: 0.0
1893000 : 1.8375727107147997 size: 0.0
1894000 : 1.6767694481060262 size: 0.0
1895000 : 1.790934799419125 size: 0.0
1896000 : 1.6550377203430018 size: 0.0
1897000 : 1.6483207659309038 size: 0.0
1898000 : 1.6415566882724697 size: 0.0
1899000 : 1.5115759843686778 size: 0.0
1900000 : 1.761999406342061 size: 0.0
1901000 : 1.9546251347879324 size: 0.0
1902000 : 1.7776984986607707 size: 0.0
1903000 : 1.6851726924098338 size: 0.0
1904000 : 1.5882890177686844 size: 0.0
1905000 : 1.8002507556510616 size: 0.0
1906000 : 1.8347797124647878 size: 0.0
1907000 : 1.814562463925261 size: 0.0
1908000 : 1.7523575429867393 size: 0.0
1909000 : 1.7302108210871827 size: 0.0
1910000 : 1.79247662388411 size: 0.0
1911000 : 1.8774068163596909 size: 0.0
1912000 : 1.7131205611056437 size: 0.0
1913000 : 1.7728986348578406 size: 0.0
1914000 : 1.8274386330127088 size: 0.0
1915000 : 1.7656879182551155 size: 0.0
1916000 : 1.7806622756830894 size: 0.0
1917000 : 1.8983291937677549 size: 0.0
1918000 : 1.7989082590784264 size: 0.0
1919000 : 1.707802513575664 size: 0.0
1920000 : 1.703615595940409 size: 0.0
1921000 : 1.7764715744295154 size: 0.0
1922000 : 1.7513240992377046 size: 0.0
1923000 : 1.8450138840696808 size: 0.0
1924000 : 1.7072934449291102 size: 0.0
1925000 : 1.727164320409799 size: 0.0
1926000 : 1.823184814126268 size: 0.0
1927000 : 1.9689982408684898 size: 0.0
1928000 : 1.6872841234144766 size: 0.0
1929000 : 1.7281201999832945 size: 0.0
1930000 : 1.790800652951452 size: 0.0
1931000 : 1.7967581319773396 size: 0.0
1932000 : 1.6916096590663272 size: 0.0
1933000 : 1.8099676034421595 size: 0.0
1934000 : 1.8877746184843045 size: 0.0
1935000 : 1.5805195295333063 size: 0.0
1936000 : 1.8962263618956554 size: 0.0
1937000 : 1.752875554731138 size: 0.0
1938000 : 1.7491903104884499 size: 0.0
1939000 : 1.6964244853598822 size: 0.0
1940000 : 1.73153181982846 size: 0.0
1941000 : 1.6511144521115193 size: 0.0
1942000 : 1.8709812005581545 size: 0.0
1943000 : 1.7965348984965197 size: 0.0
1944000 : 1.9026347794321055 size: 0.0
1945000 : 1.7170336823607253 size: 0.0
1946000 : 1.8395360646570496 size: 0.0
1947000 : 1.5897092504995096 size: 0.0
1948000 : 1.753826962755711 size: 0.0
1949000 : 1.7757564705672277 size: 0.0
1950000 : 1.83968362577149 size: 0.0
1951000 : 1.818228274128402 size: 0.0
1952000 : 1.816757478498223 size: 0.0
1953000 : 1.8658332438698781 size: 0.0
last series
Last encode part don't need inference.
211.1527624130249
37217.78442072868 
