FLAGS.seq_len change from 16 to 64 due to FLAGS.vocab_dim = 64 and FLAGS.hidden_dim = 256.
SLiMPerformer(
  (input_map): Embedding(256, 32)
  (output_logit_map): Linear(in_features=256, out_features=256, bias=True)
  (layers): ModuleList(
    (0): SLiMPerformerLayer(
      (attention): MultiHeadAttention(
        (q_map): Linear(in_features=256, out_features=256, bias=True)
        (k_map): Linear(in_features=256, out_features=256, bias=True)
        (v_map): Linear(in_features=256, out_features=256, bias=True)
      )
      (U_map): Linear(in_features=256, out_features=4096, bias=True)
      (V_map): Linear(in_features=4096, out_features=256, bias=True)
      (layernorm1): LayerNorm((256,), eps=1e-05, elementwise_affine=True)
      (layernorm2): LayerNorm((256,), eps=1e-05, elementwise_affine=True)
    )
  )
)
1953060
0 : 8.469089581517029 size: 0.0
1000 : 2.413714247139907 size: 0.0
2000 : 2.3812138256931075 size: 0.0
3000 : 2.0861696769360196 size: 0.0
4000 : 2.09361669770103 size: 0.0
5000 : 1.8985758168890923 size: 0.0
6000 : 1.9759676658120544 size: 0.0
7000 : 2.080974425018756 size: 0.0
8000 : 1.7657087281558699 size: 0.0
9000 : 1.8818535997803996 size: 0.0
10000 : 1.8817275364973172 size: 0.0
11000 : 2.058870698781915 size: 0.0
12000 : 1.7850122328713625 size: 0.0
13000 : 1.9934259686664397 size: 0.0
14000 : 1.8904035452853933 size: 0.0
15000 : 1.6574451334897793 size: 0.0
16000 : 1.7658380591093188 size: 0.0
17000 : 1.7689920489434918 size: 0.0
18000 : 1.738558343012111 size: 0.0
19000 : 1.732533446787085 size: 0.0
20000 : 1.7162872776559805 size: 0.0
21000 : 1.7851993499955012 size: 0.0
22000 : 1.6559131120358934 size: 0.0
23000 : 1.8782521110886816 size: 0.0
24000 : 1.7520101380319963 size: 0.0
25000 : 1.869885155124206 size: 0.0
26000 : 1.6132194508551063 size: 0.0
27000 : 1.8820140595936545 size: 0.0
28000 : 1.7809766599688666 size: 0.0
29000 : 1.772139503436932 size: 0.0
30000 : 1.881676113684709 size: 0.0
31000 : 1.816959558112987 size: 0.0
32000 : 1.9881860012599517 size: 0.0
33000 : 1.5913638955834606 size: 0.0
34000 : 1.768883871856099 size: 0.0
35000 : 1.8485111512749761 size: 0.0
36000 : 1.8234587824890924 size: 0.0
37000 : 1.6419472608725791 size: 0.0
38000 : 1.655085015571989 size: 0.0
39000 : 1.8090296100643537 size: 0.0
40000 : 1.9164319156149234 size: 0.0
41000 : 1.823297634745234 size: 0.0
42000 : 1.613816574618902 size: 0.0
43000 : 1.6684463477175207 size: 0.0
44000 : 1.8455466863220538 size: 0.0
45000 : 1.6706604523647284 size: 0.0
46000 : 1.683852553581811 size: 0.0
47000 : 1.5789020327019414 size: 0.0
48000 : 1.6258170080481562 size: 0.0
49000 : 1.6238887385666825 size: 0.0
50000 : 1.5372576376740685 size: 0.0
51000 : 1.577314288869176 size: 0.0
52000 : 1.7921627555462853 size: 0.0
53000 : 1.6150221730014502 size: 0.0
54000 : 1.6262165237461106 size: 0.0
55000 : 1.5700843102095545 size: 0.0
56000 : 1.6401318120100712 size: 0.0
57000 : 1.5240481662092487 size: 0.0
58000 : 1.7082095965102562 size: 0.0
59000 : 1.63603535724917 size: 0.0
60000 : 1.5605176032726598 size: 0.0
61000 : 1.5778410717287688 size: 0.0
62000 : 1.4894075926551127 size: 0.0
63000 : 1.6478060218568715 size: 0.0
64000 : 1.7652357758659971 size: 0.0
65000 : 1.7704188170150497 size: 0.0
66000 : 1.695830801249104 size: 0.0
67000 : 1.5593212919532582 size: 0.0
68000 : 1.7800429661573325 size: 0.0
69000 : 1.7744638489633429 size: 0.0
70000 : 1.7664090415101832 size: 0.0
71000 : 1.638466160036465 size: 0.0
72000 : 1.786089704179018 size: 0.0
73000 : 1.5251975262649649 size: 0.0
74000 : 1.5089429299839683 size: 0.0
75000 : 1.6493966893947016 size: 0.0
76000 : 1.5416438832016734 size: 0.0
77000 : 1.8928063149005976 size: 0.0
78000 : 1.545514524741992 size: 0.0
79000 : 1.6301151984585196 size: 0.0
80000 : 1.6005321187183061 size: 0.0
81000 : 1.5459960761644078 size: 0.0
82000 : 1.6635776908542452 size: 0.0
83000 : 1.7860568554927032 size: 0.0
84000 : 1.5293409322895517 size: 0.0
85000 : 1.699007148827889 size: 0.0
86000 : 1.5818683894640233 size: 0.0
87000 : 1.7216242432775553 size: 0.0
88000 : 1.6339583227746999 size: 0.0
89000 : 1.7156333996174002 size: 0.0
90000 : 1.7478397307312241 size: 0.0
91000 : 1.6850351062891438 size: 0.0
92000 : 1.6097842693867725 size: 0.0
93000 : 1.553373099990517 size: 0.0
94000 : 1.6062682560725334 size: 0.0
95000 : 1.7256701351391028 size: 0.0
96000 : 1.6353162977859126 size: 0.0
97000 : 1.576850451659799 size: 0.0
98000 : 1.662392386424499 size: 0.0
99000 : 1.8316117920358947 size: 0.0
100000 : 1.6551333426968815 size: 0.0
101000 : 1.623532046548793 size: 0.0
102000 : 1.5861787906425977 size: 0.0
103000 : 1.5403146292931549 size: 0.0
104000 : 1.6626610233251466 size: 0.0
105000 : 1.6752744029220759 size: 0.0
106000 : 1.739913394318259 size: 0.0
107000 : 1.664000768175368 size: 0.0
108000 : 1.5913042176036112 size: 0.0
109000 : 1.5927409606689191 size: 0.0
110000 : 1.7546115476089472 size: 0.0
111000 : 1.6073548424606845 size: 0.0
112000 : 1.58757253804519 size: 0.0
113000 : 1.5722984148567622 size: 0.0
114000 : 1.6697503201763624 size: 0.0
115000 : 1.7866945671621024 size: 0.0
116000 : 1.6459081933046005 size: 0.0
117000 : 1.453480244907221 size: 0.0
118000 : 1.526959832488356 size: 0.0
119000 : 1.5495237842989056 size: 0.0
120000 : 1.7089443063947423 size: 0.0
121000 : 1.6094248256464694 size: 0.0
122000 : 1.636403916069969 size: 0.0
123000 : 1.6213624854081585 size: 0.0
124000 : 1.5037559332339459 size: 0.0
125000 : 1.6602099265850498 size: 0.0
126000 : 1.6107829726403329 size: 0.0
127000 : 1.6582137239564851 size: 0.0
128000 : 1.6937355366136422 size: 0.0
129000 : 1.4468771430099945 size: 0.0
130000 : 1.6062527776339557 size: 0.0
131000 : 1.5316604623017382 size: 0.0
132000 : 1.5546664095250053 size: 0.0
133000 : 1.5150314597898134 size: 0.0
134000 : 1.563790433118579 size: 0.0
135000 : 1.6674694862606199 size: 0.0
136000 : 1.745235913397161 size: 0.0
137000 : 1.664747688828065 size: 0.0
138000 : 1.4847456589381745 size: 0.0
139000 : 1.618319596366443 size: 0.0
140000 : 1.4493168888951342 size: 0.0
141000 : 1.723380874073468 size: 0.0
142000 : 1.6059420049838466 size: 0.0
143000 : 1.5650839146357183 size: 0.0
144000 : 1.5614908530938925 size: 0.0
145000 : 1.6345203620777196 size: 0.0
146000 : 1.5801736724224211 size: 0.0
147000 : 1.5329706261360112 size: 0.0
148000 : 1.6012499743030075 size: 0.0
149000 : 1.725188755699338 size: 0.0
150000 : 1.4161115965537736 size: 0.0
151000 : 1.5573598298201679 size: 0.0
152000 : 1.5739804051822006 size: 0.0
153000 : 1.6099156641320318 size: 0.0
154000 : 1.4793552067121816 size: 0.0
155000 : 1.3884513688415319 size: 0.0
156000 : 1.545283552041883 size: 0.0
157000 : 1.6306732821605694 size: 0.0
158000 : 1.4808918716976407 size: 0.0
159000 : 1.5225278395756214 size: 0.0
160000 : 1.5498823681259546 size: 0.0
161000 : 1.7072884574322351 size: 0.0
162000 : 1.5437308926698936 size: 0.0
163000 : 1.7592461360843983 size: 0.0
164000 : 1.6164174682479002 size: 0.0
165000 : 1.5862039001096238 size: 0.0
166000 : 1.6097703387920528 size: 0.0
167000 : 1.5158891372696661 size: 0.0
168000 : 1.552734872373165 size: 0.0
169000 : 1.6963087410358517 size: 0.0
170000 : 1.575471666747832 size: 0.0
171000 : 1.4528086526556019 size: 0.0
172000 : 1.5715509782561126 size: 0.0
173000 : 1.4257154517432546 size: 0.0
174000 : 1.7805131667247913 size: 0.0
175000 : 1.574797150791148 size: 0.0
176000 : 1.6431796885486618 size: 0.0
177000 : 1.5910347207897093 size: 0.0
178000 : 1.6013913440420167 size: 0.0
179000 : 1.5296489532172468 size: 0.0
180000 : 1.5552454751104605 size: 0.0
181000 : 1.7216187398327276 size: 0.0
182000 : 1.7318596187610045 size: 0.0
183000 : 1.6260012014672303 size: 0.0
184000 : 1.6522519453643258 size: 0.0
185000 : 1.672223946643722 size: 0.0
186000 : 1.6162752385956367 size: 0.0
187000 : 1.6349704406750274 size: 0.0
188000 : 1.5849541021858038 size: 0.0
189000 : 1.4402689676245672 size: 0.0
190000 : 1.544711881710415 size: 0.0
191000 : 1.623956843696424 size: 0.0
192000 : 1.6237907084556906 size: 0.0
193000 : 1.6574896769963527 size: 0.0
194000 : 1.6931358331100836 size: 0.0
195000 : 1.5510019751830715 size: 0.0
196000 : 1.5669843229277522 size: 0.0
197000 : 1.8951779556559958 size: 0.0
198000 : 1.5954780645574007 size: 0.0
199000 : 1.5961462171560028 size: 0.0
200000 : 1.5759334401653986 size: 0.0
201000 : 1.7456780807925294 size: 0.0
202000 : 1.6636076158354955 size: 0.0
203000 : 1.686038797039579 size: 0.0
204000 : 1.6048370164520531 size: 0.0
205000 : 1.5090562665508869 size: 0.0
206000 : 1.6680304936677344 size: 0.0
207000 : 1.4626783930233167 size: 0.0
208000 : 1.6973666063213089 size: 0.0
209000 : 1.7258459014082848 size: 0.0
210000 : 1.6360446443123167 size: 0.0
211000 : 1.5657520672343204 size: 0.0
212000 : 1.5904814526018836 size: 0.0
213000 : 1.4213122659245396 size: 0.0
214000 : 1.546023421405895 size: 0.0
215000 : 1.7491691566223937 size: 0.0
216000 : 1.6200653922553514 size: 0.0
217000 : 1.4476618998458815 size: 0.0
218000 : 1.586925711295295 size: 0.0
219000 : 1.5656072578422937 size: 0.0
220000 : 1.5773973564895427 size: 0.0
221000 : 1.4465023928137644 size: 0.0
222000 : 1.5320489711100373 size: 0.0
223000 : 1.5269097855369549 size: 0.0
224000 : 1.5093238715556294 size: 0.0
225000 : 1.386291094764044 size: 0.0
226000 : 1.4560132053891286 size: 0.0
227000 : 1.5461833652711974 size: 0.0
228000 : 1.6029145943807086 size: 0.0
229000 : 1.3570766598359552 size: 0.0
230000 : 1.5668426092234413 size: 0.0
231000 : 1.595790041086066 size: 0.0
232000 : 1.3891759317496168 size: 0.0
233000 : 1.3745867294682503 size: 0.0
234000 : 1.570102540370546 size: 0.0
235000 : 1.5925287340777545 size: 0.0
236000 : 1.572598352599867 size: 0.0
237000 : 1.5774501551633577 size: 0.0
238000 : 1.5836981128865526 size: 0.0
239000 : 1.6078353619871952 size: 0.0
240000 : 1.4933561423362718 size: 0.0
241000 : 1.5314191706425777 size: 0.0
242000 : 1.5825398097329917 size: 0.0
243000 : 1.7624321146916317 size: 0.0
244000 : 1.5873713183436806 size: 0.0
245000 : 1.6940113967856263 size: 0.0
246000 : 1.3918217128504904 size: 0.0
247000 : 1.4967564113264804 size: 0.0
248000 : 1.6747778890090348 size: 0.0
249000 : 1.5813852901977496 size: 0.0
250000 : 1.5311410746961327 size: 0.0
251000 : 1.6200662521686056 size: 0.0
252000 : 1.4905170527358287 size: 0.0
253000 : 1.571164189274322 size: 0.0
254000 : 1.6646603216414266 size: 0.0
255000 : 1.6905975411659995 size: 0.0
256000 : 1.679556598945909 size: 0.0
257000 : 1.7082758098308384 size: 0.0
258000 : 1.5118434173907696 size: 0.0
259000 : 1.5853845747609134 size: 0.0
260000 : 1.7100009678016432 size: 0.0
261000 : 1.6464607735618226 size: 0.0
262000 : 1.5734575779235775 size: 0.0
263000 : 1.6777980763408367 size: 0.0
264000 : 1.438965081157051 size: 0.0
265000 : 1.518024301880128 size: 0.0
266000 : 1.5464673086277718 size: 0.0
267000 : 1.5279650710826491 size: 0.0
268000 : 1.5003071651361939 size: 0.0
269000 : 1.5620448092123216 size: 0.0
270000 : 1.5610660559462612 size: 0.0
271000 : 1.7221470705361783 size: 0.0
272000 : 1.6924515141423007 size: 0.0
273000 : 1.5706936447415614 size: 0.0
274000 : 1.551502788662384 size: 0.0
275000 : 1.6109740453654415 size: 0.0
276000 : 1.6532396417282311 size: 0.0
277000 : 1.6053665510340596 size: 0.0
278000 : 1.4069290988589067 size: 0.0
279000 : 1.4066663093683882 size: 0.0
280000 : 1.5502471433284346 size: 0.0
281000 : 1.5760058448614118 size: 0.0
282000 : 1.3515108712974075 size: 0.0
283000 : 1.543072199117089 size: 0.0
284000 : 1.740772103694017 size: 0.0
285000 : 1.6267854423551646 size: 0.0
286000 : 1.373693107614367 size: 0.0
287000 : 1.6706009463675298 size: 0.0
288000 : 1.4640215775265553 size: 0.0
289000 : 1.4505972997308079 size: 0.0
290000 : 1.8417474175818436 size: 0.0
291000 : 1.7541067785286648 size: 0.0
292000 : 1.6584090962478653 size: 0.0
293000 : 1.558295931388814 size: 0.0
294000 : 1.8368519314250338 size: 0.0
295000 : 1.690969195674514 size: 0.0
296000 : 1.4361565184771357 size: 0.0
297000 : 1.498144655284245 size: 0.0
298000 : 1.6443648209957575 size: 0.0
299000 : 1.4076873703665607 size: 0.0
300000 : 1.5572024656946284 size: 0.0
301000 : 1.536156260777943 size: 0.0
302000 : 1.6995492381434087 size: 0.0
303000 : 1.712408380948421 size: 0.0
304000 : 1.4848772256660845 size: 0.0
305000 : 1.693847325336703 size: 0.0
306000 : 1.5603779533601592 size: 0.0
307000 : 1.556354419243224 size: 0.0
308000 : 1.5757843312071005 size: 0.0
309000 : 1.3922846041552877 size: 0.0
310000 : 1.6434853017192452 size: 0.0
311000 : 1.6499528812875919 size: 0.0
312000 : 1.5056754316002257 size: 0.0
313000 : 1.503212984005172 size: 0.0
314000 : 1.575738583821971 size: 0.0
315000 : 1.5880093739783816 size: 0.0
316000 : 1.5712235232888696 size: 0.0
317000 : 1.5894394097203057 size: 0.0
318000 : 1.5198903136419895 size: 0.0
319000 : 1.5725010104194785 size: 0.0
320000 : 1.6384964289830168 size: 0.0
321000 : 1.5429762327979077 size: 0.0
322000 : 1.4970971089578398 size: 0.0
323000 : 1.4991127456259519 size: 0.0
324000 : 1.5838396546082127 size: 0.0
325000 : 1.6025159385960086 size: 0.0
326000 : 1.4358182286028887 size: 0.0
327000 : 1.5853414071155467 size: 0.0
328000 : 1.555386328901517 size: 0.0
329000 : 1.635587686408974 size: 0.0
330000 : 1.6007092608486948 size: 0.0
331000 : 1.7363720995543428 size: 0.0
332000 : 1.513056239044654 size: 0.0
333000 : 1.3901412703689098 size: 0.0
334000 : 1.6384021824903439 size: 0.0
335000 : 1.5642463591260165 size: 0.0
336000 : 1.5296121489299623 size: 0.0
337000 : 1.5806311462737161 size: 0.0
338000 : 1.6016307438920176 size: 0.0
339000 : 1.477909004601076 size: 0.0
340000 : 1.5107200267153336 size: 0.0
341000 : 1.566484713326996 size: 0.0
342000 : 1.5391031835004771 size: 0.0
343000 : 1.553850523829312 size: 0.0
344000 : 1.6010484106361962 size: 0.0
345000 : 1.5986752220369402 size: 0.0
346000 : 1.6352107004382828 size: 0.0
347000 : 1.5741197111293994 size: 0.0
348000 : 1.6924914141173006 size: 0.0
349000 : 1.5609570189456143 size: 0.0
350000 : 1.6133964210028442 size: 0.0
351000 : 1.5852831049969043 size: 0.0
352000 : 1.490319616652638 size: 0.0
353000 : 1.5829499883552995 size: 0.0
354000 : 1.663846327754893 size: 0.0
355000 : 1.4863597161165218 size: 0.0
356000 : 1.4906324530945576 size: 0.0
357000 : 1.5492052724295078 size: 0.0
358000 : 1.3374819025012266 size: 0.0
359000 : 1.5105910397271864 size: 0.0
360000 : 1.3705707625879529 size: 0.0
361000 : 1.5723032303709863 size: 0.0
362000 : 1.6845590583115555 size: 0.0
363000 : 1.7413872856361532 size: 0.0
364000 : 1.5126417608560747 size: 0.0
365000 : 1.5363347787695385 size: 0.0
366000 : 1.6415415537991938 size: 0.0
367000 : 1.5615011720529441 size: 0.0
368000 : 1.4909580162526408 size: 0.0
369000 : 1.5934053296492021 size: 0.0
370000 : 1.6360116236433508 size: 0.0
371000 : 1.5272339728338313 size: 0.0
372000 : 1.5858470361090835 size: 0.0
373000 : 1.5441360837953264 size: 0.0
374000 : 1.4782686203240303 size: 0.0
375000 : 1.5568578124622994 size: 0.0
376000 : 1.5920487304991964 size: 0.0
377000 : 1.66111489929389 size: 0.0
378000 : 1.498156006139202 size: 0.0
379000 : 1.5540923314364252 size: 0.0
380000 : 1.5746335952901775 size: 0.0
381000 : 1.705676292063047 size: 0.0
382000 : 1.5457448095114972 size: 0.0
383000 : 1.4996359168498765 size: 0.0
384000 : 1.6689180961288372 size: 0.0
385000 : 1.6182951748300205 size: 0.0
386000 : 1.4875388291708374 size: 0.0
387000 : 1.6143934044298958 size: 0.0
388000 : 1.6007474409971862 size: 0.0
389000 : 1.4606845981518641 size: 0.0
390000 : 1.5033001792091594 size: 0.0
391000 : 1.352914249728448 size: 0.0
392000 : 1.5181926728953226 size: 0.0
393000 : 1.6283575357667017 size: 0.0
394000 : 1.4123735536372706 size: 0.0
395000 : 1.4489452343866196 size: 0.0
396000 : 1.6329092286044367 size: 0.0
397000 : 1.5821034897477526 size: 0.0
398000 : 1.4754228234002034 size: 0.0
399000 : 1.5975752210020218 size: 0.0
400000 : 1.5906446641375525 size: 0.0
401000 : 1.3916866204782377 size: 0.0
402000 : 1.574132609828214 size: 0.0
403000 : 1.7025183466279041 size: 0.0
404000 : 1.615832211287014 size: 0.0
405000 : 1.6913692273204208 size: 0.0
406000 : 1.5570371903671492 size: 0.0
407000 : 1.5064906293653155 size: 0.0
408000 : 1.5212888765588057 size: 0.0
409000 : 1.5390662072305417 size: 0.0
410000 : 1.580706474674794 size: 0.0
411000 : 1.556579888498505 size: 0.0
412000 : 1.569105900908796 size: 0.0
413000 : 1.758308830637196 size: 0.0
414000 : 1.5152756751540386 size: 0.0
415000 : 1.5754549844306982 size: 0.0
416000 : 1.4434450572293762 size: 0.0
417000 : 1.385462482352187 size: 0.0
418000 : 1.4580463842876286 size: 0.0
419000 : 1.3469895333975497 size: 0.0
420000 : 1.486068721471262 size: 0.0
421000 : 1.5323931083944138 size: 0.0
422000 : 1.404226477491923 size: 0.0
423000 : 1.577828516995256 size: 0.0
424000 : 1.501187200360659 size: 0.0
425000 : 1.4141559818308127 size: 0.0
426000 : 1.712648640711676 size: 0.0
427000 : 1.6343760686336457 size: 0.0
428000 : 1.5356303378316045 size: 0.0
429000 : 1.4150655120799007 size: 0.0
430000 : 1.5839901394277176 size: 0.0
431000 : 1.4882068097867884 size: 0.0
432000 : 1.4789627423029126 size: 0.0
433000 : 1.6357775552555267 size: 0.0
434000 : 1.4487025668662523 size: 0.0
435000 : 1.5506349642061303 size: 0.0
436000 : 1.6762375057669074 size: 0.0
437000 : 1.5139560522739681 size: 0.0
438000 : 1.50392017666552 size: 0.0
439000 : 1.5459874770318647 size: 0.0
440000 : 1.6474403867411371 size: 0.0
441000 : 1.5245687576934104 size: 0.0
442000 : 1.4322746980645114 size: 0.0
443000 : 1.495978533796628 size: 0.0
444000 : 1.5082630825651075 size: 0.0
445000 : 1.6828330404274963 size: 0.0
446000 : 1.567759448735191 size: 0.0
447000 : 1.542256141438745 size: 0.0
448000 : 1.4084086656042794 size: 0.0
449000 : 1.5685514288424143 size: 0.0
450000 : 1.5011227068665853 size: 0.0
451000 : 1.5052640490993618 size: 0.0
452000 : 1.7192911266359505 size: 0.0
453000 : 1.5419121761370196 size: 0.0
454000 : 1.537769458043036 size: 0.0
455000 : 1.4798333184815802 size: 0.0
456000 : 1.610453281898629 size: 0.0
457000 : 1.5206745545299238 size: 0.0
458000 : 1.637321615494973 size: 0.0
459000 : 1.66915783994414 size: 0.0
460000 : 1.5030243190371755 size: 0.0
461000 : 1.6338004427012078 size: 0.0
462000 : 1.5467708580065447 size: 0.0
463000 : 1.8865631726916268 size: 0.0
464000 : 1.4576621750456011 size: 0.0
465000 : 1.6715981017772323 size: 0.0
466000 : 1.4978273472934032 size: 0.0
467000 : 1.5878628447598464 size: 0.0
468000 : 1.4181442595043212 size: 0.0
469000 : 1.617085792829153 size: 0.0
470000 : 1.3658832894473616 size: 0.0
471000 : 1.5932899292904732 size: 0.0
472000 : 1.561725953377622 size: 0.0
473000 : 1.5720345934703388 size: 0.0
474000 : 1.5815184047695174 size: 0.0
475000 : 1.4504504265469709 size: 0.0
476000 : 1.4260073063017689 size: 0.0
477000 : 1.4924853941749534 size: 0.0
478000 : 1.5513966753668016 size: 0.0
479000 : 1.5714820132131164 size: 0.0
480000 : 1.382156975802604 size: 0.0
481000 : 1.6051207878259768 size: 0.0
482000 : 1.6709751806158073 size: 0.0
483000 : 1.4170316177445643 size: 0.0
484000 : 1.6263886783796242 size: 0.0
485000 : 1.5637054736890528 size: 0.0
486000 : 1.7041975852309286 size: 0.0
487000 : 1.424571595132366 size: 0.0
488000 : 1.447382772003531 size: 0.0
489000 : 1.5235585316022422 size: 0.0
490000 : 1.4738380032725025 size: 0.0
491000 : 1.6444339580214045 size: 0.0
492000 : 1.3985933577455625 size: 0.0
493000 : 1.628284443140085 size: 0.0
494000 : 1.5667818993476867 size: 0.0
495000 : 1.5414146303280734 size: 0.0
496000 : 1.496526298539626 size: 0.0
497000 : 1.5429399444585756 size: 0.0
498000 : 1.426948739332592 size: 0.0
499000 : 1.4911764342192366 size: 0.0
500000 : 1.546069684738977 size: 0.0
501000 : 1.6681092617218294 size: 0.0
502000 : 1.7523518675592609 size: 0.0
503000 : 1.597592419267108 size: 0.0
504000 : 1.578047794875106 size: 0.0
505000 : 1.7213671292145154 size: 0.0
506000 : 1.538914002584528 size: 0.0
507000 : 1.601337169506995 size: 0.0
508000 : 1.5086920072963594 size: 0.0
509000 : 1.6117152905906602 size: 0.0
510000 : 1.5592478553613398 size: 0.0
511000 : 1.5450326293542742 size: 0.0
512000 : 1.3623081141012254 size: 0.0
513000 : 1.5410209620402484 size: 0.0
514000 : 1.4999183123625932 size: 0.0
515000 : 1.4559420045716713 size: 0.0
516000 : 1.6500209864173336 size: 0.0
517000 : 1.4339229797903805 size: 0.0
518000 : 1.5050222414922487 size: 0.0
519000 : 1.490240848598543 size: 0.0
520000 : 1.53591049756986 size: 0.0
521000 : 1.504494082771449 size: 0.0
522000 : 1.496384756817966 size: 0.0
523000 : 1.516414372285401 size: 0.0
524000 : 1.7213514787932869 size: 0.0
525000 : 1.6489130741804754 size: 0.0
526000 : 1.4495984244945965 size: 0.0
527000 : 1.600260386129943 size: 0.0
528000 : 1.5883681297880814 size: 0.0
529000 : 1.5393520423962757 size: 0.0
530000 : 1.5856391090841904 size: 0.0
531000 : 1.5747221663553719 size: 0.0
532000 : 1.4513216906562418 size: 0.0
533000 : 1.7572875976563724 size: 0.0
534000 : 1.3571057249039509 size: 0.0
535000 : 1.6977884797638751 size: 0.0
536000 : 1.4445335354266868 size: 0.0
537000 : 1.6222684900129039 size: 0.0
538000 : 1.4773982161280135 size: 0.0
539000 : 1.4257924999708411 size: 0.0
540000 : 1.3868610452690036 size: 0.0
541000 : 1.545688571184665 size: 0.0
542000 : 1.5051515724456976 size: 0.0
543000 : 1.563240260618469 size: 0.0
544000 : 1.6936220280640728 size: 0.0
545000 : 1.4864809638853802 size: 0.0
546000 : 1.7108161655667329 size: 0.0
547000 : 1.6562790911169294 size: 0.0
548000 : 1.4798819895717743 size: 0.0
549000 : 1.5400731656513436 size: 0.0
550000 : 1.5375058086392634 size: 0.0
551000 : 1.6773746550544124 size: 0.0
552000 : 1.5444594111789485 size: 0.0
553000 : 1.5044041358450477 size: 0.0
554000 : 1.5150123697155675 size: 0.0
555000 : 1.53973762749951 size: 0.0
556000 : 1.5136301451505831 size: 0.0
557000 : 1.3445947609756106 size: 0.0
558000 : 1.5416428513057683 size: 0.0
559000 : 1.5401146134702015 size: 0.0
560000 : 1.6180353090445667 size: 0.0
561000 : 1.4805721559496867 size: 0.0
562000 : 1.5925851443872374 size: 0.0
563000 : 1.4636636816301096 size: 0.0
564000 : 1.640197165417399 size: 0.0
565000 : 1.428293041723061 size: 0.0
566000 : 1.4923435084879917 size: 0.0
567000 : 1.6663352606781796 size: 0.0
568000 : 1.4279239669543093 size: 0.0
569000 : 1.522497226663768 size: 0.0
570000 : 1.4744535291799405 size: 0.0
571000 : 1.5315940769985052 size: 0.0
572000 : 1.6893637376287096 size: 0.0
573000 : 1.5268927592545196 size: 0.0
574000 : 1.5659873395007007 size: 0.0
575000 : 1.3786297836160586 size: 0.0
576000 : 1.29697199102977 size: 0.0
577000 : 1.5344617157189917 size: 0.0
578000 : 1.433699058378957 size: 0.0
579000 : 1.636267361845184 size: 0.0
580000 : 1.4468291598504037 size: 0.0
581000 : 1.62629615171346 size: 0.0
582000 : 1.537477775467173 size: 0.0
583000 : 1.5206322467978115 size: 0.0
584000 : 1.6464024714431802 size: 0.0
585000 : 1.600958291727144 size: 0.0
586000 : 1.642748356060298 size: 0.0
587000 : 1.5199274618945757 size: 0.0
588000 : 1.6559791533738246 size: 0.0
589000 : 1.417482642246452 size: 0.0
590000 : 1.4410497688594843 size: 0.0
591000 : 1.5786794871517251 size: 0.0
592000 : 1.3881038778954635 size: 0.0
593000 : 1.3214259461819764 size: 0.0
594000 : 1.5539031505204763 size: 0.0
595000 : 1.5006965338577474 size: 0.0
596000 : 1.538912798705972 size: 0.0
597000 : 1.421256371563009 size: 0.0
598000 : 1.637069488928808 size: 0.0
599000 : 1.6381772291830154 size: 0.0
600000 : 1.5091257475418354 size: 0.0
601000 : 1.5802397137603523 size: 0.0
602000 : 1.4466540815118254 size: 0.0
603000 : 1.4736706641532131 size: 0.0
604000 : 1.4785126637056045 size: 0.0
605000 : 1.3890584675990776 size: 0.0
606000 : 1.4615488109724497 size: 0.0
607000 : 1.6202368589582614 size: 0.0
608000 : 1.5032186594326504 size: 0.0
609000 : 1.4891891746885169 size: 0.0
610000 : 1.8186207385376707 size: 0.0
611000 : 1.438803245482589 size: 0.0
612000 : 1.3633898849751525 size: 0.0
613000 : 1.5166161079348632 size: 0.0
614000 : 1.370077086388651 size: 0.0
615000 : 1.5678853400356225 size: 0.0
616000 : 1.5429101914599763 size: 0.0
617000 : 1.6030170960406227 size: 0.0
618000 : 1.355568887935841 size: 0.0
619000 : 1.4920253405838955 size: 0.0
620000 : 1.6091260917819206 size: 0.0
621000 : 1.604774414767139 size: 0.0
622000 : 1.4933269052856253 size: 0.0
623000 : 1.415252113256087 size: 0.0
624000 : 1.6229796382742216 size: 0.0
625000 : 1.5813261281658528 size: 0.0
626000 : 1.4146129397341551 size: 0.0
627000 : 1.6010083386785452 size: 0.0
628000 : 1.4383389783165847 size: 0.0
629000 : 1.6007596517653975 size: 0.0
630000 : 1.4152903793959037 size: 0.0
631000 : 1.536982293450037 size: 0.0
632000 : 1.4670071963455336 size: 0.0
633000 : 1.6821863856602521 size: 0.0
634000 : 1.6039593889847001 size: 0.0
635000 : 1.4988023169411444 size: 0.0
636000 : 1.563341902365129 size: 0.0
637000 : 1.612504003027517 size: 0.0
638000 : 1.6307671846879404 size: 0.0
639000 : 1.6456846158584788 size: 0.0
640000 : 1.6151475483539293 size: 0.0
641000 : 1.652119002775209 size: 0.0
642000 : 1.5091166324613396 size: 0.0
643000 : 1.4101749274286404 size: 0.0
644000 : 1.616874082185941 size: 0.0
645000 : 1.591179186216434 size: 0.0
646000 : 1.5058745875099249 size: 0.0
647000 : 1.5165639971916518 size: 0.0
648000 : 1.4470685597004047 size: 0.0
649000 : 1.433163848369472 size: 0.0
650000 : 1.5264060483525779 size: 0.0
651000 : 1.4724652377533156 size: 0.0
652000 : 1.5025247094364191 size: 0.0
653000 : 1.473985220421641 size: 0.0
654000 : 1.4096453068553083 size: 0.0
655000 : 1.3983465626415745 size: 0.0
656000 : 1.5570824218043262 size: 0.0
657000 : 1.602356166713357 size: 0.0
658000 : 1.4502940943173366 size: 0.0
659000 : 1.5107582068638252 size: 0.0
660000 : 1.6419436492369108 size: 0.0
661000 : 1.5951201686609553 size: 0.0
662000 : 1.5508129662497734 size: 0.0
663000 : 1.3721954826906537 size: 0.0
664000 : 1.550065185683822 size: 0.0
665000 : 1.4352794069577355 size: 0.0
666000 : 1.6054773078612152 size: 0.0
667000 : 1.6232948824732532 size: 0.0
668000 : 1.5689989276999592 size: 0.0
669000 : 1.429929112680719 size: 0.0
670000 : 1.6715442712075124 size: 0.0
671000 : 1.5906322813866902 size: 0.0
672000 : 1.461726469050791 size: 0.0
673000 : 1.4378616404691151 size: 0.0
674000 : 1.5338138570731916 size: 0.0
675000 : 1.6373575598690033 size: 0.0
676000 : 1.710750984142056 size: 0.0
677000 : 1.5218557313760497 size: 0.0
678000 : 1.558663286331057 size: 0.0
679000 : 1.5647968755914283 size: 0.0
680000 : 1.467919048360408 size: 0.0
681000 : 1.5615300651382893 size: 0.0
682000 : 1.5301999856306114 size: 0.0
683000 : 1.676567884439215 size: 0.0
684000 : 1.5577980416145663 size: 0.0
685000 : 1.6641338827471357 size: 0.0
686000 : 1.4799193098070116 size: 0.0
687000 : 1.5462523303141933 size: 0.0
688000 : 1.5164508326073842 size: 0.0
689000 : 1.643353906973986 size: 0.0
690000 : 1.4943686042019013 size: 0.0
691000 : 1.5636029720291387 size: 0.0
692000 : 1.604576462735996 size: 0.0
693000 : 1.4523217697710091 size: 0.0
694000 : 1.508407891957134 size: 0.0
695000 : 1.6315421385127282 size: 0.0
696000 : 1.668224146132606 size: 0.0
697000 : 1.6704191607055678 size: 0.0
698000 : 1.6880530578464843 size: 0.0
699000 : 1.6509238953343632 size: 0.0
700000 : 1.4165904822451012 size: 0.0
701000 : 1.6679441583770012 size: 0.0
702000 : 1.4662948442056598 size: 0.0
703000 : 1.50186911157133 size: 0.0
704000 : 1.6221264323432911 size: 0.0
705000 : 1.4798315986550714 size: 0.0
706000 : 1.3311088273995288 size: 0.0
707000 : 1.3999143564868397 size: 0.0
708000 : 1.4869644071169557 size: 0.0
709000 : 1.6101296105497052 size: 0.0
710000 : 1.3726655972667872 size: 0.0
711000 : 1.7427380373760297 size: 0.0
712000 : 1.496948687930145 size: 0.0
713000 : 1.4183318925764126 size: 0.0
714000 : 1.5208833414680714 size: 0.0
715000 : 1.4634497352124363 size: 0.0
716000 : 1.6577861750864402 size: 0.0
717000 : 1.6480380264528853 size: 0.0
718000 : 1.6374301365476673 size: 0.0
719000 : 1.423262979141951 size: 0.0
720000 : 1.4579825787241585 size: 0.0
721000 : 1.6498797886609753 size: 0.0
722000 : 1.6195626869668793 size: 0.0
723000 : 1.418702945145649 size: 0.0
724000 : 1.5202667836647281 size: 0.0
725000 : 1.4939947139189256 size: 0.0
726000 : 1.7404322659759122 size: 0.0
727000 : 1.5390061852853907 size: 0.0
728000 : 1.5670300703128819 size: 0.0
729000 : 1.6485221576150642 size: 0.0
730000 : 1.4793252817309313 size: 0.0
731000 : 1.5364089032920605 size: 0.0
732000 : 1.601922426467881 size: 0.0
733000 : 1.5140709366847445 size: 0.0
734000 : 1.5499829779767094 size: 0.0
735000 : 1.5850443930775067 size: 0.0
736000 : 1.4875386571881866 size: 0.0
737000 : 1.7654626209824853 size: 0.0
738000 : 1.543911130487998 size: 0.0
739000 : 1.7238216656076295 size: 0.0
740000 : 1.4779105524449339 size: 0.0
741000 : 1.488159686540452 size: 0.0
742000 : 1.551204398763137 size: 0.0
743000 : 1.508256203259073 size: 0.0
744000 : 1.5416480107852941 size: 0.0
745000 : 1.6927861923808796 size: 0.0
746000 : 1.6149581954553294 size: 0.0
747000 : 1.6440067531166611 size: 0.0
748000 : 1.3728079129103763 size: 0.0
749000 : 1.624342944747611 size: 0.0
750000 : 1.5739214151329546 size: 0.0
751000 : 1.4076953675598258 size: 0.0
752000 : 1.4756023732877042 size: 0.0
753000 : 1.6227130651653843 size: 0.0
754000 : 1.632719703723186 size: 0.0
755000 : 1.5319507690163947 size: 0.0
756000 : 1.4629633682757963 size: 0.0
757000 : 1.596797687437471 size: 0.0
758000 : 1.6037005550951515 size: 0.0
759000 : 1.4687388896570712 size: 0.0
760000 : 1.466185463239711 size: 0.0
761000 : 1.4636942945419633 size: 0.0
762000 : 1.6589508415980831 size: 0.0
763000 : 1.4871852328406634 size: 0.0
764000 : 1.6991681245890966 size: 0.0
765000 : 1.452936263782542 size: 0.0
766000 : 1.5884721792918532 size: 0.0
767000 : 1.5642565061024174 size: 0.0
768000 : 1.5142616654445513 size: 0.0
769000 : 1.636435044929775 size: 0.0
770000 : 1.5515296179559186 size: 0.0
771000 : 1.380632521585356 size: 0.0
772000 : 1.462031050325469 size: 0.0
773000 : 1.5544153148547457 size: 0.0
774000 : 1.4474486413588115 size: 0.0
775000 : 1.4966659484521265 size: 0.0
776000 : 1.437644770346377 size: 0.0
777000 : 1.381210383292255 size: 0.0
778000 : 1.4305616648705923 size: 0.0
779000 : 1.4479805836979303 size: 0.0
780000 : 1.4272405938911061 size: 0.0
781000 : 1.5515564472494532 size: 0.0
782000 : 1.623479419857629 size: 0.0
783000 : 1.56321652701265 size: 0.0
784000 : 1.4712519001514786 size: 0.0
785000 : 1.592072808070317 size: 0.0
786000 : 1.5043468656223105 size: 0.0
787000 : 1.4940674625802404 size: 0.0
788000 : 1.4707313086673168 size: 0.0
789000 : 1.654675180914983 size: 0.0
790000 : 1.5642076630295723 size: 0.0
791000 : 1.7102525784198557 size: 0.0
792000 : 1.4368673227731517 size: 0.0
793000 : 1.600779085804945 size: 0.0
794000 : 1.6441316125211876 size: 0.0
795000 : 1.614997579482377 size: 0.0
796000 : 1.3328855801655926 size: 0.0
797000 : 1.3040170023483886 size: 0.0
798000 : 1.3154295130856684 size: 0.0
799000 : 1.6558510262989319 size: 0.0
800000 : 1.4506475186648597 size: 0.0
801000 : 1.3408230094595381 size: 0.0
802000 : 1.4837285535409719 size: 0.0
803000 : 1.5600762957905459 size: 0.0
804000 : 1.5454698092527674 size: 0.0
805000 : 1.4265535232009092 size: 0.0
806000 : 1.5705330129456556 size: 0.0
807000 : 1.5517014286241306 size: 0.0
808000 : 1.4622308941657716 size: 0.0
809000 : 1.6040713496904118 size: 0.0
810000 : 1.329397428040793 size: 0.0
811000 : 1.558361112813491 size: 0.0
812000 : 1.4510367154037622 size: 0.0
813000 : 1.4759337838559168 size: 0.0
814000 : 1.4275476689142217 size: 0.0
815000 : 1.4548280729420329 size: 0.0
816000 : 1.4791103034173527 size: 0.0
817000 : 1.372590612831011 size: 0.0
818000 : 1.5575711964980783 size: 0.0
819000 : 1.5199008045836921 size: 0.0
820000 : 1.4876401269521955 size: 0.0
821000 : 1.604043488500972 size: 0.0
822000 : 1.580049672931149 size: 0.0
823000 : 1.6186960663891816 size: 0.0
824000 : 1.4059574828728572 size: 0.0
825000 : 1.6747758252172245 size: 0.0
826000 : 1.6983082113347827 size: 0.0
827000 : 1.4619840990617834 size: 0.0
828000 : 1.4645963435457388 size: 0.0
829000 : 1.5197422365795965 size: 0.0
830000 : 1.482761839060472 size: 0.0
831000 : 1.5317720790421483 size: 0.0
832000 : 1.4257672185211643 size: 0.0
833000 : 1.3383965922298404 size: 0.0
834000 : 1.5314205465037847 size: 0.0
835000 : 1.465830663030981 size: 0.0
836000 : 1.4146313418777976 size: 0.0
837000 : 1.514249626658991 size: 0.0
838000 : 1.4166143018422457 size: 0.0
839000 : 1.4817947806146705 size: 0.0
840000 : 1.345390782675129 size: 0.0
841000 : 1.6073916467479692 size: 0.0
842000 : 1.4697391407544893 size: 0.0
843000 : 1.5630149633458388 size: 0.0
844000 : 1.3784144613371783 size: 0.0
845000 : 1.5600186816025068 size: 0.0
846000 : 1.5367509767846266 size: 0.0
847000 : 1.518153460850926 size: 0.0
848000 : 1.5434639755957547 size: 0.0
849000 : 1.3472107030865592 size: 0.0
850000 : 1.5213531980702284 size: 0.0
851000 : 1.5541521813989256 size: 0.0
852000 : 1.5225104693278844 size: 0.0
853000 : 1.3365827772025156 size: 0.0
854000 : 1.4174975187457517 size: 0.0
855000 : 1.6212556841819727 size: 0.0
856000 : 1.331028941458203 size: 0.0
857000 : 1.454621005830394 size: 0.0
858000 : 1.5212666907968444 size: 0.0
859000 : 1.4413006055557678 size: 0.0
860000 : 1.6761859109716486 size: 0.0
861000 : 1.4880626883253654 size: 0.0
862000 : 1.5945194332614914 size: 0.0
863000 : 1.6188668451614885 size: 0.0
864000 : 1.6120957162143688 size: 0.0
865000 : 1.5734486348257326 size: 0.0
866000 : 1.471305386755897 size: 0.0
867000 : 1.4980416376763783 size: 0.0
868000 : 1.4399588829050616 size: 0.0
869000 : 1.51198702290424 size: 0.0
870000 : 1.5447529855639714 size: 0.0
871000 : 1.7098599420279357 size: 0.0
872000 : 1.3578756052405383 size: 0.0
873000 : 1.5119720604136149 size: 0.0
874000 : 1.3810236101334181 size: 0.0
875000 : 1.5923634587502753 size: 0.0
876000 : 1.3073882922619269 size: 0.0
877000 : 1.694795121725608 size: 0.0
878000 : 1.5713036672041718 size: 0.0
879000 : 1.5826374958786817 size: 0.0
880000 : 1.4596989655797694 size: 0.0
881000 : 1.4952642898475947 size: 0.0
882000 : 1.5740577973750887 size: 0.0
883000 : 1.5647079605609322 size: 0.0
884000 : 1.5450045961821837 size: 0.0
885000 : 1.5065530590675786 size: 0.0
886000 : 1.5747876917453505 size: 0.0
887000 : 1.5044092953245738 size: 0.0
888000 : 1.493783519223666 size: 0.0
889000 : 1.6393408637987532 size: 0.0
890000 : 1.428234653613093 size: 0.0
891000 : 1.4307556613007655 size: 0.0
892000 : 1.5609945111635024 size: 0.0
893000 : 1.4357784146192138 size: 0.0
894000 : 1.6699362334219452 size: 0.0
895000 : 1.409087911083862 size: 0.0
896000 : 1.623935517847717 size: 0.0
897000 : 1.4542080754856725 size: 0.0
898000 : 1.5339555707775026 size: 0.0
899000 : 1.4630564108899131 size: 0.0
900000 : 1.5730011359681877 size: 0.0
901000 : 1.652154087235985 size: 0.0
902000 : 1.6892634717432566 size: 0.0
903000 : 1.3272393897377666 size: 0.0
904000 : 1.6340795705435582 size: 0.0
905000 : 1.3214041043853169 size: 0.0
906000 : 1.5378807308181444 size: 0.0
907000 : 1.6771957930975152 size: 0.0
908000 : 1.6296095694649828 size: 0.0
909000 : 1.4100320958370989 size: 0.0
910000 : 1.581179254982016 size: 0.0
911000 : 1.3773263271051694 size: 0.0
912000 : 1.4209187696193655 size: 0.0
913000 : 1.324589223079296 size: 0.0
914000 : 1.4416244488873424 size: 0.0
915000 : 1.5723761510149523 size: 0.0
916000 : 1.5013345894924484 size: 0.0
917000 : 1.6519213947093676 size: 0.0
918000 : 1.5413368941698833 size: 0.0
919000 : 1.4490092119327407 size: 0.0
920000 : 1.5251148026098997 size: 0.0
921000 : 1.4567829997343904 size: 0.0
922000 : 1.564140073847783 size: 0.0
923000 : 1.358025230146789 size: 0.0
924000 : 1.2876016022888352 size: 0.0
925000 : 1.5942922441797016 size: 0.0
926000 : 1.505915691363481 size: 0.0
927000 : 1.4409322187176197 size: 0.0
928000 : 1.5000863394124861 size: 0.0
929000 : 1.5082983390085345 size: 0.0
930000 : 1.4389084128735916 size: 0.0
931000 : 1.4090437115425902 size: 0.0
932000 : 1.4869210674889382 size: 0.0
933000 : 1.475968696334042 size: 0.0
934000 : 1.6057528240678975 size: 0.0
935000 : 1.57017116144824 size: 0.0
936000 : 1.5664740504026424 size: 0.0
937000 : 1.4101273742256768 size: 0.0
938000 : 1.6287623829268327 size: 0.0
939000 : 1.469993847060417 size: 0.0
940000 : 1.5796436218924619 size: 0.0
941000 : 1.4411207976942908 size: 0.0
942000 : 1.471490784053527 size: 0.0
943000 : 1.579556942636427 size: 0.0
944000 : 1.492536129056958 size: 0.0
945000 : 1.5222420044098874 size: 0.0
946000 : 1.5282947618243532 size: 0.0
947000 : 1.4207324264171557 size: 0.0
948000 : 1.4306616727820691 size: 0.0
949000 : 1.3789165646863724 size: 0.0
950000 : 1.4102730435309576 size: 0.0
951000 : 1.5668847449729026 size: 0.0
952000 : 1.4841192981237321 size: 0.0
953000 : 1.6086567511277161 size: 0.0
954000 : 1.583860808474269 size: 0.0
955000 : 1.5037657362450452 size: 0.0
956000 : 1.6543563250802833 size: 0.0
957000 : 1.400020039825795 size: 0.0
958000 : 1.6486931083700218 size: 0.0
959000 : 1.441714051848442 size: 0.0
960000 : 1.3738983689081719 size: 0.0
961000 : 1.550032165014856 size: 0.0
962000 : 1.5669543979465022 size: 0.0
963000 : 1.5627994690843077 size: 0.0
964000 : 1.610023153288821 size: 0.0
965000 : 1.6207294172703326 size: 0.0
966000 : 1.458434377147975 size: 0.0
967000 : 1.4808946234200544 size: 0.0
968000 : 1.439321687183615 size: 0.0
969000 : 1.587365814898853 size: 0.0
970000 : 1.554429933380069 size: 0.0
971000 : 1.6795385407675683 size: 0.0
972000 : 1.429599851895642 size: 0.0
973000 : 1.4671000669769994 size: 0.0
974000 : 1.464245154972677 size: 0.0
975000 : 1.4430496691150425 size: 0.0
976000 : 1.2888834749770413 size: 0.0
977000 : 1.3968781747685077 size: 0.0
978000 : 1.4519920790293053 size: 0.0
979000 : 1.520380980144901 size: 0.0
980000 : 1.521154386125831 size: 0.0
981000 : 1.5121075827424948 size: 0.0
982000 : 1.5459152443185022 size: 0.0
983000 : 1.5642884948754778 size: 0.0
984000 : 1.5521370606787661 size: 0.0
985000 : 1.3704758281646765 size: 0.0
986000 : 1.487719582936894 size: 0.0
987000 : 1.5076848768929068 size: 0.0
988000 : 1.5119773918757915 size: 0.0
989000 : 1.5510692203995589 size: 0.0
990000 : 1.6087341433206044 size: 0.0
991000 : 1.5590904912358003 size: 0.0
992000 : 1.453440000966919 size: 0.0
993000 : 1.474508391645566 size: 0.0
994000 : 1.458613755052825 size: 0.0
995000 : 1.4247718689292959 size: 0.0
996000 : 1.4563401444084187 size: 0.0
997000 : 1.4064531368726438 size: 0.0
998000 : 1.5902945074603956 size: 0.0
999000 : 1.4768322212240241 size: 0.0
1000000 : 1.4694553693805656 size: 0.0
1001000 : 1.3893427549209538 size: 0.0
1002000 : 1.470117846551689 size: 0.0
1003000 : 1.544426218527332 size: 0.0
1004000 : 1.4685682828674151 size: 0.0
1005000 : 1.414762994597033 size: 0.0
1006000 : 1.6018039304214367 size: 0.0
1007000 : 1.468011918991874 size: 0.0
1008000 : 1.4887024637865751 size: 0.0
1009000 : 1.358985409286556 size: 0.0
1010000 : 1.5326522862492642 size: 0.0
1011000 : 1.482604990882885 size: 0.0
1012000 : 1.455532341897316 size: 0.0
1013000 : 1.5456314729445786 size: 0.0
1014000 : 1.4194501237723225 size: 0.0
1015000 : 1.5063941470981814 size: 0.0
1016000 : 1.4570039974407492 size: 0.0
1017000 : 1.478187444512823 size: 0.0
1018000 : 1.4425035382072278 size: 0.0
1019000 : 1.5746377228737982 size: 0.0
1020000 : 1.5064858138510913 size: 0.0
1021000 : 1.4411983618698299 size: 0.0
1022000 : 1.6828137783705996 size: 0.0
1023000 : 1.4090284050866635 size: 0.0
1024000 : 1.6572631758451664 size: 0.0
1025000 : 1.522301510407086 size: 0.0
1026000 : 1.4296752662880454 size: 0.0
1027000 : 1.6346498650138193 size: 0.0
1028000 : 1.4738343916368344 size: 0.0
1029000 : 1.5783160878104519 size: 0.0
1030000 : 1.5043150488319008 size: 0.0
1031000 : 1.593102124235731 size: 0.0
1032000 : 1.4116073709276766 size: 0.0
1033000 : 1.5784648528034482 size: 0.0
1034000 : 1.7651052410339922 size: 0.0
1035000 : 1.4998035999344677 size: 0.0
1036000 : 1.539062079646921 size: 0.0
1037000 : 1.5961745942933951 size: 0.0
1038000 : 1.5544101553752199 size: 0.0
1039000 : 1.4914082668325996 size: 0.0
1040000 : 1.4506580096065624 size: 0.0
1041000 : 1.530941402838481 size: 0.0
1042000 : 1.4838542728587525 size: 0.0
1043000 : 1.5960404478257222 size: 0.0
1044000 : 1.5042598424009739 size: 0.0
1045000 : 1.4973528471596727 size: 0.0
1046000 : 1.662255488234412 size: 0.0
1047000 : 1.3501027633434683 size: 0.0
1048000 : 1.4520682673436374 size: 0.0
1049000 : 1.6614848339758959 size: 0.0
1050000 : 1.509977577611559 size: 0.0
1051000 : 1.554759796104424 size: 0.0
1052000 : 1.633750051784505 size: 0.0
1053000 : 1.4475516589666784 size: 0.0
1054000 : 1.6740500584305835 size: 0.0
1055000 : 1.667239889421718 size: 0.0
1056000 : 1.6745149275358657 size: 0.0
1057000 : 1.4030532978390624 size: 0.0
1058000 : 1.4911592359541503 size: 0.0
1059000 : 1.70579048854322 size: 0.0
1060000 : 1.4893781836218152 size: 0.0
1061000 : 1.289237845229144 size: 0.0
1062000 : 1.566408181047362 size: 0.0
1063000 : 1.4032785951116926 size: 0.0
1064000 : 1.3966211466967933 size: 0.0
1065000 : 1.4655916071462818 size: 0.0
1066000 : 1.7077796398830993 size: 0.0
1067000 : 1.3037371865754348 size: 0.0
1068000 : 1.5100204012916236 size: 0.0
1069000 : 1.4957124766357432 size: 0.0
1070000 : 1.5401006828754815 size: 0.0
1071000 : 1.5553436772041032 size: 0.0
1072000 : 1.417538880573284 size: 0.0
1073000 : 1.4625561133585532 size: 0.0
1074000 : 1.5085112535303025 size: 0.0
1075000 : 1.598448548903103 size: 0.0
1076000 : 1.4869179718012226 size: 0.0
1077000 : 1.531087932057016 size: 0.0
1078000 : 1.4240097278119974 size: 0.0
1079000 : 1.5294982964150912 size: 0.0
1080000 : 1.2636047770226222 size: 0.0
1081000 : 1.7020226926281177 size: 0.0
1082000 : 1.3957131642915632 size: 0.0
1083000 : 1.572459218635319 size: 0.0
1084000 : 1.4956677611465188 size: 0.0
1085000 : 1.4744249800598974 size: 0.0
1086000 : 1.5494040843739052 size: 0.0
1087000 : 1.3670251682577652 size: 0.0
1088000 : 1.4630316453881889 size: 0.0
1089000 : 1.4098894362282082 size: 0.0
1090000 : 1.5349083546632825 size: 0.0
1091000 : 1.5261480743762836 size: 0.0
1092000 : 1.538086938016529 size: 0.0
1093000 : 1.476399856839755 size: 0.0
1094000 : 1.3943692058663957 size: 0.0
1095000 : 1.4577113620837479 size: 0.0
1096000 : 1.5285076763461214 size: 0.0
1097000 : 1.7009692988915828 size: 0.0
1098000 : 1.5159164825111533 size: 0.0
1099000 : 1.4900432405327015 size: 0.0
1100000 : 1.5760325021722956 size: 0.0
1101000 : 1.641091303219235 size: 0.0
1102000 : 1.433631039240541 size: 0.0
1103000 : 1.481759008223291 size: 0.0
1104000 : 1.5098303604624204 size: 0.0
1105000 : 1.5609948551288042 size: 0.0
1106000 : 1.6319782865153163 size: 0.0
1107000 : 1.5427017484871306 size: 0.0
1108000 : 1.430810781740367 size: 0.0
1109000 : 1.5666785377745183 size: 0.0
1110000 : 1.5170230188868046 size: 0.0
1111000 : 1.6503224720042962 size: 0.0
1112000 : 1.429386937373874 size: 0.0
1113000 : 1.463525407578816 size: 0.0
1114000 : 1.5869353423237433 size: 0.0
1115000 : 1.566790670462881 size: 0.0
1116000 : 1.6271381787720842 size: 0.0
1117000 : 1.5841617781132789 size: 0.0
1118000 : 1.4863438937126425 size: 0.0
1119000 : 1.5475530351026687 size: 0.0
1120000 : 1.5101454326788009 size: 0.0
1121000 : 1.4990393090340333 size: 0.0
1122000 : 1.5647103683180443 size: 0.0
1123000 : 1.4419691021196714 size: 0.0
1124000 : 1.543069963342628 size: 0.0
1125000 : 1.392926099443006 size: 0.0
1126000 : 1.6724236185013739 size: 0.0
1127000 : 1.5603893042151162 size: 0.0
1128000 : 1.6990100725329538 size: 0.0
1129000 : 1.5009521000769295 size: 0.0
1130000 : 1.5113802681119959 size: 0.0
1131000 : 1.4132468815383519 size: 0.0
1132000 : 1.436928376614208 size: 0.0
1133000 : 1.5172404049574952 size: 0.0
1134000 : 1.6915405220406803 size: 0.0
1135000 : 1.641357016414818 size: 0.0
1136000 : 1.6202953330595549 size: 0.0
1137000 : 1.3552668864009259 size: 0.0
1138000 : 1.572637220678962 size: 0.0
1139000 : 1.6675183293334648 size: 0.0
1140000 : 1.6876588736107068 size: 0.0
1141000 : 1.353012881778718 size: 0.0
1142000 : 1.603909342033299 size: 0.0
1143000 : 1.3636979059028478 size: 0.0
1144000 : 1.4190749436194654 size: 0.0
1145000 : 1.626574419642556 size: 0.0
1146000 : 1.3767359106647574 size: 0.0
1147000 : 1.551269580187814 size: 0.0
1148000 : 1.5380274320193303 size: 0.0
1149000 : 1.3247635274959455 size: 0.0
1150000 : 1.5291785806671372 size: 0.0
1151000 : 1.7281201999832945 size: 0.0
1152000 : 1.6147124322472464 size: 0.0
1153000 : 1.4767813143593687 size: 0.0
1154000 : 1.5400951794306539 size: 0.0
1155000 : 1.4606089257854844 size: 0.0
1156000 : 1.4736629249339241 size: 0.0
1157000 : 1.5013669222308106 size: 0.0
1158000 : 1.5391243373665333 size: 0.0
1159000 : 1.547067700061934 size: 0.0
1160000 : 1.5815345711386986 size: 0.0
1161000 : 1.4139815914228377 size: 0.0
1162000 : 1.5534731938933193 size: 0.0
1163000 : 1.529568637319294 size: 0.0
1164000 : 1.3997101270889403 size: 0.0
1165000 : 1.5097220113923768 size: 0.0
1166000 : 1.5575749801163972 size: 0.0
1167000 : 1.5674037886132066 size: 0.0
1168000 : 1.5018708313978386 size: 0.0
1169000 : 1.471122225232728 size: 0.0
1170000 : 1.4398751273540915 size: 0.0
1171000 : 1.4055560753657435 size: 0.0
1172000 : 1.5078771534965714 size: 0.0
1173000 : 1.3502261608954622 size: 0.0
1174000 : 1.413369505168417 size: 0.0
1175000 : 1.4561212104938703 size: 0.0
1176000 : 1.4366900086601122 size: 0.0
1177000 : 1.4665780996316309 size: 0.0
1178000 : 1.4155879093818964 size: 0.0
1179000 : 1.5540342013004338 size: 0.0
1180000 : 1.5317428419915016 size: 0.0
1181000 : 1.5044409401323324 size: 0.0
1182000 : 1.5200657359458696 size: 0.0
1183000 : 1.4850707061483053 size: 0.0
1184000 : 1.4644169656408887 size: 0.0
1185000 : 1.4631692315088791 size: 0.0
1186000 : 1.58503906161533 size: 0.0
1187000 : 1.6237504645153886 size: 0.0
1188000 : 1.27047023845374 size: 0.0
1189000 : 1.5299277370942956 size: 0.0
1190000 : 1.5471934193797146 size: 0.0
1191000 : 1.6554991497952667 size: 0.0
1192000 : 1.548836197660756 size: 0.0
1193000 : 1.426927843440512 size: 0.0
1194000 : 1.648282929747714 size: 0.0
1195000 : 1.6389740248044629 size: 0.0
1196000 : 1.422313376935212 size: 0.0
1197000 : 1.4406032159065192 size: 0.0
1198000 : 1.5062500256367584 size: 0.0
1199000 : 1.3987875261583866 size: 0.0
1200000 : 1.65983724018063 size: 0.0
1201000 : 1.4637495009728902 size: 0.0
1202000 : 1.3453633514423164 size: 0.0
1203000 : 1.553864798389334 size: 0.0
1204000 : 1.4883999463037074 size: 0.0
1205000 : 1.3635766581339896 size: 0.0
1206000 : 1.6161551947053345 size: 0.0
1207000 : 1.560117399644102 size: 0.0
1208000 : 1.6733896450512702 size: 0.0
1209000 : 1.5172619027888532 size: 0.0
1210000 : 1.4846581197688853 size: 0.0
1211000 : 1.5319447496236145 size: 0.0
1212000 : 1.5783678545883617 size: 0.0
1213000 : 1.4248565703848457 size: 0.0
1214000 : 1.5212541360633316 size: 0.0
1215000 : 1.5173941574473666 size: 0.0
1216000 : 1.5179197364284034 size: 0.0
1217000 : 1.6034664867073274 size: 0.0
1218000 : 1.5471870560216328 size: 0.0
1219000 : 1.4213995471198524 size: 0.0
1220000 : 1.5445782511906947 size: 0.0
1221000 : 1.4690009912169861 size: 0.0
1222000 : 1.3952807139159686 size: 0.0
1223000 : 1.4009772952604973 size: 0.0
1224000 : 1.446036491812577 size: 0.0
1225000 : 1.5359741311506794 size: 0.0
1226000 : 1.4778747800535543 size: 0.0
1227000 : 1.4709450831023392 size: 0.0
1228000 : 1.5856225987497075 size: 0.0
1229000 : 1.3264720031496167 size: 0.0
1230000 : 1.391693671766923 size: 0.0
1231000 : 1.4905456018558718 size: 0.0
1232000 : 1.4237708439099488 size: 0.0
1233000 : 1.485030806173305 size: 0.0
1234000 : 1.558563020445604 size: 0.0
1235000 : 1.371257489312848 size: 0.0
1236000 : 1.4070254951347152 size: 0.0
1237000 : 1.532158352075986 size: 0.0
1238000 : 1.539046945173645 size: 0.0
1239000 : 1.569718847076471 size: 0.0
1240000 : 1.7536575598446111 size: 0.0
1241000 : 1.481920843897753 size: 0.0
1242000 : 1.5417682266582473 size: 0.0
1243000 : 1.3933101367023826 size: 0.0
1244000 : 1.5823508007996934 size: 0.0
1245000 : 1.4655482675182643 size: 0.0
1246000 : 1.4114162982025682 size: 0.0
1247000 : 1.4062226801204876 size: 0.0
1248000 : 1.5878895020707302 size: 0.0
1249000 : 1.4321712505000173 size: 0.0
1250000 : 1.5257736681453553 size: 0.0
1251000 : 1.339502010718261 size: 0.0
1252000 : 1.4689968636333655 size: 0.0
1253000 : 1.3823791773875187 size: 0.0
1254000 : 1.4689776015764688 size: 0.0
1255000 : 1.6363631561817145 size: 0.0
1256000 : 1.4409371202231693 size: 0.0
1257000 : 1.5662705949266718 size: 0.0
1258000 : 1.4724719450766992 size: 0.0
1259000 : 1.3554125557062067 size: 0.0
1260000 : 1.4120000073195966 size: 0.0
1261000 : 1.5478577883599975 size: 0.0
1262000 : 1.4901295758234347 size: 0.0
1263000 : 1.518079508311055 size: 0.0
1264000 : 1.3662309523760807 size: 0.0
1265000 : 1.5572624876397794 size: 0.0
1266000 : 1.4736923339672219 size: 0.0
1267000 : 1.6044292455868574 size: 0.0
1268000 : 1.6083456345123053 size: 0.0
1269000 : 1.5781348180964425 size: 0.0
1270000 : 1.5313899335919312 size: 0.0
1271000 : 1.563715104717501 size: 0.0
1272000 : 1.4224455456024 size: 0.0
1273000 : 1.596389056659021 size: 0.0
1274000 : 1.5396041689624407 size: 0.0
1275000 : 1.4614108808864577 size: 0.0
1276000 : 1.6341062278544418 size: 0.0
1277000 : 1.5267649761449285 size: 0.0
1278000 : 1.5981145585951275 size: 0.0
1279000 : 1.570805777429924 size: 0.0
1280000 : 1.5002055233895342 size: 0.0
1281000 : 1.55054123366141 size: 0.0
1282000 : 1.507740943237088 size: 0.0
1283000 : 1.565298548983995 size: 0.0
1284000 : 1.56080068671598 size: 0.0
1285000 : 1.500046439437486 size: 0.0
1286000 : 1.487277243558875 size: 0.0
1287000 : 1.632397408235469 size: 0.0
1288000 : 1.3826948515431774 size: 0.0
1289000 : 1.5770365368880326 size: 0.0
1290000 : 1.3903483374805488 size: 0.0
1291000 : 1.6164061173929434 size: 0.0
1292000 : 1.4990174672373737 size: 0.0
1293000 : 1.5475305053754058 size: 0.0
1294000 : 1.3885078651423404 size: 0.0
1295000 : 1.538640894134958 size: 0.0
1296000 : 1.4185898665527068 size: 0.0
1297000 : 1.5068060455469978 size: 0.0
1298000 : 1.3830002927311098 size: 0.0
1299000 : 1.496504972690919 size: 0.0
1300000 : 1.582936745691183 size: 0.0
1301000 : 1.4684343083823932 size: 0.0
1302000 : 1.6745255904602192 size: 0.0
1303000 : 1.5818845558332044 size: 0.0
1304000 : 1.3987911377940547 size: 0.0
1305000 : 1.4762799849321036 size: 0.0
1306000 : 1.614680443474186 size: 0.0
1307000 : 1.5081770912396761 size: 0.0
1308000 : 1.37853639703664 size: 0.0
1309000 : 1.5716773855044965 size: 0.0
1310000 : 1.4766396006550577 size: 0.0
1311000 : 1.4778907744400847 size: 0.0
1312000 : 1.4352959172922182 size: 0.0
1313000 : 1.560121527227723 size: 0.0
1314000 : 1.512557317374501 size: 0.0
1315000 : 1.638399774733232 size: 0.0
1316000 : 1.596005535347597 size: 0.0
1317000 : 1.496022389372598 size: 0.0
1318000 : 1.4016285075679895 size: 0.0
1319000 : 1.3163358616557153 size: 0.0
1320000 : 1.4299912844090057 size: 0.0
1321000 : 1.5279188077495671 size: 0.0
1322000 : 1.4052582874057744 size: 0.0
1323000 : 1.5638035038000446 size: 0.0
1324000 : 1.433220258678955 size: 0.0
1325000 : 1.349001214464692 size: 0.0
1326000 : 1.445206675522164 size: 0.0
1327000 : 1.398042927271476 size: 0.0
1328000 : 1.303424694098817 size: 0.0
1329000 : 1.5815342271733968 size: 0.0
1330000 : 1.4818735486687655 size: 0.0
1331000 : 1.621178979919688 size: 0.0
1332000 : 1.6664460175053353 size: 0.0
1333000 : 1.698399190157089 size: 0.0
1334000 : 1.4406634098343212 size: 0.0
1335000 : 1.5096668049614497 size: 0.0
1336000 : 1.598091512919912 size: 0.0
1337000 : 1.4086239878831597 size: 0.0
1338000 : 1.5271983724251028 size: 0.0
1339000 : 1.4004196415150747 size: 0.0
1340000 : 1.327441813317832 size: 0.0
1341000 : 1.6479565066763764 size: 0.0
1342000 : 1.5706391262412378 size: 0.0
1343000 : 1.5242554053035384 size: 0.0
1344000 : 1.5729333748037477 size: 0.0
1345000 : 1.495736554206864 size: 0.0
1346000 : 1.4413255430401428 size: 0.0
1347000 : 1.3177184301860014 size: 0.0
1348000 : 1.4976328349152772 size: 0.0
1349000 : 1.4245254177906095 size: 0.0
1350000 : 1.5647229230515574 size: 0.0
1351000 : 1.3596893342765375 size: 0.0
1352000 : 1.521163329223676 size: 0.0
1353000 : 1.5455649156586946 size: 0.0
1354000 : 1.6235399577507326 size: 0.0
1355000 : 1.5489221889861875 size: 0.0
1356000 : 1.4873083724186813 size: 0.0
1357000 : 1.5489949376475025 size: 0.0
1358000 : 1.4800560360144475 size: 0.0
1359000 : 1.3928265214881563 size: 0.0
1360000 : 1.693965133452544 size: 0.0
1361000 : 1.5926618486495223 size: 0.0
1362000 : 1.6111116314861318 size: 0.0
1363000 : 1.7387377209169608 size: 0.0
1364000 : 1.4776976379231657 size: 0.0
1365000 : 1.6561024649344933 size: 0.0
1366000 : 1.5334666241010995 size: 0.0
1367000 : 1.5497922492169025 size: 0.0
1368000 : 1.529135928969723 size: 0.0
1369000 : 1.5670940478590027 size: 0.0
1370000 : 1.5356721296157643 size: 0.0
1371000 : 1.5243288418954568 size: 0.0
1372000 : 1.448300299445884 size: 0.0
1373000 : 1.4082424443722203 size: 0.0
1374000 : 1.3595773735708259 size: 0.0
1375000 : 1.4441916339167715 size: 0.0
1376000 : 1.407594155769793 size: 0.0
1377000 : 1.5147272224804371 size: 0.0
1378000 : 1.5645203274888408 size: 0.0
1379000 : 1.4609733570226628 size: 0.0
1380000 : 1.556504732080078 size: 0.0
1381000 : 1.3911458210325995 size: 0.0
1382000 : 1.6082797651570246 size: 0.0
1383000 : 1.5058802629374033 size: 0.0
1384000 : 1.2206502181604761 size: 0.0
1385000 : 1.5801829594855676 size: 0.0
1386000 : 1.512079549570404 size: 0.0
1387000 : 1.3922240662621839 size: 0.0
1388000 : 1.5765338315995607 size: 0.0
1389000 : 1.6222774331107488 size: 0.0
1390000 : 1.385717188658115 size: 0.0
1391000 : 1.4436474808094417 size: 0.0
1392000 : 1.3954285330043852 size: 0.0
1393000 : 1.5494283339276769 size: 0.0
1394000 : 1.3465207086912976 size: 0.0
1395000 : 1.5248181325371615 size: 0.0
1396000 : 1.576820354695898 size: 0.0
1397000 : 1.5795485154865347 size: 0.0
1398000 : 1.7148575858793582 size: 0.0
1399000 : 1.5730652854969596 size: 0.0
1400000 : 1.6264332218861977 size: 0.0
1401000 : 1.3469391424808468 size: 0.0
1402000 : 1.5738275126055834 size: 0.0
1403000 : 1.3657110488225224 size: 0.0
1404000 : 1.5118986238216965 size: 0.0
1405000 : 1.4709259930280936 size: 0.0
1406000 : 1.474425324025199 size: 0.0
1407000 : 1.5373553238197586 size: 0.0
1408000 : 1.325770227942771 size: 0.0
1409000 : 1.4014646940930426 size: 0.0
1410000 : 1.394232909615587 size: 0.0
1411000 : 1.5674682821072803 size: 0.0
1412000 : 1.427128375211418 size: 0.0
1413000 : 1.4348901242275074 size: 0.0
1414000 : 1.6337381849815955 size: 0.0
1415000 : 1.6202698796272272 size: 0.0
1416000 : 1.672129012220446 size: 0.0
1417000 : 1.5016025384624927 size: 0.0
1418000 : 1.5843526788557365 size: 0.0
1419000 : 1.543171433106637 size: 0.0
1420000 : 1.6355780553805257 size: 0.0
1421000 : 1.3749261372297281 size: 0.0
1422000 : 1.5742301239912533 size: 0.0
1423000 : 1.5721953972488953 size: 0.0
1424000 : 1.5808196392590619 size: 0.0
1425000 : 1.6224717735062237 size: 0.0
1426000 : 1.4004098385039756 size: 0.0
1427000 : 1.4787279859844848 size: 0.0
1428000 : 1.4014411324698743 size: 0.0
1429000 : 1.6189561041572862 size: 0.0
1430000 : 1.5576227912933371 size: 0.0
1431000 : 1.409428780697872 size: 0.0
1432000 : 1.4915878167201004 size: 0.0
1433000 : 1.497817544282304 size: 0.0
1434000 : 1.6454618983256113 size: 0.0
1435000 : 1.4945815187236693 size: 0.0
1436000 : 1.2671259498163872 size: 0.0
1437000 : 1.4704258674793844 size: 0.0
1438000 : 1.64566690164544 size: 0.0
1439000 : 1.5577349239816995 size: 0.0
1440000 : 1.4519561346552747 size: 0.0
1441000 : 1.344032979646567 size: 0.0
1442000 : 1.4605162271366694 size: 0.0
1443000 : 1.528895497223817 size: 0.0
1444000 : 1.3963067624110161 size: 0.0
1445000 : 1.4482882606603238 size: 0.0
1446000 : 1.547660696242109 size: 0.0
1447000 : 1.462794481312649 size: 0.0
1448000 : 1.4729268391882313 size: 0.0
1449000 : 1.6067721652395615 size: 0.0
1450000 : 1.4250577900863552 size: 0.0
1451000 : 1.4973339290680778 size: 0.0
1452000 : 1.488925697267395 size: 0.0
1453000 : 1.4629614764666368 size: 0.0
1454000 : 1.335577624599548 size: 0.0
1455000 : 1.5654873859346425 size: 0.0
1456000 : 1.3740070619435172 size: 0.0
1457000 : 1.6015377012779008 size: 0.0
1458000 : 1.5611723412244947 size: 0.0
1459000 : 1.6048301371460185 size: 0.0
1460000 : 1.303114695370637 size: 0.0
1461000 : 1.531197141040314 size: 0.0
1462000 : 1.4668402011915458 size: 0.0
1463000 : 1.3894203190964929 size: 0.0
1464000 : 1.6563931156144516 size: 0.0
1465000 : 1.5826287247634878 size: 0.0
1466000 : 1.4474568965260528 size: 0.0
1467000 : 1.496226704761823 size: 0.0
1468000 : 1.4869841851218049 size: 0.0
1469000 : 1.6837565872626294 size: 0.0
1470000 : 1.6150809910680455 size: 0.0
1471000 : 1.4691055566687106 size: 0.0
1472000 : 1.5920688524693474 size: 0.0
1473000 : 1.4236287862403363 size: 0.0
1474000 : 1.5425638184011388 size: 0.0
1475000 : 1.4154961566376612 size: 0.0
1476000 : 1.7436375066400422 size: 0.0
1477000 : 1.622288440000404 size: 0.0
1478000 : 1.4840400141216843 size: 0.0
1479000 : 1.5152691398133058 size: 0.0
1480000 : 1.544199373410844 size: 0.0
1481000 : 1.507905358651313 size: 0.0
1482000 : 1.3292386020627212 size: 0.0
1483000 : 1.4855240524159796 size: 0.0
1484000 : 1.4982505965971766 size: 0.0
1485000 : 1.4361302051315536 size: 0.0
1486000 : 1.497402722128423 size: 0.0
1487000 : 1.594279345480887 size: 0.0
1488000 : 1.487719926902196 size: 0.0
1489000 : 1.6025413920283362 size: 0.0
1490000 : 1.521061859459667 size: 0.0
1491000 : 1.3837296711534188 size: 0.0
1492000 : 1.4950116473334774 size: 0.0
1493000 : 1.4616514846150148 size: 0.0
1494000 : 1.4101086281167328 size: 0.0
1495000 : 1.5758233712688463 size: 0.0
1496000 : 1.402181173816537 size: 0.0
1497000 : 1.4034268441567364 size: 0.0
1498000 : 1.4278233571035546 size: 0.0
1499000 : 1.5979356966382303 size: 0.0
1500000 : 1.6403712118600722 size: 0.0
1501000 : 1.4192157114191966 size: 0.0
1502000 : 1.5064607043840652 size: 0.0
1503000 : 1.669866064500393 size: 0.0
1504000 : 1.4935699167712944 size: 0.0
1505000 : 1.3691776171246386 size: 0.0
1506000 : 1.3413659586883122 size: 0.0
1507000 : 1.4341775141136575 size: 0.0
1508000 : 1.6879521040304277 size: 0.0
1509000 : 1.4817937487187651 size: 0.0
1510000 : 1.4956536585691482 size: 0.0
1511000 : 1.3759637945537089 size: 0.0
1512000 : 1.5629903698267653 size: 0.0
1513000 : 1.6668183599444533 size: 0.0
1514000 : 1.6710814658940405 size: 0.0
1515000 : 1.4036419084616403 size: 0.0
1516000 : 1.499575206974122 size: 0.0
1517000 : 1.6466502984430733 size: 0.0
1518000 : 1.5874313402888316 size: 0.0
1519000 : 1.4910999019396027 size: 0.0
1520000 : 1.4334423742725444 size: 0.0
1521000 : 1.3490079217880757 size: 0.0
1522000 : 1.3557474059274366 size: 0.0
1523000 : 1.5522548687946072 size: 0.0
1524000 : 1.711579768536564 size: 0.0
1525000 : 1.3048258367553964 size: 0.0
1526000 : 1.549584838139962 size: 0.0
1527000 : 1.513719404146381 size: 0.0
1528000 : 1.4425086976867536 size: 0.0
1529000 : 1.3316276130658564 size: 0.0
1530000 : 1.4217100617959852 size: 0.0
1531000 : 1.535486732318134 size: 0.0
1532000 : 1.528022857253339 size: 0.0
1533000 : 1.427586451001991 size: 0.0
1534000 : 1.4564426460683328 size: 0.0
1535000 : 1.577537522349996 size: 0.0
1536000 : 1.316156225776889 size: 0.0
1537000 : 1.4947930573842305 size: 0.0
1538000 : 1.5532059328538783 size: 0.0
1539000 : 1.5093200879373103 size: 0.0
1540000 : 1.6305528943049654 size: 0.0
1541000 : 1.5640355083960586 size: 0.0
1542000 : 1.5589907412982997 size: 0.0
1543000 : 1.5494298817715346 size: 0.0
1544000 : 1.5187352781587948 size: 0.0
1545000 : 1.4575185695321307 size: 0.0
1546000 : 1.5559978992079853 size: 0.0
1547000 : 1.631045968564989 size: 0.0
1548000 : 1.4041452156893903 size: 0.0
1549000 : 1.6633749233088782 size: 0.0
1550000 : 1.3291198480423003 size: 0.0
1551000 : 1.5587819543601524 size: 0.0
1552000 : 1.5665670930167592 size: 0.0
1553000 : 1.5934220119663358 size: 0.0
1554000 : 1.50393617105205 size: 0.0
1555000 : 1.318038489899257 size: 0.0
1556000 : 1.6213975698689347 size: 0.0
1557000 : 1.486601695706286 size: 0.0
1558000 : 1.46163256652342 size: 0.0
1559000 : 1.3251468768247188 size: 0.0
1560000 : 1.4591677111712542 size: 0.0
1561000 : 1.5468325997782044 size: 0.0
1562000 : 1.4952460596866033 size: 0.0
1563000 : 1.6467478126061126 size: 0.0
1564000 : 1.3099830805068193 size: 0.0
1565000 : 1.4739396450191624 size: 0.0
1566000 : 1.4276978957597501 size: 0.0
1567000 : 1.532232476598508 size: 0.0
1568000 : 1.4144241027835078 size: 0.0
1569000 : 1.4991098219208872 size: 0.0
1570000 : 1.5990131679458857 size: 0.0
1571000 : 1.6721195531746484 size: 0.0
1572000 : 1.4342696108231945 size: 0.0
1573000 : 1.4286736393294204 size: 0.0
1574000 : 1.509603859311234 size: 0.0
1575000 : 1.807874574581159 size: 0.0
1576000 : 1.487097865654025 size: 0.0
1577000 : 1.428351859789656 size: 0.0
1578000 : 1.5566039660696258 size: 0.0
1579000 : 1.5339830880016405 size: 0.0
1580000 : 1.4586269977169415 size: 0.0
1581000 : 1.5902680221321628 size: 0.0
1582000 : 1.6375706463734223 size: 0.0
1583000 : 1.6489562418258419 size: 0.0
1584000 : 1.4805360395930056 size: 0.0
1585000 : 1.3598989811279392 size: 0.0
1586000 : 1.677415414942667 size: 0.0
1587000 : 1.464869451995309 size: 0.0
1588000 : 1.5710816376019079 size: 0.0
1589000 : 1.570514782784664 size: 0.0
1590000 : 1.4407270434151402 size: 0.0
1591000 : 1.617507150323767 size: 0.0
1592000 : 1.672086188540381 size: 0.0
1593000 : 1.5738221811434068 size: 0.0
1594000 : 1.6984127767865072 size: 0.0
1595000 : 1.4618356780340889 size: 0.0
1596000 : 1.5383242740747196 size: 0.0
1597000 : 1.500466421070893 size: 0.0
1598000 : 1.5365033217673842 size: 0.0
1599000 : 1.5913602839477925 size: 0.0
1600000 : 1.446127986582836 size: 0.0
1601000 : 1.4840362305033654 size: 0.0
1602000 : 1.4170085720693486 size: 0.0
1603000 : 1.6504543826975078 size: 0.0
1604000 : 1.4577909900510972 size: 0.0
1605000 : 1.4339074153604774 size: 0.0
1606000 : 1.5001890130550513 size: 0.0
1607000 : 1.4874985852305354 size: 0.0
1608000 : 1.3626832942540827 size: 0.0
1609000 : 1.4567231497718902 size: 0.0
1610000 : 1.5606244044988458 size: 0.0
1611000 : 1.442596064873392 size: 0.0
1612000 : 1.460673247296907 size: 0.0
1613000 : 1.5254193838845778 size: 0.0
1614000 : 1.7505801022900722 size: 0.0
1615000 : 1.3755857766871122 size: 0.0
1616000 : 1.5378105618965923 size: 0.0
1617000 : 1.4900750573231112 size: 0.0
1618000 : 1.2800851005328762 size: 0.0
1619000 : 1.433422768250346 size: 0.0
1620000 : 1.4976643077403853 size: 0.0
1621000 : 1.5462543941060036 size: 0.0
1622000 : 1.5069778562152099 size: 0.0
1623000 : 1.5317041458950575 size: 0.0
1624000 : 1.5978935608887688 size: 0.0
1625000 : 1.3486573351542919 size: 0.0
1626000 : 1.4938101765345497 size: 0.0
1627000 : 1.328896528570155 size: 0.0
1628000 : 1.5085262160209276 size: 0.0
1629000 : 1.5717264005599925 size: 0.0
1630000 : 1.4931802040844393 size: 0.0
1631000 : 1.3886722805565652 size: 0.0
1632000 : 1.3778603332360984 size: 0.0
1633000 : 1.5253294369581767 size: 0.0
1634000 : 1.5736072028298282 size: 0.0
1635000 : 1.4773767182966557 size: 0.0
1636000 : 1.382473337888866 size: 0.0
1637000 : 1.5485813193721776 size: 0.0
1638000 : 1.4417181794320626 size: 0.0
1639000 : 1.3194349030329375 size: 0.0
1640000 : 1.3708823091599909 size: 0.0
1641000 : 1.3850854963814958 size: 0.0
1642000 : 1.529767965211644 size: 0.0
1643000 : 1.593667603191768 size: 0.0
1644000 : 1.6456706852637588 size: 0.0
1645000 : 1.7064768713028136 size: 0.0
1646000 : 1.7192598257934935 size: 0.0
1647000 : 1.5324804755810522 size: 0.0
1648000 : 1.5187717384807777 size: 0.0
1649000 : 1.5711650491875764 size: 0.0
1650000 : 1.6809295364477468 size: 0.0
1651000 : 1.5139378221129767 size: 0.0
1652000 : 1.3677679613268416 size: 0.0
1653000 : 1.4394972814701459 size: 0.0
1654000 : 1.5307302081432215 size: 0.0
1655000 : 1.6070788103060498 size: 0.0
1656000 : 1.4254810393901287 size: 0.0
1657000 : 1.6078183357047597 size: 0.0
1658000 : 1.5538653143372865 size: 0.0
1659000 : 1.4564469456346045 size: 0.0
1660000 : 1.4544902990157382 size: 0.0
1661000 : 1.6059309980941914 size: 0.0
1662000 : 1.534818751702183 size: 0.0
1663000 : 1.4383114610924468 size: 0.0
1664000 : 1.6075402397583147 size: 0.0
1665000 : 1.633887981870497 size: 0.0
1666000 : 1.5018345430585065 size: 0.0
1667000 : 1.454395536575113 size: 0.0
1668000 : 1.5477014561303633 size: 0.0
1669000 : 1.448840840917546 size: 0.0
1670000 : 1.4836275997249153 size: 0.0
1671000 : 1.50743636196241 size: 0.0
1672000 : 1.4905600483985444 size: 0.0
1673000 : 1.7481052719441563 size: 0.0
1674000 : 1.411319557961458 size: 0.0
1675000 : 1.437513977540396 size: 0.0
1676000 : 1.324936456051388 size: 0.0
1677000 : 1.4561119234307238 size: 0.0
1678000 : 1.459516148021902 size: 0.0
1679000 : 1.551651725638031 size: 0.0
1680000 : 1.5827583996822383 size: 0.0
1681000 : 1.7479635582398454 size: 0.0
1682000 : 1.6647258470314055 size: 0.0
1683000 : 1.468603711293493 size: 0.0
1684000 : 1.3973393462467965 size: 0.0
1685000 : 1.5958978742081569 size: 0.0
1686000 : 1.476321948698914 size: 0.0
1687000 : 1.5619010317162003 size: 0.0
1688000 : 1.5300433094356753 size: 0.0
1689000 : 1.363289533098374 size: 0.0
1690000 : 1.5444872723683882 size: 0.0
1691000 : 1.3974066774546092 size: 0.0
1692000 : 1.493011145138641 size: 0.0
1693000 : 1.407506014661226 size: 0.0
1694000 : 1.644774139704811 size: 0.0
1695000 : 1.5180029760314209 size: 0.0
1696000 : 1.6512401714293001 size: 0.0
1697000 : 1.5255968699802682 size: 0.0
1698000 : 1.6257000598455695 size: 0.0
1699000 : 1.445182597951043 size: 0.0
1700000 : 1.552327789438573 size: 0.0
1701000 : 1.668553664891659 size: 0.0
1702000 : 1.5608567530601614 size: 0.0
1703000 : 1.5372404394089823 size: 0.0
1704000 : 1.4394120640666432 size: 0.0
1705000 : 1.4155729468912714 size: 0.0
1706000 : 1.4110722469095172 size: 0.0
1707000 : 1.299895180146485 size: 0.0
1708000 : 1.5598513424832172 size: 0.0
1709000 : 1.519128602481318 size: 0.0
1710000 : 1.40320335270194 size: 0.0
1711000 : 1.4474305831804708 size: 0.0
1712000 : 1.5694061826172023 size: 0.0
1713000 : 1.461533504516523 size: 0.0
1714000 : 1.3659809755930516 size: 0.0
1715000 : 1.5506697047016045 size: 0.0
1716000 : 1.4269031639301133 size: 0.0
1717000 : 1.4669435627647143 size: 0.0
1718000 : 1.6872098269093039 size: 0.0
1719000 : 1.6038758054163809 size: 0.0
1720000 : 1.3953888910033614 size: 0.0
1721000 : 1.5469142915373644 size: 0.0
1722000 : 1.4291457317060388 size: 0.0
1723000 : 1.463060366490883 size: 0.0
1724000 : 1.3046353659695658 size: 0.0
1725000 : 1.461990978367818 size: 0.0
1726000 : 1.5233100166717455 size: 0.0
1727000 : 1.4573106425072375 size: 0.0
1728000 : 1.5447665721933894 size: 0.0
1729000 : 1.4823465009586383 size: 0.0
1730000 : 1.4680817439481244 size: 0.0
1731000 : 1.432355529910417 size: 0.0
1732000 : 1.4806617589107862 size: 0.0
1733000 : 1.4548832793729598 size: 0.0
1734000 : 1.4144794811970856 size: 0.0
1735000 : 1.5946843646236688 size: 0.0
1736000 : 1.463065353987758 size: 0.0
1737000 : 1.6583820949716799 size: 0.0
1738000 : 1.4890190838468136 size: 0.0
1739000 : 1.4589680393136024 size: 0.0
1740000 : 1.5820493152127308 size: 0.0
1741000 : 1.3999292329861395 size: 0.0
1742000 : 1.7128999073645867 size: 0.0
1743000 : 1.3885642754518233 size: 0.0
1744000 : 1.4931673053856245 size: 0.0
1745000 : 1.5138919027451965 size: 0.0
1746000 : 1.4330156853157536 size: 0.0
1747000 : 1.4098872004537468 size: 0.0
1748000 : 1.5350708782683478 size: 0.0
1749000 : 1.3714112418027193 size: 0.0
1750000 : 1.4148867361143287 size: 0.0
1751000 : 1.5793283776934304 size: 0.0
1752000 : 1.6233260113330592 size: 0.0
1753000 : 1.2477883065446984 size: 0.0
1754000 : 1.5527546503780143 size: 0.0
1755000 : 1.6166554922366945 size: 0.0
1756000 : 1.453437765192458 size: 0.0
1757000 : 1.434048269151534 size: 0.0
1758000 : 1.4522791180735952 size: 0.0
1759000 : 1.5047269472807172 size: 0.0
1760000 : 1.5823979240460297 size: 0.0
1761000 : 1.6028984280115275 size: 0.0
1762000 : 1.4308471560710245 size: 0.0
1763000 : 1.533380804758319 size: 0.0
1764000 : 1.6094198381495943 size: 0.0
1765000 : 1.5457305349514756 size: 0.0
1766000 : 1.5998151230468591 size: 0.0
1767000 : 1.5042601863662757 size: 0.0
1768000 : 1.4915976197311995 size: 0.0
1769000 : 1.4136487190020928 size: 0.0
1770000 : 1.2743522308490154 size: 0.0
1771000 : 1.4588000122637095 size: 0.0
1772000 : 1.614759383510932 size: 0.0
1773000 : 1.5562870020440855 size: 0.0
1774000 : 1.555323727216603 size: 0.0
1775000 : 1.5169640288375588 size: 0.0
1776000 : 1.6418134583702078 size: 0.0
1777000 : 1.4529001474258607 size: 0.0
1778000 : 1.601387216458396 size: 0.0
1779000 : 1.5782371477737058 size: 0.0
1780000 : 1.3863099268643135 size: 0.0
1781000 : 1.6077361279976474 size: 0.0
1782000 : 1.616426755311047 size: 0.0
1783000 : 1.4257479564642677 size: 0.0
1784000 : 1.5775868813707936 size: 0.0
1785000 : 1.5545780104424618 size: 0.0
1786000 : 1.4925940872102987 size: 0.0
1787000 : 1.3505351277277373 size: 0.0
1788000 : 1.5859223645101614 size: 0.0
1789000 : 1.4278310963228436 size: 0.0
1790000 : 1.522103386393292 size: 0.0
1791000 : 1.4429093312719385 size: 0.0
1792000 : 1.607328185149801 size: 0.0
1793000 : 1.4153227981255914 size: 0.0
1794000 : 1.5121037991241757 size: 0.0
1795000 : 1.6002882473193827 size: 0.0
1796000 : 1.410207948097606 size: 0.0
1797000 : 1.419132299833528 size: 0.0
1798000 : 1.579132317471447 size: 0.0
1799000 : 1.571851259964519 size: 0.0
1800000 : 1.4831486280422626 size: 0.0
1801000 : 1.5167954858397132 size: 0.0
1802000 : 1.371211827919044 size: 0.0
1803000 : 1.392867539350387 size: 0.0
1804000 : 1.5522039619299517 size: 0.0
1805000 : 1.4814554588445181 size: 0.0
1806000 : 1.4472236880514828 size: 0.0
1807000 : 1.50185518097661 size: 0.0
1808000 : 1.6117011880132894 size: 0.0
1809000 : 1.4325091104176373 size: 0.0
1810000 : 1.418629164588429 size: 0.0
1811000 : 1.4570475090514174 size: 0.0
1812000 : 1.4474921529694798 size: 0.0
1813000 : 1.5802932003647707 size: 0.0
1814000 : 1.4623177454044574 size: 0.0
1815000 : 1.5356399688600528 size: 0.0
1816000 : 1.495529831060527 size: 0.0
1817000 : 1.519590203916234 size: 0.0
1818000 : 1.7231870496259456 size: 0.0
1819000 : 1.6267594729748844 size: 0.0
1820000 : 1.5269453859456836 size: 0.0
1821000 : 1.3965201068894113 size: 0.0
1822000 : 1.394301530693281 size: 0.0
1823000 : 1.5987507224206692 size: 0.0
1824000 : 1.592437583272797 size: 0.0
1825000 : 1.6367695511857032 size: 0.0
1826000 : 1.5263047505712195 size: 0.0
1827000 : 1.5150799588973567 size: 0.0
1828000 : 1.4450962626603099 size: 0.0
1829000 : 1.6519078080799494 size: 0.0
1830000 : 1.5501320869350075 size: 0.0
1831000 : 1.4780087545385765 size: 0.0
1832000 : 1.4597744659634981 size: 0.0
1833000 : 1.4395338277834542 size: 0.0
1834000 : 1.3396184429728952 size: 0.0
1835000 : 1.5267785627743466 size: 0.0
1836000 : 1.4709246171668866 size: 0.0
1837000 : 1.2513654596913195 size: 0.0
1838000 : 1.5711485388530935 size: 0.0
1839000 : 1.4753074230414744 size: 0.0
1840000 : 1.623862769186402 size: 0.0
1841000 : 1.5598597696331096 size: 0.0
1842000 : 1.484109495112633 size: 0.0
1843000 : 1.440078754812713 size: 0.0
1844000 : 1.6979109314112895 size: 0.0
1845000 : 1.4446652741372479 size: 0.0
1846000 : 1.4602493100625302 size: 0.0
1847000 : 1.4762209948828577 size: 0.0
1848000 : 1.4607220903697522 size: 0.0
1849000 : 1.6230322649653857 size: 0.0
1850000 : 1.5522713791290899 size: 0.0
1851000 : 1.7222504321093468 size: 0.0
1852000 : 1.5828084466336394 size: 0.0
1853000 : 1.509779281615114 size: 0.0
1854000 : 1.6505015059438444 size: 0.0
1855000 : 1.778408787008834 size: 0.0
1856000 : 1.4777409775511832 size: 0.0
1857000 : 1.5712850930778786 size: 0.0
1858000 : 1.545368855436711 size: 0.0
1859000 : 1.5966846948358542 size: 0.0
1860000 : 1.5467309580315445 size: 0.0
1861000 : 1.5164492847635263 size: 0.0
1862000 : 1.5503503329189523 size: 0.0
1863000 : 1.5637618839985359 size: 0.0
1864000 : 1.4631724991792454 size: 0.0
1865000 : 1.4143720780316218 size: 0.0
1866000 : 1.4461133680575127 size: 0.0
1867000 : 1.38046888009306 size: 0.0
1868000 : 1.540206796171064 size: 0.0
1869000 : 1.5291161509648739 size: 0.0
1870000 : 1.4491154972109739 size: 0.0
1871000 : 1.6139717029699803 size: 0.0
1872000 : 1.3835613001382243 size: 0.0
1873000 : 1.6354239589253527 size: 0.0
1874000 : 1.5917197276880957 size: 0.0
1875000 : 1.5019683455608779 size: 0.0
1876000 : 1.6075491828561594 size: 0.0
1877000 : 1.4922342995046938 size: 0.0
1878000 : 1.5839842920175884 size: 0.0
1879000 : 1.4252467990196536 size: 0.0
1880000 : 1.762133552809734 size: 0.0
1881000 : 1.6592158668630628 size: 0.0
1882000 : 1.2966673237637665 size: 0.0
1883000 : 1.4975671375426478 size: 0.0
1884000 : 1.4585325792416177 size: 0.0
1885000 : 1.5225603442966344 size: 0.0
1886000 : 1.5610058620184593 size: 0.0
1887000 : 1.4627146813626486 size: 0.0
1888000 : 1.546207442842318 size: 0.0
1889000 : 1.5082044364811633 size: 0.0
1890000 : 1.4743666779412548 size: 0.0
1891000 : 1.4687970197930629 size: 0.0
1892000 : 1.48160336392426 size: 0.0
1893000 : 1.5304906363105695 size: 0.0
1894000 : 1.4524946123351263 size: 0.0
1895000 : 1.393918783303786 size: 0.0
1896000 : 1.3747948284757943 size: 0.0
1897000 : 1.3325162474228647 size: 0.0
1898000 : 1.4150773788828102 size: 0.0
1899000 : 1.5870227095103817 size: 0.0
1900000 : 1.4331386529111205 size: 0.0
1901000 : 1.5013918597151856 size: 0.0
1902000 : 1.3902133310996214 size: 0.0
1903000 : 1.692150200537989 size: 0.0
1904000 : 1.3698877334900512 size: 0.0
1905000 : 1.5857066982659793 size: 0.0
1906000 : 1.3772331984997273 size: 0.0
1907000 : 1.6151601030874423 size: 0.0
1908000 : 1.4179905070144498 size: 0.0
1909000 : 1.4252658031025738 size: 0.0
1910000 : 1.334222745276051 size: 0.0
1911000 : 1.4695945033451137 size: 0.0
1912000 : 1.554570271223173 size: 0.0
1913000 : 1.4871185035721286 size: 0.0
1914000 : 1.6044629541864264 size: 0.0
1915000 : 1.5308149955900967 size: 0.0
1916000 : 1.280358724930399 size: 0.0
1917000 : 1.498816591501166 size: 0.0
1918000 : 1.4185209015097109 size: 0.0
1919000 : 1.5380513376078002 size: 0.0
1920000 : 1.6425197911173013 size: 0.0
1921000 : 1.7112617726151185 size: 0.0
1922000 : 1.505937189194839 size: 0.0
1923000 : 1.5434036096853017 size: 0.0
1924000 : 1.624405718415176 size: 0.0
1925000 : 1.4367604355556405 size: 0.0
1926000 : 1.4776776879356657 size: 0.0
1927000 : 1.5533765396435344 size: 0.0
1928000 : 1.5378133136190062 size: 0.0
1929000 : 1.6200605767411271 size: 0.0
1930000 : 1.6231342506773472 size: 0.0
1931000 : 1.5291440121543136 size: 0.0
1932000 : 1.337914352876821 size: 0.0
1933000 : 1.5743426006449175 size: 0.0
1934000 : 1.336508480697343 size: 0.0
1935000 : 1.577437256464543 size: 0.0
1936000 : 1.4903921933313022 size: 0.0
1937000 : 1.410436771014579 size: 0.0
1938000 : 1.4808158553659594 size: 0.0
1939000 : 1.479039790530499 size: 0.0
1940000 : 1.4967691380426442 size: 0.0
1941000 : 1.3311451157388607 size: 0.0
1942000 : 1.449314481138022 size: 0.0
1943000 : 1.4478299268957744 size: 0.0
1944000 : 1.4457991557543863 size: 0.0
1945000 : 1.5621003596085503 size: 0.0
1946000 : 1.6411743708396016 size: 0.0
1947000 : 1.4903504015471425 size: 0.0
1948000 : 1.4477793639964207 size: 0.0
1949000 : 1.4956820357065406 size: 0.0
1950000 : 1.3483148317050986 size: 0.0
1951000 : 1.41577003900916 size: 0.0
1952000 : 1.5882556531344172 size: 0.0
1953000 : 1.4783915879193972 size: 0.0
last series
Last encode part don't need inference.
183.1755428314209
37302.80229258537 
