FLAGS.seq_len change from 16 to 64 due to FLAGS.vocab_dim = 64 and FLAGS.hidden_dim = 256.
SLiMPerformer(
  (input_map): Embedding(256, 32)
  (output_logit_map): Linear(in_features=256, out_features=256, bias=True)
  (layers): ModuleList(
    (0): SLiMPerformerLayer(
      (attention): MultiHeadAttention(
        (q_map): Linear(in_features=256, out_features=256, bias=True)
        (k_map): Linear(in_features=256, out_features=256, bias=True)
        (v_map): Linear(in_features=256, out_features=256, bias=True)
      )
      (U_map): Linear(in_features=256, out_features=4096, bias=True)
      (V_map): Linear(in_features=4096, out_features=256, bias=True)
      (layernorm1): LayerNorm((256,), eps=1e-05, elementwise_affine=True)
      (layernorm2): LayerNorm((256,), eps=1e-05, elementwise_affine=True)
    )
  )
)
2399911
0 : 8.338004405029395 size: 0.0
1000 : 5.596196103116094 size: 0.0
2000 : 5.396660111758555 size: 0.0
3000 : 5.118887492697016 size: 0.0
4000 : 4.989501504799907 size: 0.0
5000 : 4.986414072251618 size: 0.0
6000 : 4.964154013785143 size: 0.0
7000 : 5.006968406786836 size: 0.0
8000 : 4.88876713860594 size: 0.0
9000 : 4.736500578838044 size: 0.0
10000 : 4.734842666083726 size: 0.0
11000 : 4.847212690504468 size: 0.0
12000 : 4.8141686318982915 size: 0.0
13000 : 4.66357959090691 size: 0.0
14000 : 4.672886604041002 size: 0.0
15000 : 4.53461358464321 size: 0.0
16000 : 4.605556084158817 size: 0.0
17000 : 4.7477582191982215 size: 0.0
18000 : 4.678613282349432 size: 0.0
19000 : 4.62478202469877 size: 0.0
20000 : 4.632838379995787 size: 0.0
21000 : 4.603179283923892 size: 0.0
22000 : 4.581579294871429 size: 0.0
23000 : 4.58521328828416 size: 0.0
24000 : 4.682661066020139 size: 0.0
25000 : 4.731578091405048 size: 0.0
26000 : 4.622590277796174 size: 0.0
27000 : 4.529133529456117 size: 0.0
28000 : 4.689892592523619 size: 0.0
29000 : 4.507540075744386 size: 0.0
30000 : 4.551166570823454 size: 0.0
31000 : 4.500073276974526 size: 0.0
32000 : 4.469690477907801 size: 0.0
33000 : 4.558058603574129 size: 0.0
34000 : 4.665557735357135 size: 0.0
35000 : 4.6046700295415715 size: 0.0
36000 : 4.441054334643239 size: 0.0
37000 : 4.573706617045533 size: 0.0
38000 : 4.791248847983106 size: 0.0
39000 : 4.656099033524982 size: 0.0
40000 : 4.5035504222096705 size: 0.0
41000 : 4.69388740553786 size: 0.0
42000 : 4.609983949487931 size: 0.0
43000 : 4.573113276900056 size: 0.0
44000 : 4.527321864211928 size: 0.0
45000 : 4.575873598446404 size: 0.0
46000 : 4.596607826834425 size: 0.0
47000 : 4.5217630409707406 size: 0.0
48000 : 4.461631714853672 size: 0.0
49000 : 4.60441859090601 size: 0.0
50000 : 4.57699698912184 size: 0.0
51000 : 4.5351439791384704 size: 0.0
52000 : 4.633898481055706 size: 0.0
53000 : 4.5116287912859985 size: 0.0
54000 : 4.55599171607606 size: 0.0
55000 : 4.497423368290033 size: 0.0
56000 : 4.558342374948053 size: 0.0
57000 : 4.679090362222926 size: 0.0
58000 : 4.573276316453074 size: 0.0
59000 : 4.444379103249718 size: 0.0
60000 : 4.490486620050132 size: 0.0
61000 : 4.723852974693592 size: 0.0
62000 : 4.6693286269599525 size: 0.0
63000 : 4.635985318541275 size: 0.0
64000 : 4.672666122282597 size: 0.0
65000 : 4.567063959138608 size: 0.0
66000 : 4.70399723368618 size: 0.0
67000 : 4.693389343780962 size: 0.0
68000 : 4.518671824804133 size: 0.0
69000 : 4.545976134420414 size: 0.0
70000 : 4.627381026518608 size: 0.0
71000 : 4.58840253456176 size: 0.0
72000 : 4.553203877305574 size: 0.0
73000 : 4.7374079593039955 size: 0.0
74000 : 4.599946698018275 size: 0.0
75000 : 4.499856578834439 size: 0.0
76000 : 4.504346357917864 size: 0.0
77000 : 4.5345509829582955 size: 0.0
78000 : 4.479078322887799 size: 0.0
79000 : 4.501771433669146 size: 0.0
80000 : 4.549445368453618 size: 0.0
81000 : 4.650448027582932 size: 0.0
82000 : 4.594164297330966 size: 0.0
83000 : 4.397744975572363 size: 0.0
84000 : 4.41860027974659 size: 0.0
85000 : 4.476137075592742 size: 0.0
86000 : 4.433084314636954 size: 0.0
87000 : 4.373656053596612 size: 0.0
88000 : 4.566982439362099 size: 0.0
89000 : 4.484441085907003 size: 0.0
90000 : 4.600863365547374 size: 0.0
91000 : 4.409092390876291 size: 0.0
92000 : 4.459380805919179 size: 0.0
93000 : 4.717547402782358 size: 0.0
94000 : 4.4945863424814 size: 0.0
95000 : 4.5072380742094715 size: 0.0
96000 : 4.6953688640923925 size: 0.0
97000 : 4.453187710661609 size: 0.0
98000 : 4.5626828730905284 size: 0.0
99000 : 4.50399276158769 size: 0.0
100000 : 4.671063587941857 size: 0.0
101000 : 4.637550016698825 size: 0.0
102000 : 4.468373434767494 size: 0.0
103000 : 4.387631363805724 size: 0.0
104000 : 4.6118024940381535 size: 0.0
105000 : 4.711331605814875 size: 0.0
106000 : 4.480367848803968 size: 0.0
107000 : 4.474873347074203 size: 0.0
108000 : 4.355676299344811 size: 0.0
109000 : 4.452304063801476 size: 0.0
110000 : 4.442538200954883 size: 0.0
111000 : 4.468371370975683 size: 0.0
112000 : 4.532610674691261 size: 0.0
113000 : 4.4995098618103 size: 0.0
114000 : 4.521223359412333 size: 0.0
115000 : 4.496740253200805 size: 0.0
116000 : 4.411224287816386 size: 0.0
117000 : 4.43507071425442 size: 0.0
118000 : 4.508219063249992 size: 0.0
119000 : 4.384004593664329 size: 0.0
120000 : 4.576755525480029 size: 0.0
121000 : 4.533932877311095 size: 0.0
122000 : 4.45955450839655 size: 0.0
123000 : 4.557562605609041 size: 0.0
124000 : 4.480129480849872 size: 0.0
125000 : 4.475599113860844 size: 0.0
126000 : 4.455722390970026 size: 0.0
127000 : 4.594617299633338 size: 0.0
128000 : 4.326495659007616 size: 0.0
129000 : 4.5855314561882565 size: 0.0
130000 : 4.591558416205093 size: 0.0
131000 : 4.486439524310028 size: 0.0
132000 : 4.663110766200659 size: 0.0
133000 : 4.4579299602765 size: 0.0
134000 : 4.509844299300646 size: 0.0
135000 : 4.7063802252965345 size: 0.0
136000 : 4.5471600629889535 size: 0.0
137000 : 4.663594037449584 size: 0.0
138000 : 4.478806246334133 size: 0.0
139000 : 4.758610668432966 size: 0.0
140000 : 4.588227456223182 size: 0.0
141000 : 4.596768802595633 size: 0.0
142000 : 4.463271053481696 size: 0.0
143000 : 4.638292981750552 size: 0.0
144000 : 4.508913873159479 size: 0.0
145000 : 4.6568891218230455 size: 0.0
146000 : 4.427294690678308 size: 0.0
147000 : 4.506338604945459 size: 0.0
148000 : 4.665487222470281 size: 0.0
149000 : 4.479778636242112 size: 0.0
150000 : 4.479345583927239 size: 0.0
151000 : 4.430234562112157 size: 0.0
152000 : 4.452760849722168 size: 0.0
153000 : 4.355293121998688 size: 0.0
154000 : 4.245988516346925 size: 0.0
155000 : 4.481439300718843 size: 0.0
156000 : 4.580039706180905 size: 0.0
157000 : 4.422572391050918 size: 0.0
158000 : 4.512164001295484 size: 0.0
159000 : 4.399160736754265 size: 0.0
160000 : 4.424438058847477 size: 0.0
161000 : 4.31053222935453 size: 0.0
162000 : 4.428925774139091 size: 0.0
163000 : 4.510874131414012 size: 0.0
164000 : 4.530994037773151 size: 0.0
165000 : 4.424884181843815 size: 0.0
166000 : 4.48710372130766 size: 0.0
167000 : 4.563263830485143 size: 0.0
168000 : 4.465719054534077 size: 0.0
169000 : 4.619608786560817 size: 0.0
170000 : 4.3145108759995905 size: 0.0
171000 : 4.374064684375062 size: 0.0
172000 : 4.456536900804512 size: 0.0
173000 : 4.554930239154935 size: 0.0
174000 : 4.358320704584477 size: 0.0
175000 : 4.6468924582589946 size: 0.0
176000 : 4.527649663144473 size: 0.0
177000 : 4.354548781085755 size: 0.0
178000 : 4.564456358186226 size: 0.0
179000 : 4.624985652157392 size: 0.0
180000 : 4.586942401855935 size: 0.0
181000 : 4.653031550964193 size: 0.0
182000 : 4.608747050262925 size: 0.0
183000 : 4.4212271427558685 size: 0.0
184000 : 4.4458980540221384 size: 0.0
185000 : 4.390832304903583 size: 0.0
186000 : 4.57123041083841 size: 0.0
187000 : 4.5917737384839725 size: 0.0
188000 : 4.460354915653666 size: 0.0
189000 : 4.482360095831562 size: 0.0
190000 : 4.567928687907146 size: 0.0
191000 : 4.3748300071714015 size: 0.0
192000 : 4.44387932166631 size: 0.0
193000 : 4.28431828974472 size: 0.0
194000 : 4.385717884832224 size: 0.0
195000 : 4.440390481610907 size: 0.0
196000 : 4.639478974110902 size: 0.0
197000 : 4.458766139924996 size: 0.0
198000 : 4.4876692002636975 size: 0.0
199000 : 4.527124772094039 size: 0.0
200000 : 4.619187429066202 size: 0.0
201000 : 4.517267070511885 size: 0.0
202000 : 4.585070886649246 size: 0.0
203000 : 4.580716285929399 size: 0.0
204000 : 4.419499061079999 size: 0.0
205000 : 4.599449668157281 size: 0.0
206000 : 4.4820570624007425 size: 0.0
207000 : 4.359896409631682 size: 0.0
208000 : 4.5232864632920835 size: 0.0
209000 : 4.498003637754044 size: 0.0
210000 : 4.446170130575803 size: 0.0
211000 : 4.673245359850703 size: 0.0
212000 : 4.430962736655911 size: 0.0
213000 : 4.2935393115533795 size: 0.0
214000 : 4.674813841626571 size: 0.0
215000 : 4.536680472141279 size: 0.0
216000 : 4.386619417888047 size: 0.0
217000 : 4.464194600316829 size: 0.0
218000 : 4.399378122824956 size: 0.0
219000 : 4.479990518867975 size: 0.0
220000 : 4.532309361086949 size: 0.0
221000 : 4.3875567233352495 size: 0.0
222000 : 4.458087496384691 size: 0.0
223000 : 4.509491734866377 size: 0.0
224000 : 4.574790107745969 size: 0.0
225000 : 4.516165349650458 size: 0.0
226000 : 4.491251942846471 size: 0.0
227000 : 4.456542060284038 size: 0.0
228000 : 4.495201696406187 size: 0.0
229000 : 4.527143002255031 size: 0.0
230000 : 4.401126498453627 size: 0.0
231000 : 4.606220969087052 size: 0.0
232000 : 4.422027206047682 size: 0.0
233000 : 4.541793172386129 size: 0.0
234000 : 4.662250852946345 size: 0.0
235000 : 4.543896864171482 size: 0.0
236000 : 4.527675460542103 size: 0.0
237000 : 4.481548681684791 size: 0.0
238000 : 4.423138557937558 size: 0.0
239000 : 4.712357998275224 size: 0.0
240000 : 4.574841014610624 size: 0.0
241000 : 4.5881913398665 size: 0.0
242000 : 4.572852207236046 size: 0.0
243000 : 4.659414515068315 size: 0.0
244000 : 4.435156705579851 size: 0.0
245000 : 4.499205108552971 size: 0.0
246000 : 4.55650800799395 size: 0.0
247000 : 4.386928642694299 size: 0.0
248000 : 4.560796911341167 size: 0.0
249000 : 4.533231532060876 size: 0.0
250000 : 4.604807959627563 size: 0.0
251000 : 4.384263255571227 size: 0.0
252000 : 4.453904190385104 size: 0.0
253000 : 4.264922430345713 size: 0.0
254000 : 4.454283928078209 size: 0.0
255000 : 4.334419243698168 size: 0.0
256000 : 4.664376214545707 size: 0.0
257000 : 4.357046313141584 size: 0.0
258000 : 4.494658575194762 size: 0.0
259000 : 4.449310533780558 size: 0.0
260000 : 4.529199570794049 size: 0.0
261000 : 4.552218072750828 size: 0.0
262000 : 4.718549373706285 size: 0.0
263000 : 4.688071296250982 size: 0.0
264000 : 4.497170553793264 size: 0.0
265000 : 4.469420121180645 size: 0.0
266000 : 4.546778605469339 size: 0.0
267000 : 4.466987942532143 size: 0.0
268000 : 4.445937610031837 size: 0.0
269000 : 4.478726446384133 size: 0.0
270000 : 4.476242672940373 size: 0.0
271000 : 4.362873085352816 size: 0.0
272000 : 4.495353385104248 size: 0.0
273000 : 4.516088989353475 size: 0.0
274000 : 4.4460287608367945 size: 0.0
275000 : 4.475305023527868 size: 0.0
276000 : 4.5431951749559625 size: 0.0
277000 : 4.401410269827551 size: 0.0
278000 : 4.450414662399098 size: 0.0
279000 : 4.501484910572809 size: 0.0
280000 : 4.441416530105955 size: 0.0
281000 : 4.422952472709325 size: 0.0
282000 : 4.571424751233885 size: 0.0
283000 : 4.478932481599867 size: 0.0
284000 : 4.407981038986415 size: 0.0
285000 : 4.535365836758084 size: 0.0
286000 : 4.3726207180384185 size: 0.0
287000 : 4.233687285261312 size: 0.0
288000 : 4.446154308171924 size: 0.0
289000 : 4.634643165933942 size: 0.0
290000 : 4.446087234938087 size: 0.0
291000 : 4.436432816849253 size: 0.0
292000 : 4.37339051238368 size: 0.0
293000 : 4.437901892652923 size: 0.0
294000 : 4.528840127053745 size: 0.0
295000 : 4.4462564658665364 size: 0.0
296000 : 4.5075493628075325 size: 0.0
297000 : 4.424409509727434 size: 0.0
298000 : 4.353551969641353 size: 0.0
299000 : 4.472274001289062 size: 0.0
300000 : 4.439833945752715 size: 0.0
301000 : 4.4507995595717285 size: 0.0
302000 : 4.511997178124147 size: 0.0
303000 : 4.458022142977363 size: 0.0
304000 : 4.5028955122751855 size: 0.0
305000 : 4.513308717819626 size: 0.0
306000 : 4.635667838567782 size: 0.0
307000 : 4.545667597544766 size: 0.0
308000 : 4.382534141999452 size: 0.0
309000 : 4.548194022685941 size: 0.0
310000 : 4.490783806070823 size: 0.0
311000 : 4.3025412274648405 size: 0.0
312000 : 4.397503167965249 size: 0.0
313000 : 4.4345042034024775 size: 0.0
314000 : 4.5548119150911415 size: 0.0
315000 : 4.505800987178862 size: 0.0
316000 : 4.486674108645805 size: 0.0
317000 : 4.409000208175428 size: 0.0
318000 : 4.545825821583559 size: 0.0
319000 : 4.547024196694772 size: 0.0
320000 : 4.470122498326768 size: 0.0
321000 : 4.549917288847586 size: 0.0
322000 : 4.5310986032248755 size: 0.0
323000 : 4.531328372046429 size: 0.0
324000 : 4.416871166174816 size: 0.0
325000 : 4.470518058423753 size: 0.0
326000 : 4.526326428628734 size: 0.0
327000 : 4.489540371505084 size: 0.0
328000 : 4.475837137849638 size: 0.0
329000 : 4.393755322037647 size: 0.0
330000 : 4.650617946441985 size: 0.0
331000 : 4.535942322603776 size: 0.0
332000 : 4.62487179964252 size: 0.0
333000 : 4.5666825016189945 size: 0.0
334000 : 4.5525400242732434 size: 0.0
335000 : 4.432105045422941 size: 0.0
336000 : 4.532900293475314 size: 0.0
337000 : 4.6330557660664775 size: 0.0
338000 : 4.393650068655319 size: 0.0
339000 : 4.531170148007634 size: 0.0
340000 : 4.6851641015207965 size: 0.0
341000 : 4.609380978314006 size: 0.0
342000 : 4.551952187572595 size: 0.0
343000 : 4.642900396967167 size: 0.0
344000 : 4.5392884170589625 size: 0.0
345000 : 4.641250395414789 size: 0.0
346000 : 4.428998006852454 size: 0.0
347000 : 4.483135737586954 size: 0.0
348000 : 4.401508987869146 size: 0.0
349000 : 4.49832180565814 size: 0.0
350000 : 4.450500309759227 size: 0.0
351000 : 4.613069318244409 size: 0.0
352000 : 4.525019360482177 size: 0.0
353000 : 4.58624174453632 size: 0.0
354000 : 4.500717867949961 size: 0.0
355000 : 4.357516857674344 size: 0.0
356000 : 4.382828232332428 size: 0.0
357000 : 4.373778505244027 size: 0.0
358000 : 4.453317041615058 size: 0.0
359000 : 4.502127437756432 size: 0.0
360000 : 4.472877316428289 size: 0.0
361000 : 4.432962550920143 size: 0.0
362000 : 4.434567149052693 size: 0.0
363000 : 4.641624285697764 size: 0.0
364000 : 4.382857125417773 size: 0.0
365000 : 4.333433439143422 size: 0.0
366000 : 4.550882455484228 size: 0.0
367000 : 4.402540539809021 size: 0.0
368000 : 4.411934920129751 size: 0.0
369000 : 4.3667330639687805 size: 0.0
370000 : 4.488391871362623 size: 0.0
371000 : 4.5796778546834895 size: 0.0
372000 : 4.235990820886968 size: 0.0
373000 : 4.400982376992204 size: 0.0
374000 : 4.3191127877713775 size: 0.0
375000 : 4.501612521699749 size: 0.0
376000 : 4.443927820773854 size: 0.0
377000 : 4.590293999755949 size: 0.0
378000 : 4.594070738768896 size: 0.0
379000 : 4.418746464999823 size: 0.0
380000 : 4.479576040679396 size: 0.0
381000 : 4.455448938555153 size: 0.0
382000 : 4.478648366260641 size: 0.0
383000 : 4.578521443339088 size: 0.0
384000 : 4.481445148128972 size: 0.0
385000 : 4.342355899070185 size: 0.0
386000 : 4.3958332164253715 size: 0.0
387000 : 4.5399099623591805 size: 0.0
388000 : 4.468119932340122 size: 0.0
389000 : 4.512399617527166 size: 0.0
390000 : 4.619777329558662 size: 0.0
391000 : 4.454878988050194 size: 0.0
392000 : 4.658112606401284 size: 0.0
393000 : 4.469338257438834 size: 0.0
394000 : 4.604451955540277 size: 0.0
395000 : 4.492691093668891 size: 0.0
396000 : 4.449571947409869 size: 0.0
397000 : 4.497076651265893 size: 0.0
398000 : 4.518624357592494 size: 0.0
399000 : 4.574284478752432 size: 0.0
400000 : 4.591731086786559 size: 0.0
401000 : 4.555703129187912 size: 0.0
402000 : 4.682545493678759 size: 0.0
403000 : 4.5162833297489495 size: 0.0
404000 : 4.54497072384347 size: 0.0
405000 : 4.55045215489177 size: 0.0
406000 : 4.515886393790758 size: 0.0
407000 : 4.482426825100097 size: 0.0
408000 : 4.558693907486417 size: 0.0
409000 : 4.57053869661664 size: 0.0
410000 : 4.639643733490429 size: 0.0
411000 : 4.630915613959141 size: 0.0
412000 : 4.649422323053186 size: 0.0
413000 : 4.548735080105555 size: 0.0
414000 : 4.533897792850318 size: 0.0
415000 : 4.543286669726221 size: 0.0
416000 : 4.492443438651649 size: 0.0
417000 : 4.546684702941969 size: 0.0
418000 : 4.441008243292807 size: 0.0
419000 : 4.548280357976673 size: 0.0
420000 : 4.401109644153842 size: 0.0
421000 : 4.540413871526209 size: 0.0
422000 : 4.5626828730905284 size: 0.0
423000 : 4.49784163009693 size: 0.0
424000 : 4.555883710971318 size: 0.0
425000 : 4.5000337209648285 size: 0.0
426000 : 4.505678535531447 size: 0.0
427000 : 4.394603884437004 size: 0.0
428000 : 4.539009117233961 size: 0.0
429000 : 4.628150820863871 size: 0.0
430000 : 4.555177550206876 size: 0.0
431000 : 4.4586897796280125 size: 0.0
432000 : 4.630613956389528 size: 0.0
433000 : 4.632873808421865 size: 0.0
434000 : 4.493785591258982 size: 0.0
435000 : 4.728718363886501 size: 0.0
436000 : 4.485016539856789 size: 0.0
437000 : 4.456911135052789 size: 0.0
438000 : 4.372984289362342 size: 0.0
439000 : 4.496865112605332 size: 0.0
440000 : 4.558190686249992 size: 0.0
441000 : 4.569752391936896 size: 0.0
442000 : 4.630924557056986 size: 0.0
443000 : 4.466663927217917 size: 0.0
444000 : 4.436883411394513 size: 0.0
445000 : 4.594769332296701 size: 0.0
446000 : 4.554323484362691 size: 0.0
447000 : 4.452059160506647 size: 0.0
448000 : 4.341349456597335 size: 0.0
449000 : 4.399645039899094 size: 0.0
450000 : 4.422946969264497 size: 0.0
451000 : 4.479231043481764 size: 0.0
452000 : 4.381245647979188 size: 0.0
453000 : 4.2302871882537545 size: 0.0
454000 : 4.403930847558596 size: 0.0
455000 : 4.419678267002198 size: 0.0
456000 : 4.45658230422434 size: 0.0
457000 : 4.584626483479416 size: 0.0
458000 : 4.236006987256149 size: 0.0
459000 : 4.513530919404541 size: 0.0
460000 : 4.42948953326862 size: 0.0
461000 : 4.461615548484491 size: 0.0
462000 : 4.44265721294928 size: 0.0
463000 : 4.4117887348765175 size: 0.0
464000 : 4.512752869892038 size: 0.0
465000 : 4.500557580119357 size: 0.0
466000 : 4.42261469878303 size: 0.0
467000 : 4.5150037788265305 size: 0.0
468000 : 4.514843147030625 size: 0.0
469000 : 4.580922321145133 size: 0.0
470000 : 4.630473618546423 size: 0.0
471000 : 4.494000225607259 size: 0.0
472000 : 4.383439114708292 size: 0.0
473000 : 4.507007961422617 size: 0.0
474000 : 4.389233210215861 size: 0.0
475000 : 4.463975838384932 size: 0.0
476000 : 4.5300326547548275 size: 0.0
477000 : 4.455168950799549 size: 0.0
478000 : 4.627489031623351 size: 0.0
479000 : 4.465829467395931 size: 0.0
480000 : 4.636301078688259 size: 0.0
481000 : 4.494989469815022 size: 0.0
482000 : 4.47334992475286 size: 0.0
483000 : 4.241139981453801 size: 0.0
484000 : 4.610272192410776 size: 0.0
485000 : 4.577146957993393 size: 0.0
486000 : 4.5050745324616175 size: 0.0
487000 : 4.548886080873013 size: 0.0
488000 : 4.315137924744636 size: 0.0
489000 : 4.477521535932188 size: 0.0
490000 : 4.534016116914112 size: 0.0
491000 : 4.3542137588818735 size: 0.0
492000 : 4.467464678440335 size: 0.0
493000 : 4.598103387966328 size: 0.0
494000 : 4.426690687608478 size: 0.0
495000 : 4.6504146629486645 size: 0.0
496000 : 4.392677678747341 size: 0.0
497000 : 4.464596695754547 size: 0.0
498000 : 4.366924652641842 size: 0.0
499000 : 4.402476218297598 size: 0.0
500000 : 4.586652095141278 size: 0.0
501000 : 4.583144680959582 size: 0.0
502000 : 4.407662527117017 size: 0.0
503000 : 4.585522513090411 size: 0.0
504000 : 4.42293768220135 size: 0.0
505000 : 4.457501723475852 size: 0.0
506000 : 4.354778205942005 size: 0.0
507000 : 4.585292056338255 size: 0.0
508000 : 4.420588743155866 size: 0.0
509000 : 4.374364966083469 size: 0.0
510000 : 4.515223916619635 size: 0.0
511000 : 4.589062260010469 size: 0.0
512000 : 4.559743345621982 size: 0.0
513000 : 4.496170646661148 size: 0.0
514000 : 4.560780057041383 size: 0.0
515000 : 4.496891253968263 size: 0.0
516000 : 4.429815268409354 size: 0.0
517000 : 4.233185783851396 size: 0.0
518000 : 4.569790572085386 size: 0.0
519000 : 4.490130959928147 size: 0.0
520000 : 4.419628735998749 size: 0.0
521000 : 4.573886510898335 size: 0.0
522000 : 4.680640613837803 size: 0.0
523000 : 4.557031179217875 size: 0.0
524000 : 4.402054860802984 size: 0.0
525000 : 4.370722717503496 size: 0.0
526000 : 4.464391004504114 size: 0.0
527000 : 4.4893250492262045 size: 0.0
528000 : 4.472377878810184 size: 0.0
529000 : 4.567581282952403 size: 0.0
530000 : 4.464616645742047 size: 0.0
531000 : 4.336439695880504 size: 0.0
532000 : 4.4233721103774295 size: 0.0
533000 : 4.496570678307054 size: 0.0
534000 : 4.441706836820612 size: 0.0
535000 : 4.517707346098094 size: 0.0
536000 : 4.500351544903623 size: 0.0
537000 : 4.38081947497035 size: 0.0
538000 : 4.3902675138781495 size: 0.0
539000 : 4.533096697662599 size: 0.0
540000 : 4.334409956635021 size: 0.0
541000 : 4.526874021389082 size: 0.0
542000 : 4.557005037854944 size: 0.0
543000 : 4.340371219279228 size: 0.0
544000 : 4.283463879935233 size: 0.0
545000 : 4.3902148871869855 size: 0.0
546000 : 4.332705608564971 size: 0.0
547000 : 4.492725146233762 size: 0.0
548000 : 4.317349621634732 size: 0.0
549000 : 4.562053416588371 size: 0.0
550000 : 4.306468279314642 size: 0.0
551000 : 4.388349219390426 size: 0.0
552000 : 4.575136136839505 size: 0.0
553000 : 4.256574736438134 size: 0.0
554000 : 4.309977757288149 size: 0.0
555000 : 4.428814329381332 size: 0.0
556000 : 4.304132754915925 size: 0.0
557000 : 4.436723811494513 size: 0.0
558000 : 4.299472369042845 size: 0.0
559000 : 4.40842441026034 size: 0.0
560000 : 4.559564139699782 size: 0.0
561000 : 4.412635233484064 size: 0.0
562000 : 4.5832843308720825 size: 0.0
563000 : 4.4642090468595015 size: 0.0
564000 : 4.62233230381988 size: 0.0
565000 : 4.570300328662544 size: 0.0
566000 : 4.486323608003347 size: 0.0
567000 : 4.6863019387389055 size: 0.0
568000 : 4.513489987533636 size: 0.0
569000 : 4.429658076266465 size: 0.0
570000 : 4.355304472853645 size: 0.0
571000 : 4.449847463616552 size: 0.0
572000 : 4.568408519503054 size: 0.0
573000 : 4.510196519769614 size: 0.0
574000 : 4.400393164430348 size: 0.0
575000 : 4.522882991993159 size: 0.0
576000 : 4.419352875826766 size: 0.0
577000 : 4.38214305345139 size: 0.0
578000 : 4.5807561859043995 size: 0.0
579000 : 4.402369933019365 size: 0.0
580000 : 4.369146324525688 size: 0.0
581000 : 4.6603353101810345 size: 0.0
582000 : 4.524475207374847 size: 0.0
583000 : 4.533853421326396 size: 0.0
584000 : 4.510915751215522 size: 0.0
585000 : 4.502617932276693 size: 0.0
586000 : 4.579026728367323 size: 0.0
587000 : 4.3811410825274635 size: 0.0
588000 : 4.441271032783326 size: 0.0
589000 : 4.726067767271403 size: 0.0
590000 : 4.529545943852886 size: 0.0
591000 : 4.637563775310894 size: 0.0
592000 : 4.509878695830818 size: 0.0
593000 : 4.54514614614735 size: 0.0
594000 : 4.497967177432061 size: 0.0
595000 : 4.480935391551815 size: 0.0
596000 : 4.406812244891151 size: 0.0
597000 : 4.429951134703535 size: 0.0
598000 : 4.5404967671639245 size: 0.0
599000 : 4.62026335253 size: 0.0
600000 : 4.7395126829852545 size: 0.0
601000 : 4.386426797319081 size: 0.0
602000 : 4.435442196780283 size: 0.0
603000 : 4.4800847653606475 size: 0.0
604000 : 4.449930015288966 size: 0.0
605000 : 4.562305199189234 size: 0.0
606000 : 4.527543033900938 size: 0.0
607000 : 4.38171653647725 size: 0.0
608000 : 4.431579810407206 size: 0.0
609000 : 4.435213803819937 size: 0.0
610000 : 4.412862250583204 size: 0.0
611000 : 4.504746733529073 size: 0.0
612000 : 4.2911783337223355 size: 0.0
613000 : 4.397377620630119 size: 0.0
614000 : 4.435182846942782 size: 0.0
615000 : 4.446896241327746 size: 0.0
616000 : 4.4548356484221765 size: 0.0
617000 : 4.493471894903808 size: 0.0
618000 : 4.520666135623538 size: 0.0
619000 : 4.507829006597836 size: 0.0
620000 : 4.581245304563454 size: 0.0
621000 : 4.407406960897835 size: 0.0
622000 : 4.476329696161709 size: 0.0
623000 : 4.46140022620561 size: 0.0
624000 : 4.642728414316304 size: 0.0
625000 : 4.513157029121565 size: 0.0
626000 : 4.40329588761161 size: 0.0
627000 : 4.404288915437692 size: 0.0
628000 : 4.493274458820618 size: 0.0
629000 : 4.575939295819034 size: 0.0
630000 : 4.4553681067092485 size: 0.0
631000 : 4.551147652731858 size: 0.0
632000 : 4.449776606764397 size: 0.0
633000 : 4.519043995260599 size: 0.0
634000 : 4.515678638748516 size: 0.0
635000 : 4.5192534701293505 size: 0.0
636000 : 4.5329346900054865 size: 0.0
637000 : 4.540545266271468 size: 0.0
638000 : 4.5491471505370225 size: 0.0
639000 : 4.469599671068146 size: 0.0
640000 : 4.456648001596969 size: 0.0
641000 : 4.453549906124326 size: 0.0
642000 : 4.501625592381214 size: 0.0
643000 : 4.553020543799755 size: 0.0
644000 : 4.38370981540075 size: 0.0
645000 : 4.408021282926717 size: 0.0
646000 : 4.477168627532618 size: 0.0
647000 : 4.450317320218709 size: 0.0
648000 : 4.399174495366334 size: 0.0
649000 : 4.510870347795694 size: 0.0
650000 : 4.262005948552382 size: 0.0
651000 : 4.320925828876773 size: 0.0
652000 : 4.493672770640016 size: 0.0
653000 : 4.411519410045266 size: 0.0
654000 : 4.351291773643714 size: 0.0
655000 : 4.490316013260476 size: 0.0
656000 : 4.430671398045349 size: 0.0
657000 : 4.409447363067671 size: 0.0
658000 : 4.386053251001407 size: 0.0
659000 : 4.389869546024053 size: 0.0
660000 : 4.33151342482919 size: 0.0
661000 : 4.577604431844688 size: 0.0
662000 : 4.392357447051434 size: 0.0
663000 : 4.4040632741997605 size: 0.0
664000 : 4.255083990820456 size: 0.0
665000 : 4.3728497989293675 size: 0.0
666000 : 4.530954481763453 size: 0.0
667000 : 4.430083217379398 size: 0.0
668000 : 4.425535308159982 size: 0.0
669000 : 4.639019780433098 size: 0.0
670000 : 4.410117063510131 size: 0.0
671000 : 4.618916384408443 size: 0.0
672000 : 4.5323812498350105 size: 0.0
673000 : 4.360325678328236 size: 0.0
674000 : 4.399457578809654 size: 0.0
675000 : 4.4045200601204515 size: 0.0
676000 : 4.429480590170774 size: 0.0
677000 : 4.53341968108092 size: 0.0
678000 : 4.543328977458334 size: 0.0
679000 : 4.500068461460303 size: 0.0
680000 : 4.508861934398918 size: 0.0
681000 : 4.396383904873434 size: 0.0
682000 : 4.533959706604629 size: 0.0
683000 : 4.47778501335331 size: 0.0
684000 : 4.458352005701718 size: 0.0
685000 : 4.5976056701747305 size: 0.0
686000 : 4.56543184378192 size: 0.0
687000 : 4.524745908067305 size: 0.0
688000 : 4.467374903496585 size: 0.0
689000 : 4.585665258690628 size: 0.0
690000 : 4.44477019179778 size: 0.0
691000 : 4.3745489875198915 size: 0.0
692000 : 4.415661096243345 size: 0.0
693000 : 4.531339378936083 size: 0.0
694000 : 4.570231191636897 size: 0.0
695000 : 4.520752470914271 size: 0.0
696000 : 4.4495547491447835 size: 0.0
697000 : 4.534251045215191 size: 0.0
698000 : 4.4052004234872655 size: 0.0
699000 : 4.400985128714618 size: 0.0
700000 : 4.543356838647773 size: 0.0
701000 : 4.611747803555179 size: 0.0
702000 : 4.556598814833606 size: 0.0
703000 : 4.5633415666433335 size: 0.0
704000 : 4.437682786755723 size: 0.0
705000 : 4.4288325595423235 size: 0.0
706000 : 4.497373837286584 size: 0.0
707000 : 4.489345687144308 size: 0.0
708000 : 4.389157881814782 size: 0.0
709000 : 4.454605191670021 size: 0.0
710000 : 4.539298736018014 size: 0.0
711000 : 4.386154376800114 size: 0.0
712000 : 4.651953563708585 size: 0.0
713000 : 4.475437106203731 size: 0.0
714000 : 4.43067965321259 size: 0.0
715000 : 4.601189100688108 size: 0.0
716000 : 4.485479173187611 size: 0.0
717000 : 4.429185123976592 size: 0.0
718000 : 4.568514460815985 size: 0.0
719000 : 4.4183691350638306 size: 0.0
720000 : 4.514432108495063 size: 0.0
721000 : 4.55877233157521 size: 0.0
722000 : 4.457604225135767 size: 0.0
723000 : 4.566624027517701 size: 0.0
724000 : 4.5835319858893255 size: 0.0
725000 : 4.458805695934694 size: 0.0
726000 : 4.391241279647335 size: 0.0
727000 : 4.4837841121807065 size: 0.0
728000 : 4.598246133566544 size: 0.0
729000 : 4.4559727977096815 size: 0.0
730000 : 4.535717369296447 size: 0.0
731000 : 4.526101475321406 size: 0.0
732000 : 4.377922255233915 size: 0.0
733000 : 4.206174188706883 size: 0.0
734000 : 4.432684626956349 size: 0.0
735000 : 4.514669444553253 size: 0.0
736000 : 4.49178784078656 size: 0.0
737000 : 4.526058135693388 size: 0.0
738000 : 4.348405560796935 size: 0.0
739000 : 4.521313478321385 size: 0.0
740000 : 4.317206532069214 size: 0.0
741000 : 4.405216933821748 size: 0.0
742000 : 4.4559394330754145 size: 0.0
743000 : 4.409136762400213 size: 0.0
744000 : 4.473742389162129 size: 0.0
745000 : 4.568367587632148 size: 0.0
746000 : 4.458739310631461 size: 0.0
747000 : 4.447451401324732 size: 0.0
748000 : 4.460466360411425 size: 0.0
749000 : 4.5518541574616025 size: 0.0
750000 : 4.498329028929476 size: 0.0
751000 : 4.546015002499509 size: 0.0
752000 : 4.413650619054758 size: 0.0
753000 : 4.539524377255947 size: 0.0
754000 : 4.539637541840214 size: 0.0
755000 : 4.553644840822386 size: 0.0
756000 : 4.368721183412755 size: 0.0
757000 : 4.480979419110436 size: 0.0
758000 : 4.437099077638695 size: 0.0
759000 : 4.53151617710117 size: 0.0
760000 : 4.662129777160137 size: 0.0
761000 : 4.527654134693395 size: 0.0
762000 : 4.414450682346573 size: 0.0
763000 : 4.38390897131045 size: 0.0
764000 : 4.367881220145941 size: 0.0
765000 : 4.507051301050634 size: 0.0
766000 : 4.445329135413084 size: 0.0
767000 : 4.523670672534111 size: 0.0
768000 : 4.469824280410172 size: 0.0
769000 : 4.484696308160883 size: 0.0
770000 : 4.2870308001141275 size: 0.0
771000 : 4.413820881879112 size: 0.0
772000 : 4.4960285889915355 size: 0.0
773000 : 4.515301308812523 size: 0.0
774000 : 4.496564486931623 size: 0.0
775000 : 4.535443228950972 size: 0.0
776000 : 4.584114319145146 size: 0.0
777000 : 4.386613570477918 size: 0.0
778000 : 4.441929038405527 size: 0.0
779000 : 4.469464836669869 size: 0.0
780000 : 4.4693613031140496 size: 0.0
781000 : 4.458807071795901 size: 0.0
782000 : 4.433745415946871 size: 0.0
783000 : 4.4698769071013364 size: 0.0
784000 : 4.350097870081425 size: 0.0
785000 : 4.431545757842335 size: 0.0
786000 : 4.418437928124176 size: 0.0
787000 : 4.440552489268021 size: 0.0
788000 : 4.371480817028499 size: 0.0
789000 : 4.487313540141713 size: 0.0
790000 : 4.493884309300578 size: 0.0
791000 : 4.588933960952926 size: 0.0
792000 : 4.600821401780563 size: 0.0
793000 : 4.445375914694119 size: 0.0
794000 : 4.2727558961272125 size: 0.0
795000 : 4.4880485939915005 size: 0.0
796000 : 4.524149472234113 size: 0.0
797000 : 4.471763556781301 size: 0.0
798000 : 4.468266461558657 size: 0.0
799000 : 4.424114387498554 size: 0.0
800000 : 4.367659018561026 size: 0.0
801000 : 4.439913745702716 size: 0.0
802000 : 4.4032188393840235 size: 0.0
803000 : 4.425480617677008 size: 0.0
804000 : 4.287280862888482 size: 0.0
805000 : 4.331175994868197 size: 0.0
806000 : 4.204650422420239 size: 0.0
807000 : 4.49073530696328 size: 0.0
808000 : 4.531087252369919 size: 0.0
809000 : 4.381640520145569 size: 0.0
810000 : 4.568652390901977 size: 0.0
811000 : 4.527790344952878 size: 0.0
812000 : 4.427562295683051 size: 0.0
813000 : 4.409735262025215 size: 0.0
814000 : 4.469182441157153 size: 0.0
815000 : 4.4483890507372355 size: 0.0
816000 : 4.392134213570614 size: 0.0
817000 : 4.517035581863824 size: 0.0
818000 : 4.469330690202196 size: 0.0
819000 : 4.470394230915132 size: 0.0
820000 : 4.418401467802193 size: 0.0
821000 : 4.46487840333666 size: 0.0
822000 : 4.452502875745874 size: 0.0
823000 : 4.453006096982298 size: 0.0
824000 : 4.530973055889746 size: 0.0
825000 : 4.4979413800344314 size: 0.0
826000 : 4.56461458222502 size: 0.0
827000 : 4.446589768243909 size: 0.0
828000 : 4.396896757138307 size: 0.0
829000 : 4.455576205716792 size: 0.0
830000 : 4.395746193204035 size: 0.0
831000 : 4.385469541884379 size: 0.0
832000 : 4.429025868041894 size: 0.0
833000 : 4.549019883375384 size: 0.0
834000 : 4.473303145471825 size: 0.0
835000 : 4.3474923329208535 size: 0.0
836000 : 4.659723395909265 size: 0.0
837000 : 4.316313598145935 size: 0.0
838000 : 4.512995365429755 size: 0.0
839000 : 4.676403993216449 size: 0.0
840000 : 4.564815801926529 size: 0.0
841000 : 4.325534963919897 size: 0.0
842000 : 4.530633218171641 size: 0.0
843000 : 4.443963249199932 size: 0.0
844000 : 4.434354922461528 size: 0.0
845000 : 4.674475379769674 size: 0.0
846000 : 4.451241211019144 size: 0.0
847000 : 4.568493478932579 size: 0.0
848000 : 4.536691479030934 size: 0.0
849000 : 4.596839315482486 size: 0.0
850000 : 4.382530702346435 size: 0.0
851000 : 4.566012457211233 size: 0.0
852000 : 4.450789584577978 size: 0.0
853000 : 4.372824001531738 size: 0.0
854000 : 4.495699414197784 size: 0.0
855000 : 4.648097368710939 size: 0.0
856000 : 4.3185352700297805 size: 0.0
857000 : 4.494281933189372 size: 0.0
858000 : 4.45516723097304 size: 0.0
859000 : 4.4299332485078455 size: 0.0
860000 : 4.310742736119186 size: 0.0
861000 : 4.582821697541262 size: 0.0
862000 : 4.610746864527158 size: 0.0
863000 : 4.353141275071093 size: 0.0
864000 : 4.457220015893739 size: 0.0
865000 : 4.299304857940904 size: 0.0
866000 : 4.483325262468204 size: 0.0
867000 : 4.488107756023398 size: 0.0
868000 : 4.311367033141819 size: 0.0
869000 : 4.431456326863887 size: 0.0
870000 : 4.493351163082903 size: 0.0
871000 : 4.358598972513573 size: 0.0
872000 : 4.379164657903748 size: 0.0
873000 : 4.394069362358122 size: 0.0
874000 : 4.371402392939706 size: 0.0
875000 : 4.443364061644326 size: 0.0
876000 : 4.444531823843684 size: 0.0
877000 : 4.329034122934352 size: 0.0
878000 : 4.419896684968794 size: 0.0
879000 : 4.301188411933154 size: 0.0
880000 : 4.361858731678027 size: 0.0
881000 : 4.3749493631311 size: 0.0
882000 : 4.440879944235263 size: 0.0
883000 : 4.581929795513887 size: 0.0
884000 : 4.463800416081051 size: 0.0
885000 : 4.353804784138122 size: 0.0
886000 : 4.294745597866531 size: 0.0
887000 : 4.440059243025346 size: 0.0
888000 : 4.51359627281187 size: 0.0
889000 : 4.435637913036965 size: 0.0
890000 : 4.5377588033621885 size: 0.0
891000 : 4.397440566280335 size: 0.0
892000 : 4.259996503259701 size: 0.0
893000 : 4.509341422029523 size: 0.0
894000 : 4.4762481763852 size: 0.0
895000 : 4.602565649825614 size: 0.0
896000 : 4.48777342175012 size: 0.0
897000 : 4.461851508681474 size: 0.0
898000 : 4.494145378964587 size: 0.0
899000 : 4.469956707051336 size: 0.0
900000 : 4.263033028943335 size: 0.0
901000 : 4.455965918403647 size: 0.0
902000 : 4.508481164809908 size: 0.0
903000 : 4.392769861448203 size: 0.0
904000 : 4.369504392404784 size: 0.0
905000 : 4.34809771185189 size: 0.0
906000 : 4.4237460006604055 size: 0.0
907000 : 4.31091093515173 size: 0.0
908000 : 4.416440865582357 size: 0.0
909000 : 4.419959286653708 size: 0.0
910000 : 4.405791011910328 size: 0.0
911000 : 4.337455769381801 size: 0.0
912000 : 4.489131396761333 size: 0.0
913000 : 4.521606192793154 size: 0.0
914000 : 4.433600262589542 size: 0.0
915000 : 4.431975026538889 size: 0.0
916000 : 4.401291945763757 size: 0.0
917000 : 4.3065222818670135 size: 0.0
918000 : 4.316355217947443 size: 0.0
919000 : 4.31940240655543 size: 0.0
920000 : 4.409680227576939 size: 0.0
921000 : 4.442356931240873 size: 0.0
922000 : 4.428939188785859 size: 0.0
923000 : 4.359316484132973 size: 0.0
924000 : 4.2425557426357035 size: 0.0
925000 : 4.530753606027245 size: 0.0
926000 : 4.670936320780219 size: 0.0
927000 : 4.297194286849516 size: 0.0
928000 : 4.253644152067432 size: 0.0
929000 : 4.518773294568142 size: 0.0
930000 : 4.266997229045723 size: 0.0
931000 : 4.444551429865883 size: 0.0
932000 : 4.382168162918416 size: 0.0
933000 : 4.293667954576225 size: 0.0
934000 : 4.41302700996273 size: 0.0
935000 : 4.4231313346662215 size: 0.0
936000 : 4.273256365641224 size: 0.0
937000 : 4.623497658262126 size: 0.0
938000 : 4.400406235111814 size: 0.0
939000 : 4.626511826201148 size: 0.0
940000 : 4.540480944760045 size: 0.0
941000 : 4.464154356376527 size: 0.0
942000 : 4.53494241547166 size: 0.0
943000 : 4.6223632606970355 size: 0.0
944000 : 4.629561422566248 size: 0.0
945000 : 4.631129560376815 size: 0.0
946000 : 4.332940192900748 size: 0.0
947000 : 4.399642976107284 size: 0.0
948000 : 4.4797325448916805 size: 0.0
949000 : 4.602698764397382 size: 0.0
950000 : 4.632386753554622 size: 0.0
951000 : 4.417434581339042 size: 0.0
952000 : 4.480788174402677 size: 0.0
953000 : 4.385911537297096 size: 0.0
954000 : 4.538707115699046 size: 0.0
955000 : 4.487047310998178 size: 0.0
956000 : 4.535484160821877 size: 0.0
957000 : 4.666483689949381 size: 0.0
958000 : 4.594398881666742 size: 0.0
959000 : 4.358400848499779 size: 0.0
960000 : 4.441088043242807 size: 0.0
961000 : 4.321747561982596 size: 0.0
962000 : 4.376394705328952 size: 0.0
963000 : 4.380386422655477 size: 0.0
964000 : 4.424924081818816 size: 0.0
965000 : 4.430876745330479 size: 0.0
966000 : 4.561382684250006 size: 0.0
967000 : 4.525207853467522 size: 0.0
968000 : 4.537668340487835 size: 0.0
969000 : 4.59809203711137 size: 0.0
970000 : 4.473380537664713 size: 0.0
971000 : 4.471433006126343 size: 0.0
972000 : 4.502720433936607 size: 0.0
973000 : 4.558893063396116 size: 0.0
974000 : 4.363899133847863 size: 0.0
975000 : 4.476638233037357 size: 0.0
976000 : 4.393970644316528 size: 0.0
977000 : 4.385702062428345 size: 0.0
978000 : 4.245954119816752 size: 0.0
979000 : 4.468303953776545 size: 0.0
980000 : 4.320326641321167 size: 0.0
981000 : 4.36115979418492 size: 0.0
982000 : 4.21704899568624 size: 0.0
983000 : 4.619806910574611 size: 0.0
984000 : 4.517446964364687 size: 0.0
985000 : 4.463234249194412 size: 0.0
986000 : 4.231155012710008 size: 0.0
987000 : 4.506517810867658 size: 0.0
988000 : 4.305964714112916 size: 0.0
989000 : 4.37181583923238 size: 0.0
990000 : 4.396391472110072 size: 0.0
991000 : 4.453834365428854 size: 0.0
992000 : 4.519773201700258 size: 0.0
993000 : 4.419083894960816 size: 0.0
994000 : 4.4591255836652985 size: 0.0
995000 : 4.615569258057351 size: 0.0
996000 : 4.326756040741023 size: 0.0
997000 : 4.481551089441904 size: 0.0
998000 : 4.311121441916386 size: 0.0
999000 : 4.560106572980604 size: 0.0
1000000 : 4.502743479611823 size: 0.0
1001000 : 4.627850195190162 size: 0.0
1002000 : 4.4810585311298325 size: 0.0
1003000 : 4.295496474120198 size: 0.0
1004000 : 4.475120314160842 size: 0.0
1005000 : 4.604928347483167 size: 0.0
1006000 : 4.278157871190814 size: 0.0
1007000 : 4.544180635545406 size: 0.0
1008000 : 4.541215998609833 size: 0.0
1009000 : 4.507904334998914 size: 0.0
1010000 : 4.443583167541525 size: 0.0
1011000 : 4.391854913745613 size: 0.0
1012000 : 4.438109647695165 size: 0.0
1013000 : 4.5154743233592916 size: 0.0
1014000 : 4.568099294696802 size: 0.0
1015000 : 4.460830275700651 size: 0.0
1016000 : 4.5129981171521685 size: 0.0
1017000 : 4.399705577792198 size: 0.0
1018000 : 4.388699376067582 size: 0.0
1019000 : 4.498588034801675 size: 0.0
1020000 : 4.560772489804744 size: 0.0
1021000 : 4.449449151797154 size: 0.0
1022000 : 4.701254798335521 size: 0.0
1023000 : 4.562185155298931 size: 0.0
1024000 : 4.409668876721983 size: 0.0
1025000 : 4.338074906924907 size: 0.0
1026000 : 4.404411367085107 size: 0.0
1027000 : 4.351715882860742 size: 0.0
1028000 : 4.569002891544435 size: 0.0
1029000 : 4.51905603404616 size: 0.0
1030000 : 4.510135293945906 size: 0.0
1031000 : 4.536330659429424 size: 0.0
1032000 : 4.5066258159723995 size: 0.0
1033000 : 4.2683644911200815 size: 0.0
1034000 : 4.542051490327724 size: 0.0
1035000 : 4.442675787075573 size: 0.0
1036000 : 4.425566609002439 size: 0.0
1037000 : 4.308516248721117 size: 0.0
1038000 : 4.4513320178588 size: 0.0
1039000 : 4.373487510598767 size: 0.0
1040000 : 4.326107322181968 size: 0.0
1041000 : 4.553453252149325 size: 0.0
1042000 : 4.404994732236833 size: 0.0
1043000 : 4.46312246047135 size: 0.0
1044000 : 4.26245998275066 size: 0.0
1045000 : 4.475099676242738 size: 0.0
1046000 : 4.3417130279212595 size: 0.0
1047000 : 4.406412901175848 size: 0.0
1048000 : 4.44473029182278 size: 0.0
1049000 : 4.466933252049168 size: 0.0
1050000 : 4.436363335858304 size: 0.0
1051000 : 4.3133365784594995 size: 0.0
1052000 : 4.45892849154741 size: 0.0
1053000 : 4.481829013405698 size: 0.0
1054000 : 4.478958622962798 size: 0.0
1055000 : 4.261906886545485 size: 0.0
1056000 : 4.308441608250642 size: 0.0
1057000 : 4.444205744737649 size: 0.0
1058000 : 4.607726505212705 size: 0.0
1059000 : 4.4221018465181565 size: 0.0
1060000 : 4.554377486915062 size: 0.0
1061000 : 4.386031581187398 size: 0.0
1062000 : 4.326624302030462 size: 0.0
1063000 : 4.3956395639605 size: 0.0
1064000 : 4.411749522832121 size: 0.0
1065000 : 4.524052130053724 size: 0.0
1066000 : 4.604710961412477 size: 0.0
1067000 : 4.473256022225489 size: 0.0
1068000 : 4.40037768599177 size: 0.0
1069000 : 4.439546046795171 size: 0.0
1070000 : 4.472171155663847 size: 0.0
1071000 : 4.374609869378298 size: 0.0
1072000 : 4.354212039055365 size: 0.0
1073000 : 4.358478240692667 size: 0.0
1074000 : 4.342172221599063 size: 0.0
1075000 : 4.487225485024472 size: 0.0
1076000 : 4.448617787662883 size: 0.0
1077000 : 4.362088156534278 size: 0.0
1078000 : 4.6348911649164855 size: 0.0
1079000 : 4.508715749145685 size: 0.0
1080000 : 4.393765984962 size: 0.0
1081000 : 4.510390860165089 size: 0.0
1082000 : 4.452491868856218 size: 0.0
1083000 : 4.44198751250682 size: 0.0
1084000 : 4.427281276031541 size: 0.0
1085000 : 4.381851026910225 size: 0.0
1086000 : 4.297045693839171 size: 0.0
1087000 : 4.367331563593783 size: 0.0
1088000 : 4.501977124919578 size: 0.0
1089000 : 4.495979401953388 size: 0.0
1090000 : 4.478154432087363 size: 0.0
1091000 : 4.53898297587103 size: 0.0
1092000 : 4.46487255592653 size: 0.0
1093000 : 4.405428128517007 size: 0.0
1094000 : 4.497804137879043 size: 0.0
1095000 : 4.331606983391259 size: 0.0
1096000 : 4.462539783250227 size: 0.0
1097000 : 4.416318413934942 size: 0.0
1098000 : 4.368110645002192 size: 0.0
1099000 : 4.283226543877042 size: 0.0
1100000 : 4.542097237712854 size: 0.0
1101000 : 4.348533859854478 size: 0.0
1102000 : 4.365390567396146 size: 0.0
1103000 : 4.559791500764223 size: 0.0
1104000 : 4.5424054306232 size: 0.0
1105000 : 4.360340124870908 size: 0.0
1106000 : 4.517395025604127 size: 0.0
1107000 : 4.557832618370896 size: 0.0
1108000 : 4.668054923447663 size: 0.0
1109000 : 4.577567627557403 size: 0.0
1110000 : 4.520137116989484 size: 0.0
1111000 : 4.420347967444658 size: 0.0
1112000 : 4.475845393016879 size: 0.0
1113000 : 4.55796298122025 size: 0.0
1114000 : 4.482873292061737 size: 0.0
1115000 : 4.3861261716453726 size: 0.0
1116000 : 4.447761314061586 size: 0.0
1117000 : 4.489910822135044 size: 0.0
1118000 : 4.625108103804806 size: 0.0
1119000 : 4.635276406054419 size: 0.0
1120000 : 4.529641222241464 size: 0.0
1121000 : 4.3613802759433264 size: 0.0
1122000 : 4.620762790148106 size: 0.0
1123000 : 4.578615345866459 size: 0.0
1124000 : 4.595845255760499 size: 0.0
1125000 : 4.356480146254944 size: 0.0
1126000 : 4.35454396557153 size: 0.0
1127000 : 4.454587649439633 size: 0.0
1128000 : 4.599260487241333 size: 0.0
1129000 : 4.592432776002079 size: 0.0
1130000 : 4.228771677134351 size: 0.0
1131000 : 4.362572459679107 size: 0.0
1132000 : 4.488210945613916 size: 0.0
1133000 : 4.388849688904436 size: 0.0
1134000 : 4.438326345835253 size: 0.0
1135000 : 4.507831414354948 size: 0.0
1136000 : 4.463575462773723 size: 0.0
1137000 : 4.380748962083496 size: 0.0
1138000 : 4.3414412953328965 size: 0.0
1139000 : 4.514239143960794 size: 0.0
1140000 : 4.3231457809341105 size: 0.0
1141000 : 4.491515420267593 size: 0.0
1142000 : 4.4848724183953665 size: 0.0
1143000 : 4.529328557782195 size: 0.0
1144000 : 4.497876714557707 size: 0.0
1145000 : 4.591561167927506 size: 0.0
1146000 : 4.46913806963323 size: 0.0
1147000 : 4.495508513455326 size: 0.0
1148000 : 4.523172954742514 size: 0.0
1149000 : 4.2406460472805225 size: 0.0
1150000 : 4.458751349417021 size: 0.0
1151000 : 4.443457620206395 size: 0.0
1152000 : 4.360382088637719 size: 0.0
1153000 : 4.564307077245277 size: 0.0
1154000 : 4.502299420407295 size: 0.0
1155000 : 4.50577071823231 size: 0.0
1156000 : 4.610576945668106 size: 0.0
1157000 : 4.413001556530402 size: 0.0
1158000 : 4.602186600063113 size: 0.0
1159000 : 4.537635663784171 size: 0.0
1160000 : 4.492897128884625 size: 0.0
1161000 : 4.546512032360503 size: 0.0
1162000 : 4.457843624985768 size: 0.0
1163000 : 4.465521618450887 size: 0.0
1164000 : 4.442878038672988 size: 0.0
1165000 : 4.409806462842673 size: 0.0
1166000 : 4.566166553666406 size: 0.0
1167000 : 4.413496866564887 size: 0.0
1168000 : 4.214047210498081 size: 0.0
1169000 : 4.360646253989445 size: 0.0
1170000 : 4.428915799145341 size: 0.0
1171000 : 4.336436256227486 size: 0.0
1172000 : 4.527932402622492 size: 0.0
1173000 : 4.359398003909482 size: 0.0
1174000 : 4.441143765621687 size: 0.0
1175000 : 4.407587198715939 size: 0.0
1176000 : 4.420602845733237 size: 0.0
1177000 : 4.4228465313963925 size: 0.0
1178000 : 4.290376206638711 size: 0.0
1179000 : 4.6250393107444605 size: 0.0
1180000 : 4.445610155064594 size: 0.0
1181000 : 4.449457062999094 size: 0.0
1182000 : 4.320447373142073 size: 0.0
1183000 : 4.31925278164918 size: 0.0
1184000 : 4.406404646008607 size: 0.0
1185000 : 4.3925263340145815 size: 0.0
1186000 : 4.564971618208211 size: 0.0
1187000 : 4.432947072481565 size: 0.0
1188000 : 4.33679569996779 size: 0.0
1189000 : 4.342375849057684 size: 0.0
1190000 : 4.459816953921767 size: 0.0
1191000 : 4.464686470698297 size: 0.0
1192000 : 4.396752635676884 size: 0.0
1193000 : 4.451746152082078 size: 0.0
1194000 : 4.447034171413738 size: 0.0
1195000 : 4.322416918459754 size: 0.0
1196000 : 4.358799504284479 size: 0.0
1197000 : 4.531210391947936 size: 0.0
1198000 : 4.46917590581642 size: 0.0
1199000 : 4.444349178268468 size: 0.0
1200000 : 4.368899357439049 size: 0.0
1201000 : 4.469098513623531 size: 0.0
1202000 : 4.504712680964202 size: 0.0
1203000 : 4.403254955740705 size: 0.0
1204000 : 4.404429253280797 size: 0.0
1205000 : 4.356522453987056 size: 0.0
1206000 : 4.223353879666871 size: 0.0
1207000 : 4.483609721772732 size: 0.0
1208000 : 4.444376007562003 size: 0.0
1209000 : 4.4698211847224565 size: 0.0
1210000 : 4.429755418446853 size: 0.0
1211000 : 4.582102810060655 size: 0.0
1212000 : 4.499387754128187 size: 0.0
1213000 : 4.624604882568381 size: 0.0
1214000 : 4.435429814029421 size: 0.0
1215000 : 4.438534788808099 size: 0.0
1216000 : 4.465362706481489 size: 0.0
1217000 : 4.421751689841 size: 0.0
1218000 : 4.533883346307646 size: 0.0
1219000 : 4.528312140315596 size: 0.0
1220000 : 4.374778412376143 size: 0.0
1221000 : 4.4251989100948945 size: 0.0
1222000 : 4.676590078444683 size: 0.0
1223000 : 4.4049187159051515 size: 0.0
1224000 : 4.556234555579079 size: 0.0
1225000 : 4.485617447238904 size: 0.0
1226000 : 4.480059311928319 size: 0.0
1227000 : 4.375665498889293 size: 0.0
1228000 : 4.526267954527441 size: 0.0
1229000 : 4.435668181983517 size: 0.0
1230000 : 4.423963730696397 size: 0.0
1231000 : 4.475236574432825 size: 0.0
1232000 : 4.44249967684109 size: 0.0
1233000 : 4.458353725528227 size: 0.0
1234000 : 4.531490723668843 size: 0.0
1235000 : 4.321219575244447 size: 0.0
1236000 : 4.3003443210827195 size: 0.0
1237000 : 4.26780417164357 size: 0.0
1238000 : 4.455896093447397 size: 0.0
1239000 : 4.509274348795687 size: 0.0
1240000 : 4.410325506482977 size: 0.0
1241000 : 4.416716381789039 size: 0.0
1242000 : 4.551031048494574 size: 0.0
1243000 : 4.376470377695331 size: 0.0
1244000 : 4.377933606088872 size: 0.0
1245000 : 4.411236670567248 size: 0.0
1246000 : 4.369801234460173 size: 0.0
1247000 : 4.524751755477435 size: 0.0
1248000 : 4.439560837303146 size: 0.0
1249000 : 4.419827203977845 size: 0.0
1250000 : 4.523521391593162 size: 0.0
1251000 : 4.483422948613895 size: 0.0
1252000 : 4.409701553425647 size: 0.0
1253000 : 4.46948100303905 size: 0.0
1254000 : 4.528228900712579 size: 0.0
1255000 : 4.527438124483911 size: 0.0
1256000 : 4.564077996354328 size: 0.0
1257000 : 4.569538789484524 size: 0.0
1258000 : 4.499698698760947 size: 0.0
1259000 : 4.573171407036048 size: 0.0
1260000 : 4.462583122878245 size: 0.0
1261000 : 4.682636300518415 size: 0.0
1262000 : 4.52269965848734 size: 0.0
1263000 : 4.512578135518761 size: 0.0
1264000 : 4.404864025422177 size: 0.0
1265000 : 4.355391840040284 size: 0.0
1266000 : 4.171505581980656 size: 0.0
1267000 : 4.5798388304446975 size: 0.0
1268000 : 4.524878334708469 size: 0.0
1269000 : 4.4374272205365415 size: 0.0
1270000 : 4.42014915550026 size: 0.0
1271000 : 4.266252544167487 size: 0.0
1272000 : 4.356924205459471 size: 0.0
1273000 : 4.5522528132463025 size: 0.0
1274000 : 4.387047654688696 size: 0.0
1275000 : 4.44578076185425 size: 0.0
1276000 : 4.3815706951893185 size: 0.0
1277000 : 4.498438065930123 size: 0.0
1278000 : 4.407046141296325 size: 0.0
1279000 : 4.3340456973804935 size: 0.0
1280000 : 4.305000923337481 size: 0.0
1281000 : 4.290297094619314 size: 0.0
1282000 : 4.269110895824826 size: 0.0
1283000 : 4.30840136431034 size: 0.0
1284000 : 4.282953779392773 size: 0.0
1285000 : 4.210837670267679 size: 0.0
1286000 : 4.296392503731194 size: 0.0
1287000 : 4.353923452167217 size: 0.0
1288000 : 4.320017416514916 size: 0.0
1289000 : 4.373450018380878 size: 0.0
1290000 : 4.3732763159035075 size: 0.0
1291000 : 4.3972328112380925 size: 0.0
1292000 : 4.455166543042437 size: 0.0
1293000 : 4.4151730094801955 size: 0.0
1294000 : 4.320378580081728 size: 0.0
1295000 : 4.435980846442785 size: 0.0
1296000 : 4.588532897411114 size: 0.0
1297000 : 4.4966649247997275 size: 0.0
1298000 : 4.468897293922022 size: 0.0
1299000 : 4.418876827849178 size: 0.0
1300000 : 4.420072107272674 size: 0.0
1301000 : 4.431518928548801 size: 0.0
1302000 : 4.425581743475715 size: 0.0
1303000 : 4.428810201797711 size: 0.0
1304000 : 4.410433167622417 size: 0.0
1305000 : 4.294483152341315 size: 0.0
1306000 : 4.391645438876862 size: 0.0
1307000 : 4.407908806273053 size: 0.0
1308000 : 4.253051843817861 size: 0.0
1309000 : 4.550834300341986 size: 0.0
1310000 : 4.520087242020733 size: 0.0
1311000 : 4.516856375941624 size: 0.0
1312000 : 4.359722707154311 size: 0.0
1313000 : 4.433603358277258 size: 0.0
1314000 : 4.513938862252388 size: 0.0
1315000 : 4.293600193411785 size: 0.0
1316000 : 4.412232794081046 size: 0.0
1317000 : 4.421846968229578 size: 0.0
1318000 : 4.498126777332061 size: 0.0
1319000 : 4.538124782443225 size: 0.0
1320000 : 4.498170116960079 size: 0.0
1321000 : 4.44108460358979 size: 0.0
1322000 : 4.52170525480005 size: 0.0
1323000 : 4.511141736418756 size: 0.0
1324000 : 4.505572250253214 size: 0.0
1325000 : 4.6130239148245815 size: 0.0
1326000 : 4.487059349783738 size: 0.0
1327000 : 4.405706396446104 size: 0.0
1328000 : 4.424372017509546 size: 0.0
1329000 : 4.387672639641931 size: 0.0
1330000 : 4.285824169835674 size: 0.0
1331000 : 4.320647560947678 size: 0.0
1332000 : 4.410208902245692 size: 0.0
1333000 : 4.5268619826035215 size: 0.0
1334000 : 4.316140927564469 size: 0.0
1335000 : 4.524644094337995 size: 0.0
1336000 : 4.424937496465583 size: 0.0
1337000 : 4.3111303850142315 size: 0.0
1338000 : 4.445510749092396 size: 0.0
1339000 : 4.285656658733734 size: 0.0
1340000 : 4.273610993867303 size: 0.0
1341000 : 4.401919682439406 size: 0.0
1342000 : 4.333844821644286 size: 0.0
1343000 : 4.348796305379695 size: 0.0
1344000 : 4.474857180705022 size: 0.0
1345000 : 4.3757418591862765 size: 0.0
1346000 : 4.399008704090902 size: 0.0
1347000 : 4.415864035771363 size: 0.0
1348000 : 4.546722539125159 size: 0.0
1349000 : 4.408901146168531 size: 0.0
1350000 : 4.526992345452875 size: 0.0
1351000 : 4.385871981287398 size: 0.0
1352000 : 4.594116142188724 size: 0.0
1353000 : 4.553498311603851 size: 0.0
1354000 : 4.467438193112102 size: 0.0
1355000 : 4.464290566636011 size: 0.0
1356000 : 4.46192649311725 size: 0.0
1357000 : 4.457307383080377 size: 0.0
1358000 : 4.459637404034266 size: 0.0
1359000 : 4.441657649782465 size: 0.0
1360000 : 4.392564514163073 size: 0.0
1361000 : 4.4901540056033635 size: 0.0
1362000 : 4.4618704267730696 size: 0.0
1363000 : 4.412644520547211 size: 0.0
1364000 : 4.525671518694248 size: 0.0
1365000 : 4.389069138766937 size: 0.0
1366000 : 4.370441353886685 size: 0.0
1367000 : 4.545521068326231 size: 0.0
1368000 : 4.478378353498787 size: 0.0
1369000 : 4.459734746214655 size: 0.0
1370000 : 4.338459116166935 size: 0.0
1371000 : 4.612809624441606 size: 0.0
1372000 : 4.334600513412177 size: 0.0
1373000 : 4.424019797040579 size: 0.0
1374000 : 4.530213924468837 size: 0.0
1375000 : 4.560126179002802 size: 0.0
1376000 : 4.486044996108949 size: 0.0
1377000 : 4.599669805950386 size: 0.0
1378000 : 4.437238727551196 size: 0.0
1379000 : 4.3875505319598185 size: 0.0
1380000 : 4.448636705754478 size: 0.0
1381000 : 4.561715298696774 size: 0.0
1382000 : 4.536538758436968 size: 0.0
1383000 : 4.467210488082359 size: 0.0
1384000 : 4.471125157181299 size: 0.0
1385000 : 4.535364116931575 size: 0.0
1386000 : 4.353070074253636 size: 0.0
1387000 : 4.374179224820537 size: 0.0
1388000 : 4.363233904954326 size: 0.0
1389000 : 4.527592220939084 size: 0.0
1390000 : 4.479794802611293 size: 0.0
1391000 : 4.397475306775809 size: 0.0
1392000 : 4.450642711394142 size: 0.0
1393000 : 4.679738048886075 size: 0.0
1394000 : 4.519316071814265 size: 0.0
1395000 : 4.550284299824527 size: 0.0
1396000 : 4.557359322115722 size: 0.0
1397000 : 4.498786846746073 size: 0.0
1398000 : 4.342254429306175 size: 0.0
1399000 : 4.3317435376160445 size: 0.0
1400000 : 4.658205133067448 size: 0.0
1401000 : 4.502627907270443 size: 0.0
1402000 : 4.4115084031556115 size: 0.0
1403000 : 4.473033820640574 size: 0.0
1404000 : 4.353218323298679 size: 0.0
1405000 : 4.4413394818783685 size: 0.0
1406000 : 4.571322249573971 size: 0.0
1407000 : 4.323317763584973 size: 0.0
1408000 : 4.470928409028712 size: 0.0
1409000 : 4.292462700158978 size: 0.0
1410000 : 4.492057165617811 size: 0.0
1411000 : 4.424135025416657 size: 0.0
1412000 : 4.562484749076734 size: 0.0
1413000 : 4.492600630794538 size: 0.0
1414000 : 4.502906863130142 size: 0.0
1415000 : 4.6028618039503995 size: 0.0
1416000 : 4.63048290560957 size: 0.0
1417000 : 4.4995607686749555 size: 0.0
1418000 : 4.4443288843156665 size: 0.0
1419000 : 4.570554175055218 size: 0.0
1420000 : 4.376387138092314 size: 0.0
1421000 : 4.4396922320484045 size: 0.0
1422000 : 4.5845793602330795 size: 0.0
1423000 : 4.626229430688431 size: 0.0
1424000 : 4.514606842868339 size: 0.0
1425000 : 4.3927763967889355 size: 0.0
1426000 : 4.552180236567638 size: 0.0
1427000 : 4.456361478500631 size: 0.0
1428000 : 4.33465485992985 size: 0.0
1429000 : 4.38466259928653 size: 0.0
1430000 : 4.558671893707106 size: 0.0
1431000 : 4.360585716096341 size: 0.0
1432000 : 4.476002585159768 size: 0.0
1433000 : 4.611421724449143 size: 0.0
1434000 : 4.40079422797216 size: 0.0
1435000 : 4.264398227225883 size: 0.0
1436000 : 4.428883810372281 size: 0.0
1437000 : 4.421057567862118 size: 0.0
1438000 : 4.42235362911902 size: 0.0
1439000 : 4.486863977492358 size: 0.0
1440000 : 4.430773211774659 size: 0.0
1441000 : 4.435296699457653 size: 0.0
1442000 : 4.410968033666601 size: 0.0
1443000 : 4.3071648090506365 size: 0.0
1444000 : 4.159637403209916 size: 0.0
1445000 : 4.351965945635096 size: 0.0
1446000 : 4.470902955596384 size: 0.0
1447000 : 4.16076629733018 size: 0.0
1448000 : 4.195842846904252 size: 0.0
1449000 : 4.401520338724103 size: 0.0
1450000 : 4.539882101169741 size: 0.0
1451000 : 4.417214787511239 size: 0.0
1452000 : 4.5078341660773615 size: 0.0
1453000 : 4.428814329381332 size: 0.0
1454000 : 4.505218997888342 size: 0.0
1455000 : 4.385556565105715 size: 0.0
1456000 : 4.419735021276983 size: 0.0
1457000 : 4.430904262554617 size: 0.0
1458000 : 4.42831557969383 size: 0.0
1459000 : 4.525537716191877 size: 0.0
1460000 : 4.541292702872117 size: 0.0
1461000 : 4.569290790501979 size: 0.0
1462000 : 4.546949212258996 size: 0.0
1463000 : 4.479367253741248 size: 0.0
1464000 : 4.504327439826269 size: 0.0
1465000 : 4.521855567636905 size: 0.0
1466000 : 4.447773008881844 size: 0.0
1467000 : 4.3992787168527565 size: 0.0
1468000 : 4.288878237749696 size: 0.0
1469000 : 4.488412165315425 size: 0.0
1470000 : 4.377253930652662 size: 0.0
1471000 : 4.3478012137618025 size: 0.0
1472000 : 4.4166630671672715 size: 0.0
1473000 : 4.292085714188287 size: 0.0
1474000 : 4.4481266052120185 size: 0.0
1475000 : 4.416939615269858 size: 0.0
1476000 : 4.414684234786444 size: 0.0
1477000 : 4.301806861545657 size: 0.0
1478000 : 4.401434347398672 size: 0.0
1479000 : 4.509673348545689 size: 0.0
1480000 : 4.630485313366682 size: 0.0
1481000 : 4.425255664369679 size: 0.0
1482000 : 4.5998187429260335 size: 0.0
1483000 : 4.390757664433108 size: 0.0
1484000 : 4.425205789400929 size: 0.0
1485000 : 4.3870775796699455 size: 0.0
1486000 : 4.507221563874988 size: 0.0
1487000 : 4.458301786767666 size: 0.0
1488000 : 4.5258696427080425 size: 0.0
1489000 : 4.436636444307874 size: 0.0
1490000 : 4.3737795371399315 size: 0.0
1491000 : 4.596222929661794 size: 0.0
1492000 : 4.677646739851584 size: 0.0
1493000 : 4.413939205942906 size: 0.0
1494000 : 4.559472300964222 size: 0.0
1495000 : 4.4412163423003514 size: 0.0
1496000 : 4.52374221731687 size: 0.0
1497000 : 4.539669530613274 size: 0.0
1498000 : 4.364831967746143 size: 0.0
1499000 : 4.420552626799185 size: 0.0
1500000 : 4.430121053562588 size: 0.0
1501000 : 4.4030554558657045 size: 0.0
1502000 : 4.329439314059784 size: 0.0
1503000 : 4.270687632767936 size: 0.0
1504000 : 4.445714032585715 size: 0.0
1505000 : 4.519471888095946 size: 0.0
1506000 : 4.400836879669574 size: 0.0
1507000 : 4.536966307307013 size: 0.0
1508000 : 4.459503945497197 size: 0.0
1509000 : 4.602226156072811 size: 0.0
1510000 : 4.392727897681392 size: 0.0
1511000 : 4.2656636755709325 size: 0.0
1512000 : 4.203661178212476 size: 0.0
1513000 : 4.294176335292176 size: 0.0
1514000 : 4.336581409584815 size: 0.0
1515000 : 4.330818958885006 size: 0.0
1516000 : 4.33408490942489 size: 0.0
1517000 : 4.363200196354757 size: 0.0
1518000 : 4.321748937843803 size: 0.0
1519000 : 4.438442606107236 size: 0.0
1520000 : 4.349145086195644 size: 0.0
1521000 : 4.403130440301481 size: 0.0
1522000 : 4.402171121074968 size: 0.0
1523000 : 4.426617766964513 size: 0.0
1524000 : 4.344982418114161 size: 0.0
1525000 : 4.567456767513178 size: 0.0
1526000 : 4.346029792457916 size: 0.0
1527000 : 4.426120049172916 size: 0.0
1528000 : 4.472713932909969 size: 0.0
1529000 : 4.4343456353983814 size: 0.0
1530000 : 4.3111768203299645 size: 0.0
1531000 : 4.5545959048816576 size: 0.0
1532000 : 4.344098771254028 size: 0.0
1533000 : 4.367389005799171 size: 0.0
1534000 : 4.419077015654782 size: 0.0
1535000 : 4.262423178463375 size: 0.0
1536000 : 4.453362789000188 size: 0.0
1537000 : 4.34894283459823 size: 0.0
1538000 : 4.45740575715667 size: 0.0
1539000 : 4.423517951665361 size: 0.0
1540000 : 4.339414307809827 size: 0.0
1541000 : 4.464956139494849 size: 0.0
1542000 : 4.29004909563677 size: 0.0
1543000 : 4.27569748738757 size: 0.0
1544000 : 4.546870788170202 size: 0.0
1545000 : 4.273942920383468 size: 0.0
1546000 : 4.333697260529846 size: 0.0
1547000 : 4.401525154238327 size: 0.0
1548000 : 4.427593596525508 size: 0.0
1549000 : 4.3450508672092045 size: 0.0
1550000 : 4.449188426098446 size: 0.0
1551000 : 4.283762441817131 size: 0.0
1552000 : 4.471558897426775 size: 0.0
1553000 : 4.334797949495368 size: 0.0
1554000 : 4.43469200845722 size: 0.0
1555000 : 4.2361803457682194 size: 0.0
1556000 : 4.421412540053499 size: 0.0
1557000 : 4.332348916547081 size: 0.0
1558000 : 4.416221415719856 size: 0.0
1559000 : 4.378009278455251 size: 0.0
1560000 : 4.3173076578679215 size: 0.0
1561000 : 4.285833112933519 size: 0.0
1562000 : 4.3513086279434985 size: 0.0
1563000 : 4.354956723933601 size: 0.0
1564000 : 4.433716866826828 size: 0.0
1565000 : 4.437003111319514 size: 0.0
1566000 : 4.4149136596426946 size: 0.0
1567000 : 4.224986682954163 size: 0.0
1568000 : 4.485119729447307 size: 0.0
1569000 : 4.40072646680772 size: 0.0
1570000 : 4.434757705829849 size: 0.0
1571000 : 4.357591498144819 size: 0.0
1572000 : 4.325564200970543 size: 0.0
1573000 : 4.535944386395586 size: 0.0
1574000 : 4.512696115617254 size: 0.0
1575000 : 4.483013973870143 size: 0.0
1576000 : 4.466819743499599 size: 0.0
1577000 : 4.507115278596755 size: 0.0
1578000 : 4.448302027515899 size: 0.0
1579000 : 4.458862106244177 size: 0.0
1580000 : 4.527972990528095 size: 0.0
1581000 : 4.309110620762499 size: 0.0
1582000 : 4.412249304415528 size: 0.0
1583000 : 4.445040204559635 size: 0.0
1584000 : 4.472107178117725 size: 0.0
1585000 : 4.479438798524007 size: 0.0
1586000 : 4.557208665313565 size: 0.0
1587000 : 4.565688785862309 size: 0.0
1588000 : 4.498984626794565 size: 0.0
1589000 : 4.515821728314034 size: 0.0
1590000 : 4.5573091031816695 size: 0.0
1591000 : 4.591209291423841 size: 0.0
1592000 : 4.3774695968968445 size: 0.0
1593000 : 4.529918114309353 size: 0.0
1594000 : 4.693516954907902 size: 0.0
1595000 : 4.44076368396328 size: 0.0
1596000 : 4.446364470971278 size: 0.0
1597000 : 4.547153183682918 size: 0.0
1598000 : 4.409128851198274 size: 0.0
1599000 : 4.657169453543952 size: 0.0
1600000 : 4.623247939453074 size: 0.0
1601000 : 4.465932313021147 size: 0.0
1602000 : 4.424194875379158 size: 0.0
1603000 : 4.523187745250488 size: 0.0
1604000 : 4.462923992492255 size: 0.0
1605000 : 4.513583890061007 size: 0.0
1606000 : 4.4424958932227705 size: 0.0
1607000 : 4.5521878038042765 size: 0.0
1608000 : 4.570570685389701 size: 0.0
1609000 : 4.582556500293632 size: 0.0
1610000 : 4.594656855643037 size: 0.0
1611000 : 4.571199109995953 size: 0.0
1612000 : 4.560205291022199 size: 0.0
1613000 : 4.415740208262742 size: 0.0
1614000 : 4.36253909504484 size: 0.0
1615000 : 4.521681521194232 size: 0.0
1616000 : 4.545158184932911 size: 0.0
1617000 : 4.393193626699929 size: 0.0
1618000 : 4.40354491849006 size: 0.0
1619000 : 4.510856245218323 size: 0.0
1620000 : 4.422328175686692 size: 0.0
1621000 : 4.352428235000616 size: 0.0
1622000 : 4.53064904057552 size: 0.0
1623000 : 4.227691970052234 size: 0.0
1624000 : 4.370344011706297 size: 0.0
1625000 : 4.454937118186186 size: 0.0
1626000 : 4.358175207261847 size: 0.0
1627000 : 4.3112937685325505 size: 0.0
1628000 : 4.349302278338533 size: 0.0
1629000 : 4.3152741350041195 size: 0.0
1630000 : 4.443546707219542 size: 0.0
1631000 : 4.515850277434077 size: 0.0
1632000 : 4.512115502187941 size: 0.0
1633000 : 4.445223882030756 size: 0.0
1634000 : 4.444028946572561 size: 0.0
1635000 : 4.219867103403279 size: 0.0
1636000 : 4.377514312386069 size: 0.0
1637000 : 4.5930550092329 size: 0.0
1638000 : 4.264555419368772 size: 0.0
1639000 : 4.370755050241859 size: 0.0
1640000 : 4.458730367533616 size: 0.0
1641000 : 4.441079100144963 size: 0.0
1642000 : 4.402619307863116 size: 0.0
1643000 : 4.414492646113382 size: 0.0
1644000 : 4.434283721644071 size: 0.0
1645000 : 4.418581017689694 size: 0.0
1646000 : 4.374971376910411 size: 0.0
1647000 : 4.3721013304328125 size: 0.0
1648000 : 4.427404759574861 size: 0.0
1649000 : 4.518390117222019 size: 0.0
1650000 : 4.411064687916385 size: 0.0
1651000 : 4.403878564832733 size: 0.0
1652000 : 4.355902284548044 size: 0.0
1653000 : 4.408294735341589 size: 0.0
1654000 : 4.435924436133303 size: 0.0
1655000 : 4.263200196079973 size: 0.0
1656000 : 4.295023177865024 size: 0.0
1657000 : 4.382171258606132 size: 0.0
1658000 : 4.392240154883545 size: 0.0
1659000 : 4.514402871444416 size: 0.0
1660000 : 4.635604204986963 size: 0.0
1661000 : 4.3744127772604084 size: 0.0
1662000 : 4.492531149803589 size: 0.0
1663000 : 4.418867196820729 size: 0.0
1664000 : 4.392065076544967 size: 0.0
1665000 : 4.409053522797196 size: 0.0
1666000 : 4.395794692311578 size: 0.0
1667000 : 4.493323301893463 size: 0.0
1668000 : 4.496926338429039 size: 0.0
1669000 : 4.579733233097068 size: 0.0
1670000 : 4.551252562148885 size: 0.0
1671000 : 4.528349632533485 size: 0.0
1672000 : 4.464974713621143 size: 0.0
1673000 : 4.506343076494381 size: 0.0
1674000 : 4.517828765849603 size: 0.0
1675000 : 4.426860262502229 size: 0.0
1676000 : 4.340671500987634 size: 0.0
1677000 : 4.492460636916736 size: 0.0
1678000 : 4.4268987866160225 size: 0.0
1679000 : 4.385384238489551 size: 0.0
1680000 : 4.456020952851923 size: 0.0
1681000 : 4.411525945385999 size: 0.0
1682000 : 4.447937768261371 size: 0.0
1683000 : 4.445136514844118 size: 0.0
1684000 : 4.52067267096427 size: 0.0
1685000 : 4.3831065002615235 size: 0.0
1686000 : 4.50037699833595 size: 0.0
1687000 : 4.3587599482747805 size: 0.0
1688000 : 4.441939013399277 size: 0.0
1689000 : 4.47193863511988 size: 0.0
1690000 : 4.5662714630834325 size: 0.0
1691000 : 4.579064220585211 size: 0.0
1692000 : 4.436662585670805 size: 0.0
1693000 : 4.635443573191057 size: 0.0
1694000 : 4.538269935800553 size: 0.0
1695000 : 4.333961081916269 size: 0.0
1696000 : 4.455261821431015 size: 0.0
1697000 : 4.468384097691847 size: 0.0
1698000 : 4.3933360283348435 size: 0.0
1699000 : 4.543111935352944 size: 0.0
1700000 : 4.4107258820941855 size: 0.0
1701000 : 4.439268122831377 size: 0.0
1702000 : 4.504972718732306 size: 0.0
1703000 : 4.5990826571803405 size: 0.0
1704000 : 4.441900489285484 size: 0.0
1705000 : 4.403365368602559 size: 0.0
1706000 : 4.540507086122976 size: 0.0
1707000 : 4.494055604020837 size: 0.0
1708000 : 4.467582314573525 size: 0.0
1709000 : 4.378109028392752 size: 0.0
1710000 : 4.348947306147153 size: 0.0
1711000 : 4.411307527419403 size: 0.0
1712000 : 4.3900074761100445 size: 0.0
1713000 : 4.316622478986885 size: 0.0
1714000 : 4.444083293090234 size: 0.0
1715000 : 4.325193062409982 size: 0.0
1716000 : 4.532203075808717 size: 0.0
1717000 : 4.504980285968944 size: 0.0
1718000 : 4.5248315554274345 size: 0.0
1719000 : 4.6020249363713015 size: 0.0
1720000 : 4.449365224263532 size: 0.0
1721000 : 4.497887033516759 size: 0.0
1722000 : 4.457965044737277 size: 0.0
1723000 : 4.315114535104119 size: 0.0
1724000 : 4.438952706649695 size: 0.0
1725000 : 4.404343605920666 size: 0.0
1726000 : 4.51355258921855 size: 0.0
1727000 : 4.538232099617363 size: 0.0
1728000 : 4.590603224562201 size: 0.0
1729000 : 4.470929440924617 size: 0.0
1730000 : 4.488871015027927 size: 0.0
1731000 : 4.583710159915619 size: 0.0
1732000 : 4.573363339674411 size: 0.0
1733000 : 4.493098348586135 size: 0.0
1734000 : 4.599129780426677 size: 0.0
1735000 : 4.413402964037516 size: 0.0
1736000 : 4.462445880722856 size: 0.0
1737000 : 4.546620381430546 size: 0.0
1738000 : 4.601072152485521 size: 0.0
1739000 : 4.5515917119363865 size: 0.0
1740000 : 4.636366432095587 size: 0.0
1741000 : 4.525759917776792 size: 0.0
1742000 : 4.691924395560912 size: 0.0
1743000 : 4.421284928926559 size: 0.0
1744000 : 4.428750007869909 size: 0.0
1745000 : 4.613871445328034 size: 0.0
1746000 : 4.596480215707484 size: 0.0
1747000 : 4.425414232373774 size: 0.0
1748000 : 4.3885669494264175 size: 0.0
1749000 : 4.3101751933713395 size: 0.0
1750000 : 4.394232057945839 size: 0.0
1751000 : 4.668943041856719 size: 0.0
1752000 : 4.401149544128843 size: 0.0
1753000 : 4.343355462236999 size: 0.0
1754000 : 4.4025825035758315 size: 0.0
1755000 : 4.449292991550171 size: 0.0
1756000 : 4.410207870349787 size: 0.0
1757000 : 4.435423278688688 size: 0.0
1758000 : 4.49645407406977 size: 0.0
1759000 : 4.482930046336522 size: 0.0
1760000 : 4.558983526270469 size: 0.0
1761000 : 4.473839731342517 size: 0.0
1762000 : 4.401042914885307 size: 0.0
1763000 : 4.448899839210298 size: 0.0
1764000 : 4.391913731812208 size: 0.0
1765000 : 4.3546966861654965 size: 0.0
1766000 : 4.503805988428853 size: 0.0
1767000 : 4.3896242987639225 size: 0.0
1768000 : 4.289789057868665 size: 0.0
1769000 : 4.296049914290675 size: 0.0
1770000 : 4.252444057129711 size: 0.0
1771000 : 4.455393904106877 size: 0.0
1772000 : 4.477285575735205 size: 0.0
1773000 : 4.363081528325662 size: 0.0
1774000 : 4.544015532200578 size: 0.0
1775000 : 4.407929788156458 size: 0.0
1776000 : 4.385267634252266 size: 0.0
1777000 : 4.341285479051215 size: 0.0
1778000 : 4.450325919351252 size: 0.0
1779000 : 4.417981142203484 size: 0.0
1780000 : 4.391477927774922 size: 0.0
1781000 : 4.435279501192567 size: 0.0
1782000 : 4.434536192175538 size: 0.0
1783000 : 4.589663855323188 size: 0.0
1784000 : 4.3245553507405825 size: 0.0
1785000 : 4.348558625356203 size: 0.0
1786000 : 4.392317203111132 size: 0.0
1787000 : 4.371879472813199 size: 0.0
1788000 : 4.451553187547809 size: 0.0
1789000 : 4.34920803184586 size: 0.0
1790000 : 4.37058994689703 size: 0.0
1791000 : 4.33543428530356 size: 0.0
1792000 : 4.317538802550681 size: 0.0
1793000 : 4.470309615450907 size: 0.0
1794000 : 4.508731227584262 size: 0.0
1795000 : 4.519617729383878 size: 0.0
1796000 : 4.522337806989924 size: 0.0
1797000 : 4.607653928534041 size: 0.0
1798000 : 4.446599055307055 size: 0.0
1799000 : 4.377930854366459 size: 0.0
1800000 : 4.422514260914926 size: 0.0
1801000 : 4.389989933879656 size: 0.0
1802000 : 4.476714249369039 size: 0.0
1803000 : 4.38824259014689 size: 0.0
1804000 : 4.43394869944019 size: 0.0
1805000 : 4.4640580460920445 size: 0.0
1806000 : 4.442613873321262 size: 0.0
1807000 : 4.379218660456119 size: 0.0
1808000 : 4.426344314549641 size: 0.0
1809000 : 4.402325905460744 size: 0.0
1810000 : 4.5409549289458235 size: 0.0
1811000 : 4.670111148021379 size: 0.0
1812000 : 4.51449333431877 size: 0.0
1813000 : 4.557753850316801 size: 0.0
1814000 : 4.4838336431841554 size: 0.0
1815000 : 4.542731165763934 size: 0.0
1816000 : 4.474263152628941 size: 0.0
1817000 : 4.444993769243902 size: 0.0
1818000 : 4.513298742825876 size: 0.0
1819000 : 4.336655706089988 size: 0.0
1820000 : 4.310701116317678 size: 0.0
1821000 : 4.44860918853034 size: 0.0
1822000 : 4.463231153506696 size: 0.0
1823000 : 4.518678016179564 size: 0.0
1824000 : 4.263467801084716 size: 0.0
1825000 : 4.421334459930007 size: 0.0
1826000 : 4.511560342190955 size: 0.0
1827000 : 4.393795565977949 size: 0.0
1828000 : 4.42362148522118 size: 0.0
1829000 : 4.381747837319708 size: 0.0
1830000 : 4.335413991350758 size: 0.0
1831000 : 4.32514284347593 size: 0.0
1832000 : 4.411051273269618 size: 0.0
1833000 : 4.272730442694885 size: 0.0
1834000 : 4.36672308897503 size: 0.0
1835000 : 4.254205159474547 size: 0.0
1836000 : 4.436077844657872 size: 0.0
1837000 : 4.589182647866074 size: 0.0
1838000 : 4.299580718112889 size: 0.0
1839000 : 4.568968151048961 size: 0.0
1840000 : 4.550558096204701 size: 0.0
1841000 : 4.451558347027335 size: 0.0
1842000 : 4.6197732019750415 size: 0.0
1843000 : 4.638235883510466 size: 0.0
1844000 : 4.622533179556088 size: 0.0
1845000 : 4.418605439226116 size: 0.0
1846000 : 4.567234909893566 size: 0.0
1847000 : 4.666635034682139 size: 0.0
1848000 : 4.515090802047867 size: 0.0
1849000 : 4.44629498998033 size: 0.0
1850000 : 4.429069895600515 size: 0.0
1851000 : 4.288958381664998 size: 0.0
1852000 : 4.353869793580148 size: 0.0
1853000 : 4.4387439197115475 size: 0.0
1854000 : 4.642529258406605 size: 0.0
1855000 : 4.5017738414262585 size: 0.0
1856000 : 4.455729614241362 size: 0.0
1857000 : 4.501395135629058 size: 0.0
1858000 : 4.481191645701601 size: 0.0
1859000 : 4.401817524744794 size: 0.0
1860000 : 4.518310317272019 size: 0.0
1861000 : 4.332880342938247 size: 0.0
1862000 : 4.546719787402744 size: 0.0
1863000 : 4.651961130945223 size: 0.0
1864000 : 4.170608176508455 size: 0.0
1865000 : 4.513067942108418 size: 0.0
1866000 : 4.574412777809975 size: 0.0
1867000 : 4.511400742290955 size: 0.0
1868000 : 4.437338133523395 size: 0.0
1869000 : 4.544934263521487 size: 0.0
1870000 : 4.478711999841461 size: 0.0
1871000 : 4.457615919956025 size: 0.0
1872000 : 4.494917581066962 size: 0.0
1873000 : 4.545708873380973 size: 0.0
1874000 : 4.406290105563132 size: 0.0
1875000 : 4.462218519658416 size: 0.0
1876000 : 4.451058221478626 size: 0.0
1877000 : 4.480648180524874 size: 0.0
1878000 : 4.288470982832453 size: 0.0
1879000 : 4.393299911978162 size: 0.0
1880000 : 4.312285764462728 size: 0.0
1881000 : 4.3668507001019705 size: 0.0
1882000 : 4.497627683679258 size: 0.0
1883000 : 4.336417338135892 size: 0.0
1884000 : 4.266001793462529 size: 0.0
1885000 : 4.378049522395553 size: 0.0
1886000 : 4.494465610660494 size: 0.0
1887000 : 4.427492470726801 size: 0.0
1888000 : 4.28705728544236 size: 0.0
1889000 : 4.2740013944847615 size: 0.0
1890000 : 4.477477508373568 size: 0.0
1891000 : 4.2534742332083795 size: 0.0
1892000 : 4.481320288724446 size: 0.0
1893000 : 4.401844354038328 size: 0.0
1894000 : 4.441223565571687 size: 0.0
1895000 : 4.434215960479631 size: 0.0
1896000 : 4.436671184803349 size: 0.0
1897000 : 4.433817992625535 size: 0.0
1898000 : 4.521173484443583 size: 0.0
1899000 : 4.44706856794391 size: 0.0
1900000 : 4.496760547153607 size: 0.0
1901000 : 4.559944221358189 size: 0.0
1902000 : 4.4275351224242145 size: 0.0
1903000 : 4.541270345127505 size: 0.0
1904000 : 4.548066067593698 size: 0.0
1905000 : 4.4951483817844196 size: 0.0
1906000 : 4.4243606666545885 size: 0.0
1907000 : 4.297897351926244 size: 0.0
1908000 : 4.461077930717893 size: 0.0
1909000 : 4.41754189851318 size: 0.0
1910000 : 4.246956434705981 size: 0.0
1911000 : 4.461305635747636 size: 0.0
1912000 : 4.293003757578593 size: 0.0
1913000 : 4.439048672968876 size: 0.0
1914000 : 4.716955438498089 size: 0.0
1915000 : 4.571870530264921 size: 0.0
1916000 : 4.418460629834089 size: 0.0
1917000 : 4.433221900757644 size: 0.0
1918000 : 4.214945303900887 size: 0.0
1919000 : 4.471517621590568 size: 0.0
1920000 : 4.268440851417065 size: 0.0
1921000 : 4.41302700996273 size: 0.0
1922000 : 4.3623547296431155 size: 0.0
1923000 : 4.4239640746617 size: 0.0
1924000 : 4.479997398174009 size: 0.0
1925000 : 4.344386326246271 size: 0.0
1926000 : 4.408830977246979 size: 0.0
1927000 : 4.3883014082134855 size: 0.0
1928000 : 4.522809727383891 size: 0.0
1929000 : 4.478918379022496 size: 0.0
1930000 : 4.362199257326735 size: 0.0
1931000 : 4.441632540315439 size: 0.0
1932000 : 4.490230709865648 size: 0.0
1933000 : 4.405340417365068 size: 0.0
1934000 : 4.311828978542036 size: 0.0
1935000 : 4.465100260956273 size: 0.0
1936000 : 4.4199630702720265 size: 0.0
1937000 : 4.428086842768183 size: 0.0
1938000 : 4.331706733328759 size: 0.0
1939000 : 4.5525592863301405 size: 0.0
1940000 : 4.43242974866777 size: 0.0
1941000 : 4.314103277117046 size: 0.0
1942000 : 4.438167433865855 size: 0.0
1943000 : 4.365896540354984 size: 0.0
1944000 : 4.273639199022044 size: 0.0
1945000 : 4.5256907807511455 size: 0.0
1946000 : 4.476797832937358 size: 0.0
1947000 : 4.353068698392429 size: 0.0
1948000 : 4.5370512667365395 size: 0.0
1949000 : 4.421003565309747 size: 0.0
1950000 : 4.464129590874803 size: 0.0
1951000 : 4.408120688898916 size: 0.0
1952000 : 4.369463804499181 size: 0.0
1953000 : 4.471064963253497 size: 0.0
1954000 : 4.333771213069716 size: 0.0
1955000 : 4.472425346021821 size: 0.0
1956000 : 4.441357024108757 size: 0.0
1957000 : 4.531034625678755 size: 0.0
1958000 : 4.396869583879471 size: 0.0
1959000 : 4.6126864848635885 size: 0.0
1960000 : 4.438402706132235 size: 0.0
1961000 : 4.539902395122542 size: 0.0
1962000 : 4.472277096976778 size: 0.0
1963000 : 4.4768559630733495 size: 0.0
1964000 : 4.50035911214026 size: 0.0
1965000 : 4.400940757190695 size: 0.0
1966000 : 4.418110817122234 size: 0.0
1967000 : 4.410058245443536 size: 0.0
1968000 : 4.544569660301658 size: 0.0
1969000 : 4.378555839319693 size: 0.0
1970000 : 4.429047537855902 size: 0.0
1971000 : 4.353259599134886 size: 0.0
1972000 : 4.365650949129552 size: 0.0
1973000 : 4.309326630971982 size: 0.0
1974000 : 4.5103275705495705 size: 0.0
1975000 : 4.465323838402394 size: 0.0
1976000 : 4.524539872851571 size: 0.0
1977000 : 4.5942733343316124 size: 0.0
1978000 : 4.492683870397555 size: 0.0
1979000 : 4.407970720027364 size: 0.0
1980000 : 4.436022466244294 size: 0.0
1981000 : 4.3436165319010085 size: 0.0
1982000 : 4.6355474507121786 size: 0.0
1983000 : 4.565973933097439 size: 0.0
1984000 : 4.419665884251336 size: 0.0
1985000 : 4.4657035760955 size: 0.0
1986000 : 4.507715842013568 size: 0.0
1987000 : 4.365352387247654 size: 0.0
1988000 : 4.572512713483244 size: 0.0
1989000 : 4.350720103312247 size: 0.0
1990000 : 4.373002175558032 size: 0.0
1991000 : 4.446674039742831 size: 0.0
1992000 : 4.622939058612124 size: 0.0
1993000 : 4.57291480892096 size: 0.0
1994000 : 4.377276976327877 size: 0.0
1995000 : 4.295969770375373 size: 0.0
1996000 : 4.484373324742562 size: 0.0
1997000 : 4.2112284148504395 size: 0.0
1998000 : 4.339126064886981 size: 0.0
1999000 : 4.431260610607205 size: 0.0
2000000 : 4.402849076684669 size: 0.0
2001000 : 4.378076351689088 size: 0.0
2002000 : 4.373711775975492 size: 0.0
2003000 : 4.509386825449351 size: 0.0
2004000 : 4.387766198204001 size: 0.0
2005000 : 4.5491781074141775 size: 0.0
2006000 : 4.623131335215788 size: 0.0
2007000 : 4.525124613864505 size: 0.0
2008000 : 4.624581148962562 size: 0.0
2009000 : 4.602697388536175 size: 0.0
2010000 : 4.386223857791062 size: 0.0
2011000 : 4.446864940485289 size: 0.0
2012000 : 4.520513071064269 size: 0.0
2013000 : 4.4740065545138545 size: 0.0
2014000 : 4.526547254352442 size: 0.0
2015000 : 4.4803626893244415 size: 0.0
2016000 : 4.478764970497926 size: 0.0
2017000 : 4.526570987958261 size: 0.0
2018000 : 4.509804399325646 size: 0.0
2019000 : 4.365897572250889 size: 0.0
2020000 : 4.349763879773449 size: 0.0
2021000 : 4.358633713009048 size: 0.0
2022000 : 4.35616851369158 size: 0.0
2023000 : 4.4895200775522826 size: 0.0
2024000 : 4.540427286172976 size: 0.0
2025000 : 4.33522893801843 size: 0.0
2026000 : 4.44043278934302 size: 0.0
2027000 : 4.420919981741427 size: 0.0
2028000 : 4.449527575885947 size: 0.0
2029000 : 4.450536426115908 size: 0.0
2030000 : 4.545736734570412 size: 0.0
2031000 : 4.239341042925776 size: 0.0
2032000 : 4.324631367072263 size: 0.0
2033000 : 4.387559131092361 size: 0.0
2034000 : 4.472742482030013 size: 0.0
2035000 : 4.467897386789906 size: 0.0
2036000 : 4.35662495564697 size: 0.0
2037000 : 4.373393608071396 size: 0.0
2038000 : 4.544190610539156 size: 0.0
2039000 : 4.2765759747681775 size: 0.0
2040000 : 4.3789744450918935 size: 0.0
2041000 : 4.44057828666565 size: 0.0
2042000 : 4.381133859256127 size: 0.0
2043000 : 4.387836711090854 size: 0.0
2044000 : 4.399329623717413 size: 0.0
2045000 : 4.278448865836073 size: 0.0
2046000 : 4.537932849804862 size: 0.0
2047000 : 4.333932532796226 size: 0.0
2048000 : 4.474619500681529 size: 0.0
2049000 : 4.1369061122800765 size: 0.0
2050000 : 4.420070387446165 size: 0.0
2051000 : 4.392801850221264 size: 0.0
2052000 : 4.418574826314262 size: 0.0
2053000 : 4.42006935555026 size: 0.0
2054000 : 4.426215671526795 size: 0.0
2055000 : 4.3303742117498745 size: 0.0
2056000 : 4.446793739667832 size: 0.0
2057000 : 4.322359820219668 size: 0.0
2058000 : 4.694247537208767 size: 0.0
2059000 : 4.557023268015936 size: 0.0
2060000 : 4.528483435035856 size: 0.0
2061000 : 4.364329778405624 size: 0.0
2062000 : 4.55644024682951 size: 0.0
2063000 : 4.5363963568020536 size: 0.0
2064000 : 4.380659531105048 size: 0.0
2065000 : 4.4974343751796875 size: 0.0
2066000 : 4.478075664033268 size: 0.0
2067000 : 4.361935435940312 size: 0.0
2068000 : 4.44221074598764 size: 0.0
2069000 : 4.581207124414962 size: 0.0
2070000 : 4.40588697822951 size: 0.0
2071000 : 4.352974795865058 size: 0.0
2072000 : 4.377781573425509 size: 0.0
2073000 : 4.363338470406051 size: 0.0
2074000 : 4.340900581878583 size: 0.0
2075000 : 4.438698172326418 size: 0.0
2076000 : 4.421240557402636 size: 0.0
2077000 : 4.298862518562886 size: 0.0
2078000 : 4.488003878502276 size: 0.0
2079000 : 4.442949239490445 size: 0.0
2080000 : 4.411766721097207 size: 0.0
2081000 : 4.692902976844321 size: 0.0
2082000 : 4.338901799510256 size: 0.0
2083000 : 4.515784236096146 size: 0.0
2084000 : 4.637313712536539 size: 0.0
2085000 : 4.4661156465269665 size: 0.0
2086000 : 4.530793162036943 size: 0.0
2087000 : 4.3942231148479935 size: 0.0
2088000 : 4.569340321505428 size: 0.0
2089000 : 4.445323975933558 size: 0.0
2090000 : 4.55399430956894 size: 0.0
2091000 : 4.337109052357662 size: 0.0
2092000 : 4.51744146091986 size: 0.0
2093000 : 4.60936206022241 size: 0.0
2094000 : 4.613243364687082 size: 0.0
2095000 : 4.42331845179036 size: 0.0
2096000 : 4.662062703926301 size: 0.0
2097000 : 4.544796333435495 size: 0.0
2098000 : 4.356622203924556 size: 0.0
2099000 : 4.654883804113986 size: 0.0
2100000 : 4.482381077714968 size: 0.0
2101000 : 4.377977977612795 size: 0.0
2102000 : 4.392281086754451 size: 0.0
2103000 : 4.455417293747395 size: 0.0
2104000 : 4.3068992678377045 size: 0.0
2105000 : 4.49364766117299 size: 0.0
2106000 : 4.224480366030022 size: 0.0
2107000 : 4.510984200310565 size: 0.0
2108000 : 4.350118507999528 size: 0.0
2109000 : 4.499433501513317 size: 0.0
2110000 : 4.580288737059354 size: 0.0
2111000 : 4.511513906875223 size: 0.0
2112000 : 4.437567214414344 size: 0.0
2113000 : 4.354231301112262 size: 0.0
2114000 : 4.468258206391416 size: 0.0
2115000 : 4.457111322858394 size: 0.0
2116000 : 4.493991282509414 size: 0.0
2117000 : 4.366865146644644 size: 0.0
2118000 : 4.2308777766768175 size: 0.0
2119000 : 4.3423036163443225 size: 0.0
2120000 : 4.499116709470428 size: 0.0
2121000 : 4.412655871402168 size: 0.0
2122000 : 4.48131306545311 size: 0.0
2123000 : 4.491624801233542 size: 0.0
2124000 : 4.410830791511212 size: 0.0
2125000 : 4.358371267483831 size: 0.0
2126000 : 4.318401123562107 size: 0.0
2127000 : 4.474968281497479 size: 0.0
2128000 : 4.387160475307661 size: 0.0
2129000 : 4.403553861587905 size: 0.0
2130000 : 4.251425575871302 size: 0.0
2131000 : 4.374452677235409 size: 0.0
2132000 : 4.332122243413244 size: 0.0
2133000 : 4.291405694786776 size: 0.0
2134000 : 4.404309209390494 size: 0.0
2135000 : 4.5015478562230244 size: 0.0
2136000 : 4.297951354478614 size: 0.0
2137000 : 4.278646989849867 size: 0.0
2138000 : 4.416132328706709 size: 0.0
2139000 : 4.256262071978866 size: 0.0
2140000 : 4.435544354474896 size: 0.0
2141000 : 4.277990016123572 size: 0.0
2142000 : 4.33959420166263 size: 0.0
2143000 : 4.289591965750777 size: 0.0
2144000 : 4.647603778502963 size: 0.0
2145000 : 4.397212173319989 size: 0.0
2146000 : 4.359558979670689 size: 0.0
2147000 : 4.357646532593095 size: 0.0
2148000 : 4.303376719182732 size: 0.0
2149000 : 4.411467127319404 size: 0.0
2150000 : 4.276606243714729 size: 0.0
2151000 : 4.379347991409568 size: 0.0
2152000 : 4.480253308358493 size: 0.0
2153000 : 4.337847545860467 size: 0.0
2154000 : 4.283426043752043 size: 0.0
2155000 : 4.386032269118002 size: 0.0
2156000 : 4.3788698796401695 size: 0.0
2157000 : 4.419609129976552 size: 0.0
2158000 : 4.4865654156104595 size: 0.0
2159000 : 4.550272261038967 size: 0.0
2160000 : 4.418518759970081 size: 0.0
2161000 : 4.364404074910796 size: 0.0
2162000 : 4.504949673057091 size: 0.0
2163000 : 4.397113799243696 size: 0.0
2164000 : 4.509940609585129 size: 0.0
2165000 : 4.570957646354142 size: 0.0
2166000 : 4.356005474138562 size: 0.0
2167000 : 4.3525052832282025 size: 0.0
2168000 : 4.458329991922407 size: 0.0
2169000 : 4.532639567776607 size: 0.0
2170000 : 4.617172480328694 size: 0.0
2171000 : 4.402658863872815 size: 0.0
2172000 : 4.412182231181692 size: 0.0
2173000 : 4.526477773361494 size: 0.0
2174000 : 4.479228291759351 size: 0.0
2175000 : 4.403596169320017 size: 0.0
2176000 : 4.427437780243826 size: 0.0
2177000 : 4.499237097326032 size: 0.0
2178000 : 4.522702410209753 size: 0.0
2179000 : 4.579026728367323 size: 0.0
2180000 : 4.587175266365203 size: 0.0
2181000 : 4.576241641319251 size: 0.0
2182000 : 4.401592571437465 size: 0.0
2183000 : 4.428129150500295 size: 0.0
2184000 : 4.542966438030315 size: 0.0
2185000 : 4.391938841279234 size: 0.0
2186000 : 4.359391468568749 size: 0.0
2187000 : 4.393522457528379 size: 0.0
2188000 : 4.481792897049017 size: 0.0
2189000 : 4.49143493238699 size: 0.0
2190000 : 4.421820482901345 size: 0.0
2191000 : 4.398689504290901 size: 0.0
2192000 : 4.305021561255584 size: 0.0
2193000 : 4.566587567195718 size: 0.0
2194000 : 4.35328814825493 size: 0.0
2195000 : 4.279980199359356 size: 0.0
2196000 : 4.254637179893514 size: 0.0
2197000 : 4.3168539676349456 size: 0.0
2198000 : 4.474703084249849 size: 0.0
2199000 : 4.544673537822779 size: 0.0
2200000 : 4.375759745381966 size: 0.0
2201000 : 4.43216661521195 size: 0.0
2202000 : 4.341144109312205 size: 0.0
2203000 : 4.481686267805482 size: 0.0
2204000 : 4.404118652613338 size: 0.0
2205000 : 4.551923982417853 size: 0.0
2206000 : 4.364853637560152 size: 0.0
2207000 : 4.329579651902888 size: 0.0
2208000 : 4.40987559986832 size: 0.0
2209000 : 4.466085033615113 size: 0.0
2210000 : 4.585021699611099 size: 0.0
2211000 : 4.424109571984329 size: 0.0
2212000 : 4.499771963370215 size: 0.0
2213000 : 4.300341913325608 size: 0.0
2214000 : 4.396003479249726 size: 0.0
2215000 : 4.319647653815561 size: 0.0
2216000 : 4.56140951354354 size: 0.0
2217000 : 4.416453936263822 size: 0.0
2218000 : 4.452007565711389 size: 0.0
2219000 : 4.497829935276672 size: 0.0
2220000 : 4.469730377882802 size: 0.0
2221000 : 4.5252240198367035 size: 0.0
2222000 : 4.495810858955543 size: 0.0
2223000 : 4.416387206995287 size: 0.0
2224000 : 4.447613408981844 size: 0.0
2225000 : 4.376480696654383 size: 0.0
2226000 : 4.352489116859021 size: 0.0
2227000 : 4.453276797674756 size: 0.0
2228000 : 4.445661749859853 size: 0.0
2229000 : 4.31997235706039 size: 0.0
2230000 : 4.36276232852566 size: 0.0
2231000 : 4.354813978333385 size: 0.0
2232000 : 4.387448718230508 size: 0.0
2233000 : 4.372378222500702 size: 0.0
2234000 : 4.115987518490331 size: 0.0
2235000 : 4.433270743830489 size: 0.0
2236000 : 4.460268580362933 size: 0.0
2237000 : 4.384912318095583 size: 0.0
2238000 : 4.572097203398759 size: 0.0
2239000 : 4.443320722016308 size: 0.0
2240000 : 4.44142134562018 size: 0.0
2241000 : 4.665522306931057 size: 0.0
2242000 : 4.459308917171119 size: 0.0
2243000 : 4.442701928438504 size: 0.0
2244000 : 4.5485049673187 size: 0.0
2245000 : 4.5113825121299636 size: 0.0
2246000 : 4.5591290235930995 size: 0.0
2247000 : 4.4667805314552025 size: 0.0
2248000 : 4.379548523180474 size: 0.0
2249000 : 4.436140790308088 size: 0.0
2250000 : 4.646330418955975 size: 0.0
2251000 : 4.534874998272521 size: 0.0
2252000 : 4.432159047975312 size: 0.0
2253000 : 4.466287285212528 size: 0.0
2254000 : 4.390054943321683 size: 0.0
2255000 : 4.518895746215556 size: 0.0
2256000 : 4.501340101180782 size: 0.0
2257000 : 4.341865748515225 size: 0.0
2258000 : 4.5083256924935275 size: 0.0
2259000 : 4.484640585782003 size: 0.0
2260000 : 4.454261914298899 size: 0.0
2261000 : 4.414664972729547 size: 0.0
2262000 : 4.481758156553543 size: 0.0
2263000 : 4.485869573805069 size: 0.0
2264000 : 4.452424107691779 size: 0.0
2265000 : 4.414432796150883 size: 0.0
2266000 : 4.3892720782949555 size: 0.0
2267000 : 4.4870166980863235 size: 0.0
2268000 : 4.554800908201486 size: 0.0
2269000 : 4.417508189913611 size: 0.0
2270000 : 4.647095741752314 size: 0.0
2271000 : 4.307473345926285 size: 0.0
2272000 : 4.241048830648843 size: 0.0
2273000 : 4.494309106448209 size: 0.0
2274000 : 4.423086619176997 size: 0.0
2275000 : 4.390734274792591 size: 0.0
2276000 : 4.464610110401313 size: 0.0
2277000 : 4.512184639213587 size: 0.0
2278000 : 4.594223459362863 size: 0.0
2279000 : 4.379666847244267 size: 0.0
2280000 : 4.45828252471077 size: 0.0
2281000 : 4.432587628741262 size: 0.0
2282000 : 4.3011416326521195 size: 0.0
2283000 : 4.426343970584339 size: 0.0
2284000 : 4.32490963500136 size: 0.0
2285000 : 4.433460956642343 size: 0.0
2286000 : 4.5499351750432755 size: 0.0
2287000 : 4.420260256292718 size: 0.0
2288000 : 4.419073919967066 size: 0.0
2289000 : 4.624070360489499 size: 0.0
2290000 : 4.585355345953773 size: 0.0
2291000 : 4.435426030411102 size: 0.0
2292000 : 4.378759466778315 size: 0.0
2293000 : 4.436819777813694 size: 0.0
2294000 : 4.394328368230322 size: 0.0
2295000 : 4.322686587256307 size: 0.0
2296000 : 4.542077287725354 size: 0.0
2297000 : 4.3869853969690835 size: 0.0
2298000 : 4.466366053266623 size: 0.0
2299000 : 4.426044376806535 size: 0.0
2300000 : 4.4268523513002895 size: 0.0
2301000 : 4.373707648391871 size: 0.0
2302000 : 4.365101636542696 size: 0.0
2303000 : 4.181475072285872 size: 0.0
2304000 : 4.4738417951343274 size: 0.0
2305000 : 4.414679763237522 size: 0.0
2306000 : 4.388216448783959 size: 0.0
2307000 : 4.4622498205008725 size: 0.0
2308000 : 4.5172354257041265 size: 0.0
2309000 : 4.446514095877529 size: 0.0
2310000 : 4.457530616561197 size: 0.0
2311000 : 4.431042192640609 size: 0.0
2312000 : 4.493669674952301 size: 0.0
2313000 : 4.666216428909939 size: 0.0
2314000 : 4.364005075160795 size: 0.0
2315000 : 4.502959489821306 size: 0.0
2316000 : 4.38065402766022 size: 0.0
2317000 : 4.450916507774315 size: 0.0
2318000 : 4.520100312702199 size: 0.0
2319000 : 4.529582404174869 size: 0.0
2320000 : 4.307549362257966 size: 0.0
2321000 : 4.487965354388483 size: 0.0
2322000 : 4.437244574961325 size: 0.0
2323000 : 4.274212933145322 size: 0.0
2324000 : 4.434116554507432 size: 0.0
2325000 : 4.476063810983475 size: 0.0
2326000 : 4.46340932753299 size: 0.0
2327000 : 4.448266943055123 size: 0.0
2328000 : 4.53356311461174 size: 0.0
2329000 : 4.471513837972249 size: 0.0
2330000 : 4.4442941438201915 size: 0.0
2331000 : 4.34887507343379 size: 0.0
2332000 : 4.426661450557831 size: 0.0
2333000 : 4.369138413323748 size: 0.0
2334000 : 4.341727818429233 size: 0.0
2335000 : 4.318403187353917 size: 0.0
2336000 : 4.306527441346539 size: 0.0
2337000 : 4.407165497256024 size: 0.0
2338000 : 4.315486705560586 size: 0.0
2339000 : 4.321674297373328 size: 0.0
2340000 : 4.46093174546466 size: 0.0
2341000 : 4.383932360950967 size: 0.0
2342000 : 4.552679674185744 size: 0.0
2343000 : 4.453353501937041 size: 0.0
2344000 : 4.441077724283756 size: 0.0
2345000 : 4.369562178575474 size: 0.0
2346000 : 4.3166558436211515 size: 0.0
2347000 : 4.582042960098155 size: 0.0
2348000 : 4.501142321132289 size: 0.0
2349000 : 4.405070060637911 size: 0.0
2350000 : 4.5201058161470264 size: 0.0
2351000 : 4.390759384259617 size: 0.0
2352000 : 4.500444415535089 size: 0.0
2353000 : 4.496279683661795 size: 0.0
2354000 : 4.545950337022784 size: 0.0
2355000 : 4.427147129563868 size: 0.0
2356000 : 4.496205731121924 size: 0.0
2357000 : 4.415153059492696 size: 0.0
2358000 : 4.547646773890895 size: 0.0
2359000 : 4.395395004630973 size: 0.0
2360000 : 4.377757495854389 size: 0.0
2361000 : 4.435079313386963 size: 0.0
2362000 : 4.463767739377388 size: 0.0
2363000 : 4.333281062514757 size: 0.0
2364000 : 4.52476688995071 size: 0.0
2365000 : 4.442562622491305 size: 0.0
2366000 : 4.448896743522583 size: 0.0
2367000 : 4.348909125998661 size: 0.0
2368000 : 4.4082015207448215 size: 0.0
2369000 : 4.390165012218235 size: 0.0
2370000 : 4.451578640980137 size: 0.0
2371000 : 4.302609676559884 size: 0.0
2372000 : 4.333013457510015 size: 0.0
2373000 : 4.374129693817088 size: 0.0
2374000 : 4.382009938879622 size: 0.0
2375000 : 4.50043065692302 size: 0.0
2376000 : 4.441916999619966 size: 0.0
2377000 : 4.429087781796204 size: 0.0
2378000 : 4.55227620288682 size: 0.0
2379000 : 4.351390835650611 size: 0.0
2380000 : 4.41407163258407 size: 0.0
2381000 : 4.602007738106215 size: 0.0
2382000 : 4.370949734602635 size: 0.0
2383000 : 4.524885557979806 size: 0.0
2384000 : 4.374433415178512 size: 0.0
2385000 : 4.223422672727216 size: 0.0
2386000 : 4.289933867260692 size: 0.0
2387000 : 4.441337418086558 size: 0.0
2388000 : 4.486384489861752 size: 0.0
2389000 : 4.357311166423913 size: 0.0
2390000 : 4.267411363269 size: 0.0
2391000 : 4.327852602122924 size: 0.0
2392000 : 4.401298825069792 size: 0.0
2393000 : 4.441057086365652 size: 0.0
2394000 : 4.599591381861592 size: 0.0
2395000 : 4.487815041551629 size: 0.0
2396000 : 4.474816592799418 size: 0.0
2397000 : 4.474193671637993 size: 0.0
2398000 : 4.275835761438864 size: 0.0
2399000 : 4.547407374040894 size: 0.0
last series
Last encode part don't need inference.
653.8989200592041
45534.37889623642 
