FLAGS.seq_len change from 16 to 64 due to FLAGS.vocab_dim = 64 and FLAGS.hidden_dim = 256.
SLiMPerformer(
  (input_map): Embedding(256, 32)
  (output_logit_map): Linear(in_features=256, out_features=256, bias=True)
  (layers): ModuleList(
    (0): SLiMPerformerLayer(
      (attention): MultiHeadAttention(
        (q_map): Linear(in_features=256, out_features=256, bias=True)
        (k_map): Linear(in_features=256, out_features=256, bias=True)
        (v_map): Linear(in_features=256, out_features=256, bias=True)
      )
      (U_map): Linear(in_features=256, out_features=4096, bias=True)
      (V_map): Linear(in_features=4096, out_features=256, bias=True)
      (layernorm1): LayerNorm((256,), eps=1e-05, elementwise_affine=True)
      (layernorm2): LayerNorm((256,), eps=1e-05, elementwise_affine=True)
    )
  )
)
387007
0 : 8.327142668731504 size: 0.0
1000 : 4.855709321387694 size: 0.0
2000 : 4.087608661271459 size: 0.0
3000 : 3.5691060783871174 size: 0.0
4000 : 3.7093710008472036 size: 0.0
5000 : 3.427170860421852 size: 0.0
6000 : 3.478159244853752 size: 0.0
7000 : 3.431108231230705 size: 0.0
8000 : 3.178626004943843 size: 0.0
9000 : 3.1390218401031555 size: 0.0
10000 : 2.931366891763685 size: 0.0
11000 : 3.014781573119863 size: 0.0
12000 : 3.051950463624333 size: 0.0
13000 : 3.086123072385471 size: 0.0
14000 : 3.171770776480452 size: 0.0
15000 : 3.206679470987283 size: 0.0
16000 : 2.850797835348683 size: 0.0
17000 : 2.7515201622075236 size: 0.0
18000 : 2.6932796133540404 size: 0.0
19000 : 2.6713102055675235 size: 0.0
20000 : 2.724870246577775 size: 0.0
21000 : 2.8768108992222867 size: 0.0
22000 : 2.8792776463836116 size: 0.0
23000 : 3.0274205781317707 size: 0.0
24000 : 2.9631190166965804 size: 0.0
25000 : 2.557988085191605 size: 0.0
26000 : 2.6110836010618765 size: 0.0
27000 : 2.6952426233309885 size: 0.0
28000 : 2.7384345182513252 size: 0.0
29000 : 2.8222105351569655 size: 0.0
30000 : 2.685956248115 size: 0.0
31000 : 2.845171938873659 size: 0.0
32000 : 2.8988556354098813 size: 0.0
33000 : 2.6818553218051764 size: 0.0
34000 : 2.63226893994311 size: 0.0
35000 : 2.5100186842129504 size: 0.0
36000 : 2.4736073772855307 size: 0.0
37000 : 2.643908381788203 size: 0.0
38000 : 2.7018739303829564 size: 0.0
39000 : 3.017174195758666 size: 0.0
40000 : 2.8737521877766916 size: 0.0
41000 : 2.8275808654128074 size: 0.0
42000 : 2.6295526459553824 size: 0.0
43000 : 2.5305602920320043 size: 0.0
44000 : 2.539200528428701 size: 0.0
45000 : 2.5135350414924913 size: 0.0
46000 : 2.885849619421032 size: 0.0
47000 : 2.9219590967961877 size: 0.0
48000 : 2.9025219615609745 size: 0.0
49000 : 2.726674516567977 size: 0.0
50000 : 2.6476225191162364 size: 0.0
51000 : 2.5604042694535765 size: 0.0
52000 : 2.374873513286399 size: 0.0
53000 : 2.4650015374190066 size: 0.0
54000 : 2.6574729974270546 size: 0.0
55000 : 2.6609945141861213 size: 0.0
56000 : 2.7256120077509465 size: 0.0
57000 : 2.676648719032956 size: 0.0
58000 : 2.5550179448112043 size: 0.0
59000 : 2.4835883904283538 size: 0.0
60000 : 2.3869540906309554 size: 0.0
61000 : 2.4020297458402875 size: 0.0
62000 : 2.7879949307331113 size: 0.0
63000 : 2.654521431172947 size: 0.0
64000 : 2.7376808902752443 size: 0.0
65000 : 2.6923894311531744 size: 0.0
66000 : 2.5548683199049536 size: 0.0
67000 : 2.565640281259095 size: 0.0
68000 : 2.3788911999932054 size: 0.0
69000 : 2.4635104478360264 size: 0.0
70000 : 2.5720502466394026 size: 0.0
71000 : 2.6596511577002317 size: 0.0
72000 : 2.8111941864559484 size: 0.0
73000 : 2.6031985404851183 size: 0.0
74000 : 2.610233318836011 size: 0.0
75000 : 2.5279788324425536 size: 0.0
76000 : 2.5763912607298307 size: 0.0
77000 : 2.4062244026948316 size: 0.0
78000 : 2.564367953608012 size: 0.0
79000 : 2.597381055337033 size: 0.0
80000 : 2.6884353780271875 size: 0.0
81000 : 2.665867642598319 size: 0.0
82000 : 2.6760686215515954 size: 0.0
83000 : 2.50856147521219 size: 0.0
84000 : 2.455747150976079 size: 0.0
85000 : 2.455297932292025 size: 0.0
86000 : 2.4979250361869285 size: 0.0
87000 : 2.6206726657433834 size: 0.0
88000 : 2.5657506941209487 size: 0.0
89000 : 2.6809066655030174 size: 0.0
90000 : 2.5392438680567184 size: 0.0
91000 : 2.3818888575977444 size: 0.0
92000 : 2.343539478177752 size: 0.0
93000 : 2.3668826833793606 size: 0.0
94000 : 2.430750160603773 size: 0.0
95000 : 2.638812707825789 size: 0.0
96000 : 2.624824670900513 size: 0.0
97000 : 2.684042425176199 size: 0.0
98000 : 2.6806060398293092 size: 0.0
99000 : 2.546407461413107 size: 0.0
100000 : 2.405348667036638 size: 0.0
101000 : 2.310947905925995 size: 0.0
102000 : 2.381588575889338 size: 0.0
103000 : 2.5180265404024245 size: 0.0
104000 : 2.6608404177309484 size: 0.0
105000 : 2.6012417218836013 size: 0.0
106000 : 2.763963966910702 size: 0.0
107000 : 2.4918315188842084 size: 0.0
108000 : 2.420444444216121 size: 0.0
109000 : 2.311265385899488 size: 0.0
110000 : 2.3773467957884575 size: 0.0
111000 : 2.7007465841065508 size: 0.0
112000 : 2.7381392240397937 size: 0.0
113000 : 2.702856639249987 size: 0.0
114000 : 2.6870392228674835 size: 0.0
115000 : 2.395245374229052 size: 0.0
116000 : 2.4541547636117405 size: 0.0
117000 : 2.2717198671427443 size: 0.0
118000 : 2.3368835776067103 size: 0.0
119000 : 2.4578843793783514 size: 0.0
120000 : 2.6222270449418814 size: 0.0
121000 : 2.5355880328473277 size: 0.0
122000 : 2.6308640136682113 size: 0.0
123000 : 2.4321351368911714 size: 0.0
124000 : 2.2816166087866447 size: 0.0
125000 : 2.2760710282095737 size: 0.0
126000 : 2.22870786607521 size: 0.0
127000 : 2.454801762344286 size: 0.0
128000 : 2.540556955596056 size: 0.0
129000 : 2.6314233012488173 size: 0.0
130000 : 2.6973397797756093 size: 0.0
131000 : 2.514480774089586 size: 0.0
132000 : 2.4827394840636954 size: 0.0
133000 : 2.3778443415974033 size: 0.0
134000 : 2.2530459909120606 size: 0.0
135000 : 2.265489107684636 size: 0.0
136000 : 2.3548432098883607 size: 0.0
137000 : 2.6581382263205917 size: 0.0
138000 : 2.5470637472087994 size: 0.0
139000 : 2.5156205031168537 size: 0.0
140000 : 2.4348866873223254 size: 0.0
141000 : 2.5107766117553028 size: 0.0
142000 : 2.2133348528625363 size: 0.0
143000 : 2.3387485574726665 size: 0.0
144000 : 2.3890128949444343 size: 0.0
145000 : 2.437908078532683 size: 0.0
146000 : 2.668702432632491 size: 0.0
147000 : 2.5355557001089655 size: 0.0
148000 : 2.3934454038051216 size: 0.0
149000 : 2.3230983082268017 size: 0.0
150000 : 2.175312240479183 size: 0.0
151000 : 2.3860627045515335 size: 0.0
152000 : 2.4712223218833653 size: 0.0
153000 : 2.389790600491636 size: 0.0
154000 : 2.69412869170135 size: 0.0
155000 : 2.5186219443397118 size: 0.0
156000 : 2.4347762744604715 size: 0.0
157000 : 2.3222777789995352 size: 0.0
158000 : 2.3036565294600155 size: 0.0
159000 : 2.3072292970490396 size: 0.0
160000 : 2.4557148182377166 size: 0.0
161000 : 2.4701639406499556 size: 0.0
162000 : 2.5136574931399056 size: 0.0
163000 : 2.608764758980293 size: 0.0
164000 : 2.599804462870341 size: 0.0
165000 : 2.3830531801440853 size: 0.0
166000 : 2.384298678501634 size: 0.0
167000 : 2.1534819666572145 size: 0.0
168000 : 2.4887590488265445 size: 0.0
169000 : 2.4649139982497177 size: 0.0
170000 : 2.721651419284227 size: 0.0
171000 : 2.552576135134254 size: 0.0
172000 : 2.6883574698863466 size: 0.0
173000 : 2.4210763084753912 size: 0.0
174000 : 2.4186577164563077 size: 0.0
175000 : 2.317663656459537 size: 0.0
176000 : 2.5009087631967475 size: 0.0
177000 : 2.6391805787159845 size: 0.0
178000 : 2.4457781766188162 size: 0.0
179000 : 2.553180826134688 size: 0.0
180000 : 2.4819657341174635 size: 0.0
181000 : 2.3731576423787413 size: 0.0
182000 : 2.295797266280887 size: 0.0
183000 : 2.0557867058866433 size: 0.0
184000 : 2.372710143521196 size: 0.0
185000 : 2.5097216701749105 size: 0.0
186000 : 2.5071042662114293 size: 0.0
187000 : 2.693870201777103 size: 0.0
188000 : 2.5950577417065275 size: 0.0
189000 : 2.363893968872667 size: 0.0
190000 : 2.2742395849605357 size: 0.0
191000 : 2.091056219994985 size: 0.0
192000 : 2.1517796823789745 size: 0.0
193000 : 2.498878679985963 size: 0.0
194000 : 2.50384141135926 size: 0.0
195000 : 2.6293318202316747 size: 0.0
196000 : 2.4264849908623756 size: 0.0
197000 : 2.3321372004081984 size: 0.0
198000 : 2.280364059140411 size: 0.0
199000 : 2.016195783710072 size: 0.0
200000 : 2.197487167533481 size: 0.0
201000 : 2.414621627605859 size: 0.0
202000 : 2.4399188996865715 size: 0.0
203000 : 2.5221059688808904 size: 0.0
204000 : 2.669480138179692 size: 0.0
205000 : 2.3801910448684267 size: 0.0
206000 : 2.3190606715324957 size: 0.0
207000 : 2.1800531142328676 size: 0.0
208000 : 2.22733045702445 size: 0.0
209000 : 2.4863394249115554 size: 0.0
210000 : 2.5864881901793355 size: 0.0
211000 : 2.610285601561873 size: 0.0
212000 : 2.6082668692060453 size: 0.0
213000 : 2.447384494577875 size: 0.0
214000 : 2.3977456580072953 size: 0.0
215000 : 2.292268354267833 size: 0.0
216000 : 2.1810396067182167 size: 0.0
217000 : 2.4607232969961434 size: 0.0
218000 : 2.5225842526329396 size: 0.0
219000 : 2.482954290394623 size: 0.0
220000 : 2.6120387927047686 size: 0.0
221000 : 2.4449241107746316 size: 0.0
222000 : 2.2317031159226373 size: 0.0
223000 : 2.3042017144632507 size: 0.0
224000 : 2.019759780183902 size: 0.0
225000 : 2.349936028911292 size: 0.0
226000 : 2.4676022590653544 size: 0.0
227000 : 2.5698875648048025 size: 0.0
228000 : 2.501551290380371 size: 0.0
229000 : 2.4203262921349786 size: 0.0
230000 : 2.3641077433076894 size: 0.0
231000 : 2.2349570276769612 size: 0.0
232000 : 2.165325035960929 size: 0.0
233000 : 2.328277737740186 size: 0.0
234000 : 2.364244641497776 size: 0.0
235000 : 2.457719104050872 size: 0.0
236000 : 2.588663254764797 size: 0.0
237000 : 2.47549677868791 size: 0.0
238000 : 2.385598179411553 size: 0.0
239000 : 2.3570977304585212 size: 0.0
240000 : 2.2049868149896557 size: 0.0
241000 : 2.345363182207501 size: 0.0
242000 : 2.411920296108757 size: 0.0
243000 : 2.420930295204809 size: 0.0
244000 : 2.4078845512236104 size: 0.0
245000 : 2.4936025962227935 size: 0.0
246000 : 2.3825179701346 size: 0.0
247000 : 2.3528967102458953 size: 0.0
248000 : 2.3181782285509183 size: 0.0
249000 : 2.1598977794476517 size: 0.0
250000 : 2.2907052039541407 size: 0.0
251000 : 2.4693979299230127 size: 0.0
252000 : 2.3487835731678604 size: 0.0
253000 : 2.537493256653586 size: 0.0
254000 : 2.444933913785731 size: 0.0
255000 : 2.200987702409143 size: 0.0
256000 : 2.2039181147971942 size: 0.0
257000 : 2.094179940882606 size: 0.0
258000 : 2.4654930638351726 size: 0.0
259000 : 2.4285021753743457 size: 0.0
260000 : 2.665113326691635 size: 0.0
261000 : 2.657557440908628 size: 0.0
262000 : 2.328544998779627 size: 0.0
263000 : 2.2708031996136455 size: 0.0
264000 : 2.1871962416538033 size: 0.0
265000 : 1.966591343669665 size: 0.0
266000 : 2.2202635179178465 size: 0.0
267000 : 2.468313235344021 size: 0.0
268000 : 2.4732377865688266 size: 0.0
269000 : 2.539831016826764 size: 0.0
270000 : 2.5295495499928835 size: 0.0
271000 : 2.2386572344102746 size: 0.0
272000 : 2.1394251366715937 size: 0.0
273000 : 2.1216056702503963 size: 0.0
274000 : 2.295601550024205 size: 0.0
275000 : 2.341637350059209 size: 0.0
276000 : 2.421024369714831 size: 0.0
277000 : 2.394413494146828 size: 0.0
278000 : 2.446353802551254 size: 0.0
279000 : 2.179361571993748 size: 0.0
280000 : 2.343166619790681 size: 0.0
281000 : 1.9994802739247632 size: 0.0
282000 : 2.1738476362244357 size: 0.0
283000 : 2.4666616859477855 size: 0.0
284000 : 2.5137030685423842 size: 0.0
285000 : 2.650603666386292 size: 0.0
286000 : 2.525152641540925 size: 0.0
287000 : 2.5116513155175912 size: 0.0
288000 : 2.3266327236846833 size: 0.0
289000 : 2.0558193825903075 size: 0.0
290000 : 2.2446319117012488 size: 0.0
291000 : 2.285052650168233 size: 0.0
292000 : 2.364040326108551 size: 0.0
293000 : 2.5234161327151634 size: 0.0
294000 : 2.705126638258725 size: 0.0
295000 : 2.4303300069877154 size: 0.0
296000 : 2.2771201223798365 size: 0.0
297000 : 2.127740807354625 size: 0.0
298000 : 2.225422653478429 size: 0.0
299000 : 2.3342353887487244 size: 0.0
300000 : 2.5278510493329627 size: 0.0
301000 : 2.308171246027815 size: 0.0
302000 : 2.515816735321488 size: 0.0
303000 : 2.2333426265333123 size: 0.0
304000 : 2.2003568700457783 size: 0.0
305000 : 2.170070209280885 size: 0.0
306000 : 2.0429569721149288 size: 0.0
307000 : 2.2790146832617415 size: 0.0
308000 : 2.4815569313563626 size: 0.0
309000 : 2.43133748135647 size: 0.0
310000 : 2.579189074494067 size: 0.0
311000 : 2.35362522875495 size: 0.0
312000 : 2.303277307714863 size: 0.0
313000 : 2.220665785338215 size: 0.0
314000 : 2.1682791819547997 size: 0.0
315000 : 2.158395339009714 size: 0.0
316000 : 2.4116425441276137 size: 0.0
317000 : 2.414341123902302 size: 0.0
318000 : 2.4708100794692474 size: 0.0
319000 : 2.5943832257498434 size: 0.0
320000 : 2.2867263853264297 size: 0.0
321000 : 2.299012481938767 size: 0.0
322000 : 2.003706919552368 size: 0.0
323000 : 2.214013840368143 size: 0.0
324000 : 2.3261209033157155 size: 0.0
325000 : 2.5299296316512905 size: 0.0
326000 : 2.5628588058466906 size: 0.0
327000 : 2.453547492871544 size: 0.0
328000 : 2.420127996138534 size: 0.0
329000 : 2.1564388643734986 size: 0.0
330000 : 2.0879754947700793 size: 0.0
331000 : 2.2331905938699497 size: 0.0
332000 : 2.3233206817943675 size: 0.0
333000 : 2.402335015045569 size: 0.0
334000 : 2.5158449404762298 size: 0.0
335000 : 2.619051041328398 size: 0.0
336000 : 2.2755488888815543 size: 0.0
337000 : 2.2600489524725433 size: 0.0
338000 : 2.3319788043867535 size: 0.0
339000 : 2.1708905665255003 size: 0.0
340000 : 2.3061891459766213 size: 0.0
341000 : 2.4079223874068 size: 0.0
342000 : 2.4879302644320362 size: 0.0
343000 : 2.4724337676760433 size: 0.0
344000 : 2.3819187825789943 size: 0.0
345000 : 2.3503978023288585 size: 0.0
346000 : 2.1700003843246347 size: 0.0
347000 : 2.162430395964257 size: 0.0
348000 : 2.3464968918419884 size: 0.0
349000 : 2.3668914544945547 size: 0.0
350000 : 2.370081216720107 size: 0.0
351000 : 2.5965359325906934 size: 0.0
352000 : 2.439077044610598 size: 0.0
353000 : 2.3208948665039473 size: 0.0
354000 : 2.180847330114552 size: 0.0
355000 : 2.1292134947939636 size: 0.0
356000 : 2.0426463714474705 size: 0.0
357000 : 2.3097615696003433 size: 0.0
358000 : 2.3366964604825715 size: 0.0
359000 : 2.6250499681731436 size: 0.0
360000 : 2.562319296270934 size: 0.0
361000 : 2.415498223177307 size: 0.0
362000 : 2.1344825272684473 size: 0.0
363000 : 2.0416571272397075 size: 0.0
364000 : 2.213672626788831 size: 0.0
365000 : 2.4373685689569267 size: 0.0
366000 : 2.4490835111857487 size: 0.0
367000 : 2.47012094498724 size: 0.0
368000 : 2.4590471540808347 size: 0.0
369000 : 2.3531347342346893 size: 0.0
370000 : 2.230867452222095 size: 0.0
371000 : 2.1686539321510296 size: 0.0
372000 : 2.203775885144931 size: 0.0
373000 : 2.3046134409294163 size: 0.0
374000 : 2.386186532060155 size: 0.0
375000 : 2.3883806867198625 size: 0.0
376000 : 2.5372947886744903 size: 0.0
377000 : 2.2661336986600698 size: 0.0
378000 : 2.306479280708627 size: 0.0
379000 : 2.1416806891376594 size: 0.0
380000 : 2.040391506912008 size: 0.0
381000 : 2.411201924576103 size: 0.0
382000 : 2.2151279439804323 size: 0.0
383000 : 2.4619135889227652 size: 0.0
384000 : 2.3522156589484786 size: 0.0
385000 : 2.245825987246189 size: 0.0
386000 : 2.2335017104853603 size: 0.0
387000 : 2.1572289526715624 size: 0.0
last series
Last encode part don't need inference.
58.74373531341553
压缩完成，总共用时：7548.64399933815 秒
