FLAGS.seq_len change from 16 to 64 due to FLAGS.vocab_dim = 64 and FLAGS.hidden_dim = 256.
TestInitial.py:274: DeprecationWarning: The binary mode of fromstring is deprecated, as it behaves surprisingly on unicode inputs. Use frombuffer instead
  series = np.fromstring(fp.read(), dtype=np.uint8)
SLiMPerformer(
  (input_map): Embedding(256, 32)
  (output_logit_map): Linear(in_features=256, out_features=256, bias=True)
  (layers): ModuleList(
    (0): SLiMPerformerLayer(
      (attention): MultiHeadAttention(
        (q_map): Linear(in_features=256, out_features=256, bias=True)
        (k_map): Linear(in_features=256, out_features=256, bias=True)
        (v_map): Linear(in_features=256, out_features=256, bias=True)
      )
      (U_map): Linear(in_features=256, out_features=4096, bias=True)
      (V_map): Linear(in_features=4096, out_features=256, bias=True)
      (layernorm1): LayerNorm((256,), eps=1e-05, elementwise_affine=True)
      (layernorm2): LayerNorm((256,), eps=1e-05, elementwise_affine=True)
    )
  )
)
413868
0 : 8.378985119007588 size: 0.0
1000 : 2.62690308123619 size: 0.0
2000 : 2.5340713178493686 size: 0.0
3000 : 2.3614875876217942 size: 0.0
4000 : 2.4259638834302613 size: 0.0
5000 : 2.4203130494708622 size: 0.0
6000 : 2.350379916133169 size: 0.0
7000 : 2.4243001232658146 size: 0.0
8000 : 2.074423089899439 size: 0.0
9000 : 2.2030339519891085 size: 0.0
10000 : 2.0107922608026136 size: 0.0
11000 : 2.1366572478886074 size: 0.0
12000 : 1.8506339331345758 size: 0.0
13000 : 2.0623385569539128 size: 0.0
14000 : 2.085209153830951 size: 0.0
15000 : 2.1562400524291014 size: 0.0
16000 : 2.0895732135965948 size: 0.0
17000 : 1.9299709058387962 size: 0.0
18000 : 1.938909360152089 size: 0.0
19000 : 1.9975547561657032 size: 0.0
20000 : 2.187223242929989 size: 0.0
21000 : 2.0882308890066104 size: 0.0
22000 : 2.114071626264049 size: 0.0
23000 : 2.050411732099228 size: 0.0
24000 : 1.9540660191899775 size: 0.0
25000 : 2.1614672931194256 size: 0.0
26000 : 2.0484967052818708 size: 0.0
27000 : 2.025002499312804 size: 0.0
28000 : 2.1219386286624666 size: 0.0
29000 : 2.0267152745327466 size: 0.0
30000 : 2.0590557521142436 size: 0.0
31000 : 1.9395407084634064 size: 0.0
32000 : 1.9338277887670456 size: 0.0
33000 : 2.0804237365706935 size: 0.0
34000 : 2.039440614835388 size: 0.0
35000 : 1.9404045773186902 size: 0.0
36000 : 2.0911891625841017 size: 0.0
37000 : 1.8688393286243092 size: 0.0
38000 : 2.0904940087093142 size: 0.0
39000 : 1.9493082911365087 size: 0.0
40000 : 2.125957003299876 size: 0.0
41000 : 2.0882924587956193 size: 0.0
42000 : 1.926620339834687 size: 0.0
43000 : 1.8250258884037545 size: 0.0
44000 : 1.8262099889549448 size: 0.0
45000 : 1.8407461345885203 size: 0.0
46000 : 1.803755074145042 size: 0.0
47000 : 1.7711908471347728 size: 0.0
48000 : 1.8462148389206559 size: 0.0
49000 : 1.9692720372486636 size: 0.0
50000 : 1.8931810650968277 size: 0.0
51000 : 1.9991039758846754 size: 0.0
52000 : 1.9809948906794252 size: 0.0
53000 : 2.021570241549535 size: 0.0
54000 : 1.859298247102393 size: 0.0
55000 : 1.8747018732269205 size: 0.0
56000 : 1.9754771712917936 size: 0.0
57000 : 1.878922155496443 size: 0.0
58000 : 1.9781716234828612 size: 0.0
59000 : 1.921708859291347 size: 0.0
60000 : 1.8280170106675604 size: 0.0
61000 : 1.8841906720229744 size: 0.0
62000 : 1.8350760385722242 size: 0.0
63000 : 1.8055500570720973 size: 0.0
64000 : 1.7267546577354438 size: 0.0
65000 : 1.775897668323586 size: 0.0
66000 : 1.9811954224503312 size: 0.0
67000 : 1.8907179295711705 size: 0.0
68000 : 1.9754826747366212 size: 0.0
69000 : 1.9406212754587773 size: 0.0
70000 : 1.9706485863861694 size: 0.0
71000 : 1.9595944015019624 size: 0.0
72000 : 1.8973285987050352 size: 0.0
73000 : 1.9045960695825448 size: 0.0
74000 : 1.8987660297009465 size: 0.0
75000 : 1.856069272832444 size: 0.0
76000 : 1.7919023738128792 size: 0.0
77000 : 2.0532124695685288 size: 0.0
78000 : 1.9379383461053177 size: 0.0
79000 : 2.0499697366865104 size: 0.0
80000 : 1.842055094544237 size: 0.0
81000 : 1.9639804750469165 size: 0.0
82000 : 1.9308356346073345 size: 0.0
83000 : 1.7656089782183695 size: 0.0
84000 : 1.8580178362667195 size: 0.0
85000 : 1.9345784930380618 size: 0.0
86000 : 1.8426496385682698 size: 0.0
87000 : 1.8719744003668872 size: 0.0
88000 : 1.9901598461439043 size: 0.0
89000 : 1.8336288045652138 size: 0.0
90000 : 1.7447137740691416 size: 0.0
91000 : 1.815808650213413 size: 0.0
92000 : 1.9764615999853323 size: 0.0
93000 : 1.8010214099095778 size: 0.0
94000 : 1.9159304142050073 size: 0.0
95000 : 1.973185330486396 size: 0.0
96000 : 1.7483219700842434 size: 0.0
97000 : 1.9689827624299123 size: 0.0
98000 : 1.7871252117198628 size: 0.0
99000 : 1.7534215996476274 size: 0.0
100000 : 1.7718137682961979 size: 0.0
101000 : 1.7588610669291163 size: 0.0
102000 : 1.8712580926260438 size: 0.0
103000 : 1.9010073076069907 size: 0.0
104000 : 1.8926928063510282 size: 0.0
105000 : 1.937754668634196 size: 0.0
106000 : 1.9143760350065093 size: 0.0
107000 : 1.9316738780476397 size: 0.0
108000 : 1.8529409084132493 size: 0.0
109000 : 1.8312948280103547 size: 0.0
110000 : 1.6719601252572986 size: 0.0
111000 : 1.7920320487316297 size: 0.0
112000 : 2.007777920880941 size: 0.0
113000 : 1.8808825857336282 size: 0.0
114000 : 1.6995485502128052 size: 0.0
115000 : 1.8389724775101721 size: 0.0
116000 : 1.8346350750554121 size: 0.0
117000 : 1.8105826134016447 size: 0.0
118000 : 1.7402389574763424 size: 0.0
119000 : 1.8078126608268483 size: 0.0
120000 : 1.7779571605676683 size: 0.0
121000 : 1.7829236755592845 size: 0.0
122000 : 1.9491526468374778 size: 0.0
123000 : 1.7364632503593003 size: 0.0
124000 : 1.6046707092286687 size: 0.0
125000 : 1.8585195096592864 size: 0.0
126000 : 1.8971315065871464 size: 0.0
127000 : 1.7149671388279577 size: 0.0
128000 : 1.8519365297322106 size: 0.0
129000 : 1.6153950313885208 size: 0.0
130000 : 1.6813744555655288 size: 0.0
131000 : 1.8163209865303334 size: 0.0
132000 : 1.651272848132964 size: 0.0
133000 : 1.7353417514930238 size: 0.0
134000 : 1.8680201752582497 size: 0.0
135000 : 1.7270267342891088 size: 0.0
136000 : 1.6468958896685055 size: 0.0
137000 : 1.8724841569440447 size: 0.0
138000 : 1.93577411642686 size: 0.0
139000 : 1.9571770133614348 size: 0.0
140000 : 1.7205957870253958 size: 0.0
141000 : 1.8351845596249188 size: 0.0
142000 : 1.8859393916169473 size: 0.0
143000 : 1.8056704449277012 size: 0.0
144000 : 2.126465212033176 size: 0.0
145000 : 1.7879371418145862 size: 0.0
146000 : 1.8767501865986966 size: 0.0
147000 : 1.8577447278171495 size: 0.0
148000 : 1.8752745754542937 size: 0.0
149000 : 1.9523160957174484 size: 0.0
150000 : 1.7573753088083126 size: 0.0
151000 : 1.8591147416139224 size: 0.0
152000 : 1.7414911631572745 size: 0.0
153000 : 1.75628046725292 size: 0.0
154000 : 1.7750559852302636 size: 0.0
155000 : 1.9630970001694343 size: 0.0
156000 : 1.8817473145021664 size: 0.0
157000 : 1.769406871097373 size: 0.0
158000 : 1.8188458638276501 size: 0.0
159000 : 1.6609804088609152 size: 0.0
160000 : 1.7978889179067628 size: 0.0
161000 : 1.9576174609302945 size: 0.0
162000 : 1.7785964200809254 size: 0.0
163000 : 1.9585114267494794 size: 0.0
164000 : 1.9777022828286568 size: 0.0
165000 : 1.7793708579577605 size: 0.0
166000 : 1.6421231991244116 size: 0.0
167000 : 1.8617163231735243 size: 0.0
168000 : 1.9245059851249797 size: 0.0
169000 : 1.8731020906085947 size: 0.0
170000 : 1.887693614655748 size: 0.0
171000 : 1.8127317086068264 size: 0.0
172000 : 1.9007075418465367 size: 0.0
173000 : 1.9687471461982302 size: 0.0
174000 : 1.9356353264276136 size: 0.0
175000 : 1.7828734566252324 size: 0.0
176000 : 1.8604395239735187 size: 0.0
177000 : 1.6587374111283624 size: 0.0
178000 : 1.7379944118999318 size: 0.0
179000 : 1.7698247889389696 size: 0.0
180000 : 1.7541614690116392 size: 0.0
181000 : 1.7690930027595484 size: 0.0
182000 : 1.6519771170882471 size: 0.0
183000 : 1.719092658656855 size: 0.0
184000 : 1.8102106149278285 size: 0.0
185000 : 1.7339044924797633 size: 0.0
186000 : 1.7873486171833337 size: 0.0
187000 : 1.8032757584970875 size: 0.0
188000 : 1.8317891061489344 size: 0.0
189000 : 1.857918086329219 size: 0.0
190000 : 1.7841292739418328 size: 0.0
191000 : 1.8328572903934433 size: 0.0
192000 : 1.9166835262331356 size: 0.0
193000 : 1.6219960694939373 size: 0.0
194000 : 1.8298701237306072 size: 0.0
195000 : 1.8332088229318069 size: 0.0
196000 : 1.7472709841048208 size: 0.0
197000 : 1.6578262470440912 size: 0.0
198000 : 1.7472587733366096 size: 0.0
199000 : 1.7096386003562754 size: 0.0
200000 : 1.6602008115045541 size: 0.0
201000 : 1.7352667670572477 size: 0.0
202000 : 1.763137587525471 size: 0.0
203000 : 1.7158683279184788 size: 0.0
204000 : 1.9325425624171477 size: 0.0
205000 : 1.7098582222014271 size: 0.0
206000 : 1.8043661285035577 size: 0.0
207000 : 1.628186413029093 size: 0.0
208000 : 1.6401242447734332 size: 0.0
209000 : 1.9139073822829082 size: 0.0
210000 : 1.820928401746948 size: 0.0
211000 : 1.863480521206075 size: 0.0
212000 : 1.7889908795164227 size: 0.0
213000 : 1.757947667070384 size: 0.0
214000 : 1.791109017844449 size: 0.0
215000 : 1.7250817824905011 size: 0.0
216000 : 1.8576136770371918 size: 0.0
217000 : 1.943051218332818 size: 0.0
218000 : 1.8361146418007848 size: 0.0
219000 : 1.7987410919417879 size: 0.0
220000 : 1.9284450757603413 size: 0.0
221000 : 1.9255838003979369 size: 0.0
222000 : 1.8824981907558334 size: 0.0
223000 : 1.8495588695840324 size: 0.0
224000 : 1.9067076725698384 size: 0.0
225000 : 1.8422647413956388 size: 0.0
226000 : 1.7831013336376258 size: 0.0
227000 : 1.7599691511486255 size: 0.0
228000 : 1.9333042735778192 size: 0.0
229000 : 1.6959333029090182 size: 0.0
230000 : 1.8256962767768177 size: 0.0
231000 : 1.8785747505417 size: 0.0
232000 : 1.6437520468107334 size: 0.0
233000 : 1.779593575490628 size: 0.0
234000 : 1.8532418780522593 size: 0.0
235000 : 1.8390452261714871 size: 0.0
236000 : 1.650736090279621 size: 0.0
237000 : 1.9379545124744986 size: 0.0
238000 : 1.711466603952296 size: 0.0
239000 : 1.9483948912777764 size: 0.0
240000 : 1.7184148750298045 size: 0.0
241000 : 1.7400809054201993 size: 0.0
242000 : 1.7272037044368467 size: 0.0
243000 : 1.8166169686724682 size: 0.0
244000 : 1.6151876203115803 size: 0.0
245000 : 1.8556737127354594 size: 0.0
246000 : 1.6888213043478884 size: 0.0
247000 : 1.7547317634819004 size: 0.0
248000 : 1.7921434934893887 size: 0.0
249000 : 1.8355328244929159 size: 0.0
250000 : 1.7469163558787417 size: 0.0
251000 : 1.7428749355661166 size: 0.0
252000 : 1.6930850982280792 size: 0.0
253000 : 1.8570408028271679 size: 0.0
254000 : 1.9044701782821132 size: 0.0
255000 : 1.704830309403453 size: 0.0
256000 : 2.0638313663634023 size: 0.0
257000 : 1.7103822533386062 size: 0.0
258000 : 1.7604488107618819 size: 0.0
259000 : 1.8109243429289092 size: 0.0
260000 : 1.809392665440325 size: 0.0
261000 : 1.6579215254326694 size: 0.0
262000 : 1.7018084022451425 size: 0.0
263000 : 1.6832564617139205 size: 0.0
264000 : 1.717348582594455 size: 0.0
265000 : 1.8300039262329784 size: 0.0
266000 : 1.7101251392755663 size: 0.0
267000 : 1.8015136242563472 size: 0.0
268000 : 1.6950331457144021 size: 0.0
269000 : 1.7039296362608845 size: 0.0
270000 : 1.6494997070025683 size: 0.0
271000 : 1.7889748851298923 size: 0.0
272000 : 1.710354908097119 size: 0.0
273000 : 1.9288213738004292 size: 0.0
274000 : 1.8122066455737422 size: 0.0
275000 : 1.7444085048638602 size: 0.0
276000 : 1.7493299604009505 size: 0.0
277000 : 1.7200581692587986 size: 0.0
278000 : 1.8980098219851027 size: 0.0
279000 : 1.9583458074566984 size: 0.0
280000 : 1.700606759463564 size: 0.0
281000 : 1.7750651003107594 size: 0.0
282000 : 1.7074532168117615 size: 0.0
283000 : 1.852995254930922 size: 0.0
284000 : 1.6961040816813249 size: 0.0
285000 : 1.6454417763554605 size: 0.0
286000 : 1.9052396286620734 size: 0.0
287000 : 1.7975893241289596 size: 0.0
288000 : 1.6795682937661676 size: 0.0
289000 : 1.8631363839216983 size: 0.0
290000 : 1.6986514887059048 size: 0.0
291000 : 1.6742519660626964 size: 0.0
292000 : 1.8078038897116544 size: 0.0
293000 : 1.8075736049421491 size: 0.0
294000 : 1.6833395293342872 size: 0.0
295000 : 1.671909562357945 size: 0.0
296000 : 1.8837966597698477 size: 0.0
297000 : 1.729925845834703 size: 0.0
298000 : 1.8868732574111324 size: 0.0
299000 : 1.8484662638031009 size: 0.0
300000 : 1.842851202235081 size: 0.0
301000 : 1.950185230673258 size: 0.0
302000 : 1.7655236748235414 size: 0.0
303000 : 1.8275732954283344 size: 0.0
304000 : 1.804424774587502 size: 0.0
305000 : 1.8512274452627033 size: 0.0
306000 : 1.8620365548694309 size: 0.0
307000 : 1.6035545418245691 size: 0.0
308000 : 1.8763119748042982 size: 0.0
309000 : 1.7617455599493874 size: 0.0
310000 : 1.904639753175864 size: 0.0
311000 : 1.7873866253491744 size: 0.0
312000 : 1.8862776814911946 size: 0.0
313000 : 1.6836090261481893 size: 0.0
314000 : 1.9034773224386823 size: 0.0
315000 : 1.8043191772398721 size: 0.0
316000 : 1.7716018856703348 size: 0.0
317000 : 1.9569231669687612 size: 0.0
318000 : 1.863696015467606 size: 0.0
319000 : 2.039264848566206 size: 0.0
320000 : 1.820390440015049 size: 0.0
321000 : 1.6254527487936288 size: 0.0
322000 : 1.818570175638317 size: 0.0
323000 : 1.7771885701009624 size: 0.0
324000 : 1.8798279881185376 size: 0.0
325000 : 1.590197337262658 size: 0.0
326000 : 1.809209675899807 size: 0.0
327000 : 1.7310189675635872 size: 0.0
328000 : 1.7442033295613808 size: 0.0
329000 : 1.6516816508940648 size: 0.0
330000 : 1.7792329278717687 size: 0.0
331000 : 1.640055623695739 size: 0.0
332000 : 1.7671724724973632 size: 0.0
333000 : 1.6328617613927985 size: 0.0
334000 : 1.7504351209153948 size: 0.0
335000 : 1.701377585704731 size: 0.0
336000 : 1.7395274652497228 size: 0.0
337000 : 1.7266545638326416 size: 0.0
338000 : 1.8679830270056632 size: 0.0
339000 : 1.5958648535391913 size: 0.0
340000 : 1.8539851870692885 size: 0.0
341000 : 1.8075634579657482 size: 0.0
342000 : 1.641942101393053 size: 0.0
343000 : 1.8478557253925378 size: 0.0
344000 : 1.8818252226430072 size: 0.0
345000 : 1.6890374865400228 size: 0.0
346000 : 1.815965326408349 size: 0.0
347000 : 1.6569909273088506 size: 0.0
348000 : 1.7870292454006815 size: 0.0
349000 : 1.816216077113307 size: 0.0
350000 : 1.6827013017169354 size: 0.0
351000 : 1.679358302949464 size: 0.0
352000 : 1.7140079915840958 size: 0.0
353000 : 1.8520760076620604 size: 0.0
354000 : 1.849154366389203 size: 0.0
355000 : 1.7177553215637456 size: 0.0
356000 : 1.7962741727978118 size: 0.0
357000 : 1.7812409973032428 size: 0.0
358000 : 1.7030090131308158 size: 0.0
359000 : 1.8207416285881108 size: 0.0
360000 : 1.7226499478073012 size: 0.0
361000 : 1.6170687665467178 size: 0.0
362000 : 1.993420637204263 size: 0.0
363000 : 1.7262559080479416 size: 0.0
364000 : 1.7188159385716166 size: 0.0
365000 : 1.7310523321978546 size: 0.0
366000 : 1.7205010245847703 size: 0.0
367000 : 1.773134939020126 size: 0.0
368000 : 1.8636884482309681 size: 0.0
369000 : 1.68462578758009 size: 0.0
370000 : 1.586995880216847 size: 0.0
371000 : 1.6019327454269328 size: 0.0
372000 : 1.6462353043065414 size: 0.0
373000 : 1.7941837236765743 size: 0.0
374000 : 1.7712727108765836 size: 0.0
375000 : 1.7147263631167498 size: 0.0
376000 : 1.8055538406904164 size: 0.0
377000 : 1.7413183205931573 size: 0.0
378000 : 1.7155881681802234 size: 0.0
379000 : 1.6174008650455338 size: 0.0
380000 : 1.717378851541007 size: 0.0
381000 : 1.8039198335245687 size: 0.0
382000 : 1.5595670551613412 size: 0.0
383000 : 1.7959320993052457 size: 0.0
384000 : 1.7276085515969777 size: 0.0
385000 : 1.6463885408484602 size: 0.0
386000 : 1.7164707831444512 size: 0.0
387000 : 1.8492737223489017 size: 0.0
388000 : 1.8911778111795776 size: 0.0
389000 : 1.737783561169974 size: 0.0
390000 : 1.675882189610225 size: 0.0
391000 : 1.6796940130839482 size: 0.0
392000 : 1.8427089725828174 size: 0.0
393000 : 1.6589625364183418 size: 0.0
394000 : 1.7691688471085787 size: 0.0
395000 : 1.6071804520527098 size: 0.0
396000 : 1.8271746396436344 size: 0.0
397000 : 1.774761894897288 size: 0.0
398000 : 1.6201369370381102 size: 0.0
399000 : 1.7146178420640554 size: 0.0
400000 : 1.7077292489663964 size: 0.0
401000 : 1.6899870027554365 size: 0.0
402000 : 1.6868422999844102 size: 0.0
403000 : 1.7742500745283205 size: 0.0
404000 : 1.6998166711655003 size: 0.0
405000 : 1.813312837984092 size: 0.0
406000 : 1.7421041093249494 size: 0.0
407000 : 1.7323724710258774 size: 0.0
408000 : 1.5799267053357822 size: 0.0
409000 : 1.6738694766471776 size: 0.0
410000 : 1.6430634282766787 size: 0.0
411000 : 1.7143215159566187 size: 0.0
412000 : 1.6944520163371368 size: 0.0
413000 : 1.7678265225185945 size: 0.0
last series
Last encode part don't need inference.
43.970550537109375
压缩完成，总共用时：7965.370734930038 秒
