FLAGS.seq_len change from 16 to 64 due to FLAGS.vocab_dim = 64 and FLAGS.hidden_dim = 256.
SLiMPerformer(
  (input_map): Embedding(256, 32)
  (output_logit_map): Linear(in_features=256, out_features=256, bias=True)
  (layers): ModuleList(
    (0): SLiMPerformerLayer(
      (attention): MultiHeadAttention(
        (q_map): Linear(in_features=256, out_features=256, bias=True)
        (k_map): Linear(in_features=256, out_features=256, bias=True)
        (v_map): Linear(in_features=256, out_features=256, bias=True)
      )
      (U_map): Linear(in_features=256, out_features=4096, bias=True)
      (V_map): Linear(in_features=4096, out_features=256, bias=True)
      (layernorm1): LayerNorm((256,), eps=1e-05, elementwise_affine=True)
      (layernorm2): LayerNorm((256,), eps=1e-05, elementwise_affine=True)
    )
  )
)
1722764
0 : 8.459360178992418 size: 0.0
1000 : 6.85834341316398 size: 0.0
2000 : 6.646057659967377 size: 0.0
3000 : 6.630449890436275 size: 0.0
4000 : 6.588601008036527 size: 0.0
5000 : 6.577689740735186 size: 0.0
6000 : 6.545288897243236 size: 0.0
7000 : 6.568031195062731 size: 0.0
8000 : 6.582210132730465 size: 0.0
9000 : 6.573928824126118 size: 0.0
10000 : 6.6064933951016895 size: 0.0
11000 : 6.599142168673209 size: 0.0
12000 : 6.565677784468324 size: 0.0
13000 : 6.581258036775288 size: 0.0
14000 : 6.742140927351411 size: 0.0
15000 : 6.707051651061174 size: 0.0
16000 : 6.583461478498142 size: 0.0
17000 : 6.670132479365757 size: 0.0
18000 : 6.604088389712024 size: 0.0
19000 : 6.620646191406491 size: 0.0
20000 : 6.5793338948774345 size: 0.0
21000 : 6.607068505086175 size: 0.0
22000 : 6.635837762922505 size: 0.0
23000 : 6.59902866012364 size: 0.0
24000 : 6.590034655414119 size: 0.0
25000 : 6.632915433719044 size: 0.0
26000 : 6.607640863348246 size: 0.0
27000 : 6.556459514382078 size: 0.0
28000 : 6.584176238395128 size: 0.0
29000 : 6.616096218395265 size: 0.0
30000 : 6.561164959709684 size: 0.0
31000 : 6.547201344320831 size: 0.0
32000 : 6.586149911296429 size: 0.0
33000 : 6.514023139246982 size: 0.0
34000 : 6.543749308552712 size: 0.0
35000 : 6.546642056740225 size: 0.0
36000 : 6.513305627627582 size: 0.0
37000 : 6.5103798587711035 size: 0.0
38000 : 6.514897499043968 size: 0.0
39000 : 6.4647652442480625 size: 0.0
40000 : 6.530741228772054 size: 0.0
41000 : 6.496778782810269 size: 0.0
42000 : 6.507156903893935 size: 0.0
43000 : 6.516121327587507 size: 0.0
44000 : 6.526544164160398 size: 0.0
45000 : 6.546085520882033 size: 0.0
46000 : 6.5847424052817685 size: 0.0
47000 : 6.57425008771793 size: 0.0
48000 : 6.517459352611221 size: 0.0
49000 : 6.596300327350352 size: 0.0
50000 : 6.595801577662851 size: 0.0
51000 : 6.578976858894244 size: 0.0
52000 : 6.6235526982060735 size: 0.0
53000 : 6.536755806038028 size: 0.0
54000 : 6.542779326401846 size: 0.0
55000 : 6.497578846102083 size: 0.0
56000 : 6.516904192614235 size: 0.0
57000 : 6.490299164456363 size: 0.0
58000 : 6.538895958145364 size: 0.0
59000 : 6.482746374361071 size: 0.0
60000 : 6.496925312028805 size: 0.0
61000 : 6.465109897480391 size: 0.0
62000 : 6.54904499833808 size: 0.0
63000 : 6.472141236178267 size: 0.0
64000 : 6.5674856660941945 size: 0.0
65000 : 6.535553991273798 size: 0.0
66000 : 6.521610325872445 size: 0.0
67000 : 6.560441944645457 size: 0.0
68000 : 6.564155394042887 size: 0.0
69000 : 6.580451094177439 size: 0.0
70000 : 6.542541302413053 size: 0.0
71000 : 6.551232617657055 size: 0.0
72000 : 6.516212822357767 size: 0.0
73000 : 6.558731061234674 size: 0.0
74000 : 6.518430710623294 size: 0.0
75000 : 6.547076828881607 size: 0.0
76000 : 6.564834381548493 size: 0.0
77000 : 6.504837201899097 size: 0.0
78000 : 6.570626069298949 size: 0.0
79000 : 6.562895793107968 size: 0.0
80000 : 6.547245371879452 size: 0.0
81000 : 6.547186209847555 size: 0.0
82000 : 6.50660587148057 size: 0.0
83000 : 6.508325010058595 size: 0.0
84000 : 6.5207703626056315 size: 0.0
85000 : 6.5200783044185595 size: 0.0
86000 : 6.4728559960752525 size: 0.0
87000 : 6.5594939762739015 size: 0.0
88000 : 6.416932053528892 size: 0.0
89000 : 6.54341772600185 size: 0.0
90000 : 6.527926904673334 size: 0.0
91000 : 6.528437349181095 size: 0.0
92000 : 6.490565393599898 size: 0.0
93000 : 6.456164047913112 size: 0.0
94000 : 6.47892698365071 size: 0.0
95000 : 6.507626072565488 size: 0.0
96000 : 6.489508044262394 size: 0.0
97000 : 6.419861262038387 size: 0.0
98000 : 6.443151840548832 size: 0.0
99000 : 6.42962299730136 size: 0.0
100000 : 6.500734383780114 size: 0.0
101000 : 6.427564708935834 size: 0.0
102000 : 6.487829493589972 size: 0.0
103000 : 6.463111459077366 size: 0.0
104000 : 6.514965604173709 size: 0.0
105000 : 6.51961807884485 size: 0.0
106000 : 6.487749693639972 size: 0.0
107000 : 6.420721863223305 size: 0.0
108000 : 6.473725540358015 size: 0.0
109000 : 6.52235466678538 size: 0.0
110000 : 6.514161413298275 size: 0.0
111000 : 6.534363871329828 size: 0.0
112000 : 6.549520358385065 size: 0.0
113000 : 6.496540070890871 size: 0.0
114000 : 6.504718877835304 size: 0.0
115000 : 6.495444885370177 size: 0.0
116000 : 6.433868217055258 size: 0.0
117000 : 6.468806148612735 size: 0.0
118000 : 6.460875684616149 size: 0.0
119000 : 6.455837280876473 size: 0.0
120000 : 6.506874164415916 size: 0.0
121000 : 6.483067637952883 size: 0.0
122000 : 6.428901358098339 size: 0.0
123000 : 6.447791244538507 size: 0.0
124000 : 6.5446470579902165 size: 0.0
125000 : 6.508839582149976 size: 0.0
126000 : 6.547725547440661 size: 0.0
127000 : 6.562938444805382 size: 0.0
128000 : 6.484133242457629 size: 0.0
129000 : 6.523912829602196 size: 0.0
130000 : 6.502871784165037 size: 0.0
131000 : 6.526472619377638 size: 0.0
132000 : 6.437199177037169 size: 0.0
133000 : 6.435160838659142 size: 0.0
134000 : 6.436701803210873 size: 0.0
135000 : 6.328477248606529 size: 0.0
136000 : 6.437994424814758 size: 0.0
137000 : 6.4263876596733285 size: 0.0
138000 : 6.400943170443478 size: 0.0
139000 : 6.387919956189543 size: 0.0
140000 : 6.401296766773652 size: 0.0
141000 : 6.373818754679999 size: 0.0
142000 : 6.361015678219168 size: 0.0
143000 : 6.4636707466579715 size: 0.0
144000 : 6.404431666533579 size: 0.0
145000 : 6.37320305678991 size: 0.0
146000 : 6.398349672068466 size: 0.0
147000 : 6.4182975957767425 size: 0.0
148000 : 6.4265486354345365 size: 0.0
149000 : 6.444295869142371 size: 0.0
150000 : 6.416616981312511 size: 0.0
151000 : 6.370434824041623 size: 0.0
152000 : 6.3234574189931445 size: 0.0
153000 : 6.3345908878794 size: 0.0
154000 : 6.399463431715454 size: 0.0
155000 : 6.389587499972309 size: 0.0
156000 : 6.3586952882937275 size: 0.0
157000 : 6.370573786023519 size: 0.0
158000 : 6.348553127407046 size: 0.0
159000 : 6.360992976509254 size: 0.0
160000 : 6.359374963729937 size: 0.0
161000 : 6.372200741900682 size: 0.0
162000 : 6.413449748814221 size: 0.0
163000 : 6.394762801902072 size: 0.0
164000 : 6.344450997218666 size: 0.0
165000 : 6.3065852330129 size: 0.0
166000 : 6.367765653300232 size: 0.0
167000 : 6.356343941491131 size: 0.0
168000 : 6.309936830912914 size: 0.0
169000 : 6.348880582374289 size: 0.0
170000 : 6.421187592241841 size: 0.0
171000 : 6.359685220432094 size: 0.0
172000 : 6.421790219450464 size: 0.0
173000 : 6.466663932713588 size: 0.0
174000 : 6.443899621114784 size: 0.0
175000 : 6.334908711818194 size: 0.0
176000 : 6.358328621282087 size: 0.0
177000 : 6.341104902763479 size: 0.0
178000 : 6.410695274678003 size: 0.0
179000 : 6.397681691452515 size: 0.0
180000 : 6.342983641241505 size: 0.0
181000 : 6.411399027685333 size: 0.0
182000 : 6.385639466239102 size: 0.0
183000 : 6.444494681086769 size: 0.0
184000 : 6.406398460128846 size: 0.0
185000 : 6.326790442766866 size: 0.0
186000 : 6.382916636910641 size: 0.0
187000 : 6.326784939322038 size: 0.0
188000 : 6.349153002893255 size: 0.0
189000 : 6.292084343822751 size: 0.0
190000 : 6.3339593675854315 size: 0.0
191000 : 6.3333897610457734 size: 0.0
192000 : 6.333750924612586 size: 0.0
193000 : 6.381284865519255 size: 0.0
194000 : 6.448730269812218 size: 0.0
195000 : 6.381639837710636 size: 0.0
196000 : 6.370736137645934 size: 0.0
197000 : 6.3892167053770486 size: 0.0
198000 : 6.400665934410287 size: 0.0
199000 : 6.437456463082859 size: 0.0
200000 : 6.389756042970154 size: 0.0
201000 : 6.36929217130929 size: 0.0
202000 : 6.3736281979028435 size: 0.0
203000 : 6.396451671533545 size: 0.0
204000 : 6.4441830485234055 size: 0.0
205000 : 6.413140180042668 size: 0.0
206000 : 6.350019795453604 size: 0.0
207000 : 6.390871866408951 size: 0.0
208000 : 6.453715014964826 size: 0.0
209000 : 6.443322447338487 size: 0.0
210000 : 6.385212261334359 size: 0.0
211000 : 6.39117249208266 size: 0.0
212000 : 6.416038431675008 size: 0.0
213000 : 6.404805900781857 size: 0.0
214000 : 6.357181840966135 size: 0.0
215000 : 6.339245426342351 size: 0.0
216000 : 6.4009782549042535 size: 0.0
217000 : 6.432196545688871 size: 0.0
218000 : 6.403381884432712 size: 0.0
219000 : 6.360864333486409 size: 0.0
220000 : 6.41787245466381 size: 0.0
221000 : 6.44230637383719 size: 0.0
222000 : 6.43524407826216 size: 0.0
223000 : 6.353652069039827 size: 0.0
224000 : 6.402938169193487 size: 0.0
225000 : 6.476876950452425 size: 0.0
226000 : 6.451598940428609 size: 0.0
227000 : 6.403715530775386 size: 0.0
228000 : 6.316346280345269 size: 0.0
229000 : 6.28667032997359 size: 0.0
230000 : 6.310634392544814 size: 0.0
231000 : 6.337946613363035 size: 0.0
232000 : 6.338247239036742 size: 0.0
233000 : 6.308325697439631 size: 0.0
234000 : 6.265534350113154 size: 0.0
235000 : 6.244740271762634 size: 0.0
236000 : 6.277967319909329 size: 0.0
237000 : 6.239035263268213 size: 0.0
238000 : 6.235708430869923 size: 0.0
239000 : 6.174171662530003 size: 0.0
240000 : 6.220727366118565 size: 0.0
241000 : 6.219403787637525 size: 0.0
242000 : 6.267106959472644 size: 0.0
243000 : 6.244812504475996 size: 0.0
244000 : 6.254236465812674 size: 0.0
245000 : 6.2080969602392 size: 0.0
246000 : 6.23701549901648 size: 0.0
247000 : 6.2522043188100795 size: 0.0
248000 : 6.183175986198576 size: 0.0
249000 : 6.264583630019184 size: 0.0
250000 : 6.26638875992264 size: 0.0
251000 : 6.268090700235579 size: 0.0
252000 : 6.280716978531323 size: 0.0
253000 : 6.24711156855273 size: 0.0
254000 : 6.287857698195147 size: 0.0
255000 : 6.255593752893284 size: 0.0
256000 : 6.298470403614589 size: 0.0
257000 : 6.299195482470626 size: 0.0
258000 : 6.350391965910071 size: 0.0
259000 : 6.257151915710101 size: 0.0
260000 : 6.221218548569429 size: 0.0
261000 : 6.236615123405271 size: 0.0
262000 : 6.2615560474333956 size: 0.0
263000 : 6.239540892261749 size: 0.0
264000 : 6.2660743756368635 size: 0.0
265000 : 6.241149961943222 size: 0.0
266000 : 6.15834237934459 size: 0.0
267000 : 6.266972125074367 size: 0.0
268000 : 6.28777858617575 size: 0.0
269000 : 6.215151688577593 size: 0.0
270000 : 6.244869602716083 size: 0.0
271000 : 6.266511899500658 size: 0.0
272000 : 6.24172575985831 size: 0.0
273000 : 6.212137864603872 size: 0.0
274000 : 6.2886467545973055 size: 0.0
275000 : 6.306241267711174 size: 0.0
276000 : 6.417989402866396 size: 0.0
277000 : 6.453353851398013 size: 0.0
278000 : 6.340141799918648 size: 0.0
279000 : 6.358409797093295 size: 0.0
280000 : 6.408050869438336 size: 0.0
281000 : 6.368061463459716 size: 0.0
282000 : 6.372213124651544 size: 0.0
283000 : 6.373002868984306 size: 0.0
284000 : 6.420916547584081 size: 0.0
285000 : 6.33984530182856 size: 0.0
286000 : 6.3734176911381875 size: 0.0
287000 : 6.352501161140252 size: 0.0
288000 : 6.3284456037987695 size: 0.0
289000 : 6.347912664015232 size: 0.0
290000 : 6.353516546710947 size: 0.0
291000 : 6.285740247797723 size: 0.0
292000 : 6.332408772005252 size: 0.0
293000 : 6.24079086216822 size: 0.0
294000 : 6.255470613315266 size: 0.0
295000 : 6.317800565640965 size: 0.0
296000 : 6.296330939437856 size: 0.0
297000 : 6.275293333653713 size: 0.0
298000 : 6.2886405632218745 size: 0.0
299000 : 6.324044223797888 size: 0.0
300000 : 6.346954376684625 size: 0.0
301000 : 6.293239379305946 size: 0.0
302000 : 6.291623430318439 size: 0.0
303000 : 6.2963398825357 size: 0.0
304000 : 6.281131112754601 size: 0.0
305000 : 6.303324441952541 size: 0.0
306000 : 6.34136012501736 size: 0.0
307000 : 6.296528375521046 size: 0.0
308000 : 6.257422272437257 size: 0.0
309000 : 6.270686262402401 size: 0.0
310000 : 6.243753091346681 size: 0.0
311000 : 6.2562156421588035 size: 0.0
312000 : 6.2537246454437065 size: 0.0
313000 : 6.316391683765097 size: 0.0
314000 : 6.298718058631831 size: 0.0
315000 : 6.1915941929930085 size: 0.0
316000 : 6.241663158173396 size: 0.0
317000 : 6.199909210196924 size: 0.0
318000 : 6.249209756893256 size: 0.0
319000 : 6.297637319653809 size: 0.0
320000 : 6.278787333188642 size: 0.0
321000 : 6.296058518918889 size: 0.0
322000 : 6.184023516702028 size: 0.0
323000 : 6.267830662467475 size: 0.0
324000 : 6.218479896837089 size: 0.0
325000 : 6.205430541220223 size: 0.0
326000 : 6.224781341164703 size: 0.0
327000 : 6.314212319613364 size: 0.0
328000 : 6.25788524973338 size: 0.0
329000 : 6.291432873541282 size: 0.0
330000 : 6.2528963769971515 size: 0.0
331000 : 6.295576967496473 size: 0.0
332000 : 6.233857209616035 size: 0.0
333000 : 6.280770637118392 size: 0.0
334000 : 6.253960605640691 size: 0.0
335000 : 6.3189390907896765 size: 0.0
336000 : 6.261996323019605 size: 0.0
337000 : 6.273201336688618 size: 0.0
338000 : 6.279868760097267 size: 0.0
339000 : 6.275869819499405 size: 0.0
340000 : 6.243667787951853 size: 0.0
341000 : 6.2493975619479984 size: 0.0
342000 : 6.226494288367297 size: 0.0
343000 : 6.268574315449805 size: 0.0
344000 : 6.186934839015834 size: 0.0
345000 : 6.21414662196595 size: 0.0
346000 : 6.272024975356716 size: 0.0
347000 : 6.299788478650801 size: 0.0
348000 : 6.231934443579389 size: 0.0
349000 : 6.1642936669950466 size: 0.0
350000 : 6.282106598350294 size: 0.0
351000 : 6.234522438509573 size: 0.0
352000 : 6.228328999286701 size: 0.0
353000 : 6.247332394276438 size: 0.0
354000 : 6.364085912502371 size: 0.0
355000 : 6.364286788238579 size: 0.0
356000 : 6.297741197174931 size: 0.0
357000 : 6.258040034119157 size: 0.0
358000 : 6.2494904325794645 size: 0.0
359000 : 6.267702707375232 size: 0.0
360000 : 6.315859225478026 size: 0.0
361000 : 6.298400922623641 size: 0.0
362000 : 6.259884376067009 size: 0.0
363000 : 6.245857471062639 size: 0.0
364000 : 6.324254042631941 size: 0.0
365000 : 6.212795526260772 size: 0.0
366000 : 6.197191884313291 size: 0.0
367000 : 6.195163176963714 size: 0.0
368000 : 6.221155258953911 size: 0.0
369000 : 6.2697272871411895 size: 0.0
370000 : 6.154695659215695 size: 0.0
371000 : 6.208323977338339 size: 0.0
372000 : 6.266985195755833 size: 0.0
373000 : 6.2751784492429366 size: 0.0
374000 : 6.329606830657395 size: 0.0
375000 : 6.298727001729676 size: 0.0
376000 : 6.290079714044294 size: 0.0
377000 : 6.2494230153803265 size: 0.0
378000 : 6.309795805139206 size: 0.0
379000 : 6.357917926711827 size: 0.0
380000 : 6.342436048481157 size: 0.0
381000 : 6.297864336752949 size: 0.0
382000 : 6.316159851151734 size: 0.0
383000 : 6.308624947252133 size: 0.0
384000 : 6.314379486750002 size: 0.0
385000 : 6.23940949751649 size: 0.0
386000 : 6.320368610583649 size: 0.0
387000 : 6.293772525523621 size: 0.0
388000 : 6.315568230832766 size: 0.0
389000 : 6.369726255520067 size: 0.0
390000 : 6.314310693689657 size: 0.0
391000 : 6.31611719945432 size: 0.0
392000 : 6.3275739957241965 size: 0.0
393000 : 6.263196761922627 size: 0.0
394000 : 6.271429227454128 size: 0.0
395000 : 6.259172367892437 size: 0.0
396000 : 6.326562737737124 size: 0.0
397000 : 6.209466630070672 size: 0.0
398000 : 6.26807900541532 size: 0.0
399000 : 6.306204119458588 size: 0.0
400000 : 6.348837930676875 size: 0.0
401000 : 6.385870610921861 size: 0.0
402000 : 6.359125932851487 size: 0.0
403000 : 6.381235334515807 size: 0.0
404000 : 6.326158234542294 size: 0.0
405000 : 6.335844985369491 size: 0.0
406000 : 6.333788072865172 size: 0.0
407000 : 6.3886904384654075 size: 0.0
408000 : 6.406760999556865 size: 0.0
409000 : 6.4085805760029935 size: 0.0
410000 : 6.330109707928518 size: 0.0
411000 : 6.360807923176926 size: 0.0
412000 : 6.30656734681721 size: 0.0
413000 : 6.344510847181166 size: 0.0
414000 : 6.3615625830489115 size: 0.0
415000 : 6.400987198002099 size: 0.0
416000 : 6.3715761009127485 size: 0.0
417000 : 6.413059692162064 size: 0.0
418000 : 6.365520247810567 size: 0.0
419000 : 6.33488601010828 size: 0.0
420000 : 6.396625717976218 size: 0.0
421000 : 6.329170682654807 size: 0.0
422000 : 6.35446795473552 size: 0.0
423000 : 6.358779215827348 size: 0.0
424000 : 6.33725593103717 size: 0.0
425000 : 6.350107850570845 size: 0.0
426000 : 6.351084712027746 size: 0.0
427000 : 6.388574178193425 size: 0.0
428000 : 6.356777337771305 size: 0.0
429000 : 6.290409920733951 size: 0.0
430000 : 6.37609718083863 size: 0.0
431000 : 6.394130593677501 size: 0.0
432000 : 6.330677938606969 size: 0.0
433000 : 6.40861978804739 size: 0.0
434000 : 6.41268201826077 size: 0.0
435000 : 6.365727314922205 size: 0.0
436000 : 6.372171160884734 size: 0.0
437000 : 6.377236393917945 size: 0.0
438000 : 6.467746047552817 size: 0.0
439000 : 6.407113220025832 size: 0.0
440000 : 6.390234154739552 size: 0.0
441000 : 6.443920259032887 size: 0.0
442000 : 6.35116519990835 size: 0.0
443000 : 6.377864474558896 size: 0.0
444000 : 6.424350009225906 size: 0.0
445000 : 6.426265895956518 size: 0.0
446000 : 6.445529328714359 size: 0.0
447000 : 6.457160171426909 size: 0.0
448000 : 6.443047963027711 size: 0.0
449000 : 6.421618236799601 size: 0.0
450000 : 6.414197529380173 size: 0.0
451000 : 6.379862225031318 size: 0.0
452000 : 6.324933030137547 size: 0.0
453000 : 6.393534845774911 size: 0.0
454000 : 6.426584407825915 size: 0.0
455000 : 6.401276816786152 size: 0.0
456000 : 6.461435660127359 size: 0.0
457000 : 6.47585743729811 size: 0.0
458000 : 6.458110891520879 size: 0.0
459000 : 6.466355739803242 size: 0.0
460000 : 6.518277990029327 size: 0.0
461000 : 6.4942850343727585 size: 0.0
462000 : 6.482205660906758 size: 0.0
463000 : 6.4601850022902845 size: 0.0
464000 : 6.480927485845546 size: 0.0
465000 : 6.490405793699897 size: 0.0
466000 : 6.466447922504105 size: 0.0
467000 : 6.4548879366437095 size: 0.0
468000 : 6.463093572881676 size: 0.0
469000 : 6.5254365958888405 size: 0.0
470000 : 6.569000489282994 size: 0.0
471000 : 6.5556608269514705 size: 0.0
472000 : 6.5555748356260395 size: 0.0
473000 : 6.537037857585442 size: 0.0
474000 : 6.640087110260024 size: 0.0
475000 : 6.574356029030862 size: 0.0
476000 : 6.595593822620608 size: 0.0
477000 : 6.536653992308716 size: 0.0
478000 : 6.499763713698644 size: 0.0
479000 : 6.582619451439518 size: 0.0
480000 : 6.549823735781187 size: 0.0
481000 : 6.512638334942234 size: 0.0
482000 : 6.591848040484816 size: 0.0
483000 : 6.577265287552857 size: 0.0
484000 : 6.551046876394124 size: 0.0
485000 : 6.557705356704928 size: 0.0
486000 : 6.554231995088102 size: 0.0
487000 : 6.604724037589613 size: 0.0
488000 : 6.522770864800467 size: 0.0
489000 : 6.572611437020509 size: 0.0
490000 : 6.557134374304064 size: 0.0
491000 : 6.6577029492226 size: 0.0
492000 : 6.58154146418391 size: 0.0
493000 : 6.538878071949674 size: 0.0
494000 : 6.537632917557428 size: 0.0
495000 : 6.528241976889715 size: 0.0
496000 : 6.573347522766202 size: 0.0
497000 : 6.560360080903647 size: 0.0
498000 : 6.587608324175746 size: 0.0
499000 : 6.524558796438837 size: 0.0
500000 : 6.5645062386506465 size: 0.0
501000 : 6.538505901493208 size: 0.0
502000 : 6.517641654221135 size: 0.0
503000 : 6.581179612686494 size: 0.0
504000 : 6.657277808109667 size: 0.0
505000 : 6.492914676610684 size: 0.0
506000 : 6.541415160015203 size: 0.0
507000 : 6.539527478439332 size: 0.0
508000 : 6.508682046041786 size: 0.0
509000 : 6.5365686889138885 size: 0.0
510000 : 6.569281164969202 size: 0.0
511000 : 6.539583200818212 size: 0.0
512000 : 6.523819958970731 size: 0.0
513000 : 6.523228338651762 size: 0.0
514000 : 6.497452954801652 size: 0.0
515000 : 6.522391127107363 size: 0.0
516000 : 6.592476809056371 size: 0.0
517000 : 6.496457519218458 size: 0.0
518000 : 6.500828630272787 size: 0.0
519000 : 6.512992619203011 size: 0.0
520000 : 6.563468839300643 size: 0.0
521000 : 6.507731325947817 size: 0.0
522000 : 6.509587362715928 size: 0.0
523000 : 6.532147358925507 size: 0.0
524000 : 6.5355677498858675 size: 0.0
525000 : 6.472789954737322 size: 0.0
526000 : 6.585576177173151 size: 0.0
527000 : 6.584737589767545 size: 0.0
528000 : 6.526650105473329 size: 0.0
529000 : 6.471220097100246 size: 0.0
530000 : 6.514331332157328 size: 0.0
531000 : 6.514180675355171 size: 0.0
532000 : 6.450157725814379 size: 0.0
533000 : 6.531075563045331 size: 0.0
534000 : 6.504611560661165 size: 0.0
535000 : 6.516801690954321 size: 0.0
536000 : 6.418545250793985 size: 0.0
537000 : 6.431043573997487 size: 0.0
538000 : 6.526601950331087 size: 0.0
539000 : 6.530929033826795 size: 0.0
540000 : 6.574036141300256 size: 0.0
541000 : 6.523553729827195 size: 0.0
542000 : 6.478670385535622 size: 0.0
543000 : 6.558243318436827 size: 0.0
544000 : 6.487122300929625 size: 0.0
545000 : 6.510789865410761 size: 0.0
546000 : 6.5562854679394045 size: 0.0
547000 : 6.4904649557317935 size: 0.0
548000 : 6.500593358006406 size: 0.0
549000 : 6.500949706058994 size: 0.0
550000 : 6.496946637877511 size: 0.0
551000 : 6.571175037920503 size: 0.0
552000 : 6.627883909285402 size: 0.0
553000 : 6.600426535109853 size: 0.0
554000 : 6.61571648070216 size: 0.0
555000 : 6.609225855458598 size: 0.0
556000 : 6.577618195952428 size: 0.0
557000 : 6.530327782479379 size: 0.0
558000 : 6.568986042740321 size: 0.0
559000 : 6.513629642941807 size: 0.0
560000 : 6.536169001233284 size: 0.0
561000 : 6.590637970553345 size: 0.0
562000 : 6.535869751420782 size: 0.0
563000 : 6.542328043925982 size: 0.0
564000 : 6.4675651218041095 size: 0.0
565000 : 6.448287930434199 size: 0.0
566000 : 6.647210631658761 size: 0.0
567000 : 6.672189391870075 size: 0.0
568000 : 6.64596066175229 size: 0.0
569000 : 6.659059548372605 size: 0.0
570000 : 6.588458606401612 size: 0.0
571000 : 6.600672814265889 size: 0.0
572000 : 6.542653435101415 size: 0.0
573000 : 6.5742968669989645 size: 0.0
574000 : 6.617512667507771 size: 0.0
575000 : 6.590419896552051 size: 0.0
576000 : 6.558598978558811 size: 0.0
577000 : 6.596347106631387 size: 0.0
578000 : 6.625389472917288 size: 0.0
579000 : 6.609186643414201 size: 0.0
580000 : 6.581036523120977 size: 0.0
581000 : 6.5077038087236785 size: 0.0
582000 : 6.575764222976126 size: 0.0
583000 : 6.499834570550799 size: 0.0
584000 : 6.62166639249141 size: 0.0
585000 : 6.50243976374607 size: 0.0
586000 : 6.499769905074075 size: 0.0
587000 : 6.496109426333112 size: 0.0
588000 : 6.526856484654364 size: 0.0
589000 : 6.478360816764069 size: 0.0
590000 : 6.51823465040131 size: 0.0
591000 : 6.461221025779082 size: 0.0
592000 : 6.470262497700242 size: 0.0
593000 : 6.533389073664737 size: 0.0
594000 : 6.519278241126745 size: 0.0
595000 : 6.4953293130287975 size: 0.0
596000 : 6.508498368570665 size: 0.0
597000 : 6.464960616539443 size: 0.0
598000 : 6.4459936818716885 size: 0.0
599000 : 6.4002614312154575 size: 0.0
600000 : 6.432753769477666 size: 0.0
601000 : 6.475532734053282 size: 0.0
602000 : 6.553610105822583 size: 0.0
603000 : 6.500553458031407 size: 0.0
604000 : 6.488257386425319 size: 0.0
605000 : 6.465664369546773 size: 0.0
606000 : 6.470687638813175 size: 0.0
607000 : 6.5158131346771615 size: 0.0
608000 : 6.477811848142515 size: 0.0
609000 : 6.50783176381592 size: 0.0
610000 : 6.508005810258593 size: 0.0
611000 : 6.480751375611063 size: 0.0
612000 : 6.4934629573016345 size: 0.0
613000 : 6.536511590673802 size: 0.0
614000 : 6.535168750135865 size: 0.0
615000 : 6.502043515718482 size: 0.0
616000 : 6.481580331988221 size: 0.0
617000 : 6.414560756738795 size: 0.0
618000 : 6.484509540497717 size: 0.0
619000 : 6.457211078291564 size: 0.0
620000 : 6.358904419197176 size: 0.0
621000 : 6.3490154167725645 size: 0.0
622000 : 6.350416731411795 size: 0.0
623000 : 6.3141180731206905 size: 0.0
624000 : 6.426331249363845 size: 0.0
625000 : 6.324503073510391 size: 0.0
626000 : 6.329928094249207 size: 0.0
627000 : 6.253791374712241 size: 0.0
628000 : 6.309522008759033 size: 0.0
629000 : 6.3792272650843325 size: 0.0
630000 : 6.359093600113125 size: 0.0
631000 : 6.321877930327621 size: 0.0
632000 : 6.351227801593264 size: 0.0
633000 : 6.329128030957393 size: 0.0
634000 : 6.351986589048871 size: 0.0
635000 : 6.362995542495901 size: 0.0
636000 : 6.277467882291223 size: 0.0
637000 : 6.261666116329947 size: 0.0
638000 : 6.301973346247363 size: 0.0
639000 : 6.309060407324117 size: 0.0
640000 : 6.3566239292467355 size: 0.0
641000 : 6.389847537740413 size: 0.0
642000 : 6.340392206658303 size: 0.0
643000 : 6.339192455685884 size: 0.0
644000 : 6.378478796587777 size: 0.0
645000 : 6.463019964307107 size: 0.0
646000 : 6.425217489716858 size: 0.0
647000 : 6.431049077442315 size: 0.0
648000 : 6.4581700535527755 size: 0.0
649000 : 6.393675183618016 size: 0.0
650000 : 6.40978376662843 size: 0.0
651000 : 6.376931640660616 size: 0.0
652000 : 6.392082624271026 size: 0.0
653000 : 6.329834535687137 size: 0.0
654000 : 6.3139385232331895 size: 0.0
655000 : 6.339128478139764 size: 0.0
656000 : 6.343555999503576 size: 0.0
657000 : 6.375729825896387 size: 0.0
658000 : 6.253049097591117 size: 0.0
659000 : 6.304459527448235 size: 0.0
660000 : 6.278333298990364 size: 0.0
661000 : 6.387911013091697 size: 0.0
662000 : 6.363093916572194 size: 0.0
663000 : 6.322243909408656 size: 0.0
664000 : 6.304811747917203 size: 0.0
665000 : 6.31415384551207 size: 0.0
666000 : 6.3645667759941835 size: 0.0
667000 : 6.275678574791646 size: 0.0
668000 : 6.355256323207074 size: 0.0
669000 : 6.310963223373263 size: 0.0
670000 : 6.335271251246213 size: 0.0
671000 : 6.3040680949348715 size: 0.0
672000 : 6.30600530751419 size: 0.0
673000 : 6.373323444645514 size: 0.0
674000 : 6.371778352510162 size: 0.0
675000 : 6.314514321148279 size: 0.0
676000 : 6.389443034545583 size: 0.0
677000 : 6.3256952572461715 size: 0.0
678000 : 6.403278694842195 size: 0.0
679000 : 6.3766626597946665 size: 0.0
680000 : 6.39473459674733 size: 0.0
681000 : 6.380872107157185 size: 0.0
682000 : 6.445794181996688 size: 0.0
683000 : 6.40778051271118 size: 0.0
684000 : 6.372326633201113 size: 0.0
685000 : 6.336671190024236 size: 0.0
686000 : 6.343957063045388 size: 0.0
687000 : 6.372776539815771 size: 0.0
688000 : 6.35387014304112 size: 0.0
689000 : 6.316823704184064 size: 0.0
690000 : 6.374256278543794 size: 0.0
691000 : 6.3827694197615035 size: 0.0
692000 : 6.359894351335543 size: 0.0
693000 : 6.349074578804462 size: 0.0
694000 : 6.380658848670115 size: 0.0
695000 : 6.437995112745361 size: 0.0
696000 : 6.335730788889318 size: 0.0
697000 : 6.339197959130712 size: 0.0
698000 : 6.367683101627818 size: 0.0
699000 : 6.343496837471679 size: 0.0
700000 : 6.329099137872048 size: 0.0
701000 : 6.357840190553637 size: 0.0
702000 : 6.362820120192021 size: 0.0
703000 : 6.446533019464795 size: 0.0
704000 : 6.4160535661482845 size: 0.0
705000 : 6.3582378144424325 size: 0.0
706000 : 6.37948179940761 size: 0.0
707000 : 6.399002518211142 size: 0.0
708000 : 6.425431436134532 size: 0.0
709000 : 6.390751478553348 size: 0.0
710000 : 6.359985158175198 size: 0.0
711000 : 6.38710407049385 size: 0.0
712000 : 6.335468687329403 size: 0.0
713000 : 6.359500855030369 size: 0.0
714000 : 6.344048557815647 size: 0.0
715000 : 6.386994001597297 size: 0.0
716000 : 6.370335074104122 size: 0.0
717000 : 6.432602424744907 size: 0.0
718000 : 6.459405576916574 size: 0.0
719000 : 6.42184319010693 size: 0.0
720000 : 6.401574002806843 size: 0.0
721000 : 6.471511779676109 size: 0.0
722000 : 6.489098725553339 size: 0.0
723000 : 6.419330867543126 size: 0.0
724000 : 6.444810441233753 size: 0.0
725000 : 6.434627692441468 size: 0.0
726000 : 6.375063221141643 size: 0.0
727000 : 6.381770544525292 size: 0.0
728000 : 6.393182625305944 size: 0.0
729000 : 6.433659774082412 size: 0.0
730000 : 6.498734569515881 size: 0.0
731000 : 6.505517565265911 size: 0.0
732000 : 6.490361078210673 size: 0.0
733000 : 6.501401676465462 size: 0.0
734000 : 6.460436096960544 size: 0.0
735000 : 6.460043976516577 size: 0.0
736000 : 6.525794319802635 size: 0.0
737000 : 6.452968610260081 size: 0.0
738000 : 6.45596042045449 size: 0.0
739000 : 6.40844436574351 size: 0.0
740000 : 6.451029333888952 size: 0.0
741000 : 6.412599466588356 size: 0.0
742000 : 6.435559838409144 size: 0.0
743000 : 6.46406699468556 size: 0.0
744000 : 6.388377430040838 size: 0.0
745000 : 6.5334963908388755 size: 0.0
746000 : 6.536929164550097 size: 0.0
747000 : 6.4590292788764865 size: 0.0
748000 : 6.417897220165534 size: 0.0
749000 : 6.4894949735809275 size: 0.0
750000 : 6.5426506833790015 size: 0.0
751000 : 6.456300258172595 size: 0.0
752000 : 6.427744946753938 size: 0.0
753000 : 6.438277164292776 size: 0.0
754000 : 6.410408407616363 size: 0.0
755000 : 6.436644017040183 size: 0.0
756000 : 6.445304375407031 size: 0.0
757000 : 6.471383824583867 size: 0.0
758000 : 6.467999206014887 size: 0.0
759000 : 6.467912526758852 size: 0.0
760000 : 6.451971110885077 size: 0.0
761000 : 6.479501405704592 size: 0.0
762000 : 6.4752974617869015 size: 0.0
763000 : 6.491858703134386 size: 0.0
764000 : 6.4619653666920165 size: 0.0
765000 : 6.418398033644846 size: 0.0
766000 : 6.420947504461236 size: 0.0
767000 : 6.476616224753717 size: 0.0
768000 : 6.419815858618559 size: 0.0
769000 : 6.509962284894809 size: 0.0
770000 : 6.43524201447035 size: 0.0
771000 : 6.449579176176877 size: 0.0
772000 : 6.508856092484459 size: 0.0
773000 : 6.497983349296913 size: 0.0
774000 : 6.4657359143295325 size: 0.0
775000 : 6.46185048228124 size: 0.0
776000 : 6.4759399889705245 size: 0.0
777000 : 6.473916097135171 size: 0.0
778000 : 6.483869077105903 size: 0.0
779000 : 6.489596099379635 size: 0.0
780000 : 6.487851507369283 size: 0.0
781000 : 6.484096094205042 size: 0.0
782000 : 6.461665428948911 size: 0.0
783000 : 6.482612227893398 size: 0.0
784000 : 6.464701954632545 size: 0.0
785000 : 6.4714223486976605 size: 0.0
786000 : 6.483922047762369 size: 0.0
787000 : 6.44035884229882 size: 0.0
788000 : 6.508183984284887 size: 0.0
789000 : 6.4073381733331605 size: 0.0
790000 : 6.5148431525262955 size: 0.0
791000 : 6.53298113081689 size: 0.0
792000 : 6.479619729768385 size: 0.0
793000 : 6.471173317819211 size: 0.0
794000 : 6.58630744740462 size: 0.0
795000 : 6.448775673232046 size: 0.0
796000 : 6.517338964755616 size: 0.0
797000 : 6.504604681355131 size: 0.0
798000 : 6.510685299959036 size: 0.0
799000 : 6.56189966959417 size: 0.0
800000 : 6.489585780420583 size: 0.0
801000 : 6.476685017814062 size: 0.0
802000 : 6.4856632001197045 size: 0.0
803000 : 6.45304221883465 size: 0.0
804000 : 6.427851575997473 size: 0.0
805000 : 6.450074486211362 size: 0.0
806000 : 6.465349297330393 size: 0.0
807000 : 6.502380601714172 size: 0.0
808000 : 6.426909799001348 size: 0.0
809000 : 6.408581951864201 size: 0.0
810000 : 6.436622691191476 size: 0.0
811000 : 6.548311664314801 size: 0.0
812000 : 6.473319661301979 size: 0.0
813000 : 6.441818631039343 size: 0.0
814000 : 6.537666626156997 size: 0.0
815000 : 6.5041313850999565 size: 0.0
816000 : 6.5279214012285065 size: 0.0
817000 : 6.473234357907151 size: 0.0
818000 : 6.46966812565886 size: 0.0
819000 : 6.501859150316757 size: 0.0
820000 : 6.524397132747026 size: 0.0
821000 : 6.538534794578553 size: 0.0
822000 : 6.490647945272312 size: 0.0
823000 : 6.497241072175789 size: 0.0
824000 : 6.517138776950012 size: 0.0
825000 : 6.568876661774373 size: 0.0
826000 : 6.503398739007281 size: 0.0
827000 : 6.528736598993596 size: 0.0
828000 : 6.447293182781609 size: 0.0
829000 : 6.485413481310651 size: 0.0
830000 : 6.4841545683063355 size: 0.0
831000 : 6.519624270220281 size: 0.0
832000 : 6.5198120752750235 size: 0.0
833000 : 6.604133105201249 size: 0.0
834000 : 6.57728386167915 size: 0.0
835000 : 6.502678475665467 size: 0.0
836000 : 6.536285261505267 size: 0.0
837000 : 6.49462005657664 size: 0.0
838000 : 6.518268359000879 size: 0.0
839000 : 6.490361766141276 size: 0.0
840000 : 6.4908178641313645 size: 0.0
841000 : 6.511559659756022 size: 0.0
842000 : 6.486693032233071 size: 0.0
843000 : 6.507502932987471 size: 0.0
844000 : 6.57605384176018 size: 0.0
845000 : 6.51119436860559 size: 0.0
846000 : 6.514013508218533 size: 0.0
847000 : 6.472494144577837 size: 0.0
848000 : 6.530590571969897 size: 0.0
849000 : 6.46924573626834 size: 0.0
850000 : 6.541080137811322 size: 0.0
851000 : 6.533439980529392 size: 0.0
852000 : 6.529653610487997 size: 0.0
853000 : 6.58204984489986 size: 0.0
854000 : 6.536648488863889 size: 0.0
855000 : 6.6160549425590585 size: 0.0
856000 : 6.586652100636949 size: 0.0
857000 : 6.632166965222489 size: 0.0
858000 : 6.559317866039418 size: 0.0
859000 : 6.608522790381871 size: 0.0
860000 : 6.591012892732226 size: 0.0
861000 : 6.550081021826878 size: 0.0
862000 : 6.539391956110452 size: 0.0
863000 : 6.527930344326352 size: 0.0
864000 : 6.492775026698183 size: 0.0
865000 : 6.522632590749174 size: 0.0
866000 : 6.546894527271692 size: 0.0
867000 : 6.5243118293521984 size: 0.0
868000 : 6.474321288260604 size: 0.0
869000 : 6.551256695228176 size: 0.0
870000 : 6.531530285174212 size: 0.0
871000 : 6.53898882877683 size: 0.0
872000 : 6.547121544370831 size: 0.0
873000 : 6.467787323389024 size: 0.0
874000 : 6.516578113508199 size: 0.0
875000 : 6.466456865601949 size: 0.0
876000 : 6.505069722443063 size: 0.0
877000 : 6.511809378565076 size: 0.0
878000 : 6.412959254293961 size: 0.0
879000 : 6.463638413919609 size: 0.0
880000 : 6.494873902969313 size: 0.0
881000 : 6.4727816995700795 size: 0.0
882000 : 6.427458079692299 size: 0.0
883000 : 6.515136210963366 size: 0.0
884000 : 6.524823649721166 size: 0.0
885000 : 6.5224881253224485 size: 0.0
886000 : 6.4495296451734285 size: 0.0
887000 : 6.454704947103192 size: 0.0
888000 : 6.521011138316839 size: 0.0
889000 : 6.592725152004216 size: 0.0
890000 : 6.507304808973677 size: 0.0
891000 : 6.450313198130759 size: 0.0
892000 : 6.5057012427370315 size: 0.0
893000 : 6.53494035717552 size: 0.0
894000 : 6.466436915614449 size: 0.0
895000 : 6.539497897423384 size: 0.0
896000 : 6.602398832149948 size: 0.0
897000 : 6.5495114152872205 size: 0.0
898000 : 6.4879870296981625 size: 0.0
899000 : 6.5103984328973965 size: 0.0
900000 : 6.576907563639062 size: 0.0
901000 : 6.441701682836757 size: 0.0
902000 : 6.467785947527817 size: 0.0
903000 : 6.468140919719198 size: 0.0
904000 : 6.506589361146087 size: 0.0
905000 : 6.473963564346809 size: 0.0
906000 : 6.505859466775826 size: 0.0
907000 : 6.551689403577747 size: 0.0
908000 : 6.477694899939928 size: 0.0
909000 : 6.531067995808693 size: 0.0
910000 : 6.521752039576756 size: 0.0
911000 : 6.5126789228478374 size: 0.0
912000 : 6.503146268475814 size: 0.0
913000 : 6.543593148305729 size: 0.0
914000 : 6.591457295902056 size: 0.0
915000 : 6.5553079185519 size: 0.0
916000 : 6.5744832961925 size: 0.0
917000 : 6.544299653035473 size: 0.0
918000 : 6.576282922651129 size: 0.0
919000 : 6.538319472299672 size: 0.0
920000 : 6.481567949237359 size: 0.0
921000 : 6.602158744369343 size: 0.0
922000 : 6.5598647708691615 size: 0.0
923000 : 6.518015888469413 size: 0.0
924000 : 6.526166490259103 size: 0.0
925000 : 6.512367290284474 size: 0.0
926000 : 6.543979077374265 size: 0.0
927000 : 6.505933763280998 size: 0.0
928000 : 6.505294675750392 size: 0.0
929000 : 6.611778765928006 size: 0.0
930000 : 6.501250331732702 size: 0.0
931000 : 6.505774163380997 size: 0.0
932000 : 6.468643796990321 size: 0.0
933000 : 6.467926285370921 size: 0.0
934000 : 6.54426319271349 size: 0.0
935000 : 6.470191640848086 size: 0.0
936000 : 6.53184879704361 size: 0.0
937000 : 6.564961648710131 size: 0.0
938000 : 6.590311203516706 size: 0.0
939000 : 6.589591628105496 size: 0.0
940000 : 6.59103353065033 size: 0.0
941000 : 6.5403640020531295 size: 0.0
942000 : 6.566827316506691 size: 0.0
943000 : 6.604489453253836 size: 0.0
944000 : 6.591848040484816 size: 0.0
945000 : 6.539504088798815 size: 0.0
946000 : 6.533501206353099 size: 0.0
947000 : 6.582893247819691 size: 0.0
948000 : 6.604919409880993 size: 0.0
949000 : 6.623412360362969 size: 0.0
950000 : 6.587580806951608 size: 0.0
951000 : 6.610794337234466 size: 0.0
952000 : 6.608358374967646 size: 0.0
953000 : 6.618340935954326 size: 0.0
954000 : 6.6409793562527 size: 0.0
955000 : 6.596800452899061 size: 0.0
956000 : 6.560860206452356 size: 0.0
957000 : 6.468843984795925 size: 0.0
958000 : 6.48933399781972 size: 0.0
959000 : 6.4906630797455875 size: 0.0
960000 : 6.499683225818041 size: 0.0
961000 : 6.562659832910984 size: 0.0
962000 : 6.452665920794562 size: 0.0
963000 : 6.4000701865076985 size: 0.0
964000 : 6.441520757088049 size: 0.0
965000 : 6.4848473144240115 size: 0.0
966000 : 6.479649310784334 size: 0.0
967000 : 6.459845852502783 size: 0.0
968000 : 6.46941496719679 size: 0.0
969000 : 6.419437496786661 size: 0.0
970000 : 6.4741720073196545 size: 0.0
971000 : 6.4449982462884945 size: 0.0
972000 : 6.386767672428761 size: 0.0
973000 : 6.430896356848348 size: 0.0
974000 : 6.452278615864819 size: 0.0
975000 : 6.3803031885481305 size: 0.0
976000 : 6.432572155798355 size: 0.0
977000 : 6.437857526624671 size: 0.0
978000 : 6.4390393914014 size: 0.0
979000 : 6.438902493211313 size: 0.0
980000 : 6.413294276497841 size: 0.0
981000 : 6.436853835874236 size: 0.0
982000 : 6.448827955957908 size: 0.0
983000 : 6.428384722215148 size: 0.0
984000 : 6.424101666278061 size: 0.0
985000 : 6.434851269887589 size: 0.0
986000 : 6.4286991065009245 size: 0.0
987000 : 6.451971110885077 size: 0.0
988000 : 6.429518431849635 size: 0.0
989000 : 6.445156470327289 size: 0.0
990000 : 6.516197687884491 size: 0.0
991000 : 6.4748833275636235 size: 0.0
992000 : 6.493310236707668 size: 0.0
993000 : 6.547522607912643 size: 0.0
994000 : 6.476469695535182 size: 0.0
995000 : 6.49104212950809 size: 0.0
996000 : 6.505309122293065 size: 0.0
997000 : 6.560329124026491 size: 0.0
998000 : 6.538201836166482 size: 0.0
999000 : 6.47840484432269 size: 0.0
1000000 : 6.521711451671153 size: 0.0
1001000 : 6.61964112479485 size: 0.0
1002000 : 6.550279833771275 size: 0.0
1003000 : 6.495543947377074 size: 0.0
1004000 : 6.470012090960585 size: 0.0
1005000 : 6.594037035664998 size: 0.0
1006000 : 6.570922567389037 size: 0.0
1007000 : 6.543202403722969 size: 0.0
1008000 : 6.635193859877675 size: 0.0
1009000 : 6.598610398316742 size: 0.0
1010000 : 6.557858765229498 size: 0.0
1011000 : 6.560373839515715 size: 0.0
1012000 : 6.636919877761734 size: 0.0
1013000 : 6.612471512045681 size: 0.0
1014000 : 6.601064934709856 size: 0.0
1015000 : 6.547535678594108 size: 0.0
1016000 : 6.558025932366136 size: 0.0
1017000 : 6.616836431724579 size: 0.0
1018000 : 6.528764804148338 size: 0.0
1019000 : 6.453851225224309 size: 0.0
1020000 : 6.475183953237331 size: 0.0
1021000 : 6.52969213460179 size: 0.0
1022000 : 6.486505227178329 size: 0.0
1023000 : 6.474004152252413 size: 0.0
1024000 : 6.555981402612679 size: 0.0
1025000 : 6.462097449367879 size: 0.0
1026000 : 6.402012902531845 size: 0.0
1027000 : 6.397754612096481 size: 0.0
1028000 : 6.410167631905155 size: 0.0
1029000 : 6.386321893397725 size: 0.0
1030000 : 6.453924145868275 size: 0.0
1031000 : 6.408924541304719 size: 0.0
1032000 : 6.335911026707422 size: 0.0
1033000 : 6.324979121487979 size: 0.0
1034000 : 6.344084330207027 size: 0.0
1035000 : 6.32654416361083 size: 0.0
1036000 : 6.266039291176087 size: 0.0
1037000 : 6.378601248235192 size: 0.0
1038000 : 6.291002916914126 size: 0.0
1039000 : 6.36408384871056 size: 0.0
1040000 : 6.415450251009058 size: 0.0
1041000 : 6.347486147041093 size: 0.0
1042000 : 6.313551218303447 size: 0.0
1043000 : 6.3867257086619516 size: 0.0
1044000 : 6.391089940410246 size: 0.0
1045000 : 6.364030878054095 size: 0.0
1046000 : 6.35799428700881 size: 0.0
1047000 : 6.429980721215155 size: 0.0
1048000 : 6.476449745547682 size: 0.0
1049000 : 6.436628194636303 size: 0.0
1050000 : 6.453118579131633 size: 0.0
1051000 : 6.491366832752918 size: 0.0
1052000 : 6.433004176217323 size: 0.0
1053000 : 6.499159022698211 size: 0.0
1054000 : 6.446647215944967 size: 0.0
1055000 : 6.464952361372202 size: 0.0
1056000 : 6.426468835484536 size: 0.0
1057000 : 6.440475102570803 size: 0.0
1058000 : 6.475387580695953 size: 0.0
1059000 : 6.403564186042627 size: 0.0
1060000 : 6.543963254970386 size: 0.0
1061000 : 6.439216189566487 size: 0.0
1062000 : 6.468806836543338 size: 0.0
1063000 : 6.535853929016903 size: 0.0
1064000 : 6.521506448351324 size: 0.0
1065000 : 6.47854036665157 size: 0.0
1066000 : 6.422414860438398 size: 0.0
1067000 : 6.461131594800634 size: 0.0
1068000 : 6.404616031935304 size: 0.0
1069000 : 6.487023238922728 size: 0.0
1070000 : 6.546160505317809 size: 0.0
1071000 : 6.4571133921458745 size: 0.0
1072000 : 6.484856257521856 size: 0.0
1073000 : 6.409839489007309 size: 0.0
1074000 : 6.406333106721518 size: 0.0
1075000 : 6.375342520966644 size: 0.0
1076000 : 6.377345774883894 size: 0.0
1077000 : 6.46237674919288 size: 0.0
1078000 : 6.394853608741728 size: 0.0
1079000 : 6.4034073378650405 size: 0.0
1080000 : 6.424160140379354 size: 0.0
1081000 : 6.436593798106131 size: 0.0
1082000 : 6.5192926876694175 size: 0.0
1083000 : 6.427412676272471 size: 0.0
1084000 : 6.443071352668228 size: 0.0
1085000 : 6.389383872513687 size: 0.0
1086000 : 6.421526054098739 size: 0.0
1087000 : 6.485921174095998 size: 0.0
1088000 : 6.4332366967612895 size: 0.0
1089000 : 6.520148473340111 size: 0.0
1090000 : 6.464926907939874 size: 0.0
1091000 : 6.490202166241276 size: 0.0
1092000 : 6.454807448763106 size: 0.0
1093000 : 6.448254909765233 size: 0.0
1094000 : 6.4904594522869665 size: 0.0
1095000 : 6.544513599453147 size: 0.0
1096000 : 6.418336807821139 size: 0.0
1097000 : 6.500179223783129 size: 0.0
1098000 : 6.486957197584796 size: 0.0
1099000 : 6.466748548177812 size: 0.0
1100000 : 6.5435532483307295 size: 0.0
1101000 : 6.469824973836446 size: 0.0
1102000 : 6.350213103953173 size: 0.0
1103000 : 6.3764645357808725 size: 0.0
1104000 : 6.397960991277516 size: 0.0
1105000 : 6.380854908892099 size: 0.0
1106000 : 6.374850650585176 size: 0.0
1107000 : 6.340958373544944 size: 0.0
1108000 : 6.38131582239641 size: 0.0
1109000 : 6.369028693888168 size: 0.0
1110000 : 6.449632146833342 size: 0.0
1111000 : 6.375995367109319 size: 0.0
1112000 : 6.377282485268376 size: 0.0
1113000 : 6.335770688864319 size: 0.0
1114000 : 6.339443550356145 size: 0.0
1115000 : 6.419310229625022 size: 0.0
1116000 : 6.3953784997921606 size: 0.0
1117000 : 6.455271801920436 size: 0.0
1118000 : 6.32278875044659 size: 0.0
1119000 : 6.422841377412538 size: 0.0
1120000 : 6.388886498687391 size: 0.0
1121000 : 6.440327197491061 size: 0.0
1122000 : 6.424754512420735 size: 0.0
1123000 : 6.4298307523436025 size: 0.0
1124000 : 6.335071063440608 size: 0.0
1125000 : 6.401210087517617 size: 0.0
1126000 : 6.313831893989655 size: 0.0
1127000 : 6.404715093942201 size: 0.0
1128000 : 6.3558451918036285 size: 0.0
1129000 : 6.382090432255897 size: 0.0
1130000 : 6.314381550541812 size: 0.0
1131000 : 6.372933387993357 size: 0.0
1132000 : 6.333677316038016 size: 0.0
1133000 : 6.3045131860353045 size: 0.0
1134000 : 6.345427170744963 size: 0.0
1135000 : 6.262821839743746 size: 0.0
1136000 : 6.288481651252477 size: 0.0
1137000 : 6.259669053788129 size: 0.0
1138000 : 6.378039208932172 size: 0.0
1139000 : 6.3530700797493065 size: 0.0
1140000 : 6.287312857157214 size: 0.0
1141000 : 6.264567119684702 size: 0.0
1142000 : 6.278212223204157 size: 0.0
1143000 : 6.311554843692232 size: 0.0
1144000 : 6.318677677160365 size: 0.0
1145000 : 6.32872077604015 size: 0.0
1146000 : 6.279017102010195 size: 0.0
1147000 : 6.30185914976719 size: 0.0
1148000 : 6.231230002641455 size: 0.0
1149000 : 6.256950352043289 size: 0.0
1150000 : 6.263645980606681 size: 0.0
1151000 : 6.229916743119467 size: 0.0
1152000 : 6.261825028299345 size: 0.0
1153000 : 6.296636380625788 size: 0.0
1154000 : 6.228681907686272 size: 0.0
1155000 : 6.211749871743526 size: 0.0
1156000 : 6.318582742737089 size: 0.0
1157000 : 6.285573768591688 size: 0.0
1158000 : 6.388706260869287 size: 0.0
1159000 : 6.375273727906299 size: 0.0
1160000 : 6.339455245176403 size: 0.0
1161000 : 6.290749070521453 size: 0.0
1162000 : 6.3507152932936926 size: 0.0
1163000 : 6.273297646973101 size: 0.0
1164000 : 6.234250017990606 size: 0.0
1165000 : 6.309285360631446 size: 0.0
1166000 : 6.254841156813108 size: 0.0
1167000 : 6.249264791341532 size: 0.0
1168000 : 6.2985123673814 size: 0.0
1169000 : 6.250989433364385 size: 0.0
1170000 : 6.262954610350212 size: 0.0
1171000 : 6.228370963053512 size: 0.0
1172000 : 6.222866830295298 size: 0.0
1173000 : 6.332486508163442 size: 0.0
1174000 : 6.323357669055644 size: 0.0
1175000 : 6.369334135076101 size: 0.0
1176000 : 6.41367882970517 size: 0.0
1177000 : 6.2975100524921706 size: 0.0
1178000 : 6.301052895099945 size: 0.0
1179000 : 6.332739666625512 size: 0.0
1180000 : 6.2362264426143215 size: 0.0
1181000 : 6.248143464457907 size: 0.0
1182000 : 6.273693895000689 size: 0.0
1183000 : 6.207847241430147 size: 0.0
1184000 : 6.2408871724527035 size: 0.0
1185000 : 6.203225723636162 size: 0.0
1186000 : 6.283938557547285 size: 0.0
1187000 : 6.322937343456935 size: 0.0
1188000 : 6.369618938345929 size: 0.0
1189000 : 6.318227770545708 size: 0.0
1190000 : 6.311711691869818 size: 0.0
1191000 : 6.26329719979073 size: 0.0
1192000 : 6.334005458935862 size: 0.0
1193000 : 6.242064909645812 size: 0.0
1194000 : 6.249389306780757 size: 0.0
1195000 : 6.236963216290618 size: 0.0
1196000 : 6.237496362508292 size: 0.0
1197000 : 6.316870483465099 size: 0.0
1198000 : 6.2691274116549796 size: 0.0
1199000 : 6.243380920890214 size: 0.0
1200000 : 6.286904914309367 size: 0.0
1201000 : 6.36765764819549 size: 0.0
1202000 : 6.310383985805157 size: 0.0
1203000 : 6.315507005009058 size: 0.0
1204000 : 6.3071830447072985 size: 0.0
1205000 : 6.280712850947702 size: 0.0
1206000 : 6.26702853538385 size: 0.0
1207000 : 6.268060431289027 size: 0.0
1208000 : 6.276385767451994 size: 0.0
1209000 : 6.2612650527881355 size: 0.0
1210000 : 6.226364269483244 size: 0.0
1211000 : 6.273821162162328 size: 0.0
1212000 : 6.339601086464334 size: 0.0
1213000 : 6.281114602420118 size: 0.0
1214000 : 6.32695485818109 size: 0.0
1215000 : 6.283725299060215 size: 0.0
1216000 : 6.250417075102313 size: 0.0
1217000 : 6.280189335758476 size: 0.0
1218000 : 6.185443405467551 size: 0.0
1219000 : 6.239454900936318 size: 0.0
1220000 : 6.24644977931221 size: 0.0
1221000 : 6.28604844070807 size: 0.0
1222000 : 6.425855201386257 size: 0.0
1223000 : 6.311728202204301 size: 0.0
1224000 : 6.363717181698921 size: 0.0
1225000 : 6.3061325746758286 size: 0.0
1226000 : 6.286185338898156 size: 0.0
1227000 : 6.270204710979985 size: 0.0
1228000 : 6.326709266955659 size: 0.0
1229000 : 6.317953286234931 size: 0.0
1230000 : 6.327935847221612 size: 0.0
1231000 : 6.239795426585026 size: 0.0
1232000 : 6.275160563047248 size: 0.0
1233000 : 6.28281929445547 size: 0.0
1234000 : 6.326445789534537 size: 0.0
1235000 : 6.335421220117765 size: 0.0
1236000 : 6.306821881140487 size: 0.0
1237000 : 6.314814258891383 size: 0.0
1238000 : 6.290399601774899 size: 0.0
1239000 : 6.298497920838727 size: 0.0
1240000 : 6.237997175987605 size: 0.0
1241000 : 6.249852972007483 size: 0.0
1242000 : 6.325485438412119 size: 0.0
1243000 : 6.273986265507156 size: 0.0
1244000 : 6.279076264042092 size: 0.0
1245000 : 6.259278309205369 size: 0.0
1246000 : 6.269054491011014 size: 0.0
1247000 : 6.239225820045369 size: 0.0
1248000 : 6.24213439063676 size: 0.0
1249000 : 6.239399866488042 size: 0.0
1250000 : 6.220408166318563 size: 0.0
1251000 : 6.20795937411851 size: 0.0
1252000 : 6.213417415526292 size: 0.0
1253000 : 6.207228103887041 size: 0.0
1254000 : 6.2662346634674675 size: 0.0
1255000 : 6.208050868888769 size: 0.0
1256000 : 6.341684140331585 size: 0.0
1257000 : 6.213195213941377 size: 0.0
1258000 : 6.226715802021608 size: 0.0
1259000 : 6.259349853988128 size: 0.0
1260000 : 6.270804586466194 size: 0.0
1261000 : 6.221609981082793 size: 0.0
1262000 : 6.247881362897992 size: 0.0
1263000 : 6.314996560501298 size: 0.0
1264000 : 6.280099216849424 size: 0.0
1265000 : 6.280381268396838 size: 0.0
1266000 : 6.203959745590044 size: 0.0
1267000 : 6.2623347848765025 size: 0.0
1268000 : 6.248671107230754 size: 0.0
1269000 : 6.291066894460247 size: 0.0
1270000 : 6.234511431619917 size: 0.0
1271000 : 6.315580613583628 size: 0.0
1272000 : 6.158404981029504 size: 0.0
1273000 : 6.185426895133068 size: 0.0
1274000 : 6.173791924836897 size: 0.0
1275000 : 6.1409659402320145 size: 0.0
1276000 : 6.2286798438944615 size: 0.0
1277000 : 6.229443446864292 size: 0.0
1278000 : 6.269648863052396 size: 0.0
1279000 : 6.290990534163264 size: 0.0
1280000 : 6.318298627397864 size: 0.0
1281000 : 6.273970443103277 size: 0.0
1282000 : 6.3444599403165105 size: 0.0
1283000 : 6.352437871524735 size: 0.0
1284000 : 6.328072057481095 size: 0.0
1285000 : 6.373468598002843 size: 0.0
1286000 : 6.337583386004412 size: 0.0
1287000 : 6.337010339811737 size: 0.0
1288000 : 6.3531010366264615 size: 0.0
1289000 : 6.342385829547105 size: 0.0
1290000 : 6.341202588909169 size: 0.0
1291000 : 6.344986207228151 size: 0.0
1292000 : 6.31581038240518 size: 0.0
1293000 : 6.293051574251203 size: 0.0
1294000 : 6.38870075742446 size: 0.0
1295000 : 6.383112009202022 size: 0.0
1296000 : 6.36866615446015 size: 0.0
1297000 : 6.376716318381736 size: 0.0
1298000 : 6.347883770929887 size: 0.0
1299000 : 6.327273370050489 size: 0.0
1300000 : 6.308340831912907 size: 0.0
1301000 : 6.356394160425183 size: 0.0
1302000 : 6.406605527240485 size: 0.0
1303000 : 6.349575392283774 size: 0.0
1304000 : 6.39941871622623 size: 0.0
1305000 : 6.376945399272685 size: 0.0
1306000 : 6.325912643316862 size: 0.0
1307000 : 6.361265397028221 size: 0.0
1308000 : 6.380557722871408 size: 0.0
1309000 : 6.331662367300508 size: 0.0
1310000 : 6.397403079558118 size: 0.0
1311000 : 6.345416851785911 size: 0.0
1312000 : 6.435215185176815 size: 0.0
1313000 : 6.408721601776701 size: 0.0
1314000 : 6.496688663901217 size: 0.0
1315000 : 6.414016603631465 size: 0.0
1316000 : 6.392704513536546 size: 0.0
1317000 : 6.411332986347402 size: 0.0
1318000 : 6.407653933480145 size: 0.0
1319000 : 6.415005159908625 size: 0.0
1320000 : 6.358495788418726 size: 0.0
1321000 : 6.386690624201175 size: 0.0
1322000 : 6.381463039545549 size: 0.0
1323000 : 6.337731979014758 size: 0.0
1324000 : 6.329568306543602 size: 0.0
1325000 : 6.342699525902279 size: 0.0
1326000 : 6.3099148171336035 size: 0.0
1327000 : 6.342223477924691 size: 0.0
1328000 : 6.305017439167634 size: 0.0
1329000 : 6.264060802760562 size: 0.0
1330000 : 6.282384522314088 size: 0.0
1331000 : 6.346192149576001 size: 0.0
1332000 : 6.300153769801234 size: 0.0
1333000 : 6.349405473424722 size: 0.0
1334000 : 6.2843134797261655 size: 0.0
1335000 : 6.277622666676999 size: 0.0
1336000 : 6.251861041438957 size: 0.0
1337000 : 6.348853753080753 size: 0.0
1338000 : 6.252000691351458 size: 0.0
1339000 : 6.246436708630744 size: 0.0
1340000 : 6.275261000915351 size: 0.0
1341000 : 6.341536235251843 size: 0.0
1342000 : 6.277723104545103 size: 0.0
1343000 : 6.306859717323676 size: 0.0
1344000 : 6.34289902577728 size: 0.0
1345000 : 6.303428319473662 size: 0.0
1346000 : 6.256993003740703 size: 0.0
1347000 : 6.227460142934542 size: 0.0
1348000 : 6.183619013507198 size: 0.0
1349000 : 6.254195877907071 size: 0.0
1350000 : 6.215638743444836 size: 0.0
1351000 : 6.266124594570916 size: 0.0
1352000 : 6.264356612920046 size: 0.0
1353000 : 6.267389698950662 size: 0.0
1354000 : 6.284982836203324 size: 0.0
1355000 : 6.184471359524874 size: 0.0
1356000 : 6.241564784097103 size: 0.0
1357000 : 6.234494921285434 size: 0.0
1358000 : 6.252093561982924 size: 0.0
1359000 : 6.24234971291564 size: 0.0
1360000 : 6.222938375078057 size: 0.0
1361000 : 6.1886271483003235 size: 0.0
1362000 : 6.29527152630854 size: 0.0
1363000 : 6.193662112386983 size: 0.0
1364000 : 6.234223188697071 size: 0.0
1365000 : 6.2296498260453275 size: 0.0
1366000 : 6.23295533259491 size: 0.0
1367000 : 6.265428408800223 size: 0.0
1368000 : 6.208955497632307 size: 0.0
1369000 : 6.280985959397272 size: 0.0
1370000 : 6.216619044554754 size: 0.0
1371000 : 6.271221472411885 size: 0.0
1372000 : 6.262088505720467 size: 0.0
1373000 : 6.233610930459999 size: 0.0
1374000 : 6.246446339659193 size: 0.0
1375000 : 6.268512401695494 size: 0.0
1376000 : 6.2665194667372965 size: 0.0
1377000 : 6.295178655677074 size: 0.0
1378000 : 6.212007157789217 size: 0.0
1379000 : 6.265713212070051 size: 0.0
1380000 : 6.254080305565691 size: 0.0
1381000 : 6.289774960786965 size: 0.0
1382000 : 6.281361569506757 size: 0.0
1383000 : 6.236371595971649 size: 0.0
1384000 : 6.239886233424682 size: 0.0
1385000 : 6.316609757766391 size: 0.0
1386000 : 6.277152810074842 size: 0.0
1387000 : 6.303293485075385 size: 0.0
1388000 : 6.297479783545619 size: 0.0
1389000 : 6.242242395741502 size: 0.0
1390000 : 6.296447887640443 size: 0.0
1391000 : 6.242582921390211 size: 0.0
1392000 : 6.1984095214814 size: 0.0
1393000 : 6.297219057846911 size: 0.0
1394000 : 6.274103901640346 size: 0.0
1395000 : 6.30236753048314 size: 0.0
1396000 : 6.289558950577481 size: 0.0
1397000 : 6.2941914752611225 size: 0.0
1398000 : 6.3618776552652925 size: 0.0
1399000 : 6.271666563512318 size: 0.0
1400000 : 6.3634791577101275 size: 0.0
1401000 : 6.330034723492742 size: 0.0
1402000 : 6.279571574076576 size: 0.0
1403000 : 6.1752874859688 size: 0.0
1404000 : 6.29017258467576 size: 0.0
1405000 : 6.317380240042256 size: 0.0
1406000 : 6.312257220838355 size: 0.0
1407000 : 6.3371231604307035 size: 0.0
1408000 : 6.352805914397581 size: 0.0
1409000 : 6.304248332752976 size: 0.0
1410000 : 6.234672407381125 size: 0.0
1411000 : 6.306575601984451 size: 0.0
1412000 : 6.242632452393659 size: 0.0
1413000 : 6.367584727551524 size: 0.0
1414000 : 6.4116115982418 size: 0.0
1415000 : 6.400259367423647 size: 0.0
1416000 : 6.432473781722062 size: 0.0
1417000 : 6.3001984852904584 size: 0.0
1418000 : 6.314735146871986 size: 0.0
1419000 : 6.353456696748446 size: 0.0
1420000 : 6.459262487351056 size: 0.0
1421000 : 6.447868292766094 size: 0.0
1422000 : 6.394807517391296 size: 0.0
1423000 : 6.5082727273327325 size: 0.0
1424000 : 6.4695553050398935 size: 0.0
1425000 : 6.438332198741053 size: 0.0
1426000 : 6.444059221014784 size: 0.0
1427000 : 6.426096665028068 size: 0.0
1428000 : 6.428800232299632 size: 0.0
1429000 : 6.473490956022238 size: 0.0
1430000 : 6.448685554322994 size: 0.0
1431000 : 6.447717635963937 size: 0.0
1432000 : 6.52200794976124 size: 0.0
1433000 : 6.382377299317536 size: 0.0
1434000 : 6.411525606916368 size: 0.0
1435000 : 6.444984487676426 size: 0.0
1436000 : 6.403477506786592 size: 0.0
1437000 : 6.423565768337972 size: 0.0
1438000 : 6.4116466827025755 size: 0.0
1439000 : 6.418640185217261 size: 0.0
1440000 : 6.401712964788739 size: 0.0
1441000 : 6.470825912864468 size: 0.0
1442000 : 6.440206809635457 size: 0.0
1443000 : 6.459310642493298 size: 0.0
1444000 : 6.477206469211478 size: 0.0
1445000 : 6.420826428675029 size: 0.0
1446000 : 6.412549935584907 size: 0.0
1447000 : 6.459995821374335 size: 0.0
1448000 : 6.552428928976457 size: 0.0
1449000 : 6.549278206812651 size: 0.0
1450000 : 6.480685334273131 size: 0.0
1451000 : 6.436881353098374 size: 0.0
1452000 : 6.4406140645527 size: 0.0
1453000 : 6.475055310214486 size: 0.0
1454000 : 6.511750216533178 size: 0.0
1455000 : 6.4999095549865755 size: 0.0
1456000 : 6.506171787269793 size: 0.0
1457000 : 6.421779212560809 size: 0.0
1458000 : 6.403571753279265 size: 0.0
1459000 : 6.480477579230889 size: 0.0
1460000 : 6.380444902252441 size: 0.0
1461000 : 6.44144714851348 size: 0.0
1462000 : 6.461215522334254 size: 0.0
1463000 : 6.441833077582015 size: 0.0
1464000 : 6.41849847151295 size: 0.0
1465000 : 6.401291951259427 size: 0.0
1466000 : 6.477573136223118 size: 0.0
1467000 : 6.391658171088697 size: 0.0
1468000 : 6.323101070940557 size: 0.0
1469000 : 6.387544346080058 size: 0.0
1470000 : 6.3162382752405275 size: 0.0
1471000 : 6.370014498442914 size: 0.0
1472000 : 6.387448035795575 size: 0.0
1473000 : 6.340258748121234 size: 0.0
1474000 : 6.411718227485334 size: 0.0
1475000 : 6.408157498681871 size: 0.0
1476000 : 6.3774042489851865 size: 0.0
1477000 : 6.386495939840398 size: 0.0
1478000 : 6.441498055378135 size: 0.0
1479000 : 6.474737486275692 size: 0.0
1480000 : 6.492564519933527 size: 0.0
1481000 : 6.414937054778883 size: 0.0
1482000 : 6.4336872913065495 size: 0.0
1483000 : 6.380663664184339 size: 0.0
1484000 : 6.30590555757669 size: 0.0
1485000 : 6.353605977689395 size: 0.0
1486000 : 6.335155678904833 size: 0.0
1487000 : 6.338999835116918 size: 0.0
1488000 : 6.370248394848087 size: 0.0
1489000 : 6.343198275589781 size: 0.0
1490000 : 6.317864543187086 size: 0.0
1491000 : 6.365775470064447 size: 0.0
1492000 : 6.342337674404864 size: 0.0
1493000 : 6.337361184419498 size: 0.0
1494000 : 6.332014587769475 size: 0.0
1495000 : 6.33582297159018 size: 0.0
1496000 : 6.36371099032349 size: 0.0
1497000 : 6.307698992659887 size: 0.0
1498000 : 6.370008994998086 size: 0.0
1499000 : 6.336960808808289 size: 0.0
1500000 : 6.272958497185599 size: 0.0
1501000 : 6.317966356916397 size: 0.0
1502000 : 6.277721728683896 size: 0.0
1503000 : 6.275470819749404 size: 0.0
1504000 : 6.336614779714753 size: 0.0
1505000 : 6.285489841058068 size: 0.0
1506000 : 6.3120288278780095 size: 0.0
1507000 : 6.255043408410523 size: 0.0
1508000 : 6.331275062370764 size: 0.0
1509000 : 6.331799265490594 size: 0.0
1510000 : 6.33185223614706 size: 0.0
1511000 : 6.314119448981898 size: 0.0
1512000 : 6.215915291547423 size: 0.0
1513000 : 6.275607030008887 size: 0.0
1514000 : 6.277778138993379 size: 0.0
1515000 : 6.209517536935327 size: 0.0
1516000 : 6.294856016224056 size: 0.0
1517000 : 6.310441771975848 size: 0.0
1518000 : 6.233298609966033 size: 0.0
1519000 : 6.2708458623024015 size: 0.0
1520000 : 6.302853209489177 size: 0.0
1521000 : 6.289300976601187 size: 0.0
1522000 : 6.230374216970762 size: 0.0
1523000 : 6.277769195895535 size: 0.0
1524000 : 6.280591775161494 size: 0.0
1525000 : 6.302199675415898 size: 0.0
1526000 : 6.282494591210641 size: 0.0
1527000 : 6.255539406375611 size: 0.0
1528000 : 6.259455107370456 size: 0.0
1529000 : 6.197116211946912 size: 0.0
1530000 : 6.26066792902434 size: 0.0
1531000 : 6.331352798528955 size: 0.0
1532000 : 6.274236672246812 size: 0.0
1533000 : 6.316779676625443 size: 0.0
1534000 : 6.264177750963149 size: 0.0
1535000 : 6.288868268251616 size: 0.0
1536000 : 6.270065061067484 size: 0.0
1537000 : 6.26613353766876 size: 0.0
1538000 : 6.256470176482081 size: 0.0
1539000 : 6.2523707980161145 size: 0.0
1540000 : 6.345871573914793 size: 0.0
1541000 : 6.419039184967263 size: 0.0
1542000 : 6.319318140552179 size: 0.0
1543000 : 6.358151823117001 size: 0.0
1544000 : 6.416711227805184 size: 0.0
1545000 : 6.433544201741032 size: 0.0
1546000 : 6.3660685285015175 size: 0.0
1547000 : 6.354722489058796 size: 0.0
1548000 : 6.362710051295468 size: 0.0
1549000 : 6.431479034069471 size: 0.0
1550000 : 6.351352317032489 size: 0.0
1551000 : 6.338770754225969 size: 0.0
1552000 : 6.3478287364816115 size: 0.0
1553000 : 6.341003089034168 size: 0.0
1554000 : 6.353377584729049 size: 0.0
1555000 : 6.325893381259966 size: 0.0
1556000 : 6.319434400824162 size: 0.0
1557000 : 6.343890333776853 size: 0.0
1558000 : 6.290949258327056 size: 0.0
1559000 : 6.3852404664891 size: 0.0
1560000 : 6.368517561449804 size: 0.0
1561000 : 6.346393713242812 size: 0.0
1562000 : 6.278931110684764 size: 0.0
1563000 : 6.32916311541817 size: 0.0
1564000 : 6.35743018391398 size: 0.0
1565000 : 6.301522751702102 size: 0.0
1566000 : 6.330740540291883 size: 0.0
1567000 : 6.25800494965838 size: 0.0
1568000 : 6.338975069615194 size: 0.0
1569000 : 6.310967350956884 size: 0.0
1570000 : 6.3195265835250245 size: 0.0
1571000 : 6.276080326264061 size: 0.0
1572000 : 6.265848046468328 size: 0.0
1573000 : 6.35336176232517 size: 0.0
1574000 : 6.298856332683125 size: 0.0
1575000 : 6.3334888230526705 size: 0.0
1576000 : 6.282641120429176 size: 0.0
1577000 : 6.347488210832903 size: 0.0
1578000 : 6.2605606118502015 size: 0.0
1579000 : 6.161312175759688 size: 0.0
1580000 : 6.30631625214695 size: 0.0
1581000 : 6.214369511481468 size: 0.0
1582000 : 6.329079187884548 size: 0.0
1583000 : 6.269939169767053 size: 0.0
1584000 : 6.304476725713322 size: 0.0
1585000 : 6.272222411439907 size: 0.0
1586000 : 6.335712214763025 size: 0.0
1587000 : 6.348941120267392 size: 0.0
1588000 : 6.277046868761911 size: 0.0
1589000 : 6.255876492371303 size: 0.0
1590000 : 6.294275402794743 size: 0.0
1591000 : 6.3022815391577085 size: 0.0
1592000 : 6.339231667730282 size: 0.0
1593000 : 6.263238725689438 size: 0.0
1594000 : 6.300213619763734 size: 0.0
1595000 : 6.3392000229225225 size: 0.0
1596000 : 6.301965779010724 size: 0.0
1597000 : 6.22301473537504 size: 0.0
1598000 : 6.35765926480493 size: 0.0
1599000 : 6.347372638491524 size: 0.0
1600000 : 6.3316967638306805 size: 0.0
1601000 : 6.337532479139757 size: 0.0
1602000 : 6.358815676149331 size: 0.0
1603000 : 6.292248759236976 size: 0.0
1604000 : 6.341361500878566 size: 0.0
1605000 : 6.380988367429168 size: 0.0
1606000 : 6.369720064144636 size: 0.0
1607000 : 6.349348375184635 size: 0.0
1608000 : 6.3879859975274735 size: 0.0
1609000 : 6.334960994544057 size: 0.0
1610000 : 6.309568100109464 size: 0.0
1611000 : 6.286827178151177 size: 0.0
1612000 : 6.315052282880178 size: 0.0
1613000 : 6.329253234327221 size: 0.0
1614000 : 6.3499606334217065 size: 0.0
1615000 : 6.319683431702611 size: 0.0
1616000 : 6.28387182827875 size: 0.0
1617000 : 6.32374153433237 size: 0.0
1618000 : 6.349876017957483 size: 0.0
1619000 : 6.329862052911276 size: 0.0
1620000 : 6.326535908443589 size: 0.0
1621000 : 6.19584422826113 size: 0.0
1622000 : 6.269799519854552 size: 0.0
1623000 : 6.161445634296758 size: 0.0
1624000 : 6.2302001705280885 size: 0.0
1625000 : 6.252447846243701 size: 0.0
1626000 : 6.2027875118417635 size: 0.0
1627000 : 6.298770341357693 size: 0.0
1628000 : 6.23269804654922 size: 0.0
1629000 : 6.241156153318653 size: 0.0
1630000 : 6.277337863407171 size: 0.0
1631000 : 6.2978148057495 size: 0.0
1632000 : 6.274798711549832 size: 0.0
1633000 : 6.311736457371542 size: 0.0
1634000 : 6.207624351914629 size: 0.0
1635000 : 6.256856105550617 size: 0.0
1636000 : 6.3331985163380144 size: 0.0
1637000 : 6.283366199285213 size: 0.0
1638000 : 6.245560972972551 size: 0.0
1639000 : 6.297673092045189 size: 0.0
1640000 : 6.279422981066231 size: 0.0
1641000 : 6.388739281538253 size: 0.0
1642000 : 6.356578525826908 size: 0.0
1643000 : 6.258130840958812 size: 0.0
1644000 : 6.249903878872138 size: 0.0
1645000 : 6.268551613739891 size: 0.0
1646000 : 6.339188328102264 size: 0.0
1647000 : 6.218137307396571 size: 0.0
1648000 : 6.273093331583876 size: 0.0
1649000 : 6.153492468590258 size: 0.0
1650000 : 6.270367062602399 size: 0.0
1651000 : 6.239886233424682 size: 0.0
1652000 : 6.187443219731784 size: 0.0
1653000 : 6.222806980332798 size: 0.0
1654000 : 6.244015192906596 size: 0.0
1655000 : 6.25743671897993 size: 0.0
1656000 : 6.2591083903463165 size: 0.0
1657000 : 6.222569644274607 size: 0.0
1658000 : 6.188263233011098 size: 0.0
1659000 : 6.259389753963128 size: 0.0
1660000 : 6.235796485987164 size: 0.0
1661000 : 6.160280967785115 size: 0.0
1662000 : 6.2071765090917825 size: 0.0
1663000 : 6.279015038218384 size: 0.0
1664000 : 6.302146704759433 size: 0.0
1665000 : 6.20278269632754 size: 0.0
1666000 : 6.250905505830763 size: 0.0
1667000 : 6.185966920656777 size: 0.0
1668000 : 6.27348270030543 size: 0.0
1669000 : 6.280324858087356 size: 0.0
1670000 : 6.346331111557898 size: 0.0
1671000 : 6.332225094534131 size: 0.0
1672000 : 6.362339256700208 size: 0.0
1673000 : 6.372641017486891 size: 0.0
1674000 : 6.375150588328281 size: 0.0
1675000 : 6.310774042457314 size: 0.0
1676000 : 6.328616210588425 size: 0.0
1677000 : 6.322068487104777 size: 0.0
1678000 : 6.26376155294806 size: 0.0
1679000 : 6.253930336694139 size: 0.0
1680000 : 6.322199881850036 size: 0.0
1681000 : 6.300943514133996 size: 0.0
1682000 : 6.335408149436299 size: 0.0
1683000 : 6.299097796324936 size: 0.0
1684000 : 6.260981625379514 size: 0.0
1685000 : 6.279188396730454 size: 0.0
1686000 : 6.258787814685108 size: 0.0
1687000 : 6.204236981623235 size: 0.0
1688000 : 6.2854575083197055 size: 0.0
1689000 : 6.271105900070506 size: 0.0
1690000 : 6.2594482280644215 size: 0.0
1691000 : 6.36201455345538 size: 0.0
1692000 : 6.28916201461929 size: 0.0
1693000 : 6.171849896743355 size: 0.0
1694000 : 6.279322543198127 size: 0.0
1695000 : 6.258478245913555 size: 0.0
1696000 : 6.218902974158212 size: 0.0
1697000 : 6.287926491255492 size: 0.0
1698000 : 6.286083525168846 size: 0.0
1699000 : 6.277952873366655 size: 0.0
1700000 : 6.300570655746926 size: 0.0
1701000 : 6.228088223575493 size: 0.0
1702000 : 6.323231777755213 size: 0.0
1703000 : 6.282678268681762 size: 0.0
1704000 : 6.320022581490113 size: 0.0
1705000 : 6.32899182069791 size: 0.0
1706000 : 6.25825810812045 size: 0.0
1707000 : 6.225258077072895 size: 0.0
1708000 : 6.22571555092419 size: 0.0
1709000 : 6.284333429713666 size: 0.0
1710000 : 6.363472966334696 size: 0.0
1711000 : 6.318143155081484 size: 0.0
1712000 : 6.362336504977795 size: 0.0
1713000 : 6.309134015898686 size: 0.0
1714000 : 6.309753153441792 size: 0.0
1715000 : 6.389578556874463 size: 0.0
1716000 : 6.3187843064039 size: 0.0
1717000 : 6.357505168349757 size: 0.0
1718000 : 6.31378305091681 size: 0.0
1719000 : 6.2903459431878295 size: 0.0
1720000 : 6.27276312489422 size: 0.0
1721000 : 6.293310236158101 size: 0.0
1722000 : 6.2844868382382355 size: 0.0
394.2553873062134
31496.78493642807 
