FLAGS.seq_len change from 8 to 32 due to FLAGS.vocab_dim = 64 and FLAGS.hidden_dim = 256.
SLiMPerformer(
  (input_map): Embedding(256, 32)
  (output_logit_map): Linear(in_features=256, out_features=256, bias=True)
  (layers): ModuleList(
    (0): SLiMPerformerLayer(
      (attention): MultiHeadAttention(
        (q_map): Linear(in_features=256, out_features=256, bias=True)
        (k_map): Linear(in_features=256, out_features=256, bias=True)
        (v_map): Linear(in_features=256, out_features=256, bias=True)
      )
      (U_map): Linear(in_features=256, out_features=4096, bias=True)
      (V_map): Linear(in_features=4096, out_features=256, bias=True)
      (layernorm1): LayerNorm((256,), eps=1e-05, elementwise_affine=True)
      (layernorm2): LayerNorm((256,), eps=1e-05, elementwise_affine=True)
    )
  )
)
1953092
0 : 8.222155515547 size: 0.0
1000 : 5.657765548159678 size: 0.0
2000 : 5.433962116834794 size: 0.0
3000 : 5.402867309593495 size: 0.0
4000 : 5.1886883713761955 size: 0.203125
5000 : 5.03490905221131 size: 0.375
6000 : 4.96431877316467 size: 0.94140625
7000 : 5.232862115250308 size: 1.37109375
8000 : 4.844838985957259 size: 1.8671875
9000 : 4.85412983272217 size: 2.046875
10000 : 4.875249990178727 size: 2.14453125
11000 : 4.931265771460648 size: 2.33984375
12000 : 4.9460039967089875 size: 2.84375
13000 : 4.9196363046093055 size: 3.1953125
14000 : 5.003318247004923 size: 3.45703125
15000 : 4.772986698218588 size: 3.6328125
16000 : 4.727705730038221 size: 4.03125
17000 : 4.938001987929643 size: 4.30078125
18000 : 4.90690614879244 size: 4.5625
19000 : 4.84023260263655 size: 4.8203125
20000 : 4.921344436297675 size: 5.25390625
21000 : 4.7931839967706145 size: 5.55078125
22000 : 5.025387748694243 size: 5.76953125
23000 : 4.880411533496421 size: 5.96484375
24000 : 4.8981020129294714 size: 6.36328125
25000 : 4.836646420400759 size: 6.71484375
26000 : 4.6304540125242255 size: 6.9609375
27000 : 4.848901560135941 size: 7.22265625
28000 : 4.747929169953179 size: 7.5078125
29000 : 4.796983437493476 size: 7.83203125
30000 : 4.71014664535043 size: 8.1171875
31000 : 4.7985832201118015 size: 8.31640625
32000 : 4.722360165284103 size: 8.56640625
33000 : 4.818322700847231 size: 9.0
34000 : 4.717972543895291 size: 9.30078125
35000 : 4.806350988520672 size: 9.54296875
36000 : 4.767727468755203 size: 9.765625
37000 : 4.827817175070764 size: 10.1875
38000 : 4.694755573959416 size: 10.46484375
39000 : 4.745418567215884 size: 10.6484375
40000 : 4.741836856529015 size: 10.8671875
41000 : 4.769699421829997 size: 11.32421875
42000 : 4.81269921212932 size: 11.59375
43000 : 4.694347287146267 size: 11.91015625
44000 : 4.711099773201512 size: 12.1328125
45000 : 4.526046784838432 size: 12.49609375
46000 : 4.766580344473948 size: 12.69140625
47000 : 5.009765532620468 size: 12.94140625
48000 : 4.60660517832908 size: 13.21875
49000 : 4.6302466014472845 size: 13.6328125
50000 : 4.689356350618229 size: 13.8984375
51000 : 4.592398035506605 size: 14.16015625
52000 : 4.917595558474167 size: 14.4296875
53000 : 4.857738372702573 size: 14.78515625
54000 : 4.831407484890176 size: 15.0234375
55000 : 4.826504259514077 size: 15.28515625
56000 : 4.511708247270698 size: 15.5390625
57000 : 4.695133591826012 size: 16.0
58000 : 4.717803312966843 size: 16.21484375
59000 : 4.838866372458096 size: 16.421875
60000 : 4.901557488350607 size: 16.66796875
61000 : 4.438187039888054 size: 17.09765625
62000 : 4.863260735621778 size: 17.3359375
63000 : 4.726283089550284 size: 17.57421875
64000 : 4.8441899234329036 size: 17.828125
65000 : 4.619528642645514 size: 18.265625
66000 : 4.831093100604399 size: 18.5390625
67000 : 4.59307083163678 size: 18.734375
68000 : 4.676934731677012 size: 18.96484375
69000 : 4.634081470596223 size: 19.3828125
70000 : 4.576914437449426 size: 19.65625
71000 : 4.549673761413964 size: 19.88671875
72000 : 4.7269438468948985 size: 20.078125
73000 : 4.6944477250143715 size: 20.484375
74000 : 4.8747718784093275 size: 20.73046875
75000 : 4.5821967125880265 size: 20.96875
76000 : 4.807456836965719 size: 21.2265625
77000 : 4.708031258744818 size: 21.71484375
78000 : 4.681422446968625 size: 21.890625
79000 : 4.6806767301944845 size: 22.1171875
80000 : 4.621017668436685 size: 22.31640625
81000 : 4.540215059581811 size: 22.734375
82000 : 4.559489843194609 size: 23.015625
83000 : 4.505193200490712 size: 23.26953125
84000 : 4.453399937252774 size: 23.49609375
85000 : 4.700252483446293 size: 23.88671875
86000 : 4.505761087203862 size: 24.0703125
87000 : 4.357637245529949 size: 24.3125
88000 : 4.602291165514837 size: 24.5625
89000 : 4.578108684977018 size: 24.94921875
90000 : 4.632882063589107 size: 25.2421875
91000 : 4.551088834665263 size: 25.4609375
92000 : 4.539159774036117 size: 25.6640625
93000 : 4.741746049689359 size: 26.1015625
94000 : 4.559620206043964 size: 26.37890625
95000 : 4.496989628044556 size: 26.54296875
96000 : 4.745840612641101 size: 26.7890625
97000 : 4.468449107133873 size: 27.17578125
98000 : 4.536275624981148 size: 27.453125
99000 : 4.498179404023225 size: 27.6796875
100000 : 4.631839848724878 size: 27.9453125
101000 : 4.596069521137224 size: 28.2734375
102000 : 4.6818757932362995 size: 28.5859375
103000 : 4.491966358778155 size: 28.859375
104000 : 4.769440071992496 size: 29.015625
105000 : 4.75265146958057 size: 29.40234375
106000 : 4.684004250523378 size: 29.6953125
107000 : 4.651699029385308 size: 29.921875
108000 : 4.701136474271728 size: 30.1171875
109000 : 4.474832071237995 size: 30.5078125
110000 : 4.616662723751537 size: 30.82421875
111000 : 4.650314569045863 size: 31.078125
112000 : 4.469332753994006 size: 31.296875
113000 : 4.8555961568034265 size: 31.51171875
114000 : 4.6885941235096045 size: 31.9140625
115000 : 4.460097973573277 size: 32.140625
116000 : 4.574271752036268 size: 32.40234375
117000 : 4.59834313178163 size: 32.671875
118000 : 4.760694066265518 size: 33.0703125
119000 : 4.664827497021571 size: 33.296875
120000 : 4.548968976510729 size: 33.5390625
121000 : 4.591167327657031 size: 33.734375
122000 : 4.642152616401216 size: 34.203125
123000 : 4.791424270286987 size: 34.421875
124000 : 4.717918541342921 size: 34.6875
125000 : 4.488725173739995 size: 34.92578125
126000 : 4.560894941452159 size: 35.296875
127000 : 4.874261777866868 size: 35.5
128000 : 4.6485483072215015 size: 35.7734375
129000 : 4.736117745457223 size: 36.0
130000 : 4.589146875474694 size: 36.40625
131000 : 4.415452309305197 size: 36.72265625
132000 : 4.699587254552755 size: 36.96875
133000 : 4.70208169092087 size: 37.19921875
134000 : 4.875877038923772 size: 37.5546875
135000 : 4.788087462894946 size: 37.7734375
136000 : 4.644816971628382 size: 38.01953125
137000 : 4.522738526566434 size: 38.2578125
138000 : 4.695393285628815 size: 38.72265625
139000 : 4.552952438670013 size: 38.96484375
140000 : 4.545289579678169 size: 39.18359375
141000 : 4.643957746304672 size: 39.4296875
142000 : 4.689903599413274 size: 39.82421875
143000 : 4.811821756644617 size: 40.046875
144000 : 4.556721610446322 size: 40.3125
145000 : 4.765009798906269 size: 40.54296875
146000 : 4.781974511552678 size: 40.94140625
147000 : 4.7424766319902245 size: 41.19921875
148000 : 4.800363240548232 size: 41.40625
149000 : 4.701135442375822 size: 41.671875
150000 : 4.643842861893895 size: 42.04296875
151000 : 4.658750662035985 size: 42.32421875
152000 : 4.513731107210146 size: 42.5625
153000 : 4.515769445588171 size: 42.78125
154000 : 4.637341573725979 size: 43.20703125
155000 : 4.641914936377723 size: 43.5078125
156000 : 4.657961261668524 size: 43.72265625
157000 : 4.696089471399508 size: 43.92578125
158000 : 4.782381766469922 size: 44.33203125
159000 : 4.683249934616693 size: 44.5859375
160000 : 4.626764984663218 size: 44.81640625
161000 : 4.54826763126051 size: 45.0546875
162000 : 4.4474957728486535 size: 45.4453125
163000 : 4.643400178550574 size: 45.7578125
164000 : 4.572003988801991 size: 45.95703125
165000 : 4.554229237870018 size: 46.1484375
166000 : 4.709972942873058 size: 46.5234375
167000 : 4.467517993062102 size: 46.828125
168000 : 4.812076978898498 size: 47.05859375
169000 : 4.896968991225587 size: 47.3125
170000 : 4.644876477625581 size: 47.69921875
171000 : 4.473677035754801 size: 48.00390625
172000 : 4.712668598942682 size: 48.23046875
173000 : 4.809883512169393 size: 48.43359375
174000 : 4.530225619289096 size: 48.77734375
175000 : 4.710323787480819 size: 49.07421875
176000 : 4.610778853300218 size: 49.37890625
177000 : 4.494431558095623 size: 49.5625
178000 : 4.579593239219265 size: 49.90234375
179000 : 4.54229776948376 size: 50.21484375
180000 : 4.494628650213512 size: 50.4375
181000 : 4.60279610657777 size: 50.71875
182000 : 4.5798852657604305 size: 51.0390625
183000 : 4.624086870823982 size: 51.32421875
184000 : 4.539042825833531 size: 51.57421875
185000 : 4.6456927072865755 size: 51.81640625
186000 : 4.777359873064728 size: 52.078125
187000 : 4.635007425188469 size: 52.49609375
188000 : 4.723335650879797 size: 52.76953125
189000 : 4.725593439120324 size: 52.96484375
190000 : 4.634388631610665 size: 53.1875
191000 : 4.693685841871049 size: 53.54296875
192000 : 4.574918406803512 size: 53.80859375
193000 : 4.492031368220181 size: 54.13671875
194000 : 4.848524574165249 size: 54.35546875
195000 : 4.78055152709944 size: 54.75390625
196000 : 4.7334523583341515 size: 54.99609375
197000 : 4.620870451287546 size: 55.2421875
198000 : 4.572839824485184 size: 55.42578125
199000 : 4.810147677521119 size: 55.8125
200000 : 4.732182782405482 size: 56.08984375
201000 : 4.764273713160577 size: 56.33203125
202000 : 4.5727366348946665 size: 56.625
203000 : 4.554826017668512 size: 57.03125
204000 : 4.729836939047713 size: 57.27734375
205000 : 4.643537076740661 size: 57.47265625
206000 : 4.48892742533741 size: 57.73828125
207000 : 4.780616880506767 size: 58.07421875
208000 : 4.6178070963103774 size: 58.33984375
209000 : 4.72650941871882 size: 58.5859375
210000 : 4.727356261291668 size: 58.81640625
211000 : 4.674322315210405 size: 59.21484375
212000 : 4.5476106575342135 size: 59.4921875
213000 : 4.547691489380119 size: 59.74609375
214000 : 4.625889936935628 size: 60.00390625
215000 : 4.685359817777479 size: 60.34375
216000 : 4.628834967849003 size: 60.609375
217000 : 4.799789506424953 size: 60.8359375
218000 : 4.7450195674658815 size: 61.0859375
219000 : 4.554935054669159 size: 61.4296875
220000 : 4.632409455264535 size: 61.6953125
221000 : 4.675820628064722 size: 61.9609375
222000 : 4.571872594056732 size: 62.24609375
223000 : 4.773784009787988 size: 62.61328125
224000 : 4.716671667124165 size: 62.8671875
225000 : 4.926058480757824 size: 63.11328125
226000 : 4.568838820095512 size: 63.3125
227000 : 4.704317809347388 size: 63.7265625
228000 : 4.550228921410949 size: 64.01171875
229000 : 4.765895165592911 size: 64.22265625
230000 : 4.594554697948424 size: 64.4609375
231000 : 4.850912037324527 size: 64.84765625
232000 : 4.623410291075488 size: 65.11328125
233000 : 4.726192970641232 size: 65.3515625
234000 : 4.758364389276931 size: 65.67578125
235000 : 4.653599437677342 size: 66.0625
236000 : 4.604796608772606 size: 66.31640625
237000 : 4.6901058510106886 size: 66.484375
238000 : 4.672307022507595 size: 66.75390625
239000 : 4.611801118176947 size: 67.10546875
240000 : 4.660518643686855 size: 67.3828125
241000 : 4.662956669745486 size: 67.640625
242000 : 4.580587986871856 size: 67.890625
243000 : 4.881943210985005 size: 68.26171875
244000 : 4.640794641390003 size: 68.5078125
245000 : 4.724551568221397 size: 68.73828125
246000 : 4.550632736675175 size: 68.984375
247000 : 4.564579497764243 size: 69.34375
248000 : 4.41969649716319 size: 69.6484375
249000 : 4.746665097469337 size: 69.86328125
250000 : 4.601990195875827 size: 70.109375
251000 : 4.610109840788362 size: 70.3984375
252000 : 4.650697058461382 size: 70.79296875
253000 : 4.518891962597237 size: 71.0390625
254000 : 4.464072148669415 size: 71.26953125
255000 : 4.59773121750986 size: 71.47265625
256000 : 4.347978699857493 size: 71.87109375
257000 : 4.4602874984545275 size: 72.109375
258000 : 4.571794857898542 size: 72.34765625
259000 : 4.6877510645550755 size: 72.546875
260000 : 4.577601336156972 size: 72.953125
261000 : 4.624979804747262 size: 73.25390625
262000 : 4.546245803216967 size: 73.48828125
263000 : 4.526384902730028 size: 73.73828125
264000 : 4.4919405613805266 size: 74.0546875
265000 : 4.47806603300482 size: 74.34765625
266000 : 4.502896888136392 size: 74.58203125
267000 : 4.563095975417901 size: 74.84375
268000 : 4.694829870464589 size: 75.21875
269000 : 4.566599605981279 size: 75.45703125
270000 : 4.426577523024211 size: 75.6875
271000 : 4.65117723402259 size: 75.93359375
272000 : 4.515123134786229 size: 76.2890625
273000 : 4.480414284119701 size: 76.515625
274000 : 4.491387809140653 size: 76.77734375
275000 : 4.83844054341456 size: 77.0546875
276000 : 4.5170558758166255 size: 77.40625
277000 : 4.4851383035736 size: 77.67578125
278000 : 4.678784921034993 size: 77.90234375
279000 : 4.608924536358615 size: 78.12109375
280000 : 4.623905601109973 size: 78.48046875
281000 : 4.533446166409153 size: 78.81640625
282000 : 4.620739056542287 size: 79.06640625
283000 : 4.439564620921464 size: 79.265625
284000 : 4.602925437531219 size: 79.59375
285000 : 4.7162413665317064 size: 79.9140625
286000 : 4.712605997257768 size: 80.140625
287000 : 4.7305843756483625 size: 80.36328125
288000 : 4.622330583993372 size: 80.73828125
289000 : 4.567150294429341 size: 81.0390625
290000 : 4.59848862910426 size: 81.30078125
291000 : 4.601974029506646 size: 81.52734375
292000 : 4.729576213349005 size: 81.875
293000 : 4.692631244255958 size: 82.16796875
294000 : 4.7433196909447535 size: 82.421875
295000 : 4.703907114777127 size: 82.6875
296000 : 4.607134540928436 size: 83.0703125
297000 : 4.481360532664747 size: 83.328125
298000 : 4.708010276861413 size: 83.5078125
299000 : 4.719775953972238 size: 83.765625
300000 : 4.9279778071414535 size: 84.171875
301000 : 4.646210719030974 size: 84.44921875
302000 : 4.722132804219663 size: 84.70703125
303000 : 4.542430540090226 size: 84.94140625
304000 : 4.4367413537249005 size: 85.33203125
305000 : 4.485392149966274 size: 85.5859375
306000 : 4.460841970520909 size: 85.84765625
307000 : 4.3725711870349695 size: 86.04296875
308000 : 4.620381332628492 size: 86.37890625
309000 : 4.623974394170318 size: 86.68359375
310000 : 4.653586710961179 size: 86.96875
311000 : 4.579364846258919 size: 87.1875
312000 : 4.500555516327546 size: 87.51171875
313000 : 4.695304886546271 size: 87.80078125
314000 : 4.587502033401842 size: 88.0546875
315000 : 4.394175991601657 size: 88.3203125
316000 : 4.627041188800503 size: 88.6328125
317000 : 4.529444130123576 size: 88.91796875
318000 : 4.624890029803511 size: 89.14453125
319000 : 4.424316639095968 size: 89.33984375
320000 : 4.411241830046774 size: 89.578125
321000 : 4.473694234019887 size: 90.0078125
322000 : 4.607655992325851 size: 90.28515625
323000 : 4.56580057458537 size: 90.54296875
324000 : 4.632614802549666 size: 90.73828125
325000 : 4.734387599989543 size: 91.0703125
326000 : 4.660428524777802 size: 91.32421875
327000 : 4.5383579909177945 size: 91.56640625
328000 : 4.439051768656592 size: 91.8359375
329000 : 4.576307338691881 size: 92.21875
330000 : 4.65104755910384 size: 92.5078125
331000 : 4.74356012269066 size: 92.75
332000 : 4.707562434038565 size: 92.97265625
333000 : 4.539142231805729 size: 93.34765625
334000 : 4.613608999802817 size: 93.640625
335000 : 4.53860014249021 size: 93.87890625
336000 : 4.648197118648439 size: 94.08984375
337000 : 4.515134141675884 size: 94.4609375
338000 : 4.775100364997693 size: 94.75
339000 : 4.621064103752418 size: 94.96484375
340000 : 4.694439125881828 size: 95.21484375
341000 : 4.533662176618637 size: 95.56640625
342000 : 4.666049949703904 size: 95.84765625
343000 : 4.748848245239389 size: 96.1015625
344000 : 4.582441271917554 size: 96.3515625
345000 : 4.525694564369465 size: 96.734375
346000 : 4.567406204613825 size: 97.00390625
347000 : 4.68322723290678 size: 97.22265625
348000 : 4.60585774172843 size: 97.4375
349000 : 4.63011211101431 size: 97.8203125
350000 : 4.404126907780579 size: 98.07421875
351000 : 4.586191869567569 size: 98.33203125
352000 : 4.644555901964372 size: 98.6015625
353000 : 4.692697629559191 size: 98.9453125
354000 : 4.599685284388964 size: 99.23046875
355000 : 4.628020458014516 size: 99.4765625
356000 : 4.612836109769839 size: 99.71484375
357000 : 4.564345257393769 size: 100.0703125
358000 : 4.649041553464176 size: 100.35546875
359000 : 4.637772906214343 size: 100.578125
360000 : 4.5134463039403165 size: 100.8359375
361000 : 4.69295457163958 size: 101.2265625
362000 : 4.613656810979757 size: 101.4609375
363000 : 4.386913508221022 size: 101.69921875
364000 : 4.653955097799327 size: 101.97265625
365000 : 4.608216999732966 size: 102.29296875
366000 : 4.732342726270784 size: 102.54296875
367000 : 4.332967022194282 size: 102.828125
368000 : 4.530683437105693 size: 103.0859375
369000 : 4.5655236825174805 size: 103.41796875
370000 : 4.785698623874462 size: 103.70703125
371000 : 4.5357159934352405 size: 103.8984375
372000 : 4.712730512696993 size: 104.1796875
373000 : 4.4124009931135895 size: 104.51953125
374000 : 4.578471224405036 size: 104.796875
375000 : 4.615210502247651 size: 105.04296875
376000 : 4.468378938212322 size: 105.25
377000 : 4.432337222001606 size: 105.60546875
378000 : 4.534132033220794 size: 105.89453125
379000 : 4.646649618755976 size: 106.15234375
380000 : 4.425523957305025 size: 106.375
381000 : 4.63161902300117 size: 106.65625
382000 : 4.542405086657898 size: 107.02734375
383000 : 4.537923218776413 size: 107.27734375
384000 : 4.664728435014674 size: 107.47265625
385000 : 4.5221981570774235 size: 107.73828125
386000 : 4.491974269980095 size: 108.13671875
387000 : 4.615312315976962 size: 108.42578125
388000 : 4.672919280744667 size: 108.6796875
389000 : 4.712880137603244 size: 108.89453125
390000 : 4.543408433443032 size: 109.22265625
391000 : 4.6469443970195545 size: 109.48046875
392000 : 4.72014881235931 size: 109.75
393000 : 4.5150037788265305 size: 110.0234375
394000 : 4.609255087013573 size: 110.40234375
395000 : 4.568047355936241 size: 110.671875
396000 : 4.643243330372988 size: 110.8828125
397000 : 4.602847357407727 size: 111.1015625
398000 : 4.570287945911682 size: 111.46484375
399000 : 4.572254739506949 size: 111.75390625
400000 : 4.552699624173244 size: 111.98828125
401000 : 4.471219747639273 size: 112.23828125
402000 : 4.595678432589162 size: 112.546875
403000 : 4.528473804007407 size: 112.84375
404000 : 4.532171087035656 size: 113.10546875
405000 : 4.481362596456559 size: 113.35546875
406000 : 4.436556644357874 size: 113.68359375
407000 : 4.429783967566896 size: 113.984375
408000 : 4.542601146879882 size: 114.23046875
409000 : 4.642646550574494 size: 114.42578125
410000 : 4.5078310703896465 size: 114.8046875
411000 : 4.566862051506495 size: 115.078125
412000 : 4.512995365429755 size: 115.33203125
413000 : 4.681500527092117 size: 115.56640625
414000 : 4.691181774474487 size: 115.88671875
415000 : 4.406646109650418 size: 116.2109375
416000 : 4.550105781832931 size: 116.4453125
417000 : 4.65603677580537 size: 116.64453125
418000 : 4.511236670842032 size: 117.04296875
419000 : 4.62748284024792 size: 117.3125
420000 : 4.519215977911462 size: 117.55859375
421000 : 4.66984629473905 size: 117.79296875
422000 : 4.426330899902873 size: 118.125
423000 : 4.493024740011565 size: 118.38671875
424000 : 4.5324307808384585 size: 118.671875
425000 : 4.478444394836718 size: 118.91796875
426000 : 4.652104564476042 size: 119.2578125
427000 : 4.698675402537881 size: 119.4921875
428000 : 4.538510023581157 size: 119.73828125
429000 : 4.485933895316491 size: 119.99609375
430000 : 4.584704563602908 size: 120.328125
431000 : 4.59523162166222 size: 120.6328125
432000 : 4.717857659484515 size: 120.9140625
433000 : 4.477594800541456 size: 121.1328125
434000 : 4.67296365226859 size: 121.48828125
435000 : 4.666287629727397 size: 121.734375
436000 : 4.69595050941761 size: 121.98046875
437000 : 4.533451669853981 size: 122.23828125
438000 : 4.490852599131168 size: 122.5859375
439000 : 4.5840444941888965 size: 122.83203125
440000 : 4.6206076617970275 size: 123.12109375
441000 : 4.6326447275309155 size: 123.36328125
442000 : 4.795197913612219 size: 123.66796875
443000 : 4.56001817389806 size: 123.94140625
444000 : 4.453279205431868 size: 124.2421875
445000 : 4.507761589398697 size: 124.5078125
446000 : 4.5547314272105375 size: 124.796875
447000 : 4.505616965742439 size: 125.109375
448000 : 4.803476814459453 size: 125.36328125
449000 : 4.4978801542107245 size: 125.56640625
450000 : 4.488361946381373 size: 125.8515625
451000 : 4.793170582123848 size: 126.19921875
452000 : 4.462903698539453 size: 126.47265625
453000 : 4.656529334117441 size: 126.74609375
454000 : 4.4382988286111145 size: 127.01171875
455000 : 4.599638161142627 size: 127.359375
456000 : 4.377166219500722 size: 127.58984375
457000 : 4.5092492393286605 size: 127.81640625
458000 : 4.5521730132963025 size: 128.0625
459000 : 4.564863957068771 size: 128.39453125
460000 : 4.469433535827412 size: 128.72265625
461000 : 4.530821023226383 size: 128.95703125
462000 : 4.69832249413831 size: 129.18359375
463000 : 4.540270437995389 size: 129.5
464000 : 4.565078935382349 size: 129.78515625
465000 : 4.427095878733911 size: 130.0390625
466000 : 4.406785071632315 size: 130.29296875
467000 : 4.433396291165619 size: 130.66796875
468000 : 4.651724826782938 size: 130.9140625
469000 : 4.638405802369518 size: 131.171875
470000 : 4.554593153159244 size: 131.37890625
471000 : 4.678327447183698 size: 131.7421875
472000 : 4.61948392715629 size: 132.05859375
473000 : 4.618584113926976 size: 132.28515625
474000 : 4.511812124791819 size: 132.4765625
475000 : 4.566749574852831 size: 132.80859375
476000 : 4.66159422318535 size: 133.09375
477000 : 4.605597703960325 size: 133.34765625
478000 : 4.4351900702141185 size: 133.59375
479000 : 4.4804772297699165 size: 133.98046875
480000 : 4.432403607304839 size: 134.2421875
481000 : 4.581960408425741 size: 134.48828125
482000 : 4.618624357867278 size: 134.6796875
483000 : 4.3893030351721105 size: 135.03125
484000 : 4.575466687494463 size: 135.30859375
485000 : 4.592996191166305 size: 135.55859375
486000 : 4.514223321556915 size: 135.80859375
487000 : 4.614354372611656 size: 136.15625
488000 : 4.52777865013262 size: 136.4140625
489000 : 4.683513412037816 size: 136.671875
490000 : 4.518974514269651 size: 136.91015625
491000 : 4.555873392012266 size: 137.29296875
492000 : 4.551338897439618 size: 137.51171875
493000 : 4.826014108959118 size: 137.8125
494000 : 4.585789086199249 size: 138.0234375
495000 : 4.642383073153371 size: 138.375
496000 : 4.650523012018708 size: 138.625
497000 : 4.610599647378019 size: 138.94921875
498000 : 4.654796436927347 size: 139.19140625
499000 : 4.609824005622628 size: 139.48046875
500000 : 4.701305705200177 size: 139.765625
501000 : 4.580443521445131 size: 140.0390625
502000 : 4.670430003856079 size: 140.28125
503000 : 4.522352253532596 size: 140.58984375
504000 : 4.653593934232514 size: 140.921875
505000 : 4.538527221846244 size: 141.20703125
506000 : 4.612527916859493 size: 141.4453125
507000 : 4.640318937377716 size: 141.6796875
508000 : 4.5396654030296535 size: 142.03125
509000 : 4.795021803377735 size: 142.28125
510000 : 4.794280558152516 size: 142.5390625
511000 : 4.700748137446079 size: 142.8125
512000 : 4.739856992252282 size: 143.15625
513000 : 4.559402476007971 size: 143.4296875
514000 : 4.585971043843862 size: 143.69140625
515000 : 4.659481588302151 size: 143.94921875
516000 : 4.666539756293561 size: 144.3046875
517000 : 4.660360419648061 size: 144.53515625
518000 : 4.659639468375644 size: 144.796875
519000 : 4.705112369194374 size: 145.0390625
520000 : 4.628897569533917 size: 145.421875
521000 : 4.671131349106297 size: 145.70703125
522000 : 4.772614527762121 size: 145.921875
523000 : 4.511263156170265 size: 146.1640625
524000 : 4.767807956635807 size: 146.5390625
525000 : 4.488639526379865 size: 146.78515625
526000 : 4.493358042388937 size: 147.046875
527000 : 4.626184371233905 size: 147.3125
528000 : 4.644600617453596 size: 147.6953125
529000 : 4.504596076726917 size: 147.9375
530000 : 4.639873846277283 size: 148.203125
531000 : 4.640310682210474 size: 148.40625
532000 : 4.467904954026544 size: 148.78125
533000 : 4.7259515069994205 size: 149.06640625
534000 : 4.639826379065645 size: 149.36328125
535000 : 4.540269062134183 size: 149.55859375
536000 : 4.4940662669451905 size: 149.90234375
537000 : 4.548028919341112 size: 150.12109375
538000 : 4.793216329508977 size: 150.4296875
539000 : 4.296396975280116 size: 150.671875
540000 : 4.533635347325102 size: 150.9921875
541000 : 4.607991358495034 size: 151.25
542000 : 4.714294178958638 size: 151.578125
543000 : 4.51285090000303 size: 151.80078125
544000 : 4.701927250500395 size: 152.12890625
545000 : 4.410795019119832 size: 152.421875
546000 : 4.701131314792201 size: 152.6875
547000 : 4.6153019970179106 size: 152.95703125
548000 : 4.658687716385769 size: 153.29296875
549000 : 4.57987529076668 size: 153.53125
550000 : 4.651813569830782 size: 153.7734375
551000 : 4.568775186514693 size: 154.05859375
552000 : 4.699314490068487 size: 154.4140625
553000 : 4.40695155083835 size: 154.66796875
554000 : 4.492055445791302 size: 154.953125
555000 : 4.458705945997194 size: 155.16796875
556000 : 4.660456385967242 size: 155.54296875
557000 : 4.7012706207394 size: 155.76953125
558000 : 4.520275735006079 size: 156.04296875
559000 : 4.631700198812378 size: 156.2578125
560000 : 4.59226560886544 size: 156.6484375
561000 : 4.678274476527233 size: 156.91015625
562000 : 4.521041745733022 size: 157.15625
563000 : 4.33589072725895 size: 157.40234375
564000 : 4.715581641082997 size: 157.66796875
565000 : 4.628990440165383 size: 157.9453125
566000 : 4.56774604233193 size: 158.26953125
567000 : 4.643648865463722 size: 158.55078125
568000 : 4.634590539242778 size: 158.859375
569000 : 4.5126644708094945 size: 159.09765625
570000 : 4.6259697368856285 size: 159.33203125
571000 : 4.591703569562421 size: 159.6328125
572000 : 4.692636747700786 size: 159.88671875
573000 : 4.763045069102813 size: 160.23828125
574000 : 4.499513989393921 size: 160.48046875
575000 : 4.424548471709331 size: 160.7578125
576000 : 4.703537352077772 size: 160.99609375
577000 : 4.611984795648068 size: 161.33203125
578000 : 4.582408939179191 size: 161.60546875
579000 : 4.532787128891047 size: 161.8671875
580000 : 4.719616010106936 size: 162.10546875
581000 : 4.648700339884864 size: 162.4140625
582000 : 4.414226760935149 size: 162.7421875
583000 : 4.6991542022378825 size: 162.9765625
584000 : 4.698857360182494 size: 163.22265625
585000 : 4.5124942079851404 size: 163.5234375
586000 : 4.603953549818077 size: 163.7890625
587000 : 4.621266699315134 size: 164.02734375
588000 : 4.463546569688378 size: 164.3359375
589000 : 4.465374401301748 size: 164.67578125
590000 : 4.428840814709565 size: 164.9453125
591000 : 4.583863224474887 size: 165.19921875
592000 : 4.5559676385049395 size: 165.4375
593000 : 4.463930778930406 size: 165.76171875
594000 : 4.598355858497794 size: 166.04296875
595000 : 4.557600785757533 size: 166.29296875
596000 : 4.607546611359902 size: 166.53515625
597000 : 4.586361100496019 size: 166.85546875
598000 : 4.498495164170209 size: 167.09375
599000 : 4.6265665166841226 size: 167.41015625
600000 : 4.577405275934988 size: 167.6875
601000 : 4.449727075760948 size: 168.01953125
602000 : 4.39261370120122 size: 168.25
603000 : 4.41279380148816 size: 168.48828125
604000 : 4.548498775943269 size: 168.703125
605000 : 4.628524023216243 size: 169.08203125
606000 : 4.706980788713348 size: 169.359375
607000 : 4.6529837397872535 size: 169.625
608000 : 4.566731344691839 size: 169.84375
609000 : 4.5092306652023675 size: 170.234375
610000 : 4.5427555873003564 size: 170.421875
611000 : 4.582585737344278 size: 170.7109375
612000 : 4.864491099506051 size: 170.9765625
613000 : 4.455878207251708 size: 171.3125
614000 : 4.685177860132866 size: 171.578125
615000 : 4.6475040285654625 size: 171.828125
616000 : 4.668486255936027 size: 172.09375
617000 : 4.560047754914009 size: 172.4296875
618000 : 4.424918234408686 size: 172.6953125
619000 : 4.439000517826635 size: 172.9296875
620000 : 4.671597766055437 size: 173.16796875
621000 : 4.631433281738238 size: 173.5625
622000 : 4.456886369551065 size: 173.80078125
623000 : 4.700725091770864 size: 174.0625
624000 : 4.678217722252448 size: 174.3359375
625000 : 4.5730424200479005 size: 174.65234375
626000 : 4.586582270185028 size: 174.90234375
627000 : 4.690485244738492 size: 175.1875
628000 : 4.6293292459875826 size: 175.40625
629000 : 4.685137272227262 size: 175.7109375
630000 : 4.509696738186206 size: 176.00390625
631000 : 4.502446293591132 size: 176.234375
632000 : 4.57023979076944 size: 176.48046875
633000 : 4.497230059790462 size: 176.8046875
634000 : 4.543069971586134 size: 177.07421875
635000 : 4.50427171744739 size: 177.3671875
636000 : 4.513811939056051 size: 177.60546875
637000 : 4.447531889205335 size: 177.88671875
638000 : 4.519828580113836 size: 178.1796875
639000 : 4.5414426717436704 size: 178.44921875
640000 : 4.588526706035683 size: 178.76171875
641000 : 4.61462610520002 size: 178.99609375
642000 : 4.449748401609655 size: 179.32421875
643000 : 4.623762511544455 size: 179.5859375
644000 : 4.583045618952685 size: 179.84375
645000 : 4.511525257730179 size: 180.04296875
646000 : 4.454629957171745 size: 180.4296875
647000 : 4.747462409038737 size: 180.67578125
648000 : 4.652279986779923 size: 180.9765625
649000 : 4.696348821237009 size: 181.23828125
650000 : 4.624958134933253 size: 181.59375
651000 : 4.561125054239013 size: 181.8125
652000 : 4.4484757299932705 size: 182.05078125
653000 : 4.79511261021739 size: 182.26953125
654000 : 4.4848414615182115 size: 182.625
655000 : 4.484851436511961 size: 182.88671875
656000 : 4.513978418262086 size: 183.171875
657000 : 4.628459013774217 size: 183.40234375
658000 : 4.660774897836641 size: 183.7890625
659000 : 4.43774779619775 size: 184.02734375
660000 : 4.672052144219016 size: 184.29296875
661000 : 4.504322624312045 size: 184.51953125
662000 : 4.743548083905099 size: 184.8828125
663000 : 4.619348748792712 size: 185.1484375
664000 : 4.503667714377559 size: 185.4296875
665000 : 4.7075266616471865 size: 185.6328125
666000 : 4.635613148084808 size: 185.98828125
667000 : 4.6182188227765435 size: 186.2109375
668000 : 4.618191305552405 size: 186.46875
669000 : 4.485478141291705 size: 186.76171875
670000 : 4.662271146899147 size: 187.10546875
671000 : 4.54938586245642 size: 187.34375
672000 : 4.536005268253992 size: 187.60546875
673000 : 4.478884670422927 size: 187.859375
674000 : 4.633332314169065 size: 188.19921875
675000 : 4.638827503829433 size: 188.43359375
676000 : 4.640662902679441 size: 188.71484375
677000 : 4.43581436723675 size: 188.97265625
678000 : 4.632833220516261 size: 189.296875
679000 : 4.487799907078353 size: 189.53125
680000 : 4.4491987450574975 size: 189.79296875
681000 : 4.456056037312699 size: 190.05859375
682000 : 4.500385597468494 size: 190.453125
683000 : 4.303279377002344 size: 190.6796875
684000 : 4.541107993505091 size: 190.91015625
685000 : 4.704441292890707 size: 191.17578125
686000 : 4.582532078757209 size: 191.484375
687000 : 4.491813982149491 size: 191.7578125
688000 : 4.576421191206752 size: 192.09375
689000 : 4.652205002344147 size: 192.359375
690000 : 4.486154033109596 size: 192.625
691000 : 4.565424276545282 size: 192.8671875
692000 : 4.54710365267947 size: 193.09375
693000 : 4.594927900300797 size: 193.3671875
694000 : 4.374697924495539 size: 193.67578125
695000 : 4.713161845185357 size: 193.984375
696000 : 4.482258282102252 size: 194.265625
697000 : 4.56262921450346 size: 194.52734375
698000 : 4.644141767741094 size: 194.80859375
699000 : 4.651652250104274 size: 195.14453125
700000 : 4.52463136762183 size: 195.3203125
701000 : 4.522009320126776 size: 195.5859375
702000 : 4.503301391331221 size: 195.828125
703000 : 4.687835336053998 size: 196.1953125
704000 : 4.569131190601979 size: 196.48046875
705000 : 4.586265478142138 size: 196.7578125
706000 : 4.597069772234642 size: 197.03515625
707000 : 4.6628386896469936 size: 197.3828125
708000 : 4.614155560667259 size: 197.640625
709000 : 4.538888385413055 size: 197.85546875
710000 : 4.708963060747192 size: 198.1015625
711000 : 4.578102493601587 size: 198.4140625
712000 : 4.682827201260873 size: 198.640625
713000 : 4.5025742486833735 size: 198.98046875
714000 : 4.605950268394594 size: 199.23046875
715000 : 4.550031141362457 size: 199.546875
716000 : 4.6164539368133894 size: 199.83203125
717000 : 4.660533090229527 size: 200.07421875
718000 : 4.457927552519388 size: 200.3203125
719000 : 4.596596132014166 size: 200.64453125
720000 : 4.551054094169789 size: 200.90625
721000 : 4.530744318964098 size: 201.1796875
722000 : 4.31249351950497 size: 201.4140625
723000 : 4.554447999801916 size: 201.74609375
724000 : 4.509217594520902 size: 201.98828125
725000 : 4.629925337855473 size: 202.26953125
726000 : 4.671775940081731 size: 202.484375
727000 : 4.618232925353914 size: 202.8359375
728000 : 4.459914296102156 size: 203.07421875
729000 : 4.628850102322279 size: 203.36328125
730000 : 4.326947285448782 size: 203.625
731000 : 4.530434062261942 size: 203.98046875
732000 : 4.497858828362017 size: 204.23046875
733000 : 4.5487763559417616 size: 204.49609375
734000 : 4.604134475566784 size: 204.6953125
735000 : 4.525405633516015 size: 205.0546875
736000 : 4.593007885986564 size: 205.3125
737000 : 4.6200975612545685 size: 205.57421875
738000 : 4.623134774868806 size: 205.828125
739000 : 4.507061276044384 size: 206.1640625
740000 : 4.504424094076054 size: 206.41796875
741000 : 4.6676170556185665 size: 206.68359375
742000 : 4.520536804670089 size: 206.98046875
743000 : 4.498373056488097 size: 207.26953125
744000 : 4.63979542218849 size: 207.54296875
745000 : 4.557545063378653 size: 207.796875
746000 : 4.642808214266304 size: 208.05859375
747000 : 4.439736259607026 size: 208.39453125
748000 : 4.499869993481207 size: 208.64453125
749000 : 4.55779168649999 size: 208.88671875
750000 : 4.585067446996228 size: 209.1640625
751000 : 4.514641583363813 size: 209.4765625
752000 : 4.494972271549936 size: 209.80859375
753000 : 4.342660652327513 size: 210.015625
754000 : 4.447464128040895 size: 210.26953125
755000 : 4.598991162410082 size: 210.578125
756000 : 4.443216500529886 size: 210.85546875
757000 : 4.5225882137295805 size: 211.09375
758000 : 4.56170841939074 size: 211.3359375
759000 : 4.456772861001496 size: 211.6484375
760000 : 4.399672557123233 size: 211.921875
761000 : 4.40079422797216 size: 212.19140625
762000 : 4.496021021754897 size: 212.55078125
763000 : 4.474975160803513 size: 212.734375
764000 : 4.586403408228131 size: 213.04296875
765000 : 4.569061021680427 size: 213.26171875
766000 : 4.564468740937088 size: 213.5390625
767000 : 4.744928760626226 size: 213.8125
768000 : 4.62984106635655 size: 214.1484375
769000 : 4.477157964608264 size: 214.42578125
770000 : 4.613657842875662 size: 214.66796875
771000 : 4.625042062466874 size: 214.9140625
772000 : 4.5784818873293895 size: 215.24609375
773000 : 4.560089030750216 size: 215.484375
774000 : 4.557071767123479 size: 215.75
775000 : 4.523183617666867 size: 216.0546875
776000 : 4.556450909753864 size: 216.3828125
777000 : 4.653481113613548 size: 216.59765625
778000 : 4.515062252927824 size: 216.8671875
779000 : 4.5252394982752815 size: 217.17578125
780000 : 4.560887030250219 size: 217.4921875
781000 : 4.4908051319195295 size: 217.7578125
782000 : 4.498004669649949 size: 218.03515625
783000 : 4.523920391343164 size: 218.28125
784000 : 4.51626544355326 size: 218.58984375
785000 : 4.641698926168239 size: 218.82421875
786000 : 4.52028192638151 size: 219.0859375
787000 : 4.591883807380525 size: 219.35546875
788000 : 4.703070935128633 size: 219.73046875
789000 : 4.362453447684711 size: 220.01171875
790000 : 4.527600820071628 size: 220.26953125
791000 : 4.556660040657313 size: 220.50390625
792000 : 4.57479836291321 size: 220.8359375
793000 : 4.619556503834954 size: 221.0546875
794000 : 4.735037350444503 size: 221.30078125
795000 : 4.529129401872496 size: 221.61328125
796000 : 4.578523507130899 size: 222.03125
797000 : 4.667835473585162 size: 222.2578125
798000 : 4.588137337314129 size: 222.484375
799000 : 4.487729738156801 size: 222.6875
800000 : 4.610622349087933 size: 223.015625
801000 : 4.672305646646388 size: 223.27734375
802000 : 4.418431048818141 size: 223.54296875
803000 : 4.612792770141822 size: 223.87109375
804000 : 4.476712873507831 size: 224.21484375
805000 : 4.578946928417323 size: 224.43359375
806000 : 4.4872977177378335 size: 224.68359375
807000 : 4.438161930421027 size: 224.953125
808000 : 4.556540340732313 size: 225.2890625
809000 : 4.6202987809560785 size: 225.5546875
810000 : 4.594479369547346 size: 225.78125
811000 : 4.56731161415585 size: 226.03125
812000 : 4.49749869669111 size: 226.3359375
813000 : 4.547191707796712 size: 226.59765625
814000 : 4.513809531298939 size: 226.86328125
815000 : 4.502173185141562 size: 227.1796875
816000 : 4.64079223363289 size: 227.52734375
817000 : 4.596543849288303 size: 227.7890625
818000 : 4.5992405372538325 size: 227.9921875
819000 : 4.662105011658413 size: 228.29296875
820000 : 4.7676762179252465 size: 228.546875
821000 : 4.666498480457355 size: 228.83203125
822000 : 4.483828827669931 size: 229.109375
823000 : 4.417867289688613 size: 229.4140625
824000 : 4.626632558022053 size: 229.703125
825000 : 4.72794272213111 size: 229.9921875
826000 : 4.6647731505038985 size: 230.23828125
827000 : 4.483548839914326 size: 230.51171875
828000 : 4.583353811863032 size: 230.71484375
829000 : 4.791391249618021 size: 231.0625
830000 : 4.462720365033634 size: 231.33203125
831000 : 4.801991228321299 size: 231.625
832000 : 4.530086313341897 size: 231.8984375
833000 : 4.579420568637799 size: 232.2578125
834000 : 4.607906399065508 size: 232.484375
835000 : 4.60896925184784 size: 232.75390625
836000 : 4.566371900951536 size: 232.984375
837000 : 4.777160029224425 size: 233.32421875
838000 : 4.647608937982489 size: 233.57421875
839000 : 4.741846143592161 size: 233.8515625
840000 : 4.72717533554296 size: 234.1015625
841000 : 4.536023842380285 size: 234.44921875
842000 : 4.643159402839366 size: 234.68359375
843000 : 4.794314954682688 size: 234.9609375
844000 : 4.43645827028158 size: 235.20703125
845000 : 4.619985084600905 size: 235.578125
846000 : 4.6546275499642 size: 235.76171875
847000 : 4.440420750557459 size: 236.0546875
848000 : 4.402740727614625 size: 236.375
849000 : 4.561571521200653 size: 236.69140625
850000 : 4.593779056193033 size: 236.91796875
851000 : 4.318194056450468 size: 237.16015625
852000 : 4.6725704999287165 size: 237.453125
853000 : 4.573596204183679 size: 237.8125
854000 : 4.521878957277422 size: 238.0703125
855000 : 4.649977827015473 size: 238.3125
856000 : 4.690341811207673 size: 238.5859375
857000 : 4.430495631776167 size: 238.8984375
858000 : 4.50661790477046 size: 239.09375
859000 : 4.561831558968758 size: 239.3671875
860000 : 4.595577994721058 size: 239.6640625
861000 : 4.553332176363118 size: 240.03515625
862000 : 4.689693436613919 size: 240.296875
863000 : 4.834087662521222 size: 240.56640625
864000 : 4.6663956348321385 size: 240.80859375
865000 : 4.494719801018469 size: 241.1484375
866000 : 4.578369754641027 size: 241.375
867000 : 4.648380108188958 size: 241.62109375
868000 : 4.594468706622993 size: 241.91015625
869000 : 4.445912156599509 size: 242.28515625
870000 : 4.650301498364397 size: 242.5390625
871000 : 4.522251815664493 size: 242.76171875
872000 : 4.556697876840503 size: 243.00390625
873000 : 4.580182795746423 size: 243.33203125
874000 : 4.632958079920788 size: 243.62109375
875000 : 4.586410631499467 size: 243.8671875
876000 : 4.574372877834976 size: 244.15625
877000 : 4.579316003186074 size: 244.46484375
878000 : 4.6297681457125845 size: 244.7421875
879000 : 4.5958562626501545 size: 244.95703125
880000 : 4.417818102650466 size: 245.2421875
881000 : 4.6432667200135045 size: 245.515625
882000 : 4.781415911902676 size: 245.80859375
883000 : 4.462295911851304 size: 246.0390625
884000 : 4.626635997675071 size: 246.3515625
885000 : 4.538795858746892 size: 246.67578125
886000 : 4.514044115634716 size: 246.94921875
887000 : 4.604392449543079 size: 247.19140625
888000 : 4.491168015312851 size: 247.4609375
889000 : 4.605127159427565 size: 247.7421875
890000 : 4.613879356529973 size: 248.09765625
891000 : 4.461634466576085 size: 248.3671875
892000 : 4.471520373312981 size: 248.6171875
893000 : 4.5641017299601465 size: 248.84375
894000 : 4.42871423547853 size: 249.171875
895000 : 4.557976739832319 size: 249.41015625
896000 : 4.51059861520733 size: 249.66015625
897000 : 4.608164373041802 size: 249.9296875
898000 : 4.509442547828231 size: 250.33984375
899000 : 4.600594040716123 size: 250.546875
900000 : 4.563508045849368 size: 250.76953125
901000 : 4.625674958622049 size: 251.06640625
902000 : 4.651136990082288 size: 251.38671875
903000 : 4.5891774883865475 size: 251.625
904000 : 4.5268805567298145 size: 251.953125
905000 : 4.824544345224845 size: 252.1875
906000 : 4.71773899145542 size: 252.50390625
907000 : 4.540233977673406 size: 252.74609375
908000 : 4.597912831189172 size: 253.01953125
909000 : 4.54169376641393 size: 253.28125
910000 : 4.501314303783152 size: 253.6640625
911000 : 4.723357664659107 size: 253.9140625
912000 : 4.545391049442179 size: 254.140625
913000 : 4.726866798667312 size: 254.3828125
914000 : 4.6156411468054115 size: 254.73828125
915000 : 4.617980798787749 size: 255.05859375
916000 : 4.56194162786531 size: 255.25390625
917000 : 4.6302620798858625 size: 255.5390625
918000 : 4.658633025902795 size: 255.84375
919000 : 4.625748567196619 size: 256.12109375
920000 : 4.452627391185098 size: 256.39453125
921000 : 4.438235538995597 size: 256.671875
922000 : 4.590522736681597 size: 257.0546875
923000 : 4.4983376280620195 size: 257.265625
924000 : 4.6557395897846785 size: 257.4765625
925000 : 4.308962715682757 size: 257.703125
926000 : 4.530751198270132 size: 258.08203125
927000 : 4.732446947757207 size: 258.3359375
928000 : 4.675740828114722 size: 258.5859375
929000 : 4.505776909607741 size: 258.92578125
930000 : 4.629305856347065 size: 259.2734375
931000 : 4.472065902281519 size: 259.49609375
932000 : 4.6057174038853255 size: 259.75
933000 : 4.55521229070235 size: 259.97265625
934000 : 4.586067010163043 size: 260.30078125
935000 : 4.532519179921002 size: 260.5390625
936000 : 4.443862811331828 size: 260.828125
937000 : 4.618182362454561 size: 261.109375
938000 : 4.480472758220994 size: 261.4375
939000 : 4.553051844642211 size: 261.69921875
940000 : 4.502546043528632 size: 261.9296875
941000 : 4.485757441116706 size: 262.13671875
942000 : 4.518114601015337 size: 262.46875
943000 : 4.555164823490712 size: 262.80859375
944000 : 4.416725668852186 size: 263.0078125
945000 : 4.65246882373057 size: 263.26953125
946000 : 4.445701993800155 size: 263.60546875
947000 : 4.534494572648812 size: 263.87109375
948000 : 4.543625819513722 size: 264.09375
949000 : 4.459917735755173 size: 264.359375
950000 : 4.574054022000276 size: 264.69140625
951000 : 4.477265281782403 size: 264.984375
952000 : 4.552088741797379 size: 265.2109375
953000 : 4.389928020125346 size: 265.46875
954000 : 4.4393338202040065 size: 265.734375
955000 : 4.760495598286423 size: 266.06640625
956000 : 4.520205222119225 size: 266.26953125
957000 : 4.593711295028593 size: 266.50390625
958000 : 4.383013973595359 size: 266.8203125
959000 : 4.593739844148637 size: 267.203125
960000 : 4.695236437451228 size: 267.4140625
961000 : 4.511151711412506 size: 267.6484375
962000 : 4.5917985039856966 size: 267.9375
963000 : 4.781943554675523 size: 268.328125
964000 : 4.5259841831535175 size: 268.54296875
965000 : 4.568582221980424 size: 268.828125
966000 : 4.747108812708563 size: 269.09375
967000 : 4.797880155035075 size: 269.47265625
968000 : 4.527278868549213 size: 269.6796875
969000 : 4.658483057031242 size: 269.88671875
970000 : 4.57216909214682 size: 270.140625
971000 : 4.53973247626349 size: 270.5
972000 : 4.764424025997431 size: 270.7421875
973000 : 4.547601714436369 size: 270.99609375
974000 : 4.535900358836965 size: 271.28125
975000 : 4.592285214887639 size: 271.69921875
976000 : 4.601251358407721 size: 271.93359375
977000 : 4.6771878901390815 size: 272.12890625
978000 : 4.777060967217528 size: 272.375
979000 : 4.57030548814207 size: 272.75390625
980000 : 4.514922946980625 size: 273.0
981000 : 4.578255214195552 size: 273.24609375
982000 : 4.485057815692996 size: 273.50390625
983000 : 4.627627649639946 size: 273.9140625
984000 : 4.704670717746958 size: 274.16796875
985000 : 4.5672847848623155 size: 274.3828125
986000 : 4.481081576805049 size: 274.6953125
987000 : 4.59438443512407 size: 274.99609375
988000 : 4.494174959980536 size: 275.26171875
989000 : 4.350953311786816 size: 275.453125
990000 : 4.455510164378861 size: 275.71875
991000 : 4.538464276196028 size: 276.08984375
992000 : 4.695461390758557 size: 276.37890625
993000 : 4.811236327701081 size: 276.609375
994000 : 4.654730395589416 size: 276.8515625
995000 : 4.597930717384862 size: 277.20703125
996000 : 4.672158085531947 size: 277.46875
997000 : 4.643705963703808 size: 277.74609375
998000 : 4.690765232494097 size: 277.98828125
999000 : 4.5318099234688445 size: 278.35546875
1000000 : 4.461836374208199 size: 278.60546875
1001000 : 4.573549080937343 size: 278.78125
1002000 : 4.588839714460253 size: 279.046875
1003000 : 4.704433725654069 size: 279.38671875
1004000 : 4.471622531007594 size: 279.7109375
1005000 : 4.4701617103711655 size: 279.9609375
1006000 : 4.613352401687729 size: 280.1953125
1007000 : 4.478576133547279 size: 280.50390625
1008000 : 4.474609181722477 size: 280.796875
1009000 : 4.5252178284612725 size: 281.05078125
1010000 : 4.380296991677029 size: 281.30859375
1011000 : 4.482502841431779 size: 281.62109375
1012000 : 4.6360042366328695 size: 281.90625
1013000 : 4.5491378634738755 size: 282.15625
1014000 : 4.576388514503088 size: 282.41796875
1015000 : 4.453966104139415 size: 282.6953125
1016000 : 4.6404854165837515 size: 283.0
1017000 : 4.5335748094319985 size: 283.26953125
1018000 : 4.4200652279666395 size: 283.47265625
1019000 : 4.578598835531976 size: 283.7578125
1020000 : 4.530205325336294 size: 284.1171875
1021000 : 4.396187500686149 size: 284.3359375
1022000 : 4.524596971091658 size: 284.578125
1023000 : 4.58701325870809 size: 284.828125
1024000 : 4.430738815244487 size: 285.19921875
1025000 : 4.480793333882202 size: 285.4609375
1026000 : 4.595940534149077 size: 285.6875
1027000 : 4.540263558689355 size: 285.9453125
1028000 : 4.604688947633166 size: 286.3203125
1029000 : 4.585207440874031 size: 286.53515625
1030000 : 4.540773659231814 size: 286.74609375
1031000 : 4.7031441997379 size: 287.01953125
1032000 : 4.735798545657222 size: 287.4140625
1033000 : 4.4899434988387075 size: 287.6171875
1034000 : 4.505273000440713 size: 287.859375
1035000 : 4.456219420831019 size: 288.125
1036000 : 4.735158082265408 size: 288.5234375
1037000 : 4.486122732267139 size: 288.80078125
1038000 : 4.498580811530339 size: 288.98828125
1039000 : 4.545383826170842 size: 289.21875
1040000 : 4.639802989425127 size: 289.5703125
1041000 : 4.581082265010435 size: 289.8828125
1042000 : 4.4703870076437955 size: 290.1328125
1043000 : 4.638275783485466 size: 290.33203125
1044000 : 4.52196632446406 size: 290.7265625
1045000 : 4.4750694072961865 size: 290.9921875
1046000 : 4.3740523016242 size: 291.1953125
1047000 : 4.413631700963164 size: 291.4765625
1048000 : 4.472985321533031 size: 291.8203125
1049000 : 4.623289559254583 size: 292.04296875
1050000 : 4.68206325432574 size: 292.2734375
1051000 : 4.535000545607651 size: 292.5234375
1052000 : 4.631120273313668 size: 292.87890625
1053000 : 4.417750341486026 size: 293.140625
1054000 : 4.610589328418968 size: 293.4375
1055000 : 4.7431136557290206 size: 293.63671875
1056000 : 4.6446174717533815 size: 294.015625
1057000 : 4.5511156639587975 size: 294.30859375
1058000 : 4.495858670132483 size: 294.54296875
1059000 : 4.758950506151071 size: 294.80078125
1060000 : 4.559477116478446 size: 295.1484375
1061000 : 4.415304404225455 size: 295.39453125
1062000 : 4.5211910266739705 size: 295.67578125
1063000 : 4.572781350383891 size: 295.89453125
1064000 : 4.459565171320904 size: 296.1953125
1065000 : 4.618220886568354 size: 296.515625
1066000 : 4.50897406708728 size: 296.8125
1067000 : 4.521056880206298 size: 297.03515625
1068000 : 4.601573309930136 size: 297.37109375
1069000 : 4.568631409018572 size: 297.640625
1070000 : 4.568482472042924 size: 297.90234375
1071000 : 4.5831790774897545 size: 298.12890625
1072000 : 4.474056085517303 size: 298.44921875
1073000 : 4.597737408885291 size: 298.7265625
1074000 : 4.74973326796073 size: 299.01171875
1075000 : 4.403562116755146 size: 299.23046875
1076000 : 4.546540925445847 size: 299.53515625
1077000 : 4.515101121006919 size: 299.85546875
1078000 : 4.493576116390232 size: 300.125
1079000 : 4.55432142057088 size: 300.33203125
1080000 : 4.48953142840724 size: 300.67578125
1081000 : 4.344504306344763 size: 300.99609375
1082000 : 4.676299083799423 size: 301.21875
1083000 : 4.600086003965474 size: 301.4296875
1084000 : 4.479071787547066 size: 301.703125
1085000 : 4.428400883088658 size: 302.046875
1086000 : 4.480717661515823 size: 302.35546875
1087000 : 4.5384106176089585 size: 302.57421875
1088000 : 4.4880362112406385 size: 302.828125
1089000 : 4.721160414311685 size: 303.20703125
1090000 : 4.538189447919949 size: 303.44921875
1091000 : 4.594541627266959 size: 303.68359375
1092000 : 4.60475154931808 size: 303.93359375
1093000 : 4.520853596712978 size: 304.28515625
1094000 : 4.588761634336762 size: 304.53125
1095000 : 4.407384603153223 size: 304.74609375
1096000 : 4.424339684771184 size: 305.015625
1097000 : 4.529193379418618 size: 305.4140625
1098000 : 4.594229994703595 size: 305.64453125
1099000 : 4.580869006523366 size: 305.8828125
1100000 : 4.428563234711072 size: 306.11328125
1101000 : 4.565450073942912 size: 306.515625
1102000 : 4.4353758114770505 size: 306.76953125
1103000 : 4.594608012570192 size: 306.99609375
1104000 : 4.447220944572575 size: 307.2421875
1105000 : 4.446627604427098 size: 307.62109375
1106000 : 4.574661808688425 size: 307.828125
1107000 : 4.305990855475847 size: 308.078125
1108000 : 4.476279133262356 size: 308.3203125
1109000 : 4.567200169398091 size: 308.69921875
1110000 : 4.4385960146318055 size: 308.93359375
1111000 : 4.333704827766484 size: 309.21484375
1112000 : 4.445684451569766 size: 309.421875
1113000 : 4.478674507623572 size: 309.7734375
1114000 : 4.536316900817355 size: 310.04296875
1115000 : 4.563759140519628 size: 310.26953125
1116000 : 4.3664056090015375 size: 310.50390625
1117000 : 4.488222296468872 size: 310.87890625
1118000 : 4.491770986486776 size: 311.12890625
1119000 : 4.5509175399450035 size: 311.390625
1120000 : 4.378386264425943 size: 311.60546875
1121000 : 4.445401712091749 size: 311.9765625
1122000 : 4.422624329811478 size: 312.2578125
1123000 : 4.389125893041722 size: 312.4296875
1124000 : 4.545773882822999 size: 312.66015625
1125000 : 4.526801100745116 size: 313.06640625
1126000 : 4.592764702518244 size: 313.3359375
1127000 : 4.595246756135496 size: 313.6015625
1128000 : 4.6787825132778815 size: 313.82421875
1129000 : 4.6167356443955025 size: 314.1796875
1130000 : 4.429303448040386 size: 314.453125
1131000 : 4.681187174702245 size: 314.6875
1132000 : 4.578222537491889 size: 314.8984375
1133000 : 4.419229392283446 size: 315.2265625
1134000 : 4.700928719229485 size: 315.51953125
1135000 : 4.299625777567415 size: 315.79296875
1136000 : 4.4501725108266825 size: 316.00390625
1137000 : 4.387334521750335 size: 316.359375
1138000 : 4.487349312533093 size: 316.6328125
1139000 : 4.568253735117277 size: 316.88671875
1140000 : 4.6292023227912455 size: 317.12109375
1141000 : 4.562743754948934 size: 317.4375
1142000 : 4.602106800113112 size: 317.78515625
1143000 : 4.467233189792274 size: 318.0
1144000 : 4.390164324287632 size: 318.23046875
1145000 : 4.621446249202635 size: 318.5
1146000 : 4.597144412705116 size: 318.83203125
1147000 : 4.2924393105184615 size: 319.07421875
1148000 : 4.471914901514061 size: 319.34765625
1149000 : 4.543902023651008 size: 319.625
1150000 : 4.3300006654322 size: 319.9765625
1151000 : 4.390708821360263 size: 320.1875
1152000 : 4.73886190063439 size: 320.37109375
1153000 : 4.351913662909234 size: 320.64453125
1154000 : 4.581667006023369 size: 321.03125
1155000 : 4.643361998402082 size: 321.3046875
1156000 : 4.379910030712588 size: 321.53515625
1157000 : 4.397393443033999 size: 321.796875
1158000 : 4.482651090476822 size: 322.140625
1159000 : 4.506832883084038 size: 322.359375
1160000 : 4.604412743495881 size: 322.5703125
1161000 : 4.286489398729212 size: 322.8125
1162000 : 4.482564067255486 size: 323.22265625
1163000 : 4.516615944195719 size: 323.48828125
1164000 : 4.392368453941089 size: 323.7265625
1165000 : 4.641062590360047 size: 323.99609375
1166000 : 4.506969781274125 size: 324.34375
1167000 : 4.445209091522782 size: 324.53515625
1168000 : 4.538137165194087 size: 324.75390625
1169000 : 4.518859973824177 size: 325.03515625
1170000 : 4.430714049742763 size: 325.421875
1171000 : 4.555528394814636 size: 325.69921875
1172000 : 4.458100567066157 size: 325.921875
1173000 : 4.482555124157641 size: 326.11328125
1174000 : 4.520334209107372 size: 326.515625
1175000 : 4.57043894667914 size: 326.75390625
1176000 : 4.742943048939364 size: 327.0078125
1177000 : 4.4652106738181265 size: 327.2421875
1178000 : 4.497527589776455 size: 327.65234375
1179000 : 4.493012701226005 size: 327.890625
1180000 : 4.562928808281263 size: 328.109375
1181000 : 4.4749022401595475 size: 328.3984375
1182000 : 4.595209263917608 size: 328.69921875
1183000 : 4.595200320819763 size: 328.94921875
1184000 : 4.725962513889075 size: 329.23046875
1185000 : 4.547841802216974 size: 329.48046875
1186000 : 4.546968474315892 size: 329.84765625
1187000 : 4.483312191786739 size: 330.11328125
1188000 : 4.58275359241152 size: 330.3046875
1189000 : 4.616460816119424 size: 330.59375
1190000 : 4.6004055477307775 size: 330.93359375
1191000 : 4.5323193360806995 size: 331.21484375
1192000 : 4.595894786763948 size: 331.4453125
1193000 : 4.523767326783895 size: 331.671875
1194000 : 4.631076245755047 size: 331.97265625
1195000 : 4.476002241194466 size: 332.32421875
1196000 : 4.511238046703238 size: 332.54296875
1197000 : 4.548626387070209 size: 332.79296875
1198000 : 4.595879996255973 size: 333.14453125
1199000 : 4.600911864654917 size: 333.44140625
1200000 : 4.531109954079833 size: 333.6875
1201000 : 4.615856813049594 size: 333.859375
1202000 : 4.283891428805278 size: 334.1796875
1203000 : 4.6033385398585915 size: 334.46875
1204000 : 4.685348810887824 size: 334.74609375
1205000 : 4.555388056971532 size: 334.9921875
1206000 : 4.473040355981307 size: 335.30078125
1207000 : 4.495382622154894 size: 335.62890625
1208000 : 4.531131279928539 size: 335.90234375
1209000 : 4.60657146972951 size: 336.13671875
1210000 : 4.653525141172169 size: 336.3828125
1211000 : 4.679581888639092 size: 336.7421875
1212000 : 4.49439922535726 size: 337.015625
1213000 : 4.6010418835389695 size: 337.2421875
1214000 : 4.367508017793568 size: 337.47265625
1215000 : 4.5859177292220945 size: 337.87890625
1216000 : 4.600709269092201 size: 338.15234375
1217000 : 4.597106232556625 size: 338.359375
1218000 : 4.3109786963161705 size: 338.59765625
1219000 : 4.408920752190729 size: 338.97265625
1220000 : 4.629328902022281 size: 339.2265625
1221000 : 4.645071505951659 size: 339.47265625
1222000 : 4.603209208905143 size: 339.7265625
1223000 : 4.462737907264021 size: 340.1015625
1224000 : 4.709837764509481 size: 340.3125
1225000 : 4.7294627047994355 size: 340.57421875
1226000 : 4.72852264762982 size: 340.7734375
1227000 : 4.667150982634728 size: 341.15234375
1228000 : 4.884972513397303 size: 341.4453125
1229000 : 4.540306210386769 size: 341.79296875
1230000 : 4.495098506815669 size: 341.9765625
1231000 : 4.588926393716288 size: 342.31640625
1232000 : 4.561139500781686 size: 342.59375
1233000 : 4.523973361999629 size: 342.828125
1234000 : 4.564220397989242 size: 343.0703125
1235000 : 4.479711219042973 size: 343.44921875
1236000 : 4.574855461153296 size: 343.71875
1237000 : 4.659960388002154 size: 343.9296875
1238000 : 4.54995409313487 size: 344.203125
1239000 : 4.590769359802934 size: 344.51953125
1240000 : 4.438744263676849 size: 344.75
1241000 : 4.523029521211694 size: 344.96484375
1242000 : 4.5176402728642575 size: 345.24609375
1243000 : 4.455298281752998 size: 345.65625
1244000 : 4.653169481050185 size: 345.90625
1245000 : 4.611159278923926 size: 346.16796875
1246000 : 4.6000440401986635 size: 346.375
1247000 : 4.662965956808632 size: 346.74609375
1248000 : 4.566128029552613 size: 347.0
1249000 : 4.501856393098672 size: 347.25
1250000 : 4.474722002341443 size: 347.49609375
1251000 : 4.541024409936772 size: 347.8671875
1252000 : 4.468990852484091 size: 348.140625
1253000 : 4.391082023712635 size: 348.34375
1254000 : 4.649880140869783 size: 348.5703125
1255000 : 4.469077875705428 size: 348.8828125
1256000 : 4.4986582037232274 size: 349.1953125
1257000 : 4.728526775213441 size: 349.47265625
1258000 : 4.388154535029649 size: 349.72265625
1259000 : 4.482640427552469 size: 350.03125
1260000 : 4.5845635378292 size: 350.3359375
1261000 : 4.529149351859997 size: 350.55078125
1262000 : 4.56715407804766 size: 350.76171875
1263000 : 4.557172892922186 size: 351.1171875
1264000 : 4.5715159020388425 size: 351.39453125
1265000 : 4.410377445243538 size: 351.640625
1266000 : 4.524442530671183 size: 351.8828125
1267000 : 4.258930554789654 size: 352.22265625
1268000 : 4.495490283294335 size: 352.49609375
1269000 : 4.61083904722802 size: 352.75390625
1270000 : 4.5297485394156025 size: 352.9609375
1271000 : 4.495056199083557 size: 353.25
1272000 : 4.737850298682015 size: 353.57421875
1273000 : 4.5087707835939606 size: 353.859375
1274000 : 4.642107556946689 size: 354.07421875
1275000 : 4.681016223947288 size: 354.2890625
1276000 : 4.443821535495621 size: 354.6953125
1277000 : 4.673900269785188 size: 354.9921875
1278000 : 4.448558281665685 size: 355.21875
1279000 : 4.406697016515073 size: 355.42578125
1280000 : 4.537841011069301 size: 355.77734375
1281000 : 4.521357161914704 size: 356.04296875
1282000 : 4.478333638009563 size: 356.26953125
1283000 : 4.521006661272246 size: 356.5
1284000 : 4.244159308872348 size: 356.93359375
1285000 : 4.579191831712151 size: 357.19140625
1286000 : 4.432536377911305 size: 357.453125
1287000 : 4.49435107021502 size: 357.6640625
1288000 : 4.451471323805999 size: 358.0
1289000 : 4.333564145958078 size: 358.234375
1290000 : 4.434875341963039 size: 358.4765625
1291000 : 4.535605924538688 size: 358.7109375
1292000 : 4.578148240986716 size: 359.0703125
1293000 : 4.46992747000069 size: 359.35546875
1294000 : 4.598056264719991 size: 359.59375
1295000 : 4.561448725587937 size: 359.8515625
1296000 : 4.654873141189632 size: 360.21484375
1297000 : 4.5196645086649125 size: 360.4765625
1298000 : 4.609863905597628 size: 360.68359375
1299000 : 4.454856974270884 size: 360.91796875
1300000 : 4.575719845956533 size: 361.31640625
1301000 : 4.5441434872928195 size: 361.578125
1302000 : 4.474850645364289 size: 361.8046875
1303000 : 4.586780738164124 size: 362.0234375
1304000 : 4.595829089391318 size: 362.3828125
1305000 : 4.4819363305798365 size: 362.66015625
1306000 : 4.611848585388585 size: 362.9140625
1307000 : 4.386620449783952 size: 363.17578125
1308000 : 4.487012570502703 size: 363.53125
1309000 : 4.642960590894969 size: 363.80859375
1310000 : 4.4196944333713795 size: 364.05078125
1311000 : 4.614721039623295 size: 364.23828125
1312000 : 4.568240664435812 size: 364.55859375
1313000 : 4.56656211376339 size: 364.8828125
1314000 : 4.393751538419328 size: 365.125
1315000 : 4.376080321043174 size: 365.38671875
1316000 : 4.479546459663447 size: 365.70703125
1317000 : 4.479946491309354 size: 365.94140625
1318000 : 4.512871537921133 size: 366.1875
1319000 : 4.659564483939867 size: 366.4453125
1320000 : 4.522304442355657 size: 366.84765625
1321000 : 4.491484807355739 size: 367.16015625
1322000 : 4.47656909601171 size: 367.390625
1323000 : 4.45865538309784 size: 367.578125
1324000 : 4.3666935079590825 size: 367.84375
1325000 : 4.588856224794736 size: 368.1640625
1326000 : 4.570416244969226 size: 368.41015625
1327000 : 4.583291898108721 size: 368.6875
1328000 : 4.466504327317916 size: 368.99609375
1329000 : 4.401419556890697 size: 369.33203125
1330000 : 4.3859287355621825 size: 369.57421875
1331000 : 4.367511457446586 size: 369.8203125
1332000 : 4.44356218565812 size: 370.09765625
1333000 : 4.4495633482773265 size: 370.38671875
1334000 : 4.523436088198334 size: 370.6015625
1335000 : 4.475825443029379 size: 370.87109375
1336000 : 4.373150424603075 size: 371.09375
1337000 : 4.505112024679505 size: 371.484375
1338000 : 4.371050172470739 size: 371.7734375
1339000 : 4.641844423490869 size: 371.9921875
1340000 : 4.61562498043623 size: 372.203125
1341000 : 4.381225010061084 size: 372.5703125
1342000 : 4.487153596276411 size: 372.8203125
1343000 : 4.531857734645784 size: 373.0546875
1344000 : 4.412716409295272 size: 373.26171875
1345000 : 4.5816030284772475 size: 373.6484375
1346000 : 4.453257191652558 size: 373.953125
1347000 : 4.551581392977335 size: 374.203125
1348000 : 4.49566467370231 size: 374.39453125
1349000 : 4.434125153639976 size: 374.765625
1350000 : 4.6286124222987866 size: 375.015625
1351000 : 4.477378102401369 size: 375.2734375
1352000 : 4.643414969058548 size: 375.51953125
1353000 : 4.544699335220408 size: 375.90234375
1354000 : 4.782289583769059 size: 376.1484375
1355000 : 4.683212442398806 size: 376.41015625
1356000 : 4.605027753455366 size: 376.6328125
1357000 : 4.639750362733963 size: 376.98828125
1358000 : 4.816097589310369 size: 377.2578125
1359000 : 4.626583714949208 size: 377.51953125
1360000 : 4.6676751857545575 size: 377.7578125
1361000 : 4.553190462658807 size: 378.125
1362000 : 4.422474016974624 size: 378.40234375
1363000 : 4.557628302981671 size: 378.6171875
1364000 : 4.5389857275934435 size: 378.85546875
1365000 : 4.554168699976914 size: 379.25390625
1366000 : 4.5387697173839605 size: 379.484375
1367000 : 4.569279439647023 size: 379.6796875
1368000 : 4.54610099382494 size: 379.99609375
1369000 : 4.580811908283279 size: 380.33984375
1370000 : 4.469988695824397 size: 380.6328125
1371000 : 4.633039599697296 size: 380.86328125
1372000 : 4.677039297128736 size: 381.05078125
1373000 : 4.535725968428991 size: 381.4140625
1374000 : 4.495215455018256 size: 381.6640625
1375000 : 4.604092167834672 size: 381.94140625
1376000 : 4.6600852474066805 size: 382.21484375
1377000 : 4.422475048870529 size: 382.53125
1378000 : 4.4010993251947905 size: 382.78125
1379000 : 4.475024691806962 size: 383.0234375
1380000 : 4.528399507502234 size: 383.27734375
1381000 : 4.4044209981135545 size: 383.6015625
1382000 : 4.365761018026104 size: 383.88671875
1383000 : 4.610759935208623 size: 384.15625
1384000 : 4.554173515491138 size: 384.38671875
1385000 : 4.479877698249009 size: 384.69921875
1386000 : 4.433005546582859 size: 384.99609375
1387000 : 4.505646546758387 size: 385.2421875
1388000 : 4.575832666575499 size: 385.48046875
1389000 : 4.615394523684074 size: 385.765625
1390000 : 4.541045735785478 size: 386.05859375
1391000 : 4.570628127595088 size: 386.3359375
1392000 : 4.611596802787722 size: 386.5625
1393000 : 4.5314019806209975 size: 386.875
1394000 : 4.271662774398329 size: 387.1875
1395000 : 4.555349532857739 size: 387.46484375
1396000 : 4.420071075376769 size: 387.73046875
1397000 : 4.578963094786504 size: 388.03125
1398000 : 4.510354399843106 size: 388.3046875
1399000 : 4.456150971735975 size: 388.5390625
1400000 : 4.478981324672712 size: 388.796875
1401000 : 4.54813417272344 size: 389.05078125
1402000 : 4.379057340729609 size: 389.35546875
1403000 : 4.456098689010114 size: 389.66015625
1404000 : 4.386648998903996 size: 389.92578125
1405000 : 4.527033621289082 size: 390.13671875
1406000 : 4.461856324195699 size: 390.5078125
1407000 : 4.4310982589847905 size: 390.78125
1408000 : 4.326197785056322 size: 391.046875
1409000 : 4.390505881832245 size: 391.234375
1410000 : 4.393642157453379 size: 391.5546875
1411000 : 4.4438180958426035 size: 391.80859375
1412000 : 4.4029539861016955 size: 392.0390625
1413000 : 4.447249493692619 size: 392.3046875
1414000 : 4.371563024735612 size: 392.69921875
1415000 : 4.764016083149584 size: 392.94921875
1416000 : 4.521026267294444 size: 393.22265625
1417000 : 4.656251410153646 size: 393.421875
1418000 : 4.61631256707438 size: 393.77734375
1419000 : 4.478671411935857 size: 394.01171875
1420000 : 4.668456330954776 size: 394.25
1421000 : 4.56229247247307 size: 394.5390625
1422000 : 4.585678329372093 size: 394.87109375
1423000 : 4.442640358649495 size: 395.1640625
1424000 : 4.525841437553301 size: 395.38671875
1425000 : 4.4776123427718435 size: 395.65625
1426000 : 4.516965756907574 size: 395.9921875
1427000 : 4.460484934537718 size: 396.2265625
1428000 : 4.580338268062802 size: 396.51953125
1429000 : 4.569870372035387 size: 396.70703125
1430000 : 4.46910023345004 size: 397.05859375
1431000 : 4.41290937382954 size: 397.34765625
1432000 : 4.470033755278923 size: 397.58203125
1433000 : 4.500610550775822 size: 397.87890625
1434000 : 4.534656580305925 size: 398.24609375
1435000 : 4.389605036707025 size: 398.5
1436000 : 4.489759477402284 size: 398.7578125
1437000 : 4.50565927347455 size: 398.9375
1438000 : 4.576834981464727 size: 399.2578125
1439000 : 4.458708009789004 size: 399.51953125
1440000 : 4.367936598559519 size: 399.78515625
1441000 : 4.445366627630972 size: 400.046875
1442000 : 4.4185479970207275 size: 400.37109375
1443000 : 4.396449602246063 size: 400.65625
1444000 : 4.4905464700126325 size: 400.90234375
1445000 : 4.356296468783822 size: 401.08984375
1446000 : 4.364479747277176 size: 401.41015625
1447000 : 4.477076100866453 size: 401.6796875
1448000 : 4.441467093005309 size: 401.984375
1449000 : 4.43252330722984 size: 402.171875
1450000 : 4.45605018990257 size: 402.4921875
1451000 : 4.3666223071416255 size: 402.74609375
1452000 : 4.429664611607198 size: 402.9921875
1453000 : 4.400322651543494 size: 403.28515625
1454000 : 4.47063500662634 size: 403.6171875
1455000 : 4.380317629595132 size: 403.890625
1456000 : 4.403486100423464 size: 404.15625
1457000 : 4.515464004400239 size: 404.3984375
1458000 : 4.587101313825332 size: 404.703125
1459000 : 4.5577913425346885 size: 404.96875
1460000 : 4.61077919726552 size: 405.22265625
1461000 : 4.57585674414662 size: 405.48046875
1462000 : 4.478094926090165 size: 405.80078125
1463000 : 4.497200478774515 size: 406.06640625
1464000 : 4.6891444679923655 size: 406.328125
1465000 : 4.596982405048004 size: 406.6328125
1466000 : 4.38253173424234 size: 406.92578125
1467000 : 4.360838186627807 size: 407.2265625
1468000 : 4.431424338090826 size: 407.4609375
1469000 : 4.694137124346913 size: 407.70703125
1470000 : 4.581094303795996 size: 407.9609375
1471000 : 4.500586473204701 size: 408.265625
1472000 : 4.535792009766921 size: 408.5546875
1473000 : 4.5147289505504515 size: 408.81640625
1474000 : 4.546609030575588 size: 409.046875
1475000 : 4.398110954653398 size: 409.4140625
1476000 : 4.373188260786265 size: 409.6875
1477000 : 4.5083621528155104 size: 409.87890625
1478000 : 4.440567967706598 size: 410.1015625
1479000 : 4.622083960872034 size: 410.48828125
1480000 : 4.5431642180788065 size: 410.7890625
1481000 : 4.347844209424519 size: 411.05078125
1482000 : 4.353612163569156 size: 411.28515625
1483000 : 4.3411417015550935 size: 411.56640625
1484000 : 4.334072182708726 size: 411.8046875
1485000 : 4.42872008288866 size: 412.12890625
1486000 : 4.635434286127911 size: 412.35546875
1487000 : 4.522154473484104 size: 412.71875
1488000 : 4.412054620054752 size: 412.94140625
1489000 : 4.538493857211976 size: 413.21484375
1490000 : 4.494309794378812 size: 413.4296875
1491000 : 4.58448167408739 size: 413.80078125
1492000 : 4.493606729302085 size: 414.07421875
1493000 : 4.57023979076944 size: 414.29296875
1494000 : 4.5389826319057285 size: 414.51171875
1495000 : 4.435844636183302 size: 414.8203125
1496000 : 4.577366063890592 size: 415.16015625
1497000 : 4.448724416906418 size: 415.4453125
1498000 : 4.441653866164146 size: 415.66796875
1499000 : 4.4486924281333575 size: 415.984375
1500000 : 4.552981675720659 size: 416.27734375
1501000 : 4.567181595271798 size: 416.49609375
1502000 : 4.455758851292009 size: 416.75
1503000 : 4.503024843228634 size: 417.078125
1504000 : 4.636114649494724 size: 417.37109375
1505000 : 4.440309993730304 size: 417.62109375
1506000 : 4.4692498583562905 size: 417.88671875
1507000 : 4.511597490443542 size: 418.19921875
1508000 : 4.4242065701994155 size: 418.48046875
1509000 : 4.6457019943497215 size: 418.69921875
1510000 : 4.484998309695798 size: 418.9453125
1511000 : 4.553895247562043 size: 419.26953125
1512000 : 4.573035540741866 size: 419.56640625
1513000 : 4.389755005578578 size: 419.80078125
1514000 : 4.685258004048168 size: 420.03125
1515000 : 4.520586679638839 size: 420.3359375
1516000 : 4.56066586056121 size: 420.6875
1517000 : 4.651503657093928 size: 420.9765625
1518000 : 4.765070336799373 size: 421.16796875
1519000 : 4.561653728907766 size: 421.46484375
1520000 : 4.605491418682092 size: 421.7890625
1521000 : 4.588929489404004 size: 422.05078125
1522000 : 4.41912448286642 size: 422.26953125
1523000 : 4.730857828063234 size: 422.60546875
1524000 : 4.415908407295285 size: 422.890625
1525000 : 4.522294467361907 size: 423.140625
1526000 : 4.524240279073768 size: 423.39453125
1527000 : 4.4991910059756 size: 423.70703125
1528000 : 4.546099617963733 size: 424.01171875
1529000 : 4.297363173812664 size: 424.25
1530000 : 4.385638772812827 size: 424.5
1531000 : 4.475801365458258 size: 424.765625
1532000 : 4.475529632869895 size: 425.06640625
1533000 : 4.510957371017031 size: 425.328125
1534000 : 4.436797420069082 size: 425.5703125
1535000 : 4.751239835982288 size: 425.8359375
1536000 : 4.503796013435103 size: 426.15625
1537000 : 4.502973592398677 size: 426.44921875
1538000 : 4.442936856739583 size: 426.67578125
1539000 : 4.435790977596233 size: 426.90625
1540000 : 4.386750812633307 size: 427.2578125
1541000 : 4.383000214983291 size: 427.546875
1542000 : 4.344156557424718 size: 427.75390625
1543000 : 4.459211231025429 size: 428.0
1544000 : 4.492346440436562 size: 428.36328125
1545000 : 4.577943237666887 size: 428.609375
1546000 : 4.62152088967311 size: 428.8359375
1547000 : 4.496638439471495 size: 429.109375
1548000 : 4.418238772214476 size: 429.5078125
1549000 : 4.654503378490277 size: 429.7109375
1550000 : 4.563235969295704 size: 430.0078125
1551000 : 4.453803408551698 size: 430.2265625
1552000 : 4.405105145098688 size: 430.57421875
1553000 : 4.395704229437224 size: 430.8828125
1554000 : 4.642761778950572 size: 431.07421875
1555000 : 4.4863741709027005 size: 431.3046875
1556000 : 4.485453719755283 size: 431.63671875
1557000 : 4.539800581393232 size: 431.890625
1558000 : 4.337839978623829 size: 432.171875
1559000 : 4.537341917416497 size: 432.37890625
1560000 : 4.3320307486429845 size: 432.7734375
1561000 : 4.568321840247019 size: 433.05859375
1562000 : 4.438510023306374 size: 433.31640625
1563000 : 4.623898721803939 size: 433.546875
1564000 : 4.599785378291766 size: 433.828125
1565000 : 4.657148471660547 size: 434.08203125
1566000 : 4.567524184712317 size: 434.33984375
1567000 : 4.413898618037303 size: 434.63671875
1568000 : 4.565716303086447 size: 435.015625
1569000 : 4.498145351458355 size: 435.2265625
1570000 : 4.439416371876421 size: 435.4609375
1571000 : 4.323317419619672 size: 435.66015625
1572000 : 4.489315074232454 size: 436.0
1573000 : 4.491141186019316 size: 436.26953125
1574000 : 4.359956259594183 size: 436.5625
1575000 : 4.460028836547631 size: 436.79296875
1576000 : 4.374210869628295 size: 437.140625
1577000 : 4.54699392774822 size: 437.359375
1578000 : 4.408908025474566 size: 437.6015625
1579000 : 4.392647409800789 size: 437.828125
1580000 : 4.597878778624301 size: 438.1875
1581000 : 4.371409616211042 size: 438.45703125
1582000 : 4.587035272487401 size: 438.74609375
1583000 : 4.659237716903228 size: 438.9609375
1584000 : 4.413071037521351 size: 439.265625
1585000 : 4.554389181735321 size: 439.5546875
1586000 : 4.592269736449061 size: 439.81640625
1587000 : 4.52337555030523 size: 440.078125
1588000 : 4.57285874257678 size: 440.38671875
1589000 : 4.523334618434325 size: 440.66015625
1590000 : 4.414724478726746 size: 440.96484375
1591000 : 4.3537322074594575 size: 441.15625
1592000 : 4.435101327166273 size: 441.4296875
1593000 : 4.53822350048482 size: 441.7109375
1594000 : 4.519621513002197 size: 442.0
1595000 : 4.378799022788014 size: 442.27734375
1596000 : 4.3883911831572355 size: 442.55859375
1597000 : 4.561238906753885 size: 442.8359375
1598000 : 4.383526137929628 size: 443.10546875
1599000 : 4.4739601191981215 size: 443.33203125
1600000 : 4.578121755658483 size: 443.59375
1601000 : 4.451477171216128 size: 443.9453125
1602000 : 4.406889637084039 size: 444.20703125
1603000 : 4.539136040430298 size: 444.4609375
1604000 : 4.355171014316576 size: 444.69140625
1605000 : 4.70971806458448 size: 445.046875
1606000 : 4.438793794680297 size: 445.3046875
1607000 : 4.704072218121956 size: 445.55859375
1608000 : 4.499974902898233 size: 445.81640625
1609000 : 4.647378481230333 size: 446.15625
1610000 : 4.482258626067553 size: 446.4296875
1611000 : 4.52494024846278 size: 446.671875
1612000 : 4.686481488626406 size: 446.87109375
1613000 : 4.5243159514401485 size: 447.25390625
1614000 : 4.471533443994447 size: 447.5234375
1615000 : 4.640903678390649 size: 447.7890625
1616000 : 4.536882723738693 size: 448.06640625
1617000 : 4.643557370693463 size: 448.3984375
1618000 : 4.39000059680401 size: 448.6171875
1619000 : 4.619371106537324 size: 448.87890625
1620000 : 4.60213225354544 size: 449.12109375
1621000 : 4.711033731863581 size: 449.46875
1622000 : 4.814050307834497 size: 449.73828125
1623000 : 4.592296221777294 size: 449.98828125
1624000 : 4.57440968212226 size: 450.2734375
1625000 : 4.591224425897117 size: 450.625
1626000 : 4.649809627982929 size: 450.87890625
1627000 : 4.37644217254059 size: 451.125
1628000 : 4.541029225450996 size: 451.37890625
1629000 : 4.366054076463175 size: 451.6796875
1630000 : 4.68805306608999 size: 451.93359375
1631000 : 4.5270769609171 size: 452.2421875
1632000 : 4.703438634036178 size: 452.50390625
1633000 : 4.572804052093805 size: 452.8046875
1634000 : 4.476607964090805 size: 453.09375
1635000 : 4.707079850720245 size: 453.39453125
1636000 : 4.598885565062451 size: 453.6171875
1637000 : 4.518272137123527 size: 453.8984375
1638000 : 4.438552331038486 size: 454.15234375
1639000 : 4.567616367413179 size: 454.47265625
1640000 : 4.752875047026691 size: 454.69921875
1641000 : 4.521912665876991 size: 455.01953125
1642000 : 4.565957422762956 size: 455.30078125
1643000 : 4.333477466702043 size: 455.5546875
1644000 : 4.518716540293357 size: 455.8203125
1645000 : 4.609778946168102 size: 456.171875
1646000 : 4.5972132057654616 size: 456.40234375
1647000 : 4.4957135167751545 size: 456.66796875
1648000 : 4.495206167955109 size: 456.87890625
1649000 : 4.619510412484523 size: 457.1875
1650000 : 4.530386939015605 size: 457.5
1651000 : 4.17776334271495 size: 457.828125
1652000 : 4.340569343293022 size: 458.0
1653000 : 4.238001642040857 size: 458.3046875
1654000 : 4.536920559921883 size: 458.58203125
1655000 : 4.5530501248157025 size: 458.87109375
1656000 : 4.601347324726902 size: 459.09375
1657000 : 4.427251351050291 size: 459.3828125
1658000 : 4.394823334299505 size: 459.671875
1659000 : 4.357671986025423 size: 459.94921875
1660000 : 4.437031316474256 size: 460.19140625
1661000 : 4.576401585184553 size: 460.46875
1662000 : 4.450982549112246 size: 460.765625
1663000 : 4.541372502822118 size: 461.0234375
1664000 : 4.552207409826475 size: 461.296875
1665000 : 4.524384744500494 size: 461.5546875
1666000 : 4.718326140225465 size: 461.83203125
1667000 : 4.466629530687745 size: 462.10546875
1668000 : 4.337697233023612 size: 462.37109375
1669000 : 4.427080056330031 size: 462.59765625
1670000 : 4.57534251602054 size: 462.9609375
1671000 : 4.481185798291471 size: 463.28125
1672000 : 4.490179115070389 size: 463.52734375
1673000 : 4.739047985862624 size: 463.7890625
1674000 : 4.728864205174433 size: 464.1171875
1675000 : 4.755955600268946 size: 464.3984375
1676000 : 4.697139253500374 size: 464.62890625
1677000 : 4.575311559143385 size: 464.87109375
1678000 : 4.668858082427192 size: 465.19921875
1679000 : 4.669527094939048 size: 465.46875
1680000 : 4.751211286862245 size: 465.71875
1681000 : 4.3874893061361115 size: 465.94921875
1682000 : 4.568300858363613 size: 466.33984375
1683000 : 4.479771412970775 size: 466.58984375
1684000 : 4.60507040515278 size: 466.8671875
1685000 : 4.641607775363282 size: 467.09375
1686000 : 4.584908878992133 size: 467.40625
1687000 : 4.446310812384209 size: 467.64453125
1688000 : 4.417331735713826 size: 467.921875
1689000 : 4.451523606531861 size: 468.19140625
1690000 : 4.559182338214867 size: 468.515625
1691000 : 4.421156629869015 size: 468.7421875
1692000 : 4.622659070856519 size: 469.03515625
1693000 : 4.440979350207462 size: 469.296875
1694000 : 4.463079808773936 size: 469.62109375
1695000 : 4.635784442805067 size: 469.8671875
1696000 : 4.413542269984715 size: 470.19921875
1697000 : 4.386796903983738 size: 470.37890625
1698000 : 4.4723709995041485 size: 470.6796875
1699000 : 4.321587618117293 size: 470.93359375
1700000 : 4.3835268258602325 size: 471.19921875
1701000 : 4.5006545783344425 size: 471.44140625
1702000 : 4.473910244229371 size: 471.7734375
1703000 : 4.538057021278785 size: 472.05078125
1704000 : 4.562730340302167 size: 472.3046875
1705000 : 4.66008111982306 size: 472.6015625
1706000 : 4.62593224466774 size: 472.859375
1707000 : 4.6663622701978715 size: 473.15625
1708000 : 4.352989586373032 size: 473.4375
1709000 : 4.511120066604747 size: 473.69921875
1710000 : 4.631520992890178 size: 474.01171875
1711000 : 4.378459529035211 size: 474.29296875
1712000 : 4.502722497728417 size: 474.5546875
1713000 : 4.55927658470754 size: 474.796875
1714000 : 4.551966634115267 size: 475.0703125
1715000 : 4.468691258706288 size: 475.34765625
1716000 : 4.4399863223813805 size: 475.640625
1717000 : 4.633298949534798 size: 475.91796875
1718000 : 4.495037280991962 size: 476.22265625
1719000 : 4.42266663754359 size: 476.48046875
1720000 : 4.636629221586105 size: 476.6953125
1721000 : 4.474608149826572 size: 476.98046875
1722000 : 4.511748147245697 size: 477.26171875
1723000 : 4.422920139970962 size: 477.54296875
1724000 : 4.4446656263460556 size: 477.8828125
1725000 : 4.571276502188842 size: 478.10546875
1726000 : 4.539618279783317 size: 478.37890625
1727000 : 4.643601054286782 size: 478.67578125
1728000 : 4.533296541502902 size: 478.9609375
1729000 : 4.4587888416349095 size: 479.2109375
1730000 : 4.640454803671898 size: 479.4921875
1731000 : 4.460696129232978 size: 479.828125
1732000 : 4.4665806876149 size: 480.03515625
1733000 : 4.833412802599236 size: 480.3046875
1734000 : 4.557116826578005 size: 480.51953125
1735000 : 4.36063146348147 size: 480.87109375
1736000 : 4.5114406422659545 size: 481.1484375
1737000 : 4.531833657074663 size: 481.43359375
1738000 : 4.575075598946401 size: 481.7109375
1739000 : 4.630083905859569 size: 481.99609375
1740000 : 4.5455840139764465 size: 482.25
1741000 : 4.525914702162569 size: 482.50390625
1742000 : 4.501542696743498 size: 482.76953125
1743000 : 4.697947915924731 size: 483.1328125
1744000 : 4.453027422831005 size: 483.39453125
1745000 : 4.536513992935244 size: 483.66015625
1746000 : 4.449350089790257 size: 483.8515625
1747000 : 4.642772785840227 size: 484.21875
1748000 : 4.732348917646215 size: 484.4375
1749000 : 4.57531259103929 size: 484.75
1750000 : 4.473881695109328 size: 485.01171875
1751000 : 4.4971100159001605 size: 485.34765625
1752000 : 4.5916344325367735 size: 485.62890625
1753000 : 4.488159006853355 size: 485.8046875
1754000 : 4.564628684802391 size: 486.046875
1755000 : 4.5084278501881405 size: 486.3984375
1756000 : 4.615520758949808 size: 486.671875
1757000 : 4.546682295184857 size: 486.95703125
1758000 : 4.694887656635278 size: 487.23046875
1759000 : 4.551383612928842 size: 487.60546875
1760000 : 4.7090043365834 size: 487.828125
1761000 : 4.552917354209237 size: 488.03125
1762000 : 4.583770353843421 size: 488.24609375
1763000 : 4.527735654469904 size: 488.68359375
1764000 : 4.676944018740158 size: 488.91015625
1765000 : 4.456819296317229 size: 489.1953125
1766000 : 4.701972997885524 size: 489.421875
1767000 : 4.49567464869606 size: 489.734375
1768000 : 4.435765524163905 size: 489.9921875
1769000 : 4.673894078409757 size: 490.28515625
1770000 : 4.542978132850573 size: 490.515625
1771000 : 4.4120890165849245 size: 490.890625
1772000 : 4.521823922829146 size: 491.09375
1773000 : 4.610785732606253 size: 491.34375
1774000 : 4.449391021661162 size: 491.5859375
1775000 : 4.633876467276395 size: 491.92578125
1776000 : 4.568646543491847 size: 492.22265625
1777000 : 4.337042323089127 size: 492.484375
1778000 : 4.498867334626676 size: 492.7265625
1779000 : 4.570777752501339 size: 493.0234375
1780000 : 4.462811171873288 size: 493.25
1781000 : 4.501596355330568 size: 493.5
1782000 : 4.57841618995676 size: 493.7890625
1783000 : 4.442711903432254 size: 494.125
1784000 : 4.4051663709223945 size: 494.375
1785000 : 4.485382518937826 size: 494.64453125
1786000 : 4.710679103637501 size: 494.8984375
1787000 : 4.460791063656254 size: 495.20703125
1788000 : 4.591055194968668 size: 495.5
1789000 : 4.5788619689877965 size: 495.75
1790000 : 4.738010586512619 size: 496.0078125
1791000 : 4.410886513890091 size: 496.2578125
1792000 : 4.525686309202223 size: 496.54296875
1793000 : 4.655271796974332 size: 496.83984375
1794000 : 4.526572363819469 size: 497.1015625
1795000 : 4.529282122466463 size: 497.35546875
1796000 : 4.69799744692818 size: 497.65234375
1797000 : 4.457363449424559 size: 497.921875
1798000 : 4.568293291126976 size: 498.19140625
1799000 : 4.735493448434591 size: 498.4765625
1800000 : 4.639427035350342 size: 498.828125
1801000 : 4.447961157901888 size: 499.0625
1802000 : 4.559239436454954 size: 499.3671875
1803000 : 4.600982377541771 size: 499.6171875
1804000 : 4.695473085578815 size: 499.91796875
1805000 : 4.717319353787315 size: 500.18359375
1806000 : 4.597511079716756 size: 500.47265625
1807000 : 4.508927631771548 size: 500.69921875
1808000 : 4.663318177277599 size: 501.08984375
1809000 : 4.649290928307927 size: 501.33984375
1810000 : 4.5257774600071805 size: 501.57421875
1811000 : 4.518876140193358 size: 501.83984375
1812000 : 4.648936988012451 size: 502.1796875
1813000 : 4.658816359408615 size: 502.421875
1814000 : 4.754640964885751 size: 502.6875
1815000 : 4.554402596382088 size: 502.953125
1816000 : 4.584867947121228 size: 503.29296875
1817000 : 4.636560772491062 size: 503.49609375
1818000 : 4.752620856668716 size: 503.7734375
1819000 : 4.495291471349937 size: 504.07421875
1820000 : 4.579469411710644 size: 504.39453125
1821000 : 4.565174901701531 size: 504.64453125
1822000 : 4.469371966038403 size: 504.92578125
1823000 : 4.65798224355193 size: 505.1953125
1824000 : 4.409987732556682 size: 505.52734375
1825000 : 4.555291746687049 size: 505.7265625
1826000 : 4.8434717238829 size: 505.984375
1827000 : 4.557813356313999 size: 506.2421875
1828000 : 4.612285077356475 size: 506.6015625
1829000 : 4.6820918034457835 size: 506.87109375
1830000 : 4.795632341788298 size: 507.140625
1831000 : 4.6258923446927405 size: 507.41796875
1832000 : 4.40703135078835 size: 507.7109375
1833000 : 4.50196955768294 size: 507.97265625
1834000 : 4.701104829463969 size: 508.23828125
1835000 : 4.716153999345068 size: 508.51953125
1836000 : 4.428433559792322 size: 508.8359375
1837000 : 4.522370139728286 size: 509.046875
1838000 : 4.654196905406439 size: 509.33984375
1839000 : 4.533940444547732 size: 509.61328125
1840000 : 4.6386283479197346 size: 509.92578125
1841000 : 4.375831978095328 size: 510.19140625
1842000 : 4.44604389531007 size: 510.44140625
1843000 : 4.4421498641292345 size: 510.7265625
1844000 : 4.630231810939311 size: 511.05859375
1845000 : 4.3713287843651365 size: 511.28515625
1846000 : 4.525178960382178 size: 511.4921875
1847000 : 4.560776617388365 size: 511.7734375
1848000 : 4.521284585236041 size: 512.07421875
1849000 : 4.426980650357833 size: 512.35546875
1850000 : 4.50609576544244 size: 512.640625
1851000 : 4.521223359412333 size: 512.91015625
1852000 : 4.430634937723366 size: 513.24609375
1853000 : 4.581233953708496 size: 513.46875
1854000 : 4.431295351102679 size: 513.6953125
1855000 : 4.455739933200413 size: 513.97265625
1856000 : 4.678274132561931 size: 514.28125
1857000 : 4.480880013138237 size: 514.5859375
1858000 : 4.36654938649766 size: 514.84765625
1859000 : 4.57937894883629 size: 515.0859375
1860000 : 4.381745429562596 size: 515.35546875
1861000 : 4.491918547601216 size: 515.68359375
1862000 : 4.641403116008755 size: 515.90234375
1863000 : 4.5428639363704 size: 516.1796875
1864000 : 4.584129797583724 size: 516.4296875
1865000 : 4.581243928702246 size: 516.77734375
1866000 : 4.502263648015916 size: 517.01171875
1867000 : 4.566664959388606 size: 517.265625
1868000 : 4.504056395168509 size: 517.5078125
1869000 : 4.59142633352923 size: 517.8671875
1870000 : 4.51143169916811 size: 518.11328125
1871000 : 4.491819485594319 size: 518.37890625
1872000 : 4.512006121221992 size: 518.61328125
1873000 : 4.557772424443094 size: 519.00390625
1874000 : 4.3336037019677764 size: 519.203125
1875000 : 4.5425681262109165 size: 519.4453125
1876000 : 4.570888165363193 size: 519.70703125
1877000 : 4.474180944921829 size: 520.0
1878000 : 4.509902773401939 size: 520.2578125
1879000 : 4.515729545613172 size: 520.54296875
1880000 : 4.53816777810594 size: 520.859375
1881000 : 4.490993968870177 size: 521.2109375
1882000 : 4.467174027760376 size: 521.4765625
1883000 : 4.452978235792859 size: 521.65625
1884000 : 4.524611761599632 size: 521.90625
1885000 : 4.450165631520648 size: 522.2421875
1886000 : 4.453915885205363 size: 522.453125
1887000 : 4.558234713808613 size: 522.73046875
1888000 : 4.463347757743981 size: 523.0
1889000 : 4.202352734204712 size: 523.40234375
1890000 : 4.517590053930205 size: 523.625
1891000 : 4.43110617018673 size: 523.8515625
1892000 : 4.515438550967912 size: 524.1015625
1893000 : 4.565949167595715 size: 524.42578125
1894000 : 4.31542169611856 size: 524.703125
1895000 : 4.472593545054365 size: 524.9453125
1896000 : 4.449341834623016 size: 525.1875
1897000 : 4.470644981620089 size: 525.5546875
1898000 : 4.376174223570546 size: 525.8125
1899000 : 4.3985340319745205 size: 526.03125
1900000 : 4.381857562250958 size: 526.28515625
1901000 : 4.408802428126936 size: 526.58984375
1902000 : 4.608817219184477 size: 526.90625
1903000 : 4.433933564966915 size: 527.12109375
1904000 : 4.610626476671554 size: 527.375
1905000 : 4.48821197750982 size: 527.69921875
1906000 : 4.55920675975129 size: 528.0
1907000 : 4.476247488454597 size: 528.25
1908000 : 4.625677710344464 size: 528.5078125
1909000 : 4.747278387602314 size: 528.8125
1910000 : 4.500217398435949 size: 529.078125
1911000 : 4.5724339454291485 size: 529.33984375
1912000 : 4.553348686697601 size: 529.66796875
1913000 : 4.638016089682663 size: 529.9453125
1914000 : 4.499536347138533 size: 530.2578125
1915000 : 4.629663236295558 size: 530.421875
1916000 : 4.548270039017622 size: 530.640625
1917000 : 4.352773232198246 size: 530.98046875
1918000 : 4.492541124797339 size: 531.30078125
1919000 : 4.377005587704816 size: 531.546875
1920000 : 4.604384882306441 size: 531.8359375
1921000 : 4.407025159412919 size: 532.12890625
1922000 : 4.4933556346318255 size: 532.38671875
1923000 : 4.448087393167622 size: 532.6953125
1924000 : 4.636335475218432 size: 532.91796875
1925000 : 4.508666218142236 size: 533.2109375
1926000 : 4.534348387395579 size: 533.5
1927000 : 4.316986738241412 size: 533.78125
1928000 : 4.467612583520077 size: 534.03515625
1929000 : 4.551442774960739 size: 534.2890625
1930000 : 4.552533144967209 size: 534.65234375
1931000 : 4.525237434483471 size: 534.8828125
1932000 : 4.550041804286811 size: 535.1484375
1933000 : 4.43449285254752 size: 535.3984375
1934000 : 4.688312759892793 size: 535.7265625
1935000 : 4.524312855752433 size: 536.01171875
1936000 : 4.4035593650327325 size: 536.2578125
1937000 : 4.527114453134987 size: 536.46875
1938000 : 4.470573092872029 size: 536.85546875
1939000 : 4.589642529474481 size: 537.109375
1940000 : 4.472323876257812 size: 537.35546875
1941000 : 4.450869728493281 size: 537.61328125
1942000 : 4.522189901910182 size: 537.953125
1943000 : 4.428767206134996 size: 538.17578125
1944000 : 4.638623876370812 size: 538.453125
1945000 : 4.433517022986525 size: 538.7265625
1946000 : 4.53583156577662 size: 539.0703125
1947000 : 4.794665455325147 size: 539.3203125
1948000 : 4.554086492269802 size: 539.546875
1949000 : 4.730990598669701 size: 539.80859375
1950000 : 4.584356814682863 size: 540.11328125
1951000 : 4.469324498826765 size: 540.36328125
1952000 : 4.539417060081808 size: 540.6796875
1953000 : 4.438062180483527 size: 540.94140625
last series
Last encode part don't need inference.
541.9803619384766
35791.17694115639 
